cl_01_020_01.TXT,8,7.5,0.002551,OPT,37,0,0,AI,0,0,2,0.000148,0.002173,0,1,0,8,8
cl_01_020_02.TXT,6,6,2.5e-05,OPT,0,0,0,AI,0,1,1,0,0.000259999,0,1,0,0,0
cl_01_020_03.TXT,8,7.25,0.04474,OPT,38,0,0,AI,0,0.375,1.625,0.000239,0.043689,0,1,0,10,10
cl_01_020_04.TXT,7,6.3,0.0059,OPT,61,0,0,AI,0,0.285714,1.71429,0.000276,0.004377,0,1,0,17,17
cl_01_020_05.TXT,6,5.3125,0.010716,OPT,103,0,0,AI,0,0,3,0.000541,0.007821,0,1,0,27,27
cl_01_020_06.TXT,7,7,2.4e-05,OPT,0,0,0,AI,0,1,1,0,0.000266001,0,1,0,0,0
cl_01_020_07.TXT,7,6.53333,0.004604,OPT,55,0,0,AI,0,0.285714,2.42857,0.000224,0.003597,0,1,0,15,15
cl_01_020_08.TXT,7,6.28571,0.004554,OPT,48,0,0,AI,0,0.142857,2,0.000225,0.003516,0,1,0,16,16
cl_01_020_09.TXT,8,7.5,0.001642,OPT,25,0,0,AI,0,0.75,1.125,9.9e-05,0.001426,0,1,0,6,6
cl_01_020_10.TXT,6,5.95833,0.006978,OPT,61,0,0,AI,0,0,3,0.000302,0.005032,0,2,0,15,15
cl_01_040_01.TXT,12,11.95,0.007262,OPT,98,0,0,AI,0,0.25,2.5,0.000663,0.004841,0,2,0,10,10
cl_01_040_02.TXT,13,12.5,0.009734,OPT,145,0,0,AI,0,0.769231,1.15385,0.000676,0.006763,0,1,0,19,19
cl_01_040_03.TXT,13,13,0.011176,OPT,146,0,0,AI,0,1,1,0.00104,0.007896,0,1,0,18,18
cl_01_040_04.TXT,13,13,0.006713,OPT,92,0,0,AI,0,0.384615,2.15385,0.00049,0.004358,0,2,0,9,9
cl_01_040_05.TXT,13,12.75,0.007525,OPT,69,0,0,AI,0,0.0769231,2.23077,0.00044,0.005166,0,2,0,8,8
cl_01_040_06.TXT,14,13.5,0.006062,OPT,84,0,0,AI,0,0.642857,1.42857,0.00046,0.004431,0,1,0,13,13
cl_01_040_07.TXT,12,12,0.006688,OPT,74,0,0,AI,0,0.666667,1.33333,0.000628,0.00456,0,2,0,9,9
cl_01_040_08.TXT,16,15.25,0.005478,OPT,76,0,0,AI,0,0.6875,1.25,0.000506,0.004061,0,1,0,11,11
cl_01_040_09.TXT,13,12.931,0.009559,OPT,129,0,0,AI,0,0.307692,2.23077,0.000784,0.006664,0,1,0,18,18
cl_01_040_10.TXT,12,11.3545,0.009078,OPT,142,0,0,AI,0,0.0833333,2.5,0.000821,0.006235,0,1,0,18,18
cl_01_060_01.TXT,20,19.9231,0.022991,OPT,205,0,0,AI,0,0.25,2.2,0.001457,0.014935,0,2,0,22,22
cl_01_060_02.TXT,20,19.1875,0.017546,OPT,257,0,0,AI,0,0.25,2.2,0.001561,0.012347,0,1,0,22,22
cl_01_060_03.TXT,22,21.5,0.005811,OPT,101,0,0,AI,0,0.363636,1.81818,0.000613,0.004183,0,1,0,10,10
cl_01_060_04.TXT,21,21,0.006485,OPT,113,0,0,AI,0,0.333333,1.85714,0.000847,0.003998,0,1,0,11,11
cl_01_060_05.TXT,18,16.9925,0.098367,OPT,303,20,1,ANI,20,0.117647,2.94118,0.002392,0.068955,0,2,2,50,50
cl_01_060_06.TXT,20,19.8902,0.028617,OPT,233,0,0,AI,0,0.25,2.3,0.001455,0.019267,0,2,0,25,25
cl_01_060_07.TXT,17,16.9516,0.036065,OPT,281,0,0,AI,0,0,3.17647,0.001865,0.025744,0,2,0,22,22
cl_01_060_08.TXT,19,19,0.013332,OPT,183,0,0,AI,0,0.736842,1.42105,0.001373,0.009659,0,1,0,15,15
cl_01_060_09.TXT,20,19.5,0.012508,OPT,153,0,0,AI,0,0.55,1.5,0.001039,0.007657,0,2,0,17,17
cl_01_060_10.TXT,22,21.5,0.007364,OPT,130,0,0,AI,0,0.227273,1.95455,0.000884,0.005254,0,1,0,12,12
cl_01_080_01.TXT,27,26.25,0.021097,OPT,281,0,0,AI,0,0.259259,2.03704,0.002175,0.013948,0,1,0,22,22
cl_01_080_02.TXT,28,27.5,0.017802,OPT,287,0,0,AI,0,0.285714,1.85714,0.001455,0.012053,0,1,0,19,19
cl_01_080_03.TXT,27,26.5,0.01322,OPT,224,0,0,AI,0,0.0740741,2.48148,0.001712,0.009038,0,1,0,13,13
cl_01_080_04.TXT,28,27.5,0.022388,OPT,284,0,0,AI,0,0.25,1.75,0.001981,0.015416,0,1,0,24,24
cl_01_080_05.TXT,26,25.3365,0.066993,OPT,322,0,0,AI,0,0.153846,2.5,0.002797,0.057311,0,1,0,21,21
cl_01_080_06.TXT,26,25.6667,0.048985,OPT,268,0,0,AI,0,0.346154,1.88462,0.003187,0.035954,0,2,0,29,28
cl_01_080_07.TXT,29,28.5,0.013292,OPT,180,0,0,AI,0,0.344828,1.86207,0.001892,0.008982,0,1,0,14,14
cl_01_080_08.TXT,28,28,0.010299,OPT,142,0,0,AI,0,0.392857,1.82143,0.001173,0.00646,0,2,0,11,11
cl_01_080_09.TXT,27,27,0.0148,OPT,240,0,0,AI,0,0.777778,1.22222,0.001865,0.010269,0,1,0,14,14
cl_01_080_10.TXT,24,23.8983,0.12656,OPT,371,0,0,AI,0,0.0416667,3,0.00378,0.108011,0,2,0,24,24
cl_01_100_01.TXT,30,29.3875,0.040832,OPT,445,0,0,AI,0,0.333333,2.2,0.003855,0.03016,0,1,0,23,23
cl_01_100_02.TXT,32,31.9564,0.096932,OPT,427,0,0,AI,0,0.0625,2.6875,0.004136,0.072347,0,2,0,34,34
cl_01_100_03.TXT,29,28.1875,0.113968,OPT,677,0,0,AI,0,0.241379,2.51724,0.005798,0.080465,0,2,0,48,48
cl_01_100_04.TXT,32,31.4167,0.056759,OPT,429,0,0,AI,0,0.28125,2.03125,0.003872,0.038263,0,2,0,29,29
cl_01_100_05.TXT,33,32.75,0.031731,OPT,268,0,0,AI,0,0.212121,2.24242,0.002353,0.021164,0,2,0,19,19
cl_01_100_06.TXT,34,33.25,0.023737,OPT,327,0,0,AI,0,0.235294,1.97059,0.002732,0.016402,0,1,0,18,18
cl_01_100_07.TXT,31,30.8824,0.36783,OPT,660,100,10,AI,100,0.322581,2.19355,0.006201,0.286239,0,2,10,70,70
cl_01_100_08.TXT,31,30.0625,0.063093,OPT,508,0,0,AI,0,0.612903,1.64516,0.004729,0.049946,0,1,0,23,23
cl_01_100_09.TXT,30,29.9844,0.056167,OPT,402,0,0,AI,0,0.1,2.6,0.003428,0.040322,0,2,0,24,24
cl_01_100_10.TXT,33,33,0.050436,OPT,434,0,0,AI,0,0.212121,2.33333,0.003418,0.033357,0,2,0,31,30
cl_02_020_01.TXT,4,4,2.4e-05,OPT,0,0,0,AI,0,1,1,0,0.000247002,0,1,0,0,0
cl_02_020_02.TXT,3,3,2.5e-05,OPT,0,0,0,AI,0,1,1,0,0.000257,0,1,0,0,0
cl_02_020_03.TXT,4,4,2.5e-05,OPT,0,0,0,AI,0,1,1,0,0.000253003,0,1,0,0,0
cl_02_020_04.TXT,3,3,2.5e-05,OPT,0,0,0,AI,0,1,1,0,0.000252001,0,1,0,0,0
cl_02_020_05.TXT,3,3,3.5e-05,OPT,0,0,0,AI,0,1,1,0,0.000317,0,1,0,0,0
cl_02_020_06.TXT,3,3,0.003173,OPT,33,0,0,AI,0,1,1,0.000577,0.002243,0,1,0,8,8
cl_02_020_07.TXT,3,3,2.7e-05,OPT,0,0,0,AI,0,1,1,0,0.000268001,0,1,0,0,0
cl_02_020_08.TXT,3,3,0.002767,OPT,29,0,0,AI,0,1,1,0.000527,0.001969,0,1,0,7,7
cl_02_020_09.TXT,4,3.19444,0.008402,OPT,88,0,0,AI,0,0,4,0.000768,0.005986,0,1,0,22,22
cl_02_020_10.TXT,3,3,2.4e-05,OPT,0,0,0,AI,0,1,1,0,0.000251003,0,1,0,0,0
cl_02_040_01.TXT,6,6,2.8e-05,OPT,0,0,0,AI,0,1,1,0,0.000303999,0,1,0,0,0
cl_02_040_02.TXT,6,6,3e-05,OPT,0,0,0,AI,0,1,1,0,0.000298999,0,1,0,0,0
cl_02_040_03.TXT,6,6,4.7e-05,OPT,0,0,0,AI,0,1,1,0,0.000343002,0,1,0,0,0
cl_02_040_04.TXT,6,5.99383,0.020585,OPT,178,0,0,AI,0,0,4.33333,0.003632,0.012822,0,2,0,23,23
cl_02_040_05.TXT,6,6,2.4e-05,OPT,0,0,0,AI,0,1,1,0,0.000268001,0,1,0,0,0
cl_02_040_06.TXT,6,5.95956,0.019464,OPT,168,0,0,AI,0,0,5.83333,0.003306,0.011928,0,2,0,24,24
cl_02_040_07.TXT,6,6,2.6e-05,OPT,0,0,0,AI,0,1,1,0,0.000298001,0,1,0,0,0
cl_02_040_08.TXT,7,7,2.7e-05,OPT,0,0,0,AI,0,1,1,0,0.000321999,0,1,0,0,0
cl_02_040_09.TXT,6,5.95852,0.016421,OPT,152,0,0,AI,0,0,5.16667,0.002915,0.00998,0,2,0,21,21
cl_02_040_10.TXT,6,5.10811,0.028398,OPT,230,0,0,AI,0,0,5,0.004472,0.0185,0,1,0,35,35
cl_02_060_01.TXT,10,10,2.6e-05,OPT,0,0,0,AI,0,1,1,0,0.000321999,0,1,0,0,0
cl_02_060_02.TXT,9,8.96971,0.040253,OPT,270,0,0,AI,0,0,5.44444,0.006249,0.025848,0,2,0,35,35
cl_02_060_03.TXT,9,8.99584,0.083339,OPT,396,0,0,AI,0,0,5.77778,0.009461,0.06111,0,2,0,49,49
cl_02_060_04.TXT,9,8.98586,0.292006,OPT,632,60,1,AI,60,0,6.22222,0.017905,0.154734,0,2,1,99,99
cl_02_060_05.TXT,8,7.99529,0.036551,OPT,245,0,0,AI,0,0,6,0.007123,0.022438,0,2,0,29,29
cl_02_060_06.TXT,10,9.07895,0.202154,OPT,952,0,0,AI,0,0,5.6,0.014283,0.13516,0,1,0,114,114
cl_02_060_07.TXT,8,7.99858,0.056662,OPT,359,0,0,AI,0,0,6.125,0.009897,0.034944,0,2,0,52,52
cl_02_060_08.TXT,9,8.93776,0.01645,OPT,118,0,0,AI,0,0,4.11111,0.003699,0.009753,0,2,0,11,11
cl_02_060_09.TXT,9,8.98131,0.04791,OPT,309,0,0,AI,0,0,6.44444,0.007599,0.03094,0,2,0,42,42
cl_02_060_10.TXT,10,9.97068,0.060978,OPT,261,0,0,AI,0,0,5.6,0.006158,0.046794,0,2,0,28,28
cl_02_080_01.TXT,12,11.9612,0.071168,OPT,388,0,0,AI,0,0,5.66667,0.012101,0.047222,0,2,0,37,37
cl_02_080_02.TXT,13,12.9363,0.041868,OPT,320,0,0,AI,0,0,5.69231,0.006396,0.027612,0,2,0,26,26
cl_02_080_03.TXT,12,11.9856,0.409098,OPT,599,100,9,AI,100,0,6,0.016194,0.289588,0,2,9,88,88
cl_02_080_04.TXT,13,12.8639,0.033772,OPT,219,0,0,AI,0,0,5,0.006889,0.022051,0,2,0,15,15
cl_02_080_05.TXT,12,11.9686,0.074984,OPT,453,0,0,AI,0,0,5.16667,0.011773,0.047598,0,2,0,48,48
cl_02_080_06.TXT,12,11.9712,0.041969,OPT,354,0,0,AI,0,0,5.16667,0.007125,0.026239,0,2,0,52,52
cl_02_080_07.TXT,13,12.9461,0.04517,OPT,260,0,0,AI,0,0,5.07692,0.007269,0.029337,0,2,0,32,32
cl_02_080_08.TXT,12,12,5.34953,OPT,6772,0,0,AI,0,0,6.5,0.13398,2.75289,0,2,0,1060,1060
cl_02_080_09.TXT,13,12.974,0.084145,OPT,461,0,0,AI,0,0,4.69231,0.01143,0.055919,0,2,0,59,59
cl_02_080_10.TXT,12,11.0789,0.088529,OPT,507,0,0,AI,0,0.0833333,5.83333,0.013539,0.062421,0,1,0,40,40
cl_02_100_01.TXT,14,13.8872,0.087389,OPT,370,0,0,AI,0,0,4.57143,0.012394,0.062171,0,2,0,41,41
cl_02_100_02.TXT,15,14.9345,0.083857,OPT,382,0,0,AI,0,0,5.73333,0.012838,0.058247,0,2,0,23,23
cl_02_100_03.TXT,14,13.0718,0.234983,OPT,751,0,0,AI,0,0,6.64286,0.021195,0.187468,0,1,0,54,54
cl_02_100_04.TXT,15,14.9133,0.025743,OPT,203,0,0,AI,0,0,5.4,0.007428,0.015961,0,1,0,11,11
cl_02_100_05.TXT,16,15.0115,0.371731,OPT,1336,0,0,AI,0,0,5.0625,0.024427,0.275566,0,1,0,113,113
cl_02_100_06.TXT,16,15.9982,0.364126,OPT,577,100,9,AI,100,0,5,0.015646,0.255888,0,2,9,76,76
cl_02_100_07.TXT,15,14.996,0.073624,OPT,379,0,0,AI,0,0,5.06667,0.014494,0.046595,0,2,0,36,36
cl_02_100_08.TXT,14,14,1.4686,OPT,1766,122,10,AI,100,0.0714286,6.5,0.046266,1.0135,0,2,11,185,185
cl_02_100_09.TXT,14,13.9919,0.198148,OPT,736,0,0,AI,0,0,6.57143,0.028549,0.141809,0,2,0,76,76
cl_02_100_10.TXT,16,16,2.4e-05,OPT,0,0,0,AI,0,1,1,0,0.00065,0,1,0,0,0
cl_03_020_01.TXT,7,6.25,0.003602,OPT,53,0,0,AI,0,0,2.14286,0.000361,0.00281,0,1,0,9,9
cl_03_020_02.TXT,5,5,0.002465,OPT,27,0,0,AI,0,1,1,0.000392,0.001858,0,1,0,6,6
cl_03_020_03.TXT,7,6.2,0.002438,OPT,41,0,0,AI,0,0.142857,2.14286,0.000208,0.001917,0,1,0,7,7
cl_03_020_04.TXT,6,5.43478,0.008411,OPT,74,0,0,AI,0,0.166667,2.83333,0.000761,0.006289,0,1,0,18,18
cl_03_020_05.TXT,5,5,0.001597,OPT,22,0,0,AI,0,1,1,0.000247,0.00127,0,1,0,4,4
cl_03_020_06.TXT,6,5.41667,0.004478,OPT,59,0,0,AI,0,0,3,0.000491,0.003298,0,1,0,13,13
cl_03_020_07.TXT,6,5.125,0.003783,OPT,50,0,0,AI,0,0,2.83333,0.000354,0.002885,0,1,0,11,11
cl_03_020_08.TXT,6,5.12195,0.027575,OPT,83,0,0,AI,0,0,3.16667,0.000677,0.025454,0,1,0,17,17
cl_03_020_09.TXT,7,6.21053,0.003934,OPT,62,0,0,AI,0,0.142857,2.42857,0.000359,0.00297,0,1,0,11,11
cl_03_020_10.TXT,5,4.98016,0.005876,OPT,50,0,0,AI,0,0,4,0.00037,0.004322,0,2,0,10,10
cl_03_040_01.TXT,10,9.73684,0.009763,OPT,96,0,0,AI,0,0,3.5,0.001682,0.006345,0,2,0,10,10
cl_03_040_02.TXT,11,10.9375,0.033763,OPT,113,0,0,AI,0,0,2.45455,0.002077,0.028154,0,2,0,11,11
cl_03_040_03.TXT,11,11,0.014331,OPT,113,0,0,AI,0,0,2.63636,0.001632,0.009736,0,2,0,12,12
cl_03_040_04.TXT,11,10.9394,0.013622,OPT,120,0,0,AI,0,0,2.90909,0.001637,0.008838,0,2,0,12,12
cl_03_040_05.TXT,11,10.8083,0.005283,OPT,64,0,0,AI,0,0,3.18182,0.000848,0.0035,0,2,0,6,6
cl_03_040_06.TXT,12,11.5,0.005757,OPT,78,0,0,AI,0,0.0833333,2.41667,0.001143,0.003873,0,1,0,8,8
cl_03_040_07.TXT,10,9.9702,0.01135,OPT,105,0,0,AI,0,0,3.8,0.001549,0.007476,0,2,0,11,11
cl_03_040_08.TXT,13,13,0.009034,OPT,86,0,0,AI,0,0.230769,1.92308,0.000808,0.006055,0,2,0,11,11
cl_03_040_09.TXT,11,10.787,0.016067,OPT,159,0,0,AI,0,0.181818,2.81818,0.002035,0.010185,0,2,0,21,21
cl_03_040_10.TXT,10,9.3039,0.01472,OPT,157,0,0,AI,0,0,3.6,0.002248,0.009857,0,1,0,22,22
cl_03_060_01.TXT,17,16.9104,0.022627,OPT,162,0,0,AI,0,0.0588235,2.94118,0.003491,0.014567,0,2,0,14,14
cl_03_060_02.TXT,16,15.5831,0.069776,OPT,302,0,0,AI,0,0.125,3.125,0.004741,0.054077,0,2,0,32,32
cl_03_060_03.TXT,17,16.9826,0.037042,OPT,285,0,0,AI,0,0.0588235,3,0.002692,0.025228,0,2,0,30,30
cl_03_060_04.TXT,17,17,0.053107,OPT,247,0,0,AI,0,0,2.94118,0.005238,0.041054,0,2,0,23,23
cl_03_060_05.TXT,14,13.9715,0.052381,OPT,301,0,0,AI,0,0,4,0.004413,0.036401,0,2,0,36,36
cl_03_060_06.TXT,17,16.7333,0.02978,OPT,264,0,0,AI,0,0.176471,2.76471,0.003139,0.019276,0,2,0,22,22
cl_03_060_07.TXT,15,15,4.8e-05,OPT,0,0,0,AI,0,1,1,0,0.000567999,0,1,0,0,0
cl_03_060_08.TXT,16,15.9912,0.040534,OPT,294,0,0,AI,0,0,3.375,0.004481,0.028151,0,2,0,24,24
cl_03_060_09.TXT,16,15.9737,0.043087,OPT,296,0,0,AI,0,0.0625,3.125,0.004966,0.028732,0,2,0,38,38
cl_03_060_10.TXT,19,19,0.012374,OPT,148,0,0,AI,0,0.526316,1.84211,0.00185,0.007432,0,2,0,15,14
cl_03_080_01.TXT,22,21.9413,0.056997,OPT,405,0,0,AI,0,0,3.13636,0.007854,0.037434,0,2,0,32,32
cl_03_080_02.TXT,23,22.989,0.089833,OPT,489,0,0,AI,0,0.0869565,3.26087,0.006534,0.064775,0,2,0,39,39
cl_03_080_03.TXT,22,21.9098,0.049171,OPT,309,0,0,AI,0,0,3.27273,0.00579,0.033578,0,2,0,21,21
cl_03_080_04.TXT,23,22.9885,0.132241,OPT,458,0,0,AI,0,0.0434783,3.17391,0.008693,0.10008,0,2,0,50,50
cl_03_080_05.TXT,21,20.9779,0.073646,OPT,470,0,0,AI,0,0.142857,3.19048,0.008681,0.050076,0,2,0,36,36
cl_03_080_06.TXT,22,21.9542,0.044118,OPT,290,0,0,AI,0,0.0454545,2.95455,0.006638,0.028909,0,2,0,21,21
cl_03_080_07.TXT,23,22.9918,0.234657,OPT,556,0,0,AI,0,0,3.13043,0.007941,0.182095,0,2,0,62,62
cl_03_080_08.TXT,23,22.2187,0.052936,OPT,482,0,0,AI,0,0.130435,2.91304,0.007989,0.036418,0,1,0,28,28
cl_03_080_09.TXT,24,23.087,0.037176,OPT,420,0,0,AI,0,0.0416667,2.75,0.005395,0.023962,0,1,0,26,26
cl_03_080_10.TXT,20,19.9651,0.06071,OPT,373,0,0,AI,0,0.05,3.65,0.006188,0.042298,0,2,0,34,34
cl_03_100_01.TXT,25,24.3344,0.131479,OPT,579,0,0,AI,0,0,3.64,0.011489,0.096854,0,2,0,37,37
cl_03_100_02.TXT,27,26.9756,0.066627,OPT,440,0,0,AI,0,0,3.40741,0.010314,0.043093,0,2,0,25,25
cl_03_100_03.TXT,24,23.8695,0.17462,OPT,622,0,0,AI,0,0.0416667,3.75,0.016294,0.128985,0,2,0,67,67
cl_03_100_04.TXT,26,25.9936,0.163677,OPT,656,0,0,AI,0,0.0384615,3.46154,0.013813,0.125639,0,2,0,58,58
cl_03_100_05.TXT,28,27.875,0.103368,OPT,493,0,0,AI,0,0.0714286,3.07143,0.008614,0.076851,0,2,0,27,25
cl_03_100_06.TXT,28,27.9456,0.126531,OPT,482,0,0,AI,0,0.0357143,3.21429,0.010337,0.09735,0,2,0,40,40
cl_03_100_07.TXT,27,26.0333,0.098645,OPT,556,0,0,AI,0,0.0740741,3.03704,0.012427,0.076265,0,1,0,26,26
cl_03_100_08.TXT,26,25.9192,0.099121,OPT,448,0,0,AI,0,0.0384615,3.5,0.01064,0.072292,0,2,0,25,25
cl_03_100_09.TXT,25,24.9993,0.092944,OPT,586,0,0,AI,0,0,3.4,0.012331,0.062826,0,2,0,42,42
cl_03_100_10.TXT,28,27.982,0.093827,OPT,500,0,0,AI,0,0.0714286,2.89286,0.011579,0.065462,0,2,0,37,37
cl_04_020_01.TXT,4,3.16176,0.015235,OPT,105,0,0,AI,0,0,4.75,0.002516,0.010216,0,1,0,30,30
cl_04_020_02.TXT,3,3,4.6e-05,OPT,0,0,0,AI,0,1,1,0,0.000486001,0,1,0,0,0
cl_04_020_03.TXT,4,3.1875,0.035622,OPT,79,0,0,AI,0,0,5,0.002292,0.030735,0,1,0,23,23
cl_04_020_04.TXT,3,3,4.3e-05,OPT,0,0,0,AI,0,1,1,0,0.000445999,0,1,0,0,0
cl_04_020_05.TXT,3,3,3.1e-05,OPT,0,0,0,AI,0,1,1,0,0.000319999,0,1,0,0,0
cl_04_020_06.TXT,3,3,3.9e-05,OPT,0,0,0,AI,0,1,1,0,0.000409,0,1,0,0,0
cl_04_020_07.TXT,3,3,2.6e-05,OPT,0,0,0,AI,0,1,1,0,0.000266001,0,1,0,0,0
cl_04_020_08.TXT,3,3,2.5e-05,OPT,0,0,0,AI,0,1,1,0,0.000255,0,1,0,0,0
cl_04_020_09.TXT,4,3.12097,0.01021,OPT,86,0,0,AI,0,0,4.5,0.001656,0.006945,0,1,0,22,22
cl_04_020_10.TXT,3,3,2.4e-05,OPT,0,0,0,AI,0,1,1,0,0.000252001,0,1,0,0,0
cl_04_040_01.TXT,6,5.15649,0.05467,OPT,164,0,0,AI,0,0,5.33333,0.006441,0.042542,0,1,0,36,36
cl_04_040_02.TXT,6,6,1.9e-05,OPT,0,0,0,AI,0,1,1,0,0.000268001,0,1,0,0,0
cl_04_040_03.TXT,6,5.91111,0.173583,OPT,214,100,5,AI,100,0,4.66667,0.010557,0.120156,0,2,5,48,48
cl_04_040_04.TXT,6,5.93735,0.016274,OPT,85,0,0,AI,0,0,5.5,0.00471,0.009148,0,2,0,18,18
cl_04_040_05.TXT,6,6,2.5e-05,OPT,0,0,0,AI,0,1,1,0,0.000271,0,1,0,0,0
cl_04_040_06.TXT,6,6,2.4e-05,OPT,0,0,0,AI,0,1,1,0,0.000273999,0,1,0,0,0
cl_04_040_07.TXT,6,6,3e-05,OPT,0,0,0,AI,0,1,1,0,0.000295002,0,1,0,0,0
cl_04_040_08.TXT,7,7,4.8e-05,OPT,0,0,0,AI,0,1,1,0,0.000367001,0,1,0,0,0
cl_04_040_09.TXT,6,6,2.6e-05,OPT,0,0,0,AI,0,1,1,0,0.000429999,0,1,0,0,0
cl_04_040_10.TXT,5,5,3.5e-05,OPT,0,0,0,AI,0,1,1,0,0.000388,0,1,0,0,0
cl_04_060_01.TXT,9,8.95148,0.063642,OPT,314,0,0,AI,0,0,5.88889,0.013771,0.038838,0,2,0,58,58
cl_04_060_02.TXT,9,8.0873,0.064192,OPT,274,0,0,AI,0,0,6.33333,0.013985,0.042979,0,1,0,37,37
cl_04_060_03.TXT,9,8.94964,0.055156,OPT,301,0,0,AI,0,0,5.88889,0.012641,0.033599,0,2,0,50,50
cl_04_060_04.TXT,9,8.97548,0.429399,OPT,525,104,10,AI,100,0,6.11111,0.024735,0.293721,0,2,10,91,91
cl_04_060_05.TXT,8,7.99045,0.016651,OPT,69,0,0,AI,0,0,5.5,0.007511,0.007904,0,1,0,12,12
cl_04_060_06.TXT,9,8.9877,0.080809,OPT,296,0,0,AI,0,0,5.55556,0.014449,0.056825,0,2,0,45,45
cl_04_060_07.TXT,8,8,2.2e-05,OPT,0,0,0,AI,0,1,1,0,0.000237003,0,1,0,0,0
cl_04_060_08.TXT,9,9,3.3e-05,OPT,0,0,0,AI,0,1,1,0,0.000406999,0,1,0,0,0
cl_04_060_09.TXT,9,9,3.1e-05,OPT,0,0,0,AI,0,1,1,0,0.000344001,0,1,0,0,0
cl_04_060_10.TXT,10,9.88876,0.06813,OPT,227,0,0,AI,0,0,5.4,0.010429,0.049762,0,2,0,30,30
cl_04_080_01.TXT,12,12,0.040447,OPT,101,0,0,AI,0,0.833333,1.41667,0.007623,0.029073,0,2,0,13,13
cl_04_080_02.TXT,13,12.1473,0.102008,OPT,389,0,0,AI,0,0,6.15385,0.01645,0.077426,0,1,0,30,30
cl_04_080_03.TXT,12,12,9.3e-05,OPT,0,0,0,AI,0,1,1,0,0.000604998,0,1,0,0,0
cl_04_080_04.TXT,13,12.0963,0.129447,OPT,574,0,0,AI,0,0,5.38462,0.019576,0.092271,0,1,0,54,54
cl_04_080_05.TXT,11,10.9944,0.171705,OPT,589,0,0,AI,0,0,6.09091,0.034015,0.11638,0,2,0,76,76
cl_04_080_06.TXT,12,11.1026,0.125498,OPT,498,0,0,AI,0,0.0833333,6.33333,0.017402,0.087951,0,2,0,58,58
cl_04_080_07.TXT,13,12.0158,0.117707,OPT,512,0,0,AI,0,0,5.69231,0.019224,0.084247,0,1,0,44,44
cl_04_080_08.TXT,12,11.9615,0.118425,OPT,463,0,0,AI,0,0,6.08333,0.024001,0.077316,0,2,0,63,63
cl_04_080_09.TXT,13,13,2.5e-05,OPT,0,0,0,AI,0,1,1,0,0.000525001,0,1,0,0,0
cl_04_080_10.TXT,11,10.911,0.058793,OPT,242,0,0,AI,0,0,5.90909,0.018963,0.032672,0,2,0,29,29
cl_04_100_01.TXT,13,12.9846,0.232753,OPT,681,0,0,AI,0,0,7.07692,0.045455,0.164115,0,2,0,82,82
cl_04_100_02.TXT,15,14.0361,0.198168,OPT,684,0,0,AI,0,0,5.8,0.030958,0.147809,0,1,0,50,50
cl_04_100_03.TXT,13,12.947,0.164744,OPT,631,0,0,AI,0,0,6.46154,0.044739,0.09817,0,2,0,94,94
cl_04_100_04.TXT,14,13.9615,0.162587,OPT,562,0,0,AI,0,0,6.07143,0.038123,0.103718,0,2,0,59,59
cl_04_100_05.TXT,15,14.9612,0.141756,OPT,566,0,0,AI,0,0,6.2,0.0289,0.095258,0,2,0,67,67
cl_04_100_06.TXT,15,14.9759,0.155114,OPT,738,0,0,AI,0,0,6.26667,0.029379,0.103682,0,2,0,71,71
cl_04_100_07.TXT,14,13.9998,0.264564,OPT,809,0,0,AI,0,0,6.85714,0.051399,0.182892,0,2,0,94,94
cl_04_100_08.TXT,14,13.9126,0.113146,OPT,402,0,0,AI,0,0,6.42857,0.02627,0.074578,0,2,0,37,37
cl_04_100_09.TXT,14,13.084,0.195565,OPT,572,0,0,AI,0,0,6.92857,0.028985,0.14573,0,2,0,52,52
cl_04_100_10.TXT,15,14.9814,0.15919,OPT,487,0,0,AI,0,0,5.6,0.026723,0.117469,0,2,0,47,47
cl_05_020_01.TXT,7,7,0.001887,OPT,38,0,0,AI,0,1,1,0.000252,0.001471,0,1,0,5,5
cl_05_020_02.TXT,5,5,4.6e-05,OPT,0,0,0,AI,0,1,1,0,0.000500001,0,1,0,0,0
cl_05_020_03.TXT,7,6.5,0.003909,OPT,58,0,0,AI,0,0.714286,1.14286,0.000372,0.002896,0,1,0,11,11
cl_05_020_04.TXT,6,5.9,0.005998,OPT,61,0,0,AI,0,0.166667,2.5,0.000647,0.004072,0,2,0,12,12
cl_05_020_05.TXT,5,4.91667,0.00289,OPT,35,0,0,AI,0,0,3,0.000467,0.002171,0,1,0,6,6
cl_05_020_06.TXT,6,6,3.9e-05,OPT,0,0,0,AI,0,1,1,0,0.000443,0,1,0,0,0
cl_05_020_07.TXT,6,6,2.6e-05,OPT,0,0,0,AI,0,1,1,0,0.000274003,0,1,0,0,0
cl_05_020_08.TXT,6,6,0.001551,OPT,14,0,0,AI,0,1,1,0.000313,0.001233,0,1,0,3,3
cl_05_020_09.TXT,7,6.5,0.002788,OPT,58,0,0,AI,0,0.714286,1.14286,0.000363,0.00202,0,1,0,9,9
cl_05_020_10.TXT,6,6,4.2e-05,OPT,0,0,0,AI,0,1,1,0,0.000459,0,1,0,0,0
cl_05_040_01.TXT,11,10.3,0.009813,OPT,135,0,0,AI,0,0.0909091,2.18182,0.001746,0.006193,0,1,0,16,16
cl_05_040_02.TXT,12,11.5,0.007732,OPT,106,0,0,AI,0,0.166667,2.41667,0.001542,0.005204,0,1,0,11,11
cl_05_040_03.TXT,12,11.1987,0.014363,OPT,167,0,0,AI,0,0,3,0.00259,0.009488,0,1,0,19,19
cl_05_040_04.TXT,12,12,2.7e-05,OPT,0,0,0,AI,0,1,1,0,0.000299998,0,1,0,0,0
cl_05_040_05.TXT,12,11.0977,0.016028,OPT,170,0,0,AI,0,0.0833333,2.91667,0.002517,0.010745,0,1,0,22,22
cl_05_040_06.TXT,13,12.25,0.002654,OPT,55,0,0,AI,0,0.153846,2.15385,0.000564,0.001819,0,1,0,6,6
cl_05_040_07.TXT,11,10.2632,0.013496,OPT,154,0,0,AI,0,0.0909091,3.18182,0.002305,0.009151,0,1,0,18,18
cl_05_040_08.TXT,14,14,0.005263,OPT,73,0,0,AI,0,1,1,0.001185,0.003333,0,1,0,9,9
cl_05_040_09.TXT,12,11.3056,0.00809,OPT,142,0,0,AI,0,0.0833333,2.66667,0.00135,0.005381,0,1,0,16,16
cl_05_040_10.TXT,10,9.97917,0.0447,OPT,180,0,0,AI,0,0.1,3,0.003642,0.03542,0,2,0,24,24
cl_05_060_01.TXT,18,17.9304,0.021914,OPT,150,0,0,AI,0,0,2.77778,0.004764,0.013057,0,2,0,15,15
cl_05_060_02.TXT,17,16.6559,0.040055,OPT,334,0,0,AI,0,0,3.23529,0.004994,0.02589,0,2,0,27,27
cl_05_060_03.TXT,18,17.9066,0.017958,OPT,152,0,0,AI,0,0.0555556,2.94444,0.002389,0.012544,0,2,0,8,8
cl_05_060_04.TXT,19,18.75,0.015014,OPT,138,0,0,AI,0,0.368421,1.89474,0.002975,0.008636,0,2,0,20,19
cl_05_060_05.TXT,15,14.9505,0.029892,OPT,203,0,0,AI,0,0,3.53333,0.004809,0.019425,0,2,0,17,17
cl_05_060_06.TXT,18,17.95,0.052074,OPT,235,0,0,AI,0,0.0555556,2.55556,0.003711,0.040701,0,2,0,27,24
cl_05_060_07.TXT,15,14.9985,0.053216,OPT,410,0,0,AI,0,0,3.73333,0.005723,0.036224,0,2,0,34,34
cl_05_060_08.TXT,17,17,0.17699,OPT,376,100,10,AI,100,0.117647,2.41176,0.005839,0.135157,0,2,10,47,47
cl_05_060_09.TXT,17,16.95,0.028066,OPT,187,0,0,AI,0,0.0588235,3.17647,0.004035,0.018881,0,2,0,15,15
cl_05_060_10.TXT,21,20.25,0.006679,OPT,127,0,0,AI,0,0.428571,1.57143,0.001557,0.004197,0,1,0,9,9
cl_05_080_01.TXT,24,24,0.031218,OPT,247,0,0,AI,0,0.166667,2.66667,0.006846,0.018165,0,2,0,24,22
cl_05_080_02.TXT,25,24.25,0.031336,OPT,279,0,0,AI,0,0.16,2.56,0.004171,0.020622,0,2,0,19,19
cl_05_080_03.TXT,24,23.5,0.053557,OPT,232,0,0,AI,0,0.208333,2.375,0.006644,0.038946,0,2,0,21,21
cl_05_080_04.TXT,26,25.5,0.011839,OPT,119,0,0,AI,0,0.423077,1.88462,0.004302,0.005992,0,1,0,10,10
cl_05_080_05.TXT,23,22.17,0.064148,OPT,455,0,0,AI,0,0.0869565,2.65217,0.008836,0.04139,0,2,0,34,34
cl_05_080_06.TXT,23,22.9365,0.06473,OPT,364,0,0,AI,0,0.130435,2.95652,0.00935,0.0432,0,2,0,28,28
cl_05_080_07.TXT,26,25.25,0.018778,OPT,186,0,0,AI,0,0.153846,2.61538,0.003977,0.010617,0,2,0,14,14
cl_05_080_08.TXT,24,23.8148,0.05994,OPT,402,0,0,AI,0,0.0416667,2.79167,0.009009,0.03817,0,2,0,29,29
cl_05_080_09.TXT,25,24.5,0.044636,OPT,297,0,0,AI,0,0.08,2.84,0.005972,0.029847,0,2,0,19,19
cl_05_080_10.TXT,21,20.9865,0.072033,OPT,416,0,0,AI,0,0.047619,3.57143,0.008643,0.050296,0,2,0,31,31
cl_05_100_01.TXT,26,25.9308,0.092809,OPT,489,0,0,AI,0,0.153846,3.30769,0.013568,0.063555,0,2,0,35,35
cl_05_100_02.TXT,29,28.2678,0.085301,OPT,546,0,0,AI,0,0,3.06897,0.012121,0.056627,0,2,0,30,30
cl_05_100_03.TXT,25,24.9943,0.098422,OPT,569,0,0,AI,0,0,3.64,0.015122,0.06656,0,2,0,39,39
cl_05_100_04.TXT,28,27.4487,0.103799,OPT,575,0,0,AI,0,0.0714286,2.89286,0.012545,0.070812,0,2,0,34,34
cl_05_100_05.TXT,30,29.5588,0.145044,OPT,520,0,0,AI,0,0.0666667,2.6,0.01096,0.111426,0,2,0,29,29
cl_05_100_06.TXT,30,29.8719,0.060465,OPT,380,0,0,AI,0,0.133333,2.66667,0.009649,0.040014,0,2,0,18,18
cl_05_100_07.TXT,28,27.9733,0.111776,OPT,497,0,0,AI,0,0.0357143,2.96429,0.01481,0.077468,0,2,0,42,42
cl_05_100_08.TXT,27,26.946,0.084858,OPT,512,0,0,AI,0,0,3.48148,0.013727,0.056438,0,2,0,31,31
cl_05_100_09.TXT,26,25.9579,0.18772,OPT,546,0,0,AI,0,0.0384615,3.34615,0.015704,0.143592,0,2,0,48,39
cl_05_100_10.TXT,30,29.5,0.050349,OPT,410,0,0,AI,0,0.7,1.26667,0.012292,0.030223,0,1,0,25,25
cl_06_020_01.TXT,3,2.99524,0.032972,OPT,81,0,0,AI,0,0,6.33333,0.002326,0.027099,0,2,0,23,23
cl_06_020_02.TXT,3,3,6.1e-05,OPT,0,0,0,AI,0,1,1,0,0.000471,0,1,0,0,0
cl_06_020_03.TXT,4,3.01583,0.011888,OPT,88,0,0,AI,0,0,5,0.001977,0.008007,0,1,0,26,26
cl_06_020_04.TXT,3,3,2.5e-05,OPT,0,0,0,AI,0,1,1,0,0.000251003,0,1,0,0,0
cl_06_020_05.TXT,3,3,2.5e-05,OPT,0,0,0,AI,0,1,1,0,0.000255,0,1,0,0,0
cl_06_020_06.TXT,3,3,4.5e-05,OPT,0,0,0,AI,0,1,1,0,0.000469003,0,1,0,0,0
cl_06_020_07.TXT,3,3,2.6e-05,OPT,0,0,0,AI,0,1,1,0,0.000268001,0,1,0,0,0
cl_06_020_08.TXT,3,3,2.6e-05,OPT,0,0,0,AI,0,1,1,0,0.000257999,0,1,0,0,0
cl_06_020_09.TXT,3,2.9854,0.010883,OPT,64,0,0,AI,0,0,6.66667,0.00214,0.007066,0,2,0,19,19
cl_06_020_10.TXT,3,3,3.3e-05,OPT,0,0,0,AI,0,1,1,0,0.000250001,0,1,0,0,0
cl_06_040_01.TXT,5,4.98311,0.058151,OPT,159,0,0,AI,0,0,6.6,0.011162,0.041204,0,2,0,39,39
cl_06_040_02.TXT,6,6,2.5e-05,OPT,0,0,0,AI,0,1,1,0,0.000277001,0,1,0,0,0
cl_06_040_03.TXT,6,5.14058,0.045631,OPT,194,0,0,AI,0,0,6.33333,0.009773,0.029936,0,1,0,45,45
cl_06_040_04.TXT,6,6,2.8e-05,OPT,0,0,0,AI,0,1,1,0,0.000331998,0,1,0,0,0
cl_06_040_05.TXT,6,6,2.7e-05,OPT,0,0,0,AI,0,1,1,0,0.000301,0,1,0,0,0
cl_06_040_06.TXT,6,6,2.5e-05,OPT,0,0,0,AI,0,1,1,0,0.000268999,0,1,0,0,0
cl_06_040_07.TXT,5,4.96283,0.036816,OPT,179,0,0,AI,0,0,7.2,0.010541,0.020261,0,2,0,49,49
cl_06_040_08.TXT,7,7,2.7e-05,OPT,0,0,0,AI,0,1,1,0,0.000318002,0,1,0,0,0
cl_06_040_09.TXT,6,5.17169,0.051261,OPT,262,0,0,AI,0,0,5.5,0.009535,0.033706,0,1,0,51,51
cl_06_040_10.TXT,5,5,4.4e-05,OPT,0,0,0,AI,0,1,1,0,0.000499997,0,1,0,0,0
cl_06_060_01.TXT,9,8.86836,0.015623,OPT,81,0,0,AI,0,0,4.77778,0.006943,0.007441,0,1,0,12,12
cl_06_060_02.TXT,8,7.97462,0.050222,OPT,208,0,0,AI,0,0,6.75,0.015685,0.027781,0,2,0,36,36
cl_06_060_03.TXT,9,8.19689,0.100006,OPT,381,0,0,AI,0,0,6.11111,0.015524,0.074617,0,1,0,42,42
cl_06_060_04.TXT,9,9,4.2e-05,OPT,0,0,0,AI,0,1,1,0,0.000539999,0,1,0,0,0
cl_06_060_05.TXT,7,6.99767,1.46045,OPT,1185,214,17,AI,100,0,8.28571,0.080736,0.901517,0,2,19,222,222
cl_06_060_06.TXT,9,9,4.5e-05,OPT,0,0,0,AI,0,1,1,0,0.000567999,0,1,0,0,0
cl_06_060_07.TXT,8,7.01042,0.142044,OPT,359,0,0,AI,0,0,7.5,0.023584,0.104139,0,1,0,65,65
cl_06_060_08.TXT,8,7.96856,0.039058,OPT,153,0,0,AI,0,0,6.25,0.012743,0.02133,0,2,0,25,25
cl_06_060_09.TXT,8,7.99942,0.107199,OPT,286,0,0,AI,0,0,6.5,0.017864,0.077738,0,2,0,49,49
cl_06_060_10.TXT,9,8.99671,0.098302,OPT,468,0,0,AI,0,0,6.44444,0.019889,0.062738,0,2,0,71,71
cl_06_080_01.TXT,11,10.9799,0.162842,OPT,478,0,0,AI,0,0,6.27273,0.032359,0.114087,0,2,0,79,79
cl_06_080_02.TXT,12,11.929,0.050988,OPT,233,0,0,AI,0,0,6,0.015114,0.029578,0,2,0,22,22
cl_06_080_03.TXT,11,10.9032,0.164135,OPT,417,0,0,AI,0,0,6.54545,0.032439,0.114222,0,2,0,65,65
cl_06_080_04.TXT,12,12,0.042755,OPT,95,0,0,AI,0,0.833333,1.16667,0.008107,0.030695,0,2,0,12,12
cl_06_080_05.TXT,11,11,2.4e-05,OPT,0,0,0,AI,0,1,1,0,0.000385001,0,1,0,0,0
cl_06_080_06.TXT,11,10.9343,0.04592,OPT,199,0,0,AI,0,0,5.81818,0.015277,0.0237,0,2,0,33,33
cl_06_080_07.TXT,12,11.9391,0.0921,OPT,250,0,0,AI,0,0,5.33333,0.019963,0.061066,0,2,0,44,44
cl_06_080_08.TXT,12,11.0262,0.154052,OPT,547,0,0,AI,0,0,6.66667,0.030179,0.106873,0,1,0,60,60
cl_06_080_09.TXT,12,11.9651,0.12316,OPT,503,0,0,AI,0,0,5.41667,0.027582,0.077624,0,2,0,70,70
cl_06_080_10.TXT,10,9.98669,0.251138,OPT,649,0,0,AI,0,0,7.8,0.057247,0.166348,0,2,0,116,116
cl_06_100_01.TXT,13,12.003,0.285332,OPT,767,0,0,AI,0,0,7.30769,0.045022,0.205299,0,1,0,86,86
cl_06_100_02.TXT,14,13.9475,0.103184,OPT,350,0,0,AI,0,0,5.92857,0.028074,0.061603,0,2,0,42,42
cl_06_100_03.TXT,12,11.9959,0.27523,OPT,785,0,0,AI,0,0,7.83333,0.060356,0.187462,0,2,0,113,113
cl_06_100_04.TXT,13,12.9927,0.33272,OPT,1011,0,0,AI,0,0,7.46154,0.076405,0.217014,0,2,0,142,142
cl_06_100_05.TXT,14,13.9942,0.17839,OPT,743,0,0,AI,0,0,6.71429,0.03785,0.116181,0,2,0,95,95
cl_06_100_06.TXT,14,13.9975,1.90008,OPT,1437,100,10,AI,100,0,6.92857,0.081831,1.50773,0,2,10,214,214
cl_06_100_07.TXT,14,13.8701,0.642751,OPT,663,100,10,AI,100,0,5.07143,0.054142,0.469803,0,2,10,99,99
cl_06_100_08.TXT,13,12.981,0.269256,OPT,752,0,0,AI,0,0,7.30769,0.065611,0.190942,0,2,0,107,107
cl_06_100_09.TXT,13,12.9916,0.11552,OPT,393,0,0,AI,0,0,5.61538,0.03435,0.066358,0,2,0,46,46
cl_06_100_10.TXT,14,13.998,0.318091,OPT,1098,0,0,AI,0,0,6.85714,0.064688,0.215091,0,2,0,165,165
cl_07_020_01.TXT,9,8.5,0.002468,OPT,30,0,0,AI,0,0.777778,1.11111,0.000211,0.002153,0,1,0,5,5
cl_07_020_02.TXT,10,9.5,0.000835,OPT,27,0,0,AI,0,0.8,1.1,9.5e-05,0.000774999,0,1,0,3,3
cl_07_020_03.TXT,8,8,0.000894,OPT,20,0,0,AI,0,1,1,9.3e-05,0.000880997,0,1,0,3,3
cl_07_020_04.TXT,10,9.5,0.001555,OPT,29,0,0,AI,0,0.8,1.1,0.00017,0.00146,0,1,0,3,3
cl_07_020_05.TXT,9,9,0.000936,OPT,17,0,0,AI,0,1,1,9.2e-05,0.000943001,0,1,0,3,3
cl_07_020_06.TXT,9,8.5,0.002791,OPT,40,0,0,AI,0,0.555556,1.33333,0.000289,0.002268,0,1,0,5,5
cl_07_020_07.TXT,9,8.5,0.000964,OPT,34,0,0,AI,0,0.666667,1.22222,9.7e-05,0.001134,0,1,0,4,4
cl_07_020_08.TXT,9,9,0.001172,OPT,26,0,0,AI,0,1,1,0.000133,0.001034,0,1,0,4,4
cl_07_020_09.TXT,10,9.5,0.001172,OPT,29,0,0,AI,0,0.8,1.1,0.000135,0.001118,0,1,0,3,3
cl_07_020_10.TXT,7,6.75,0.00154,OPT,26,0,0,AI,0,0.714286,1.42857,0.000184,0.001255,0,1,0,5,5
cl_07_040_01.TXT,18,18,0.001633,OPT,47,0,0,AI,0,1,1,0.000274,0.001218,0,1,0,4,4
cl_07_040_02.TXT,18,17.75,0.002962,OPT,84,0,0,AI,0,0.444444,1.55556,0.000389,0.00203,0,1,0,7,7
cl_07_040_03.TXT,18,17.5,0.00329,OPT,81,0,0,AI,0,0.555556,1.38889,0.000436,0.002246,0,1,0,8,8
cl_07_040_04.TXT,18,17.75,0.001605,OPT,59,0,0,AI,0,0.722222,1.27778,0.000253,0.001168,0,1,0,5,5
cl_07_040_05.TXT,16,15.625,0.004153,OPT,71,0,0,AI,0,0.4375,1.6875,0.000647,0.002787,0,1,0,10,10
cl_07_040_06.TXT,17,16.75,0.022709,OPT,66,0,0,AI,0,0.588235,1.47059,0.000438,0.021641,0,1,0,7,7
cl_07_040_07.TXT,18,17.75,0.002025,OPT,53,0,0,AI,0,0.666667,1.33333,0.000283,0.001439,0,1,0,7,7
cl_07_040_08.TXT,17,16,0.018182,OPT,92,0,1,ANI,0,0.5,1.5,0.000895,0.012798,0,2,2,28,21
cl_07_040_09.TXT,17,16.25,0.00179,OPT,47,0,0,AI,0,0.764706,1.17647,0.000386,0.001292,0,1,0,4,4
cl_07_040_10.TXT,20,19.5,0.00162,OPT,59,0,0,AI,0,0.9,1.05,0.00028,0.001252,0,1,0,3,3
cl_07_060_01.TXT,27,26.25,0.004922,OPT,99,0,0,AI,0,0.62963,1.37037,0.000942,0.00304,0,1,0,8,8
cl_07_060_02.TXT,27,26.4091,0.005899,OPT,118,0,0,AI,0,0.407407,1.81481,0.00084,0.003593,0,1,0,11,11
cl_07_060_03.TXT,28,27.5,0.002957,OPT,83,0,0,AI,0,0.892857,1.07143,0.000511,0.002,0,1,0,5,5
cl_07_060_04.TXT,24,23.6196,0.008048,OPT,106,0,0,AI,0,0.375,2.04167,0.00135,0.005129,0,1,0,12,12
cl_07_060_05.TXT,27,26.1667,0.005034,OPT,127,0,0,AI,0,0.555556,1.55556,0.000877,0.003166,0,1,0,9,9
cl_07_060_06.TXT,26,25.75,0.003298,OPT,86,0,0,AI,0,0.653846,1.42308,0.000818,0.001904,0,1,0,6,6
cl_07_060_07.TXT,25,24.8333,0.012016,OPT,139,0,0,AI,0,0.8,1.28,0.002246,0.007095,0,1,0,17,17
cl_07_060_08.TXT,25,25,0.010248,OPT,131,0,0,AI,0,0.88,1.12,0.00124,0.005892,0,2,0,16,15
cl_07_060_09.TXT,26,25.5455,0.006833,OPT,133,0,0,AI,0,0.461538,1.73077,0.001226,0.00409,0,1,0,10,10
cl_07_060_10.TXT,25,24.5,0.009084,OPT,163,0,0,AI,0,0.32,1.84,0.001461,0.005519,0,1,0,14,14
cl_07_080_01.TXT,34,33.4375,0.010287,OPT,167,0,0,AI,0,0.264706,1.88235,0.002238,0.006023,0,1,0,11,11
cl_07_080_02.TXT,34,33.75,0.008894,OPT,100,0,0,AI,0,0.705882,1.35294,0.001125,0.004956,0,2,0,11,11
cl_07_080_03.TXT,31,30.9674,0.014776,OPT,179,0,0,AI,0,0.516129,1.87097,0.002998,0.008813,0,1,0,16,16
cl_07_080_04.TXT,34,33.25,0.008179,OPT,126,0,0,AI,0,0.676471,1.29412,0.002366,0.004217,0,1,0,11,11
cl_07_080_05.TXT,37,36.5,0.004164,OPT,118,0,0,AI,0,0.864865,1.18919,0.001269,0.002308,0,1,0,5,5
cl_07_080_06.TXT,34,33.0833,0.006475,OPT,123,0,0,AI,0,0.441176,1.58824,0.001486,0.003885,0,1,0,10,10
cl_07_080_07.TXT,34,34,0.007053,OPT,134,0,0,AI,0,0.794118,1.20588,0.001802,0.003904,0,1,0,11,11
cl_07_080_08.TXT,34,33.5,0.008396,OPT,155,0,0,AI,0,0.5,1.55882,0.001558,0.004936,0,1,0,14,14
cl_07_080_09.TXT,33,32.75,0.008808,OPT,145,0,0,AI,0,0.606061,1.39394,0.001972,0.00493,0,1,0,12,12
cl_07_080_10.TXT,36,35.75,0.007108,OPT,155,0,0,AI,0,0.861111,1.13889,0.001295,0.004207,0,1,0,10,10
cl_07_100_01.TXT,42,41.6429,0.010772,OPT,154,0,0,AI,0,0.642857,1.5,0.002544,0.005601,0,1,0,14,14
cl_07_100_02.TXT,39,38.875,0.02425,OPT,207,0,0,AI,0,0.538462,1.5641,0.00498,0.013148,0,2,0,21,20
cl_07_100_03.TXT,43,43,0.009895,OPT,151,0,0,AI,0,0.860465,1.13953,0.002515,0.005411,0,1,0,10,10
cl_07_100_04.TXT,45,44.5,0.011518,OPT,187,0,0,AI,0,0.755556,1.22222,0.002282,0.006306,0,1,0,14,14
cl_07_100_05.TXT,41,40.5,0.0122,OPT,168,0,0,AI,0,0.560976,1.60976,0.003687,0.006316,0,1,0,11,11
cl_07_100_06.TXT,42,41.125,0.012077,OPT,204,0,0,AI,0,0.452381,1.71429,0.003127,0.00678,0,1,0,12,12
cl_07_100_07.TXT,42,42,0.011915,OPT,156,0,0,AI,0,0.642857,1.45238,0.002965,0.006516,0,1,0,14,14
cl_07_100_08.TXT,44,43.5,0.009335,OPT,171,0,0,AI,0,0.840909,1.13636,0.002471,0.004995,0,1,0,10,10
cl_07_100_09.TXT,41,40.625,0.019709,OPT,207,0,0,AI,0,0.463415,1.58537,0.003258,0.010924,0,2,0,18,18
cl_07_100_10.TXT,44,43.25,0.008304,OPT,170,0,0,AI,0,0.590909,1.40909,0.002449,0.004226,0,1,0,8,8
cl_08_020_01.TXT,5,4.06667,0.026952,OPT,70,0,0,AI,0,0,3.8,0.001118,0.024756,0,1,0,15,15
cl_08_020_02.TXT,7,6.83333,0.004297,OPT,51,0,0,AI,0,0.428571,1.71429,0.000356,0.003156,0,1,0,12,12
cl_08_020_03.TXT,5,5,3.3e-05,OPT,0,0,0,AI,0,1,1,0,0.000257,0,1,0,0,0
cl_08_020_04.TXT,6,5.4,0.005089,OPT,55,0,0,AI,0,0,2.83333,0.000649,0.003728,0,1,0,13,13
cl_08_020_05.TXT,4,3.97059,0.006556,OPT,51,0,0,AI,0,0,4.5,0.000972,0.004303,0,2,0,13,13
cl_08_020_06.TXT,5,4.9,0.003507,OPT,32,0,0,AI,0,0.2,3,0.000639,0.002561,0,1,0,6,6
cl_08_020_07.TXT,5,4.68182,0.011497,OPT,75,0,0,AI,0,0,3.8,0.001042,0.007731,0,2,0,22,22
cl_08_020_08.TXT,4,4,3e-05,OPT,0,0,0,AI,0,1,1,0,0.000312001,0,1,0,0,0
cl_08_020_09.TXT,6,5.2,0.004359,OPT,53,0,0,AI,0,0,3.33333,0.000604,0.003147,0,1,0,11,11
cl_08_020_10.TXT,4,4,2.5e-05,OPT,0,0,0,AI,0,1,1,0,0.000255998,0,1,0,0,0
cl_08_040_01.TXT,12,11.5751,0.016782,OPT,168,0,0,AI,0,0.416667,2.75,0.002836,0.010831,0,1,0,24,24
cl_08_040_02.TXT,10,9.8467,0.023123,OPT,176,0,0,AI,0,0.2,3.6,0.00297,0.014465,0,2,0,27,27
cl_08_040_03.TXT,9,8.99694,0.014833,OPT,115,0,0,AI,0,0.111111,3.77778,0.003056,0.009128,0,2,0,15,15
cl_08_040_04.TXT,9,8.27551,0.015578,OPT,121,0,0,AI,0,0.111111,3.88889,0.003359,0.0099,0,1,0,22,22
cl_08_040_05.TXT,8,7.4901,0.032939,OPT,196,0,0,AI,0,0,4.375,0.004633,0.020886,0,2,0,33,33
cl_08_040_06.TXT,10,9.40385,0.016035,OPT,163,0,0,AI,0,0,3.1,0.003053,0.010142,0,1,0,23,23
cl_08_040_07.TXT,10,9.06618,0.02054,OPT,189,0,0,AI,0,0.2,3.1,0.003748,0.013069,0,1,0,27,27
cl_08_040_08.TXT,11,10.5299,0.013223,OPT,162,0,0,AI,0,0.363636,2.63636,0.002291,0.008517,0,1,0,19,19
cl_08_040_09.TXT,10,9.82867,0.029108,OPT,187,0,0,AI,0,0.3,3.2,0.003143,0.019368,0,2,0,31,30
cl_08_040_10.TXT,10,9.81535,0.026374,OPT,189,0,0,AI,0,0.4,3.2,0.003392,0.016844,0,2,0,30,29
cl_08_060_01.TXT,13,12.8944,0.079322,OPT,412,0,0,AI,0,0.0769231,4.23077,0.010552,0.052618,0,2,0,55,55
cl_08_060_02.TXT,15,14.1712,0.03236,OPT,277,0,0,AI,0,0.133333,3.73333,0.006988,0.02038,0,1,0,26,26
cl_08_060_03.TXT,14,13.7897,0.05319,OPT,331,0,0,AI,0,0.214286,3.78571,0.007193,0.034083,0,2,0,34,34
cl_08_060_04.TXT,13,12.6736,0.051932,OPT,245,0,0,AI,0,0,4.23077,0.007403,0.034521,0,2,0,30,30
cl_08_060_05.TXT,14,13.9113,0.093681,OPT,404,0,0,AI,0,0.0714286,3.64286,0.012218,0.066888,0,2,0,71,68
cl_08_060_06.TXT,15,14.4097,0.055178,OPT,278,0,0,AI,0,0.333333,2.46667,0.006153,0.042054,0,1,0,30,30
cl_08_060_07.TXT,13,12.7643,0.066044,OPT,319,0,0,AI,0,0.384615,3.69231,0.011401,0.04165,0,2,0,51,51
cl_08_060_08.TXT,15,14.4575,0.046143,OPT,306,0,0,AI,0,0,3.8,0.005768,0.029325,0,2,0,31,31
cl_08_060_09.TXT,13,12.65,0.101998,OPT,361,0,0,AI,0,0.0769231,4.30769,0.011801,0.075115,0,2,0,48,48
cl_08_060_10.TXT,13,12.494,0.09907,OPT,414,0,0,AI,0,0.0769231,3.92308,0.009487,0.072642,0,2,0,50,50
cl_08_080_01.TXT,18,17.5579,0.114198,OPT,447,0,0,AI,0,0.333333,3.33333,0.012412,0.082967,0,2,0,40,40
cl_08_080_02.TXT,18,17.2812,0.091135,OPT,394,0,0,AI,0,0.0555556,4.16667,0.01292,0.061281,0,2,0,43,43
cl_08_080_03.TXT,17,16.681,0.167495,OPT,521,0,0,AI,0,0,4.11765,0.019346,0.124458,0,2,0,64,64
cl_08_080_04.TXT,19,18.5886,0.104322,OPT,491,0,0,AI,0,0.0526316,3.73684,0.011438,0.070079,0,2,0,59,59
cl_08_080_05.TXT,21,20.3565,0.070073,OPT,375,0,0,AI,0,0.238095,3.14286,0.008853,0.048089,0,2,0,29,29
cl_08_080_06.TXT,18,17.7766,0.142595,OPT,617,0,0,AI,0,0,3.94444,0.016459,0.101094,0,2,0,68,68
cl_08_080_07.TXT,18,17.2366,0.10484,OPT,527,0,0,AI,0,0,3.61111,0.014669,0.070744,0,2,0,49,49
cl_08_080_08.TXT,19,18.9571,0.171257,OPT,608,0,0,AI,0,0.0526316,3.84211,0.017357,0.126254,0,2,0,85,77
cl_08_080_09.TXT,18,17.8012,0.138843,OPT,631,0,0,AI,0,0,3.22222,0.01722,0.092858,0,2,0,94,90
cl_08_080_10.TXT,21,20.2966,0.080034,OPT,423,0,0,AI,0,0.285714,3.2381,0.009832,0.059828,0,1,0,32,32
cl_08_100_01.TXT,22,20.9997,0.568579,OPT,1102,20,1,ANI,20,0.142857,3.71429,0.038341,0.428698,0,2,2,228,162
cl_08_100_02.TXT,21,20.9756,2.49578,OPT,1647,185,20,AI,100,0,4.47619,0.051222,2.05372,0,2,21,218,218
cl_08_100_03.TXT,21,20.5105,0.161247,OPT,601,0,0,AI,0,0.285714,4,0.023607,0.112989,0,2,0,61,61
cl_08_100_04.TXT,24,23.8124,0.179657,OPT,814,0,0,AI,0,0.208333,3.75,0.019634,0.132016,0,2,0,91,88
cl_08_100_05.TXT,23,22.0408,0.075304,OPT,592,0,0,AI,0,0.0434783,3.82609,0.013387,0.051757,0,1,0,35,35
cl_08_100_06.TXT,21,20.335,0.168097,OPT,554,0,0,AI,0,0,4.33333,0.016515,0.128203,0,2,0,38,38
cl_08_100_07.TXT,23,22.6214,0.203679,OPT,669,0,0,AI,0,0.304348,2.78261,0.020865,0.152027,0,2,0,50,50
cl_08_100_08.TXT,24,23.2,0.101814,OPT,514,0,0,AI,0,0.291667,3.375,0.015539,0.068863,0,2,0,34,34
cl_08_100_09.TXT,23,22.2041,0.084898,OPT,527,0,0,AI,0,0.130435,3.65217,0.017504,0.057056,0,1,0,37,37
cl_08_100_10.TXT,25,24.1002,0.108827,OPT,678,0,0,AI,0,0.16,3.4,0.012917,0.07365,0,2,0,46,46
cl_09_020_01.TXT,10,9.5,0.001326,OPT,28,0,0,AI,0,0.7,1.2,0.000164,0.001326,0,1,0,3,3
cl_09_020_02.TXT,9,9,0.000626,OPT,25,0,0,AI,0,1,1,7e-05,0.000602,0,1,0,3,3
cl_09_020_03.TXT,9,8.5,0.001479,OPT,32,0,0,AI,0,0.555556,1.44444,0.000145,0.001261,0,1,0,5,5
cl_09_020_04.TXT,10,9.5,0.000907,OPT,30,0,0,AI,0,0.8,1.1,0.000108,0.000831999,0,1,0,3,3
cl_09_020_05.TXT,8,8,0.000687,OPT,13,0,0,AI,0,1,1,0.000111,0.000631002,0,1,0,3,3
cl_09_020_06.TXT,8,8,0.000991,OPT,21,0,0,AI,0,1,1,0.000143,0.000912002,0,1,0,2,2
cl_09_020_07.TXT,7,6.40476,0.004107,OPT,59,0,0,AI,0,0,2.85714,0.000402,0.003021,0,1,0,12,12
cl_09_020_08.TXT,8,7.5,0.001037,OPT,25,0,0,AI,0,0.25,1.875,0.000124,0.000902001,0,1,0,4,4
cl_09_020_09.TXT,9,9,0.000982,OPT,24,0,0,AI,0,1,1,0.000116,0.000935001,0,1,0,3,3
cl_09_020_10.TXT,7,7,0.002717,OPT,33,0,0,AI,0,0.428571,1.71429,0.000262,0.001966,0,2,0,4,4
cl_09_040_01.TXT,17,17,0.006132,OPT,82,0,0,AI,0,0.588235,1.52941,0.000542,0.003894,0,2,0,11,9
cl_09_040_02.TXT,18,17.5,0.002717,OPT,84,0,0,AI,0,0.444444,1.61111,0.000628,0.001952,0,1,0,5,5
cl_09_040_03.TXT,17,17,0.005149,OPT,51,0,0,AI,0,0.529412,1.58824,0.000445,0.003439,0,2,0,7,7
cl_09_040_04.TXT,17,17,0.002508,OPT,57,0,0,AI,0,0.647059,1.35294,0.000353,0.002012,0,1,0,5,5
cl_09_040_05.TXT,15,14.5,0.002811,OPT,62,0,0,AI,0,0.6,1.33333,0.000572,0.002238,0,1,0,7,7
cl_09_040_06.TXT,18,18,0.003703,OPT,62,0,0,AI,0,0.555556,1.44444,0.000372,0.002317,0,2,0,7,7
cl_09_040_07.TXT,15,14.5,0.005254,OPT,73,0,0,AI,0,0.6,1.33333,0.000891,0.003429,0,1,0,12,12
cl_09_040_08.TXT,17,17,0.002058,OPT,54,0,0,AI,0,1,1,0.000509,0.001516,0,1,0,5,5
cl_09_040_09.TXT,15,14.75,0.006637,OPT,87,0,0,AI,0,0.4,1.6,0.001085,0.003942,0,2,0,12,12
cl_09_040_10.TXT,20,19.5,0.001734,OPT,57,0,0,AI,0,0.9,1.05,0.00031,0.001363,0,1,0,3,3
cl_09_060_01.TXT,26,25.5,0.003945,OPT,99,0,0,AI,0,0.423077,1.65385,0.00092,0.0024,0,1,0,6,6
cl_09_060_02.TXT,27,26.5,0.002698,OPT,85,0,0,AI,0,0.444444,1.62963,0.000697,0.002051,0,1,0,4,4
cl_09_060_03.TXT,27,27,0.002627,OPT,79,0,0,AI,0,1,1,0.000785,0.001548,0,1,0,4,4
cl_09_060_04.TXT,27,26.5,0.002152,OPT,58,0,0,AI,0,0.888889,1.07407,0.000406,0.001466,0,1,0,5,5
cl_09_060_05.TXT,25,25,0.005122,OPT,73,0,0,AI,0,0.84,1.16,0.000614,0.003011,0,2,0,8,8
cl_09_060_06.TXT,24,23.25,0.009372,OPT,112,0,0,AI,0,0.375,1.66667,0.002554,0.005256,0,1,0,8,8
cl_09_060_07.TXT,25,24.5,0.003027,OPT,77,0,0,AI,0,0.8,1.16,0.000672,0.001958,0,1,0,5,5
cl_09_060_08.TXT,27,26.5,0.002929,OPT,79,0,0,AI,0,0.703704,1.33333,0.00085,0.001699,0,1,0,5,5
cl_09_060_09.TXT,25,24.5,0.004271,OPT,87,0,0,AI,0,0.32,1.76,0.000996,0.002735,0,1,0,6,6
cl_09_060_10.TXT,25,24.5,0.004601,OPT,90,0,0,AI,0,0.44,1.68,0.001104,0.002816,0,1,0,7,7
cl_09_080_01.TXT,33,32.5,0.003306,OPT,86,0,0,AI,0,0.939394,1.0303,0.0011,0.001867,0,1,0,4,4
cl_09_080_02.TXT,33,33,0.004038,OPT,92,0,0,AI,0,1,1,0.00119,0.002376,0,1,0,5,5
cl_09_080_03.TXT,34,33.5,0.004309,OPT,84,0,0,AI,0,0.705882,1.35294,0.001279,0.002441,0,1,0,6,6
cl_09_080_04.TXT,33,32.5,0.005433,OPT,100,0,0,AI,0,0.424242,1.66667,0.001873,0.002954,0,1,0,5,5
cl_09_080_05.TXT,36,36,0.007422,OPT,103,0,0,AI,0,0.722222,1.33333,0.001409,0.003999,0,2,0,9,8
cl_09_080_06.TXT,34,34,0.028755,OPT,109,0,0,AI,0,0.794118,1.23529,0.002206,0.023146,0,2,0,10,10
cl_09_080_07.TXT,33,33,0.008018,OPT,92,0,0,AI,0,0.818182,1.18182,0.00165,0.0042,0,2,0,12,12
cl_09_080_08.TXT,35,34.5,0.004159,OPT,83,0,0,AI,0,0.942857,1.02857,0.001651,0.002023,0,1,0,5,5
cl_09_080_09.TXT,30,30,0.016424,OPT,151,0,0,AI,0,0.4,1.86667,0.003815,0.009021,0,2,0,19,17
cl_09_080_10.TXT,36,36,0.008567,OPT,139,0,0,AI,0,0.694444,1.33333,0.001708,0.004204,0,2,0,8,8
cl_09_100_01.TXT,41,41,0.006686,OPT,106,0,0,AI,0,0.829268,1.17073,0.00291,0.002947,0,1,0,6,6
cl_09_100_02.TXT,36,35.5,0.024714,OPT,236,0,0,AI,0,0.611111,1.36111,0.006397,0.012843,0,2,0,18,18
cl_09_100_03.TXT,40,39.5,0.008871,OPT,119,0,0,AI,0,0.85,1.125,0.002929,0.004683,0,1,0,8,8
cl_09_100_04.TXT,45,44.5,0.006787,OPT,116,0,0,AI,0,0.755556,1.26667,0.001479,0.002981,0,2,0,7,7
cl_09_100_05.TXT,38,38,0.009564,OPT,113,0,0,AI,0,0.921053,1.07895,0.003762,0.004408,0,1,0,9,9
cl_09_100_06.TXT,39,39,0.015763,OPT,180,0,0,AI,0,0.897436,1.10256,0.003354,0.00837,0,2,0,15,15
cl_09_100_07.TXT,41,40.5,0.006932,OPT,111,0,0,AI,0,0.926829,1.04878,0.002495,0.003602,0,1,0,6,6
cl_09_100_08.TXT,44,43.5,0.004538,OPT,116,0,0,AI,0,0.954545,1.02273,0.001219,0.002752,0,1,0,6,6
cl_09_100_09.TXT,39,38.5,0.00941,OPT,169,0,0,AI,0,0.589744,1.4359,0.003092,0.005051,0,1,0,7,7
cl_09_100_10.TXT,43,42.5,0.009338,OPT,184,0,0,AI,0,0.674419,1.34884,0.002394,0.005138,0,1,0,10,10
cl_10_020_01.TXT,5,5,0.003831,OPT,29,0,0,AI,0,0,2.6,0.000593,0.002603,0,2,0,7,7
cl_10_020_02.TXT,6,5.125,0.004878,OPT,68,0,0,AI,0,0.5,1.83333,0.000677,0.003411,0,1,0,13,13
cl_10_020_03.TXT,5,4.95,0.002616,OPT,24,0,0,AI,0,0,2.8,0.000478,0.001934,0,1,0,6,6
cl_10_020_04.TXT,5,5,8.8e-05,OPT,0,0,0,AI,0,1,1,0,0.000464,0,1,0,0,0
cl_10_020_05.TXT,4,4,2.7e-05,OPT,0,0,0,AI,0,1,1,0,0.000271,0,1,0,0,0
cl_10_020_06.TXT,5,5,2.5e-05,OPT,0,0,0,AI,0,1,1,0,0.000257999,0,1,0,0,0
cl_10_020_07.TXT,6,5.33333,0.005747,OPT,58,0,0,AI,0,0.166667,2,0.000887,0.004221,0,1,0,13,13
cl_10_020_08.TXT,4,4,4.1e-05,OPT,0,0,0,AI,0,1,1,0,0.000422999,0,1,0,0,0
cl_10_020_09.TXT,5,5,0.004951,OPT,57,0,0,AI,0,1,1,0.000783,0.003457,0,1,0,11,11
cl_10_020_10.TXT,4,4,4.1e-05,OPT,0,0,0,AI,0,1,1,0,0.000441,0,1,0,0,0
cl_10_040_01.TXT,10,9.99415,0.041576,OPT,150,0,0,AI,0,0.1,3.6,0.002406,0.034495,0,2,0,18,18
cl_10_040_02.TXT,9,8.8866,0.012305,OPT,87,0,0,AI,0,0,3.33333,0.002981,0.007303,0,2,0,13,13
cl_10_040_03.TXT,10,10,0.004161,OPT,46,0,0,AI,0,1,1,0.001392,0.002363,0,1,0,6,6
cl_10_040_04.TXT,8,7.94679,0.034162,OPT,80,0,0,AI,0,0.125,3.75,0.003895,0.026918,0,2,0,15,15
cl_10_040_05.TXT,8,7.9648,0.025935,OPT,162,0,0,AI,0,0,4.5,0.005182,0.016149,0,2,0,29,29
cl_10_040_06.TXT,9,8.9527,0.063651,OPT,134,0,0,AI,0,0,3.33333,0.00404,0.054417,0,2,0,22,22
cl_10_040_07.TXT,9,8.98835,0.20702,OPT,309,100,8,AI,100,0.111111,3.88889,0.005751,0.16415,0,2,8,48,48
cl_10_040_08.TXT,10,9.86,0.015858,OPT,111,0,0,AI,0,0.1,2.7,0.002257,0.010344,0,2,0,19,19
cl_10_040_09.TXT,11,10.17,0.018136,OPT,208,0,0,AI,0,0,3.18182,0.003229,0.011424,0,1,0,25,25
cl_10_040_10.TXT,10,9.9,0.012836,OPT,106,0,0,AI,0,0,3.2,0.002568,0.007679,0,2,0,16,16
cl_10_060_01.TXT,13,12.9665,0.034484,OPT,236,0,0,AI,0,0,3.84615,0.007734,0.020295,0,2,0,26,26
cl_10_060_02.TXT,14,13.9849,0.049768,OPT,302,0,0,AI,0,0,3.92857,0.008617,0.031352,0,2,0,41,41
cl_10_060_03.TXT,14,13.2515,0.077954,OPT,420,0,0,AI,0,0.0714286,3.64286,0.010555,0.050483,0,2,0,49,49
cl_10_060_04.TXT,12,11.9986,0.051015,OPT,276,0,0,AI,0,0,3.66667,0.011582,0.03029,0,2,0,48,48
cl_10_060_05.TXT,13,12.1133,0.038144,OPT,270,0,0,AI,0,0.0769231,3.69231,0.008232,0.024151,0,1,0,31,31
cl_10_060_06.TXT,15,14.8206,0.017362,OPT,140,0,0,AI,0,0,3.26667,0.004794,0.009781,0,2,0,13,13
cl_10_060_07.TXT,12,11.9961,0.068602,OPT,337,0,0,AI,0,0,4.91667,0.013311,0.042989,0,2,0,59,59
cl_10_060_08.TXT,14,13.8945,0.059875,OPT,219,0,0,AI,0,0,3.78571,0.00571,0.046702,0,2,0,19,19
cl_10_060_09.TXT,13,12.9339,0.04333,OPT,256,0,0,AI,0,0,4.30769,0.008309,0.028239,0,2,0,24,24
cl_10_060_10.TXT,12,11.8475,0.037723,OPT,196,0,0,AI,0,0,3.83333,0.007333,0.02339,0,2,0,31,31
cl_10_080_01.TXT,17,16.9627,0.035276,OPT,244,0,0,AI,0,0,3.82353,0.009673,0.019554,0,2,0,21,20
cl_10_080_02.TXT,16,15.8725,0.071569,OPT,327,0,0,AI,0,0,4.1875,0.014858,0.04566,0,2,0,35,35
cl_10_080_03.TXT,16,15.9337,0.099125,OPT,520,0,0,AI,0,0,4.4375,0.020806,0.060641,0,2,0,62,62
cl_10_080_04.TXT,19,18.1265,0.077801,OPT,473,0,0,AI,0,0.263158,3.26316,0.01514,0.052125,0,1,0,37,37
cl_10_080_05.TXT,19,18.3457,0.101682,OPT,513,0,0,AI,0,0,4.15789,0.012974,0.070585,0,2,0,38,38
cl_10_080_06.TXT,18,17.9668,0.054072,OPT,309,0,0,AI,0,0.0555556,3.94444,0.009082,0.035815,0,2,0,21,21
cl_10_080_07.TXT,17,16.0671,0.120677,OPT,506,0,0,AI,0,0.117647,4.05882,0.017862,0.088712,0,1,0,42,42
cl_10_080_08.TXT,17,16.919,0.06198,OPT,342,0,0,AI,0,0,4.35294,0.012126,0.039283,0,2,0,29,29
cl_10_080_09.TXT,17,16.9572,0.099645,OPT,382,0,0,AI,0,0,4.29412,0.015956,0.069651,0,2,0,44,44
cl_10_080_10.TXT,19,18.966,0.545187,OPT,879,100,10,AI,100,0,3.78947,0.021357,0.421296,0,2,11,103,103
cl_10_100_01.TXT,21,20.2027,0.146333,OPT,621,0,0,AI,0,0.047619,4.42857,0.022664,0.101009,0,2,0,39,39
cl_10_100_02.TXT,21,20.9616,0.161411,OPT,549,0,0,AI,0,0.047619,4.19048,0.021897,0.120187,0,2,0,45,44
cl_10_100_03.TXT,21,19.9958,1.40605,OPT,1238,100,9,ANI,100,0,4.85,0.038678,1.1671,0,2,13,138,136
cl_10_100_04.TXT,23,22.8986,0.180265,OPT,756,0,0,AI,0,0.0434783,4.04348,0.025989,0.127073,0,2,0,57,57
cl_10_100_05.TXT,21,20.9986,1.60984,OPT,1288,150,20,AI,100,0,4.61905,0.044509,1.29619,0,2,20,144,144
cl_10_100_06.TXT,20,19.8982,0.145318,OPT,479,0,0,AI,0,0,4.3,0.022818,0.102774,0,2,0,44,44
cl_10_100_07.TXT,21,20.9771,0.201535,OPT,851,0,0,AI,0,0,4.57143,0.031701,0.140133,0,2,0,75,72
cl_10_100_08.TXT,23,22.9629,0.225796,OPT,810,0,0,AI,0,0,3.91304,0.027956,0.16077,0,2,0,86,86
cl_10_100_09.TXT,22,21.9593,0.119262,OPT,562,0,0,AI,0,0,4.13636,0.021053,0.082366,0,2,0,48,48
cl_10_100_10.TXT,23,22.9417,0.089292,OPT,502,0,0,AI,0,0,3.69565,0.014141,0.062122,0,2,0,31,31
