BPP_1000_1000_0.1_0.7_0.txt.ins,245,244.339,51.1196,OPT,15233,0,0,AI,0,0.0285714,3.92245,1.65128,48.6533,0,2,0,118,118
BPP_1000_1000_0.1_0.7_1.txt.ins,242,241.181,83.4874,OPT,15994,0,0,AI,0,0.0371901,3.84711,1.78073,80.7222,0,2,0,122,121
BPP_1000_1000_0.1_0.7_2.txt.ins,243,242.987,276.124,OPT,15213,0,0,AI,0,0.0329218,3.73663,1.7219,272.211,0,2,0,173,173
BPP_1000_1000_0.1_0.7_3.txt.ins,243,241.999,3600.39,TLE,61227,203,30,?,100,0.0247934,3.8719,28.307,3499.34,0,-1,30,1461,1454
BPP_1000_1000_0.1_0.7_4.txt.ins,247,246.316,51.0838,OPT,15515,0,0,AI,0,0.0121457,3.88664,1.8844,48.4158,0,2,0,112,110
BPP_1000_1000_0.1_0.7_5.txt.ins,246,245.908,26.4068,OPT,12150,0,0,AI,0,0.0487805,3.56098,1.66489,24.2715,0,2,0,109,103
BPP_1000_1000_0.1_0.7_6.txt.ins,247,246.038,151.23,OPT,17315,0,0,AI,0,0.0161943,3.89879,2.53494,146.722,0,2,0,177,173
BPP_1000_1000_0.1_0.7_7.txt.ins,250,249.924,33.9185,OPT,12851,0,0,AI,0,0.02,3.512,1.76971,31.6898,0,2,0,106,104
BPP_1000_1000_0.1_0.7_8.txt.ins,246,244.999,3647.43,TLE,58789,262,40,?,100,0.0326531,3.77959,10.7388,3555.49,0,-1,40,1471,1467
BPP_1000_1000_0.1_0.7_9.txt.ins,253,252.916,350.557,OPT,13628,0,0,AI,0,0.027668,3.53755,1.7367,345.183,0,2,0,209,208
BPP_1000_1000_0.1_0.8_0.txt.ins,263,262.958,320.57,OPT,12990,0,0,AI,0,0.0342205,3.43346,1.83737,314.991,0,2,0,171,171
BPP_1000_1000_0.1_0.8_1.txt.ins,268,267.937,39.7464,OPT,11713,0,0,AI,0,0.0485075,3.3806,1.72686,37.4191,0,2,0,95,89
BPP_1000_1000_0.1_0.8_2.txt.ins,269,268.942,38.8991,OPT,12099,0,0,AI,0,0.0483271,3.30483,1.96721,36.3976,0,2,0,90,89
BPP_1000_1000_0.1_0.8_3.txt.ins,260,258.989,3881.68,TLE,24710,322,70,?,100,0.015444,3.60618,2.96439,3832.72,0,-1,70,757,753
BPP_1000_1000_0.1_0.8_4.txt.ins,266,265.2,61.2243,OPT,14341,0,0,AI,0,0.018797,3.47744,1.62088,58.7758,0,2,0,103,99
BPP_1000_1000_0.1_0.8_5.txt.ins,259,258.996,213.852,OPT,15231,0,0,AI,0,0.0501931,3.47104,1.66662,210.121,0,2,0,163,161
BPP_1000_1000_0.1_0.8_6.txt.ins,266,265.992,411.237,OPT,14538,0,0,AI,0,0.0601504,3.31955,1.6598,404.888,0,2,0,285,284
BPP_1000_1000_0.1_0.8_7.txt.ins,262,261.162,75.1396,OPT,15050,0,0,AI,0,0.0114504,3.59542,1.76985,72.4266,0,2,0,96,96
BPP_1000_1000_0.1_0.8_8.txt.ins,264,263.343,306.466,OPT,16348,0,0,AI,0,0.030303,3.49621,1.95405,300.931,0,2,0,230,227
BPP_1000_1000_0.1_0.8_9.txt.ins,269,268.022,79.1778,OPT,14761,0,0,AI,0,0.0408922,3.49071,1.54503,76.6921,0,2,0,88,88
BPP_1000_1000_0.2_0.7_0.txt.ins,274,273.315,55.9846,OPT,13581,0,0,AI,0,0.0729927,3.28832,1.13707,54.1565,0,2,0,74,74
BPP_1000_1000_0.2_0.7_1.txt.ins,277,276.976,680.478,OPT,16696,100,10,AI,100,0.0758123,3.08303,1.48613,670.684,0,2,10,229,229
BPP_1000_1000_0.2_0.7_2.txt.ins,277,276.367,50.5598,OPT,12533,0,0,AI,0,0.0577617,3.25271,1.11561,48.8261,0,2,0,66,66
BPP_1000_1000_0.2_0.7_3.txt.ins,277,276.745,44.4623,OPT,12796,0,0,AI,0,0.0613718,3.24549,1.20913,42.6303,0,2,0,74,74
BPP_1000_1000_0.2_0.7_4.txt.ins,280,279.642,308.239,OPT,15093,0,0,AI,0,0.0607143,3.175,1.30503,303.078,0,2,0,147,147
BPP_1000_1000_0.2_0.7_5.txt.ins,279,278.12,61.067,OPT,13739,0,0,AI,0,0.0501792,3.21505,1.16682,59.1596,0,2,0,63,63
BPP_1000_1000_0.2_0.7_6.txt.ins,277,276.955,19.4613,OPT,10035,0,0,AI,0,0.0758123,2.97112,1.01873,18.136,0,2,0,61,61
BPP_1000_1000_0.2_0.7_7.txt.ins,276,275.303,46.4227,OPT,12979,0,0,AI,0,0.0615942,3.26087,1.13504,44.6719,0,2,0,58,58
BPP_1000_1000_0.2_0.7_8.txt.ins,273,272.945,15.7776,OPT,9774,0,0,AI,0,0.0915751,3.05128,1.00795,14.497,0,2,0,56,56
BPP_1000_1000_0.2_0.7_9.txt.ins,277,276.994,1672.25,OPT,43456,199,30,AI,100,0.101083,3.08664,6.3145,1629.08,0,2,30,764,764
BPP_1000_1000_0.2_0.8_0.txt.ins,293,292.676,48.9363,OPT,12099,0,0,AI,0,0.0784983,2.96587,1.0658,47.23,0,2,0,64,61
BPP_1000_1000_0.2_0.8_1.txt.ins,299,298.504,76.9408,OPT,12705,0,0,AI,0,0.130435,2.74916,1.1755,74.5853,0,2,0,98,96
BPP_1000_1000_0.2_0.8_2.txt.ins,293,292.569,92.0744,OPT,12744,0,0,AI,0,0.102389,2.84983,1.08165,89.6677,0,2,0,94,93
BPP_1000_1000_0.2_0.8_3.txt.ins,295,294.141,43.7915,OPT,12018,0,0,AI,0,0.111864,2.80678,1.09503,42.0567,0,2,0,74,74
BPP_1000_1000_0.2_0.8_4.txt.ins,296,295.986,3169.99,OPT,56168,409,80,AI,100,0.0743243,2.97635,12.5638,3055.25,0,2,80,1366,1363
BPP_1000_1000_0.2_0.8_5.txt.ins,294,293.384,55.3495,OPT,12088,0,0,AI,0,0.0986395,2.88095,1.18198,53.4796,0,2,0,73,68
BPP_1000_1000_0.2_0.8_6.txt.ins,294,293.947,1171.62,OPT,38150,469,60,AI,100,0.0884354,2.97279,6.09763,1127.05,0,2,61,1535,1197
BPP_1000_1000_0.2_0.8_7.txt.ins,295,294.503,40.8206,OPT,12559,0,0,AI,0,0.122034,2.83051,1.12176,39.0587,0,2,0,75,74
BPP_1000_1000_0.2_0.8_8.txt.ins,297,296.11,39.2196,OPT,12477,0,0,AI,0,0.0875421,2.83838,1.10216,37.5403,0,2,0,59,58
BPP_1000_1000_0.2_0.8_9.txt.ins,291,290.891,28.1451,OPT,10132,0,0,AI,0,0.103093,2.85911,0.962853,26.8389,0,2,0,54,54
BPP_1000_100_0.1_0.7_0.txt.ins,248,247.046,56.7576,OPT,12063,0,0,AI,0,0.0524194,3.66935,0.905031,55.1877,0,2,0,75,74
BPP_1000_100_0.1_0.7_1.txt.ins,244,243.016,44.8149,OPT,11957,0,0,AI,0,0.0245902,3.86475,1.03764,43.1126,0,2,0,93,84
BPP_1000_100_0.1_0.7_2.txt.ins,246,245.98,196.911,OPT,14157,0,0,AI,0,0.0447154,3.56911,1.12571,193.663,0,2,0,200,199
BPP_1000_100_0.1_0.7_3.txt.ins,246,245.307,104.125,OPT,13887,0,0,AI,0,0.00406504,3.87398,1.24277,101.346,0,2,0,187,187
BPP_1000_100_0.1_0.7_4.txt.ins,248,247.93,279.465,OPT,13485,0,0,AI,0,0.0362903,3.54839,1.16707,275.277,0,2,0,192,191
BPP_1000_100_0.1_0.7_5.txt.ins,253,252.217,37.9583,OPT,11978,0,0,AI,0,0.0434783,3.63636,0.994106,36.4024,0,2,0,98,91
BPP_1000_100_0.1_0.7_6.txt.ins,247,246.238,33.2768,OPT,11980,0,0,AI,0,0.0364372,3.77733,0.901529,31.7534,0,2,0,106,102
BPP_1000_100_0.1_0.7_7.txt.ins,247,246.935,171.681,OPT,13221,0,0,AI,0,0.048583,3.65587,1.02439,168.756,0,2,0,148,147
BPP_1000_100_0.1_0.7_8.txt.ins,245,244.956,19.01,OPT,11513,0,0,AI,0,0.0367347,3.56735,1.05988,17.5706,0,2,0,99,99
BPP_1000_100_0.1_0.7_9.txt.ins,253,252.198,87.0005,OPT,12579,0,0,AI,0,0.0158103,3.68775,1.0159,84.6278,0,2,0,141,140
BPP_1000_100_0.1_0.8_0.txt.ins,266,265.989,26.1506,OPT,10841,0,0,AI,0,0.0864662,3.1015,0.942015,24.8082,0,2,0,91,91
BPP_1000_100_0.1_0.8_1.txt.ins,265,264.301,45.6287,OPT,11947,0,0,AI,0,0.0301887,3.46792,0.892655,44.0873,0,2,0,92,92
BPP_1000_100_0.1_0.8_2.txt.ins,266,265.171,41.7769,OPT,11236,0,0,AI,0,0.093985,3.25564,0.854122,40.3059,0,2,0,84,78
BPP_1000_100_0.1_0.8_3.txt.ins,266,265.987,953.119,OPT,18212,256,30,AI,100,0.0263158,3.41729,1.552,938.433,0,2,30,497,493
BPP_1000_100_0.1_0.8_4.txt.ins,268,267.984,1125.02,OPT,17422,267,40,AI,100,0.0820896,3.1791,1.44431,1109.09,0,2,40,426,426
BPP_1000_100_0.1_0.8_5.txt.ins,265,264.979,182.012,OPT,13031,0,0,AI,0,0.0528302,3.29811,1.08903,178.947,0,2,0,144,139
BPP_1000_100_0.1_0.8_6.txt.ins,266,265.059,47.466,OPT,12354,0,0,AI,0,0.0338346,3.38722,1.06253,45.7466,0,2,0,94,89
BPP_1000_100_0.1_0.8_7.txt.ins,266,265.861,31.0455,OPT,10744,0,0,AI,0,0.0413534,3.33083,0.950128,29.6909,0,2,0,83,83
BPP_1000_100_0.1_0.8_8.txt.ins,267,266.279,100.979,OPT,12698,0,0,AI,0,0.0337079,3.37828,0.950247,98.6878,0,2,0,129,129
BPP_1000_100_0.1_0.8_9.txt.ins,267,266.286,37.0727,OPT,12315,0,0,AI,0,0.0262172,3.52809,0.899559,35.5642,0,2,0,111,109
BPP_1000_100_0.2_0.7_0.txt.ins,275,274.936,589.982,OPT,14920,100,10,AI,100,0.0727273,3.07636,0.816357,582.035,0,2,10,232,232
BPP_1000_100_0.2_0.7_1.txt.ins,276,275.992,27.3402,OPT,10914,0,0,AI,0,0.076087,2.99275,0.688656,26.2778,0,2,0,60,59
BPP_1000_100_0.2_0.7_2.txt.ins,278,277.296,34.9099,OPT,10249,0,0,AI,0,0.0251799,3.26978,0.618616,33.8294,0,2,0,61,59
BPP_1000_100_0.2_0.7_3.txt.ins,278,277.947,27.8615,OPT,10760,0,0,AI,0,0.147482,2.78777,0.713198,26.7111,0,2,0,55,55
BPP_1000_100_0.2_0.7_4.txt.ins,279,278.054,41.3887,OPT,11023,0,0,AI,0,0.0752688,3.13262,0.674647,40.127,0,2,0,71,71
BPP_1000_100_0.2_0.7_5.txt.ins,279,278.963,25.9926,OPT,11411,0,0,AI,0,0.125448,2.78136,0.673231,24.9366,0,2,0,62,62
BPP_1000_100_0.2_0.7_6.txt.ins,281,280.913,304.454,OPT,11738,100,10,AI,100,0.0782918,3.01779,0.70236,299.632,0,2,10,170,168
BPP_1000_100_0.2_0.7_7.txt.ins,278,277.833,62.158,OPT,10317,0,0,AI,0,0.111511,2.84532,0.734986,60.5091,0,2,0,84,84
BPP_1000_100_0.2_0.7_8.txt.ins,278,277.982,115.418,OPT,12204,0,0,AI,0,0.0719424,2.95324,0.802771,112.699,0,2,0,118,113
BPP_1000_100_0.2_0.7_9.txt.ins,278,277.087,49.3053,OPT,10807,0,0,AI,0,0.0719424,3.10432,0.66982,47.984,0,2,0,62,56
BPP_1000_100_0.2_0.8_0.txt.ins,297,296.458,72.7278,OPT,10632,0,0,AI,0,0.0841751,3.00337,0.632736,71.0261,0,2,0,80,77
BPP_1000_100_0.2_0.8_1.txt.ins,290,289.999,198.301,OPT,12297,0,0,AI,0,0.0965517,2.88621,0.748063,194.592,0,2,0,153,153
BPP_1000_100_0.2_0.8_2.txt.ins,294,293.149,83.691,OPT,11263,0,0,AI,0,0.0884354,3.03061,0.641934,81.9039,0,2,0,82,78
BPP_1000_100_0.2_0.8_3.txt.ins,296,295.105,53.9478,OPT,9629,0,0,AI,0,0.0945946,2.87162,0.560305,52.5323,0,2,0,67,67
BPP_1000_100_0.2_0.8_4.txt.ins,298,297.99,373.403,OPT,14261,100,10,AI,100,0.0738255,2.91275,0.875913,366.881,0,2,10,215,215
BPP_1000_100_0.2_0.8_5.txt.ins,293,292.89,62.1772,OPT,10143,0,0,AI,0,0.0887372,2.85666,0.641773,60.4961,0,2,0,90,86
BPP_1000_100_0.2_0.8_6.txt.ins,290,289.896,20.4268,OPT,9834,0,0,AI,0,0.151724,2.68621,0.632449,19.4715,0,2,0,62,62
BPP_1000_100_0.2_0.8_7.txt.ins,290,289.432,109.904,OPT,12369,0,0,AI,0,0.0551724,3.10345,0.656862,107.919,0,2,0,82,82
BPP_1000_100_0.2_0.8_8.txt.ins,298,297.153,57.5035,OPT,9589,0,0,AI,0,0.090604,2.89262,0.598155,55.9999,0,2,0,74,74
BPP_1000_100_0.2_0.8_9.txt.ins,294,293.731,125.314,OPT,11774,0,0,AI,0,0.0782313,2.91837,0.641735,122.743,0,2,0,125,122
BPP_1000_120_0.1_0.7_0.txt.ins,247,246.33,97.8443,OPT,13345,0,0,AI,0,0.0242915,3.79757,1.0626,95.4583,0,2,0,167,159
BPP_1000_120_0.1_0.7_1.txt.ins,249,248.968,289.39,OPT,14857,0,0,AI,0,0.0803213,3.39759,1.21087,284.753,0,2,0,225,222
BPP_1000_120_0.1_0.7_2.txt.ins,244,243.244,41.0553,OPT,12957,0,0,AI,0,0.0245902,3.80328,1.12155,39.2481,0,2,0,97,97
BPP_1000_120_0.1_0.7_3.txt.ins,245,244.99,25.4236,OPT,12286,0,0,AI,0,0.044898,3.42449,1.14766,23.8084,0,2,0,98,94
BPP_1000_120_0.1_0.7_4.txt.ins,248,247.029,105.332,OPT,13015,0,0,AI,0,0.016129,3.80242,1.18616,102.622,0,2,0,148,148
BPP_1000_120_0.1_0.7_5.txt.ins,246,245.996,2203.73,OPT,37894,532,60,AI,100,0.0406504,3.66667,3.9947,2150.64,0,2,60,1025,1025
BPP_1000_120_0.1_0.7_6.txt.ins,253,252.949,117.985,OPT,12142,0,0,AI,0,0.0434783,3.40316,1.01553,115.498,0,2,0,138,135
BPP_1000_120_0.1_0.7_7.txt.ins,242,241.956,23.8233,OPT,12104,0,0,AI,0,0.053719,3.46281,1.21831,22.1859,0,2,0,150,139
BPP_1000_120_0.1_0.7_8.txt.ins,244,243.195,33.2493,OPT,12445,0,0,AI,0,0.045082,3.77869,0.994874,31.578,0,2,0,104,104
BPP_1000_120_0.1_0.7_9.txt.ins,252,251.904,18.6435,OPT,11381,0,0,AI,0,0.047619,3.47222,1.15084,17.0416,0,2,0,96,96
BPP_1000_120_0.1_0.8_0.txt.ins,263,262.979,125.199,OPT,12537,0,0,AI,0,0.0684411,3.26236,1.09335,122.483,0,2,0,133,133
BPP_1000_120_0.1_0.8_1.txt.ins,264,263.986,660.733,OPT,15751,100,10,AI,100,0.0492424,3.34848,1.14383,651.686,0,2,10,321,321
BPP_1000_120_0.1_0.8_2.txt.ins,263,262.9,153.867,OPT,12328,0,0,AI,0,0.0684411,3.30418,1.18235,150.628,0,2,0,207,189
BPP_1000_120_0.1_0.8_3.txt.ins,273,272.955,34.8204,OPT,12372,0,0,AI,0,0.0732601,3.14652,0.923705,33.4258,0,2,0,109,109
BPP_1000_120_0.1_0.8_4.txt.ins,263,262.942,119.56,OPT,12705,0,0,AI,0,0.0684411,3.1711,1.26362,116.667,0,2,0,149,149
BPP_1000_120_0.1_0.8_5.txt.ins,261,260.953,29.6486,OPT,11046,0,0,AI,0,0.0613027,3.40613,1.02556,28.1266,0,2,0,98,98
BPP_1000_120_0.1_0.8_6.txt.ins,263,262.216,42.9389,OPT,12004,0,0,AI,0,0.0152091,3.64639,1.11124,41.1743,0,2,0,81,80
BPP_1000_120_0.1_0.8_7.txt.ins,273,272.944,121.485,OPT,11618,0,0,AI,0,0.0549451,3.20513,0.961868,119.041,0,2,0,137,132
BPP_1000_120_0.1_0.8_8.txt.ins,266,265.939,36.7046,OPT,11623,0,0,AI,0,0.0714286,3.31579,1.04116,35.1635,0,2,0,102,99
BPP_1000_120_0.1_0.8_9.txt.ins,266,265.093,96.5613,OPT,13516,0,0,AI,0,0.0225564,3.42857,1.19924,94.1927,0,2,0,145,145
BPP_1000_120_0.2_0.7_0.txt.ins,279,278.969,144.453,OPT,11400,0,0,AI,0,0.0716846,3.01792,0.707783,141.903,0,2,0,111,111
BPP_1000_120_0.2_0.7_1.txt.ins,280,279.979,242.491,OPT,13238,0,0,AI,0,0.1,2.98929,0.76225,238.63,0,2,0,153,153
BPP_1000_120_0.2_0.7_2.txt.ins,276,275,357.566,OPT,15055,20,1,ANI,20,0.0763636,3.13818,0.752013,352.724,0,2,2,166,166
BPP_1000_120_0.2_0.7_3.txt.ins,278,277.805,71.2364,OPT,11335,0,0,AI,0,0.125899,2.91727,0.707553,69.614,0,2,0,95,95
BPP_1000_120_0.2_0.7_4.txt.ins,277,276.942,23.4195,OPT,10803,0,0,AI,0,0.0938628,2.93863,0.667287,22.4346,0,2,0,69,69
BPP_1000_120_0.2_0.7_5.txt.ins,279,278.233,28.1496,OPT,12010,0,0,AI,0,0.0896057,3.07885,0.614186,27.1128,0,2,0,67,61
BPP_1000_120_0.2_0.7_6.txt.ins,276,275.957,19.3006,OPT,10842,0,0,AI,0,0.112319,3.02899,0.609,18.3965,0,2,0,62,62
BPP_1000_120_0.2_0.7_7.txt.ins,282,281.986,90.0052,OPT,11792,0,0,AI,0,0.0815603,2.90426,0.685205,88.2109,0,2,0,87,87
BPP_1000_120_0.2_0.7_8.txt.ins,278,276.995,3600.64,TLE,24634,1250,171,?,100,0.0866426,3.07581,1.91811,3528.16,0,-1,269,912,912
BPP_1000_120_0.2_0.7_9.txt.ins,275,274.187,30.6541,OPT,11714,0,0,AI,0,0.0290909,3.36,0.68576,29.4377,0,2,0,65,65
BPP_1000_120_0.2_0.8_0.txt.ins,295,294.193,66.8027,OPT,10823,0,0,AI,0,0.0847458,2.9322,0.636041,65.2358,0,2,0,68,68
BPP_1000_120_0.2_0.8_1.txt.ins,292,291.991,104.007,OPT,10184,0,0,AI,0,0.0890411,2.88014,0.640477,101.727,0,2,0,92,92
BPP_1000_120_0.2_0.8_2.txt.ins,294,293.409,38.5096,OPT,9997,0,0,AI,0,0.0680272,3.08844,0.61648,37.3926,0,2,0,52,52
BPP_1000_120_0.2_0.8_3.txt.ins,295,294.616,38.0562,OPT,9608,0,0,AI,0,0.0745763,3.02373,0.624324,36.8778,0,2,0,47,45
BPP_1000_120_0.2_0.8_4.txt.ins,293,292.938,31.0095,OPT,9496,0,0,AI,0,0.0716724,2.86689,0.625821,30.0285,0,2,0,59,58
BPP_1000_120_0.2_0.8_5.txt.ins,290,289.835,23.7516,OPT,9073,0,0,AI,0,0.0862069,2.94483,0.586344,22.8591,0,2,0,46,46
BPP_1000_120_0.2_0.8_6.txt.ins,295,294.251,82.5786,OPT,11378,0,0,AI,0,0.0745763,2.95932,0.663983,80.8428,0,2,0,78,73
BPP_1000_120_0.2_0.8_7.txt.ins,289,288.964,305.815,OPT,13196,0,0,AI,0,0.0657439,3.08997,0.727833,301.05,0,2,0,170,170
BPP_1000_120_0.2_0.8_8.txt.ins,296,295.121,38.3078,OPT,9634,0,0,AI,0,0.0506757,3.05068,0.62985,37.1621,0,2,0,58,58
BPP_1000_120_0.2_0.8_9.txt.ins,297,296.889,22.7156,OPT,9406,0,0,AI,0,0.124579,2.80135,0.631455,21.7649,0,2,0,46,46
BPP_1000_125_0.1_0.7_0.txt.ins,245,244.969,29.0054,OPT,12150,0,0,AI,0,0.0204082,3.66939,1.15065,27.4028,0,2,0,106,94
BPP_1000_125_0.1_0.7_1.txt.ins,246,245.976,276.387,OPT,14693,0,0,AI,0,0.0406504,3.5813,1.36986,271.981,0,2,0,226,225
BPP_1000_125_0.1_0.7_2.txt.ins,237,236.965,1288.54,OPT,21573,185,20,AI,100,0.0379747,3.81435,2.11903,1271.85,0,2,20,596,592
BPP_1000_125_0.1_0.7_3.txt.ins,249,248.998,520.97,OPT,17565,100,10,AI,100,0.0562249,3.44177,1.43878,512.727,0,2,10,298,298
BPP_1000_125_0.1_0.7_4.txt.ins,247,246.234,106.083,OPT,13690,0,0,AI,0,0.0323887,3.70445,1.22913,103.508,0,2,0,154,153
BPP_1000_125_0.1_0.7_5.txt.ins,248,247.069,45.9517,OPT,12941,0,0,AI,0,0.0120968,3.78226,1.07367,44.1973,0,2,0,103,100
BPP_1000_125_0.1_0.7_6.txt.ins,248,247.968,163.547,OPT,13538,0,0,AI,0,0.0604839,3.46774,1.30208,160.548,0,2,0,177,177
BPP_1000_125_0.1_0.7_7.txt.ins,248,246.996,3614.3,TLE,78028,329,40,?,100,0.0121457,3.86235,12.4599,3439.31,0,-1,40,2440,2439
BPP_1000_125_0.1_0.7_8.txt.ins,246,245.999,170.168,OPT,13251,0,0,AI,0,0.0325203,3.56098,1.34874,166.616,0,2,0,224,224
BPP_1000_125_0.1_0.7_9.txt.ins,251,250.964,238.36,OPT,13799,0,0,AI,0,0.0438247,3.48606,1.37843,234.311,0,2,0,231,227
BPP_1000_125_0.1_0.8_0.txt.ins,260,259.517,177.759,OPT,14273,0,0,AI,0,0.0153846,3.60769,1.31835,174.079,0,2,0,197,193
BPP_1000_125_0.1_0.8_1.txt.ins,262,261.931,26.1794,OPT,11698,0,0,AI,0,0.0954198,3.20611,1.07499,24.6967,0,2,0,111,104
BPP_1000_125_0.1_0.8_2.txt.ins,273,272.985,248.34,OPT,12750,0,0,AI,0,0.0842491,3.07692,1.14433,243.551,0,2,0,238,238
BPP_1000_125_0.1_0.8_3.txt.ins,262,261.324,39.7332,OPT,11895,0,0,AI,0,0.0114504,3.62977,1.00479,38.1056,0,2,0,95,94
BPP_1000_125_0.1_0.8_4.txt.ins,264,263.381,40.6423,OPT,12246,0,0,AI,0,0.0227273,3.53788,1.11886,38.9737,0,2,0,93,93
BPP_1000_125_0.1_0.8_5.txt.ins,270,269.999,133.704,OPT,11965,0,0,AI,0,0.0925926,3.12963,1.05762,131.096,0,2,0,153,153
BPP_1000_125_0.1_0.8_6.txt.ins,265,264.07,49.3758,OPT,12511,0,0,AI,0,0.0415094,3.47925,0.998621,47.747,0,2,0,93,91
BPP_1000_125_0.1_0.8_7.txt.ins,264,263.317,232.264,OPT,14878,0,0,AI,0,0.0454545,3.43939,1.24653,228.008,0,2,0,253,240
BPP_1000_125_0.1_0.8_8.txt.ins,259,258.367,37.2947,OPT,12326,0,0,AI,0,0.030888,3.55598,1.01314,35.7394,0,2,0,103,92
BPP_1000_125_0.1_0.8_9.txt.ins,260,259.567,38.7287,OPT,12322,0,0,AI,0,0.0269231,3.51538,1.02915,37.1594,0,2,0,81,80
BPP_1000_125_0.2_0.7_0.txt.ins,277,276.94,54.3906,OPT,11075,0,0,AI,0,0.133574,2.81227,0.769576,52.7452,0,2,0,92,92
BPP_1000_125_0.2_0.7_1.txt.ins,275,274.441,40.8935,OPT,11618,0,0,AI,0,0.04,3.21455,0.69182,39.6822,0,2,0,72,72
BPP_1000_125_0.2_0.7_2.txt.ins,278,277.938,260.791,OPT,12931,100,10,AI,100,0.0899281,2.97122,0.853668,256.455,0,2,10,210,210
BPP_1000_125_0.2_0.7_3.txt.ins,278,277.956,276.165,OPT,12976,0,0,AI,0,0.125899,2.91727,0.803289,271.882,0,2,0,126,126
BPP_1000_125_0.2_0.7_4.txt.ins,272,271.799,27.4218,OPT,10540,0,0,AI,0,0.0735294,2.98529,0.779275,26.3349,0,2,0,57,53
BPP_1000_125_0.2_0.7_5.txt.ins,278,277.992,240.873,OPT,13909,0,0,AI,0,0.100719,3.05036,0.811186,237.392,0,2,0,131,131
BPP_1000_125_0.2_0.7_6.txt.ins,277,276.484,41.5043,OPT,12116,0,0,AI,0,0.0794224,3.07942,0.696212,40.3177,0,2,0,65,64
BPP_1000_125_0.2_0.7_7.txt.ins,278,277.914,24.776,OPT,10738,0,0,AI,0,0.0539568,3.15108,0.735925,23.7279,0,2,0,59,59
BPP_1000_125_0.2_0.7_8.txt.ins,280,279.33,71.7199,OPT,11645,0,0,AI,0,0.0714286,3.17143,0.692623,70.0949,0,2,0,83,75
BPP_1000_125_0.2_0.7_9.txt.ins,273,272.99,197.278,OPT,12462,0,0,AI,0,0.0915751,2.97802,0.7831,194.177,0,2,0,119,119
BPP_1000_125_0.2_0.8_0.txt.ins,294,293.145,50.2388,OPT,10416,0,0,AI,0,0.0714286,3.03401,0.688656,48.9749,0,2,0,47,47
BPP_1000_125_0.2_0.8_1.txt.ins,294,293.989,146.734,OPT,10742,0,0,AI,0,0.102041,2.86395,0.720192,143.767,0,2,0,132,132
BPP_1000_125_0.2_0.8_2.txt.ins,296,295.925,296.73,OPT,11518,100,10,AI,100,0.0777027,2.87838,0.751124,291.823,0,2,10,149,149
BPP_1000_125_0.2_0.8_3.txt.ins,299,298.679,77.466,OPT,10081,0,0,AI,0,0.0367893,3.08361,0.681417,75.7061,0,2,0,88,88
BPP_1000_125_0.2_0.8_4.txt.ins,290,289.987,260.655,OPT,14318,0,0,AI,0,0.0793103,2.93103,0.870635,256.376,0,2,0,180,180
BPP_1000_125_0.2_0.8_5.txt.ins,290,289.305,75.9183,OPT,12226,0,0,AI,0,0.0793103,3.01724,0.732649,74.1911,0,2,0,100,100
BPP_1000_125_0.2_0.8_6.txt.ins,294,293.356,44.4933,OPT,11423,0,0,AI,0,0.0612245,3.03401,0.640953,43.3247,0,2,0,65,65
BPP_1000_125_0.2_0.8_7.txt.ins,292,291.879,149.252,OPT,11510,0,0,AI,0,0.0993151,2.84247,0.768645,146.511,0,2,0,117,109
BPP_1000_125_0.2_0.8_8.txt.ins,290,289.932,409.53,OPT,12521,100,10,AI,100,0.110345,2.88621,0.803141,403.449,0,2,10,180,180
BPP_1000_125_0.2_0.8_9.txt.ins,292,291.064,37.3158,OPT,10610,0,0,AI,0,0.0684932,2.99658,0.654779,36.2116,0,2,0,55,55
BPP_1000_150_0.1_0.7_0.txt.ins,244,243.998,30.3462,OPT,12890,0,0,AI,0,0.0163934,3.72951,1.00139,28.9041,0,2,0,111,111
BPP_1000_150_0.1_0.7_1.txt.ins,246,245.378,33.6764,OPT,13238,0,0,AI,0,0.0203252,3.83333,1.07432,32.032,0,2,0,131,115
BPP_1000_150_0.1_0.7_2.txt.ins,248,247.97,804.583,OPT,16280,100,10,AI,100,0.0766129,3.48387,1.24571,795.508,0,2,10,292,289
BPP_1000_150_0.1_0.7_3.txt.ins,248,247.959,564.318,OPT,16243,0,0,AI,0,0.0362903,3.59677,1.28773,557.742,0,2,0,242,242
BPP_1000_150_0.1_0.7_4.txt.ins,247,246.973,246.662,OPT,13797,0,0,AI,0,0.0161943,3.63158,1.19103,242.882,0,2,0,207,207
BPP_1000_150_0.1_0.7_5.txt.ins,244,242.995,3672.45,TLE,84155,324,40,?,100,0.037037,3.66667,10.3702,3507.97,0,-1,40,2278,2277
BPP_1000_150_0.1_0.7_6.txt.ins,249,248.992,19.6435,OPT,11311,0,0,AI,0,0.0522088,3.5502,0.896547,18.4047,0,2,0,75,75
BPP_1000_150_0.1_0.7_7.txt.ins,252,251.981,337.647,OPT,14946,0,0,AI,0,0.031746,3.5873,1.2176,333.106,0,2,0,228,226
BPP_1000_150_0.1_0.7_8.txt.ins,248,247.099,30.1352,OPT,12222,0,0,AI,0,0.0282258,3.80242,0.972072,28.647,0,2,0,92,91
BPP_1000_150_0.1_0.7_9.txt.ins,248,247.938,28.119,OPT,12360,0,0,AI,0,0.0282258,3.59274,1.0044,26.7139,0,2,0,118,115
BPP_1000_150_0.1_0.8_0.txt.ins,261,260.433,44.9593,OPT,13730,0,0,AI,0,0.0268199,3.50575,1.00658,43.291,0,2,0,115,107
BPP_1000_150_0.1_0.8_1.txt.ins,263,262.392,38.1174,OPT,12032,0,0,AI,0,0.0228137,3.58935,0.88337,36.7312,0,2,0,83,79
BPP_1000_150_0.1_0.8_2.txt.ins,267,266.408,48.4814,OPT,11529,0,0,AI,0,0.0524345,3.3221,0.828874,47.0875,0,2,0,89,87
BPP_1000_150_0.1_0.8_3.txt.ins,265,264.99,184.618,OPT,13453,0,0,AI,0,0.0377358,3.50189,1.00211,181.705,0,2,0,129,129
BPP_1000_150_0.1_0.8_4.txt.ins,263,262.983,28.97,OPT,10615,0,0,AI,0,0.0608365,3.27757,0.889048,27.7125,0,2,0,70,70
BPP_1000_150_0.1_0.8_5.txt.ins,267,266.969,26.3125,OPT,11004,0,0,AI,0,0.101124,3.10112,0.845264,25.0927,0,2,0,85,85
BPP_1000_150_0.1_0.8_6.txt.ins,264,263.962,222.602,OPT,13099,0,0,AI,0,0.0833333,3.20076,1.00966,219.071,0,2,0,180,180
BPP_1000_150_0.1_0.8_7.txt.ins,260,259.268,47.4787,OPT,12114,0,0,AI,0,0.0384615,3.45,0.939628,45.9856,0,2,0,85,85
BPP_1000_150_0.1_0.8_8.txt.ins,265,263.999,1151.33,OPT,17159,265,22,ANI,100,0.0227273,3.56439,1.14074,1136.81,0,2,37,261,261
BPP_1000_150_0.1_0.8_9.txt.ins,267,266.906,22.5135,OPT,11383,0,0,AI,0,0.0674157,3.18352,0.944414,21.2088,0,2,0,87,86
BPP_1000_150_0.2_0.7_0.txt.ins,276,275.946,141.166,OPT,12864,0,0,AI,0,0.119565,2.85507,0.813212,138.504,0,2,0,120,120
BPP_1000_150_0.2_0.7_1.txt.ins,278,277.99,140.331,OPT,11847,0,0,AI,0,0.122302,2.80935,0.712534,137.382,0,2,0,114,114
BPP_1000_150_0.2_0.7_2.txt.ins,272,271.882,28.8511,OPT,10672,0,0,AI,0,0.0808824,3.05882,0.662176,27.8271,0,2,0,57,57
BPP_1000_150_0.2_0.7_3.txt.ins,278,277.312,93.0968,OPT,12606,0,0,AI,0,0.0503597,3.2554,0.738307,91.2466,0,2,0,98,90
BPP_1000_150_0.2_0.7_4.txt.ins,278,277.973,194.314,OPT,12397,0,0,AI,0,0.129496,2.8705,0.714779,191.233,0,2,0,107,107
BPP_1000_150_0.2_0.7_5.txt.ins,273,272.942,467.168,OPT,14789,100,10,AI,100,0.0549451,3.15018,0.888979,460.803,0,2,10,236,236
BPP_1000_150_0.2_0.7_6.txt.ins,277,276.579,33.4253,OPT,10852,0,0,AI,0,0.032491,3.34657,0.631635,32.3694,0,2,0,62,62
BPP_1000_150_0.2_0.7_7.txt.ins,276,275.3,41.9915,OPT,11672,0,0,AI,0,0.057971,3.23188,0.660106,40.7929,0,2,0,66,64
BPP_1000_150_0.2_0.7_8.txt.ins,279,278.906,386.73,OPT,14418,162,20,AI,100,0.175627,2.67384,0.846929,379.978,0,2,20,289,287
BPP_1000_150_0.2_0.7_9.txt.ins,278,277.927,122.188,OPT,11246,0,0,AI,0,0.115108,2.88489,0.721268,119.863,0,2,0,124,120
BPP_1000_150_0.2_0.8_0.txt.ins,296,295.358,41.1105,OPT,11100,0,0,AI,0,0.0743243,2.98311,0.584638,40.0442,0,2,0,55,55
BPP_1000_150_0.2_0.8_1.txt.ins,289,288.174,38.2442,OPT,11240,0,0,AI,0,0.0726644,3.04152,0.623006,37.1136,0,2,0,50,50
BPP_1000_150_0.2_0.8_2.txt.ins,292,291.126,37.8031,OPT,11797,0,0,AI,0,0.0958904,2.9863,0.642868,36.646,0,2,0,58,58
BPP_1000_150_0.2_0.8_3.txt.ins,292,291.943,705.233,OPT,15858,149,20,AI,100,0.0890411,2.86644,0.986907,695.487,0,2,20,265,265
BPP_1000_150_0.2_0.8_4.txt.ins,294,293.972,20.8531,OPT,8860,0,0,AI,0,0.0680272,2.92177,0.618722,19.9535,0,2,0,49,48
BPP_1000_150_0.2_0.8_5.txt.ins,294,293.296,40.387,OPT,9479,0,0,AI,0,0.0578231,3.04082,0.625851,39.2852,0,2,0,53,50
BPP_1000_150_0.2_0.8_6.txt.ins,292,291.299,38.9307,OPT,11592,0,0,AI,0,0.0547945,3.00342,0.677882,37.7156,0,2,0,66,65
BPP_1000_150_0.2_0.8_7.txt.ins,298,297.067,31.7526,OPT,9752,0,0,AI,0,0.130872,2.78859,0.647217,30.6691,0,2,0,42,42
BPP_1000_150_0.2_0.8_8.txt.ins,292,291.975,85.842,OPT,11615,0,0,AI,0,0.0993151,2.85616,0.787159,83.8708,0,2,0,98,95
BPP_1000_150_0.2_0.8_9.txt.ins,297,296.445,94.847,OPT,11645,0,0,AI,0,0.037037,3.0404,0.691181,92.9629,0,2,0,91,91
BPP_1000_200_0.1_0.7_0.txt.ins,249,248.865,22.5804,OPT,10872,0,0,AI,0,0.0401606,3.51004,1.06477,21.1493,0,2,0,88,87
BPP_1000_200_0.1_0.7_1.txt.ins,245,244.993,394.497,OPT,18365,0,0,AI,0,0.044898,3.37959,1.56827,388.017,0,2,0,302,302
BPP_1000_200_0.1_0.7_2.txt.ins,243,242.249,33.1177,OPT,12708,0,0,AI,0,0,3.94239,1.14023,31.2973,0,2,0,106,106
BPP_1000_200_0.1_0.7_3.txt.ins,244,243.304,36.8982,OPT,12272,0,0,AI,0,0.0245902,3.79918,1.11154,35.2734,0,2,0,118,105
BPP_1000_200_0.1_0.7_4.txt.ins,248,247.295,43.3562,OPT,13599,0,0,AI,0,0.016129,3.79839,1.21295,41.4919,0,2,0,132,115
BPP_1000_200_0.1_0.7_5.txt.ins,249,248.192,33.2328,OPT,12802,0,0,AI,0,0.0120482,3.74297,1.17471,31.5927,0,2,0,88,88
BPP_1000_200_0.1_0.7_6.txt.ins,249,248.975,165.752,OPT,13179,0,0,AI,0,0.0321285,3.55422,1.23534,162.851,0,2,0,145,142
BPP_1000_200_0.1_0.7_7.txt.ins,244,243.981,509.907,OPT,15778,0,0,AI,0,0.0163934,3.63934,1.42946,503.835,0,2,0,325,325
BPP_1000_200_0.1_0.7_8.txt.ins,247,246.052,51.3484,OPT,13560,0,0,AI,0,0.0121457,3.8583,1.21674,49.4181,0,2,0,95,95
BPP_1000_200_0.1_0.7_9.txt.ins,248,247.962,209.913,OPT,14260,0,0,AI,0,0.0524194,3.54435,1.17531,206.923,0,2,0,176,176
BPP_1000_200_0.1_0.8_0.txt.ins,263,262.96,481.257,OPT,15486,0,0,AI,0,0.0228137,3.45247,1.31,474.878,0,2,0,320,320
BPP_1000_200_0.1_0.8_1.txt.ins,268,267.857,26.3721,OPT,11199,0,0,AI,0,0.0597015,3.22015,1.01515,24.9989,0,2,0,114,114
BPP_1000_200_0.1_0.8_2.txt.ins,256,255.934,233.932,OPT,13860,0,0,AI,0,0.0429688,3.45312,1.24741,230.27,0,2,0,187,185
BPP_1000_200_0.1_0.8_3.txt.ins,264,263.47,242.774,OPT,15148,0,0,AI,0,0.0340909,3.48864,1.17891,238.699,0,2,0,220,220
BPP_1000_200_0.1_0.8_4.txt.ins,264,263.986,541.358,OPT,15814,0,0,AI,0,0.0227273,3.44318,1.14287,535.335,0,2,0,222,222
BPP_1000_200_0.1_0.8_5.txt.ins,267,265.996,3718.15,TLE,24627,930,180,?,100,0.0413534,3.45113,2.68083,3634.91,0,-1,181,1126,1126
BPP_1000_200_0.1_0.8_6.txt.ins,265,264.38,49.188,OPT,13540,0,0,AI,0,0.0528302,3.38868,1.03321,47.3865,0,2,0,96,95
BPP_1000_200_0.1_0.8_7.txt.ins,259,258.881,22.4349,OPT,11587,0,0,AI,0,0.0694981,3.26641,1.05543,21.0128,0,2,0,88,81
BPP_1000_200_0.1_0.8_8.txt.ins,263,262.007,37.4206,OPT,12819,0,0,AI,0,0.0798479,3.44487,1.05284,35.7456,0,2,0,83,79
BPP_1000_200_0.1_0.8_9.txt.ins,261,260.117,32.04,OPT,12695,0,0,AI,0,0.0306513,3.60536,1.10074,30.349,0,2,0,108,106
BPP_1000_200_0.2_0.7_0.txt.ins,278,277.025,38.9746,OPT,12207,0,0,AI,0,0.0431655,3.24101,0.738407,37.7341,0,2,0,65,65
BPP_1000_200_0.2_0.7_1.txt.ins,274,273.96,401.616,OPT,15094,0,0,AI,0,0.0474453,3.27737,0.91505,396.026,0,2,0,185,185
BPP_1000_200_0.2_0.7_2.txt.ins,275,274.033,37.5298,OPT,11885,0,0,AI,0,0.0509091,3.30545,0.808085,36.2347,0,2,0,64,62
BPP_1000_200_0.2_0.7_3.txt.ins,279,278.942,82.1233,OPT,11406,0,0,AI,0,0.103943,2.99283,0.691772,80.318,0,2,0,80,80
BPP_1000_200_0.2_0.7_4.txt.ins,277,276.231,29.9626,OPT,11737,0,0,AI,0,0.032491,3.3213,0.742263,28.7813,0,2,0,67,63
BPP_1000_200_0.2_0.7_5.txt.ins,276,275.138,87.4221,OPT,11808,0,0,AI,0,0.0362319,3.32246,0.726771,85.6348,0,2,0,88,84
BPP_1000_200_0.2_0.7_6.txt.ins,277,276.359,37.6844,OPT,12283,0,0,AI,0,0.0685921,3.18773,0.804033,36.4004,0,2,0,69,69
BPP_1000_200_0.2_0.7_7.txt.ins,276,275.974,2214.19,OPT,25895,673,110,AI,100,0.0362319,3.20652,1.68143,2176.36,0,2,110,781,778
BPP_1000_200_0.2_0.7_8.txt.ins,278,277.989,73.1339,OPT,11244,0,0,AI,0,0.0827338,3.02878,0.765337,71.4485,0,2,0,79,79
BPP_1000_200_0.2_0.7_9.txt.ins,277,276.969,432.643,OPT,14140,0,0,AI,0,0.0794224,3.06859,0.83105,427.828,0,2,0,147,147
BPP_1000_200_0.2_0.8_0.txt.ins,297,296.337,45.7076,OPT,11376,0,0,AI,0,0.0707071,3.01684,0.682473,44.5114,0,2,0,65,63
BPP_1000_200_0.2_0.8_1.txt.ins,288,287.004,42.3689,OPT,11179,0,0,AI,0,0.0486111,3.15278,0.691295,41.1775,0,2,0,73,67
BPP_1000_200_0.2_0.8_2.txt.ins,292,291.462,45.8924,OPT,11253,0,0,AI,0,0.106164,3.00342,0.678045,44.729,0,2,0,56,55
BPP_1000_200_0.2_0.8_3.txt.ins,299,298.461,32.7986,OPT,10220,0,0,AI,0,0.0936455,2.91973,0.650352,31.7719,0,2,0,51,51
BPP_1000_200_0.2_0.8_4.txt.ins,297,296.188,38.5962,OPT,11273,0,0,AI,0,0.124579,2.83165,0.674938,37.3916,0,2,0,55,55
BPP_1000_200_0.2_0.8_5.txt.ins,295,294.972,148.613,OPT,12187,0,0,AI,0,0.0813559,2.91186,0.761948,146.044,0,2,0,120,120
BPP_1000_200_0.2_0.8_6.txt.ins,289,288.921,70.7602,OPT,10977,0,0,AI,0,0.0761246,2.95502,0.705089,69.095,0,2,0,92,92
BPP_1000_200_0.2_0.8_7.txt.ins,294,293.973,434.792,OPT,12365,100,10,AI,100,0.0816327,2.96599,0.779859,428.996,0,2,10,178,178
BPP_1000_200_0.2_0.8_8.txt.ins,296,295.311,52.0776,OPT,10842,0,0,AI,0,0.0337838,3.11486,0.698796,50.8457,0,2,0,74,72
BPP_1000_200_0.2_0.8_9.txt.ins,293,292.69,32.182,OPT,11535,0,0,AI,0,0.105802,2.91126,0.707022,31.0563,0,2,0,72,72
BPP_1000_300_0.1_0.7_0.txt.ins,244,243.928,267.356,OPT,14692,0,0,AI,0,0.057377,3.5041,1.3971,263.502,0,2,0,228,224
BPP_1000_300_0.1_0.7_1.txt.ins,242,241.968,391.278,OPT,16042,0,0,AI,0,0.0123967,3.78099,1.40737,386.497,0,2,0,236,235
BPP_1000_300_0.1_0.7_2.txt.ins,245,244.951,28.4417,OPT,12162,0,0,AI,0,0.044898,3.51837,1.18423,26.8662,0,2,0,105,105
BPP_1000_300_0.1_0.7_3.txt.ins,243,242.995,593.853,OPT,16099,0,0,AI,0,0.0205761,3.64198,1.4271,587.635,0,2,0,272,272
BPP_1000_300_0.1_0.7_4.txt.ins,248,247.966,460.486,OPT,15376,0,0,AI,0,0.0120968,3.66129,1.3747,455.137,0,2,0,247,247
BPP_1000_300_0.1_0.7_5.txt.ins,252,251.156,45.1802,OPT,13757,0,0,AI,0,0.00396825,3.81746,1.15111,43.3691,0,2,0,113,112
BPP_1000_300_0.1_0.7_6.txt.ins,248,247.024,103.851,OPT,15234,0,0,AI,0,0.0282258,3.83468,1.30606,101.354,0,2,0,153,152
BPP_1000_300_0.1_0.7_7.txt.ins,249,248.977,166.862,OPT,13024,0,0,AI,0,0.0361446,3.50201,1.25679,164.125,0,2,0,158,158
BPP_1000_300_0.1_0.7_8.txt.ins,243,242.024,40.9126,OPT,12913,0,0,AI,0,0.0288066,3.83539,1.14271,39.2522,0,2,0,93,89
BPP_1000_300_0.1_0.7_9.txt.ins,246,245.225,36.8267,OPT,13380,0,0,AI,0,0.00813008,3.89431,1.20574,35.1141,0,2,0,89,89
BPP_1000_300_0.1_0.8_0.txt.ins,265,264.94,26.3052,OPT,11922,0,0,AI,0,0.0603774,3.28302,1.06101,24.8737,0,2,0,94,89
BPP_1000_300_0.1_0.8_1.txt.ins,261,260.954,539.09,OPT,15077,100,10,AI,100,0.0651341,3.37165,1.27382,532.41,0,2,10,295,292
BPP_1000_300_0.1_0.8_2.txt.ins,265,264.019,47.6061,OPT,13412,0,0,AI,0,0.0264151,3.56981,1.09043,45.9179,0,2,0,97,82
BPP_1000_300_0.1_0.8_3.txt.ins,266,264.995,3603.5,TLE,75979,399,56,?,100,0.0528302,3.35094,17.2722,3421.56,0,-1,56,2996,2987
BPP_1000_300_0.1_0.8_4.txt.ins,264,263.975,770.263,OPT,16603,100,10,AI,100,0.0757576,3.25,1.32758,761.863,0,2,10,338,336
BPP_1000_300_0.1_0.8_5.txt.ins,266,265.007,47.1445,OPT,13757,0,0,AI,0,0.037594,3.42105,1.07384,45.4803,0,2,0,96,87
BPP_1000_300_0.1_0.8_6.txt.ins,266,265.981,2394.37,OPT,47980,276,40,AI,100,0.0263158,3.42105,4.40418,2349.18,0,2,40,1058,1055
BPP_1000_300_0.1_0.8_7.txt.ins,264,263.983,1598.3,OPT,21417,256,40,AI,100,0.0909091,3.18561,1.74847,1577.27,0,2,40,603,603
BPP_1000_300_0.1_0.8_8.txt.ins,261,260.959,128.572,OPT,11828,0,0,AI,0,0.045977,3.31034,1.12891,125.933,0,2,0,119,119
BPP_1000_300_0.1_0.8_9.txt.ins,272,271.385,41.7864,OPT,13005,0,0,AI,0,0.0441176,3.43382,1.10146,40.1138,0,2,0,95,94
BPP_1000_300_0.2_0.7_0.txt.ins,275,274.003,36.2625,OPT,12233,0,0,AI,0,0.109091,3.11636,0.785965,35.0041,0,2,0,68,64
BPP_1000_300_0.2_0.7_1.txt.ins,276,275.945,793.616,OPT,16374,166,20,AI,100,0.0688406,3.14855,1.09185,783.954,0,2,20,257,257
BPP_1000_300_0.2_0.7_2.txt.ins,277,276.931,22.7449,OPT,10764,0,0,AI,0,0.0722022,3.0722,0.839465,21.6346,0,2,0,57,57
BPP_1000_300_0.2_0.7_3.txt.ins,279,278.132,39.1831,OPT,12870,0,0,AI,0,0.0501792,3.20072,0.779392,37.9113,0,2,0,68,68
BPP_1000_300_0.2_0.7_4.txt.ins,277,276.978,345.167,OPT,14648,0,0,AI,0,0.0577617,3.14079,0.946924,340.657,0,2,0,169,169
BPP_1000_300_0.2_0.7_5.txt.ins,270,269.927,25.7313,OPT,11797,0,0,AI,0,0.0851852,3.1037,0.885438,24.5363,0,2,0,69,63
BPP_1000_300_0.2_0.7_6.txt.ins,279,278.174,50.7402,OPT,12836,0,0,AI,0,0.0573477,3.19355,0.798778,49.353,0,2,0,68,68
BPP_1000_300_0.2_0.7_7.txt.ins,272,271.881,192.049,OPT,12221,0,0,AI,0,0.0514706,3.15074,0.891355,188.945,0,2,0,134,133
BPP_1000_300_0.2_0.7_8.txt.ins,279,278.215,37.1524,OPT,12350,0,0,AI,0,0.100358,3.0681,0.765424,35.9162,0,2,0,68,68
BPP_1000_300_0.2_0.7_9.txt.ins,277,276.886,29.6967,OPT,11000,0,0,AI,0,0.0649819,3.05776,0.776099,28.6123,0,2,0,66,66
BPP_1000_300_0.2_0.8_0.txt.ins,299,298.243,43.7533,OPT,11622,0,0,AI,0,0.0635452,2.94314,0.709662,42.5702,0,2,0,57,57
BPP_1000_300_0.2_0.8_1.txt.ins,293,292.971,30.7666,OPT,10924,0,0,AI,0,0.0580205,2.99317,0.756831,29.6815,0,2,0,61,61
BPP_1000_300_0.2_0.8_2.txt.ins,292,290.993,198.456,OPT,13372,20,1,ANI,20,0.0309278,3.12715,0.885528,194.378,0,2,2,135,130
BPP_1000_300_0.2_0.8_3.txt.ins,290,289.954,350.628,OPT,11400,0,0,AI,0,0.0551724,2.98966,0.79662,345.747,0,2,0,123,123
BPP_1000_300_0.2_0.8_4.txt.ins,292,291.293,128.439,OPT,11172,0,0,AI,0,0.0513699,3.0274,0.792561,126.086,0,2,0,107,103
BPP_1000_300_0.2_0.8_5.txt.ins,289,288.755,139.339,OPT,12856,0,0,AI,0,0.110727,2.90657,0.864035,136.606,0,2,0,125,121
BPP_1000_300_0.2_0.8_6.txt.ins,292,291.331,75.5032,OPT,12315,0,0,AI,0,0.0719178,3,0.773556,73.7515,0,2,0,110,102
BPP_1000_300_0.2_0.8_7.txt.ins,295,294.333,38.5313,OPT,11662,0,0,AI,0,0.0779661,2.98983,0.740786,37.3276,0,2,0,60,56
BPP_1000_300_0.2_0.8_8.txt.ins,292,291.265,33.7928,OPT,11535,0,0,AI,0,0.0719178,2.97603,0.704889,32.6558,0,2,0,69,66
BPP_1000_300_0.2_0.8_9.txt.ins,293,292.957,560.204,OPT,13731,147,20,AI,100,0.0682594,3,0.94264,551.838,0,2,20,224,224
BPP_1000_400_0.1_0.7_0.txt.ins,247,246.947,22.862,OPT,12106,0,0,AI,0,0.0283401,3.63563,1.26713,21.226,0,2,0,142,134
BPP_1000_400_0.1_0.7_1.txt.ins,248,247.936,18.6513,OPT,11195,0,0,AI,0,0.0362903,3.52823,1.20745,17.1209,0,2,0,100,97
BPP_1000_400_0.1_0.7_2.txt.ins,249,248.988,1799.86,OPT,22650,231,40,AI,100,0.0200803,3.6988,1.93839,1779.2,0,2,40,669,669
BPP_1000_400_0.1_0.7_3.txt.ins,243,242.269,48.3043,OPT,14337,0,0,AI,0,0.0164609,3.90535,1.36144,46.2309,0,2,0,125,121
BPP_1000_400_0.1_0.7_4.txt.ins,243,242.97,379.717,OPT,16264,0,0,AI,0,0.0411523,3.65432,1.51053,375.191,0,2,0,217,207
BPP_1000_400_0.1_0.7_5.txt.ins,250,249.883,535.118,OPT,15082,0,0,AI,0,0.024,3.612,1.40026,529.346,0,2,0,258,258
BPP_1000_400_0.1_0.7_6.txt.ins,247,246.966,283.457,OPT,13469,0,0,AI,0,0.0242915,3.60729,1.50172,279.522,0,2,0,212,211
BPP_1000_400_0.1_0.7_7.txt.ins,249,248.223,138.301,OPT,14087,0,0,AI,0,0.0200803,3.79116,1.42279,135.428,0,2,0,138,138
BPP_1000_400_0.1_0.7_8.txt.ins,249,248.118,37.7186,OPT,13008,0,0,AI,0,0.0200803,3.78715,1.12872,36.0074,0,2,0,92,82
BPP_1000_400_0.1_0.7_9.txt.ins,249,248.077,31.1126,OPT,12539,0,0,AI,0,0.0321285,3.75502,1.16748,29.4635,0,2,0,98,98
BPP_1000_400_0.1_0.8_0.txt.ins,257,256.83,32.0568,OPT,12317,0,0,AI,0,0.0700389,3.29183,1.33616,30.3327,0,2,0,101,101
BPP_1000_400_0.1_0.8_1.txt.ins,266,265.933,204.143,OPT,13127,0,0,AI,0,0.0827068,3.15789,1.46524,199.876,0,2,0,157,157
BPP_1000_400_0.1_0.8_2.txt.ins,268,267.185,52.0247,OPT,13503,0,0,AI,0,0.0671642,3.26866,1.21814,50.193,0,2,0,95,90
BPP_1000_400_0.1_0.8_3.txt.ins,264,263.074,53.2976,OPT,13336,0,0,AI,0,0.0492424,3.51894,1.11716,51.5995,0,2,0,80,80
BPP_1000_400_0.1_0.8_4.txt.ins,264,263.56,41.1084,OPT,14189,0,0,AI,0,0.0454545,3.50758,1.12367,39.3765,0,2,0,103,101
BPP_1000_400_0.1_0.8_5.txt.ins,264,263.031,52.6762,OPT,13378,0,0,AI,0,0.0340909,3.56818,1.15357,50.939,0,2,0,66,66
BPP_1000_400_0.1_0.8_6.txt.ins,267,266.935,166.214,OPT,12561,0,0,AI,0,0.0374532,3.41199,1.12371,163.533,0,2,0,141,141
BPP_1000_400_0.1_0.8_7.txt.ins,263,262.487,51.6009,OPT,13475,0,0,AI,0,0.0304183,3.51331,1.16475,49.7585,0,2,0,127,127
BPP_1000_400_0.1_0.8_8.txt.ins,262,261.074,43.9239,OPT,13153,0,0,AI,0,0.0305344,3.5687,1.19264,42.1747,0,2,0,97,90
BPP_1000_400_0.1_0.8_9.txt.ins,262,260.993,3681.25,TLE,59726,480,60,?,100,0.0498084,3.47893,6.76437,3573.49,0,-1,60,1814,1814
BPP_1000_400_0.2_0.7_0.txt.ins,277,276.662,31.9938,OPT,11793,0,0,AI,0,0.0685921,3.23827,0.841979,30.7448,0,2,0,64,64
BPP_1000_400_0.2_0.7_1.txt.ins,275,274.233,47.4141,OPT,12732,0,0,AI,0,0.0763636,3.25091,0.878697,46.0186,0,2,0,72,66
BPP_1000_400_0.2_0.7_2.txt.ins,277,276.988,974.02,OPT,18063,206,30,AI,100,0.0685921,3.06498,1.16973,961.54,0,2,30,286,286
BPP_1000_400_0.2_0.7_3.txt.ins,277,275.989,3734.43,TLE,53436,553,80,?,100,0.0362319,3.27174,5.19506,3651.26,0,-1,80,1270,1270
BPP_1000_400_0.2_0.7_4.txt.ins,276,275.233,129.051,OPT,13339,0,0,AI,0,0.0398551,3.21014,1.09705,126.343,0,2,0,102,102
BPP_1000_400_0.2_0.7_5.txt.ins,275,274.988,226.749,OPT,12392,0,0,AI,0,0.0763636,3.17455,1.10061,222.608,0,2,0,108,108
BPP_1000_400_0.2_0.7_6.txt.ins,277,276.887,250.36,OPT,12538,0,0,AI,0,0.0541516,3.11913,1.12984,245.676,0,2,0,136,136
BPP_1000_400_0.2_0.7_7.txt.ins,278,277.215,40.6641,OPT,12399,0,0,AI,0,0.057554,3.22302,1.01307,39.016,0,2,0,73,73
BPP_1000_400_0.2_0.7_8.txt.ins,278,277.059,45.409,OPT,12250,0,0,AI,0,0.0683453,3.15108,0.978275,43.7835,0,2,0,71,63
BPP_1000_400_0.2_0.7_9.txt.ins,276,275.954,19.2709,OPT,10485,0,0,AI,0,0.0869565,3.01812,0.946212,17.9681,0,2,0,55,55
BPP_1000_400_0.2_0.8_0.txt.ins,286,285.433,86.6413,OPT,13034,0,0,AI,0,0.0699301,3.0035,1.01543,84.155,0,2,0,113,110
BPP_1000_400_0.2_0.8_1.txt.ins,300,299.762,154.149,OPT,11790,0,0,AI,0,0.0833333,2.90667,0.861308,151.02,0,2,0,113,107
BPP_1000_400_0.2_0.8_2.txt.ins,291,290.488,38.0711,OPT,12243,0,0,AI,0,0.123711,2.87973,0.970968,36.4529,0,2,0,78,78
BPP_1000_400_0.2_0.8_3.txt.ins,293,292.504,35.8268,OPT,11746,0,0,AI,0,0.109215,2.843,0.897705,34.3386,0,2,0,64,64
BPP_1000_400_0.2_0.8_4.txt.ins,294,293.967,264.378,OPT,13210,0,0,AI,0,0.0748299,3,1.08458,259.107,0,2,0,152,152
BPP_1000_400_0.2_0.8_5.txt.ins,290,289.103,33.889,OPT,11428,0,0,AI,0,0.0862069,3.01379,0.876412,32.4216,0,2,0,68,68
BPP_1000_400_0.2_0.8_6.txt.ins,290,288.948,3652.71,TLE,69908,575,150,?,100,0.0726644,2.99654,27.2418,3480.15,0,-1,150,3458,2344
BPP_1000_400_0.2_0.8_7.txt.ins,301,300.049,41.6686,OPT,9640,0,0,AI,0,0.0631229,2.94684,0.708718,40.4921,0,2,0,47,47
BPP_1000_400_0.2_0.8_8.txt.ins,295,294.084,34.1749,OPT,12471,0,0,AI,0,0.122034,2.77966,0.768836,32.9257,0,2,0,80,70
BPP_1000_400_0.2_0.8_9.txt.ins,294,292.921,3690.82,TLE,46904,791,190,?,100,0.0546075,3.00341,14.7541,3560.26,0,-1,190,2956,2027
BPP_1000_500_0.1_0.7_0.txt.ins,248,247.971,883.032,OPT,15701,137,20,AI,100,0.0322581,3.64113,2.12932,869.938,0,2,20,448,446
BPP_1000_500_0.1_0.7_1.txt.ins,249,248.97,399.357,OPT,13808,0,0,AI,0,0.0803213,3.33735,1.84982,392.736,0,2,0,236,235
BPP_1000_500_0.1_0.7_2.txt.ins,246,245,3641.31,TLE,70231,302,40,?,100,0.00816327,3.83673,14.4572,3464.36,0,-1,40,2023,2016
BPP_1000_500_0.1_0.7_3.txt.ins,244,243.994,20.4592,OPT,12351,0,0,AI,0,0.045082,3.56148,1.62746,18.3413,0,2,0,119,114
BPP_1000_500_0.1_0.7_4.txt.ins,253,252.426,249.185,OPT,16743,0,0,AI,0,0.0474308,3.66798,1.75117,244.182,0,2,0,219,219
BPP_1000_500_0.1_0.7_5.txt.ins,244,243,713.014,OPT,18517,60,1,ANI,60,0.037037,3.64609,2.15398,702.521,0,2,2,217,214
BPP_1000_500_0.1_0.7_6.txt.ins,247,246.976,1074.5,OPT,18653,100,10,AI,100,0.0161943,3.76518,2.55493,1060.73,0,2,10,385,381
BPP_1000_500_0.1_0.7_7.txt.ins,247,246.041,49.2459,OPT,13794,0,0,AI,0,0.048583,3.65992,1.51811,46.9766,0,2,0,99,90
BPP_1000_500_0.1_0.7_8.txt.ins,242,241.874,158.254,OPT,13603,0,0,AI,0,0.0289256,3.68595,1.81793,154.586,0,2,0,176,169
BPP_1000_500_0.1_0.7_9.txt.ins,241,240.996,421.436,OPT,13990,0,0,AI,0,0.0124481,3.85477,1.83167,415.716,0,2,0,193,187
BPP_1000_500_0.1_0.8_0.txt.ins,264,263.668,167.767,OPT,15497,0,0,AI,0,0.0416667,3.4697,1.3723,164.337,0,2,0,153,153
BPP_1000_500_0.1_0.8_1.txt.ins,263,262.294,142.27,OPT,15746,0,0,AI,0,0.0190114,3.54373,1.65259,138.581,0,2,0,182,173
BPP_1000_500_0.1_0.8_2.txt.ins,267,266.487,53.7171,OPT,14164,0,0,AI,0,0.0299625,3.48315,1.45829,51.3689,0,2,0,116,109
BPP_1000_500_0.1_0.8_3.txt.ins,265,264.217,50.939,OPT,13367,0,0,AI,0,0.0301887,3.49811,1.36513,48.7807,0,2,0,93,93
BPP_1000_500_0.1_0.8_4.txt.ins,268,267.214,53.2973,OPT,14225,0,0,AI,0,0.0746269,3.24627,1.28887,51.1986,0,2,0,96,96
BPP_1000_500_0.1_0.8_5.txt.ins,261,260.94,191.064,OPT,12748,0,0,AI,0,0.0727969,3.2682,1.49046,186.995,0,2,0,198,198
BPP_1000_500_0.1_0.8_6.txt.ins,267,266.994,31.7156,OPT,11294,0,0,AI,0,0.0561798,3.24719,1.2354,30.0097,0,2,0,78,78
BPP_1000_500_0.1_0.8_7.txt.ins,265,264.974,565.148,OPT,15913,0,0,AI,0,0.0339623,3.43396,1.94528,556.48,0,2,0,294,294
BPP_1000_500_0.1_0.8_8.txt.ins,267,266.893,36.8971,OPT,11381,0,0,AI,0,0.0411985,3.24345,1.45301,34.9345,0,2,0,82,82
BPP_1000_500_0.1_0.8_9.txt.ins,261,260.199,52.3267,OPT,12362,0,0,AI,0,0.0383142,3.53257,1.32217,50.231,0,2,0,81,81
BPP_1000_500_0.2_0.7_0.txt.ins,282,281.949,342.335,OPT,13224,0,0,AI,0,0.0602837,3.03901,1.21684,336.421,0,2,0,147,147
BPP_1000_500_0.2_0.7_1.txt.ins,280,279.281,38.1886,OPT,12231,0,0,AI,0,0.107143,3.05357,1.01071,36.518,0,2,0,62,61
BPP_1000_500_0.2_0.7_2.txt.ins,275,274.883,213.83,OPT,11523,0,0,AI,0,0.0945455,3,1.1385,209.79,0,2,0,112,112
BPP_1000_500_0.2_0.7_3.txt.ins,281,280.242,43.1364,OPT,13080,0,0,AI,0,0.0782918,3.12811,1.08119,41.388,0,2,0,71,71
BPP_1000_500_0.2_0.7_4.txt.ins,276,275.14,63.9603,OPT,13532,0,0,AI,0,0.0471014,3.27899,1.15497,61.9754,0,2,0,79,77
BPP_1000_500_0.2_0.7_5.txt.ins,273,272.312,164.856,OPT,14699,0,0,AI,0,0.0732601,3.23443,1.34902,160.997,0,2,0,147,147
BPP_1000_500_0.2_0.7_6.txt.ins,279,278.167,49.382,OPT,12614,0,0,AI,0,0.0716846,3.1828,1.1279,47.5411,0,2,0,64,64
BPP_1000_500_0.2_0.7_7.txt.ins,276,275.238,52.7921,OPT,12621,0,0,AI,0,0.0688406,3.2029,1.05557,51.024,0,2,0,61,60
BPP_1000_500_0.2_0.7_8.txt.ins,276,275.949,834.721,OPT,15630,166,20,AI,100,0.0905797,3.02536,1.54153,822.049,0,2,20,245,245
BPP_1000_500_0.2_0.7_9.txt.ins,282,281.375,39.9107,OPT,12449,0,0,AI,0,0.0815603,3.0461,1.02535,38.2533,0,2,0,66,64
BPP_1000_500_0.2_0.8_0.txt.ins,296,295.98,1437.36,OPT,40418,231,30,AI,100,0.0304054,3.09797,7.02728,1393.39,0,2,30,799,798
BPP_1000_500_0.2_0.8_1.txt.ins,292,291.878,35.2713,OPT,12085,0,0,AI,0,0.174658,2.74315,1.03189,33.6216,0,2,0,72,71
BPP_1000_500_0.2_0.8_2.txt.ins,289,288.266,48.5125,OPT,12686,0,0,AI,0,0.0484429,3.0692,0.857273,47.1079,0,2,0,79,79
BPP_1000_500_0.2_0.8_3.txt.ins,291,290.386,170.702,OPT,14004,0,0,AI,0,0.0824742,2.91065,1.23895,166.503,0,2,0,162,157
BPP_1000_500_0.2_0.8_4.txt.ins,293,292.973,171.316,OPT,11543,0,0,AI,0,0.0989761,2.85324,1.03663,167.721,0,2,0,102,102
BPP_1000_500_0.2_0.8_5.txt.ins,294,293.18,48.0212,OPT,12449,0,0,AI,0,0.0986395,2.92517,1.03881,46.2626,0,2,0,54,54
BPP_1000_500_0.2_0.8_6.txt.ins,296,295.336,83.2454,OPT,12283,0,0,AI,0,0.0844595,2.90203,1.08698,80.8668,0,2,0,88,88
BPP_1000_500_0.2_0.8_7.txt.ins,291,290.052,41.9567,OPT,12535,0,0,AI,0,0.0687285,2.94845,1.01047,40.2084,0,2,0,72,67
BPP_1000_500_0.2_0.8_8.txt.ins,297,296.289,89.4848,OPT,11871,0,0,AI,0,0.037037,3.0202,1.10309,87.0712,0,2,0,80,80
BPP_1000_500_0.2_0.8_9.txt.ins,295,294.356,38.9394,OPT,11790,0,0,AI,0,0.0915254,2.88814,1.04988,37.2364,0,2,0,68,65
BPP_1000_50_0.1_0.7_0.txt.ins,248,247.995,24.8162,OPT,11245,0,0,AI,0,0.0201613,3.64516,0.911488,23.3923,0,2,0,108,104
BPP_1000_50_0.1_0.7_1.txt.ins,243,242.991,138.169,OPT,12787,0,0,AI,0,0.037037,3.7037,1.00629,135.218,0,2,0,173,173
BPP_1000_50_0.1_0.7_2.txt.ins,249,248.957,314.517,OPT,13779,0,0,AI,0,0.0361446,3.59839,1.12254,309.569,0,2,0,214,214
BPP_1000_50_0.1_0.7_3.txt.ins,242,241.96,118.976,OPT,13259,0,0,AI,0,0.0247934,3.58264,1.07563,116.06,0,2,0,182,180
BPP_1000_50_0.1_0.7_4.txt.ins,246,245.879,117.931,OPT,12924,0,0,AI,0,0.0365854,3.45528,1.09024,115.158,0,2,0,156,154
BPP_1000_50_0.1_0.7_5.txt.ins,251,250.992,166.774,OPT,13634,0,0,AI,0,0.0278884,3.54183,0.978136,163.672,0,2,0,162,162
BPP_1000_50_0.1_0.7_6.txt.ins,256,255.316,29.8982,OPT,10378,0,0,AI,0,0.0234375,3.66406,0.738805,28.5621,0,2,0,90,83
BPP_1000_50_0.1_0.7_7.txt.ins,248,247.236,26.3546,OPT,11779,0,0,AI,0,0.0201613,3.69758,0.865821,24.9003,0,2,0,111,106
BPP_1000_50_0.1_0.7_8.txt.ins,247,246.364,31.2697,OPT,12048,0,0,AI,0,0.0283401,3.68826,0.836924,29.7822,0,2,0,98,96
BPP_1000_50_0.1_0.7_9.txt.ins,250,249.999,19.7836,OPT,11569,0,0,AI,0,0.04,3.476,0.85023,18.4555,0,2,0,115,113
BPP_1000_50_0.1_0.8_0.txt.ins,268,267.816,22.4278,OPT,10114,0,0,AI,0,0.0708955,3.18284,0.74312,21.2593,0,2,0,92,88
BPP_1000_50_0.1_0.8_1.txt.ins,268,267.223,123.092,OPT,11986,0,0,AI,0,0.0634328,3.36567,0.876638,120.188,0,2,0,167,166
BPP_1000_50_0.1_0.8_2.txt.ins,267,266.091,87.8475,OPT,11935,0,0,AI,0,0.0411985,3.34831,0.844683,85.6845,0,2,0,130,127
BPP_1000_50_0.1_0.8_3.txt.ins,271,270.685,121.261,OPT,11968,0,0,AI,0,0.0184502,3.47601,0.930602,118.512,0,2,0,146,145
BPP_1000_50_0.1_0.8_4.txt.ins,266,265.339,88.6362,OPT,11295,0,0,AI,0,0.0451128,3.33835,0.823744,86.3864,0,2,0,139,139
BPP_1000_50_0.1_0.8_5.txt.ins,265,264.982,27.7402,OPT,10984,0,0,AI,0,0.0339623,3.32075,0.827739,26.4008,0,2,0,99,99
BPP_1000_50_0.1_0.8_6.txt.ins,269,268.981,627.394,OPT,15248,100,10,AI,100,0.0334572,3.33829,1.32739,617.166,0,2,10,335,335
BPP_1000_50_0.1_0.8_7.txt.ins,267,266.985,23.9425,OPT,10879,0,0,AI,0,0.0599251,3.16105,0.934938,22.536,0,2,0,94,94
BPP_1000_50_0.1_0.8_8.txt.ins,263,262.256,34.5916,OPT,11252,0,0,AI,0,0.00760456,3.53992,0.801103,33.2987,0,2,0,94,93
BPP_1000_50_0.1_0.8_9.txt.ins,265,264.968,33.8743,OPT,11325,0,0,AI,0,0.0226415,3.40377,0.596577,32.8785,0,2,0,107,107
BPP_1000_50_0.2_0.7_0.txt.ins,279,278.924,217.788,OPT,12857,0,0,AI,0,0.121864,2.81362,0.573716,214.484,0,2,0,171,170
BPP_1000_50_0.2_0.7_1.txt.ins,275,274.618,96.386,OPT,11275,0,0,AI,0,0.0436364,3.21818,0.545403,94.3836,0,2,0,103,101
BPP_1000_50_0.2_0.7_2.txt.ins,280,279.873,16.6576,OPT,9431,0,0,AI,0,0.0892857,2.98571,0.472843,15.8557,0,2,0,50,50
BPP_1000_50_0.2_0.7_3.txt.ins,277,276.993,55.1117,OPT,10370,0,0,AI,0,0.101083,2.91336,0.536668,53.4712,0,2,0,80,80
BPP_1000_50_0.2_0.7_4.txt.ins,276,275.318,43.7148,OPT,9997,0,0,AI,0,0.0289855,3.35145,0.530591,42.5631,0,2,0,60,59
BPP_1000_50_0.2_0.7_5.txt.ins,277,276.253,24.766,OPT,9691,0,0,AI,0,0.0794224,3.09386,0.479386,23.8201,0,2,0,55,55
BPP_1000_50_0.2_0.7_6.txt.ins,280,279.124,36.2239,OPT,10231,0,0,AI,0,0.0928571,3.07143,0.470524,35.2964,0,2,0,63,63
BPP_1000_50_0.2_0.7_7.txt.ins,279,278.947,85.3325,OPT,11077,0,0,AI,0,0.103943,2.8853,0.593592,83.354,0,2,0,103,103
BPP_1000_50_0.2_0.7_8.txt.ins,282,281.234,27.1782,OPT,10161,0,0,AI,0,0.035461,3.21277,0.501134,26.2068,0,2,0,54,54
BPP_1000_50_0.2_0.7_9.txt.ins,278,277.902,19.3592,OPT,9140,0,0,AI,0,0.0719424,2.93525,0.466523,18.6036,0,2,0,43,43
BPP_1000_50_0.2_0.8_0.txt.ins,299,298.828,30.8611,OPT,9202,0,0,AI,0,0.0367893,3.0301,0.47704,29.9858,0,2,0,65,65
BPP_1000_50_0.2_0.8_1.txt.ins,291,290.985,59.3419,OPT,11092,0,0,AI,0,0.0584192,3.0378,0.489556,58.0221,0,2,0,87,87
BPP_1000_50_0.2_0.8_2.txt.ins,295,294.967,225.744,OPT,11621,0,0,AI,0,0.0813559,2.90508,0.494664,222.394,0,2,0,113,113
BPP_1000_50_0.2_0.8_3.txt.ins,295,294.986,152.732,OPT,13111,0,0,AI,0,0.108475,2.84746,0.624041,149.474,0,2,0,168,166
BPP_1000_50_0.2_0.8_4.txt.ins,294,293.129,34.1775,OPT,9177,0,0,AI,0,0.0578231,3.02721,0.483339,33.1792,0,2,0,48,48
BPP_1000_50_0.2_0.8_5.txt.ins,291,290.02,29.1905,OPT,8990,0,0,AI,0,0.0790378,3.00687,0.441127,28.3461,0,2,0,51,49
BPP_1000_50_0.2_0.8_6.txt.ins,294,293.363,25.1937,OPT,9425,0,0,AI,0,0.12585,2.72449,0.40532,24.4158,0,2,0,53,51
BPP_1000_50_0.2_0.8_7.txt.ins,293,292.933,23.1269,OPT,9297,0,0,AI,0,0.0648464,2.95563,0.434186,22.3782,0,2,0,57,57
BPP_1000_50_0.2_0.8_8.txt.ins,296,295.283,28.9829,OPT,8804,0,0,AI,0,0.0709459,2.95946,0.449787,28.0552,0,2,0,47,43
BPP_1000_50_0.2_0.8_9.txt.ins,298,297.022,34.8358,OPT,9161,0,0,AI,0,0.0503356,3.0604,0.444343,33.9934,0,2,0,56,55
BPP_1000_750_0.1_0.7_0.txt.ins,250,249.957,24.6003,OPT,12593,0,0,AI,0,0.02,3.64,1.31888,22.9116,0,2,0,105,105
BPP_1000_750_0.1_0.7_1.txt.ins,253,251.999,3666.06,TLE,62861,542,60,?,100,0.0277778,3.64683,10.5656,3554.85,0,-1,60,1642,1642
BPP_1000_750_0.1_0.7_2.txt.ins,252,250.988,3601.86,TLE,50894,397,56,?,100,0.0119522,3.68924,6.4604,3528.74,0,-1,56,1349,1349
BPP_1000_750_0.1_0.7_3.txt.ins,242,241.977,1155.61,OPT,18708,100,10,AI,100,0.0206612,3.71488,1.84915,1144.96,0,2,10,348,348
BPP_1000_750_0.1_0.7_4.txt.ins,245,244.888,786.351,OPT,16648,100,10,AI,100,0.044898,3.55918,2.38456,776.174,0,2,10,314,313
BPP_1000_750_0.1_0.7_5.txt.ins,246,245.981,3233.63,OPT,22150,276,70,AI,100,0.0284553,3.67886,2.76274,3194.08,0,2,70,837,837
BPP_1000_750_0.1_0.7_6.txt.ins,254,253.387,54.787,OPT,15480,0,0,AI,0,0.019685,3.73622,1.93334,51.8626,0,2,0,109,106
BPP_1000_750_0.1_0.7_7.txt.ins,246,245.96,1062.27,OPT,19036,100,10,AI,100,0.0284553,3.65447,2.75345,1048.64,0,2,10,435,434
BPP_1000_750_0.1_0.7_8.txt.ins,248,247.958,23.5483,OPT,11692,0,0,AI,0,0.0201613,3.58468,1.93355,21.1016,0,2,0,113,108
BPP_1000_750_0.1_0.7_9.txt.ins,250,249.982,242.51,OPT,14292,0,0,AI,0,0.016,3.616,1.89809,238.601,0,2,0,189,186
BPP_1000_750_0.1_0.8_0.txt.ins,271,270.228,164.261,OPT,15527,0,0,AI,0,0.0627306,3.28782,2.11159,159.396,0,2,0,181,181
BPP_1000_750_0.1_0.8_1.txt.ins,265,264.476,123.082,OPT,15690,0,0,AI,0,0.090566,3.3434,1.45278,119.966,0,2,0,166,157
BPP_1000_750_0.1_0.8_2.txt.ins,270,269.102,40.2277,OPT,14135,0,0,AI,0,0.0518519,3.37407,1.44072,38.0052,0,2,0,90,90
BPP_1000_750_0.1_0.8_3.txt.ins,269,268.95,25.8127,OPT,10483,0,0,AI,0,0.0446097,3.21561,1.3715,23.9915,0,2,0,76,76
BPP_1000_750_0.1_0.8_4.txt.ins,262,261.083,130.682,OPT,15560,0,0,AI,0,0.0305344,3.57634,2.74189,126.026,0,2,0,188,157
BPP_1000_750_0.1_0.8_5.txt.ins,261,260.24,75.9835,OPT,15471,0,0,AI,0,0.0229885,3.55172,1.79023,73.0489,0,2,0,122,112
BPP_1000_750_0.1_0.8_6.txt.ins,262,261.981,570.941,OPT,16919,100,10,AI,100,0.0458015,3.37405,2.13853,562.308,0,2,10,423,423
BPP_1000_750_0.1_0.8_7.txt.ins,266,265.976,618.824,OPT,16838,0,0,AI,0,0.0526316,3.38346,2.15239,609.858,0,2,0,274,274
BPP_1000_750_0.1_0.8_8.txt.ins,271,270.318,51.3532,OPT,14099,0,0,AI,0,0.0479705,3.34317,1.2675,49.3921,0,2,0,96,96
BPP_1000_750_0.1_0.8_9.txt.ins,270,269.034,58.5363,OPT,14934,0,0,AI,0,0.0777778,3.28519,1.33209,56.4562,0,2,0,105,105
BPP_1000_750_0.2_0.7_0.txt.ins,280,279.31,50.6425,OPT,12411,0,0,AI,0,0.0285714,3.29643,1.27967,48.6225,0,2,0,60,60
BPP_1000_750_0.2_0.7_1.txt.ins,274,273.028,62.6113,OPT,13089,0,0,AI,0,0.0583942,3.32482,1.30823,60.4223,0,2,0,80,80
BPP_1000_750_0.2_0.7_2.txt.ins,280,279.98,2151.07,OPT,35468,399,60,AI,100,0.0857143,3.07143,3.81319,2108.86,0,2,60,686,686
BPP_1000_750_0.2_0.7_3.txt.ins,280,278.99,3627.91,TLE,62736,615,80,?,100,0.0824373,3.10394,9.52298,3512.28,0,-1,81,1571,1568
BPP_1000_750_0.2_0.7_4.txt.ins,279,278.119,175.183,OPT,13438,0,0,AI,0,0.0537634,3.17204,1.32039,171.384,0,2,0,104,104
BPP_1000_750_0.2_0.7_5.txt.ins,278,277.911,363.455,OPT,14412,0,0,AI,0,0.0719424,3.10791,1.43541,357.935,0,2,0,168,168
BPP_1000_750_0.2_0.7_6.txt.ins,276,275.948,156.363,OPT,12861,0,0,AI,0,0.076087,3.11594,1.28609,153.181,0,2,0,98,98
BPP_1000_750_0.2_0.7_7.txt.ins,278,277.915,627.012,OPT,15304,156,20,AI,100,0.104317,3.02158,1.45764,617.507,0,2,20,251,251
BPP_1000_750_0.2_0.7_8.txt.ins,278,277.862,331.969,OPT,17290,0,0,AI,0,0.0719424,3.21942,1.74816,324.938,0,2,0,208,195
BPP_1000_750_0.2_0.7_9.txt.ins,279,278.072,42.0359,OPT,12922,0,0,AI,0,0.0716846,3.1147,0.995135,40.4609,0,2,0,64,63
BPP_1000_750_0.2_0.8_0.txt.ins,293,292.037,94.5099,OPT,12955,0,0,AI,0,0.0819113,2.94881,1.0034,92.3073,0,2,0,86,86
BPP_1000_750_0.2_0.8_1.txt.ins,292,290.999,3604.5,TLE,32690,465,110,?,100,0.0756014,3.00344,4.52473,3528.44,0,-1,110,734,734
BPP_1000_750_0.2_0.8_2.txt.ins,294,293.463,82.9671,OPT,11980,0,0,AI,0,0.119048,2.85714,1.20749,80.3716,0,2,0,91,88
BPP_1000_750_0.2_0.8_3.txt.ins,294,292.995,3605.49,TLE,50950,650,118,?,100,0.0819113,3.02048,9.56542,3481.22,0,-1,118,1221,1221
BPP_1000_750_0.2_0.8_4.txt.ins,295,294.192,42.834,OPT,13170,0,0,AI,0,0.0813559,2.85085,1.02866,41.0977,0,2,0,57,57
BPP_1000_750_0.2_0.8_5.txt.ins,290,289.09,45.8075,OPT,12913,0,0,AI,0,0.110345,2.88621,1.10335,44.0776,0,2,0,67,64
BPP_1000_750_0.2_0.8_6.txt.ins,297,296.992,2481.59,OPT,27087,854,190,AI,100,0.0875421,2.92929,5.08189,2394.06,0,2,190,1272,1272
BPP_1000_750_0.2_0.8_7.txt.ins,292,291.91,119.912,OPT,10693,0,0,AI,0,0.0856164,2.94521,1.0084,117.397,0,2,0,74,74
BPP_1000_750_0.2_0.8_8.txt.ins,295,294.438,74.9965,OPT,12436,0,0,AI,0,0.0881356,2.88136,1.21166,72.3255,0,2,0,109,103
BPP_1000_750_0.2_0.8_9.txt.ins,297,296.99,162.845,OPT,11593,0,0,AI,0,0.0808081,2.93266,1.02117,159.286,0,2,0,100,100
BPP_1000_75_0.1_0.7_0.txt.ins,247,246.103,76.9419,OPT,12465,0,0,AI,0,0.0202429,3.76923,1.11131,74.4429,0,2,0,147,146
BPP_1000_75_0.1_0.7_1.txt.ins,246,245.995,286.69,OPT,14004,0,0,AI,0,0.0447154,3.6626,1.3788,281.465,0,2,0,220,219
BPP_1000_75_0.1_0.7_2.txt.ins,255,254.184,38.4065,OPT,11359,0,0,AI,0,0.0392157,3.53333,0.929225,36.7565,0,2,0,87,85
BPP_1000_75_0.1_0.7_3.txt.ins,245,244.129,39.3006,OPT,12136,0,0,AI,0,0.0122449,3.77143,1.0624,37.45,0,2,0,98,93
BPP_1000_75_0.1_0.7_4.txt.ins,245,244.985,228.717,OPT,15621,0,0,AI,0,0.0244898,3.82857,1.62257,222.099,0,2,0,356,334
BPP_1000_75_0.1_0.7_5.txt.ins,242,241.962,307.561,OPT,15594,0,0,AI,0,0.0206612,3.59917,1.6107,301.803,0,2,0,267,267
BPP_1000_75_0.1_0.7_6.txt.ins,242,241.337,35.6373,OPT,12278,0,0,AI,0,0.0247934,3.7562,1.07816,33.9096,0,2,0,112,109
BPP_1000_75_0.1_0.7_7.txt.ins,246,245.982,443.782,OPT,15926,0,0,AI,0,0.0365854,3.55691,1.54922,436.82,0,2,0,281,281
BPP_1000_75_0.1_0.7_8.txt.ins,246,245.457,127.619,OPT,13139,0,0,AI,0,0.0162602,3.88211,1.24843,124.529,0,2,0,162,162
BPP_1000_75_0.1_0.7_9.txt.ins,242,241.95,309.375,OPT,14241,0,0,AI,0,0.0247934,3.6281,1.47886,303.708,0,2,0,277,277
BPP_1000_75_0.1_0.8_0.txt.ins,256,256,206.788,OPT,14733,0,0,AI,0,0.0429688,3.47266,1.21464,202.162,0,2,0,189,188
BPP_1000_75_0.1_0.8_1.txt.ins,264,263.855,24.2963,OPT,11631,0,0,AI,0,0.0757576,3.23864,1.048,22.7593,0,2,0,93,89
BPP_1000_75_0.1_0.8_2.txt.ins,266,265.975,22.7396,OPT,11848,0,0,AI,0,0.0601504,3.2218,0.968212,21.2854,0,2,0,104,101
BPP_1000_75_0.1_0.8_3.txt.ins,269,268.014,101.485,OPT,12061,0,0,AI,0,0.0334572,3.36803,0.968897,99.008,0,2,0,122,112
BPP_1000_75_0.1_0.8_4.txt.ins,264,263.998,20.8501,OPT,10689,0,0,AI,0,0.094697,3.13258,0.826799,19.6322,0,2,0,99,90
BPP_1000_75_0.1_0.8_5.txt.ins,267,266.503,41.0847,OPT,12457,0,0,AI,0,0.0449438,3.41199,0.951818,39.3338,0,2,0,107,106
BPP_1000_75_0.1_0.8_6.txt.ins,267,266.951,300.054,OPT,14768,0,0,AI,0,0.0749064,3.16105,1.28774,294.177,0,2,0,302,294
BPP_1000_75_0.1_0.8_7.txt.ins,268,267.965,252.615,OPT,12912,0,0,AI,0,0.0708955,3.21269,1.05496,248.211,0,2,0,169,169
BPP_1000_75_0.1_0.8_8.txt.ins,267,266.155,32.5466,OPT,11491,0,0,AI,0,0.0411985,3.38951,0.863445,31.1053,0,2,0,87,83
BPP_1000_75_0.1_0.8_9.txt.ins,261,260.956,21.4363,OPT,10726,0,0,AI,0,0.0842912,3.21073,0.954943,20.0302,0,2,0,102,98
BPP_1000_75_0.2_0.7_0.txt.ins,280,279.927,51.4086,OPT,9794,0,0,AI,0,0.117857,2.80714,0.660217,49.695,0,2,0,74,70
BPP_1000_75_0.2_0.7_1.txt.ins,275,274.132,36.8757,OPT,11502,0,0,AI,0,0.0290909,3.26909,0.602814,35.678,0,2,0,62,62
BPP_1000_75_0.2_0.7_2.txt.ins,278,277.987,61.1564,OPT,11708,0,0,AI,0,0.133094,2.88129,0.687732,59.2979,0,2,0,78,78
BPP_1000_75_0.2_0.7_3.txt.ins,279,278.393,85.2548,OPT,10944,0,0,AI,0,0.0537634,3.18996,0.64746,83.3884,0,2,0,89,89
BPP_1000_75_0.2_0.7_4.txt.ins,275,274.861,22.6658,OPT,10187,0,0,AI,0,0.0545455,3.00727,0.634531,21.6512,0,2,0,62,62
BPP_1000_75_0.2_0.7_5.txt.ins,275,274.992,21.0991,OPT,10941,0,0,AI,0,0.156364,2.78182,0.661682,20.0052,0,2,0,60,60
BPP_1000_75_0.2_0.7_6.txt.ins,280,279.12,30.1859,OPT,10579,0,0,AI,0,0.0857143,3.06071,0.606452,29.0863,0,2,0,61,57
BPP_1000_75_0.2_0.7_7.txt.ins,281,280.128,54.7789,OPT,11235,0,0,AI,0,0.024911,3.30605,0.571224,53.4677,0,2,0,67,64
BPP_1000_75_0.2_0.7_8.txt.ins,277,276.945,20.4485,OPT,10767,0,0,AI,0,0.104693,2.97834,0.677964,19.3452,0,2,0,65,65
BPP_1000_75_0.2_0.7_9.txt.ins,272,271.978,18.7122,OPT,11341,0,0,AI,0,0.0588235,3.21324,0.579116,17.7868,0,2,0,66,65
BPP_1000_75_0.2_0.8_0.txt.ins,299,298.089,33.8412,OPT,9887,0,0,AI,0,0.0735786,2.97324,0.50208,32.7878,0,2,0,61,60
BPP_1000_75_0.2_0.8_1.txt.ins,297,296.357,59.0809,OPT,9861,0,0,AI,0,0.0942761,2.83165,0.586858,57.395,0,2,0,74,74
BPP_1000_75_0.2_0.8_2.txt.ins,296,295.745,136.611,OPT,10961,0,0,AI,0,0.0472973,3.01689,0.638665,133.864,0,2,0,103,103
BPP_1000_75_0.2_0.8_3.txt.ins,298,297.4,27.3969,OPT,8915,0,0,AI,0,0.0738255,2.99664,0.517318,26.4199,0,2,0,51,50
BPP_1000_75_0.2_0.8_4.txt.ins,296,295.417,29.2537,OPT,9311,0,0,AI,0,0.0777027,2.96622,0.559607,28.1751,0,2,0,57,57
BPP_1000_75_0.2_0.8_5.txt.ins,293,292.98,165.909,OPT,11810,0,0,AI,0,0.0921502,2.85666,0.609539,162.951,0,2,0,146,140
BPP_1000_75_0.2_0.8_6.txt.ins,289,288.941,379.886,OPT,13832,156,20,AI,100,0.083045,2.9827,0.829612,373.326,0,2,20,259,250
BPP_1000_75_0.2_0.8_7.txt.ins,294,293.191,43.8613,OPT,11094,0,0,AI,0,0.0816327,2.97619,0.496587,42.8723,0,2,0,61,61
BPP_1000_75_0.2_0.8_8.txt.ins,293,292.187,100.397,OPT,10395,0,0,AI,0,0.0273038,3.1843,0.584126,98.4979,0,2,0,117,110
BPP_1000_75_0.2_0.8_9.txt.ins,296,295.365,39.0626,OPT,10217,0,0,AI,0,0.0506757,3.0777,0.48912,38.1145,0,2,0,57,57
