BPP_100_1000_0.1_0.7_0.txt.ins,26,25.7986,0.106445,OPT,445,0,0,AI,0,0.0384615,3.46154,0.013686,0.083427,0,2,0,23,23
BPP_100_1000_0.1_0.7_1.txt.ins,23,22.9862,0.200208,OPT,784,0,0,AI,0,0,4.26087,0.032152,0.14307,0,2,0,57,56
BPP_100_1000_0.1_0.7_2.txt.ins,25,24.0589,0.149052,OPT,787,0,0,AI,0,0,3.6,0.021213,0.104698,0,2,0,32,32
BPP_100_1000_0.1_0.7_3.txt.ins,26,25.8793,0.147465,OPT,478,0,0,AI,0,0,3.61538,0.019071,0.113195,0,2,0,25,25
BPP_100_1000_0.1_0.7_4.txt.ins,26,25.9785,0.125893,OPT,474,0,0,AI,0,0,3.69231,0.015864,0.094121,0,2,0,25,25
BPP_100_1000_0.1_0.7_5.txt.ins,26,25.8422,0.095533,OPT,428,0,0,AI,0,0,3.61538,0.015779,0.068211,0,2,0,22,22
BPP_100_1000_0.1_0.7_6.txt.ins,26,25.3543,0.11045,OPT,750,0,0,AI,0,0.115385,3.26923,0.015618,0.076927,0,2,0,33,33
BPP_100_1000_0.1_0.7_7.txt.ins,24,23.3113,0.208112,OPT,1003,0,0,AI,0,0.0416667,3.54167,0.029682,0.141368,0,2,0,61,61
BPP_100_1000_0.1_0.7_8.txt.ins,25,24.99,0.147154,OPT,717,0,0,AI,0,0,3.76,0.021366,0.106147,0,2,0,37,37
BPP_100_1000_0.1_0.7_9.txt.ins,24,23.9949,0.179459,OPT,740,0,0,AI,0,0.0833333,3.91667,0.023433,0.133153,0,2,0,35,35
BPP_100_1000_0.1_0.8_0.txt.ins,26,25.9981,0.184534,OPT,931,0,0,AI,0,0,3.46154,0.019068,0.138404,0,2,0,51,51
BPP_100_1000_0.1_0.8_1.txt.ins,27,26.6621,0.15807,OPT,820,0,0,AI,0,0.0740741,3.07407,0.021917,0.112442,0,2,0,41,41
BPP_100_1000_0.1_0.8_2.txt.ins,26,25.9874,0.113242,OPT,480,0,0,AI,0,0.0384615,3.42308,0.018363,0.077958,0,2,0,31,31
BPP_100_1000_0.1_0.8_3.txt.ins,27,26.108,0.087101,OPT,642,0,0,AI,0,0.148148,3.2963,0.013054,0.060703,0,2,0,27,27
BPP_100_1000_0.1_0.8_4.txt.ins,26,25.0159,0.208822,OPT,932,0,0,AI,0,0.115385,3.30769,0.028229,0.148022,0,2,0,47,47
BPP_100_1000_0.1_0.8_5.txt.ins,27,26.972,0.075423,OPT,422,0,0,AI,0,0.0740741,3.48148,0.014067,0.050843,0,2,0,16,16
BPP_100_1000_0.1_0.8_6.txt.ins,26,25.9994,0.791609,OPT,852,100,10,AI,100,0.0384615,3.61538,0.019772,0.63657,0,2,10,69,69
BPP_100_1000_0.1_0.8_7.txt.ins,27,26.0339,0.092904,OPT,594,0,0,AI,0,0,3.2963,0.015643,0.061017,0,2,0,25,25
BPP_100_1000_0.1_0.8_8.txt.ins,28,27.9508,0.07429,OPT,438,0,0,AI,0,0.0714286,3.21429,0.010183,0.055053,0,2,0,14,14
BPP_100_1000_0.1_0.8_9.txt.ins,25,24.9575,0.169928,OPT,579,0,0,AI,0,0.04,3.76,0.018523,0.131931,0,2,0,27,27
BPP_100_1000_0.2_0.7_0.txt.ins,30,29.8418,0.065702,OPT,370,0,0,AI,0,0,3.1,0.008997,0.04605,0,2,0,15,15
BPP_100_1000_0.2_0.7_1.txt.ins,28,27.9538,0.124397,OPT,594,0,0,AI,0,0.0357143,3.35714,0.01577,0.092865,0,2,0,22,22
BPP_100_1000_0.2_0.7_2.txt.ins,29,28.5868,0.089822,OPT,532,0,0,AI,0,0.0689655,3,0.013893,0.060051,0,2,0,22,22
BPP_100_1000_0.2_0.7_3.txt.ins,30,29.14,0.041345,OPT,573,0,0,AI,0,0,3.06667,0.009618,0.026894,0,1,0,18,18
BPP_100_1000_0.2_0.7_4.txt.ins,29,28.2656,0.079436,OPT,650,0,0,AI,0,0.172414,2.86207,0.011392,0.054287,0,2,0,26,26
BPP_100_1000_0.2_0.7_5.txt.ins,27,26.971,0.102962,OPT,623,0,0,AI,0,0.037037,3.37037,0.014613,0.072706,0,2,0,25,25
BPP_100_1000_0.2_0.7_6.txt.ins,28,27.1591,0.090468,OPT,628,0,0,AI,0,0.0714286,3.21429,0.011585,0.06796,0,2,0,22,22
BPP_100_1000_0.2_0.7_7.txt.ins,28,27.93,0.065795,OPT,417,0,0,AI,0,0.0357143,3.25,0.010542,0.0448,0,2,0,20,20
BPP_100_1000_0.2_0.7_8.txt.ins,28,27.9833,2.0864,OPT,1029,256,32,AI,100,0.142857,2.96429,0.027175,1.66291,0,2,32,114,114
BPP_100_1000_0.2_0.7_9.txt.ins,29,28.8913,0.132511,OPT,395,0,0,AI,0,0,3.2069,0.012183,0.109107,0,2,0,14,14
BPP_100_1000_0.2_0.8_0.txt.ins,30,29.5937,0.09013,OPT,546,0,0,AI,0,0.133333,2.7,0.013838,0.059991,0,2,0,23,23
BPP_100_1000_0.2_0.8_1.txt.ins,30,29.9145,0.09098,OPT,505,0,0,AI,0,0.1,3,0.012373,0.065765,0,2,0,24,24
BPP_100_1000_0.2_0.8_2.txt.ins,32,31.7297,0.129399,OPT,462,0,0,AI,0,0.15625,2.5,0.012314,0.102568,0,2,0,20,20
BPP_100_1000_0.2_0.8_3.txt.ins,30,29.5051,0.057369,OPT,542,0,0,AI,0,0.0666667,2.76667,0.012231,0.038621,0,1,0,19,19
BPP_100_1000_0.2_0.8_4.txt.ins,30,29.8896,0.073834,OPT,423,0,0,AI,0,0.0333333,3,0.011505,0.053201,0,2,0,14,14
BPP_100_1000_0.2_0.8_5.txt.ins,29,28.9659,0.204436,OPT,533,0,0,AI,0,0.0344828,3.2069,0.013563,0.163045,0,2,0,37,37
BPP_100_1000_0.2_0.8_6.txt.ins,29,28.8291,0.061527,OPT,385,0,0,AI,0,0.103448,2.68966,0.010702,0.041221,0,2,0,13,13
BPP_100_1000_0.2_0.8_7.txt.ins,30,29.2644,0.162288,OPT,585,0,0,AI,0,0.1,2.9,0.015962,0.125824,0,2,0,27,27
BPP_100_1000_0.2_0.8_8.txt.ins,31,30.4667,0.136028,OPT,522,0,0,AI,0,0.0322581,2.70968,0.013845,0.105792,0,2,0,20,20
BPP_100_1000_0.2_0.8_9.txt.ins,31,30.9148,0.053733,OPT,365,0,0,AI,0,0.0645161,2.96774,0.009899,0.034752,0,2,0,15,15
BPP_100_100_0.1_0.7_0.txt.ins,25,24.9686,0.084713,OPT,665,0,0,AI,0,0,3.8,0.012737,0.057021,0,2,0,37,37
BPP_100_100_0.1_0.7_1.txt.ins,25,24.9022,0.092685,OPT,598,0,0,AI,0,0,3.76,0.014037,0.063918,0,2,0,25,25
BPP_100_100_0.1_0.7_2.txt.ins,25,24.9732,0.11264,OPT,675,0,0,AI,0,0,3.76,0.018236,0.075618,0,2,0,45,45
BPP_100_100_0.1_0.7_3.txt.ins,25,24.1811,0.133083,OPT,658,0,0,AI,0,0.04,3.48,0.012025,0.098283,0,2,0,30,30
BPP_100_100_0.1_0.7_4.txt.ins,25,24.9521,0.121707,OPT,516,0,0,AI,0,0.04,3.72,0.011995,0.089425,0,2,0,38,38
BPP_100_100_0.1_0.7_5.txt.ins,27,26.2978,0.101773,OPT,687,0,0,AI,0,0.0740741,3.37037,0.009396,0.073521,0,2,0,32,32
BPP_100_100_0.1_0.7_6.txt.ins,26,25.8577,0.086295,OPT,492,0,0,AI,0,0,3.61538,0.011096,0.061461,0,2,0,26,26
BPP_100_100_0.1_0.7_7.txt.ins,27,25.9957,0.350145,OPT,1059,40,1,ANI,40,0.115385,3.5,0.017486,0.276295,0,2,2,83,83
BPP_100_100_0.1_0.7_8.txt.ins,26,25.9668,0.067084,OPT,397,0,0,AI,0,0.0384615,3.42308,0.010175,0.045993,0,2,0,18,17
BPP_100_100_0.1_0.7_9.txt.ins,26,25.3039,0.118249,OPT,646,0,0,AI,0,0.153846,3,0.010702,0.091664,0,2,0,29,29
BPP_100_100_0.1_0.8_0.txt.ins,27,26.9727,0.105705,OPT,614,0,0,AI,0,0.0740741,3.33333,0.011275,0.076463,0,2,0,33,33
BPP_100_100_0.1_0.8_1.txt.ins,28,27.2742,0.115803,OPT,646,0,0,AI,0,0.178571,2.96429,0.009571,0.087819,0,2,0,24,24
BPP_100_100_0.1_0.8_2.txt.ins,26,25.3858,0.144447,OPT,667,0,0,AI,0,0.115385,3.42308,0.013057,0.105454,0,2,0,39,39
BPP_100_100_0.1_0.8_3.txt.ins,27,26.9795,0.14108,OPT,648,0,0,AI,0,0.0740741,3.44444,0.01181,0.110615,0,2,0,38,38
BPP_100_100_0.1_0.8_4.txt.ins,30,30,0.050957,OPT,432,0,0,AI,0,0.1,2.83333,0.006254,0.034403,0,2,0,21,21
BPP_100_100_0.1_0.8_5.txt.ins,29,28.8542,0.076683,OPT,452,0,0,AI,0,0,3.2069,0.006931,0.057227,0,2,0,21,21
BPP_100_100_0.1_0.8_6.txt.ins,27,26.7978,0.048589,OPT,396,0,0,AI,0,0.037037,3.40741,0.007647,0.032744,0,2,0,21,21
BPP_100_100_0.1_0.8_7.txt.ins,28,27.012,0.117173,OPT,726,0,0,AI,0,0.0357143,3.07143,0.011239,0.091985,0,1,0,29,29
BPP_100_100_0.1_0.8_8.txt.ins,27,26.9146,0.069896,OPT,382,0,0,AI,0,0.037037,3.48148,0.007759,0.051134,0,2,0,15,15
BPP_100_100_0.1_0.8_9.txt.ins,27,26.986,0.101988,OPT,496,0,0,AI,0,0.0740741,3.2963,0.011464,0.07683,0,2,0,24,23
BPP_100_100_0.2_0.7_0.txt.ins,29,28.4797,0.151329,OPT,704,0,0,AI,0,0.0689655,2.93103,0.01,0.114434,0,2,0,34,34
BPP_100_100_0.2_0.7_1.txt.ins,29,28.0201,0.106184,OPT,581,0,0,AI,0,0.0689655,2.65517,0.011336,0.079678,0,2,0,23,23
BPP_100_100_0.2_0.7_2.txt.ins,31,30.175,0.067474,OPT,446,0,0,AI,0,0,3,0.007536,0.048523,0,2,0,17,17
BPP_100_100_0.2_0.7_3.txt.ins,28,27.9402,0.054071,OPT,361,0,0,AI,0,0,3.5,0.006975,0.037174,0,2,0,14,14
BPP_100_100_0.2_0.7_4.txt.ins,30,29.8734,0.095268,OPT,389,0,0,AI,0,0.0666667,2.86667,0.007505,0.075345,0,2,0,13,13
BPP_100_100_0.2_0.7_5.txt.ins,29,28.9377,0.145219,OPT,488,0,0,AI,0,0,3.34483,0.008879,0.112223,0,2,0,31,31
BPP_100_100_0.2_0.7_6.txt.ins,29,28.0665,0.214151,OPT,629,0,0,AI,0,0.0689655,2.7931,0.009209,0.181831,0,2,0,26,26
BPP_100_100_0.2_0.7_7.txt.ins,29,28.0169,0.109436,OPT,563,0,0,AI,0,0.0344828,3.17241,0.008612,0.084371,0,2,0,20,20
BPP_100_100_0.2_0.7_8.txt.ins,29,28.0062,0.128084,OPT,570,0,0,AI,0,0.137931,2.82759,0.009468,0.102098,0,2,0,25,25
BPP_100_100_0.2_0.7_9.txt.ins,28,27.9585,0.100228,OPT,459,0,0,AI,0,0,3.28571,0.006506,0.077837,0,2,0,26,26
BPP_100_100_0.2_0.8_0.txt.ins,30,30,0.06611,OPT,480,0,0,AI,0,0.2,2.43333,0.007784,0.045353,0,2,0,22,22
BPP_100_100_0.2_0.8_1.txt.ins,31,30.4286,0.045459,OPT,480,0,0,AI,0,0.16129,2.58065,0.007952,0.031373,0,1,0,17,17
BPP_100_100_0.2_0.8_2.txt.ins,31,30.9,0.04312,OPT,323,0,0,AI,0,0.16129,2.48387,0.00553,0.029855,0,2,0,8,8
BPP_100_100_0.2_0.8_3.txt.ins,31,30.2,0.085307,OPT,474,0,0,AI,0,0.129032,2.6129,0.008144,0.066336,0,2,0,16,16
BPP_100_100_0.2_0.8_4.txt.ins,32,31.1412,0.044642,OPT,521,0,0,AI,0,0.0625,2.625,0.006841,0.031265,0,1,0,18,18
BPP_100_100_0.2_0.8_5.txt.ins,32,31.238,0.062624,OPT,523,0,0,AI,0,0.21875,2.5625,0.007323,0.041088,0,2,0,24,24
BPP_100_100_0.2_0.8_6.txt.ins,29,28.9487,0.289173,OPT,665,0,0,AI,0,0,3.2069,0.011632,0.230556,0,2,0,49,49
BPP_100_100_0.2_0.8_7.txt.ins,31,30.1418,0.06819,OPT,569,0,0,AI,0,0.193548,2.6129,0.007621,0.04559,0,2,0,21,21
BPP_100_100_0.2_0.8_8.txt.ins,30,29.1571,0.107594,OPT,582,0,0,AI,0,0.0666667,2.86667,0.008876,0.080768,0,2,0,27,27
BPP_100_100_0.2_0.8_9.txt.ins,34,34,0.024582,OPT,237,0,0,AI,0,0.0882353,2.70588,0.004968,0.014006,0,2,0,10,10
BPP_100_120_0.1_0.7_0.txt.ins,26,25.8846,0.095652,OPT,454,0,0,AI,0,0,3.5,0.01119,0.068986,0,2,0,28,28
BPP_100_120_0.1_0.7_1.txt.ins,25,24.9965,0.129748,OPT,660,0,0,AI,0,0,3.84,0.013749,0.096489,0,2,0,40,37
BPP_100_120_0.1_0.7_2.txt.ins,24,23.925,0.154128,OPT,577,0,0,AI,0,0,3.83333,0.014674,0.113887,0,2,0,45,45
BPP_100_120_0.1_0.7_3.txt.ins,26,25.2455,0.099867,OPT,699,0,0,AI,0,0,3.53846,0.011015,0.072124,0,2,0,32,32
BPP_100_120_0.1_0.7_4.txt.ins,26,25.2011,0.134922,OPT,692,0,0,AI,0,0.0769231,3.46154,0.012968,0.099893,0,2,0,29,29
BPP_100_120_0.1_0.7_5.txt.ins,25,24.8738,0.098768,OPT,466,0,0,AI,0,0,3.92,0.012321,0.074394,0,2,0,18,18
BPP_100_120_0.1_0.7_6.txt.ins,25,24.9738,0.147313,OPT,612,0,0,AI,0,0,3.84,0.014102,0.112449,0,2,0,35,31
BPP_100_120_0.1_0.7_7.txt.ins,26,25.9955,0.161018,OPT,562,0,0,AI,0,0,3.69231,0.010268,0.127199,0,2,0,41,35
BPP_100_120_0.1_0.7_8.txt.ins,26,25.058,0.118461,OPT,678,0,0,AI,0,0.153846,3.30769,0.012603,0.086222,0,2,0,26,26
BPP_100_120_0.1_0.7_9.txt.ins,26,25.2268,0.126646,OPT,650,0,0,AI,0,0.0769231,3.26923,0.012316,0.092864,0,2,0,33,33
BPP_100_120_0.1_0.8_0.txt.ins,26,25.251,0.136687,OPT,708,0,0,AI,0,0.0384615,3.46154,0.012973,0.100173,0,2,0,34,34
BPP_100_120_0.1_0.8_1.txt.ins,28,27.0831,0.131998,OPT,683,0,0,AI,0,0.0714286,3.21429,0.011082,0.099272,0,2,0,29,29
BPP_100_120_0.1_0.8_2.txt.ins,27,26.9109,0.074485,OPT,485,0,0,AI,0,0,3.51852,0.010765,0.050741,0,2,0,26,26
BPP_100_120_0.1_0.8_3.txt.ins,29,28.2426,0.118504,OPT,675,0,0,AI,0,0.0689655,3.10345,0.009488,0.087349,0,2,0,32,32
BPP_100_120_0.1_0.8_4.txt.ins,28,27.0939,0.131471,OPT,669,0,0,AI,0,0.0714286,3.10714,0.011305,0.097872,0,2,0,30,30
BPP_100_120_0.1_0.8_5.txt.ins,26,25.9782,0.081715,OPT,424,0,0,AI,0,0,3.53846,0.008697,0.060711,0,2,0,22,22
BPP_100_120_0.1_0.8_6.txt.ins,27,26.856,0.06772,OPT,443,0,0,AI,0,0.0740741,3.18519,0.010126,0.044684,0,2,0,28,28
BPP_100_120_0.1_0.8_7.txt.ins,29,28.9659,0.134068,OPT,479,0,0,AI,0,0.0344828,3.2069,0.010879,0.107012,0,2,0,30,30
BPP_100_120_0.1_0.8_8.txt.ins,27,25.9978,1.8541,OPT,1350,132,12,ANI,100,0.115385,3.38462,0.025879,1.56937,0,2,14,140,140
BPP_100_120_0.1_0.8_9.txt.ins,26,25.9864,1.15955,OPT,977,63,10,AI,63,0,3.5,0.018374,0.947316,0,2,10,80,80
BPP_100_120_0.2_0.7_0.txt.ins,30,29.9614,0.086117,OPT,367,0,0,AI,0,0.0666667,2.93333,0.006557,0.067729,0,2,0,16,16
BPP_100_120_0.2_0.7_1.txt.ins,29,28.1722,0.110168,OPT,587,0,0,AI,0,0.172414,2.89655,0.010508,0.083763,0,2,0,25,25
BPP_100_120_0.2_0.7_2.txt.ins,28,27.9665,0.065566,OPT,507,0,0,AI,0,0,3.35714,0.007775,0.047008,0,2,0,15,15
BPP_100_120_0.2_0.7_3.txt.ins,27,26.0314,0.09119,OPT,653,0,0,AI,0,0.037037,3.37037,0.008682,0.067421,0,2,0,23,23
BPP_100_120_0.2_0.7_4.txt.ins,30,29.5265,0.101796,OPT,548,0,0,AI,0,0,2.93333,0.00911,0.075788,0,2,0,23,23
BPP_100_120_0.2_0.7_5.txt.ins,29,28.9096,0.103993,OPT,467,0,0,AI,0,0.0344828,3.03448,0.007305,0.082125,0,2,0,16,16
BPP_100_120_0.2_0.7_6.txt.ins,28,27.9831,0.104004,OPT,530,0,0,AI,0,0.0714286,3.10714,0.009007,0.080087,0,2,0,18,18
BPP_100_120_0.2_0.7_7.txt.ins,28,27.3273,0.148355,OPT,619,0,0,AI,0,0.178571,2.96429,0.009493,0.120841,0,2,0,21,21
BPP_100_120_0.2_0.7_8.txt.ins,28,27.8667,0.058553,OPT,462,0,0,AI,0,0,3.28571,0.007043,0.040529,0,2,0,27,27
BPP_100_120_0.2_0.7_9.txt.ins,29,27.9988,0.304952,OPT,755,0,1,ANI,0,0.107143,3.14286,0.012437,0.247474,0,2,2,47,47
BPP_100_120_0.2_0.8_0.txt.ins,31,30.1254,0.058209,OPT,525,0,0,AI,0,0.129032,2.70968,0.006435,0.040287,0,2,0,21,21
BPP_100_120_0.2_0.8_1.txt.ins,29,28.3165,0.096167,OPT,601,0,0,AI,0,0.0689655,2.89655,0.007604,0.071998,0,2,0,24,24
BPP_100_120_0.2_0.8_2.txt.ins,30,29.2141,0.117379,OPT,656,0,0,AI,0,0.2,2.63333,0.0082,0.091707,0,2,0,25,25
BPP_100_120_0.2_0.8_3.txt.ins,31,30.9167,0.035982,OPT,359,0,0,AI,0,0.129032,2.74194,0.004789,0.024386,0,2,0,14,13
BPP_100_120_0.2_0.8_4.txt.ins,29,28.9004,0.064801,OPT,457,0,0,AI,0,0,3.2069,0.00804,0.04456,0,2,0,21,21
BPP_100_120_0.2_0.8_5.txt.ins,30,29.2243,0.057083,OPT,601,0,0,AI,0,0.0333333,2.9,0.008875,0.039329,0,1,0,22,22
BPP_100_120_0.2_0.8_6.txt.ins,31,30.1492,0.076141,OPT,446,0,0,AI,0,0.0967742,2.74194,0.00642,0.05829,0,2,0,18,18
BPP_100_120_0.2_0.8_7.txt.ins,31,30.318,0.063573,OPT,539,0,0,AI,0,0,2.96774,0.006354,0.044609,0,2,0,20,20
BPP_100_120_0.2_0.8_8.txt.ins,31,30.1286,0.0569,OPT,537,0,0,AI,0,0.193548,2.35484,0.005707,0.040533,0,2,0,22,22
BPP_100_120_0.2_0.8_9.txt.ins,31,30.3333,0.055922,OPT,545,0,0,AI,0,0.322581,2.12903,0.006554,0.037642,0,2,0,20,20
BPP_100_125_0.1_0.7_0.txt.ins,23,22.9603,1.01618,OPT,880,100,10,AI,100,0,4,0.022094,0.854591,0,2,10,97,97
BPP_100_125_0.1_0.7_1.txt.ins,25,24.1274,0.145659,OPT,751,0,0,AI,0,0.12,3.56,0.011919,0.111763,0,2,0,35,35
BPP_100_125_0.1_0.7_2.txt.ins,27,26.1844,0.137882,OPT,622,0,0,AI,0,0.037037,3.25926,0.008813,0.112567,0,2,0,26,26
BPP_100_125_0.1_0.7_3.txt.ins,26,25.9638,0.082706,OPT,617,0,0,AI,0,0.0769231,3.53846,0.01052,0.057803,0,2,0,36,36
BPP_100_125_0.1_0.7_4.txt.ins,24,23.9862,0.094941,OPT,501,0,0,AI,0,0,3.79167,0.012037,0.069446,0,2,0,32,26
BPP_100_125_0.1_0.7_5.txt.ins,25,24.957,0.338343,OPT,434,100,10,AI,100,0,3.68,0.010232,0.263826,0,2,10,29,29
BPP_100_125_0.1_0.7_6.txt.ins,26,25.9416,0.076386,OPT,424,0,0,AI,0,0.0769231,3.42308,0.009555,0.054139,0,2,0,25,25
BPP_100_125_0.1_0.7_7.txt.ins,27,26.9966,0.067541,OPT,404,0,0,AI,0,0,3.2963,0.009222,0.046035,0,2,0,21,21
BPP_100_125_0.1_0.7_8.txt.ins,25,24.932,0.105505,OPT,468,0,0,AI,0,0.04,3.68,0.014299,0.074606,0,2,0,27,27
BPP_100_125_0.1_0.7_9.txt.ins,25,24.9471,0.102932,OPT,551,0,0,AI,0,0,3.8,0.010852,0.078648,0,2,0,27,26
BPP_100_125_0.1_0.8_0.txt.ins,28,27.3026,0.060585,OPT,607,0,0,AI,0,0.0714286,2.85714,0.010357,0.058631,0,1,0,23,23
BPP_100_125_0.1_0.8_1.txt.ins,28,27.0085,0.148808,OPT,684,0,0,AI,0,0.142857,3.03571,0.011389,0.118421,0,2,0,28,28
BPP_100_125_0.1_0.8_2.txt.ins,27,26.8913,0.131613,OPT,472,0,0,AI,0,0.111111,3.25926,0.013083,0.101502,0,2,0,25,25
BPP_100_125_0.1_0.8_3.txt.ins,27,26.8748,0.112162,OPT,443,0,0,AI,0,0.037037,3.25926,0.010518,0.087341,0,2,0,21,21
BPP_100_125_0.1_0.8_4.txt.ins,27,26.9466,0.154643,OPT,642,0,0,AI,0,0,3.55556,0.01271,0.116646,0,2,0,45,44
BPP_100_125_0.1_0.8_5.txt.ins,26,25.9426,0.0768,OPT,542,0,0,AI,0,0,3.53846,0.011149,0.052073,0,2,0,33,29
BPP_100_125_0.1_0.8_6.txt.ins,28,27.9753,0.084844,OPT,454,0,0,AI,0,0.0357143,3.28571,0.010606,0.059373,0,2,0,30,30
BPP_100_125_0.1_0.8_7.txt.ins,29,28.9976,0.125903,OPT,567,0,0,AI,0,0.0344828,3.2069,0.00734,0.101597,0,2,0,21,21
BPP_100_125_0.1_0.8_8.txt.ins,25,24.9588,0.10676,OPT,606,0,0,AI,0,0.04,3.56,0.012275,0.077287,0,2,0,46,42
BPP_100_125_0.1_0.8_9.txt.ins,26,25.9794,0.103344,OPT,597,0,0,AI,0,0.0384615,3.61538,0.012604,0.073771,0,2,0,30,30
BPP_100_125_0.2_0.7_0.txt.ins,29,28.4231,0.120679,OPT,590,0,0,AI,0,0.0344828,3,0.009502,0.093067,0,2,0,23,23
BPP_100_125_0.2_0.7_1.txt.ins,29,28.9152,0.088411,OPT,491,0,0,AI,0,0,3.31034,0.011034,0.064543,0,2,0,24,22
BPP_100_125_0.2_0.7_2.txt.ins,28,27.9766,0.217259,OPT,669,0,0,AI,0,0.0357143,3.32143,0.010148,0.178458,0,2,0,34,34
BPP_100_125_0.2_0.7_3.txt.ins,28,27.0781,0.076813,OPT,547,0,0,AI,0,0.107143,3,0.009026,0.054347,0,2,0,22,22
BPP_100_125_0.2_0.7_4.txt.ins,29,28.4771,0.094585,OPT,616,0,0,AI,0,0.103448,3.03448,0.009363,0.067268,0,2,0,24,24
BPP_100_125_0.2_0.7_5.txt.ins,28,27.9785,0.097365,OPT,397,0,0,AI,0,0.142857,3,0.008147,0.075787,0,2,0,14,14
BPP_100_125_0.2_0.7_6.txt.ins,28,27.9407,0.107063,OPT,531,0,0,AI,0,0.0714286,3.32143,0.009052,0.083704,0,2,0,23,23
BPP_100_125_0.2_0.7_7.txt.ins,29,28.1358,0.122393,OPT,618,0,0,AI,0,0.0344828,3.27586,0.009084,0.093367,0,2,0,27,27
BPP_100_125_0.2_0.7_8.txt.ins,30,29.0777,0.060709,OPT,598,0,0,AI,0,0.0333333,2.93333,0.008827,0.043339,0,1,0,21,21
BPP_100_125_0.2_0.7_9.txt.ins,28,27.9623,0.09884,OPT,524,0,0,AI,0,0,3.14286,0.0086,0.076081,0,2,0,19,19
BPP_100_125_0.2_0.8_0.txt.ins,32,31.4388,0.046548,OPT,459,0,0,AI,0,0.21875,2.5,0.005841,0.031126,0,2,0,19,19
BPP_100_125_0.2_0.8_1.txt.ins,30,29.9194,0.054284,OPT,446,0,0,AI,0,0.0666667,3,0.007081,0.036657,0,2,0,20,20
BPP_100_125_0.2_0.8_2.txt.ins,29,28.9759,0.086334,OPT,389,0,0,AI,0,0.0689655,3.13793,0.008291,0.066306,0,2,0,12,12
BPP_100_125_0.2_0.8_3.txt.ins,30,29.8946,0.079114,OPT,412,0,0,AI,0,0.0333333,2.73333,0.006432,0.059849,0,2,0,15,15
BPP_100_125_0.2_0.8_4.txt.ins,30,29.7333,0.089683,OPT,576,0,0,AI,0,0.1,2.86667,0.008516,0.062543,0,2,0,29,29
BPP_100_125_0.2_0.8_5.txt.ins,33,32.3,0.05724,OPT,403,0,0,AI,0,0.0606061,2.72727,0.006205,0.041858,0,2,0,14,14
BPP_100_125_0.2_0.8_6.txt.ins,30,29.8271,0.05262,OPT,328,0,0,AI,0,0.0333333,2.86667,0.006343,0.038217,0,2,0,10,10
BPP_100_125_0.2_0.8_7.txt.ins,31,30.6364,0.08951,OPT,466,0,0,AI,0,0.0322581,2.80645,0.007027,0.066277,0,2,0,20,20
BPP_100_125_0.2_0.8_8.txt.ins,32,31.1,0.038255,OPT,436,0,0,AI,0,0,2.9375,0.00697,0.026031,0,1,0,16,16
BPP_100_125_0.2_0.8_9.txt.ins,30,29.3134,0.075507,OPT,519,0,0,AI,0,0,3,0.007966,0.052516,0,2,0,21,21
BPP_100_150_0.1_0.7_0.txt.ins,24,23.9697,0.101763,OPT,624,0,0,AI,0,0,4,0.013527,0.071842,0,2,0,34,34
BPP_100_150_0.1_0.7_1.txt.ins,25,24.9829,0.126204,OPT,584,0,0,AI,0,0.04,3.64,0.015485,0.093274,0,2,0,35,35
BPP_100_150_0.1_0.7_2.txt.ins,25,24.1146,0.127519,OPT,792,0,0,AI,0,0.04,3.68,0.012197,0.093354,0,2,0,39,39
BPP_100_150_0.1_0.7_3.txt.ins,27,26.9126,0.115127,OPT,552,0,0,AI,0,0.037037,3.33333,0.012444,0.084811,0,2,0,28,28
BPP_100_150_0.1_0.7_4.txt.ins,25,24.2775,0.141004,OPT,663,0,0,AI,0,0.08,3.52,0.013281,0.105711,0,2,0,31,31
BPP_100_150_0.1_0.7_5.txt.ins,26,25.1037,0.140614,OPT,797,0,0,AI,0,0.0384615,3.53846,0.013867,0.103044,0,2,0,36,36
BPP_100_150_0.1_0.7_6.txt.ins,25,24.8868,0.072071,OPT,342,0,0,AI,0,0,3.52,0.009131,0.054548,0,2,0,15,15
BPP_100_150_0.1_0.7_7.txt.ins,25,24.9982,0.097931,OPT,645,0,0,AI,0,0,3.76,0.01291,0.069101,0,2,0,27,27
BPP_100_150_0.1_0.7_8.txt.ins,24,23.9512,0.380854,OPT,832,0,0,AI,0,0,3.83333,0.013524,0.31372,0,2,0,81,81
BPP_100_150_0.1_0.7_9.txt.ins,26,25.9906,3.1748,OPT,1673,177,30,AI,100,0.0384615,3.61538,0.035457,2.74737,0,2,33,165,165
BPP_100_150_0.1_0.8_0.txt.ins,30,29.0532,0.064781,OPT,705,0,0,AI,0,0.133333,2.96667,0.009998,0.044971,0,1,0,28,28
BPP_100_150_0.1_0.8_1.txt.ins,27,26.9959,0.111755,OPT,529,0,0,AI,0,0.037037,3.48148,0.012879,0.08345,0,2,0,30,30
BPP_100_150_0.1_0.8_2.txt.ins,26,25.1092,0.111842,OPT,656,0,0,AI,0,0,3.53846,0.011774,0.078833,0,2,0,31,31
BPP_100_150_0.1_0.8_3.txt.ins,27,26.2877,0.138752,OPT,745,0,0,AI,0,0,3.40741,0.010045,0.107498,0,2,0,34,34
BPP_100_150_0.1_0.8_4.txt.ins,29,28.0073,0.095995,OPT,727,0,0,AI,0,0.0689655,3.03448,0.009026,0.070663,0,2,0,29,29
BPP_100_150_0.1_0.8_5.txt.ins,28,27.8938,0.086669,OPT,438,0,0,AI,0,0,3.03571,0.011204,0.060858,0,2,0,31,31
BPP_100_150_0.1_0.8_6.txt.ins,27,26.9533,0.043699,OPT,391,0,0,AI,0,0,3.44444,0.007188,0.02851,0,2,0,20,20
BPP_100_150_0.1_0.8_7.txt.ins,28,27.9153,0.133829,OPT,484,0,0,AI,0,0,3.39286,0.010765,0.10755,0,2,0,29,29
BPP_100_150_0.1_0.8_8.txt.ins,28,27.4009,0.068722,OPT,622,0,0,AI,0,0.142857,2.64286,0.010121,0.049086,0,1,0,24,24
BPP_100_150_0.1_0.8_9.txt.ins,27,25.9986,0.475178,OPT,866,19,1,ANI,19,0.0384615,3.5,0.015054,0.398115,0,2,2,51,51
BPP_100_150_0.2_0.7_0.txt.ins,28,27.96,0.065788,OPT,624,0,0,AI,0,0,3.25,0.008626,0.046179,0,2,0,27,27
BPP_100_150_0.2_0.7_1.txt.ins,29,28.0748,0.048066,OPT,636,0,0,AI,0,0.137931,2.82759,0.006793,0.034514,0,1,0,22,22
BPP_100_150_0.2_0.7_2.txt.ins,29,28.3782,0.089242,OPT,579,0,0,AI,0,0.0344828,3.13793,0.007905,0.066554,0,2,0,25,25
BPP_100_150_0.2_0.7_3.txt.ins,28,27.9854,0.141791,OPT,571,0,0,AI,0,0.0357143,3.35714,0.007783,0.111192,0,2,0,42,41
BPP_100_150_0.2_0.7_4.txt.ins,28,27.8116,0.139129,OPT,555,0,0,AI,0,0,3.21429,0.00664,0.113608,0,2,0,28,28
BPP_100_150_0.2_0.7_5.txt.ins,30,29.64,0.078156,OPT,410,0,0,AI,0,0,3,0.007574,0.056342,0,2,0,23,23
BPP_100_150_0.2_0.7_6.txt.ins,29,28.3288,0.072253,OPT,682,0,0,AI,0,0.0689655,3.10345,0.006989,0.050831,0,2,0,28,28
BPP_100_150_0.2_0.7_7.txt.ins,29,28.9984,0.086612,OPT,657,0,0,AI,0,0.0344828,3.2069,0.009931,0.061001,0,2,0,24,24
BPP_100_150_0.2_0.7_8.txt.ins,30,29.65,0.057733,OPT,505,0,0,AI,0,0.2,2.5,0.007512,0.039309,0,2,0,20,20
BPP_100_150_0.2_0.7_9.txt.ins,30,29.1235,0.11903,OPT,573,0,0,AI,0,0.1,2.83333,0.00823,0.092678,0,2,0,22,22
BPP_100_150_0.2_0.8_0.txt.ins,30,29.1442,0.038246,OPT,524,0,0,AI,0,0.1,2.7,0.006036,0.02618,0,1,0,20,20
BPP_100_150_0.2_0.8_1.txt.ins,30,29.1813,0.087428,OPT,588,0,0,AI,0,0.133333,2.83333,0.00937,0.061887,0,2,0,23,23
BPP_100_150_0.2_0.8_2.txt.ins,30,29.3126,0.054144,OPT,529,0,0,AI,0,0.0666667,2.9,0.009181,0.037883,0,1,0,19,19
BPP_100_150_0.2_0.8_3.txt.ins,30,29.8808,0.056273,OPT,460,0,0,AI,0,0,3,0.008357,0.037761,0,2,0,17,17
BPP_100_150_0.2_0.8_4.txt.ins,30,29.5411,0.095785,OPT,567,0,0,AI,0,0.133333,2.63333,0.006461,0.075528,0,2,0,22,22
BPP_100_150_0.2_0.8_5.txt.ins,30,29.9739,0.0696,OPT,492,0,0,AI,0,0.233333,2.36667,0.007631,0.049878,0,2,0,16,16
BPP_100_150_0.2_0.8_6.txt.ins,31,30.9458,0.073727,OPT,436,0,0,AI,0,0.193548,2.6129,0.00789,0.056167,0,2,0,13,13
BPP_100_150_0.2_0.8_7.txt.ins,31,30.4608,0.051005,OPT,532,0,0,AI,0,0.0967742,2.67742,0.007753,0.036418,0,1,0,19,19
BPP_100_150_0.2_0.8_8.txt.ins,31,30.0859,0.085239,OPT,582,0,0,AI,0,0.16129,2.67742,0.008583,0.060592,0,2,0,22,22
BPP_100_150_0.2_0.8_9.txt.ins,31,30.944,0.0766,OPT,327,0,0,AI,0,0.0322581,2.80645,0.005686,0.057935,0,2,0,13,13
BPP_100_200_0.1_0.7_0.txt.ins,26,25.9348,0.09437,OPT,407,0,0,AI,0,0.0384615,3.38462,0.011655,0.069304,0,2,0,19,19
BPP_100_200_0.1_0.7_1.txt.ins,27,26.1591,0.162115,OPT,864,0,0,AI,0,0.037037,3.44444,0.014398,0.121573,0,2,0,32,32
BPP_100_200_0.1_0.7_2.txt.ins,25,24.7978,0.073203,OPT,419,0,0,AI,0,0.04,3.6,0.009867,0.051358,0,2,0,19,19
BPP_100_200_0.1_0.7_3.txt.ins,27,26.98,0.185371,OPT,598,0,0,AI,0,0.0740741,3.2963,0.013172,0.14582,0,2,0,41,41
BPP_100_200_0.1_0.7_4.txt.ins,27,26.1424,0.099262,OPT,670,0,0,AI,0,0.37037,2.59259,0.012988,0.0668,0,2,0,29,29
BPP_100_200_0.1_0.7_5.txt.ins,26,25.1711,0.09314,OPT,727,0,0,AI,0,0,3.61538,0.009776,0.06817,0,2,0,29,29
BPP_100_200_0.1_0.7_6.txt.ins,25,24.9714,0.083047,OPT,532,0,0,AI,0,0.04,3.64,0.012366,0.056725,0,2,0,28,28
BPP_100_200_0.1_0.7_7.txt.ins,26,25.9948,0.073138,OPT,524,0,0,AI,0,0.0769231,3.53846,0.009526,0.052752,0,2,0,25,25
BPP_100_200_0.1_0.7_8.txt.ins,24,23.9637,0.077522,OPT,451,0,0,AI,0,0,3.75,0.011621,0.052628,0,2,0,29,29
BPP_100_200_0.1_0.7_9.txt.ins,26,25.9927,0.690578,OPT,650,100,10,AI,100,0.115385,3.38462,0.016051,0.582947,0,2,10,50,50
BPP_100_200_0.1_0.8_0.txt.ins,28,27.0584,0.132211,OPT,633,0,0,AI,0,0.0714286,3.25,0.008362,0.102652,0,2,0,30,30
BPP_100_200_0.1_0.8_1.txt.ins,28,27.9633,0.081786,OPT,514,0,0,AI,0,0.107143,2.85714,0.008929,0.061904,0,2,0,24,24
BPP_100_200_0.1_0.8_2.txt.ins,27,26.9548,0.068458,OPT,513,0,0,AI,0,0.037037,3.55556,0.008231,0.049492,0,2,0,28,28
BPP_100_200_0.1_0.8_3.txt.ins,26,25.9917,2.36502,OPT,1467,231,30,AI,100,0,3.65385,0.029131,1.89527,0,2,35,164,164
BPP_100_200_0.1_0.8_4.txt.ins,27,26.9741,0.319637,OPT,796,0,0,AI,0,0,3.44444,0.017713,0.258502,0,2,0,56,55
BPP_100_200_0.1_0.8_5.txt.ins,29,28.9797,0.046905,OPT,375,0,0,AI,0,0,3.37931,0.005965,0.033644,0,2,0,14,14
BPP_100_200_0.1_0.8_6.txt.ins,29,28.2151,0.09067,OPT,567,0,0,AI,0,0.103448,2.93103,0.009099,0.066433,0,2,0,20,20
BPP_100_200_0.1_0.8_7.txt.ins,27,26.8815,0.066185,OPT,406,0,0,AI,0,0.037037,3.2963,0.008005,0.048295,0,2,0,21,21
BPP_100_200_0.1_0.8_8.txt.ins,29,28.2474,0.129962,OPT,620,0,0,AI,0,0.0689655,3.06897,0.012999,0.095553,0,2,0,33,33
BPP_100_200_0.1_0.8_9.txt.ins,30,29.7757,0.055536,OPT,368,0,0,AI,0,0.1,2.86667,0.006834,0.039751,0,2,0,17,17
BPP_100_200_0.2_0.7_0.txt.ins,28,27.89,0.058115,OPT,446,0,0,AI,0,0.142857,2.85714,0.008204,0.039975,0,2,0,17,17
BPP_100_200_0.2_0.7_1.txt.ins,27,26.9596,0.068323,OPT,402,0,0,AI,0,0,3.44444,0.006843,0.052418,0,2,0,17,17
BPP_100_200_0.2_0.7_2.txt.ins,29,28.9111,0.068866,OPT,369,0,0,AI,0,0.0344828,3.06897,0.007715,0.050381,0,2,0,12,12
BPP_100_200_0.2_0.7_3.txt.ins,28,27.9884,0.082388,OPT,681,0,0,AI,0,0,3.10714,0.010703,0.056989,0,2,0,24,24
BPP_100_200_0.2_0.7_4.txt.ins,29,28.044,0.10255,OPT,699,0,0,AI,0,0.0344828,3.17241,0.008141,0.078644,0,2,0,23,23
BPP_100_200_0.2_0.7_5.txt.ins,28,27.9882,0.08256,OPT,621,0,0,AI,0,0,3.42857,0.011232,0.056906,0,2,0,25,25
BPP_100_200_0.2_0.7_6.txt.ins,28,27.9079,0.065394,OPT,440,0,0,AI,0,0.0357143,3.35714,0.008993,0.044754,0,2,0,19,17
BPP_100_200_0.2_0.7_7.txt.ins,28,27.3279,0.115038,OPT,733,0,0,AI,0,0.214286,2.78571,0.011466,0.082173,0,2,0,28,28
BPP_100_200_0.2_0.7_8.txt.ins,29,28.9742,0.040601,OPT,422,0,0,AI,0,0.0344828,3.17241,0.005643,0.027909,0,2,0,15,15
BPP_100_200_0.2_0.7_9.txt.ins,29,28.9773,0.131684,OPT,558,0,0,AI,0,0.0689655,3.06897,0.008741,0.104351,0,2,0,18,18
BPP_100_200_0.2_0.8_0.txt.ins,30,29.9929,0.179673,OPT,474,0,0,AI,0,0.0666667,2.83333,0.008222,0.148276,0,2,0,27,27
BPP_100_200_0.2_0.8_1.txt.ins,31,30.9628,0.617986,OPT,801,112,20,AI,73,0.129032,2.80645,0.01287,0.466913,0,2,20,63,63
BPP_100_200_0.2_0.8_2.txt.ins,28,27.0694,0.138623,OPT,694,0,0,AI,0,0.0714286,2.89286,0.013167,0.104743,0,2,0,29,29
BPP_100_200_0.2_0.8_3.txt.ins,30,29.3205,0.110253,OPT,605,0,0,AI,0,0.233333,2.66667,0.009338,0.083274,0,2,0,25,25
BPP_100_200_0.2_0.8_4.txt.ins,30,29.1854,0.090105,OPT,649,0,0,AI,0,0,3.13333,0.009419,0.062954,0,2,0,24,24
BPP_100_200_0.2_0.8_5.txt.ins,30,29.9529,0.092058,OPT,459,0,0,AI,0,0.0666667,2.8,0.008273,0.070615,0,2,0,13,13
BPP_100_200_0.2_0.8_6.txt.ins,31,30.0452,0.057648,OPT,590,0,0,AI,0,0.193548,2.64516,0.009693,0.03883,0,1,0,23,23
BPP_100_200_0.2_0.8_7.txt.ins,30,29.9564,0.059989,OPT,520,0,0,AI,0,0.166667,2.9,0.008071,0.041802,0,2,0,17,17
BPP_100_200_0.2_0.8_8.txt.ins,30,29.8495,0.083017,OPT,510,0,0,AI,0,0.0666667,3,0.00825,0.059305,0,2,0,23,23
BPP_100_200_0.2_0.8_9.txt.ins,30,29.9744,0.065558,OPT,497,0,0,AI,0,0.1,2.93333,0.008368,0.045985,0,2,0,17,17
BPP_100_300_0.1_0.7_0.txt.ins,25,24.0101,0.182426,OPT,821,0,0,AI,0,0.04,3.72,0.017902,0.13299,0,2,0,36,36
BPP_100_300_0.1_0.7_1.txt.ins,24,23.8839,0.120414,OPT,456,0,0,AI,0,0,4.125,0.013493,0.093172,0,2,0,26,21
BPP_100_300_0.1_0.7_2.txt.ins,25,24.9425,0.102396,OPT,531,0,0,AI,0,0,3.88,0.015909,0.07182,0,2,0,35,35
BPP_100_300_0.1_0.7_3.txt.ins,26,25.8962,0.095848,OPT,451,0,0,AI,0,0,3.69231,0.010272,0.070726,0,2,0,25,25
BPP_100_300_0.1_0.7_4.txt.ins,27,26.9593,0.086264,OPT,402,0,0,AI,0,0.037037,3.37037,0.010978,0.06192,0,2,0,23,23
BPP_100_300_0.1_0.7_5.txt.ins,26,25.9651,0.146994,OPT,592,0,0,AI,0,0.0384615,3.46154,0.016839,0.106555,0,2,0,43,42
BPP_100_300_0.1_0.7_6.txt.ins,27,26.1402,0.131103,OPT,701,0,0,AI,0,0.037037,3.55556,0.012063,0.09734,0,2,0,30,30
BPP_100_300_0.1_0.7_7.txt.ins,25,24.7416,0.057101,OPT,424,0,0,AI,0,0,3.84,0.00887,0.039031,0,2,0,23,23
BPP_100_300_0.1_0.7_8.txt.ins,24,23.9726,0.376104,OPT,677,0,0,AI,0,0,4,0.017619,0.309315,0,2,0,53,53
BPP_100_300_0.1_0.7_9.txt.ins,26,25.9189,0.071522,OPT,385,0,0,AI,0,0.0384615,3.46154,0.011569,0.048812,0,2,0,16,16
BPP_100_300_0.1_0.8_0.txt.ins,27,26.9129,0.076156,OPT,422,0,0,AI,0,0.037037,3.51852,0.011068,0.053529,0,2,0,20,20
BPP_100_300_0.1_0.8_1.txt.ins,25,24.8875,0.143923,OPT,606,0,0,AI,0,0,3.72,0.013533,0.108943,0,2,0,49,46
BPP_100_300_0.1_0.8_2.txt.ins,28,27.0056,0.107108,OPT,655,0,0,AI,0,0.142857,3.07143,0.0136,0.073507,0,2,0,30,30
BPP_100_300_0.1_0.8_3.txt.ins,28,27.0525,0.063272,OPT,691,0,0,AI,0,0,3.14286,0.009602,0.045001,0,1,0,27,27
BPP_100_300_0.1_0.8_4.txt.ins,26,25.9439,0.107454,OPT,627,0,0,AI,0,0,3.69231,0.013195,0.078114,0,2,0,37,37
BPP_100_300_0.1_0.8_5.txt.ins,29,28.9592,0.093697,OPT,468,0,0,AI,0,0.0689655,3.13793,0.010524,0.091779,0,2,0,17,17
BPP_100_300_0.1_0.8_6.txt.ins,26,25.2066,0.199787,OPT,858,0,0,AI,0,0,3.46154,0.017704,0.151033,0,2,0,39,39
BPP_100_300_0.1_0.8_7.txt.ins,28,27.9689,0.051309,OPT,475,0,0,AI,0,0,3.39286,0.007401,0.03494,0,2,0,24,24
BPP_100_300_0.1_0.8_8.txt.ins,27,26.968,0.070313,OPT,429,0,0,AI,0,0.037037,3.22222,0.009154,0.050309,0,2,0,21,21
BPP_100_300_0.1_0.8_9.txt.ins,27,26.9031,0.090685,OPT,389,0,0,AI,0,0.037037,3.33333,0.007622,0.070185,0,2,0,18,18
BPP_100_300_0.2_0.7_0.txt.ins,27,26.91,0.063393,OPT,399,0,0,AI,0,0.0740741,3.2963,0.008834,0.044148,0,2,0,17,17
BPP_100_300_0.2_0.7_1.txt.ins,28,27.8891,0.052141,OPT,412,0,0,AI,0,0,3.39286,0.008333,0.035152,0,2,0,15,15
BPP_100_300_0.2_0.7_2.txt.ins,28,27.9285,0.089511,OPT,487,0,0,AI,0,0,3.28571,0.009341,0.065777,0,2,0,22,22
BPP_100_300_0.2_0.7_3.txt.ins,28,27.836,0.064198,OPT,476,0,0,AI,0,0.0357143,3.32143,0.009412,0.043558,0,2,0,23,22
BPP_100_300_0.2_0.7_4.txt.ins,29,28.9308,0.050125,OPT,386,0,0,AI,0,0,3.27586,0.007637,0.033529,0,2,0,12,12
BPP_100_300_0.2_0.7_5.txt.ins,29,28.7805,0.051607,OPT,434,0,0,AI,0,0,3.2069,0.006281,0.03637,0,2,0,21,21
BPP_100_300_0.2_0.7_6.txt.ins,27,26.8104,0.067086,OPT,467,0,0,AI,0,0,3.37037,0.009147,0.046148,0,2,0,22,22
BPP_100_300_0.2_0.7_7.txt.ins,29,28.8803,0.067499,OPT,423,0,0,AI,0,0,3.03448,0.00714,0.049633,0,2,0,22,22
BPP_100_300_0.2_0.7_8.txt.ins,29,28.2,0.118419,OPT,620,0,0,AI,0,0.0344828,2.51724,0.012154,0.089922,0,2,0,24,24
BPP_100_300_0.2_0.7_9.txt.ins,27,26.8536,0.072225,OPT,480,0,0,AI,0,0,3.37037,0.009755,0.050504,0,2,0,22,22
BPP_100_300_0.2_0.8_0.txt.ins,31,30.1198,0.065727,OPT,573,0,0,AI,0,0.129032,2.83871,0.007381,0.046318,0,2,0,21,21
BPP_100_300_0.2_0.8_1.txt.ins,30,29.4676,0.094379,OPT,644,0,0,AI,0,0.133333,2.5,0.010632,0.064859,0,2,0,29,29
BPP_100_300_0.2_0.8_2.txt.ins,31,30.9851,0.099886,OPT,616,0,0,AI,0,0.0967742,2.67742,0.008257,0.07341,0,2,0,34,34
BPP_100_300_0.2_0.8_3.txt.ins,29,28.9444,0.085823,OPT,601,0,0,AI,0,0.0344828,3,0.010579,0.059407,0,2,0,29,29
BPP_100_300_0.2_0.8_4.txt.ins,31,30.425,0.05144,OPT,518,0,0,AI,0,0.0322581,2.58065,0.008086,0.036544,0,1,0,19,19
BPP_100_300_0.2_0.8_5.txt.ins,30,29.9636,0.055133,OPT,429,0,0,AI,0,0.0333333,2.86667,0.006888,0.039376,0,2,0,14,14
BPP_100_300_0.2_0.8_6.txt.ins,31,30.2333,0.066827,OPT,554,0,0,AI,0,0.193548,2.64516,0.009152,0.044317,0,2,0,20,20
BPP_100_300_0.2_0.8_7.txt.ins,31,30.3216,0.051221,OPT,536,0,0,AI,0,0.225806,2.45161,0.008541,0.034908,0,1,0,20,20
BPP_100_300_0.2_0.8_8.txt.ins,30,29.9897,0.350362,OPT,660,82,9,AI,82,0.0333333,2.96667,0.011416,0.270602,0,2,9,40,40
BPP_100_300_0.2_0.8_9.txt.ins,29,28.9146,0.082705,OPT,459,0,0,AI,0,0.0689655,3.10345,0.008312,0.061632,0,2,0,14,14
BPP_100_400_0.1_0.7_0.txt.ins,24,23.9968,0.110958,OPT,638,0,0,AI,0,0,3.79167,0.019023,0.074606,0,2,0,38,38
BPP_100_400_0.1_0.7_1.txt.ins,26,25.4593,0.136914,OPT,681,0,0,AI,0,0.0384615,3.5,0.0149,0.102501,0,2,0,29,29
BPP_100_400_0.1_0.7_2.txt.ins,28,27.2903,0.104592,OPT,706,0,0,AI,0,0.0714286,3.10714,0.010832,0.075154,0,2,0,30,30
BPP_100_400_0.1_0.7_3.txt.ins,26,25.9962,3.32208,OPT,1476,226,30,AI,100,0,3.80769,0.030343,2.84583,0,2,36,151,151
BPP_100_400_0.1_0.7_4.txt.ins,24,23.9993,0.165977,OPT,669,0,0,AI,0,0.0416667,3.91667,0.019034,0.13051,0,2,0,36,36
BPP_100_400_0.1_0.7_5.txt.ins,26,25.9511,0.112644,OPT,505,0,0,AI,0,0.0384615,3.53846,0.014793,0.079392,0,2,0,34,34
BPP_100_400_0.1_0.7_6.txt.ins,26,25.8491,0.083355,OPT,367,0,0,AI,0,0,3.5,0.011712,0.059633,0,2,0,18,18
BPP_100_400_0.1_0.7_7.txt.ins,27,26.4,0.201225,OPT,780,0,0,AI,0,0.037037,3.44444,0.017391,0.155737,0,2,0,32,32
BPP_100_400_0.1_0.7_8.txt.ins,24,23.9725,0.097286,OPT,575,0,0,AI,0,0,3.91667,0.016573,0.064845,0,2,0,30,28
BPP_100_400_0.1_0.7_9.txt.ins,26,25.0056,0.15495,OPT,819,0,0,AI,0,0,3.61538,0.016618,0.111761,0,2,0,34,34
BPP_100_400_0.1_0.8_0.txt.ins,27,26.2253,0.147734,OPT,724,0,0,AI,0,0,3.48148,0.015355,0.110699,0,2,0,31,31
BPP_100_400_0.1_0.8_1.txt.ins,27,26.4617,0.121595,OPT,690,0,0,AI,0,0.0740741,3.37037,0.013768,0.086631,0,2,0,29,29
BPP_100_400_0.1_0.8_2.txt.ins,27,26.776,0.060535,OPT,370,0,0,AI,0,0,3.40741,0.008163,0.042952,0,2,0,17,17
BPP_100_400_0.1_0.8_3.txt.ins,27,26.9932,17.2418,OPT,3279,811,140,AI,100,0.111111,3.07407,0.143207,12.8325,0,2,248,785,768
BPP_100_400_0.1_0.8_4.txt.ins,28,27.8727,0.092375,OPT,337,0,0,AI,0,0,3.39286,0.011634,0.072115,0,2,0,19,15
BPP_100_400_0.1_0.8_5.txt.ins,26,25.9014,0.1714,OPT,454,0,0,AI,0,0,3.53846,0.013977,0.134655,0,2,0,37,30
BPP_100_400_0.1_0.8_6.txt.ins,28,27.9671,0.089845,OPT,595,0,0,AI,0,0.0714286,3.10714,0.013812,0.06106,0,2,0,35,33
BPP_100_400_0.1_0.8_7.txt.ins,27,26.9739,0.305476,OPT,689,0,0,AI,0,0.111111,3.11111,0.014396,0.252679,0,2,0,44,44
BPP_100_400_0.1_0.8_8.txt.ins,28,27.8989,0.065671,OPT,385,0,0,AI,0,0.107143,3.17857,0.009627,0.04557,0,2,0,18,18
BPP_100_400_0.1_0.8_9.txt.ins,28,27.0692,0.071531,OPT,624,0,0,AI,0,0.178571,2.75,0.012544,0.049688,0,1,0,23,23
BPP_100_400_0.2_0.7_0.txt.ins,28,27.925,0.07507,OPT,491,0,0,AI,0,0,3.35714,0.010216,0.052627,0,2,0,17,17
BPP_100_400_0.2_0.7_1.txt.ins,28,27.3169,0.108165,OPT,613,0,0,AI,0,0.0714286,3.25,0.011348,0.077751,0,2,0,25,25
BPP_100_400_0.2_0.7_2.txt.ins,30,29.044,0.127344,OPT,628,0,0,AI,0,0.0666667,2.96667,0.013349,0.095933,0,2,0,24,24
BPP_100_400_0.2_0.7_3.txt.ins,28,27.8762,0.057413,OPT,463,0,0,AI,0,0.0714286,3.21429,0.009256,0.03839,0,2,0,20,20
BPP_100_400_0.2_0.7_4.txt.ins,29,28.9544,0.150842,OPT,541,0,0,AI,0,0.0689655,3,0.01124,0.115418,0,2,0,26,26
BPP_100_400_0.2_0.7_5.txt.ins,29,28.3235,0.094735,OPT,606,0,0,AI,0,0.137931,2.75862,0.009811,0.067967,0,2,0,22,22
BPP_100_400_0.2_0.7_6.txt.ins,29,28.1758,0.090065,OPT,611,0,0,AI,0,0,3.2069,0.01105,0.062916,0,2,0,23,23
BPP_100_400_0.2_0.7_7.txt.ins,28,27.917,0.054831,OPT,513,0,0,AI,0,0,3.42857,0.007986,0.037419,0,2,0,23,23
BPP_100_400_0.2_0.7_8.txt.ins,28,27.7709,0.086158,OPT,369,0,0,AI,0,0.0357143,3.03571,0.008948,0.070557,0,2,0,12,12
BPP_100_400_0.2_0.7_9.txt.ins,30,29.0941,0.047465,OPT,599,0,0,AI,0,0.1,2.93333,0.009294,0.031821,0,1,0,21,21
BPP_100_400_0.2_0.8_0.txt.ins,30,29.898,0.108761,OPT,409,0,0,AI,0,0.0333333,3.2,0.009304,0.087406,0,2,0,19,19
BPP_100_400_0.2_0.8_1.txt.ins,31,30.0667,0.063414,OPT,438,0,0,AI,0,0.0322581,3.03226,0.009605,0.043669,0,2,0,15,15
BPP_100_400_0.2_0.8_2.txt.ins,29,28.8773,0.062457,OPT,487,0,0,AI,0,0.0689655,3.17241,0.006606,0.04622,0,2,0,25,25
BPP_100_400_0.2_0.8_3.txt.ins,30,29.9464,0.072807,OPT,483,0,0,AI,0,0.1,2.93333,0.009066,0.050363,0,2,0,24,24
BPP_100_400_0.2_0.8_4.txt.ins,31,30.4,0.073479,OPT,556,0,0,AI,0,0,2.96774,0.011577,0.0464,0,2,0,23,23
BPP_100_400_0.2_0.8_5.txt.ins,30,29.9724,0.072871,OPT,570,0,0,AI,0,0.133333,2.96667,0.00974,0.050613,0,2,0,25,25
BPP_100_400_0.2_0.8_6.txt.ins,30,29.9455,0.106266,OPT,579,0,0,AI,0,0.166667,2.7,0.011458,0.073586,0,2,0,44,38
BPP_100_400_0.2_0.8_7.txt.ins,32,31.0833,0.076553,OPT,495,0,0,AI,0,0.15625,2.625,0.008671,0.053202,0,2,0,23,23
BPP_100_400_0.2_0.8_8.txt.ins,30,29.625,0.114352,OPT,523,0,0,AI,0,0.0333333,2.73333,0.009711,0.085936,0,2,0,20,20
BPP_100_400_0.2_0.8_9.txt.ins,29,28.3557,0.089345,OPT,665,0,0,AI,0,0.103448,2.86207,0.011858,0.062806,0,2,0,26,26
BPP_100_500_0.1_0.7_0.txt.ins,25,24.2248,0.219764,OPT,775,0,0,AI,0,0.04,3.72,0.019079,0.173049,0,2,0,35,35
BPP_100_500_0.1_0.7_1.txt.ins,27,26.7364,0.084261,OPT,403,0,0,AI,0,0.0740741,3.33333,0.01115,0.060861,0,2,0,18,18
BPP_100_500_0.1_0.7_2.txt.ins,26,25.9751,0.119706,OPT,546,0,0,AI,0,0,3.5,0.013634,0.08966,0,2,0,33,33
BPP_100_500_0.1_0.7_3.txt.ins,26,25.9855,0.130696,OPT,459,0,0,AI,0,0.0384615,3.61538,0.013527,0.100886,0,2,0,26,26
BPP_100_500_0.1_0.7_4.txt.ins,25,24.9078,0.055538,OPT,398,0,0,AI,0,0.04,3.56,0.008599,0.038603,0,2,0,16,16
BPP_100_500_0.1_0.7_5.txt.ins,25,24.9542,0.147829,OPT,522,0,0,AI,0,0.04,3.44,0.01889,0.111775,0,2,0,32,32
BPP_100_500_0.1_0.7_6.txt.ins,25,24.9924,0.224889,OPT,750,0,0,AI,0,0,3.76,0.015695,0.18109,0,2,0,46,46
BPP_100_500_0.1_0.7_7.txt.ins,25,24.9895,0.449667,OPT,838,0,0,AI,0,0.04,3.8,0.023196,0.367389,0,2,0,72,72
BPP_100_500_0.1_0.7_8.txt.ins,25,24.8963,0.083547,OPT,498,0,0,AI,0,0,3.88,0.011758,0.06001,0,2,0,28,28
BPP_100_500_0.1_0.7_9.txt.ins,26,25.9857,0.140057,OPT,777,0,0,AI,0,0.0384615,3.53846,0.018846,0.101567,0,2,0,39,39
BPP_100_500_0.1_0.8_0.txt.ins,26,25.8847,0.056968,OPT,479,0,0,AI,0,0,3.73077,0.009893,0.037427,0,2,0,24,24
BPP_100_500_0.1_0.8_1.txt.ins,28,27.9861,0.073435,OPT,619,0,0,AI,0,0.0714286,3.35714,0.012355,0.048731,0,2,0,32,32
BPP_100_500_0.1_0.8_2.txt.ins,27,26.9753,0.151668,OPT,637,0,0,AI,0,0.037037,3.14815,0.011551,0.116898,0,2,0,52,52
BPP_100_500_0.1_0.8_3.txt.ins,28,27.8733,0.076524,OPT,471,0,0,AI,0,0,3.42857,0.013091,0.051215,0,2,0,21,21
BPP_100_500_0.1_0.8_4.txt.ins,27,26.9922,0.112192,OPT,662,0,0,AI,0,0.0740741,3.48148,0.015262,0.080035,0,2,0,23,23
BPP_100_500_0.1_0.8_5.txt.ins,29,28.1299,0.112467,OPT,635,0,0,AI,0,0,3.06897,0.014428,0.081541,0,2,0,28,28
BPP_100_500_0.1_0.8_6.txt.ins,27,26.9194,0.11224,OPT,501,0,0,AI,0,0.037037,3.2963,0.011977,0.086231,0,2,0,24,24
BPP_100_500_0.1_0.8_7.txt.ins,28,27.9646,0.123384,OPT,524,0,0,AI,0,0.0357143,3.14286,0.01179,0.093147,0,2,0,26,26
BPP_100_500_0.1_0.8_8.txt.ins,28,27.9327,0.058542,OPT,485,0,0,AI,0,0.0714286,3.21429,0.00869,0.039731,0,2,0,24,23
BPP_100_500_0.1_0.8_9.txt.ins,26,25.985,0.125706,OPT,544,0,0,AI,0,0,3.65385,0.0164,0.090582,0,2,0,32,32
BPP_100_500_0.2_0.7_0.txt.ins,27,26.9695,0.12999,OPT,698,0,0,AI,0,0.0740741,3.37037,0.013946,0.097226,0,2,0,36,36
BPP_100_500_0.2_0.7_1.txt.ins,30,30,0.466374,OPT,523,97,10,AI,97,0.133333,3,0.011175,0.37118,0,2,10,36,36
BPP_100_500_0.2_0.7_2.txt.ins,29,28.4586,0.11483,OPT,579,0,0,AI,0,0.0344828,3,0.008952,0.091526,0,2,0,21,21
BPP_100_500_0.2_0.7_3.txt.ins,29,28.8162,0.07379,OPT,426,0,0,AI,0,0.137931,3.03448,0.00905,0.052683,0,2,0,18,18
BPP_100_500_0.2_0.7_4.txt.ins,29,28.8712,0.088553,OPT,451,0,0,AI,0,0.103448,2.7931,0.007835,0.068574,0,2,0,19,19
BPP_100_500_0.2_0.7_5.txt.ins,29,28.8728,0.178045,OPT,453,0,0,AI,0,0,3.31034,0.00846,0.14526,0,2,0,26,26
BPP_100_500_0.2_0.7_6.txt.ins,30,29.9859,0.040085,OPT,326,0,0,AI,0,0.0666667,2.93333,0.005196,0.028312,0,2,0,11,11
BPP_100_500_0.2_0.7_7.txt.ins,29,28.9626,0.092249,OPT,492,0,0,AI,0,0.0344828,3.10345,0.007743,0.068915,0,2,0,28,28
BPP_100_500_0.2_0.7_8.txt.ins,28,27.975,0.155178,OPT,557,0,0,AI,0,0,3.28571,0.012088,0.12514,0,2,0,19,19
BPP_100_500_0.2_0.7_9.txt.ins,30,29.2746,0.06522,OPT,571,0,0,AI,0,0.1,2.86667,0.007393,0.047323,0,2,0,20,20
BPP_100_500_0.2_0.8_0.txt.ins,29,28.7978,0.049816,OPT,362,0,0,AI,0,0.0344828,3.2069,0.008122,0.033984,0,2,0,11,11
BPP_100_500_0.2_0.8_1.txt.ins,30,29.3333,0.056671,OPT,580,0,0,AI,0,0.266667,2.16667,0.008954,0.037026,0,2,0,22,22
BPP_100_500_0.2_0.8_2.txt.ins,30,29.3457,0.097835,OPT,617,0,0,AI,0,0.166667,2.83333,0.011427,0.067738,0,2,0,25,25
BPP_100_500_0.2_0.8_3.txt.ins,29,28.967,0.087061,OPT,509,0,0,AI,0,0.0689655,3.03448,0.007619,0.066637,0,2,0,22,22
BPP_100_500_0.2_0.8_4.txt.ins,33,32.2857,0.034409,OPT,396,0,0,AI,0,0.30303,1.9697,0.007478,0.022718,0,1,0,14,14
BPP_100_500_0.2_0.8_5.txt.ins,29,28.9392,0.086963,OPT,551,0,0,AI,0,0.103448,2.89655,0.010621,0.063174,0,2,0,19,19
BPP_100_500_0.2_0.8_6.txt.ins,32,31.0526,0.028378,OPT,433,0,0,AI,0,0.0625,2.8125,0.006177,0.019159,0,1,0,14,14
BPP_100_500_0.2_0.8_7.txt.ins,30,29.9958,0.078422,OPT,606,0,0,AI,0,0.1,2.83333,0.01128,0.05412,0,2,0,22,22
BPP_100_500_0.2_0.8_8.txt.ins,30,29.9718,0.068444,OPT,385,0,0,AI,0,0.0333333,3.03333,0.006017,0.053425,0,2,0,19,19
BPP_100_500_0.2_0.8_9.txt.ins,31,30.05,0.04774,OPT,509,0,0,AI,0,0.0322581,3.03226,0.010378,0.030365,0,1,0,19,19
BPP_100_50_0.1_0.7_0.txt.ins,26,25.9609,0.100087,OPT,445,0,0,AI,0,0,3.46154,0.008798,0.076053,0,2,0,22,22
BPP_100_50_0.1_0.7_1.txt.ins,25,24.8869,0.126636,OPT,439,0,0,AI,0,0.04,3.64,0.014133,0.095839,0,2,0,28,28
BPP_100_50_0.1_0.7_2.txt.ins,25,24.9428,0.156392,OPT,467,0,0,AI,0,0.04,3.68,0.010984,0.12614,0,2,0,25,25
BPP_100_50_0.1_0.7_3.txt.ins,27,26.9731,0.128462,OPT,523,0,0,AI,0,0.037037,3.48148,0.010491,0.101866,0,2,0,29,29
BPP_100_50_0.1_0.7_4.txt.ins,24,23.9588,0.674541,OPT,578,100,10,AI,100,0.0416667,3.79167,0.013965,0.562153,0,2,10,49,49
BPP_100_50_0.1_0.7_5.txt.ins,27,26.9252,0.089547,OPT,433,0,0,AI,0,0.037037,3.2963,0.009355,0.067416,0,2,0,20,20
BPP_100_50_0.1_0.7_6.txt.ins,25,24.9672,0.124921,OPT,715,0,0,AI,0,0,3.84,0.013014,0.09145,0,2,0,52,52
BPP_100_50_0.1_0.7_7.txt.ins,25,24.9105,0.115015,OPT,395,0,0,AI,0,0,3.8,0.008985,0.092873,0,2,0,18,18
BPP_100_50_0.1_0.7_8.txt.ins,26,25.4533,0.128528,OPT,566,0,0,AI,0,0.0769231,3.42308,0.010185,0.098573,0,2,0,24,24
BPP_100_50_0.1_0.7_9.txt.ins,26,25.9739,0.306413,OPT,653,0,0,AI,0,0,3.80769,0.010458,0.253167,0,2,0,72,72
BPP_100_50_0.1_0.8_0.txt.ins,26,25.9477,0.262333,OPT,772,0,0,AI,0,0,3.61538,0.014059,0.209059,0,2,0,71,71
BPP_100_50_0.1_0.8_1.txt.ins,27,26.2307,0.147423,OPT,566,0,0,AI,0,0,3.18519,0.010979,0.119105,0,2,0,25,25
BPP_100_50_0.1_0.8_2.txt.ins,29,28.2693,0.08006,OPT,551,0,0,AI,0,0.137931,2.82759,0.00846,0.055789,0,2,0,25,25
BPP_100_50_0.1_0.8_3.txt.ins,27,26.9698,0.195572,OPT,669,0,0,AI,0,0,3.59259,0.012485,0.152899,0,2,0,44,44
BPP_100_50_0.1_0.8_4.txt.ins,25,24.9887,0.126467,OPT,627,0,0,AI,0,0,3.84,0.014375,0.092297,0,2,0,45,45
BPP_100_50_0.1_0.8_5.txt.ins,26,25.6239,0.153152,OPT,621,0,0,AI,0,0.0384615,3.34615,0.010502,0.118619,0,2,0,31,31
BPP_100_50_0.1_0.8_6.txt.ins,27,26.0833,0.090512,OPT,590,0,0,AI,0,0.037037,3.33333,0.00741,0.068579,0,2,0,28,28
BPP_100_50_0.1_0.8_7.txt.ins,27,26.9679,0.063686,OPT,458,0,0,AI,0,0,3.51852,0.008062,0.043107,0,2,0,24,23
BPP_100_50_0.1_0.8_8.txt.ins,28,27.9269,0.079949,OPT,469,0,0,AI,0,0.0357143,3.35714,0.006406,0.060976,0,2,0,23,23
BPP_100_50_0.1_0.8_9.txt.ins,28,27.7214,0.050596,OPT,393,0,0,AI,0,0,3.46429,0.005229,0.037,0,2,0,17,17
BPP_100_50_0.2_0.7_0.txt.ins,30,29.1895,0.04116,OPT,493,0,0,AI,0,0.0666667,2.8,0.006596,0.029201,0,1,0,16,16
BPP_100_50_0.2_0.7_1.txt.ins,29,28.8666,0.079051,OPT,399,0,0,AI,0,0.0344828,3.27586,0.008644,0.060843,0,2,0,16,16
BPP_100_50_0.2_0.7_2.txt.ins,28,27.8085,0.0744,OPT,451,0,0,AI,0,0.142857,3.10714,0.006515,0.058844,0,2,0,25,22
BPP_100_50_0.2_0.7_3.txt.ins,30,29.9921,1.67678,OPT,1081,196,30,AI,100,0.0333333,3,0.014157,1.38251,0,2,40,142,142
BPP_100_50_0.2_0.7_4.txt.ins,29,28.8798,0.058431,OPT,424,0,0,AI,0,0,3.27586,0.008651,0.054979,0,2,0,22,20
BPP_100_50_0.2_0.7_5.txt.ins,28,27.9116,0.105607,OPT,560,0,0,AI,0,0.107143,3.21429,0.00845,0.081647,0,2,0,22,22
BPP_100_50_0.2_0.7_6.txt.ins,29,28.7353,0.032965,OPT,354,0,0,AI,0,0.0689655,3.13793,0.003918,0.023003,0,2,0,12,11
BPP_100_50_0.2_0.7_7.txt.ins,28,27.0684,0.077769,OPT,563,0,0,AI,0,0.0357143,3.14286,0.007546,0.056734,0,2,0,21,21
BPP_100_50_0.2_0.7_8.txt.ins,29,28.1736,0.102084,OPT,651,0,0,AI,0,0.103448,2.89655,0.008534,0.075176,0,2,0,25,25
BPP_100_50_0.2_0.7_9.txt.ins,30,29.9489,0.035611,OPT,411,0,0,AI,0,0.0333333,2.96667,0.004196,0.024589,0,2,0,15,15
BPP_100_50_0.2_0.8_0.txt.ins,30,29.1333,0.073323,OPT,575,0,0,AI,0,0.0333333,3.1,0.00718,0.051949,0,2,0,22,22
BPP_100_50_0.2_0.8_1.txt.ins,30,29.0204,0.079933,OPT,484,0,0,AI,0,0.0666667,2.93333,0.006553,0.063411,0,2,0,18,18
BPP_100_50_0.2_0.8_2.txt.ins,31,30.0536,0.052811,OPT,523,0,0,AI,0,0.129032,2.54839,0.006727,0.038199,0,1,0,21,21
BPP_100_50_0.2_0.8_3.txt.ins,30,29.8346,0.045264,OPT,323,0,0,AI,0,0.0666667,3.03333,0.004978,0.03307,0,2,0,10,10
BPP_100_50_0.2_0.8_4.txt.ins,31,30.0667,0.023587,OPT,412,0,0,AI,0,0.0322581,2.74194,0.003679,0.01683,0,1,0,13,13
BPP_100_50_0.2_0.8_5.txt.ins,29,28.9002,0.063453,OPT,450,0,0,AI,0,0.0689655,2.86207,0.005204,0.047496,0,2,0,22,22
BPP_100_50_0.2_0.8_6.txt.ins,30,29.9782,0.162662,OPT,460,0,0,AI,0,0.1,2.9,0.006811,0.132974,0,2,0,31,31
BPP_100_50_0.2_0.8_7.txt.ins,31,30.4222,0.072809,OPT,505,0,0,AI,0,0.0967742,2.80645,0.006374,0.053335,0,2,0,19,19
BPP_100_50_0.2_0.8_8.txt.ins,31,31,0.030205,OPT,420,0,0,AI,0,0.419355,1.58065,0.004115,0.019904,0,2,0,15,15
BPP_100_50_0.2_0.8_9.txt.ins,31,30.0368,0.078836,OPT,549,0,0,AI,0,0.0967742,2.74194,0.006771,0.056254,0,2,0,21,21
BPP_100_750_0.1_0.7_0.txt.ins,25,24.175,0.130621,OPT,788,0,0,AI,0,0.04,3.68,0.014806,0.09523,0,2,0,35,35
BPP_100_750_0.1_0.7_1.txt.ins,24,23.1227,0.219293,OPT,808,0,0,AI,0,0.0833333,3.625,0.023084,0.165084,0,2,0,42,42
BPP_100_750_0.1_0.7_2.txt.ins,26,25.9583,0.104744,OPT,393,0,0,AI,0,0,3.34615,0.014416,0.077139,0,2,0,16,16
BPP_100_750_0.1_0.7_3.txt.ins,26,25.9777,0.193847,OPT,698,0,0,AI,0,0,3.53846,0.01832,0.146792,0,2,0,47,47
BPP_100_750_0.1_0.7_4.txt.ins,25,24.9861,0.160159,OPT,715,0,0,AI,0,0.08,3.6,0.020495,0.118452,0,2,0,37,37
BPP_100_750_0.1_0.7_5.txt.ins,27,26.1336,0.128444,OPT,765,0,0,AI,0,0,3.44444,0.013795,0.091895,0,2,0,37,37
BPP_100_750_0.1_0.7_6.txt.ins,26,25.2902,0.096486,OPT,657,0,0,AI,0,0.0384615,3.5,0.013073,0.066042,0,2,0,35,35
BPP_100_750_0.1_0.7_7.txt.ins,26,25.4413,0.21006,OPT,679,0,0,AI,0,0,3.65385,0.019473,0.165004,0,2,0,33,33
BPP_100_750_0.1_0.7_8.txt.ins,25,24.9642,0.071804,OPT,572,0,0,AI,0,0,3.8,0.013614,0.046423,0,2,0,41,37
BPP_100_750_0.1_0.7_9.txt.ins,26,25.0229,0.123164,OPT,655,0,0,AI,0,0.0769231,3.26923,0.017861,0.085938,0,2,0,29,29
BPP_100_750_0.1_0.8_0.txt.ins,26,25.9843,0.101413,OPT,601,0,0,AI,0,0.115385,3.38462,0.014177,0.075261,0,2,0,23,23
BPP_100_750_0.1_0.8_1.txt.ins,26,25.985,0.122611,OPT,608,0,0,AI,0,0,3.69231,0.018425,0.086303,0,2,0,38,38
BPP_100_750_0.1_0.8_2.txt.ins,26,25.9687,0.057467,OPT,519,0,0,AI,0,0,3.53846,0.010486,0.037093,0,2,0,32,32
BPP_100_750_0.1_0.8_3.txt.ins,28,27.0805,0.088109,OPT,594,0,0,AI,0,0,2.96429,0.013165,0.065639,0,1,0,22,22
BPP_100_750_0.1_0.8_4.txt.ins,29,28.1357,0.080123,OPT,772,0,0,AI,0,0.172414,2.86207,0.015171,0.053241,0,1,0,35,35
BPP_100_750_0.1_0.8_5.txt.ins,28,27.9596,0.1004,OPT,550,0,0,AI,0,0.0357143,3.17857,0.012565,0.072096,0,2,0,26,26
BPP_100_750_0.1_0.8_6.txt.ins,26,25.9485,0.084574,OPT,474,0,0,AI,0,0.0769231,3.42308,0.012359,0.062348,0,2,0,22,22
BPP_100_750_0.1_0.8_7.txt.ins,28,26.9868,69.9259,OPT,3575,869,379,ANI,100,0,3.40741,0.3209,49.1809,0,2,687,1409,1268
BPP_100_750_0.1_0.8_8.txt.ins,26,25.9382,0.111589,OPT,513,0,0,AI,0,0,3.69231,0.018064,0.077868,0,2,0,38,33
BPP_100_750_0.1_0.8_9.txt.ins,26,25.93,0.101534,OPT,325,0,0,AI,0,0.0769231,3.61538,0.012172,0.078439,0,2,0,13,13
BPP_100_750_0.2_0.7_0.txt.ins,28,27.853,0.106167,OPT,398,0,0,AI,0,0.0357143,3.03571,0.009221,0.084946,0,2,0,14,14
BPP_100_750_0.2_0.7_1.txt.ins,30,29.166,0.111854,OPT,576,0,0,AI,0,0.1,2.83333,0.012254,0.084459,0,2,0,21,21
BPP_100_750_0.2_0.7_2.txt.ins,27,26.9974,0.104737,OPT,588,0,0,AI,0,0,3.59259,0.013602,0.07578,0,2,0,20,20
BPP_100_750_0.2_0.7_3.txt.ins,28,27.8899,0.100626,OPT,499,0,0,AI,0,0,3.32143,0.014388,0.073098,0,2,0,20,20
BPP_100_750_0.2_0.7_4.txt.ins,28,27.9961,0.1256,OPT,650,0,0,AI,0,0.0357143,3.39286,0.012141,0.094552,0,2,0,34,34
BPP_100_750_0.2_0.7_5.txt.ins,27,26.9319,0.080045,OPT,388,0,0,AI,0,0,3.25926,0.011827,0.057572,0,2,0,18,18
BPP_100_750_0.2_0.7_6.txt.ins,29,29,0.050664,OPT,420,0,0,AI,0,0,3.13793,0.008962,0.032741,0,2,0,13,13
BPP_100_750_0.2_0.7_7.txt.ins,28,27.0059,0.121245,OPT,653,0,0,AI,0,0.0357143,3.28571,0.013544,0.08939,0,2,0,22,22
BPP_100_750_0.2_0.7_8.txt.ins,28,27.7868,0.060839,OPT,384,0,0,AI,0,0.0357143,3.32143,0.009938,0.041702,0,2,0,12,12
BPP_100_750_0.2_0.7_9.txt.ins,30,29.3389,0.096085,OPT,579,0,0,AI,0,0.0333333,3.06667,0.013081,0.066017,0,2,0,22,22
BPP_100_750_0.2_0.8_0.txt.ins,30,29.9546,0.064462,OPT,460,0,0,AI,0,0.1,3.06667,0.009266,0.044057,0,2,0,23,23
BPP_100_750_0.2_0.8_1.txt.ins,29,28.9921,0.633444,OPT,724,78,10,AI,78,0.0344828,3,0.015183,0.514115,0,2,10,43,43
BPP_100_750_0.2_0.8_2.txt.ins,30,29.2345,0.17397,OPT,668,0,0,AI,0,0.166667,2.7,0.014884,0.138193,0,2,0,26,26
BPP_100_750_0.2_0.8_3.txt.ins,30,29.125,0.066239,OPT,423,0,0,AI,0,0.0333333,3.16667,0.010546,0.045038,0,2,0,15,15
BPP_100_750_0.2_0.8_4.txt.ins,30,29.9619,0.519166,OPT,703,100,10,AI,100,0.0666667,3.06667,0.012575,0.416243,0,2,10,65,64
BPP_100_750_0.2_0.8_5.txt.ins,30,29.2475,0.095976,OPT,634,0,0,AI,0,0,3.16667,0.013853,0.064086,0,2,0,25,25
BPP_100_750_0.2_0.8_6.txt.ins,29,28.9855,0.148626,OPT,563,0,0,AI,0,0.0344828,3.13793,0.01401,0.112135,0,2,0,32,30
BPP_100_750_0.2_0.8_7.txt.ins,30,29.1794,0.082187,OPT,630,0,0,AI,0,0.1,2.86667,0.009434,0.058625,0,2,0,23,23
BPP_100_750_0.2_0.8_8.txt.ins,31,30.9657,0.093832,OPT,396,0,0,AI,0,0,2.93548,0.009885,0.068088,0,2,0,21,21
BPP_100_750_0.2_0.8_9.txt.ins,33,32.4444,0.056245,OPT,363,0,0,AI,0,0.181818,2.24242,0.007437,0.038944,0,2,0,14,14
BPP_100_75_0.1_0.7_0.txt.ins,24,23.9553,0.048211,OPT,413,0,0,AI,0,0,3.45833,0.009092,0.030165,0,2,0,31,30
BPP_100_75_0.1_0.7_1.txt.ins,24,23.9955,0.196828,OPT,629,0,0,AI,0,0,4,0.015464,0.152941,0,2,0,52,52
BPP_100_75_0.1_0.7_2.txt.ins,27,26.1085,0.087403,OPT,644,0,0,AI,0,0.037037,3.48148,0.008456,0.064344,0,2,0,28,28
BPP_100_75_0.1_0.7_3.txt.ins,28,27.9171,0.10804,OPT,528,0,0,AI,0,0.0714286,3.28571,0.007823,0.081807,0,2,0,32,32
BPP_100_75_0.1_0.7_4.txt.ins,26,24.997,12.2067,OPT,2352,535,78,ANI,100,0.04,3.6,0.057695,10.1616,0,2,110,437,436
BPP_100_75_0.1_0.7_5.txt.ins,25,24.8409,0.077482,OPT,526,0,0,AI,0,0,3.72,0.013108,0.050997,0,2,0,32,29
BPP_100_75_0.1_0.7_6.txt.ins,26,25.9945,0.161031,OPT,679,0,0,AI,0,0.0769231,3.34615,0.015863,0.123628,0,2,0,38,38
BPP_100_75_0.1_0.7_7.txt.ins,25,24.8804,0.128029,OPT,448,0,0,AI,0,0,3.84,0.01141,0.101857,0,2,0,21,21
BPP_100_75_0.1_0.7_8.txt.ins,24,23.9001,0.113334,OPT,641,0,0,AI,0,0,4.08333,0.014878,0.080331,0,2,0,39,39
BPP_100_75_0.1_0.7_9.txt.ins,24,23.9286,0.112019,OPT,580,0,0,AI,0,0,4,0.016723,0.077295,0,2,0,37,37
BPP_100_75_0.1_0.8_0.txt.ins,28,27.9722,0.174258,OPT,624,0,0,AI,0,0.0357143,3.35714,0.008881,0.139005,0,2,0,51,51
BPP_100_75_0.1_0.8_1.txt.ins,27,26.3471,0.135035,OPT,713,0,0,AI,0,0,3.51852,0.013245,0.096494,0,2,0,37,37
BPP_100_75_0.1_0.8_2.txt.ins,27,26.9302,0.130974,OPT,504,0,0,AI,0,0,3.48148,0.009308,0.104107,0,2,0,25,25
BPP_100_75_0.1_0.8_3.txt.ins,28,27.9871,0.081065,OPT,459,0,0,AI,0,0.0714286,3.21429,0.008218,0.060395,0,2,0,22,22
BPP_100_75_0.1_0.8_4.txt.ins,27,26.9692,0.089672,OPT,418,0,0,AI,0,0.037037,3.25926,0.009885,0.066058,0,2,0,20,20
BPP_100_75_0.1_0.8_5.txt.ins,28,27.9239,0.060178,OPT,359,0,0,AI,0,0,3.32143,0.006752,0.043876,0,2,0,16,16
BPP_100_75_0.1_0.8_6.txt.ins,26,25.9711,0.182896,OPT,676,0,0,AI,0,0,3.69231,0.014048,0.140568,0,2,0,50,50
BPP_100_75_0.1_0.8_7.txt.ins,27,26.9921,0.126254,OPT,543,0,0,AI,0,0.037037,3.2963,0.009586,0.099179,0,2,0,19,19
BPP_100_75_0.1_0.8_8.txt.ins,27,26.9882,0.071653,OPT,555,0,0,AI,0,0,3.59259,0.009963,0.049748,0,2,0,34,34
BPP_100_75_0.1_0.8_9.txt.ins,28,27.1707,0.116617,OPT,640,0,0,AI,0,0.0714286,3.21429,0.012705,0.085519,0,2,0,25,25
BPP_100_75_0.2_0.7_0.txt.ins,28,27.9613,0.083457,OPT,584,0,0,AI,0,0.0357143,3.17857,0.00896,0.060677,0,2,0,23,23
BPP_100_75_0.2_0.7_1.txt.ins,30,29.3,0.071743,OPT,433,0,0,AI,0,0.0333333,3.03333,0.007301,0.052777,0,2,0,14,14
BPP_100_75_0.2_0.7_2.txt.ins,28,27.9599,0.078485,OPT,482,0,0,AI,0,0.0357143,3.17857,0.006753,0.060608,0,2,0,24,24
BPP_100_75_0.2_0.7_3.txt.ins,30,29.8318,0.050897,OPT,425,0,0,AI,0,0,3.06667,0.006335,0.035494,0,2,0,13,13
BPP_100_75_0.2_0.7_4.txt.ins,29,28.1316,0.049406,OPT,512,0,0,AI,0,0,3.13793,0.005245,0.034078,0,2,0,18,18
BPP_100_75_0.2_0.7_5.txt.ins,29,28.9408,0.119747,OPT,584,0,0,AI,0,0,3.31034,0.008372,0.093085,0,2,0,21,21
BPP_100_75_0.2_0.7_6.txt.ins,30,29.0534,0.148044,OPT,671,0,0,AI,0,0.2,2.53333,0.009367,0.119086,0,2,0,26,26
BPP_100_75_0.2_0.7_7.txt.ins,28,27.9665,0.134199,OPT,479,0,0,AI,0,0,3.46429,0.007782,0.105759,0,2,0,21,21
BPP_100_75_0.2_0.7_8.txt.ins,28,27.9964,0.689668,OPT,664,95,10,AI,95,0.0357143,3.35714,0.010242,0.561518,0,2,10,47,47
BPP_100_75_0.2_0.7_9.txt.ins,29,28.881,0.106489,OPT,450,0,0,AI,0,0.0689655,3.13793,0.008136,0.083714,0,2,0,19,19
BPP_100_75_0.2_0.8_0.txt.ins,28,27.9425,0.080147,OPT,553,0,0,AI,0,0.0714286,3.28571,0.008021,0.059237,0,2,0,20,20
BPP_100_75_0.2_0.8_1.txt.ins,30,29.9902,0.167394,OPT,613,0,0,AI,0,0,3.1,0.008091,0.13375,0,2,0,36,36
BPP_100_75_0.2_0.8_2.txt.ins,30,29.8707,0.035542,OPT,380,0,0,AI,0,0.0333333,2.96667,0.004496,0.02491,0,2,0,15,15
BPP_100_75_0.2_0.8_3.txt.ins,30,29.9884,0.061413,OPT,516,0,0,AI,0,0.133333,2.9,0.005951,0.045209,0,2,0,27,23
BPP_100_75_0.2_0.8_4.txt.ins,29,28.1022,0.092168,OPT,602,0,0,AI,0,0.0689655,3.10345,0.008615,0.07087,0,2,0,22,22
BPP_100_75_0.2_0.8_5.txt.ins,30,29.9733,2.03903,OPT,1091,217,30,AI,100,0.0666667,3.06667,0.01601,1.71066,0,2,35,125,125
BPP_100_75_0.2_0.8_6.txt.ins,28,27.9877,0.09054,OPT,644,0,0,AI,0,0,3.42857,0.009669,0.068259,0,2,0,26,26
BPP_100_75_0.2_0.8_7.txt.ins,30,29.0799,0.114227,OPT,654,0,0,AI,0,0.2,2.53333,0.009064,0.087013,0,2,0,27,27
BPP_100_75_0.2_0.8_8.txt.ins,34,33.5,0.040605,OPT,225,0,0,AI,0,0.176471,2.35294,0.003952,0.031862,0,2,0,9,9
BPP_100_75_0.2_0.8_9.txt.ins,29,28.9858,0.074288,OPT,543,0,0,AI,0,0.0689655,3.24138,0.008983,0.051429,0,2,0,26,26
