BPP_200_1000_0.1_0.7_0.txt.ins,48,47.9916,0.515928,OPT,1745,0,0,AI,0,0,3.97917,0.072345,0.396553,0,2,0,57,57
BPP_200_1000_0.1_0.7_1.txt.ins,49,48.9607,0.373401,OPT,1357,0,0,AI,0,0.0408163,3.73469,0.059912,0.278938,0,2,0,41,41
BPP_200_1000_0.1_0.7_2.txt.ins,49,48.9847,1.60525,OPT,1926,0,0,AI,0,0.0204082,3.89796,0.086101,1.40922,0,2,0,80,80
BPP_200_1000_0.1_0.7_3.txt.ins,49,48.9611,0.385542,OPT,1605,0,0,AI,0,0,3.85714,0.064216,0.282394,0,2,0,63,62
BPP_200_1000_0.1_0.7_4.txt.ins,52,51.2021,0.616489,OPT,2059,0,0,AI,0,0.0192308,3.67308,0.068673,0.487687,0,2,0,52,52
BPP_200_1000_0.1_0.7_5.txt.ins,52,51.0068,0.609267,OPT,1751,0,0,AI,0,0.0384615,3.46154,0.063005,0.490676,0,2,0,52,52
BPP_200_1000_0.1_0.7_6.txt.ins,49,48.9958,0.439028,OPT,1592,0,0,AI,0,0.0408163,3.73469,0.053191,0.343579,0,2,0,47,47
BPP_200_1000_0.1_0.7_7.txt.ins,48,47.991,11.0994,OPT,2817,216,30,AI,100,0,3.95833,0.109009,10.1921,0,2,30,229,229
BPP_200_1000_0.1_0.7_8.txt.ins,51,50.3363,0.845977,OPT,2265,0,0,AI,0,0.117647,3.37255,0.075083,0.701924,0,2,0,48,48
BPP_200_1000_0.1_0.7_9.txt.ins,48,47.9478,0.427851,OPT,1318,0,0,AI,0,0,3.83333,0.064555,0.327862,0,2,0,39,39
BPP_200_1000_0.1_0.8_0.txt.ins,55,54.1052,0.49506,OPT,1757,0,0,AI,0,0.0545455,3.32727,0.060048,0.385319,0,2,0,49,49
BPP_200_1000_0.1_0.8_1.txt.ins,54,53.9859,0.862595,OPT,1518,0,0,AI,0,0.0555556,3.22222,0.045343,0.747758,0,2,0,50,50
BPP_200_1000_0.1_0.8_2.txt.ins,54,53.9796,35.4806,OPT,4236,533,80,AI,100,0.037037,3.33333,0.182909,32.0136,0,2,103,415,414
BPP_200_1000_0.1_0.8_3.txt.ins,54,53.0372,0.783729,OPT,1950,0,0,AI,0,0.037037,3.44444,0.062857,0.659918,0,2,0,43,43
BPP_200_1000_0.1_0.8_4.txt.ins,53,52.898,0.260512,OPT,1142,0,0,AI,0,0.0754717,3.13208,0.041613,0.194211,0,2,0,30,29
BPP_200_1000_0.1_0.8_5.txt.ins,53,52.9487,0.291083,OPT,1108,0,0,AI,0,0.0566038,3.30189,0.049978,0.215272,0,2,0,27,27
BPP_200_1000_0.1_0.8_6.txt.ins,53,52.0051,0.559046,OPT,1807,0,0,AI,0,0.113208,3.15094,0.060466,0.448847,0,2,0,39,39
BPP_200_1000_0.1_0.8_7.txt.ins,56,55.8514,0.285257,OPT,1234,0,0,AI,0,0.0714286,3.10714,0.035298,0.225635,0,2,0,30,30
BPP_200_1000_0.1_0.8_8.txt.ins,53,52.973,1.99894,OPT,1774,0,0,AI,0,0.0566038,3.43396,0.070944,1.78202,0,2,0,108,104
BPP_200_1000_0.1_0.8_9.txt.ins,52,51.4612,0.776612,OPT,2022,0,0,AI,0,0.0769231,3.53846,0.061531,0.643012,0,2,0,59,59
BPP_200_1000_0.2_0.7_0.txt.ins,56,55.9183,1.9153,OPT,1732,0,0,AI,0,0,3.23214,0.042834,1.72931,0,2,0,76,76
BPP_200_1000_0.2_0.7_1.txt.ins,56,55.9377,0.235194,OPT,1233,0,0,AI,0,0.0714286,3.14286,0.037722,0.175467,0,2,0,27,26
BPP_200_1000_0.2_0.7_2.txt.ins,58,57.1639,0.440022,OPT,1512,0,0,AI,0,0.0689655,3.05172,0.035544,0.367605,0,2,0,27,27
BPP_200_1000_0.2_0.7_3.txt.ins,54,53.9137,0.251313,OPT,1207,0,0,AI,0,0.0555556,3.11111,0.032265,0.197471,0,2,0,30,30
BPP_200_1000_0.2_0.7_4.txt.ins,56,55.9488,0.481071,OPT,1239,0,0,AI,0,0.0357143,3.19643,0.040929,0.39392,0,2,0,40,40
BPP_200_1000_0.2_0.7_5.txt.ins,57,56.4126,0.358173,OPT,1503,0,0,AI,0,0.0350877,3.24561,0.037662,0.284569,0,2,0,34,34
BPP_200_1000_0.2_0.7_6.txt.ins,56,55.9738,0.325056,OPT,1217,0,0,AI,0,0.0178571,3.28571,0.04199,0.253681,0,2,0,24,24
BPP_200_1000_0.2_0.7_7.txt.ins,57,56.909,0.227216,OPT,1158,0,0,AI,0,0.0350877,3.12281,0.031174,0.173817,0,2,0,28,25
BPP_200_1000_0.2_0.7_8.txt.ins,55,54.8621,0.277889,OPT,1226,0,0,AI,0,0,3.21818,0.032662,0.212055,0,2,0,43,38
BPP_200_1000_0.2_0.7_9.txt.ins,56,55.9833,4.44663,OPT,2242,100,10,AI,100,0.0714286,3.10714,0.056641,3.95584,0,2,10,90,90
BPP_200_1000_0.2_0.8_0.txt.ins,58,57.9573,0.449901,OPT,1408,0,0,AI,0,0.0172414,2.98276,0.036377,0.38172,0,2,0,29,29
BPP_200_1000_0.2_0.8_1.txt.ins,59,58.5,0.417617,OPT,1423,0,0,AI,0,0.101695,2.91525,0.035355,0.339515,0,2,0,32,32
BPP_200_1000_0.2_0.8_2.txt.ins,60,59.9706,0.282312,OPT,1266,0,0,AI,0,0.05,3.01667,0.036575,0.220029,0,2,0,24,24
BPP_200_1000_0.2_0.8_3.txt.ins,60,59.5353,0.443824,OPT,1512,0,0,AI,0,0.133333,2.83333,0.036067,0.371967,0,2,0,28,28
BPP_200_1000_0.2_0.8_4.txt.ins,60,59.2392,0.417229,OPT,1587,0,0,AI,0,0.133333,2.8,0.035148,0.340809,0,2,0,32,32
BPP_200_1000_0.2_0.8_5.txt.ins,58,57.9874,0.221782,OPT,1275,0,0,AI,0,0.0689655,3.01724,0.030138,0.170031,0,2,0,27,27
BPP_200_1000_0.2_0.8_6.txt.ins,60,59.6173,0.401645,OPT,1475,0,0,AI,0,0.15,2.7,0.045766,0.31526,0,2,0,40,39
BPP_200_1000_0.2_0.8_7.txt.ins,58,57.3588,0.380444,OPT,1525,0,0,AI,0,0.12069,2.86207,0.04727,0.290651,0,2,0,33,33
BPP_200_1000_0.2_0.8_8.txt.ins,61,60.4375,0.334546,OPT,1304,0,0,AI,0,0.114754,2.80328,0.036218,0.284137,0,2,0,35,30
BPP_200_1000_0.2_0.8_9.txt.ins,61,60.2548,0.412038,OPT,1425,0,0,AI,0,0.147541,2.7541,0.035518,0.332481,0,2,0,30,30
BPP_200_100_0.1_0.7_0.txt.ins,51,50.9499,0.215551,OPT,1160,0,0,AI,0,0,3.72549,0.036276,0.154857,0,2,0,37,37
BPP_200_100_0.1_0.7_1.txt.ins,49,48.9713,0.338509,OPT,1435,0,0,AI,0,0.0204082,3.91837,0.037769,0.266728,0,2,0,51,50
BPP_200_100_0.1_0.7_2.txt.ins,50,49.937,0.324799,OPT,1432,0,0,AI,0,0,3.66,0.037576,0.253378,0,2,0,52,49
BPP_200_100_0.1_0.7_3.txt.ins,50,49.8888,0.349692,OPT,1507,0,0,AI,0,0,3.74,0.049443,0.263597,0,2,0,70,68
BPP_200_100_0.1_0.7_4.txt.ins,50,49.2165,0.439125,OPT,1557,0,0,AI,0,0.06,3.6,0.033756,0.358502,0,2,0,43,43
BPP_200_100_0.1_0.7_5.txt.ins,49,48.9163,1.19164,OPT,1413,0,0,AI,0,0.0612245,3.67347,0.045215,1.04138,0,2,0,67,66
BPP_200_100_0.1_0.7_6.txt.ins,51,50.9156,0.362465,OPT,1303,0,0,AI,0,0.0392157,3.52941,0.040077,0.290847,0,2,0,36,36
BPP_200_100_0.1_0.7_7.txt.ins,48,47.979,5.89621,OPT,1766,163,20,AI,100,0.0416667,3.875,0.043783,5.35816,0,2,20,90,89
BPP_200_100_0.1_0.7_8.txt.ins,51,50.009,0.655008,OPT,1586,0,0,AI,0,0.0196078,3.64706,0.046058,0.554677,0,2,0,39,39
BPP_200_100_0.1_0.7_9.txt.ins,50,49.9724,2.9356,OPT,2000,0,0,AI,0,0.04,3.78,0.057844,2.66849,0,2,0,111,110
BPP_200_100_0.1_0.8_0.txt.ins,54,53.995,0.257399,OPT,1026,0,0,AI,0,0.0185185,3.40741,0.027475,0.203912,0,2,0,30,29
BPP_200_100_0.1_0.8_1.txt.ins,55,54.9035,1.67559,OPT,1751,0,0,AI,0,0.0363636,3.34545,0.045513,1.48699,0,2,0,99,99
BPP_200_100_0.1_0.8_2.txt.ins,52,51.4896,0.551197,OPT,1520,0,0,AI,0,0.0769231,3.26923,0.037805,0.462408,0,2,0,36,36
BPP_200_100_0.1_0.8_3.txt.ins,53,52.9629,0.848564,OPT,1562,0,0,AI,0,0.0188679,3.39623,0.040513,0.736546,0,2,0,62,62
BPP_200_100_0.1_0.8_4.txt.ins,55,54.9866,0.256067,OPT,1241,0,0,AI,0,0.0727273,3.30909,0.028906,0.20108,0,2,0,29,29
BPP_200_100_0.1_0.8_5.txt.ins,53,52.9358,0.943199,OPT,1633,0,0,AI,0,0,3.43396,0.045248,0.822485,0,2,0,73,73
BPP_200_100_0.1_0.8_6.txt.ins,53,52.9457,0.302988,OPT,1312,0,0,AI,0,0.0377358,3.4717,0.032722,0.241138,0,2,0,46,46
BPP_200_100_0.1_0.8_7.txt.ins,52,51.9634,0.8107,OPT,1494,0,0,AI,0,0.0384615,3.5,0.042573,0.700902,0,2,0,57,57
BPP_200_100_0.1_0.8_8.txt.ins,56,55.0744,0.323822,OPT,1522,0,0,AI,0,0,3.32143,0.025387,0.262651,0,2,0,33,33
BPP_200_100_0.1_0.8_9.txt.ins,55,54.9435,0.665523,OPT,1414,0,0,AI,0,0.0727273,3.10909,0.033293,0.569722,0,2,0,63,63
BPP_200_100_0.2_0.7_0.txt.ins,57,56.989,0.373547,OPT,1617,0,0,AI,0,0.0526316,3.12281,0.024891,0.314726,0,2,0,32,32
BPP_200_100_0.2_0.7_1.txt.ins,55,54.3155,0.361211,OPT,1575,0,0,AI,0,0.181818,3.07273,0.02577,0.291171,0,2,0,38,36
BPP_200_100_0.2_0.7_2.txt.ins,55,54.992,0.25144,OPT,1237,0,0,AI,0,0.0545455,3.30909,0.025978,0.200218,0,2,0,27,27
BPP_200_100_0.2_0.7_3.txt.ins,55,54.8603,0.256028,OPT,1189,0,0,AI,0,0.0181818,3.43636,0.027068,0.204086,0,2,0,28,28
BPP_200_100_0.2_0.7_4.txt.ins,55,54.984,0.190757,OPT,1232,0,0,AI,0,0,3.23636,0.021574,0.149892,0,2,0,21,21
BPP_200_100_0.2_0.7_5.txt.ins,55,54.9497,0.253981,OPT,1096,0,0,AI,0,0.0545455,3.2,0.026665,0.204637,0,2,0,24,23
BPP_200_100_0.2_0.7_6.txt.ins,56,55.9823,0.720144,OPT,1611,0,0,AI,0,0.107143,3.03571,0.027226,0.631343,0,2,0,44,43
BPP_200_100_0.2_0.7_7.txt.ins,58,57.9607,2.87841,OPT,1866,100,10,AI,100,0.172414,2.86207,0.033331,2.53793,0,2,10,81,80
BPP_200_100_0.2_0.7_8.txt.ins,57,56.0135,0.472689,OPT,1637,0,0,AI,0,0.0350877,3.24561,0.030171,0.396944,0,2,0,34,34
BPP_200_100_0.2_0.7_9.txt.ins,58,57.0256,0.575364,OPT,1400,0,0,AI,0,0.0689655,3.12069,0.021777,0.506641,0,2,0,26,26
BPP_200_100_0.2_0.8_0.txt.ins,61,60.2918,0.369144,OPT,1372,0,0,AI,0,0.0983607,2.80328,0.025395,0.308556,0,2,0,30,30
BPP_200_100_0.2_0.8_1.txt.ins,60,59.9691,0.665325,OPT,1321,0,0,AI,0,0.1,2.9,0.027376,0.580163,0,2,0,35,35
BPP_200_100_0.2_0.8_2.txt.ins,59,58.3441,0.299652,OPT,1449,0,0,AI,0,0.135593,2.74576,0.020971,0.244026,0,2,0,36,34
BPP_200_100_0.2_0.8_3.txt.ins,59,58.0304,0.358909,OPT,1380,0,0,AI,0,0.0847458,3,0.025397,0.300326,0,2,0,24,24
BPP_200_100_0.2_0.8_4.txt.ins,62,61.8841,0.19107,OPT,1038,0,0,AI,0,0.16129,2.58065,0.016246,0.155174,0,2,0,19,19
BPP_200_100_0.2_0.8_5.txt.ins,59,57.9966,1.89007,OPT,1661,0,1,ANI,0,0.0517241,2.96552,0.028391,1.70749,0,2,2,64,64
BPP_200_100_0.2_0.8_6.txt.ins,59,58.1464,0.408778,OPT,1515,0,0,AI,0,0.118644,2.84746,0.027146,0.340003,0,2,0,32,32
BPP_200_100_0.2_0.8_7.txt.ins,60,59.0621,0.29908,OPT,1320,0,0,AI,0,0.0333333,2.91667,0.021571,0.249028,0,2,0,24,24
BPP_200_100_0.2_0.8_8.txt.ins,62,61.412,0.296677,OPT,1350,0,0,AI,0,0.193548,2.43548,0.025531,0.236916,0,2,0,31,31
BPP_200_100_0.2_0.8_9.txt.ins,59,58.9155,0.275934,OPT,1231,0,0,AI,0,0.0508475,2.83051,0.024987,0.225664,0,2,0,28,28
BPP_200_120_0.1_0.7_0.txt.ins,50,49.9876,0.840665,OPT,1409,0,0,AI,0,0.02,3.7,0.0344,0.74127,0,2,0,60,60
BPP_200_120_0.1_0.7_1.txt.ins,51,50.9681,0.400228,OPT,1544,0,0,AI,0,0.0588235,3.64706,0.038261,0.323278,0,2,0,42,42
BPP_200_120_0.1_0.7_2.txt.ins,50,49.8877,0.356397,OPT,1198,0,0,AI,0,0,3.74,0.046043,0.276459,0,2,0,30,30
BPP_200_120_0.1_0.7_3.txt.ins,51,50.9936,5.17756,OPT,2909,121,10,AI,100,0.0392157,3.68627,0.066635,4.62366,0,2,13,138,138
BPP_200_120_0.1_0.7_4.txt.ins,49,48.8392,0.295338,OPT,1215,0,0,AI,0,0.0204082,3.89796,0.036528,0.230155,0,2,0,33,32
BPP_200_120_0.1_0.7_5.txt.ins,50,49.8674,0.239334,OPT,1264,0,0,AI,0,0,3.78,0.036212,0.176308,0,2,0,49,43
BPP_200_120_0.1_0.7_6.txt.ins,51,50.9878,0.312471,OPT,1504,0,0,AI,0,0.0196078,3.7451,0.036736,0.244362,0,2,0,51,51
BPP_200_120_0.1_0.7_7.txt.ins,50,49.0144,0.500707,OPT,1628,0,0,AI,0,0,3.76,0.041904,0.413936,0,2,0,38,38
BPP_200_120_0.1_0.7_8.txt.ins,50,49.9873,0.855978,OPT,1556,0,0,AI,0,0.02,3.7,0.042012,0.742688,0,2,0,57,57
BPP_200_120_0.1_0.7_9.txt.ins,50,49.935,0.887831,OPT,1674,0,0,AI,0,0.04,3.5,0.042622,0.774802,0,2,0,96,91
BPP_200_120_0.1_0.8_0.txt.ins,53,52.9605,0.292101,OPT,1323,0,0,AI,0,0.0188679,3.4717,0.028717,0.235535,0,2,0,32,32
BPP_200_120_0.1_0.8_1.txt.ins,50,49.9875,0.400133,OPT,1675,0,0,AI,0,0.02,3.82,0.039953,0.323088,0,2,0,68,65
BPP_200_120_0.1_0.8_2.txt.ins,56,55.9358,0.301586,OPT,1306,0,0,AI,0,0.0357143,3.25,0.033247,0.237803,0,2,0,46,46
BPP_200_120_0.1_0.8_3.txt.ins,53,52.9429,0.244985,OPT,1261,0,0,AI,0,0.0188679,3.43396,0.029552,0.190092,0,2,0,34,34
BPP_200_120_0.1_0.8_4.txt.ins,56,55.1301,0.434978,OPT,1583,0,0,AI,0,0.0535714,3.16071,0.028248,0.361404,0,2,0,32,32
BPP_200_120_0.1_0.8_5.txt.ins,55,54.5661,0.576606,OPT,1503,0,0,AI,0,0.0727273,3.12727,0.026428,0.505975,0,2,0,29,29
BPP_200_120_0.1_0.8_6.txt.ins,53,52.9778,0.305388,OPT,1476,0,0,AI,0,0.0566038,3.28302,0.039518,0.235503,0,2,0,47,47
BPP_200_120_0.1_0.8_7.txt.ins,54,53.9885,0.827748,OPT,1587,0,0,AI,0,0,3.51852,0.037568,0.715277,0,2,0,80,80
BPP_200_120_0.1_0.8_8.txt.ins,52,51.1445,0.739107,OPT,1940,0,0,AI,0,0.0769231,3.38462,0.046515,0.620496,0,2,0,61,61
BPP_200_120_0.1_0.8_9.txt.ins,55,54.945,0.265814,OPT,1396,0,0,AI,0,0.0545455,3.21818,0.029979,0.209055,0,2,0,41,37
BPP_200_120_0.2_0.7_0.txt.ins,58,57.9395,0.243022,OPT,982,0,0,AI,0,0.0517241,2.89655,0.029101,0.188244,0,2,0,21,20
BPP_200_120_0.2_0.7_1.txt.ins,58,57.8254,0.822905,OPT,1306,0,0,AI,0,0.0689655,2.86207,0.023967,0.714447,0,2,0,58,58
BPP_200_120_0.2_0.7_2.txt.ins,56,55.8297,0.549442,OPT,1163,0,0,AI,0,0.0357143,3.30357,0.027021,0.474498,0,2,0,37,36
BPP_200_120_0.2_0.7_3.txt.ins,56,55.9814,0.311007,OPT,1413,0,0,AI,0,0.0714286,3.21429,0.025422,0.25817,0,2,0,28,27
BPP_200_120_0.2_0.7_4.txt.ins,56,55.9537,0.806717,OPT,1509,0,0,AI,0,0.0714286,3.25,0.034632,0.70795,0,2,0,45,45
BPP_200_120_0.2_0.7_5.txt.ins,55,54.9909,5.27735,OPT,2025,134,20,AI,95,0,3.47273,0.039187,4.65854,0,2,20,108,108
BPP_200_120_0.2_0.7_6.txt.ins,56,55.9899,0.29017,OPT,1139,0,0,AI,0,0.0357143,3.19643,0.03131,0.232938,0,2,0,29,29
BPP_200_120_0.2_0.7_7.txt.ins,57,56.9454,0.321508,OPT,1223,0,0,AI,0,0.0175439,3.29825,0.031662,0.258122,0,2,0,31,31
BPP_200_120_0.2_0.7_8.txt.ins,58,57.078,0.446405,OPT,1518,0,0,AI,0,0.0344828,2.96552,0.029424,0.375754,0,2,0,36,36
BPP_200_120_0.2_0.7_9.txt.ins,57,56.9719,0.341578,OPT,1022,0,0,AI,0,0.0526316,2.98246,0.031081,0.283977,0,2,0,21,19
BPP_200_120_0.2_0.8_0.txt.ins,60,59.0454,0.469923,OPT,1435,0,0,AI,0,0.0833333,2.85,0.022222,0.400336,0,2,0,31,31
BPP_200_120_0.2_0.8_1.txt.ins,59,58.9683,0.282968,OPT,1408,0,0,AI,0,0.0508475,3.0678,0.027095,0.226576,0,2,0,33,33
BPP_200_120_0.2_0.8_2.txt.ins,60,59.7222,0.704489,OPT,1643,0,0,AI,0,0.116667,2.81667,0.026158,0.606037,0,2,0,58,58
BPP_200_120_0.2_0.8_3.txt.ins,58,57.9798,0.209288,OPT,1081,0,0,AI,0,0.0689655,3,0.020166,0.166726,0,2,0,24,24
BPP_200_120_0.2_0.8_4.txt.ins,60,59.9077,0.330613,OPT,1244,0,0,AI,0,0.0166667,3.2,0.027334,0.26835,0,2,0,30,30
BPP_200_120_0.2_0.8_5.txt.ins,60,59.2935,0.383528,OPT,1599,0,0,AI,0,0.0833333,2.85,0.023665,0.318637,0,2,0,41,37
BPP_200_120_0.2_0.8_6.txt.ins,57,56.9933,0.79143,OPT,1805,0,0,AI,0,0.0175439,3.14035,0.029651,0.689863,0,2,0,63,63
BPP_200_120_0.2_0.8_7.txt.ins,60,59.9815,0.272762,OPT,1308,0,0,AI,0,0.05,3.08333,0.021132,0.224253,0,2,0,31,31
BPP_200_120_0.2_0.8_8.txt.ins,61,60.5,0.29281,OPT,1289,0,0,AI,0,0.147541,2.63934,0.030467,0.231368,0,2,0,29,29
BPP_200_120_0.2_0.8_9.txt.ins,61,60.2353,0.297655,OPT,1403,0,0,AI,0,0.163934,2.57377,0.023249,0.237311,0,2,0,24,24
BPP_200_125_0.1_0.7_0.txt.ins,52,51.9247,0.292132,OPT,1363,0,0,AI,0,0.0192308,3.73077,0.03959,0.219738,0,2,0,50,43
BPP_200_125_0.1_0.7_1.txt.ins,51,50.9813,0.962818,OPT,1423,0,0,AI,0,0.0196078,3.72549,0.03698,0.837265,0,2,0,78,78
BPP_200_125_0.1_0.7_2.txt.ins,48,47.9693,6.20155,OPT,2302,100,10,AI,100,0,4.04167,0.067372,5.66292,0,2,10,147,146
BPP_200_125_0.1_0.7_3.txt.ins,51,50.8917,0.800411,OPT,1420,0,0,AI,0,0.0392157,3.58824,0.04303,0.694535,0,2,0,49,47
BPP_200_125_0.1_0.7_4.txt.ins,50,49.9367,0.852971,OPT,1658,0,0,AI,0,0.04,3.68,0.046603,0.752193,0,2,0,73,73
BPP_200_125_0.1_0.7_5.txt.ins,50,49.9986,0.903691,OPT,1720,0,0,AI,0,0.06,3.64,0.035435,0.795069,0,2,0,61,59
BPP_200_125_0.1_0.7_6.txt.ins,50,49.9942,0.400377,OPT,1538,0,0,AI,0,0,3.7,0.044559,0.312161,0,2,0,59,59
BPP_200_125_0.1_0.7_7.txt.ins,50,49.9617,0.286364,OPT,1466,0,0,AI,0,0,3.8,0.04114,0.22931,0,2,0,53,53
BPP_200_125_0.1_0.7_8.txt.ins,51,50.8987,0.275686,OPT,1221,0,0,AI,0,0.0588235,3.5098,0.039798,0.20721,0,2,0,39,39
BPP_200_125_0.1_0.7_9.txt.ins,51,50.3659,0.691182,OPT,1774,0,0,AI,0,0.0196078,3.68627,0.043413,0.5865,0,2,0,55,55
BPP_200_125_0.1_0.8_0.txt.ins,54,53.2347,0.491805,OPT,1742,0,0,AI,0,0.148148,3.11111,0.042106,0.399379,0,2,0,45,45
BPP_200_125_0.1_0.8_1.txt.ins,56,55.9473,0.268039,OPT,1233,0,0,AI,0,0.0178571,3.35714,0.031496,0.208046,0,2,0,30,30
BPP_200_125_0.1_0.8_2.txt.ins,52,51.9719,6.65105,OPT,2887,100,10,AI,100,0.0576923,3.51923,0.087546,6.02075,0,2,10,226,226
BPP_200_125_0.1_0.8_3.txt.ins,52,51.981,6.02546,OPT,2504,100,10,AI,100,0.0384615,3.59615,0.066166,5.53824,0,2,10,167,165
BPP_200_125_0.1_0.8_4.txt.ins,52,51.9259,1.04228,OPT,1322,0,0,AI,0,0,3.65385,0.043994,0.916522,0,2,0,58,57
BPP_200_125_0.1_0.8_5.txt.ins,56,55.9949,1.1381,OPT,1534,0,0,AI,0,0.0178571,3.25,0.033211,1.01116,0,2,0,52,52
BPP_200_125_0.1_0.8_6.txt.ins,53,52.476,0.502161,OPT,1807,0,0,AI,0,0.0754717,3.49057,0.03733,0.433051,0,2,0,48,48
BPP_200_125_0.1_0.8_7.txt.ins,51,50.9944,6.07786,OPT,3037,100,10,AI,100,0,3.66667,0.060704,5.57323,0,2,10,175,175
BPP_200_125_0.1_0.8_8.txt.ins,55,54.9745,2.56428,OPT,1831,0,0,AI,0,0.0181818,3.43636,0.046627,2.31961,0,2,0,122,103
BPP_200_125_0.1_0.8_9.txt.ins,54,53.9283,1.2951,OPT,2011,0,0,AI,0,0.0555556,3.2963,0.051916,1.12947,0,2,0,112,112
BPP_200_125_0.2_0.7_0.txt.ins,57,56.9435,0.183074,OPT,1143,0,0,AI,0,0,3.22807,0.021946,0.139959,0,2,0,22,22
BPP_200_125_0.2_0.7_1.txt.ins,56,55.9234,0.65261,OPT,1309,0,0,AI,0,0.0357143,3.33929,0.026659,0.569493,0,2,0,38,38
BPP_200_125_0.2_0.7_2.txt.ins,58,57.0696,0.396352,OPT,1499,0,0,AI,0,0.103448,3.03448,0.027713,0.330698,0,2,0,28,28
BPP_200_125_0.2_0.7_3.txt.ins,55,54.9991,1.43168,OPT,1895,0,0,AI,0,0.0181818,3.41818,0.034943,1.30787,0,2,0,57,57
BPP_200_125_0.2_0.7_4.txt.ins,57,56.1467,0.408727,OPT,1627,0,0,AI,0,0.122807,2.85965,0.032915,0.35093,0,2,0,38,38
BPP_200_125_0.2_0.7_5.txt.ins,59,58.0279,0.392005,OPT,1460,0,0,AI,0,0.101695,2.79661,0.02619,0.329368,0,2,0,27,27
BPP_200_125_0.2_0.7_6.txt.ins,57,56.0412,0.441687,OPT,1595,0,0,AI,0,0.105263,2.84211,0.031544,0.369129,0,2,0,30,30
BPP_200_125_0.2_0.7_7.txt.ins,57,56.9573,3.67653,OPT,1833,93,10,AI,93,0.0350877,3.19298,0.033181,3.25638,0,2,10,80,80
BPP_200_125_0.2_0.7_8.txt.ins,57,56.9792,2.21292,OPT,1769,0,0,AI,0,0.0526316,3.14035,0.04126,2.00847,0,2,0,81,81
BPP_200_125_0.2_0.7_9.txt.ins,56,55.8972,0.239104,OPT,1245,0,0,AI,0,0.0535714,3.16071,0.022929,0.192335,0,2,0,30,30
BPP_200_125_0.2_0.8_0.txt.ins,60,59.0638,0.448889,OPT,1352,0,0,AI,0,0.0666667,2.9,0.029847,0.38212,0,2,0,25,25
BPP_200_125_0.2_0.8_1.txt.ins,59,58.9344,0.657254,OPT,1330,0,0,AI,0,0.0677966,3,0.024668,0.571184,0,2,0,51,50
BPP_200_125_0.2_0.8_2.txt.ins,59,57.9955,20.772,OPT,3380,394,61,ANI,100,0.155172,2.82759,0.085248,18.671,0,2,84,349,349
BPP_200_125_0.2_0.8_3.txt.ins,59,58.4208,0.401587,OPT,1446,0,0,AI,0,0.271186,2.52542,0.028818,0.332039,0,2,0,32,32
BPP_200_125_0.2_0.8_4.txt.ins,61,60.7715,0.454563,OPT,1528,0,0,AI,0,0.114754,2.78689,0.032023,0.3764,0,2,0,38,36
BPP_200_125_0.2_0.8_5.txt.ins,60,59.9905,0.546145,OPT,1333,0,0,AI,0,0.166667,2.76667,0.02255,0.470332,0,2,0,42,42
BPP_200_125_0.2_0.8_6.txt.ins,57,56.9432,0.296907,OPT,1327,0,0,AI,0,0.0877193,3.01754,0.032059,0.236784,0,2,0,35,35
BPP_200_125_0.2_0.8_7.txt.ins,60,59.191,0.305016,OPT,1324,0,0,AI,0,0.1,2.75,0.021145,0.248398,0,2,0,25,25
BPP_200_125_0.2_0.8_8.txt.ins,59,58.0821,0.324581,OPT,1412,0,0,AI,0,0.186441,2.66102,0.020799,0.267966,0,2,0,32,32
BPP_200_125_0.2_0.8_9.txt.ins,60,59.9851,0.675397,OPT,1142,0,0,AI,0,0.0666667,3.06667,0.028789,0.590352,0,2,0,29,29
BPP_200_150_0.1_0.7_0.txt.ins,51,50.8485,0.735741,OPT,1537,0,0,AI,0,0.0392157,3.33333,0.042,0.628487,0,2,0,81,68
BPP_200_150_0.1_0.7_1.txt.ins,51,50.9996,1.13042,OPT,1816,0,0,AI,0,0.0392157,3.72549,0.04731,1.0016,0,2,0,76,76
BPP_200_150_0.1_0.7_2.txt.ins,50,49.987,0.652089,OPT,1312,0,0,AI,0,0.06,3.4,0.033761,0.556413,0,2,0,58,56
BPP_200_150_0.1_0.7_3.txt.ins,49,48.9862,0.406381,OPT,1830,0,0,AI,0,0,3.85714,0.046621,0.315675,0,2,0,71,62
BPP_200_150_0.1_0.7_4.txt.ins,53,52.8546,0.218244,OPT,1158,0,0,AI,0,0.0377358,3.41509,0.027466,0.168061,0,2,0,36,36
BPP_200_150_0.1_0.7_5.txt.ins,51,50.996,0.439785,OPT,1370,0,0,AI,0,0.0392157,3.54902,0.051454,0.350804,0,2,0,44,44
BPP_200_150_0.1_0.7_6.txt.ins,52,51.9858,0.290031,OPT,1129,0,0,AI,0,0.0576923,3.51923,0.045171,0.232366,0,2,0,31,31
BPP_200_150_0.1_0.7_7.txt.ins,51,50.9019,1.86372,OPT,1558,0,0,AI,0,0,3.72549,0.045366,1.66749,0,2,0,94,94
BPP_200_150_0.1_0.7_8.txt.ins,48,47.0446,0.751357,OPT,1916,0,0,AI,0,0.0416667,3.83333,0.04901,0.63457,0,2,0,58,58
BPP_200_150_0.1_0.7_9.txt.ins,48,47.013,0.585156,OPT,1603,0,0,AI,0,0.0208333,3.97917,0.039219,0.5007,0,2,0,40,40
BPP_200_150_0.1_0.8_0.txt.ins,53,52.9807,0.404007,OPT,1460,0,0,AI,0,0.0377358,3.4717,0.034625,0.328924,0,2,0,67,63
BPP_200_150_0.1_0.8_1.txt.ins,54,53.9203,4.67274,OPT,2196,100,10,AI,100,0,3.5,0.053234,4.19361,0,2,10,152,152
BPP_200_150_0.1_0.8_2.txt.ins,53,52.9772,0.400793,OPT,1733,0,0,AI,0,0,3.45283,0.048628,0.309853,0,2,0,65,65
BPP_200_150_0.1_0.8_3.txt.ins,54,53.2114,0.627148,OPT,1624,0,0,AI,0,0.0185185,3.40741,0.030527,0.541043,0,2,0,40,40
BPP_200_150_0.1_0.8_4.txt.ins,56,55.9871,0.309523,OPT,1070,0,0,AI,0,0.0535714,3.17857,0.02668,0.255586,0,2,0,32,28
BPP_200_150_0.1_0.8_5.txt.ins,54,53.9988,1.15014,OPT,1912,0,0,AI,0,0,3.53704,0.040597,1.026,0,2,0,65,65
BPP_200_150_0.1_0.8_6.txt.ins,54,53.061,0.575423,OPT,1771,0,0,AI,0,0.111111,3.2037,0.042098,0.484083,0,2,0,38,38
BPP_200_150_0.1_0.8_7.txt.ins,56,55.0292,0.370639,OPT,1445,0,0,AI,0,0.0892857,2.94643,0.024762,0.305331,0,2,0,35,35
BPP_200_150_0.1_0.8_8.txt.ins,54,53.9944,0.684494,OPT,1474,0,0,AI,0,0,3.2963,0.041261,0.581498,0,2,0,51,51
BPP_200_150_0.1_0.8_9.txt.ins,54,53.0523,0.507185,OPT,1691,0,0,AI,0,0.0185185,3.33333,0.031517,0.428653,0,2,0,40,40
BPP_200_150_0.2_0.7_0.txt.ins,56,55.9853,0.415091,OPT,1631,0,0,AI,0,0.0357143,3.28571,0.032074,0.345046,0,2,0,35,35
BPP_200_150_0.2_0.7_1.txt.ins,57,56.9343,0.228911,OPT,1242,0,0,AI,0,0.0526316,3.17544,0.027919,0.177225,0,2,0,28,28
BPP_200_150_0.2_0.7_2.txt.ins,57,56.9489,0.280102,OPT,1228,0,0,AI,0,0.0877193,3.03509,0.028834,0.224833,0,2,0,25,25
BPP_200_150_0.2_0.7_3.txt.ins,57,56.9653,0.308816,OPT,1231,0,0,AI,0,0.0877193,2.98246,0.033767,0.265566,0,2,0,29,29
BPP_200_150_0.2_0.7_4.txt.ins,57,56.6839,0.520746,OPT,1564,0,0,AI,0,0.122807,2.98246,0.033204,0.442975,0,2,0,44,44
BPP_200_150_0.2_0.7_5.txt.ins,55,54.0932,0.43584,OPT,1653,0,0,AI,0,0.0727273,3.05455,0.026742,0.369212,0,2,0,32,32
BPP_200_150_0.2_0.7_6.txt.ins,57,56.9841,0.377174,OPT,1528,0,0,AI,0,0.0526316,3.19298,0.032381,0.308556,0,2,0,37,37
BPP_200_150_0.2_0.7_7.txt.ins,58,57.9236,0.287262,OPT,1044,0,0,AI,0,0.0517241,3.17241,0.032371,0.22826,0,2,0,21,21
BPP_200_150_0.2_0.7_8.txt.ins,56,55.932,0.258601,OPT,1283,0,0,AI,0,0.0178571,3.30357,0.026035,0.207899,0,2,0,33,33
BPP_200_150_0.2_0.7_9.txt.ins,57,56.2767,0.454856,OPT,1660,0,0,AI,0,0.0350877,3.12281,0.032953,0.380228,0,2,0,38,36
BPP_200_150_0.2_0.8_0.txt.ins,61,60.8291,0.999889,OPT,1063,0,0,AI,0,0.0491803,2.90164,0.018283,0.889945,0,2,0,45,43
BPP_200_150_0.2_0.8_1.txt.ins,58,57.3835,0.442412,OPT,1670,0,0,AI,0,0.0862069,2.87931,0.03311,0.367941,0,2,0,42,41
BPP_200_150_0.2_0.8_2.txt.ins,59,58.8916,0.190628,OPT,1106,0,0,AI,0,0.0338983,3.15254,0.023549,0.14586,0,2,0,29,29
BPP_200_150_0.2_0.8_3.txt.ins,60,59.9727,0.201868,OPT,1237,0,0,AI,0,0.116667,2.75,0.020806,0.157425,0,2,0,41,39
BPP_200_150_0.2_0.8_4.txt.ins,61,60.1891,0.353811,OPT,1516,0,0,AI,0,0.163934,2.62295,0.025597,0.292268,0,2,0,29,29
BPP_200_150_0.2_0.8_5.txt.ins,61,60.9836,0.237148,OPT,1338,0,0,AI,0,0.0655738,2.90164,0.019819,0.192118,0,2,0,34,34
BPP_200_150_0.2_0.8_6.txt.ins,57,56.9954,0.24752,OPT,1146,0,0,AI,0,0.0350877,3.15789,0.028762,0.192033,0,2,0,36,36
BPP_200_150_0.2_0.8_7.txt.ins,60,59.272,0.378314,OPT,1397,0,0,AI,0,0.1,3,0.022334,0.316919,0,2,0,37,37
BPP_200_150_0.2_0.8_8.txt.ins,59,58.9984,0.213503,OPT,1100,0,0,AI,0,0.118644,2.94915,0.025154,0.16649,0,2,0,23,23
BPP_200_150_0.2_0.8_9.txt.ins,61,60.2271,0.451122,OPT,1406,0,0,AI,0,0.0983607,2.88525,0.028969,0.378698,0,2,0,26,26
BPP_200_200_0.1_0.7_0.txt.ins,51,50.9134,0.193012,OPT,1117,0,0,AI,0,0.0196078,3.58824,0.029141,0.140969,0,2,0,37,36
BPP_200_200_0.1_0.7_1.txt.ins,54,53.0008,0.621491,OPT,1830,0,0,AI,0,0.0925926,3.27778,0.034069,0.534195,0,2,0,37,37
BPP_200_200_0.1_0.7_2.txt.ins,48,47.9998,3.32089,OPT,2168,0,0,AI,0,0,3.875,0.05252,3.05281,0,2,0,109,109
BPP_200_200_0.1_0.7_3.txt.ins,50,49.1114,0.80325,OPT,1754,0,0,AI,0,0.04,3.48,0.041422,0.698648,0,2,0,45,45
BPP_200_200_0.1_0.7_4.txt.ins,49,48.9941,1.15297,OPT,1905,0,0,AI,0,0.0612245,3.81633,0.057395,1.00308,0,2,0,77,73
BPP_200_200_0.1_0.7_5.txt.ins,50,49.997,21.8162,OPT,4225,257,40,AI,100,0.06,3.62,0.126004,19.9998,0,2,40,290,281
BPP_200_200_0.1_0.7_6.txt.ins,54,53.9841,0.357747,OPT,1503,0,0,AI,0,0,3.61111,0.041345,0.283783,0,2,0,36,34
BPP_200_200_0.1_0.7_7.txt.ins,49,48.8178,0.332403,OPT,1319,0,0,AI,0,0.0612245,3.65306,0.048776,0.251639,0,2,0,49,49
BPP_200_200_0.1_0.7_8.txt.ins,53,52.9554,0.231261,OPT,1290,0,0,AI,0,0,3.4717,0.031646,0.172802,0,2,0,36,35
BPP_200_200_0.1_0.7_9.txt.ins,52,51.2615,0.70279,OPT,1949,0,0,AI,0,0.0192308,3.51923,0.046564,0.591196,0,2,0,56,56
BPP_200_200_0.1_0.8_0.txt.ins,53,52.9302,0.38868,OPT,1467,0,0,AI,0,0.0377358,3.37736,0.040198,0.315121,0,2,0,53,43
BPP_200_200_0.1_0.8_1.txt.ins,55,54.2479,0.524005,OPT,1834,0,0,AI,0,0.0909091,3.29091,0.035079,0.431638,0,2,0,58,56
BPP_200_200_0.1_0.8_2.txt.ins,51,50.2267,0.703498,OPT,1836,0,0,AI,0,0.0196078,3.56863,0.046962,0.59335,0,2,0,42,42
BPP_200_200_0.1_0.8_3.txt.ins,52,51.9985,0.287994,OPT,1445,0,0,AI,0,0,3.65385,0.036916,0.220407,0,2,0,54,54
BPP_200_200_0.1_0.8_4.txt.ins,53,52.7664,0.342583,OPT,1159,0,0,AI,0,0.0754717,3.20755,0.039886,0.274418,0,2,0,32,32
BPP_200_200_0.1_0.8_5.txt.ins,53,52.9326,0.215014,OPT,1247,0,0,AI,0,0,3.54717,0.032441,0.1573,0,2,0,38,38
BPP_200_200_0.1_0.8_6.txt.ins,55,54.9782,0.375591,OPT,1723,0,0,AI,0,0.0181818,3.43636,0.033683,0.304814,0,2,0,56,56
BPP_200_200_0.1_0.8_7.txt.ins,53,52.9574,0.984578,OPT,1337,0,0,AI,0,0.0566038,3.49057,0.032219,0.879845,0,2,0,41,41
BPP_200_200_0.1_0.8_8.txt.ins,55,54.9785,0.369215,OPT,1707,0,0,AI,0,0.0363636,3.50909,0.030817,0.303316,0,2,0,39,39
BPP_200_200_0.1_0.8_9.txt.ins,54,53.9612,0.246755,OPT,1352,0,0,AI,0,0.0925926,3.16667,0.032855,0.187103,0,2,0,44,44
BPP_200_200_0.2_0.7_0.txt.ins,56,55.9695,0.263186,OPT,1331,0,0,AI,0,0.0357143,3.19643,0.029473,0.208577,0,2,0,24,24
BPP_200_200_0.2_0.7_1.txt.ins,54,53.9358,0.287945,OPT,1359,0,0,AI,0,0.0555556,3.2963,0.028433,0.233631,0,2,0,28,28
BPP_200_200_0.2_0.7_2.txt.ins,57,56.9574,0.213235,OPT,1005,0,0,AI,0,0.0526316,2.96491,0.020944,0.170797,0,2,0,24,23
BPP_200_200_0.2_0.7_3.txt.ins,57,56.8851,0.570518,OPT,1202,0,0,AI,0,0.0175439,3.36842,0.023344,0.49389,0,2,0,36,36
BPP_200_200_0.2_0.7_4.txt.ins,55,54.9797,0.308972,OPT,1106,0,0,AI,0,0.0545455,3.12727,0.024493,0.254132,0,2,0,28,28
BPP_200_200_0.2_0.7_5.txt.ins,56,55.9318,0.752496,OPT,1433,0,0,AI,0,0.0535714,3.17857,0.025104,0.669789,0,2,0,33,33
BPP_200_200_0.2_0.7_6.txt.ins,54,53.9217,0.196916,OPT,1114,0,0,AI,0,0.111111,3.09259,0.02864,0.148347,0,2,0,25,25
BPP_200_200_0.2_0.7_7.txt.ins,56,55.8846,0.624757,OPT,1338,0,0,AI,0,0.0714286,3.05357,0.031711,0.540327,0,2,0,48,48
BPP_200_200_0.2_0.7_8.txt.ins,56,55.9746,0.178562,OPT,1173,0,0,AI,0,0,3.32143,0.023699,0.133861,0,2,0,26,26
BPP_200_200_0.2_0.7_9.txt.ins,56,55.8567,0.363944,OPT,1037,0,0,AI,0,0.0714286,3.01786,0.028088,0.301344,0,2,0,23,23
BPP_200_200_0.2_0.8_0.txt.ins,62,61.5714,0.203095,OPT,892,0,0,AI,0,0.322581,2.1129,0.023537,0.154723,0,2,0,21,21
BPP_200_200_0.2_0.8_1.txt.ins,57,56.9723,1.16408,OPT,1726,0,0,AI,0,0.0701754,3.12281,0.041688,1.03701,0,2,0,59,59
BPP_200_200_0.2_0.8_2.txt.ins,61,60.1879,0.364234,OPT,1359,0,0,AI,0,0.0327869,2.90164,0.029248,0.301285,0,2,0,26,26
BPP_200_200_0.2_0.8_3.txt.ins,62,61.5167,0.425127,OPT,969,0,0,AI,0,0.0645161,2.74194,0.027417,0.36143,0,2,0,20,20
BPP_200_200_0.2_0.8_4.txt.ins,59,58.8515,0.385938,OPT,1135,0,0,AI,0,0.0847458,2.94915,0.02886,0.32548,0,2,0,27,27
BPP_200_200_0.2_0.8_5.txt.ins,60,59.0531,0.403471,OPT,1322,0,0,AI,0,0.0666667,3.05,0.025738,0.344524,0,2,0,25,25
BPP_200_200_0.2_0.8_6.txt.ins,57,56.1983,0.436136,OPT,1556,0,0,AI,0,0.0877193,3.14035,0.032915,0.36687,0,2,0,28,28
BPP_200_200_0.2_0.8_7.txt.ins,58,57.1546,0.47582,OPT,1509,0,0,AI,0,0.189655,2.82759,0.026068,0.401669,0,2,0,33,33
BPP_200_200_0.2_0.8_8.txt.ins,59,58.5649,0.417225,OPT,1486,0,0,AI,0,0.0338983,3.16949,0.027142,0.350594,0,2,0,34,34
BPP_200_200_0.2_0.8_9.txt.ins,61,60.171,0.361289,OPT,1376,0,0,AI,0,0.0983607,2.77049,0.022134,0.306122,0,2,0,27,27
BPP_200_300_0.1_0.7_0.txt.ins,49,48.9845,10.0465,OPT,2274,181,30,AI,100,0.0204082,3.55102,0.069346,9.10322,0,2,30,193,193
BPP_200_300_0.1_0.7_1.txt.ins,52,51.9076,0.305806,OPT,1222,0,0,AI,0,0.0384615,3.5,0.049383,0.2258,0,2,0,45,42
BPP_200_300_0.1_0.7_2.txt.ins,51,50.9897,1.81022,OPT,1901,0,0,AI,0,0.0196078,3.60784,0.049586,1.61375,0,2,0,103,103
BPP_200_300_0.1_0.7_3.txt.ins,50,49.9804,0.313811,OPT,1432,0,0,AI,0,0.02,3.6,0.039119,0.241629,0,2,0,51,51
BPP_200_300_0.1_0.7_4.txt.ins,52,51.8836,0.22351,OPT,1050,0,0,AI,0,0,3.51923,0.035974,0.162811,0,2,0,33,33
BPP_200_300_0.1_0.7_5.txt.ins,51,50.9463,0.34672,OPT,1468,0,0,AI,0,0.0196078,3.68627,0.040636,0.273273,0,2,0,48,48
BPP_200_300_0.1_0.7_6.txt.ins,50,49.9675,0.31738,OPT,1315,0,0,AI,0,0.06,3.52,0.039285,0.245946,0,2,0,57,54
BPP_200_300_0.1_0.7_7.txt.ins,51,50.1945,0.686646,OPT,1980,0,0,AI,0,0.0196078,3.78431,0.042801,0.577385,0,2,0,48,48
BPP_200_300_0.1_0.7_8.txt.ins,52,51.0895,0.626986,OPT,1855,0,0,AI,0,0.0192308,3.63462,0.041657,0.529299,0,2,0,43,43
BPP_200_300_0.1_0.7_9.txt.ins,52,51.0221,0.701586,OPT,1937,0,0,AI,0,0.0384615,3.42308,0.05613,0.585057,0,2,0,43,43
BPP_200_300_0.1_0.8_0.txt.ins,53,52.1376,0.762059,OPT,2031,0,0,AI,0,0.113208,3.28302,0.056315,0.634248,0,2,0,58,57
BPP_200_300_0.1_0.8_1.txt.ins,55,54.0682,0.554754,OPT,1606,0,0,AI,0,0.127273,3.14545,0.041392,0.463252,0,2,0,42,42
BPP_200_300_0.1_0.8_2.txt.ins,54,53.9766,0.948842,OPT,1538,0,0,AI,0,0.0555556,3.2963,0.048997,0.823755,0,2,0,58,58
BPP_200_300_0.1_0.8_3.txt.ins,55,54.9841,0.270134,OPT,1352,0,0,AI,0,0,3.41818,0.032997,0.205813,0,2,0,42,42
BPP_200_300_0.1_0.8_4.txt.ins,55,54.008,0.66457,OPT,1637,0,0,AI,0,0.0727273,3.23636,0.035478,0.562006,0,2,0,42,42
BPP_200_300_0.1_0.8_5.txt.ins,51,50.9854,0.365173,OPT,1505,0,0,AI,0,0.0588235,3.58824,0.037703,0.29204,0,2,0,48,48
BPP_200_300_0.1_0.8_6.txt.ins,55,54.8965,0.190925,OPT,1016,0,0,AI,0,0.0909091,3.2,0.033308,0.135839,0,2,0,31,28
BPP_200_300_0.1_0.8_7.txt.ins,53,52.3978,0.611573,OPT,1982,0,0,AI,0,0.0754717,3.37736,0.043541,0.507764,0,2,0,51,51
BPP_200_300_0.1_0.8_8.txt.ins,53,52.9864,8.1832,OPT,2019,185,30,AI,100,0.0754717,3.26415,0.050467,7.47093,0,2,30,136,130
BPP_200_300_0.1_0.8_9.txt.ins,54,53.9979,7.27496,OPT,2225,151,20,AI,100,0.0925926,3.2037,0.060553,6.63601,0,2,20,101,101
BPP_200_300_0.2_0.7_0.txt.ins,58,57.9356,0.220318,OPT,979,0,0,AI,0,0.103448,2.96552,0.024914,0.172922,0,2,0,32,28
BPP_200_300_0.2_0.7_1.txt.ins,56,55.8533,0.594149,OPT,1324,0,0,AI,0,0,3.42857,0.033716,0.505719,0,2,0,39,38
BPP_200_300_0.2_0.7_2.txt.ins,56,55.3353,0.506783,OPT,1753,0,0,AI,0,0.0714286,3.10714,0.031609,0.424303,0,2,0,42,42
BPP_200_300_0.2_0.7_3.txt.ins,57,56.97,0.236919,OPT,1279,0,0,AI,0,0.0701754,3.07018,0.027385,0.186067,0,2,0,30,30
BPP_200_300_0.2_0.7_4.txt.ins,54,53.9608,0.352474,OPT,1514,0,0,AI,0,0,3.44444,0.036832,0.283339,0,2,0,32,32
BPP_200_300_0.2_0.7_5.txt.ins,54,53.9217,0.246255,OPT,1283,0,0,AI,0,0.0740741,3.16667,0.035794,0.184857,0,2,0,29,29
BPP_200_300_0.2_0.7_6.txt.ins,56,55.9962,2.09605,OPT,1719,0,0,AI,0,0.107143,3.14286,0.034367,1.91208,0,2,0,60,60
BPP_200_300_0.2_0.7_7.txt.ins,56,55.9998,5.28339,OPT,2633,100,10,AI,100,0,3.39286,0.055802,4.77998,0,2,11,109,107
BPP_200_300_0.2_0.7_8.txt.ins,55,54.9983,0.278896,OPT,1191,0,0,AI,0,0.0363636,3.29091,0.034283,0.216671,0,2,0,29,29
BPP_200_300_0.2_0.7_9.txt.ins,58,57.8652,0.261877,OPT,1136,0,0,AI,0,0,3.2069,0.034579,0.200533,0,2,0,25,25
BPP_200_300_0.2_0.8_0.txt.ins,62,61.2679,0.703936,OPT,1544,0,0,AI,0,0.0967742,2.75806,0.032608,0.601052,0,2,0,49,49
BPP_200_300_0.2_0.8_1.txt.ins,57,56.9364,0.760188,OPT,1244,0,0,AI,0,0,3.29825,0.032918,0.664241,0,2,0,35,32
BPP_200_300_0.2_0.8_2.txt.ins,58,57.0992,0.587832,OPT,1567,0,0,AI,0,0.0172414,3.15517,0.031313,0.507558,0,2,0,34,34
BPP_200_300_0.2_0.8_3.txt.ins,59,58.9785,0.287887,OPT,1249,0,0,AI,0,0.0338983,2.89831,0.025929,0.236134,0,2,0,29,29
BPP_200_300_0.2_0.8_4.txt.ins,60,59.9606,0.910482,OPT,1332,0,0,AI,0,0.0333333,2.96667,0.031356,0.795305,0,2,0,45,45
BPP_200_300_0.2_0.8_5.txt.ins,59,58.451,0.357831,OPT,1513,0,0,AI,0,0.101695,2.98305,0.029908,0.289535,0,2,0,30,30
BPP_200_300_0.2_0.8_6.txt.ins,60,59.2189,0.328498,OPT,1516,0,0,AI,0,0.233333,2.58333,0.027714,0.261593,0,2,0,30,30
BPP_200_300_0.2_0.8_7.txt.ins,61,60.2733,0.329635,OPT,1324,0,0,AI,0,0.229508,2.52459,0.030962,0.263007,0,2,0,29,29
BPP_200_300_0.2_0.8_8.txt.ins,59,58.982,1.82199,OPT,1781,0,0,AI,0,0.101695,2.91525,0.037731,1.63654,0,2,0,59,59
BPP_200_300_0.2_0.8_9.txt.ins,59,58.6874,0.478659,OPT,1552,0,0,AI,0,0.0847458,2.9322,0.03375,0.401233,0,2,0,30,30
BPP_200_400_0.1_0.7_0.txt.ins,52,51.4439,0.661392,OPT,1787,0,0,AI,0,0.0384615,3.59615,0.045894,0.55663,0,2,0,42,42
BPP_200_400_0.1_0.7_1.txt.ins,52,51.9152,0.474439,OPT,1193,0,0,AI,0,0.0192308,3.48077,0.040739,0.3945,0,2,0,33,33
BPP_200_400_0.1_0.7_2.txt.ins,49,48.9942,0.772576,OPT,1981,0,0,AI,0,0.0612245,3.77551,0.066244,0.641547,0,2,0,68,68
BPP_200_400_0.1_0.7_3.txt.ins,50,49.9546,0.461603,OPT,1203,0,0,AI,0,0.04,3.68,0.045522,0.375508,0,2,0,33,33
BPP_200_400_0.1_0.7_4.txt.ins,50,49.9703,0.36738,OPT,1439,0,0,AI,0,0.06,3.58,0.047244,0.284425,0,2,0,57,49
BPP_200_400_0.1_0.7_5.txt.ins,52,51.2419,0.738511,OPT,1957,0,0,AI,0,0.0961538,3.40385,0.044105,0.626331,0,2,0,49,49
BPP_200_400_0.1_0.7_6.txt.ins,47,46.9388,0.699119,OPT,1705,0,0,AI,0,0.0212766,4.04255,0.067058,0.584868,0,2,0,59,59
BPP_200_400_0.1_0.7_7.txt.ins,49,48.3322,0.481308,OPT,1665,0,0,AI,0,0.183673,3.46939,0.047545,0.391329,0,2,0,35,35
BPP_200_400_0.1_0.7_8.txt.ins,48,47.9427,1.77527,OPT,1849,0,0,AI,0,0,3.85417,0.055014,1.58968,0,2,0,117,112
BPP_200_400_0.1_0.7_9.txt.ins,51,50.9265,0.381284,OPT,1365,0,0,AI,0,0,3.56863,0.048118,0.296843,0,2,0,46,46
BPP_200_400_0.1_0.8_0.txt.ins,56,55.9956,0.482963,OPT,1644,0,0,AI,0,0,3.28571,0.054811,0.382042,0,2,0,58,58
BPP_200_400_0.1_0.8_1.txt.ins,55,54.0406,0.648897,OPT,1838,0,0,AI,0,0.0363636,3.14545,0.047742,0.54008,0,2,0,42,42
BPP_200_400_0.1_0.8_2.txt.ins,55,54.965,0.314685,OPT,1440,0,0,AI,0,0.0181818,3.36364,0.035261,0.246917,0,2,0,37,37
BPP_200_400_0.1_0.8_3.txt.ins,54,53.9634,0.945424,OPT,1646,0,0,AI,0,0.037037,3.37037,0.052969,0.805776,0,2,0,68,68
BPP_200_400_0.1_0.8_4.txt.ins,54,53.9695,1.91587,OPT,1448,0,0,AI,0,0.0555556,3.37037,0.048694,1.72314,0,2,0,59,59
BPP_200_400_0.1_0.8_5.txt.ins,52,51.0121,0.9277,OPT,2222,0,0,AI,0,0.0192308,3.65385,0.054756,0.789196,0,2,0,64,64
BPP_200_400_0.1_0.8_6.txt.ins,52,51.9699,0.422359,OPT,1492,0,0,AI,0,0.0576923,3.53846,0.046645,0.339527,0,2,0,37,37
BPP_200_400_0.1_0.8_7.txt.ins,55,53.9999,2.30086,OPT,2356,20,1,ANI,20,0.037037,3.37037,0.06693,2.02286,0,2,2,117,117
BPP_200_400_0.1_0.8_8.txt.ins,54,53.9732,5.12835,OPT,2156,100,10,AI,100,0,3.51852,0.053793,4.64361,0,2,10,118,118
BPP_200_400_0.1_0.8_9.txt.ins,55,54.0715,0.561555,OPT,1721,0,0,AI,0,0.127273,3.05455,0.040904,0.468155,0,2,0,38,38
BPP_200_400_0.2_0.7_0.txt.ins,57,56.4059,0.495755,OPT,1527,0,0,AI,0,0.105263,3.12281,0.03501,0.417951,0,2,0,29,29
BPP_200_400_0.2_0.7_1.txt.ins,56,55.9339,0.818087,OPT,1576,0,0,AI,0,0.0357143,3.26786,0.033269,0.715904,0,2,0,46,46
BPP_200_400_0.2_0.7_2.txt.ins,57,56.9517,0.587045,OPT,1160,0,0,AI,0,0.0350877,3.10526,0.028384,0.506966,0,2,0,35,35
BPP_200_400_0.2_0.7_3.txt.ins,57,56.6757,0.362966,OPT,1680,0,0,AI,0,0.0877193,3,0.032906,0.28939,0,2,0,47,47
BPP_200_400_0.2_0.7_4.txt.ins,57,56.3502,0.435611,OPT,1526,0,0,AI,0,0.0175439,3.24561,0.035604,0.358557,0,2,0,32,32
BPP_200_400_0.2_0.7_5.txt.ins,56,55.142,0.553944,OPT,1683,0,0,AI,0,0.0892857,3.08929,0.037546,0.465538,0,2,0,31,31
BPP_200_400_0.2_0.7_6.txt.ins,57,56.9976,3.31975,OPT,2175,82,10,AI,82,0.192982,2.82456,0.039525,2.93448,0,2,10,82,82
BPP_200_400_0.2_0.7_7.txt.ins,55,54.9106,0.815595,OPT,1462,0,0,AI,0,0.0181818,3.34545,0.03731,0.716416,0,2,0,46,43
BPP_200_400_0.2_0.7_8.txt.ins,53,52.9918,0.456143,OPT,1709,0,0,AI,0,0.0188679,3.45283,0.036441,0.38717,0,2,0,35,35
BPP_200_400_0.2_0.7_9.txt.ins,57,56.9977,10.4199,OPT,2908,163,30,AI,89,0.0526316,3.12281,0.067935,9.25128,0,2,30,168,168
BPP_200_400_0.2_0.8_0.txt.ins,60,59.4032,0.574374,OPT,1696,0,0,AI,0,0.05,2.96667,0.039717,0.484548,0,2,0,40,39
BPP_200_400_0.2_0.8_1.txt.ins,58,57.9401,0.193366,OPT,1124,0,0,AI,0,0,3.10345,0.030443,0.141906,0,2,0,27,25
BPP_200_400_0.2_0.8_2.txt.ins,60,59.618,0.498842,OPT,1611,0,0,AI,0,0.0833333,2.91667,0.037022,0.416861,0,2,0,37,36
BPP_200_400_0.2_0.8_3.txt.ins,60,59.2166,0.322546,OPT,1522,0,0,AI,0,0.133333,2.88333,0.029109,0.257719,0,2,0,33,33
BPP_200_400_0.2_0.8_4.txt.ins,59,58.4281,0.3846,OPT,1516,0,0,AI,0,0.0677966,2.94915,0.036175,0.307145,0,2,0,35,35
BPP_200_400_0.2_0.8_5.txt.ins,61,60.1605,0.45919,OPT,1537,0,0,AI,0,0.0491803,2.93443,0.03221,0.385377,0,2,0,31,31
BPP_200_400_0.2_0.8_6.txt.ins,60,59.1404,0.368254,OPT,1615,0,0,AI,0,0.0833333,2.88333,0.028484,0.301442,0,2,0,33,33
BPP_200_400_0.2_0.8_7.txt.ins,59,58.427,0.455828,OPT,1667,0,0,AI,0,0.152542,2.88136,0.031491,0.370566,0,2,0,37,37
BPP_200_400_0.2_0.8_8.txt.ins,59,58.9493,0.55285,OPT,1512,0,0,AI,0,0.118644,3.01695,0.028158,0.470749,0,2,0,45,45
BPP_200_400_0.2_0.8_9.txt.ins,57,56.8955,0.166527,OPT,996,0,0,AI,0,0.0526316,3.05263,0.021432,0.127436,0,2,0,17,17
BPP_200_500_0.1_0.7_0.txt.ins,50,49.3013,0.707418,OPT,1875,0,0,AI,0,0.12,3.54,0.045507,0.611273,0,2,0,42,42
BPP_200_500_0.1_0.7_1.txt.ins,51,50.0256,0.523932,OPT,1762,0,0,AI,0,0.0392157,3.62745,0.044261,0.426768,0,2,0,50,50
BPP_200_500_0.1_0.7_2.txt.ins,50,49.9205,0.815516,OPT,1373,0,0,AI,0,0,3.6,0.047325,0.702781,0,2,0,48,48
BPP_200_500_0.1_0.7_3.txt.ins,52,51.9798,0.402031,OPT,1473,0,0,AI,0,0.0384615,3.55769,0.045669,0.316776,0,2,0,54,51
BPP_200_500_0.1_0.7_4.txt.ins,50,49.966,0.887591,OPT,1432,0,0,AI,0,0.02,3.7,0.052782,0.767742,0,2,0,61,61
BPP_200_500_0.1_0.7_5.txt.ins,50,49.9957,1.40705,OPT,1802,0,0,AI,0,0.08,3.62,0.047285,1.25298,0,2,0,79,76
BPP_200_500_0.1_0.7_6.txt.ins,50,49.2918,0.759073,OPT,2099,0,0,AI,0,0.02,3.64,0.063743,0.625106,0,2,0,62,62
BPP_200_500_0.1_0.7_7.txt.ins,52,51.4747,0.57365,OPT,1725,0,0,AI,0,0.0192308,3.69231,0.049103,0.470445,0,2,0,43,43
BPP_200_500_0.1_0.7_8.txt.ins,49,48.0152,0.651617,OPT,1836,0,0,AI,0,0.0204082,3.69388,0.055564,0.543442,0,2,0,39,39
BPP_200_500_0.1_0.7_9.txt.ins,50,49.0392,0.657938,OPT,1785,0,0,AI,0,0.02,3.86,0.058316,0.544298,0,2,0,44,44
BPP_200_500_0.1_0.8_0.txt.ins,55,54.9598,0.272224,OPT,1200,0,0,AI,0,0.0909091,3.05455,0.040443,0.206878,0,2,0,28,28
BPP_200_500_0.1_0.8_1.txt.ins,53,52.9102,0.294781,OPT,1231,0,0,AI,0,0.0188679,3.43396,0.044102,0.22312,0,2,0,37,35
BPP_200_500_0.1_0.8_2.txt.ins,51,50.8731,0.303485,OPT,1304,0,0,AI,0,0,3.62745,0.038878,0.231925,0,2,0,38,38
BPP_200_500_0.1_0.8_3.txt.ins,54,53.9858,0.492498,OPT,1582,0,0,AI,0,0.037037,3.24074,0.054485,0.398117,0,2,0,53,53
BPP_200_500_0.1_0.8_4.txt.ins,53,52.9871,1.46708,OPT,1883,0,0,AI,0,0.0943396,3.39623,0.047763,1.3059,0,2,0,75,75
BPP_200_500_0.1_0.8_5.txt.ins,55,54.9564,1.86844,OPT,1458,0,0,AI,0,0.0545455,3.30909,0.05724,1.66574,0,2,0,67,66
BPP_200_500_0.1_0.8_6.txt.ins,55,54.9745,0.554615,OPT,1322,0,0,AI,0,0,3.25455,0.046137,0.453854,0,2,0,52,52
BPP_200_500_0.1_0.8_7.txt.ins,53,52.0285,0.598182,OPT,1770,0,0,AI,0,0.0188679,3.5283,0.051789,0.490181,0,2,0,49,49
BPP_200_500_0.1_0.8_8.txt.ins,58,57.2184,0.543514,OPT,1558,0,0,AI,0,0.0344828,3.06897,0.034003,0.459868,0,2,0,37,37
BPP_200_500_0.1_0.8_9.txt.ins,54,53.9891,0.3641,OPT,1591,0,0,AI,0,0.0740741,3.42593,0.047375,0.279981,0,2,0,45,45
BPP_200_500_0.2_0.7_0.txt.ins,57,56.0885,0.541525,OPT,1757,0,0,AI,0,0.0877193,2.96491,0.033448,0.462408,0,2,0,30,30
BPP_200_500_0.2_0.7_1.txt.ins,57,56.1216,0.462208,OPT,1725,0,0,AI,0,0.0701754,3.01754,0.042689,0.374831,0,2,0,46,46
BPP_200_500_0.2_0.7_2.txt.ins,57,56.0423,0.490747,OPT,1733,0,0,AI,0,0.140351,2.85965,0.040424,0.406687,0,2,0,34,34
BPP_200_500_0.2_0.7_3.txt.ins,57,56.9891,0.254576,OPT,1338,0,0,AI,0,0.0877193,3.01754,0.028128,0.201471,0,2,0,31,31
BPP_200_500_0.2_0.7_4.txt.ins,55,54.9712,0.759714,OPT,1471,0,0,AI,0,0.0545455,3.29091,0.035336,0.664775,0,2,0,41,41
BPP_200_500_0.2_0.7_5.txt.ins,56,55.9993,0.245237,OPT,1396,0,0,AI,0,0,3.375,0.036438,0.182795,0,2,0,34,34
BPP_200_500_0.2_0.7_6.txt.ins,57,56.0691,0.45454,OPT,1684,0,0,AI,0,0.157895,2.87719,0.03845,0.376169,0,2,0,30,30
BPP_200_500_0.2_0.7_7.txt.ins,57,56.0979,0.444858,OPT,1510,0,0,AI,0,0.0175439,3.15789,0.035236,0.371009,0,2,0,31,31
BPP_200_500_0.2_0.7_8.txt.ins,55,54.9391,1.70455,OPT,1347,0,0,AI,0,0,3.47273,0.029836,1.55298,0,2,0,56,56
BPP_200_500_0.2_0.7_9.txt.ins,57,56.9445,0.610795,OPT,1307,0,0,AI,0,0.0175439,3.17544,0.031569,0.523259,0,2,0,37,37
BPP_200_500_0.2_0.8_0.txt.ins,62,61.012,0.293264,OPT,1248,0,0,AI,0,0.145161,2.64516,0.028056,0.235714,0,2,0,22,22
BPP_200_500_0.2_0.8_1.txt.ins,61,60.2418,0.322425,OPT,1432,0,0,AI,0,0.147541,2.78689,0.02884,0.262696,0,2,0,26,26
BPP_200_500_0.2_0.8_2.txt.ins,61,60.0143,0.329266,OPT,1403,0,0,AI,0,0.131148,2.62295,0.02946,0.267814,0,2,0,28,28
BPP_200_500_0.2_0.8_3.txt.ins,59,58.6064,1.05035,OPT,1759,0,0,AI,0,0.0677966,2.86441,0.042622,0.902993,0,2,0,75,75
BPP_200_500_0.2_0.8_4.txt.ins,61,60.9846,0.269212,OPT,1191,0,0,AI,0,0.0491803,2.90164,0.033504,0.209428,0,2,0,23,23
BPP_200_500_0.2_0.8_5.txt.ins,61,60.025,0.37374,OPT,1270,0,0,AI,0,0.0655738,2.91803,0.034305,0.309522,0,2,0,22,22
BPP_200_500_0.2_0.8_6.txt.ins,60,59.9609,0.2873,OPT,1220,0,0,AI,0,0.0333333,3.03333,0.03211,0.230022,0,2,0,22,22
BPP_200_500_0.2_0.8_7.txt.ins,59,58.9207,0.281053,OPT,1121,0,0,AI,0,0.118644,2.9322,0.029722,0.228081,0,2,0,25,23
BPP_200_500_0.2_0.8_8.txt.ins,59,58.6538,0.421765,OPT,1506,0,0,AI,0,0.101695,2.91525,0.029858,0.346956,0,2,0,36,36
BPP_200_500_0.2_0.8_9.txt.ins,59,58.1348,0.452556,OPT,1446,0,0,AI,0,0.0677966,2.94915,0.039103,0.373894,0,2,0,28,28
BPP_200_50_0.1_0.7_0.txt.ins,51,50.2814,0.408813,OPT,1532,0,0,AI,0,0.0392157,3.52941,0.02992,0.341645,0,2,0,51,50
BPP_200_50_0.1_0.7_1.txt.ins,50,49.2182,0.444102,OPT,1675,0,0,AI,0,0.02,3.48,0.033846,0.362274,0,2,0,66,66
BPP_200_50_0.1_0.7_2.txt.ins,49,48.9876,2.17671,OPT,1968,0,0,AI,0,0,3.91837,0.05061,1.96669,0,2,0,98,98
BPP_200_50_0.1_0.7_3.txt.ins,49,48,2.17588,OPT,1846,60,1,ANI,60,0.125,3.375,0.044588,1.92656,0,2,2,99,99
BPP_200_50_0.1_0.7_4.txt.ins,49,48.9868,1.05687,OPT,1651,0,0,AI,0,0,3.69388,0.044559,0.914701,0,2,0,96,96
BPP_200_50_0.1_0.7_5.txt.ins,53,52.9605,0.25134,OPT,1214,0,0,AI,0,0.0377358,3.32075,0.025179,0.200116,0,2,0,35,35
BPP_200_50_0.1_0.7_6.txt.ins,51,50.0414,0.483841,OPT,1510,0,0,AI,0,0.0588235,3.43137,0.028416,0.40733,0,2,0,45,45
BPP_200_50_0.1_0.7_7.txt.ins,50,49.0844,0.350251,OPT,1457,0,0,AI,0,0,3.74,0.027219,0.288027,0,2,0,39,39
BPP_200_50_0.1_0.7_8.txt.ins,51,50.8673,0.306634,OPT,1133,0,0,AI,0,0,3.80392,0.035213,0.238349,0,2,0,47,47
BPP_200_50_0.1_0.7_9.txt.ins,51,50.4127,0.369971,OPT,1339,0,0,AI,0,0.0196078,3.70588,0.027869,0.302144,0,2,0,58,58
BPP_200_50_0.1_0.8_0.txt.ins,49,48.9343,0.297016,OPT,1320,0,0,AI,0,0.0204082,3.83673,0.029466,0.237314,0,2,0,50,50
BPP_200_50_0.1_0.8_1.txt.ins,55,54.0883,0.554207,OPT,1196,0,0,AI,0,0.109091,3.21818,0.024326,0.488013,0,2,0,30,30
BPP_200_50_0.1_0.8_2.txt.ins,52,51.1764,0.417333,OPT,1560,0,0,AI,0,0,3.59615,0.028556,0.348484,0,2,0,37,37
BPP_200_50_0.1_0.8_3.txt.ins,54,53.9732,0.254205,OPT,1234,0,0,AI,0,0.037037,3.2963,0.030741,0.196914,0,2,0,34,34
BPP_200_50_0.1_0.8_4.txt.ins,55,54.9785,0.223671,OPT,1055,0,0,AI,0,0.0181818,3.34545,0.028476,0.168852,0,2,0,36,36
BPP_200_50_0.1_0.8_5.txt.ins,56,55.0364,0.465729,OPT,1474,0,0,AI,0,0.0178571,3.35714,0.023155,0.400243,0,2,0,35,35
BPP_200_50_0.1_0.8_6.txt.ins,55,54.9988,0.400233,OPT,1457,0,0,AI,0,0.0363636,3.23636,0.031817,0.332084,0,2,0,35,35
BPP_200_50_0.1_0.8_7.txt.ins,52,51.9852,0.727043,OPT,1437,0,0,AI,0,0.0384615,3.36538,0.029919,0.633802,0,2,0,63,62
BPP_200_50_0.1_0.8_8.txt.ins,51,50.9581,0.605631,OPT,1526,0,0,AI,0,0.0196078,3.64706,0.039806,0.49921,0,2,0,78,74
BPP_200_50_0.1_0.8_9.txt.ins,53,52.996,0.303302,OPT,1447,0,0,AI,0,0.0566038,3.22642,0.031146,0.241178,0,2,0,59,59
BPP_200_50_0.2_0.7_0.txt.ins,57,56.832,0.257809,OPT,1062,0,0,AI,0,0.0526316,3.15789,0.022135,0.211897,0,2,0,29,29
BPP_200_50_0.2_0.7_1.txt.ins,57,56.9395,0.195687,OPT,1179,0,0,AI,0,0.140351,2.80702,0.018696,0.156701,0,2,0,26,26
BPP_200_50_0.2_0.7_2.txt.ins,56,55.9448,0.207169,OPT,1478,0,0,AI,0,0,3.42857,0.024354,0.15647,0,2,0,34,34
BPP_200_50_0.2_0.7_3.txt.ins,55,54.9507,0.221219,OPT,1136,0,0,AI,0,0.0363636,3.25455,0.024125,0.172892,0,2,0,29,29
BPP_200_50_0.2_0.7_4.txt.ins,56,55.9651,0.269551,OPT,1069,0,0,AI,0,0.0714286,3.10714,0.020042,0.218547,0,2,0,35,35
BPP_200_50_0.2_0.7_5.txt.ins,56,55.1316,0.414298,OPT,1346,0,0,AI,0,0.0178571,3.21429,0.024842,0.35671,0,2,0,23,23
BPP_200_50_0.2_0.7_6.txt.ins,57,56.0847,0.344822,OPT,1301,0,0,AI,0,0.0350877,3.15789,0.017302,0.294953,0,2,0,26,26
BPP_200_50_0.2_0.7_7.txt.ins,57,56.109,0.385892,OPT,1359,0,0,AI,0,0.0526316,3.22807,0.019757,0.334623,0,2,0,24,24
BPP_200_50_0.2_0.7_8.txt.ins,58,57.0714,0.317215,OPT,1271,0,0,AI,0,0.103448,2.94828,0.019871,0.272596,0,2,0,22,22
BPP_200_50_0.2_0.7_9.txt.ins,58,57.3657,0.329537,OPT,1280,0,0,AI,0,0.0689655,3.01724,0.021704,0.274346,0,2,0,28,28
BPP_200_50_0.2_0.8_0.txt.ins,58,57.9897,0.255226,OPT,1349,0,0,AI,0,0.0689655,3.08621,0.017058,0.21285,0,2,0,28,28
BPP_200_50_0.2_0.8_1.txt.ins,63,62.0286,0.219717,OPT,1087,0,0,AI,0,0.0634921,2.88889,0.016413,0.179277,0,2,0,20,20
BPP_200_50_0.2_0.8_2.txt.ins,59,58.9556,0.569595,OPT,1250,0,0,AI,0,0.0338983,3.0678,0.02047,0.497821,0,2,0,34,34
BPP_200_50_0.2_0.8_3.txt.ins,59,58.8825,0.246427,OPT,1227,0,0,AI,0,0.118644,2.9661,0.02221,0.197917,0,2,0,27,27
BPP_200_50_0.2_0.8_4.txt.ins,60,60,0.253497,OPT,1238,0,0,AI,0,0.05,2.96667,0.016073,0.209503,0,2,0,30,30
BPP_200_50_0.2_0.8_5.txt.ins,61,60.0641,0.331191,OPT,1405,0,0,AI,0,0.0819672,2.81967,0.018148,0.27235,0,2,0,45,43
BPP_200_50_0.2_0.8_6.txt.ins,59,58.9908,2.69361,OPT,1804,100,10,AI,100,0.0508475,3.08475,0.025087,2.40654,0,2,10,78,78
BPP_200_50_0.2_0.8_7.txt.ins,60,59.0909,0.351654,OPT,1269,0,0,AI,0,0.0333333,3.01667,0.01733,0.304057,0,2,0,25,25
BPP_200_50_0.2_0.8_8.txt.ins,57,56.9953,0.449802,OPT,1343,0,0,AI,0,0.0701754,3.08772,0.023341,0.391112,0,2,0,30,30
BPP_200_50_0.2_0.8_9.txt.ins,61,60.9365,0.561185,OPT,1016,0,0,AI,0,0.0819672,2.80328,0.018574,0.48637,0,2,0,38,38
BPP_200_750_0.1_0.7_0.txt.ins,47,46.9528,1.73607,OPT,1887,0,0,AI,0,0.0425532,3.82979,0.064432,1.54545,0,2,0,96,94
BPP_200_750_0.1_0.7_1.txt.ins,51,50.9792,0.320563,OPT,1217,0,0,AI,0,0,3.60784,0.060418,0.229709,0,2,0,39,39
BPP_200_750_0.1_0.7_2.txt.ins,49,48.9618,0.326798,OPT,1359,0,0,AI,0,0.0204082,3.81633,0.046072,0.247471,0,2,0,53,42
BPP_200_750_0.1_0.7_3.txt.ins,49,48.9547,0.389466,OPT,1721,0,0,AI,0,0,4,0.058487,0.292097,0,2,0,62,62
BPP_200_750_0.1_0.7_4.txt.ins,50,49.9264,0.833548,OPT,1597,0,0,AI,0,0.02,3.64,0.045569,0.721938,0,2,0,72,71
BPP_200_750_0.1_0.7_5.txt.ins,49,47.998,42.6245,OPT,5213,307,56,ANI,100,0.0208333,3.8125,0.275664,38.9374,0,2,70,497,497
BPP_200_750_0.1_0.7_6.txt.ins,50,49.0031,0.635932,OPT,1916,0,0,AI,0,0.04,3.66,0.059896,0.521498,0,2,0,44,44
BPP_200_750_0.1_0.7_7.txt.ins,51,50.9895,1.87095,OPT,1961,0,0,AI,0,0.0588235,3.66667,0.052554,1.67565,0,2,0,64,64
BPP_200_750_0.1_0.7_8.txt.ins,48,47.9403,0.39093,OPT,1457,0,0,AI,0,0.0208333,3.64583,0.058956,0.297289,0,2,0,59,55
BPP_200_750_0.1_0.7_9.txt.ins,49,48.998,0.351699,OPT,1562,0,0,AI,0,0.0408163,3.67347,0.053499,0.262793,0,2,0,65,65
BPP_200_750_0.1_0.8_0.txt.ins,53,52.8941,1.26594,OPT,1412,0,0,AI,0,0.0377358,3.28302,0.0823,1.09441,0,2,0,97,78
BPP_200_750_0.1_0.8_1.txt.ins,53,52.0405,0.729352,OPT,1763,0,0,AI,0,0.0188679,3.5283,0.056635,0.609792,0,2,0,50,50
BPP_200_750_0.1_0.8_2.txt.ins,53,52.9858,2.61446,OPT,2244,0,0,AI,0,0.0188679,3.49057,0.062093,2.36859,0,2,0,92,92
BPP_200_750_0.1_0.8_3.txt.ins,53,52.9809,0.370181,OPT,1170,0,0,AI,0,0.0754717,3.16981,0.052443,0.282391,0,2,0,28,28
BPP_200_750_0.1_0.8_4.txt.ins,54,53.981,0.611772,OPT,1341,0,0,AI,0,0,3.46296,0.046077,0.513407,0,2,0,44,44
BPP_200_750_0.1_0.8_5.txt.ins,52,51.4021,0.472826,OPT,1662,0,0,AI,0,0.0961538,3.36538,0.048015,0.375613,0,2,0,53,53
BPP_200_750_0.1_0.8_6.txt.ins,53,52.0822,0.588654,OPT,1696,0,0,AI,0,0.0566038,3.41509,0.046017,0.489995,0,2,0,41,41
BPP_200_750_0.1_0.8_7.txt.ins,55,54.9658,0.278715,OPT,1399,0,0,AI,0,0.0363636,3.23636,0.046427,0.204984,0,2,0,36,36
BPP_200_750_0.1_0.8_8.txt.ins,52,51.996,8.06374,OPT,2623,178,20,AI,100,0.0192308,3.55769,0.078821,7.31875,0,2,20,168,167
BPP_200_750_0.1_0.8_9.txt.ins,57,56.2234,0.709731,OPT,1703,0,0,AI,0,0.105263,3,0.050884,0.597451,0,2,0,37,37
BPP_200_750_0.2_0.7_0.txt.ins,54,53.9347,0.620759,OPT,1370,0,0,AI,0,0.0185185,3.35185,0.042773,0.521709,0,2,0,49,49
BPP_200_750_0.2_0.7_1.txt.ins,56,55.9902,0.844824,OPT,1529,0,0,AI,0,0,3.25,0.045422,0.730585,0,2,0,60,55
BPP_200_750_0.2_0.7_2.txt.ins,55,54.9479,0.276304,OPT,1249,0,0,AI,0,0.0727273,3.21818,0.03804,0.212356,0,2,0,28,28
BPP_200_750_0.2_0.7_3.txt.ins,57,56.9949,4.17871,OPT,1884,76,10,AI,76,0.0526316,3.29825,0.046098,3.75141,0,2,10,73,73
BPP_200_750_0.2_0.7_4.txt.ins,56,55.0097,0.502534,OPT,1586,0,0,AI,0,0.0714286,3.26786,0.04888,0.401532,0,2,0,39,39
BPP_200_750_0.2_0.7_5.txt.ins,57,56.3614,0.417866,OPT,1601,0,0,AI,0,0.0877193,3.03509,0.042419,0.333701,0,2,0,31,31
BPP_200_750_0.2_0.7_6.txt.ins,56,55.9711,0.387486,OPT,1464,0,0,AI,0,0.0357143,3.21429,0.040693,0.313664,0,2,0,31,31
BPP_200_750_0.2_0.7_7.txt.ins,58,57.2903,0.469994,OPT,1584,0,0,AI,0,0.155172,2.68966,0.043913,0.383433,0,2,0,35,35
BPP_200_750_0.2_0.7_8.txt.ins,58,57.9335,0.234717,OPT,1126,0,0,AI,0,0.0517241,3.05172,0.032461,0.178939,0,2,0,30,30
BPP_200_750_0.2_0.7_9.txt.ins,58,57.8937,0.2822,OPT,1119,0,0,AI,0,0.0689655,3.05172,0.02993,0.224185,0,2,0,27,27
BPP_200_750_0.2_0.8_0.txt.ins,61,61,3.26208,OPT,1732,164,16,AI,100,0.0819672,2.90164,0.047947,2.88732,0,2,16,79,79
BPP_200_750_0.2_0.8_1.txt.ins,59,58.1717,0.536078,OPT,1641,0,0,AI,0,0.0847458,2.9322,0.046754,0.443435,0,2,0,32,32
BPP_200_750_0.2_0.8_2.txt.ins,59,58.9838,0.386447,OPT,1417,0,0,AI,0,0.0847458,2.86441,0.033379,0.319819,0,2,0,31,31
BPP_200_750_0.2_0.8_3.txt.ins,62,61.25,0.384811,OPT,1231,0,0,AI,0,0.0322581,2.95161,0.035427,0.315241,0,2,0,24,24
BPP_200_750_0.2_0.8_4.txt.ins,61,60.2368,0.548065,OPT,1528,0,0,AI,0,0.0655738,2.90164,0.042738,0.478039,0,2,0,27,27
BPP_200_750_0.2_0.8_5.txt.ins,58,57.963,0.26783,OPT,1246,0,0,AI,0,0.0517241,3.18966,0.037717,0.204794,0,2,0,30,30
BPP_200_750_0.2_0.8_6.txt.ins,62,61.0143,0.421956,OPT,1360,0,0,AI,0,0.16129,2.62903,0.037889,0.341692,0,2,0,28,28
BPP_200_750_0.2_0.8_7.txt.ins,61,60.5089,0.36856,OPT,1510,0,0,AI,0,0.0983607,2.80328,0.037919,0.289487,0,2,0,32,32
BPP_200_750_0.2_0.8_8.txt.ins,59,58.3356,0.498144,OPT,1597,0,0,AI,0,0.0677966,3.0339,0.038006,0.411828,0,2,0,31,31
BPP_200_750_0.2_0.8_9.txt.ins,60,59.36,0.316182,OPT,1334,0,0,AI,0,0.183333,2.6,0.037224,0.246256,0,2,0,26,26
BPP_200_75_0.1_0.7_0.txt.ins,52,51.8908,0.232821,OPT,1235,0,0,AI,0,0.0576923,3.55769,0.026717,0.180917,0,2,0,37,37
BPP_200_75_0.1_0.7_1.txt.ins,52,51.9101,0.239391,OPT,1034,0,0,AI,0,0.0384615,3.48077,0.034597,0.179926,0,2,0,36,24
BPP_200_75_0.1_0.7_2.txt.ins,49,48.983,0.411544,OPT,1447,0,0,AI,0,0,3.85714,0.048266,0.321003,0,2,0,61,61
BPP_200_75_0.1_0.7_3.txt.ins,50,49.0522,0.435173,OPT,1482,0,0,AI,0,0,3.86,0.038691,0.356553,0,2,0,37,35
BPP_200_75_0.1_0.7_4.txt.ins,50,49.9787,6.01042,OPT,2338,100,10,AI,100,0.06,3.76,0.061175,5.51247,0,2,10,137,137
BPP_200_75_0.1_0.7_5.txt.ins,49,48.1942,0.672068,OPT,1693,0,0,AI,0,0.0408163,3.77551,0.049048,0.560064,0,2,0,61,59
BPP_200_75_0.1_0.7_6.txt.ins,52,51.946,0.278287,OPT,1109,0,0,AI,0,0.0192308,3.46154,0.035493,0.21547,0,2,0,36,36
BPP_200_75_0.1_0.7_7.txt.ins,51,50.9633,0.263747,OPT,1330,0,0,AI,0,0.0392157,3.70588,0.029351,0.205352,0,2,0,42,39
BPP_200_75_0.1_0.7_8.txt.ins,49,48.4594,0.440412,OPT,1642,0,0,AI,0,0.0204082,3.81633,0.036545,0.358355,0,2,0,61,60
BPP_200_75_0.1_0.7_9.txt.ins,52,51.1606,0.406239,OPT,1498,0,0,AI,0,0.0384615,3.48077,0.028551,0.339662,0,2,0,37,36
BPP_200_75_0.1_0.8_0.txt.ins,52,51.9406,0.399843,OPT,1372,0,0,AI,0,0.0192308,3.53846,0.031157,0.332836,0,2,0,50,50
BPP_200_75_0.1_0.8_1.txt.ins,53,52.9951,7.67684,OPT,1998,220,30,AI,100,0.0188679,3.41509,0.050313,7.02188,0,2,30,146,146
BPP_200_75_0.1_0.8_2.txt.ins,52,51.9533,0.315399,OPT,1412,0,0,AI,0,0.0384615,3.53846,0.039882,0.24481,0,2,0,46,45
BPP_200_75_0.1_0.8_3.txt.ins,57,56.0436,0.394561,OPT,1497,0,0,AI,0,0.0701754,3.10526,0.033714,0.321515,0,2,0,38,38
BPP_200_75_0.1_0.8_4.txt.ins,55,54.9581,0.255723,OPT,1103,0,0,AI,0,0.0545455,3.09091,0.033242,0.19442,0,2,0,38,38
BPP_200_75_0.1_0.8_5.txt.ins,53,52.935,0.222565,OPT,1068,0,0,AI,0,0,3.43396,0.028248,0.171828,0,2,0,28,27
BPP_200_75_0.1_0.8_6.txt.ins,51,50.8898,0.279933,OPT,1211,0,0,AI,0,0.0392157,3.54902,0.030312,0.221962,0,2,0,35,35
BPP_200_75_0.1_0.8_7.txt.ins,54,53.9738,2.11914,OPT,1727,0,0,AI,0,0.0740741,3.25926,0.036064,1.92798,0,2,0,109,101
BPP_200_75_0.1_0.8_8.txt.ins,52,51.8577,0.225962,OPT,1061,0,0,AI,0,0.0769231,3.28846,0.03607,0.163659,0,2,0,40,40
BPP_200_75_0.1_0.8_9.txt.ins,55,54.1039,0.384036,OPT,1448,0,0,AI,0,0.163636,3,0.026764,0.318658,0,2,0,35,35
BPP_200_75_0.2_0.7_0.txt.ins,56,55.9817,0.814676,OPT,1400,0,0,AI,0,0.0178571,3.30357,0.029638,0.703233,0,2,0,55,55
BPP_200_75_0.2_0.7_1.txt.ins,55,54.1398,0.333923,OPT,1633,0,0,AI,0,0,3.36364,0.022453,0.277779,0,2,0,28,28
BPP_200_75_0.2_0.7_2.txt.ins,58,57.316,0.402435,OPT,1406,0,0,AI,0,0.0344828,3.10345,0.018557,0.344186,0,2,0,39,39
BPP_200_75_0.2_0.7_3.txt.ins,57,56.9704,0.742758,OPT,1445,0,0,AI,0,0.0701754,3.12281,0.029367,0.651888,0,2,0,39,38
BPP_200_75_0.2_0.7_4.txt.ins,55,54.9806,1.94535,OPT,1791,0,0,AI,0,0.0545455,3.32727,0.031035,1.75457,0,2,0,70,70
BPP_200_75_0.2_0.7_5.txt.ins,55,54.977,0.327325,OPT,1354,0,0,AI,0,0.0545455,3.23636,0.027066,0.27052,0,2,0,30,29
BPP_200_75_0.2_0.7_6.txt.ins,58,57.9738,0.347908,OPT,1163,0,0,AI,0,0.0517241,3.01724,0.026264,0.292582,0,2,0,26,26
BPP_200_75_0.2_0.7_7.txt.ins,57,56.9964,0.251779,OPT,1144,0,0,AI,0,0.0350877,3.14035,0.02862,0.195306,0,2,0,29,29
BPP_200_75_0.2_0.7_8.txt.ins,56,55.0632,0.711145,OPT,1530,0,0,AI,0,0.0357143,3.30357,0.026603,0.619663,0,2,0,47,47
BPP_200_75_0.2_0.7_9.txt.ins,56,55.8901,0.202039,OPT,1209,0,0,AI,0,0,3.25,0.025631,0.154156,0,2,0,27,27
BPP_200_75_0.2_0.8_0.txt.ins,59,58.864,0.36192,OPT,905,0,0,AI,0,0.0677966,2.79661,0.021401,0.305101,0,2,0,22,22
BPP_200_75_0.2_0.8_1.txt.ins,59,58.9667,0.271445,OPT,1183,0,0,AI,0,0.0847458,2.9661,0.024231,0.216475,0,2,0,27,26
BPP_200_75_0.2_0.8_2.txt.ins,58,57.1,0.347619,OPT,1321,0,0,AI,0,0.0517241,3.25862,0.02229,0.293466,0,2,0,23,23
BPP_200_75_0.2_0.8_3.txt.ins,59,58.9862,0.271398,OPT,1426,0,0,AI,0,0.118644,2.81356,0.025563,0.216493,0,2,0,34,34
BPP_200_75_0.2_0.8_4.txt.ins,60,59.18,0.314919,OPT,1282,0,0,AI,0,0.0833333,2.98333,0.023257,0.262164,0,2,0,22,22
BPP_200_75_0.2_0.8_5.txt.ins,58,57.9488,0.230461,OPT,1054,0,0,AI,0,0.0517241,3,0.017789,0.189626,0,2,0,21,21
BPP_200_75_0.2_0.8_6.txt.ins,61,60.9962,0.790932,OPT,1435,0,0,AI,0,0.0819672,2.85246,0.02983,0.692997,0,2,0,41,41
BPP_200_75_0.2_0.8_7.txt.ins,61,60.1667,0.293214,OPT,1192,0,0,AI,0,0.114754,2.85246,0.019105,0.243302,0,2,0,23,23
BPP_200_75_0.2_0.8_8.txt.ins,59,58.125,0.366063,OPT,1323,0,0,AI,0,0.118644,2.79661,0.026781,0.303578,0,2,0,29,29
BPP_200_75_0.2_0.8_9.txt.ins,57,56.9558,0.266285,OPT,1324,0,0,AI,0,0.0701754,3.07018,0.029732,0.209417,0,2,0,28,28
