BPP_300_1000_0.1_0.7_0.txt.ins,72,71.2261,1.74578,OPT,3389,0,0,AI,0,0.0138889,3.95833,0.141219,1.48026,0,2,0,71,71
BPP_300_1000_0.1_0.7_1.txt.ins,77,76.1195,2.18887,OPT,3528,0,0,AI,0,0.0519481,3.62338,0.139797,1.912,0,2,0,60,60
BPP_300_1000_0.1_0.7_2.txt.ins,75,74.4597,2.09607,OPT,3538,0,0,AI,0,0.0266667,3.84,0.141245,1.81801,0,2,0,63,63
BPP_300_1000_0.1_0.7_3.txt.ins,71,70.9954,1.13915,OPT,2976,0,0,AI,0,0.0140845,3.87324,0.152662,0.915129,0,2,0,87,87
BPP_300_1000_0.1_0.7_4.txt.ins,77,76.0745,1.94407,OPT,3163,0,0,AI,0,0.0519481,3.63636,0.140618,1.68365,0,2,0,58,58
BPP_300_1000_0.1_0.7_5.txt.ins,75,74.1148,2.16727,OPT,3429,0,0,AI,0,0.0666667,3.66667,0.15039,1.88684,0,2,0,65,64
BPP_300_1000_0.1_0.7_6.txt.ins,75,74.9985,135.823,OPT,7318,508,80,AI,100,0.0133333,3.84,0.378423,128.557,0,2,84,489,489
BPP_300_1000_0.1_0.7_7.txt.ins,74,73.9564,2.82702,OPT,2575,0,0,AI,0,0.0135135,3.81081,0.141493,2.54658,0,2,0,80,80
BPP_300_1000_0.1_0.7_8.txt.ins,78,77.2955,1.88007,OPT,3270,0,0,AI,0,0.025641,3.5641,0.143338,1.6258,0,2,0,65,65
BPP_300_1000_0.1_0.7_9.txt.ins,76,75.8429,0.553444,OPT,1939,0,0,AI,0,0,3.76316,0.104816,0.40713,0,2,0,38,38
BPP_300_1000_0.1_0.8_0.txt.ins,82,81.005,1.90961,OPT,3322,0,0,AI,0,0.0609756,3.2439,0.124158,1.6764,0,2,0,47,47
BPP_300_1000_0.1_0.8_1.txt.ins,77,76.9727,0.728169,OPT,2434,0,0,AI,0,0,3.71429,0.108465,0.565637,0,2,0,59,59
BPP_300_1000_0.1_0.8_2.txt.ins,79,78.3544,2.17685,OPT,3503,0,0,AI,0,0.0253165,3.62025,0.18348,1.86243,0,2,0,80,80
BPP_300_1000_0.1_0.8_3.txt.ins,81,80.4762,3.02872,OPT,3202,0,0,AI,0,0.0864198,3.33333,0.120058,2.72816,0,2,0,72,72
BPP_300_1000_0.1_0.8_4.txt.ins,79,78.3284,2.40234,OPT,3355,0,0,AI,0,0.0379747,3.26582,0.146183,2.13138,0,2,0,61,61
BPP_300_1000_0.1_0.8_5.txt.ins,78,77.8809,0.821601,OPT,2102,0,0,AI,0,0.0512821,3.46154,0.094353,0.671832,0,2,0,59,58
BPP_300_1000_0.1_0.8_6.txt.ins,76,75.9779,19.2687,OPT,4366,100,10,AI,100,0.0394737,3.60526,0.221754,18.1214,0,2,10,219,215
BPP_300_1000_0.1_0.8_7.txt.ins,78,77.0462,1.70964,OPT,3013,0,0,AI,0,0.0641026,3.4359,0.13388,1.46621,0,2,0,53,53
BPP_300_1000_0.1_0.8_8.txt.ins,80,79.9465,0.662675,OPT,2201,0,0,AI,0,0.0125,3.525,0.094288,0.519853,0,2,0,57,53
BPP_300_1000_0.1_0.8_9.txt.ins,80,79.1252,3.03377,OPT,3153,0,0,AI,0,0.1,3.3625,0.142282,2.71997,0,2,0,75,71
BPP_300_1000_0.2_0.7_0.txt.ins,85,84.9268,2.96083,OPT,2645,0,0,AI,0,0.0705882,3.12941,0.101684,2.71163,0,2,0,57,57
BPP_300_1000_0.2_0.7_1.txt.ins,83,82.1037,3.07739,OPT,3431,0,0,AI,0,0.0481928,3.22892,0.121062,2.78546,0,2,0,64,60
BPP_300_1000_0.2_0.7_2.txt.ins,85,84.4193,1.35294,OPT,2885,0,0,AI,0,0.164706,2.97647,0.089998,1.18218,0,2,0,45,45
BPP_300_1000_0.2_0.7_3.txt.ins,86,85.2617,1.53507,OPT,2527,0,0,AI,0,0.0232558,3.2093,0.096323,1.36145,0,2,0,38,36
BPP_300_1000_0.2_0.7_4.txt.ins,86,85.286,1.06493,OPT,2606,0,0,AI,0,0.139535,2.9186,0.091124,0.900528,0,2,0,36,36
BPP_300_1000_0.2_0.7_5.txt.ins,84,83.9464,0.832473,OPT,2175,0,0,AI,0,0.047619,3.13095,0.080788,0.698667,0,2,0,41,39
BPP_300_1000_0.2_0.7_6.txt.ins,86,85.3908,1.11668,OPT,2678,0,0,AI,0,0.127907,2.97674,0.081421,0.962645,0,2,0,48,47
BPP_300_1000_0.2_0.7_7.txt.ins,85,84.1159,1.99822,OPT,2946,0,0,AI,0,0.0235294,3.15294,0.100597,1.80082,0,2,0,37,37
BPP_300_1000_0.2_0.7_8.txt.ins,83,82.0765,2.32932,OPT,3281,0,0,AI,0,0.0120482,3.28916,0.11164,2.10444,0,2,0,44,44
BPP_300_1000_0.2_0.7_9.txt.ins,83,82.2821,2.58516,OPT,2970,0,0,AI,0,0.060241,3.18072,0.114738,2.30479,0,2,0,67,63
BPP_300_1000_0.2_0.8_0.txt.ins,88,87.9722,0.978287,OPT,2270,0,0,AI,0,0.0340909,3.13636,0.090692,0.825879,0,2,0,38,38
BPP_300_1000_0.2_0.8_1.txt.ins,87,86.2489,1.27309,OPT,2632,0,0,AI,0,0.149425,2.78161,0.099655,1.09089,0,2,0,34,34
BPP_300_1000_0.2_0.8_2.txt.ins,88,87.9462,3.84392,OPT,2180,0,0,AI,0,0.113636,2.75,0.086691,3.56312,0,2,0,44,44
BPP_300_1000_0.2_0.8_3.txt.ins,90,89.5,1.17603,OPT,2345,0,0,AI,0,0.0888889,3,0.104742,0.983775,0,2,0,38,34
BPP_300_1000_0.2_0.8_4.txt.ins,88,87.2372,1.40409,OPT,2847,0,0,AI,0,0.0795455,2.89773,0.10244,1.2079,0,2,0,50,47
BPP_300_1000_0.2_0.8_5.txt.ins,86,85.9862,6.85837,OPT,2977,0,0,AI,0,0.0697674,3.12791,0.107342,6.4605,0,2,0,60,60
BPP_300_1000_0.2_0.8_6.txt.ins,90,89.5462,1.8106,OPT,2412,0,0,AI,0,0.0555556,2.97778,0.080873,1.63946,0,2,0,40,38
BPP_300_1000_0.2_0.8_7.txt.ins,89,88.2482,1.62984,OPT,2775,0,0,AI,0,0.0449438,3.05618,0.098591,1.44085,0,2,0,37,37
BPP_300_1000_0.2_0.8_8.txt.ins,90,89.3595,1.13292,OPT,2416,0,0,AI,0,0.144444,2.71111,0.088958,0.964718,0,2,0,36,36
BPP_300_1000_0.2_0.8_9.txt.ins,89,88.9726,2.97173,OPT,2602,0,0,AI,0,0.0561798,2.92135,0.091541,2.73376,0,2,0,57,57
BPP_300_100_0.1_0.7_0.txt.ins,73,72.9772,9.74112,OPT,3685,0,0,AI,0,0,3.67123,0.135504,9.16442,0,2,0,168,168
BPP_300_100_0.1_0.7_1.txt.ins,73,72.9457,1.87574,OPT,2212,0,0,AI,0,0.0273973,3.83562,0.097597,1.66627,0,2,0,75,67
BPP_300_100_0.1_0.7_2.txt.ins,74,73.963,9.407,OPT,3102,0,0,AI,0,0.0135135,3.7027,0.134399,8.73053,0,2,0,145,136
BPP_300_100_0.1_0.7_3.txt.ins,72,71.9999,60.4015,OPT,5624,368,60,AI,100,0.0277778,3.80556,0.252637,56.0763,0,2,60,427,422
BPP_300_100_0.1_0.7_4.txt.ins,72,71.3727,1.13633,OPT,2750,0,0,AI,0,0,3.91667,0.087188,0.965191,0,2,0,65,65
BPP_300_100_0.1_0.7_5.txt.ins,73,72.9218,2.55362,OPT,2334,0,0,AI,0,0,3.71233,0.091514,2.32284,0,2,0,73,73
BPP_300_100_0.1_0.7_6.txt.ins,73,72.2046,1.48315,OPT,2945,0,0,AI,0,0.0547945,3.65753,0.094734,1.28952,0,2,0,68,68
BPP_300_100_0.1_0.7_7.txt.ins,74,73.9864,2.25848,OPT,2472,0,0,AI,0,0.0405405,3.66216,0.099156,2.02764,0,2,0,94,79
BPP_300_100_0.1_0.7_8.txt.ins,71,69.9991,8.78609,OPT,3406,20,1,ANI,20,0.0285714,4.05714,0.124548,8.20097,0,2,2,127,118
BPP_300_100_0.1_0.7_9.txt.ins,73,72.9631,0.86086,OPT,2251,0,0,AI,0,0.0410959,3.78082,0.079255,0.726147,0,2,0,56,54
BPP_300_100_0.1_0.8_0.txt.ins,79,78.464,1.54043,OPT,2742,0,0,AI,0,0.0126582,3.50633,0.072742,1.35888,0,2,0,60,60
BPP_300_100_0.1_0.8_1.txt.ins,80,79.9261,0.958261,OPT,2554,0,0,AI,0,0.05,3.35,0.072211,0.824424,0,2,0,51,51
BPP_300_100_0.1_0.8_2.txt.ins,80,79.9271,0.601594,OPT,1881,0,0,AI,0,0.075,3.2625,0.074262,0.480085,0,2,0,40,34
BPP_300_100_0.1_0.8_3.txt.ins,84,82.9941,3600.04,TLE,17536,3573,2310,?,100,0.060241,3.3012,10.1406,2850.81,0,-1,4340,7563,6806
BPP_300_100_0.1_0.8_4.txt.ins,81,80.9132,0.881193,OPT,1963,0,0,AI,0,0.0123457,3.45679,0.086,0.739767,0,2,0,35,34
BPP_300_100_0.1_0.8_5.txt.ins,80,79.0992,1.61619,OPT,2512,0,0,AI,0,0.0875,3.2,0.063633,1.46571,0,2,0,38,38
BPP_300_100_0.1_0.8_6.txt.ins,81,80.1771,1.80797,OPT,2618,0,0,AI,0,0.0123457,3.35802,0.078303,1.62914,0,2,0,46,46
BPP_300_100_0.1_0.8_7.txt.ins,79,78.9966,18.0987,OPT,3745,100,10,AI,100,0.0759494,3.32911,0.118928,17.0529,0,2,10,160,160
BPP_300_100_0.1_0.8_8.txt.ins,79,78.9308,0.958125,OPT,2284,0,0,AI,0,0.0379747,3.37975,0.08618,0.811152,0,2,0,56,56
BPP_300_100_0.1_0.8_9.txt.ins,82,81.0564,1.26784,OPT,2561,0,0,AI,0,0.109756,3.23171,0.079066,1.10578,0,2,0,40,40
BPP_300_100_0.2_0.7_0.txt.ins,85,84.0953,1.37313,OPT,2637,0,0,AI,0,0.117647,2.91765,0.056007,1.23511,0,2,0,43,43
BPP_300_100_0.2_0.7_1.txt.ins,85,84.3149,1.30045,OPT,2740,0,0,AI,0,0.0588235,3.16471,0.066112,1.14529,0,2,0,47,47
BPP_300_100_0.2_0.7_2.txt.ins,84,83.9918,11.5928,OPT,3325,100,10,AI,100,0.0357143,3.16667,0.076733,10.9394,0,2,10,104,104
BPP_300_100_0.2_0.7_3.txt.ins,81,80.9127,1.05463,OPT,2488,0,0,AI,0,0.123457,3.12346,0.069894,0.924536,0,2,0,41,41
BPP_300_100_0.2_0.7_4.txt.ins,84,83.9068,0.610554,OPT,2023,0,0,AI,0,0.0357143,3,0.048813,0.512372,0,2,0,39,34
BPP_300_100_0.2_0.7_5.txt.ins,81,80.9893,1.03548,OPT,2423,0,0,AI,0,0.0740741,3.20988,0.068399,0.891303,0,2,0,36,35
BPP_300_100_0.2_0.7_6.txt.ins,84,83.3002,1.07777,OPT,2470,0,0,AI,0,0.0119048,3.17857,0.060514,0.948375,0,2,0,30,30
BPP_300_100_0.2_0.7_7.txt.ins,85,84.9587,0.782625,OPT,2024,0,0,AI,0,0.0588235,3.10588,0.061922,0.67134,0,2,0,38,38
BPP_300_100_0.2_0.7_8.txt.ins,85,84.0359,1.39528,OPT,2577,0,0,AI,0,0.0823529,3.03529,0.061739,1.25258,0,2,0,36,35
BPP_300_100_0.2_0.7_9.txt.ins,85,84.9609,4.75246,OPT,2722,0,0,AI,0,0.0705882,3.09412,0.072703,4.4227,0,2,0,68,68
BPP_300_100_0.2_0.8_0.txt.ins,90,89.1529,1.17402,OPT,2153,0,0,AI,0,0.155556,2.81111,0.055018,1.04561,0,2,0,31,31
BPP_300_100_0.2_0.8_1.txt.ins,90,89.9139,0.612595,OPT,1834,0,0,AI,0,0.0555556,2.84444,0.044261,0.526812,0,2,0,35,29
BPP_300_100_0.2_0.8_2.txt.ins,88,87.0069,1.42162,OPT,2491,0,0,AI,0,0.0681818,3.01136,0.052946,1.3037,0,2,0,41,41
BPP_300_100_0.2_0.8_3.txt.ins,91,90.3333,0.993702,OPT,2220,0,0,AI,0,0.175824,2.6044,0.054974,0.877682,0,2,0,27,27
BPP_300_100_0.2_0.8_4.txt.ins,87,86.1747,1.50238,OPT,2480,0,0,AI,0,0.0574713,3.05747,0.065015,1.35622,0,2,0,36,36
BPP_300_100_0.2_0.8_5.txt.ins,89,88.9999,2.62669,OPT,2724,0,0,AI,0,0.0898876,2.91011,0.065632,2.41437,0,2,0,57,57
BPP_300_100_0.2_0.8_6.txt.ins,89,88.88,0.576005,OPT,1834,0,0,AI,0,0.0898876,2.8764,0.049067,0.482769,0,2,0,29,29
BPP_300_100_0.2_0.8_7.txt.ins,89,88.0626,1.1006,OPT,2433,0,0,AI,0,0.0898876,2.83146,0.053775,0.991745,0,2,0,33,33
BPP_300_100_0.2_0.8_8.txt.ins,89,88.2302,1.48158,OPT,2465,0,0,AI,0,0.0786517,3.02247,0.060117,1.33702,0,2,0,38,38
BPP_300_100_0.2_0.8_9.txt.ins,90,89.5473,1.37735,OPT,2532,0,0,AI,0,0.0333333,2.93333,0.055878,1.23871,0,2,0,41,41
BPP_300_120_0.1_0.7_0.txt.ins,75,74.966,27.579,OPT,4636,149,20,AI,100,0.0266667,3.81333,0.176908,26.1536,0,2,20,262,262
BPP_300_120_0.1_0.7_1.txt.ins,75,74.9767,1.13392,OPT,2645,0,0,AI,0,0.0133333,3.74667,0.096298,0.964118,0,2,0,55,55
BPP_300_120_0.1_0.7_2.txt.ins,75,74.998,327.053,OPT,10889,1170,260,AI,100,0.0133333,3.54667,1.0568,296.621,0,2,393,1432,1409
BPP_300_120_0.1_0.7_3.txt.ins,73,72.9729,1.20966,OPT,2872,0,0,AI,0,0.0136986,3.84932,0.109197,1.01708,0,2,0,79,76
BPP_300_120_0.1_0.7_4.txt.ins,75,74.9666,0.949144,OPT,2631,0,0,AI,0,0,3.74667,0.098325,0.783165,0,2,0,57,57
BPP_300_120_0.1_0.7_5.txt.ins,75,74.3976,1.37992,OPT,2845,0,0,AI,0,0.0266667,3.53333,0.09943,1.18586,0,2,0,69,69
BPP_300_120_0.1_0.7_6.txt.ins,73,72.3467,2.93949,OPT,3300,0,0,AI,0,0,4,0.113563,2.64011,0,2,0,92,92
BPP_300_120_0.1_0.7_7.txt.ins,75,74.9908,1.47185,OPT,2830,0,0,AI,0,0.0266667,3.66667,0.097751,1.29096,0,2,0,56,54
BPP_300_120_0.1_0.7_8.txt.ins,73,72.1551,1.32403,OPT,2610,0,0,AI,0,0,3.94521,0.088372,1.14944,0,2,0,55,52
BPP_300_120_0.1_0.7_9.txt.ins,76,75.0695,1.40583,OPT,2599,0,0,AI,0,0.0526316,3.63158,0.082986,1.243,0,2,0,44,42
BPP_300_120_0.1_0.8_0.txt.ins,79,78.9608,5.96349,OPT,2645,0,0,AI,0,0.0632911,3.26582,0.101694,5.5914,0,2,0,77,77
BPP_300_120_0.1_0.8_1.txt.ins,80,79.9588,0.974338,OPT,2265,0,0,AI,0,0.0875,3.2625,0.103172,0.808211,0,2,0,54,54
BPP_300_120_0.1_0.8_2.txt.ins,80,79.1049,1.44414,OPT,2703,0,0,AI,0,0.0125,3.575,0.074658,1.2722,0,2,0,45,45
BPP_300_120_0.1_0.8_3.txt.ins,83,82.0273,1.80873,OPT,2797,0,0,AI,0,0.0843373,3.10843,0.095479,1.60632,0,2,0,48,48
BPP_300_120_0.1_0.8_4.txt.ins,83,82.2559,1.34563,OPT,2531,0,0,AI,0,0.0481928,3.22892,0.06572,1.19759,0,2,0,44,44
BPP_300_120_0.1_0.8_5.txt.ins,80,79.9867,11.3433,OPT,3412,0,0,AI,0,0.025,3.5125,0.113478,10.7409,0,2,0,123,123
BPP_300_120_0.1_0.8_6.txt.ins,81,80.9886,2.61301,OPT,2972,0,0,AI,0,0.0617284,3.37037,0.087582,2.36342,0,2,0,89,89
BPP_300_120_0.1_0.8_7.txt.ins,76,74.9973,7.92485,OPT,3425,20,1,ANI,20,0.0133333,3.64,0.111923,7.35031,0,2,2,127,122
BPP_300_120_0.1_0.8_8.txt.ins,78,77.9552,0.729989,OPT,2356,0,0,AI,0,0,3.51282,0.074131,0.598771,0,2,0,58,58
BPP_300_120_0.1_0.8_9.txt.ins,81,79.9988,15.6293,OPT,4317,100,6,ANI,100,0.075,3.3875,0.170921,14.3964,0,2,8,160,160
BPP_300_120_0.2_0.7_0.txt.ins,83,82.9242,0.631347,OPT,1996,0,0,AI,0,0.060241,3.09639,0.064822,0.522489,0,2,0,35,35
BPP_300_120_0.2_0.7_1.txt.ins,83,82.4307,1.22329,OPT,2706,0,0,AI,0,0.0722892,3.15663,0.05807,1.07802,0,2,0,43,42
BPP_300_120_0.2_0.7_2.txt.ins,83,82.8123,0.68779,OPT,2062,0,0,AI,0,0.0722892,3.10843,0.066793,0.577103,0,2,0,32,32
BPP_300_120_0.2_0.7_3.txt.ins,85,84.9314,0.803329,OPT,2163,0,0,AI,0,0,3.29412,0.06527,0.682913,0,2,0,35,35
BPP_300_120_0.2_0.7_4.txt.ins,86,85.8385,0.534201,OPT,1725,0,0,AI,0,0.0697674,2.96512,0.053243,0.4387,0,2,0,27,27
BPP_300_120_0.2_0.7_5.txt.ins,80,79.9209,3.29282,OPT,2560,0,0,AI,0,0.0125,3.4375,0.07446,3.06105,0,2,0,70,67
BPP_300_120_0.2_0.7_6.txt.ins,84,83.979,0.669791,OPT,2168,0,0,AI,0,0,3.28571,0.063424,0.560461,0,2,0,32,32
BPP_300_120_0.2_0.7_7.txt.ins,86,85.3333,1.12696,OPT,2272,0,0,AI,0,0.0348837,3.17442,0.056953,0.999365,0,2,0,29,29
BPP_300_120_0.2_0.7_8.txt.ins,84,83.1812,1.75616,OPT,2819,0,0,AI,0,0.0714286,3.21429,0.07887,1.59783,0,2,0,51,51
BPP_300_120_0.2_0.7_9.txt.ins,84,83.9846,3.20809,OPT,2745,0,0,AI,0,0.0238095,3.25,0.07402,2.9659,0,2,0,66,66
BPP_300_120_0.2_0.8_0.txt.ins,90,89.1596,1.03254,OPT,2198,0,0,AI,0,0.122222,2.84444,0.061048,0.900576,0,2,0,29,29
BPP_300_120_0.2_0.8_1.txt.ins,90,89.4883,1.43299,OPT,2486,0,0,AI,0,0.1,2.9,0.065905,1.28371,0,2,0,40,40
BPP_300_120_0.2_0.8_2.txt.ins,92,91.1891,1.11214,OPT,2120,0,0,AI,0,0.0652174,2.90217,0.058998,0.98473,0,2,0,34,31
BPP_300_120_0.2_0.8_3.txt.ins,90,89.9892,3.32263,OPT,2333,0,0,AI,0,0.0666667,2.91111,0.0573,3.0689,0,2,0,57,57
BPP_300_120_0.2_0.8_4.txt.ins,91,90.9495,0.572338,OPT,1766,0,0,AI,0,0.131868,2.75824,0.052628,0.479409,0,2,0,26,26
BPP_300_120_0.2_0.8_5.txt.ins,86,85.9512,0.641831,OPT,2090,0,0,AI,0,0.151163,2.89535,0.056155,0.542513,0,2,0,30,30
BPP_300_120_0.2_0.8_6.txt.ins,85,84.9734,26.2997,OPT,3794,181,30,AI,100,0.105882,3.04706,0.105994,24.216,0,2,30,188,188
BPP_300_120_0.2_0.8_7.txt.ins,91,90.5705,0.93114,OPT,2145,0,0,AI,0,0.0989011,2.71429,0.056265,0.807627,0,2,0,36,36
BPP_300_120_0.2_0.8_8.txt.ins,87,86.2688,1.30915,OPT,2520,0,0,AI,0,0.0229885,3.01149,0.060291,1.16833,0,2,0,37,37
BPP_300_120_0.2_0.8_9.txt.ins,89,88.8953,0.765904,OPT,1998,0,0,AI,0,0.0449438,2.95506,0.051702,0.658957,0,2,0,35,35
BPP_300_125_0.1_0.7_0.txt.ins,73,72.9301,0.930161,OPT,2446,0,0,AI,0,0.0136986,3.79452,0.092816,0.773727,0,2,0,54,53
BPP_300_125_0.1_0.7_1.txt.ins,74,73.6288,1.39379,OPT,3168,0,0,AI,0,0.108108,3.56757,0.102226,1.1722,0,2,0,87,87
BPP_300_125_0.1_0.7_2.txt.ins,72,71.9262,1.02069,OPT,2373,0,0,AI,0,0.0138889,3.84722,0.103171,0.842755,0,2,0,64,54
BPP_300_125_0.1_0.7_3.txt.ins,76,75.8637,0.921705,OPT,2209,0,0,AI,0,0.0263158,3.42105,0.10337,0.757312,0,2,0,57,52
BPP_300_125_0.1_0.7_4.txt.ins,72,71.9864,8.01358,OPT,3513,0,0,AI,0,0.0277778,3.875,0.130821,7.54352,0,2,0,126,126
BPP_300_125_0.1_0.7_5.txt.ins,72,71.954,1.13272,OPT,2740,0,0,AI,0,0,3.91667,0.119624,0.929779,0,2,0,82,69
BPP_300_125_0.1_0.7_6.txt.ins,73,72.9983,2.86889,OPT,2876,0,0,AI,0,0,3.82192,0.121958,2.57723,0,2,0,99,99
BPP_300_125_0.1_0.7_7.txt.ins,75,74.975,1.0838,OPT,2670,0,0,AI,0,0.0133333,3.6,0.115974,0.883149,0,2,0,67,65
BPP_300_125_0.1_0.7_8.txt.ins,74,73.9487,0.818084,OPT,2360,0,0,AI,0,0.0135135,3.58108,0.109978,0.631338,0,2,0,83,80
BPP_300_125_0.1_0.7_9.txt.ins,75,74.8436,0.873092,OPT,2177,0,0,AI,0,0.0133333,3.58667,0.104458,0.691131,0,2,0,50,50
BPP_300_125_0.1_0.8_0.txt.ins,81,80.9543,0.741187,OPT,2027,0,0,AI,0,0.0493827,3.28395,0.082243,0.593161,0,2,0,47,46
BPP_300_125_0.1_0.8_1.txt.ins,81,80.9383,1.0669,OPT,2455,0,0,AI,0,0.0246914,3.39506,0.09283,0.894658,0,2,0,46,46
BPP_300_125_0.1_0.8_2.txt.ins,79,78.0669,1.63008,OPT,2654,0,0,AI,0,0.0506329,3.40506,0.091015,1.44843,0,2,0,37,37
BPP_300_125_0.1_0.8_3.txt.ins,77,76.9935,36.0101,OPT,4167,193,30,AI,100,0.038961,3.61039,0.186923,33.3976,0,2,30,198,196
BPP_300_125_0.1_0.8_4.txt.ins,77,76.9722,1.15072,OPT,2708,0,0,AI,0,0.116883,3.25974,0.109449,0.970426,0,2,0,72,71
BPP_300_125_0.1_0.8_5.txt.ins,79,78.3579,1.87601,OPT,2910,0,0,AI,0,0.0632911,3.27848,0.101483,1.6582,0,2,0,63,61
BPP_300_125_0.1_0.8_6.txt.ins,80,79.1924,2.22947,OPT,2975,0,0,AI,0,0.0625,3.3625,0.105159,1.9577,0,2,0,65,59
BPP_300_125_0.1_0.8_7.txt.ins,83,82.9384,0.860718,OPT,2079,0,0,AI,0,0.0361446,3.27711,0.070674,0.737726,0,2,0,36,35
BPP_300_125_0.1_0.8_8.txt.ins,78,77.9617,11.6357,OPT,3284,100,10,AI,100,0.0128205,3.5641,0.124511,10.9081,0,2,10,152,146
BPP_300_125_0.1_0.8_9.txt.ins,79,78.9477,3.09793,OPT,2589,0,0,AI,0,0.0632911,3.35443,0.098817,2.83672,0,2,0,85,85
BPP_300_125_0.2_0.7_0.txt.ins,84,83.9002,0.782545,OPT,2139,0,0,AI,0,0.0238095,3.16667,0.062793,0.664825,0,2,0,34,33
BPP_300_125_0.2_0.7_1.txt.ins,83,82.0202,1.19631,OPT,2773,0,0,AI,0,0.0481928,3.27711,0.074721,1.04395,0,2,0,36,36
BPP_300_125_0.2_0.7_2.txt.ins,82,81.1925,1.56966,OPT,2780,0,0,AI,0,0.0243902,3.35366,0.077793,1.40467,0,2,0,44,44
BPP_300_125_0.2_0.7_3.txt.ins,83,82.8909,1.90446,OPT,2343,0,0,AI,0,0.0843373,2.9759,0.072782,1.71323,0,2,0,53,52
BPP_300_125_0.2_0.7_4.txt.ins,83,82.2979,1.25568,OPT,2581,0,0,AI,0,0.060241,3.07229,0.066779,1.10538,0,2,0,41,37
BPP_300_125_0.2_0.7_5.txt.ins,82,81.9833,8.92813,OPT,3266,0,0,AI,0,0.0243902,3.34146,0.082365,8.39043,0,2,0,94,94
BPP_300_125_0.2_0.7_6.txt.ins,84,83.9772,1.12354,OPT,2542,0,0,AI,0,0.0357143,3.2619,0.067483,0.992553,0,2,0,38,38
BPP_300_125_0.2_0.7_7.txt.ins,85,84.0898,1.40269,OPT,2628,0,0,AI,0,0.0470588,3.04706,0.062513,1.27914,0,2,0,36,34
BPP_300_125_0.2_0.7_8.txt.ins,82,81.8996,0.565227,OPT,1972,0,0,AI,0,0.0731707,3.18293,0.055802,0.47062,0,2,0,35,35
BPP_300_125_0.2_0.7_9.txt.ins,84,83.949,0.882453,OPT,2290,0,0,AI,0,0.0714286,3.07143,0.070694,0.757323,0,2,0,38,34
BPP_300_125_0.2_0.8_0.txt.ins,88,87.6722,1.02801,OPT,2237,0,0,AI,0,0.0795455,3.04545,0.063982,0.890144,0,2,0,36,36
BPP_300_125_0.2_0.8_1.txt.ins,92,91.9441,1.83586,OPT,1913,0,0,AI,0,0.0326087,3,0.054305,1.64862,0,2,0,52,41
BPP_300_125_0.2_0.8_2.txt.ins,87,86.5084,1.40724,OPT,2748,0,0,AI,0,0.114943,3.08046,0.071817,1.25144,0,2,0,51,47
BPP_300_125_0.2_0.8_3.txt.ins,90,89.4015,2.17671,OPT,2456,0,0,AI,0,0.0888889,2.93333,0.064667,1.98647,0,2,0,47,47
BPP_300_125_0.2_0.8_4.txt.ins,87,86.9774,0.635005,OPT,1833,0,0,AI,0,0.091954,3.05747,0.05543,0.536466,0,2,0,28,28
BPP_300_125_0.2_0.8_5.txt.ins,89,88.9949,2.39181,OPT,2330,0,0,AI,0,0.0674157,3.01124,0.076903,2.14612,0,2,0,51,49
BPP_300_125_0.2_0.8_6.txt.ins,90,89.4364,1.18544,OPT,2270,0,0,AI,0,0.0777778,2.77778,0.066889,1.04618,0,2,0,36,36
BPP_300_125_0.2_0.8_7.txt.ins,89,88.1674,1.16543,OPT,2355,0,0,AI,0,0.0898876,2.89888,0.064107,1.03083,0,2,0,32,32
BPP_300_125_0.2_0.8_8.txt.ins,89,88.9786,4.99734,OPT,2714,0,0,AI,0,0.0674157,2.92135,0.067934,4.6467,0,2,0,68,68
BPP_300_125_0.2_0.8_9.txt.ins,88,87.2598,1.32522,OPT,2529,0,0,AI,0,0.0795455,2.94318,0.068022,1.18111,0,2,0,40,40
BPP_300_150_0.1_0.7_0.txt.ins,73,72.9551,2.88544,OPT,2782,0,0,AI,0,0.0273973,3.83562,0.091525,2.64192,0,2,0,83,83
BPP_300_150_0.1_0.7_1.txt.ins,75,74.9363,0.803483,OPT,2095,0,0,AI,0,0.0133333,3.64,0.097668,0.645224,0,2,0,67,61
BPP_300_150_0.1_0.7_2.txt.ins,74,73.9736,0.614272,OPT,2150,0,0,AI,0,0.0405405,3.60811,0.079675,0.483254,0,2,0,66,64
BPP_300_150_0.1_0.7_3.txt.ins,72,71.9827,84.6554,OPT,7084,468,70,AI,100,0.0416667,3.91667,0.324763,79.1415,0,2,70,567,567
BPP_300_150_0.1_0.7_4.txt.ins,73,72.9856,0.796438,OPT,2213,0,0,AI,0,0,3.75342,0.100845,0.638707,0,2,0,40,40
BPP_300_150_0.1_0.7_5.txt.ins,77,76.9868,0.822593,OPT,2374,0,0,AI,0,0.0519481,3.45455,0.077745,0.680115,0,2,0,50,50
BPP_300_150_0.1_0.7_6.txt.ins,77,76.0322,1.87638,OPT,3022,0,0,AI,0,0.025974,3.71429,0.094632,1.67193,0,2,0,56,52
BPP_300_150_0.1_0.7_7.txt.ins,77,76.0891,1.9127,OPT,3221,0,0,AI,0,0.012987,3.53247,0.088928,1.68733,0,2,0,66,66
BPP_300_150_0.1_0.7_8.txt.ins,72,71.832,0.712227,OPT,1994,0,0,AI,0,0.0138889,3.73611,0.086117,0.575949,0,2,0,46,46
BPP_300_150_0.1_0.7_9.txt.ins,77,76.9302,3.68286,OPT,2702,0,0,AI,0,0.012987,3.64935,0.092919,3.41711,0,2,0,85,85
BPP_300_150_0.1_0.8_0.txt.ins,81,80.108,1.68461,OPT,2923,0,0,AI,0,0.037037,3.4321,0.077836,1.49798,0,2,0,51,51
BPP_300_150_0.1_0.8_1.txt.ins,80,79.9771,7.32189,OPT,3310,0,0,AI,0,0.0625,3.325,0.113475,6.84109,0,2,0,110,106
BPP_300_150_0.1_0.8_2.txt.ins,78,77.8678,0.937025,OPT,2258,0,0,AI,0,0.0384615,3.52564,0.088644,0.771304,0,2,0,59,59
BPP_300_150_0.1_0.8_3.txt.ins,83,82.5641,1.60909,OPT,2838,0,0,AI,0,0.0481928,3.24096,0.069265,1.42873,0,2,0,57,57
BPP_300_150_0.1_0.8_4.txt.ins,83,82.1048,1.84229,OPT,3076,0,0,AI,0,0.0963855,3.01205,0.083325,1.62314,0,2,0,53,53
BPP_300_150_0.1_0.8_5.txt.ins,77,76.9902,1.09642,OPT,2722,0,0,AI,0,0.0519481,3.5974,0.103567,0.937193,0,2,0,78,72
BPP_300_150_0.1_0.8_6.txt.ins,80,79.1217,1.37928,OPT,2514,0,0,AI,0,0.0875,3.4,0.087493,1.20549,0,2,0,34,34
BPP_300_150_0.1_0.8_7.txt.ins,80,79.9483,1.85309,OPT,2188,0,0,AI,0,0.075,3.1125,0.075329,1.66301,0,2,0,57,57
BPP_300_150_0.1_0.8_8.txt.ins,82,81.239,1.6227,OPT,2828,0,0,AI,0,0.0487805,3.34146,0.077777,1.4311,0,2,0,58,53
BPP_300_150_0.1_0.8_9.txt.ins,80,79.9287,4.58884,OPT,2667,0,0,AI,0,0.05,3.375,0.100889,4.23159,0,2,0,87,86
BPP_300_150_0.2_0.7_0.txt.ins,86,85.3984,1.20367,OPT,2374,0,0,AI,0,0.151163,2.82558,0.067568,1.06498,0,2,0,35,35
BPP_300_150_0.2_0.7_1.txt.ins,86,85.9954,5.73707,OPT,3024,0,0,AI,0,0.0813953,3.10465,0.069088,5.33792,0,2,0,99,95
BPP_300_150_0.2_0.7_2.txt.ins,83,82.1138,1.68864,OPT,2805,0,0,AI,0,0.0240964,3.31325,0.063814,1.53184,0,2,0,39,39
BPP_300_150_0.2_0.7_3.txt.ins,86,85.2932,1.3966,OPT,2468,0,0,AI,0,0.0930233,2.7907,0.064239,1.25132,0,2,0,36,36
BPP_300_150_0.2_0.7_4.txt.ins,84,83.9908,3.5885,OPT,2636,0,0,AI,0,0.0238095,3.21429,0.070866,3.35924,0,2,0,56,56
BPP_300_150_0.2_0.7_5.txt.ins,82,81.9313,0.575891,OPT,2143,0,0,AI,0,0,3.29268,0.060156,0.47387,0,2,0,39,39
BPP_300_150_0.2_0.7_6.txt.ins,83,82.8741,0.806465,OPT,2049,0,0,AI,0,0.0240964,3.27711,0.057275,0.704386,0,2,0,36,36
BPP_300_150_0.2_0.7_7.txt.ins,83,82.9441,0.581179,OPT,2030,0,0,AI,0,0.0963855,3.01205,0.064245,0.475561,0,2,0,31,30
BPP_300_150_0.2_0.7_8.txt.ins,84,83.8647,0.614541,OPT,1758,0,0,AI,0,0.0714286,3.14286,0.049129,0.525297,0,2,0,31,31
BPP_300_150_0.2_0.7_9.txt.ins,86,85.8824,0.682147,OPT,2281,0,0,AI,0,0.0813953,3.04651,0.056469,0.576333,0,2,0,35,34
BPP_300_150_0.2_0.8_0.txt.ins,87,86.9295,2.09832,OPT,2172,0,0,AI,0,0.0574713,3.03448,0.051512,1.92912,0,2,0,44,44
BPP_300_150_0.2_0.8_1.txt.ins,87,86.9531,1.9469,OPT,2085,0,0,AI,0,0.045977,2.97701,0.06689,1.767,0,2,0,42,42
BPP_300_150_0.2_0.8_2.txt.ins,92,91.5333,1.16447,OPT,1924,0,0,AI,0,0.076087,2.91304,0.058842,1.04008,0,2,0,29,29
BPP_300_150_0.2_0.8_3.txt.ins,86,85.5832,1.1616,OPT,2619,0,0,AI,0,0.104651,2.97674,0.055759,1.02882,0,2,0,44,41
BPP_300_150_0.2_0.8_4.txt.ins,89,88.1277,1.31936,OPT,2508,0,0,AI,0,0.0898876,2.82022,0.067804,1.16818,0,2,0,40,40
BPP_300_150_0.2_0.8_5.txt.ins,87,86.1704,1.32174,OPT,2660,0,0,AI,0,0.103448,2.97701,0.061269,1.17956,0,2,0,32,32
BPP_300_150_0.2_0.8_6.txt.ins,88,88,2.93051,OPT,2491,0,0,AI,0,0.0909091,2.98864,0.055537,2.73114,0,2,0,44,44
BPP_300_150_0.2_0.8_7.txt.ins,91,90.3562,0.957178,OPT,2194,0,0,AI,0,0.186813,2.62637,0.061829,0.826925,0,2,0,31,31
BPP_300_150_0.2_0.8_8.txt.ins,92,91.9841,5.83424,OPT,3303,100,10,AI,100,0.0652174,2.88043,0.09743,5.26756,0,2,10,199,148
BPP_300_150_0.2_0.8_9.txt.ins,88,88,5.08237,OPT,3400,0,0,AI,0,0.102273,2.42045,0.080601,4.72023,0,2,0,84,84
BPP_300_200_0.1_0.7_0.txt.ins,72,71.9817,11.2877,OPT,3945,0,0,AI,0,0.0138889,3.84722,0.149473,10.6409,0,2,0,184,181
BPP_300_200_0.1_0.7_1.txt.ins,73,72.9603,1.09951,OPT,2927,0,0,AI,0,0.0684932,3.56164,0.119576,0.902161,0,2,0,71,71
BPP_300_200_0.1_0.7_2.txt.ins,72,71.973,5.10986,OPT,3144,0,0,AI,0,0.0277778,3.86111,0.137528,4.70431,0,2,0,134,134
BPP_300_200_0.1_0.7_3.txt.ins,72,71.9672,3.40245,OPT,2942,0,0,AI,0,0.0416667,3.83333,0.149815,3.05802,0,2,0,126,126
BPP_300_200_0.1_0.7_4.txt.ins,73,72.9876,696.486,OPT,13602,1791,364,AI,100,0.0273973,3.87671,1.36164,632.497,0,2,414,1945,1945
BPP_300_200_0.1_0.7_5.txt.ins,76,75.9969,6.87856,OPT,3142,0,0,AI,0,0.0263158,3.60526,0.125056,6.37172,0,2,0,132,132
BPP_300_200_0.1_0.7_6.txt.ins,73,72.0408,1.39893,OPT,2695,0,0,AI,0,0,3.86301,0.096558,1.17667,0,2,0,51,51
BPP_300_200_0.1_0.7_7.txt.ins,76,75.1734,3.26849,OPT,3047,0,0,AI,0,0.0921053,3.47368,0.133126,2.90974,0,2,0,79,79
BPP_300_200_0.1_0.7_8.txt.ins,72,71.9958,31.0097,OPT,4582,176,20,AI,100,0.0277778,3.83333,0.233946,29.0347,0,2,20,243,242
BPP_300_200_0.1_0.7_9.txt.ins,73,72.8437,0.796815,OPT,2246,0,0,AI,0,0.0273973,3.80822,0.113244,0.618047,0,2,0,53,53
BPP_300_200_0.1_0.8_0.txt.ins,79,77.9994,59.7322,OPT,5711,279,44,ANI,100,0.115385,3.42308,0.277843,55.4768,0,2,59,335,335
BPP_300_200_0.1_0.8_1.txt.ins,80,79.9489,0.706526,OPT,2203,0,0,AI,0,0.075,3.275,0.097514,0.548107,0,2,0,48,48
BPP_300_200_0.1_0.8_2.txt.ins,83,82.9977,1.05236,OPT,2376,0,0,AI,0,0.13253,3.01205,0.080473,0.892226,0,2,0,43,43
BPP_300_200_0.1_0.8_3.txt.ins,80,79.0169,2.0865,OPT,3218,0,0,AI,0,0.0375,3.4375,0.109545,1.82749,0,2,0,56,55
BPP_300_200_0.1_0.8_4.txt.ins,81,80.9698,0.735274,OPT,2259,0,0,AI,0,0.0493827,3.35802,0.078991,0.59285,0,2,0,41,41
BPP_300_200_0.1_0.8_5.txt.ins,82,81.7391,7.56149,OPT,3571,0,0,AI,0,0.0853659,3.19512,0.127187,6.91649,0,2,0,166,165
BPP_300_200_0.1_0.8_6.txt.ins,81,80.9319,3.92777,OPT,2877,0,0,AI,0,0.0740741,3.34568,0.118043,3.59153,0,2,0,76,76
BPP_300_200_0.1_0.8_7.txt.ins,78,77.9813,1.06235,OPT,2315,0,0,AI,0,0.025641,3.5641,0.109637,0.868911,0,2,0,53,53
BPP_300_200_0.1_0.8_8.txt.ins,81,80.163,2.5384,OPT,3136,0,0,AI,0,0.0617284,3.4321,0.092289,2.24139,0,2,0,70,68
BPP_300_200_0.1_0.8_9.txt.ins,79,78.0554,1.33933,OPT,2684,0,0,AI,0,0.0126582,3.55696,0.093639,1.14039,0,2,0,50,50
BPP_300_200_0.2_0.7_0.txt.ins,82,81.9514,5.37988,OPT,2749,0,0,AI,0,0.0609756,3.26829,0.093613,4.99176,0,2,0,77,77
BPP_300_200_0.2_0.7_1.txt.ins,85,84.9777,2.39794,OPT,2531,0,0,AI,0,0.0823529,3.03529,0.070152,2.1635,0,2,0,55,55
BPP_300_200_0.2_0.7_2.txt.ins,84,83.557,1.21714,OPT,2849,0,0,AI,0,0.0357143,3.29762,0.078484,1.03593,0,2,0,46,45
BPP_300_200_0.2_0.7_3.txt.ins,84,83.8332,0.628684,OPT,1963,0,0,AI,0,0.0119048,3.35714,0.068046,0.50888,0,2,0,34,34
BPP_300_200_0.2_0.7_4.txt.ins,84,83.0697,1.46056,OPT,2761,0,0,AI,0,0.0595238,3.20238,0.061244,1.30119,0,2,0,33,33
BPP_300_200_0.2_0.7_5.txt.ins,84,83.2907,1.73509,OPT,2761,0,0,AI,0,0.047619,3.22619,0.077987,1.53763,0,2,0,45,45
BPP_300_200_0.2_0.7_6.txt.ins,85,84.9547,0.640509,OPT,2011,0,0,AI,0,0.117647,2.89412,0.075226,0.51116,0,2,0,39,38
BPP_300_200_0.2_0.7_7.txt.ins,85,84.4054,2.32115,OPT,2754,0,0,AI,0,0.152941,2.83529,0.076334,2.06987,0,2,0,52,52
BPP_300_200_0.2_0.7_8.txt.ins,85,84.0307,1.44593,OPT,2582,0,0,AI,0,0.0823529,3.09412,0.077916,1.26767,0,2,0,34,34
BPP_300_200_0.2_0.7_9.txt.ins,85,84.1144,1.2854,OPT,2429,0,0,AI,0,0.117647,3.09412,0.073791,1.13536,0,2,0,43,43
BPP_300_200_0.2_0.8_0.txt.ins,88,87.9449,1.04167,OPT,2128,0,0,AI,0,0.0568182,3.02273,0.061352,0.918668,0,2,0,26,26
BPP_300_200_0.2_0.8_1.txt.ins,87,86.9794,12.2473,OPT,3965,152,20,AI,100,0.114943,2.93103,0.158533,10.9257,0,2,20,260,204
BPP_300_200_0.2_0.8_2.txt.ins,92,90.9835,5.99537,OPT,2957,75,1,ANI,75,0.0879121,2.92308,0.092876,5.4395,0,2,2,93,93
BPP_300_200_0.2_0.8_3.txt.ins,90,89.9828,26.8548,OPT,3712,230,40,AI,100,0.0666667,3.05556,0.135724,24.5324,0,2,40,243,234
BPP_300_200_0.2_0.8_4.txt.ins,91,90.9116,0.686125,OPT,2032,0,0,AI,0,0.10989,2.84615,0.055293,0.583195,0,2,0,38,36
BPP_300_200_0.2_0.8_5.txt.ins,91,90.8915,0.83584,OPT,2004,0,0,AI,0,0.120879,2.76923,0.067925,0.709851,0,2,0,35,32
BPP_300_200_0.2_0.8_6.txt.ins,89,88.4821,1.27614,OPT,2505,0,0,AI,0,0.101124,2.88764,0.0643,1.10984,0,2,0,42,42
BPP_300_200_0.2_0.8_7.txt.ins,88,87.489,1.18927,OPT,2562,0,0,AI,0,0.113636,2.96591,0.068752,1.02027,0,2,0,40,40
BPP_300_200_0.2_0.8_8.txt.ins,88,87.6076,1.23478,OPT,2511,0,0,AI,0,0.136364,2.86364,0.066971,1.07689,0,2,0,42,42
BPP_300_200_0.2_0.8_9.txt.ins,88,87.3235,1.29787,OPT,2674,0,0,AI,0,0.0795455,3.01136,0.072413,1.12496,0,2,0,37,37
BPP_300_300_0.1_0.7_0.txt.ins,77,76.0485,1.8985,OPT,3237,0,0,AI,0,0.0779221,3.5974,0.128074,1.61584,0,2,0,56,55
BPP_300_300_0.1_0.7_1.txt.ins,74,73.9817,0.855138,OPT,2408,0,0,AI,0,0,3.86486,0.132194,0.650233,0,2,0,63,63
BPP_300_300_0.1_0.7_2.txt.ins,74,73.5838,2.44179,OPT,3393,0,0,AI,0,0.0540541,3.60811,0.142354,2.12896,0,2,0,76,73
BPP_300_300_0.1_0.7_3.txt.ins,75,74.9252,0.752836,OPT,2463,0,0,AI,0,0,3.72,0.105473,0.57745,0,2,0,55,52
BPP_300_300_0.1_0.7_4.txt.ins,73,72.345,2.26116,OPT,3541,0,0,AI,0,0.0136986,3.87671,0.137823,1.95629,0,2,0,76,76
BPP_300_300_0.1_0.7_5.txt.ins,74,73.9739,1.04575,OPT,2542,0,0,AI,0,0.027027,3.71622,0.130643,0.825585,0,2,0,87,77
BPP_300_300_0.1_0.7_6.txt.ins,73,72.933,1.06193,OPT,2449,0,0,AI,0,0,3.89041,0.140937,0.82645,0,2,0,63,63
BPP_300_300_0.1_0.7_7.txt.ins,73,72.5869,2.0811,OPT,3268,0,0,AI,0,0.0136986,3.87671,0.131825,1.78339,0,2,0,78,70
BPP_300_300_0.1_0.7_8.txt.ins,72,71.9342,4.15933,OPT,3087,0,0,AI,0,0.0138889,3.83333,0.151089,3.76047,0,2,0,92,92
BPP_300_300_0.1_0.7_9.txt.ins,75,74.9893,30.9298,OPT,5640,176,20,AI,100,0.0266667,3.64,0.265244,28.7353,0,2,20,304,304
BPP_300_300_0.1_0.8_0.txt.ins,81,80.9332,1.81231,OPT,2005,0,0,AI,0,0.0246914,3.2716,0.104245,1.57336,0,2,0,55,55
BPP_300_300_0.1_0.8_1.txt.ins,81,80.9906,40.6857,OPT,4564,200,30,AI,100,0.0740741,3.32099,0.189716,38.0625,0,2,30,227,227
BPP_300_300_0.1_0.8_2.txt.ins,75,74.1702,1.80486,OPT,2921,0,0,AI,0,0.0666667,3.69333,0.109409,1.56528,0,2,0,50,50
BPP_300_300_0.1_0.8_3.txt.ins,82,81.9878,19.2961,OPT,4137,100,10,AI,100,0.0609756,3.09756,0.165517,17.9808,0,2,10,216,216
BPP_300_300_0.1_0.8_4.txt.ins,80,79.3093,1.63744,OPT,2908,0,0,AI,0,0.05,3.4,0.108742,1.40358,0,2,0,46,45
BPP_300_300_0.1_0.8_5.txt.ins,79,78.4595,2.05948,OPT,3334,0,0,AI,0,0.126582,3.36709,0.110095,1.79662,0,2,0,53,53
BPP_300_300_0.1_0.8_6.txt.ins,84,83.9123,1.05901,OPT,2146,0,0,AI,0,0.0595238,3.27381,0.10512,0.874085,0,2,0,52,52
BPP_300_300_0.1_0.8_7.txt.ins,83,82.307,1.81223,OPT,2968,0,0,AI,0,0.0361446,3.26506,0.104741,1.57347,0,2,0,47,47
BPP_300_300_0.1_0.8_8.txt.ins,84,83.3132,1.76841,OPT,2986,0,0,AI,0,0.047619,3.17857,0.113657,1.52265,0,2,0,47,47
BPP_300_300_0.1_0.8_9.txt.ins,80,79.219,2.12222,OPT,3230,0,0,AI,0,0.0125,3.4375,0.114631,1.84956,0,2,0,61,60
BPP_300_300_0.2_0.7_0.txt.ins,82,81.9618,6.43093,OPT,2648,0,0,AI,0,0.0121951,3.37805,0.101909,5.93036,0,2,0,80,80
BPP_300_300_0.2_0.7_1.txt.ins,84,83.0231,1.52584,OPT,2759,0,0,AI,0,0.047619,3.22619,0.083749,1.35216,0,2,0,36,36
BPP_300_300_0.2_0.7_2.txt.ins,83,82.1451,1.30223,OPT,2652,0,0,AI,0,0.0722892,3.25301,0.0761,1.12131,0,2,0,35,35
BPP_300_300_0.2_0.7_3.txt.ins,84,83.8413,0.767855,OPT,2110,0,0,AI,0,0.0833333,3.03571,0.078484,0.624611,0,2,0,31,31
BPP_300_300_0.2_0.7_4.txt.ins,81,80.9116,0.595751,OPT,1890,0,0,AI,0,0.0864198,3.17284,0.067779,0.478041,0,2,0,30,30
BPP_300_300_0.2_0.7_5.txt.ins,87,86.9766,1.34656,OPT,2577,0,0,AI,0,0.0574713,2.98851,0.077398,1.19924,0,2,0,36,36
BPP_300_300_0.2_0.7_6.txt.ins,81,80.9507,0.815734,OPT,2297,0,0,AI,0,0.0864198,3.18519,0.071544,0.677383,0,2,0,43,41
BPP_300_300_0.2_0.7_7.txt.ins,85,84.5461,1.29957,OPT,2569,0,0,AI,0,0.0705882,3.17647,0.065653,1.15016,0,2,0,33,33
BPP_300_300_0.2_0.7_8.txt.ins,82,81.2771,1.36158,OPT,2834,0,0,AI,0,0.0243902,3.41463,0.08874,1.1697,0,2,0,46,45
BPP_300_300_0.2_0.7_9.txt.ins,84,83.921,13.016,OPT,3253,100,10,AI,100,0.0238095,3.19048,0.116202,12.0248,0,2,10,124,124
BPP_300_300_0.2_0.8_0.txt.ins,93,92.2796,1.25511,OPT,2475,0,0,AI,0,0.0537634,2.89247,0.064805,1.11536,0,2,0,39,38
BPP_300_300_0.2_0.8_1.txt.ins,87,86.391,1.49215,OPT,2577,0,0,AI,0,0.091954,2.97701,0.068317,1.33907,0,2,0,37,37
BPP_300_300_0.2_0.8_2.txt.ins,90,89.4,0.984438,OPT,2038,0,0,AI,0,0.0222222,3.02222,0.048682,0.875766,0,2,0,29,29
BPP_300_300_0.2_0.8_3.txt.ins,89,88.2095,1.20278,OPT,2583,0,0,AI,0,0.191011,2.69663,0.06784,1.0482,0,2,0,36,36
BPP_300_300_0.2_0.8_4.txt.ins,90,89.0011,1.40725,OPT,2403,0,0,AI,0,0.0666667,2.73333,0.067833,1.25607,0,2,0,41,41
BPP_300_300_0.2_0.8_5.txt.ins,88,87.2311,1.77843,OPT,2788,0,0,AI,0,0.0909091,2.96591,0.065553,1.59882,0,2,0,44,44
BPP_300_300_0.2_0.8_6.txt.ins,85,84.958,0.729289,OPT,2162,0,0,AI,0,0.0470588,3.12941,0.080568,0.607774,0,2,0,43,42
BPP_300_300_0.2_0.8_7.txt.ins,91,90.1106,1.18078,OPT,2568,0,0,AI,0,0.175824,2.62637,0.068564,1.02331,0,2,0,35,35
BPP_300_300_0.2_0.8_8.txt.ins,87,86.4124,1.37027,OPT,2666,0,0,AI,0,0.0804598,2.94253,0.074457,1.20716,0,2,0,44,44
BPP_300_300_0.2_0.8_9.txt.ins,92,91.0398,1.32264,OPT,2498,0,0,AI,0,0.141304,2.67391,0.071314,1.1458,0,2,0,37,37
BPP_300_400_0.1_0.7_0.txt.ins,74,73.985,5.55602,OPT,3771,0,0,AI,0,0,3.74324,0.166252,5.11784,0,2,0,128,125
BPP_300_400_0.1_0.7_1.txt.ins,74,73.9961,5.52453,OPT,3447,0,0,AI,0,0.0135135,3.81081,0.159261,5.09824,0,2,0,97,97
BPP_300_400_0.1_0.7_2.txt.ins,73,72.9446,4.8949,OPT,2622,0,0,AI,0,0,3.80822,0.146381,4.47873,0,2,0,100,100
BPP_300_400_0.1_0.7_3.txt.ins,72,71.9431,3.03043,OPT,2709,0,0,AI,0,0.0138889,3.80556,0.120414,2.75485,0,2,0,81,81
BPP_300_400_0.1_0.7_4.txt.ins,78,77.0533,1.67189,OPT,3004,0,0,AI,0,0.025641,3.61538,0.110323,1.42793,0,2,0,60,56
BPP_300_400_0.1_0.7_5.txt.ins,71,70.9958,66.6052,OPT,8769,265,40,AI,100,0.0140845,4.01408,0.571063,61.2241,0,2,40,461,461
BPP_300_400_0.1_0.7_6.txt.ins,77,76.944,3.50702,OPT,2741,0,0,AI,0,0.025974,3.62338,0.137761,3.15329,0,2,0,94,85
BPP_300_400_0.1_0.7_7.txt.ins,73,72.9532,3.24389,OPT,2676,0,0,AI,0,0.0273973,3.82192,0.141661,2.90099,0,2,0,81,78
BPP_300_400_0.1_0.7_8.txt.ins,76,75.0843,2.31149,OPT,3144,0,0,AI,0,0.0526316,3.64474,0.142812,2.00867,0,2,0,54,54
BPP_300_400_0.1_0.7_9.txt.ins,76,75.9468,2.56155,OPT,2490,0,0,AI,0,0.0131579,3.67105,0.11865,2.29611,0,2,0,77,77
BPP_300_400_0.1_0.8_0.txt.ins,78,77.9711,0.9589,OPT,2599,0,0,AI,0,0,3.67949,0.112843,0.779926,0,2,0,53,53
BPP_300_400_0.1_0.8_1.txt.ins,83,82.2647,1.9639,OPT,3240,0,0,AI,0,0.120482,3.07229,0.12355,1.68201,0,2,0,64,64
BPP_300_400_0.1_0.8_2.txt.ins,81,80.8387,0.706964,OPT,1993,0,0,AI,0,0,3.38272,0.090769,0.55052,0,2,0,39,36
BPP_300_400_0.1_0.8_3.txt.ins,78,77.9896,16.9294,OPT,3661,100,10,AI,100,0.025641,3.5,0.179289,15.72,0,2,10,168,168
BPP_300_400_0.1_0.8_4.txt.ins,82,80.9989,3606,TLE,17216,1472,1780,?,100,0.0123457,3.51852,7.96832,3146.16,0,-1,3409,7010,5823
BPP_300_400_0.1_0.8_5.txt.ins,78,77.8578,0.698863,OPT,1942,0,0,AI,0,0.0897436,3.19231,0.092424,0.558429,0,2,0,38,38
BPP_300_400_0.1_0.8_6.txt.ins,80,79.981,1.12616,OPT,2683,0,0,AI,0,0.0375,3.3875,0.102663,0.952341,0,2,0,54,54
BPP_300_400_0.1_0.8_7.txt.ins,81,80.1922,1.88053,OPT,3012,0,0,AI,0,0.0493827,3.30864,0.117372,1.65769,0,2,0,40,40
BPP_300_400_0.1_0.8_8.txt.ins,80,79.8339,1.10876,OPT,2434,0,0,AI,0,0.0375,3.475,0.110579,0.929367,0,2,0,64,64
BPP_300_400_0.1_0.8_9.txt.ins,81,80.1152,1.96237,OPT,3037,0,0,AI,0,0.0740741,3.20988,0.102526,1.74669,0,2,0,52,49
BPP_300_400_0.2_0.7_0.txt.ins,84,83.8725,2.14438,OPT,2209,0,0,AI,0,0.0714286,3.14286,0.081418,1.93552,0,2,0,48,48
BPP_300_400_0.2_0.7_1.txt.ins,83,82.9978,1.86562,OPT,2306,0,0,AI,0,0.0963855,2.91566,0.08701,1.66243,0,2,0,48,48
BPP_300_400_0.2_0.7_2.txt.ins,83,82.9805,2.77538,OPT,2970,0,0,AI,0,0.060241,3.25301,0.0823,2.54475,0,2,0,58,58
BPP_300_400_0.2_0.7_3.txt.ins,83,82.9782,0.843936,OPT,2281,0,0,AI,0,0.0361446,3.26506,0.078397,0.708317,0,2,0,38,36
BPP_300_400_0.2_0.7_4.txt.ins,83,82.974,0.776047,OPT,2258,0,0,AI,0,0.0240964,3.3012,0.078587,0.642251,0,2,0,35,35
BPP_300_400_0.2_0.7_5.txt.ins,84,83.4817,1.07482,OPT,2663,0,0,AI,0,0.130952,3.02381,0.074299,0.923067,0,2,0,34,34
BPP_300_400_0.2_0.7_6.txt.ins,85,84.2228,2.58297,OPT,3066,0,0,AI,0,0.0823529,3.07059,0.087376,2.33159,0,2,0,61,59
BPP_300_400_0.2_0.7_7.txt.ins,84,83.01,1.7239,OPT,2980,0,0,AI,0,0.190476,2.80952,0.087025,1.52315,0,2,0,44,44
BPP_300_400_0.2_0.7_8.txt.ins,84,83.9539,0.835021,OPT,2016,0,0,AI,0,0.0714286,3.04762,0.073676,0.712532,0,2,0,30,30
BPP_300_400_0.2_0.7_9.txt.ins,82,81.9226,3.25841,OPT,2316,0,0,AI,0,0.0487805,3.28049,0.085649,2.97849,0,2,0,65,62
BPP_300_400_0.2_0.8_0.txt.ins,89,88.4226,2.40839,OPT,2571,0,0,AI,0,0.0449438,2.95506,0.082889,2.17222,0,2,0,42,42
BPP_300_400_0.2_0.8_1.txt.ins,88,87.9948,19.1414,OPT,3454,145,20,AI,100,0.102273,2.92045,0.13059,17.4407,0,2,20,110,110
BPP_300_400_0.2_0.8_2.txt.ins,86,85.9951,41.0245,OPT,3869,269,60,AI,100,0.0697674,3.16279,0.133609,37.8947,0,2,61,198,198
BPP_300_400_0.2_0.8_3.txt.ins,87,86.364,1.29452,OPT,2691,0,0,AI,0,0.045977,3,0.090857,1.10293,0,2,0,45,43
BPP_300_400_0.2_0.8_4.txt.ins,89,88.9062,1.39639,OPT,2445,0,0,AI,0,0.0674157,3,0.078322,1.23785,0,2,0,35,35
BPP_300_400_0.2_0.8_5.txt.ins,88,87.9821,8.09755,OPT,3290,0,0,AI,0,0.0681818,3.02273,0.096988,7.56079,0,2,0,95,95
BPP_300_400_0.2_0.8_6.txt.ins,87,86.9358,0.847497,OPT,2338,0,0,AI,0,0.103448,2.95402,0.083103,0.706086,0,2,0,35,35
BPP_300_400_0.2_0.8_7.txt.ins,88,87.3672,1.25393,OPT,2479,0,0,AI,0,0.102273,2.92045,0.067541,1.10114,0,2,0,41,38
BPP_300_400_0.2_0.8_8.txt.ins,90,89.1903,1.41065,OPT,2602,0,0,AI,0,0.0777778,2.95556,0.084572,1.24758,0,2,0,34,34
BPP_300_400_0.2_0.8_9.txt.ins,89,88.9068,4.74828,OPT,3036,0,0,AI,0,0.101124,2.85393,0.106646,4.336,0,2,0,94,89
BPP_300_500_0.1_0.7_0.txt.ins,76,74.9959,1151.27,OPT,14001,1390,473,ANI,100,0.0133333,3.68,1.50421,1074.63,0,2,600,2013,2013
BPP_300_500_0.1_0.7_1.txt.ins,76,75.0464,1.76199,OPT,3012,0,0,AI,0,0.0526316,3.64474,0.100625,1.54704,0,2,0,61,61
BPP_300_500_0.1_0.7_2.txt.ins,75,74.9549,5.02859,OPT,3042,0,0,AI,0,0.0133333,3.74667,0.142732,4.62125,0,2,0,122,120
BPP_300_500_0.1_0.7_3.txt.ins,74,73.2894,1.76862,OPT,3256,0,0,AI,0,0.0135135,3.81081,0.106918,1.55167,0,2,0,62,60
BPP_300_500_0.1_0.7_4.txt.ins,77,76.9506,4.20574,OPT,2813,0,0,AI,0,0.025974,3.54545,0.117828,3.86592,0,2,0,107,101
BPP_300_500_0.1_0.7_5.txt.ins,75,74.9001,1.04858,OPT,2213,0,0,AI,0,0.0266667,3.64,0.114824,0.878209,0,2,0,52,49
BPP_300_500_0.1_0.7_6.txt.ins,72,71.961,29.6517,OPT,4119,203,30,AI,100,0.0277778,3.80556,0.186326,27.6204,0,2,30,268,268
BPP_300_500_0.1_0.7_7.txt.ins,75,74.9008,0.810363,OPT,2400,0,0,AI,0,0.04,3.58667,0.097287,0.65511,0,2,0,58,58
BPP_300_500_0.1_0.7_8.txt.ins,77,76.9955,315.066,OPT,11171,650,180,AI,100,0.0519481,3.55844,0.864354,289.457,0,2,261,1076,1046
BPP_300_500_0.1_0.7_9.txt.ins,72,71.9735,1.31457,OPT,2569,0,0,AI,0,0.0555556,3.70833,0.149825,1.08319,0,2,0,63,62
BPP_300_500_0.1_0.8_0.txt.ins,83,82.9684,0.908037,OPT,2367,0,0,AI,0,0.0722892,3.06024,0.093026,0.753907,0,2,0,58,54
BPP_300_500_0.1_0.8_1.txt.ins,78,77.9526,39.388,OPT,4485,222,40,AI,100,0.0128205,3.57692,0.216248,36.334,0,2,40,370,370
BPP_300_500_0.1_0.8_2.txt.ins,78,77.0155,2.20847,OPT,3236,0,0,AI,0,0.0384615,3.55128,0.114867,1.97747,0,2,0,51,51
BPP_300_500_0.1_0.8_3.txt.ins,75,74.9859,1.12118,OPT,2379,0,0,AI,0,0.04,3.69333,0.133409,0.920826,0,2,0,71,62
BPP_300_500_0.1_0.8_4.txt.ins,80,79.9983,1.70704,OPT,3336,0,0,AI,0,0.025,3.475,0.127406,1.48166,0,2,0,56,56
BPP_300_500_0.1_0.8_5.txt.ins,83,82.3273,2.2883,OPT,3284,0,0,AI,0,0.0481928,3.15663,0.120923,2.02893,0,2,0,70,64
BPP_300_500_0.1_0.8_6.txt.ins,82,81.9228,2.79412,OPT,2581,0,0,AI,0,0.0243902,3.39024,0.111297,2.55197,0,2,0,80,75
BPP_300_500_0.1_0.8_7.txt.ins,77,76.9622,3.36233,OPT,2890,0,0,AI,0,0.012987,3.64935,0.116858,3.07493,0,2,0,83,83
BPP_300_500_0.1_0.8_8.txt.ins,78,77.9243,0.787439,OPT,2190,0,0,AI,0,0,3.4359,0.109433,0.618675,0,2,0,45,44
BPP_300_500_0.1_0.8_9.txt.ins,81,80.0508,1.36899,OPT,2724,0,0,AI,0,0.0617284,3.41975,0.10106,1.17224,0,2,0,50,48
BPP_300_500_0.2_0.7_0.txt.ins,84,83.9925,5.47772,OPT,2827,0,0,AI,0,0.0714286,3.13095,0.091686,5.11645,0,2,0,60,60
BPP_300_500_0.2_0.7_1.txt.ins,83,82.9684,0.951027,OPT,2532,0,0,AI,0,0.0963855,3.09639,0.079905,0.817118,0,2,0,36,36
BPP_300_500_0.2_0.7_2.txt.ins,85,83.9984,3600.25,TLE,12400,1929,2179,?,100,0.0357143,3.27381,4.80233,3232.38,0,-1,4096,6083,5340
BPP_300_500_0.2_0.7_3.txt.ins,83,82.1792,2.24916,OPT,2889,0,0,AI,0,0.156627,3,0.096735,2.0105,0,2,0,60,55
BPP_300_500_0.2_0.7_4.txt.ins,85,84.3863,1.65907,OPT,2838,0,0,AI,0,0.0823529,3.12941,0.088274,1.46551,0,2,0,35,35
BPP_300_500_0.2_0.7_5.txt.ins,85,84.1572,1.37558,OPT,2928,0,0,AI,0,0,3.35294,0.100592,1.17443,0,2,0,41,41
BPP_300_500_0.2_0.7_6.txt.ins,85,84.3468,1.97472,OPT,2831,0,0,AI,0,0.0235294,3.27059,0.087871,1.78188,0,2,0,39,39
BPP_300_500_0.2_0.7_7.txt.ins,81,80.1585,1.35654,OPT,2904,0,0,AI,0,0.0864198,3.30864,0.086824,1.17662,0,2,0,39,39
BPP_300_500_0.2_0.7_8.txt.ins,86,85.9228,0.527356,OPT,1878,0,0,AI,0,0.139535,2.81395,0.068281,0.419562,0,2,0,32,30
BPP_300_500_0.2_0.7_9.txt.ins,81,80.0123,1.30239,OPT,2875,0,0,AI,0,0.0246914,3.40741,0.092342,1.11874,0,2,0,39,39
BPP_300_500_0.2_0.8_0.txt.ins,87,86.5759,1.0575,OPT,2666,0,0,AI,0,0.137931,2.95402,0.080808,0.902589,0,2,0,48,45
BPP_300_500_0.2_0.8_1.txt.ins,88,87.867,0.853822,OPT,2026,0,0,AI,0,0.0340909,3.125,0.075545,0.726955,0,2,0,33,33
BPP_300_500_0.2_0.8_2.txt.ins,88,87.2753,1.53786,OPT,2536,0,0,AI,0,0.0795455,2.98864,0.09391,1.37532,0,2,0,38,38
BPP_300_500_0.2_0.8_3.txt.ins,90,89.8614,0.553407,OPT,1841,0,0,AI,0,0.0666667,2.96667,0.067239,0.447561,0,2,0,25,25
BPP_300_500_0.2_0.8_4.txt.ins,91,90.27,1.47725,OPT,2581,0,0,AI,0,0.164835,2.68132,0.094897,1.28984,0,2,0,36,36
BPP_300_500_0.2_0.8_5.txt.ins,91,90.9651,6.34513,OPT,2855,0,0,AI,0,0.0549451,2.83516,0.097159,5.88266,0,2,0,76,76
BPP_300_500_0.2_0.8_6.txt.ins,88,87.0699,2.30744,OPT,2880,0,0,AI,0,0.0795455,2.84091,0.08592,2.07262,0,2,0,54,54
BPP_300_500_0.2_0.8_7.txt.ins,86,85.9273,0.993439,OPT,2436,0,0,AI,0,0.104651,3.03488,0.090894,0.841386,0,2,0,39,39
BPP_300_500_0.2_0.8_8.txt.ins,89,88.6559,1.51544,OPT,2711,0,0,AI,0,0.101124,2.83146,0.086859,1.32143,0,2,0,39,38
BPP_300_500_0.2_0.8_9.txt.ins,86,85.9988,6.83225,OPT,3145,0,0,AI,0,0.0697674,2.98837,0.101514,6.35964,0,2,0,81,81
BPP_300_50_0.1_0.7_0.txt.ins,80,79.9569,1.54864,OPT,2142,0,0,AI,0,0.0125,3.4875,0.07852,1.38027,0,2,0,66,66
BPP_300_50_0.1_0.7_1.txt.ins,74,73.9665,2.4394,OPT,2563,0,0,AI,0,0.0135135,3.78378,0.080269,2.21487,0,2,0,83,81
BPP_300_50_0.1_0.7_2.txt.ins,75,74.9107,1.59061,OPT,2175,0,0,AI,0,0.0266667,3.62667,0.070632,1.40488,0,2,0,59,55
BPP_300_50_0.1_0.7_3.txt.ins,75,74.9636,0.97929,OPT,2478,0,0,AI,0,0.0133333,3.69333,0.084101,0.829289,0,2,0,57,57
BPP_300_50_0.1_0.7_4.txt.ins,74,73.9521,0.775316,OPT,2288,0,0,AI,0,0,3.78378,0.09096,0.628738,0,2,0,56,52
BPP_300_50_0.1_0.7_5.txt.ins,76,75.981,2.75813,OPT,2675,0,0,AI,0,0.0131579,3.67105,0.090668,2.50413,0,2,0,92,84
BPP_300_50_0.1_0.7_6.txt.ins,77,76.0206,1.26833,OPT,2284,0,0,AI,0,0.025974,3.49351,0.068804,1.12181,0,2,0,45,43
BPP_300_50_0.1_0.7_7.txt.ins,73,72.9994,4.97504,OPT,3237,0,0,AI,0,0,3.79452,0.105283,4.58367,0,2,0,142,134
BPP_300_50_0.1_0.7_8.txt.ins,79,78.8896,0.926999,OPT,2172,0,0,AI,0,0.0632911,3.25316,0.071413,0.793013,0,2,0,47,46
BPP_300_50_0.1_0.7_9.txt.ins,78,77.8735,0.54227,OPT,1823,0,0,AI,0,0.0641026,3.30769,0.054052,0.442488,0,2,0,40,39
BPP_300_50_0.1_0.8_0.txt.ins,82,81.2892,1.12158,OPT,2275,0,0,AI,0,0.0731707,3.20732,0.06586,0.999933,0,2,0,46,46
BPP_300_50_0.1_0.8_1.txt.ins,85,84.9554,0.792659,OPT,2027,0,0,AI,0,0.0588235,3.08235,0.062902,0.675061,0,2,0,40,40
BPP_300_50_0.1_0.8_2.txt.ins,79,78.9609,0.819079,OPT,2343,0,0,AI,0,0.0126582,3.51899,0.0775,0.688239,0,2,0,81,78
BPP_300_50_0.1_0.8_3.txt.ins,83,82.997,0.800049,OPT,2157,0,0,AI,0,0.060241,3.3012,0.062252,0.678657,0,2,0,50,45
BPP_300_50_0.1_0.8_4.txt.ins,83,82.0267,1.45612,OPT,2324,0,0,AI,0,0.0481928,3.21687,0.068762,1.30162,0,2,0,37,37
BPP_300_50_0.1_0.8_5.txt.ins,78,77.9689,0.95817,OPT,2437,0,0,AI,0,0.025641,3.5,0.080026,0.805509,0,2,0,65,60
BPP_300_50_0.1_0.8_6.txt.ins,79,78.9827,63.524,OPT,4518,304,60,AI,100,0.0506329,3.40506,0.151542,59.7533,0,2,60,331,331
BPP_300_50_0.1_0.8_7.txt.ins,80,79.9742,1.34374,OPT,2738,0,0,AI,0,0.025,3.4375,0.081072,1.1783,0,2,0,72,72
BPP_300_50_0.1_0.8_8.txt.ins,80,79.9661,6.45014,OPT,3152,0,0,AI,0,0.025,3.3125,0.081461,6.04878,0,2,0,100,92
BPP_300_50_0.1_0.8_9.txt.ins,81,80.9784,1.6555,OPT,2292,0,0,AI,0,0.0246914,3.39506,0.072319,1.51959,0,2,0,48,48
BPP_300_50_0.2_0.7_0.txt.ins,87,86.25,1.10417,OPT,2259,0,0,AI,0,0.0574713,3.02299,0.048555,0.987785,0,2,0,32,32
BPP_300_50_0.2_0.7_1.txt.ins,86,85.2736,2.11589,OPT,2545,0,0,AI,0,0.0930233,3.03488,0.053496,1.91655,0,2,0,53,53
BPP_300_50_0.2_0.7_2.txt.ins,85,83.9966,55.4812,OPT,4541,462,67,ANI,100,0.119048,2.97619,0.139415,51.5296,0,2,95,330,330
BPP_300_50_0.2_0.7_3.txt.ins,85,84.127,1.15598,OPT,2312,0,0,AI,0,0.0235294,3.24706,0.050659,1.03548,0,2,0,34,34
BPP_300_50_0.2_0.7_4.txt.ins,83,82.9433,0.773912,OPT,2072,0,0,AI,0,0.0722892,3,0.058203,0.659729,0,2,0,37,37
BPP_300_50_0.2_0.7_5.txt.ins,85,84.2644,1.10941,OPT,2221,0,0,AI,0,0.0352941,3.25882,0.041345,0.996593,0,2,0,32,29
BPP_300_50_0.2_0.7_6.txt.ins,86,85.9047,0.570044,OPT,1877,0,0,AI,0,0.0930233,2.98837,0.038932,0.487342,0,2,0,35,35
BPP_300_50_0.2_0.7_7.txt.ins,82,81.9353,0.763903,OPT,2162,0,0,AI,0,0.0365854,3.17073,0.051946,0.658302,0,2,0,40,37
BPP_300_50_0.2_0.7_8.txt.ins,83,82.9992,38.7339,OPT,4532,413,60,AI,100,0.0963855,3.13253,0.133184,35.6975,0,2,60,251,251
BPP_300_50_0.2_0.7_9.txt.ins,83,82.9518,0.548696,OPT,1814,0,0,AI,0,0.0963855,3.01205,0.051572,0.456286,0,2,0,35,35
BPP_300_50_0.2_0.8_0.txt.ins,90,88.9815,3600.7,TLE,16053,5833,3511,?,100,0.101124,2.98876,6.89611,2902.19,0,-1,6641,8942,8467
BPP_300_50_0.2_0.8_1.txt.ins,88,87.2556,1.12962,OPT,2092,0,0,AI,0,0.0113636,3.28409,0.044067,1.01642,0,2,0,31,30
BPP_300_50_0.2_0.8_2.txt.ins,92,91.3333,1.60288,OPT,2107,0,0,AI,0,0.0543478,2.96739,0.046232,1.43874,0,2,0,47,47
BPP_300_50_0.2_0.8_3.txt.ins,87,86.853,1.71699,OPT,2062,0,0,AI,0,0.0574713,3.05747,0.048855,1.55585,0,2,0,52,52
BPP_300_50_0.2_0.8_4.txt.ins,88,87.1371,0.989149,OPT,2253,0,0,AI,0,0.0909091,2.94318,0.044393,0.8615,0,2,0,34,34
BPP_300_50_0.2_0.8_5.txt.ins,90,89.3397,0.917885,OPT,1992,0,0,AI,0,0.0555556,2.97778,0.039305,0.816598,0,2,0,31,31
BPP_300_50_0.2_0.8_6.txt.ins,91,90.6143,0.745489,OPT,1783,0,0,AI,0,0.120879,2.75824,0.041263,0.645724,0,2,0,23,23
BPP_300_50_0.2_0.8_7.txt.ins,88,87.0829,1.21333,OPT,2365,0,0,AI,0,0.113636,2.92045,0.049661,1.08772,0,2,0,31,31
BPP_300_50_0.2_0.8_8.txt.ins,91,90.1333,0.73053,OPT,1738,0,0,AI,0,0.0549451,2.97802,0.033176,0.644477,0,2,0,21,21
BPP_300_50_0.2_0.8_9.txt.ins,89,88.1234,1.37276,OPT,2275,0,0,AI,0,0.0449438,2.86517,0.045459,1.23818,0,2,0,31,31
BPP_300_750_0.1_0.7_0.txt.ins,76,75.9356,0.932056,OPT,2260,0,0,AI,0,0.0131579,3.52632,0.107334,0.763509,0,2,0,52,51
BPP_300_750_0.1_0.7_1.txt.ins,73,71.9948,3603.83,TLE,22837,1502,1310,?,100,0.0138889,3.95833,9.39269,3051.14,0,-1,2478,5653,4989
BPP_300_750_0.1_0.7_2.txt.ins,77,76.904,1.28166,OPT,2454,0,0,AI,0,0.012987,3.5974,0.128508,1.08109,0,2,0,55,55
BPP_300_750_0.1_0.7_3.txt.ins,75,74.3198,3.34385,OPT,3438,0,0,AI,0,0.0133333,3.73333,0.160687,2.94489,0,2,0,92,91
BPP_300_750_0.1_0.7_4.txt.ins,74,73.9763,0.771349,OPT,2369,0,0,AI,0,0,3.7027,0.140513,0.565367,0,2,0,66,57
BPP_300_750_0.1_0.7_5.txt.ins,77,75.9955,3607.76,TLE,14490,1769,1580,?,100,0.0131579,3.75,5.86936,3300.33,0,-1,2939,5250,4544
BPP_300_750_0.1_0.7_6.txt.ins,76,75.2534,3.35423,OPT,3364,0,0,AI,0,0.0263158,3.76316,0.149347,3.00524,0,2,0,96,89
BPP_300_750_0.1_0.7_7.txt.ins,75,74.9823,3.54017,OPT,3156,0,0,AI,0,0.0266667,3.77333,0.137396,3.22777,0,2,0,88,88
BPP_300_750_0.1_0.7_8.txt.ins,74,73.9602,1.35937,OPT,2687,0,0,AI,0,0.027027,3.81081,0.132004,1.14864,0,2,0,63,60
BPP_300_750_0.1_0.7_9.txt.ins,75,74.9947,7.10959,OPT,3691,0,0,AI,0,0.0933333,3.49333,0.160874,6.63718,0,2,0,104,104
BPP_300_750_0.1_0.8_0.txt.ins,81,80.1324,1.56517,OPT,2973,0,0,AI,0,0.123457,3.1358,0.118443,1.35379,0,2,0,42,42
BPP_300_750_0.1_0.8_1.txt.ins,79,78.2788,1.91335,OPT,3034,0,0,AI,0,0.0379747,3.50633,0.123829,1.67765,0,2,0,59,57
BPP_300_750_0.1_0.8_2.txt.ins,81,80.8286,0.679666,OPT,2039,0,0,AI,0,0.0493827,3.2963,0.096734,0.536171,0,2,0,47,43
BPP_300_750_0.1_0.8_3.txt.ins,78,77.1714,3.87387,OPT,3751,0,0,AI,0,0.025641,3.57692,0.135744,3.53926,0,2,0,73,71
BPP_300_750_0.1_0.8_4.txt.ins,79,78.289,3.87418,OPT,3807,0,0,AI,0,0.0126582,3.55696,0.158209,3.49632,0,2,0,105,92
BPP_300_750_0.1_0.8_5.txt.ins,79,78.9902,1.54334,OPT,2974,0,0,AI,0,0.0632911,3.43038,0.124459,1.34018,0,2,0,58,58
BPP_300_750_0.1_0.8_6.txt.ins,82,81.1992,2.0276,OPT,3117,0,0,AI,0,0.0609756,3.34146,0.111038,1.79789,0,2,0,53,53
BPP_300_750_0.1_0.8_7.txt.ins,77,76.9699,1.14426,OPT,2455,0,0,AI,0,0.0519481,3.55844,0.117162,0.959884,0,2,0,50,50
BPP_300_750_0.1_0.8_8.txt.ins,79,78.9941,0.899294,OPT,2700,0,0,AI,0,0,3.56962,0.114467,0.71709,0,2,0,83,79
BPP_300_750_0.1_0.8_9.txt.ins,80,79.9377,3.42537,OPT,2684,0,0,AI,0,0.05,3.425,0.106556,3.15167,0,2,0,67,67
BPP_300_750_0.2_0.7_0.txt.ins,85,84.8929,3.08888,OPT,2277,0,0,AI,0,0.0470588,2.97647,0.083333,2.84581,0,2,0,57,57
BPP_300_750_0.2_0.7_1.txt.ins,85,84.3218,1.48266,OPT,2813,0,0,AI,0,0.0705882,3.02353,0.084745,1.31595,0,2,0,40,40
BPP_300_750_0.2_0.7_2.txt.ins,85,84.9504,5.40818,OPT,2978,0,0,AI,0,0.0588235,3.2,0.101854,5.05696,0,2,0,67,67
BPP_300_750_0.2_0.7_3.txt.ins,82,81.9022,0.692484,OPT,1970,0,0,AI,0,0.0853659,3.14634,0.078136,0.572931,0,2,0,40,37
BPP_300_750_0.2_0.7_4.txt.ins,86,85.3319,1.36775,OPT,2716,0,0,AI,0,0.116279,2.90698,0.073461,1.21556,0,2,0,37,37
BPP_300_750_0.2_0.7_5.txt.ins,85,84.1787,1.31725,OPT,2819,0,0,AI,0,0.0823529,3.05882,0.081821,1.15491,0,2,0,47,44
BPP_300_750_0.2_0.7_6.txt.ins,84,83.9201,0.64088,OPT,1964,0,0,AI,0,0.0595238,3.19048,0.071267,0.52625,0,2,0,29,29
BPP_300_750_0.2_0.7_7.txt.ins,85,84.9774,0.670542,OPT,2113,0,0,AI,0,0.0705882,3.01176,0.072755,0.556515,0,2,0,33,33
BPP_300_750_0.2_0.7_8.txt.ins,82,81.9707,2.2206,OPT,2707,0,0,AI,0,0.0731707,3.15854,0.095516,1.98912,0,2,0,64,64
BPP_300_750_0.2_0.7_9.txt.ins,86,85.9718,0.54767,OPT,2009,0,0,AI,0,0.0813953,3,0.071372,0.436703,0,2,0,35,35
BPP_300_750_0.2_0.8_0.txt.ins,90,89.3405,1.19409,OPT,2668,0,0,AI,0,0.111111,2.74444,0.085489,1.02653,0,2,0,49,45
BPP_300_750_0.2_0.8_1.txt.ins,87,86.9911,12.8566,OPT,3688,100,10,AI,100,0.149425,2.95402,0.111943,12.0422,0,2,10,135,135
BPP_300_750_0.2_0.8_2.txt.ins,91,90.1341,1.41876,OPT,2655,0,0,AI,0,0.10989,2.75824,0.087765,1.25147,0,2,0,34,34
BPP_300_750_0.2_0.8_3.txt.ins,88,87.4145,1.3533,OPT,2561,0,0,AI,0,0.0681818,2.96591,0.091881,1.1768,0,2,0,53,52
BPP_300_750_0.2_0.8_4.txt.ins,91,90.9498,0.673393,OPT,1892,0,0,AI,0,0.120879,2.75824,0.060399,0.566485,0,2,0,33,33
BPP_300_750_0.2_0.8_5.txt.ins,89,88.4749,1.38224,OPT,2628,0,0,AI,0,0.0898876,2.88764,0.083571,1.21474,0,2,0,36,36
BPP_300_750_0.2_0.8_6.txt.ins,89,88.9395,5.7594,OPT,2744,0,0,AI,0,0.0898876,2.92135,0.084537,5.36852,0,2,0,76,76
BPP_300_750_0.2_0.8_7.txt.ins,88,87.5443,1.26972,OPT,2391,0,0,AI,0,0.181818,2.76136,0.082122,1.10376,0,2,0,33,33
BPP_300_750_0.2_0.8_8.txt.ins,88,87.3124,1.35339,OPT,2886,0,0,AI,0,0.125,2.85227,0.092213,1.17962,0,2,0,38,38
BPP_300_750_0.2_0.8_9.txt.ins,91,90.4322,1.31383,OPT,2492,0,0,AI,0,0.131868,2.7033,0.083495,1.1466,0,2,0,35,35
BPP_300_75_0.1_0.7_0.txt.ins,71,70.982,18.0939,OPT,4417,100,10,AI,100,0.028169,3.84507,0.165829,16.9899,0,2,10,234,234
BPP_300_75_0.1_0.7_1.txt.ins,71,70.9275,2.36966,OPT,2595,0,0,AI,0,0.028169,3.71831,0.110102,2.11419,0,2,0,97,91
BPP_300_75_0.1_0.7_2.txt.ins,77,76.0565,1.19685,OPT,2273,0,0,AI,0,0.025974,3.55844,0.072976,1.05181,0,2,0,45,45
BPP_300_75_0.1_0.7_3.txt.ins,75,74.2239,1.39948,OPT,2755,0,0,AI,0,0.04,3.70667,0.079243,1.23753,0,2,0,56,56
BPP_300_75_0.1_0.7_4.txt.ins,71,70.9848,40.0615,OPT,5018,201,30,AI,100,0.028169,3.85915,0.192203,37.8798,0,2,30,360,351
BPP_300_75_0.1_0.7_5.txt.ins,73,72.1308,1.56285,OPT,2641,0,0,AI,0,0,4,0.096893,1.36503,0,2,0,68,61
BPP_300_75_0.1_0.7_6.txt.ins,74,73.3397,1.39161,OPT,2667,0,0,AI,0,0.0405405,3.85135,0.085385,1.20945,0,2,0,67,60
BPP_300_75_0.1_0.7_7.txt.ins,67,66.9876,6.78946,OPT,3306,0,0,AI,0,0,4.19403,0.130806,6.33889,0,2,0,144,135
BPP_300_75_0.1_0.7_8.txt.ins,77,76.1862,1.42519,OPT,2564,0,0,AI,0,0.012987,3.62338,0.073252,1.26228,0,2,0,49,44
BPP_300_75_0.1_0.7_9.txt.ins,72,71.3219,1.45899,OPT,2409,0,0,AI,0,0.0833333,3.625,0.088701,1.28029,0,2,0,46,46
BPP_300_75_0.1_0.8_0.txt.ins,80,79.2363,1.2867,OPT,2707,0,0,AI,0,0.0375,3.275,0.077069,1.11205,0,2,0,56,51
BPP_300_75_0.1_0.8_1.txt.ins,81,80.9734,1.99009,OPT,2342,0,0,AI,0,0.0740741,3.2716,0.083997,1.76714,0,2,0,73,72
BPP_300_75_0.1_0.8_2.txt.ins,83,82.9348,0.925629,OPT,2258,0,0,AI,0,0.0481928,3.27711,0.073121,0.813285,0,2,0,49,47
BPP_300_75_0.1_0.8_3.txt.ins,78,77.9968,80.4049,OPT,6158,532,80,AI,100,0.0384615,3.51282,0.258661,74.5339,0,2,81,478,477
BPP_300_75_0.1_0.8_4.txt.ins,83,82.9698,1.58224,OPT,1968,0,0,AI,0,0.060241,3.24096,0.078662,1.40212,0,2,0,46,45
BPP_300_75_0.1_0.8_5.txt.ins,79,78.9692,3.9305,OPT,2945,0,0,AI,0,0.0253165,3.36709,0.098861,3.60869,0,2,0,107,107
BPP_300_75_0.1_0.8_6.txt.ins,77,76.2882,1.16408,OPT,2569,0,0,AI,0,0.025974,3.63636,0.07785,1.00626,0,2,0,56,51
BPP_300_75_0.1_0.8_7.txt.ins,82,81.9993,40.129,OPT,7005,209,30,AI,100,0.0365854,3.46341,0.206641,37.274,0,2,30,374,374
BPP_300_75_0.1_0.8_8.txt.ins,81,80.923,3.75027,OPT,2380,0,0,AI,0,0.0246914,3.30864,0.073671,3.47271,0,2,0,82,82
BPP_300_75_0.1_0.8_9.txt.ins,78,77.9282,0.897428,OPT,2260,0,0,AI,0,0.0384615,3.47436,0.08202,0.755144,0,2,0,51,51
BPP_300_75_0.2_0.7_0.txt.ins,82,81.9879,9.03332,OPT,3286,0,0,AI,0,0.0243902,3.2561,0.079899,8.54695,0,2,0,82,80
BPP_300_75_0.2_0.7_1.txt.ins,83,82.0116,1.30575,OPT,2452,0,0,AI,0,0.0481928,3.10843,0.054092,1.17307,0,2,0,41,41
BPP_300_75_0.2_0.7_2.txt.ins,82,81.8728,0.88865,OPT,2170,0,0,AI,0,0.0365854,3.2561,0.058439,0.770748,0,2,0,37,32
BPP_300_75_0.2_0.7_3.txt.ins,83,82.9977,7.73996,OPT,3208,0,0,AI,0,0.0240964,3.19277,0.079787,7.27083,0,2,0,105,95
BPP_300_75_0.2_0.7_4.txt.ins,82,81.1797,1.37219,OPT,2663,0,0,AI,0,0.0487805,3.23171,0.069205,1.20702,0,2,0,44,41
BPP_300_75_0.2_0.7_5.txt.ins,84,83.2466,1.33473,OPT,2394,0,0,AI,0,0.0833333,2.9881,0.058974,1.18875,0,2,0,32,32
BPP_300_75_0.2_0.7_6.txt.ins,85,84.9766,0.664163,OPT,2088,0,0,AI,0,0.0470588,3.15294,0.053262,0.564801,0,2,0,33,32
BPP_300_75_0.2_0.7_7.txt.ins,84,83.9612,0.67718,OPT,2018,0,0,AI,0,0.0833333,2.9881,0.051673,0.576911,0,2,0,47,38
BPP_300_75_0.2_0.7_8.txt.ins,84,83.976,3.19312,OPT,2669,0,0,AI,0,0.119048,3.04762,0.066085,2.96255,0,2,0,59,59
BPP_300_75_0.2_0.7_9.txt.ins,84,83.1703,2.65793,OPT,2838,0,0,AI,0,0.047619,3.17857,0.071726,2.44268,0,2,0,51,51
BPP_300_75_0.2_0.8_0.txt.ins,88,87.9937,0.862504,OPT,2234,0,0,AI,0,0.0681818,2.88636,0.050892,0.759586,0,2,0,35,35
BPP_300_75_0.2_0.8_1.txt.ins,91,90.2132,1.21474,OPT,2339,0,0,AI,0,0.120879,2.89011,0.05572,1.0741,0,2,0,46,43
BPP_300_75_0.2_0.8_2.txt.ins,90,89.8198,2.5274,OPT,1987,0,0,AI,0,0.0444444,2.92222,0.054148,2.30518,0,2,0,45,45
BPP_300_75_0.2_0.8_3.txt.ins,91,90.14,0.987155,OPT,2177,0,0,AI,0,0.131868,2.82418,0.04459,0.879486,0,2,0,32,32
BPP_300_75_0.2_0.8_4.txt.ins,89,88.0581,1.2473,OPT,2373,0,0,AI,0,0.011236,3.22472,0.054007,1.10799,0,2,0,36,36
BPP_300_75_0.2_0.8_5.txt.ins,90,89.9476,9.49033,OPT,3474,175,20,AI,100,0.111111,2.85556,0.116436,8.46124,0,2,20,259,209
BPP_300_75_0.2_0.8_6.txt.ins,89,88.9082,0.649018,OPT,1929,0,0,AI,0,0.0786517,2.92135,0.055938,0.538876,0,2,0,34,34
BPP_300_75_0.2_0.8_7.txt.ins,86,85.896,2.37968,OPT,2237,0,0,AI,0,0.0697674,3.09302,0.056722,2.17738,0,2,0,52,51
BPP_300_75_0.2_0.8_8.txt.ins,90,89.2,1.46802,OPT,2131,0,0,AI,0,0.0777778,2.9,0.051189,1.3175,0,2,0,39,39
BPP_300_75_0.2_0.8_9.txt.ins,90,89.9486,0.67429,OPT,1974,0,0,AI,0,0.0666667,2.98889,0.051837,0.569616,0,2,0,34,34
