BPP_400_1000_0.1_0.7_0.txt.ins,101,100.872,1.79143,OPT,3397,0,0,AI,0,0.049505,3.56436,0.201141,1.5032,0,2,0,50,50
BPP_400_1000_0.1_0.7_1.txt.ins,100,99.9821,1.45227,OPT,3136,0,0,AI,0,0.07,3.44,0.200961,1.17525,0,2,0,57,57
BPP_400_1000_0.1_0.7_2.txt.ins,96,95.3171,3.52138,OPT,4994,0,0,AI,0,0.0208333,3.96875,0.263649,3.06577,0,2,0,77,77
BPP_400_1000_0.1_0.7_3.txt.ins,102,101.986,3.12642,OPT,4819,0,0,AI,0,0.0196078,3.59804,0.288541,2.687,0,2,0,74,74
BPP_400_1000_0.1_0.7_4.txt.ins,102,101.995,108.937,OPT,6305,139,30,AI,100,0.0196078,3.59804,0.382364,104.641,0,2,30,243,243
BPP_400_1000_0.1_0.7_5.txt.ins,99,98.985,23.8432,OPT,4600,0,0,AI,0,0.010101,3.81818,0.263408,22.8841,0,2,0,161,154
BPP_400_1000_0.1_0.7_6.txt.ins,97,96.0467,4.43359,OPT,4907,0,0,AI,0,0.0309278,3.76289,0.263204,3.96192,0,2,0,79,79
BPP_400_1000_0.1_0.7_7.txt.ins,101,100.979,8.85118,OPT,4515,0,0,AI,0,0.019802,3.67327,0.26756,8.25188,0,2,0,96,96
BPP_400_1000_0.1_0.7_8.txt.ins,97,96.9936,1.79482,OPT,3493,0,0,AI,0,0.0309278,3.83505,0.242298,1.45733,0,2,0,65,59
BPP_400_1000_0.1_0.7_9.txt.ins,99,98.9968,2.7928,OPT,4341,0,0,AI,0,0.020202,3.79798,0.28669,2.35801,0,2,0,90,90
BPP_400_1000_0.1_0.8_0.txt.ins,111,110.955,15.2886,OPT,4297,0,0,AI,0,0.0540541,3.27027,0.260167,14.4505,0,2,0,123,120
BPP_400_1000_0.1_0.8_1.txt.ins,106,105.354,4.65938,OPT,4749,0,0,AI,0,0.0471698,3.38679,0.257962,4.18489,0,2,0,69,69
BPP_400_1000_0.1_0.8_2.txt.ins,107,106.892,1.62481,OPT,3099,0,0,AI,0,0.0560748,3.23364,0.188254,1.35612,0,2,0,47,47
BPP_400_1000_0.1_0.8_3.txt.ins,103,102.25,3.44522,OPT,4733,0,0,AI,0,0.0194175,3.65049,0.222553,3.05131,0,2,0,67,67
BPP_400_1000_0.1_0.8_4.txt.ins,107,106.944,1.7881,OPT,3514,0,0,AI,0,0.121495,3.15888,0.21458,1.4795,0,2,0,62,62
BPP_400_1000_0.1_0.8_5.txt.ins,107,106.577,3.26722,OPT,4368,0,0,AI,0,0.0934579,3.33645,0.229159,2.86826,0,2,0,58,56
BPP_400_1000_0.1_0.8_6.txt.ins,106,105.923,5.9963,OPT,3614,0,0,AI,0,0.0377358,3.43396,0.240995,5.53899,0,2,0,91,91
BPP_400_1000_0.1_0.8_7.txt.ins,106,105.932,8.59139,OPT,4006,0,0,AI,0,0.0377358,3.26415,0.243085,8.03964,0,2,0,113,113
BPP_400_1000_0.1_0.8_8.txt.ins,106,105.986,156.733,OPT,7774,301,60,AI,100,0,3.50943,0.48575,149.026,0,2,60,486,486
BPP_400_1000_0.1_0.8_9.txt.ins,107,106.04,4.12728,OPT,4557,0,0,AI,0,0.046729,3.42056,0.22721,3.71986,0,2,0,71,68
BPP_400_1000_0.2_0.7_0.txt.ins,112,111.91,14.4775,OPT,3944,0,0,AI,0,0.0446429,3.16071,0.168367,13.78,0,2,0,98,94
BPP_400_1000_0.2_0.7_1.txt.ins,110,109.965,2.05618,OPT,3531,0,0,AI,0,0.0363636,3.08182,0.179401,1.78043,0,2,0,51,51
BPP_400_1000_0.2_0.7_2.txt.ins,112,111.224,3.49256,OPT,4106,0,0,AI,0,0.0803571,3.11607,0.16089,3.18317,0,2,0,47,44
BPP_400_1000_0.2_0.7_3.txt.ins,112,111.887,1.84548,OPT,3036,0,0,AI,0,0.0714286,3.05357,0.159863,1.60619,0,2,0,42,42
BPP_400_1000_0.2_0.7_4.txt.ins,113,112.521,3.70448,OPT,4321,0,0,AI,0,0.0973451,3.07965,0.178018,3.37173,0,2,0,49,49
BPP_400_1000_0.2_0.7_5.txt.ins,112,111.848,5.32781,OPT,3324,0,0,AI,0,0.0535714,3.08036,0.152525,4.96959,0,2,0,53,53
BPP_400_1000_0.2_0.7_6.txt.ins,112,111.621,2.82926,OPT,4111,0,0,AI,0,0.0357143,3.28571,0.171291,2.53213,0,2,0,63,57
BPP_400_1000_0.2_0.7_7.txt.ins,111,109.989,3600.58,TLE,12463,1613,1357,?,100,0.00909091,3.41818,5.06136,3328.98,0,-1,2528,3945,3518
BPP_400_1000_0.2_0.7_8.txt.ins,113,112.969,14.7208,OPT,4151,0,0,AI,0,0.0707965,3.09735,0.196888,14.0633,0,2,0,78,78
BPP_400_1000_0.2_0.7_9.txt.ins,111,110.403,7.12363,OPT,4749,0,0,AI,0,0.0540541,3.31532,0.197276,6.64998,0,2,0,75,75
BPP_400_1000_0.2_0.8_0.txt.ins,119,118.933,1.80371,OPT,2988,0,0,AI,0,0.092437,2.88235,0.141579,1.58094,0,2,0,41,41
BPP_400_1000_0.2_0.8_1.txt.ins,119,118.185,2.81194,OPT,3730,0,0,AI,0,0.0588235,2.96639,0.156647,2.53392,0,2,0,41,41
BPP_400_1000_0.2_0.8_2.txt.ins,118,117.176,2.9301,OPT,3900,0,0,AI,0,0.152542,2.74576,0.170836,2.6227,0,2,0,44,44
BPP_400_1000_0.2_0.8_3.txt.ins,117,116.864,3.83809,OPT,3054,0,0,AI,0,0.0598291,3.10256,0.134741,3.54479,0,2,0,40,40
BPP_400_1000_0.2_0.8_4.txt.ins,116,115.982,6.71105,OPT,3761,0,0,AI,0,0.0258621,3.00862,0.180623,6.27607,0,2,0,63,63
BPP_400_1000_0.2_0.8_5.txt.ins,118,117.604,3.0908,OPT,3908,0,0,AI,0,0.101695,2.94068,0.180506,2.76759,0,2,0,48,48
BPP_400_1000_0.2_0.8_6.txt.ins,117,116.027,3.06766,OPT,3790,0,0,AI,0,0.136752,2.8547,0.17104,2.7635,0,2,0,40,40
BPP_400_1000_0.2_0.8_7.txt.ins,116,115.937,2.02584,OPT,3050,0,0,AI,0,0.0948276,2.93966,0.137918,1.80884,0,2,0,41,41
BPP_400_1000_0.2_0.8_8.txt.ins,118,117.332,3.23074,OPT,3905,0,0,AI,0,0.127119,2.86441,0.164281,2.91309,0,2,0,49,49
BPP_400_1000_0.2_0.8_9.txt.ins,116,115.587,3.10882,OPT,3869,0,0,AI,0,0.0689655,3.06034,0.166013,2.80554,0,2,0,48,45
BPP_400_100_0.1_0.7_0.txt.ins,98,97.9581,1.65785,OPT,3510,0,0,AI,0,0,3.7551,0.181897,1.37251,0,2,0,78,72
BPP_400_100_0.1_0.7_1.txt.ins,98,97.9276,1.97546,OPT,3609,0,0,AI,0,0.0408163,3.68367,0.17046,1.7115,0,2,0,72,71
BPP_400_100_0.1_0.7_2.txt.ins,100,99.9828,2.95505,OPT,4097,0,0,AI,0,0.05,3.57,0.155824,2.67949,0,2,0,66,66
BPP_400_100_0.1_0.7_3.txt.ins,99,98.9981,3.0018,OPT,4470,0,0,AI,0,0.020202,3.71717,0.17995,2.68915,0,2,0,102,102
BPP_400_100_0.1_0.7_4.txt.ins,101,100.939,14.7173,OPT,4443,0,0,AI,0,0.049505,3.50495,0.207283,13.932,0,2,0,144,141
BPP_400_100_0.1_0.7_5.txt.ins,100,99.0461,3.21295,OPT,4079,0,0,AI,0,0.09,3.48,0.144302,2.914,0,2,0,63,63
BPP_400_100_0.1_0.7_6.txt.ins,99,98.4096,5.57523,OPT,3999,0,0,AI,0,0.020202,3.71717,0.159724,5.16016,0,2,0,96,94
BPP_400_100_0.1_0.7_7.txt.ins,98,97.9773,5.76637,OPT,3683,0,0,AI,0,0.0306122,3.57143,0.18391,5.30629,0,2,0,112,111
BPP_400_100_0.1_0.7_8.txt.ins,103,102.974,2.72138,OPT,3982,0,0,AI,0,0.0194175,3.62136,0.149213,2.43566,0,2,0,65,65
BPP_400_100_0.1_0.7_9.txt.ins,102,101.925,1.74732,OPT,3439,0,0,AI,0,0.0294118,3.70588,0.162782,1.48708,0,2,0,76,69
BPP_400_100_0.1_0.8_0.txt.ins,106,105.963,10.0586,OPT,3696,0,0,AI,0,0.0377358,3.36792,0.170627,9.48828,0,2,0,102,101
BPP_400_100_0.1_0.8_1.txt.ins,104,103.881,17.7846,OPT,4068,0,0,AI,0,0.0288462,3.51923,0.164074,16.9722,0,2,0,143,135
BPP_400_100_0.1_0.8_2.txt.ins,109,108.747,3.33689,OPT,4235,0,0,AI,0,0.0366972,3.33028,0.137833,3.04451,0,2,0,84,80
BPP_400_100_0.1_0.8_3.txt.ins,109,108.104,3.61214,OPT,3898,0,0,AI,0,0.00917431,3.31193,0.135409,3.31145,0,2,0,58,58
BPP_400_100_0.1_0.8_4.txt.ins,107,105.992,3601.08,TLE,21034,3147,1201,?,100,0.0660377,3.43396,3.49185,3281.85,0,-1,1621,3747,3747
BPP_400_100_0.1_0.8_5.txt.ins,109,108.22,2.39658,OPT,3700,0,0,AI,0,0.100917,3.21101,0.120558,2.1505,0,2,0,48,47
BPP_400_100_0.1_0.8_6.txt.ins,108,107.075,2.86566,OPT,3803,0,0,AI,0,0.0648148,3.28704,0.141632,2.58427,0,2,0,56,54
BPP_400_100_0.1_0.8_7.txt.ins,107,106.047,3.28621,OPT,3765,0,0,AI,0,0.0373832,3.3271,0.139521,3.01035,0,2,0,44,44
BPP_400_100_0.1_0.8_8.txt.ins,102,101.189,5.71863,OPT,3913,0,0,AI,0,0.0294118,3.48039,0.167852,5.29372,0,2,0,80,80
BPP_400_100_0.1_0.8_9.txt.ins,104,103.994,55.342,OPT,6729,190,20,AI,100,0.0192308,3.60577,0.272929,52.8717,0,2,21,266,266
BPP_400_100_0.2_0.7_0.txt.ins,109,108.43,2.72718,OPT,3782,0,0,AI,0,0.0366972,3.31193,0.115618,2.48835,0,2,0,44,44
BPP_400_100_0.2_0.7_1.txt.ins,111,110.362,3.77983,OPT,3729,0,0,AI,0,0.00900901,3.25225,0.092896,3.54365,0,2,0,46,46
BPP_400_100_0.2_0.7_2.txt.ins,111,110.869,1.14704,OPT,2926,0,0,AI,0,0.0540541,3.11712,0.094758,0.985889,0,2,0,41,39
BPP_400_100_0.2_0.7_3.txt.ins,111,110.959,4.95979,OPT,3502,0,0,AI,0,0.0900901,3.00901,0.099982,4.66249,0,2,0,61,61
BPP_400_100_0.2_0.7_4.txt.ins,111,110.98,1.2887,OPT,3012,0,0,AI,0,0.027027,3.21622,0.103482,1.11319,0,2,0,42,42
BPP_400_100_0.2_0.7_5.txt.ins,112,111.926,5.13028,OPT,3566,0,0,AI,0,0.116071,2.97321,0.107043,4.8097,0,2,0,57,57
BPP_400_100_0.2_0.7_6.txt.ins,112,111.865,5.6217,OPT,3376,0,0,AI,0,0.0625,3.00893,0.119319,5.25311,0,2,0,80,77
BPP_400_100_0.2_0.7_7.txt.ins,109,108.334,3.01693,OPT,3836,0,0,AI,0,0.0825688,3.13761,0.10519,2.7884,0,2,0,55,55
BPP_400_100_0.2_0.7_8.txt.ins,111,110.878,1.23562,OPT,2889,0,0,AI,0,0.171171,2.83784,0.096796,1.07489,0,2,0,47,45
BPP_400_100_0.2_0.7_9.txt.ins,111,110.298,3.50604,OPT,4001,0,0,AI,0,0.0630631,3.14414,0.113192,3.26124,0,2,0,56,53
BPP_400_100_0.2_0.8_0.txt.ins,119,118.949,1.1143,OPT,2622,0,0,AI,0,0.0840336,2.89916,0.084096,0.965725,0,2,0,30,30
BPP_400_100_0.2_0.8_1.txt.ins,120,119.214,1.57939,OPT,2809,0,0,AI,0,0.05,3.04167,0.086671,1.41574,0,2,0,30,30
BPP_400_100_0.2_0.8_2.txt.ins,118,117,3600.83,TLE,11199,3263,2170,?,100,0.136752,2.97436,3.07485,3283.84,0,-1,4114,5672,4990
BPP_400_100_0.2_0.8_3.txt.ins,116,116,5.0366,OPT,3869,0,0,AI,0,0.0431034,3.09483,0.113403,4.7043,0,2,0,71,71
BPP_400_100_0.2_0.8_4.txt.ins,118,117.265,2.21905,OPT,3469,0,0,AI,0,0.110169,2.82203,0.093228,2.019,0,2,0,42,42
BPP_400_100_0.2_0.8_5.txt.ins,117,116.974,10.5551,OPT,4102,0,0,AI,0,0.0854701,2.99145,0.133257,9.91389,0,2,0,117,117
BPP_400_100_0.2_0.8_6.txt.ins,119,118.23,2.0768,OPT,3447,0,0,AI,0,0.168067,2.78151,0.087471,1.88551,0,2,0,43,42
BPP_400_100_0.2_0.8_7.txt.ins,119,118.999,1.53067,OPT,3114,0,0,AI,0,0.117647,2.78992,0.100527,1.35694,0,2,0,43,43
BPP_400_100_0.2_0.8_8.txt.ins,117,116.937,8.63613,OPT,3374,0,0,AI,0,0.102564,2.94872,0.1099,8.1648,0,2,0,71,71
BPP_400_100_0.2_0.8_9.txt.ins,120,119.474,1.93632,OPT,3143,0,0,AI,0,0.166667,2.78333,0.092871,1.75447,0,2,0,37,37
BPP_400_120_0.1_0.7_0.txt.ins,100,99.9855,42.0711,OPT,5783,100,10,AI,100,0.04,3.47,0.233346,40.4985,0,2,10,227,226
BPP_400_120_0.1_0.7_1.txt.ins,97,96.9344,2.08762,OPT,3977,0,0,AI,0,0.0721649,3.65979,0.195042,1.78045,0,2,0,88,85
BPP_400_120_0.1_0.7_2.txt.ins,100,99.9666,46.6907,OPT,5582,100,10,AI,100,0.05,3.62,0.214933,45.0708,0,2,10,188,188
BPP_400_120_0.1_0.7_3.txt.ins,98,97.8324,1.79799,OPT,3469,0,0,AI,0,0.0204082,3.69388,0.180363,1.52199,0,2,0,63,60
BPP_400_120_0.1_0.7_4.txt.ins,99,98.9464,13.6004,OPT,4510,0,0,AI,0,0.0707071,3.52525,0.183374,12.8922,0,2,0,154,154
BPP_400_120_0.1_0.7_5.txt.ins,98,97.9881,1.61104,OPT,3319,0,0,AI,0,0.0102041,3.7551,0.15324,1.37102,0,2,0,54,49
BPP_400_120_0.1_0.7_6.txt.ins,100,99.0703,2.92945,OPT,3754,0,0,AI,0,0.02,3.74,0.153176,2.64337,0,2,0,56,51
BPP_400_120_0.1_0.7_7.txt.ins,99,98.9864,27.9947,OPT,5040,0,0,AI,0,0.020202,3.77778,0.202869,26.9633,0,2,0,169,169
BPP_400_120_0.1_0.7_8.txt.ins,97,96.9378,9.54419,OPT,3729,0,0,AI,0,0.0103093,3.68041,0.17479,9.01102,0,2,0,116,115
BPP_400_120_0.1_0.7_9.txt.ins,99,98.9911,18.708,OPT,5462,0,0,AI,0,0.030303,3.78788,0.200281,17.8995,0,2,0,129,129
BPP_400_120_0.1_0.8_0.txt.ins,106,105.877,1.68054,OPT,2864,0,0,AI,0,0.0377358,3.43396,0.140881,1.45748,0,2,0,54,44
BPP_400_120_0.1_0.8_1.txt.ins,106,105.88,5.429,OPT,3407,0,0,AI,0,0.0849057,3.23585,0.160967,5.04136,0,2,0,85,82
BPP_400_120_0.1_0.8_2.txt.ins,107,106.984,1.85695,OPT,3331,0,0,AI,0,0.0373832,3.47664,0.13574,1.62656,0,2,0,64,63
BPP_400_120_0.1_0.8_3.txt.ins,106,105.96,1.80864,OPT,3545,0,0,AI,0,0.0566038,3.37736,0.146138,1.56414,0,2,0,64,64
BPP_400_120_0.1_0.8_4.txt.ins,104,103.795,1.56786,OPT,3098,0,0,AI,0,0.0288462,3.53846,0.136002,1.34832,0,2,0,70,59
BPP_400_120_0.1_0.8_5.txt.ins,110,109.788,1.50832,OPT,2964,0,0,AI,0,0.0272727,3.31818,0.127617,1.29759,0,2,0,44,44
BPP_400_120_0.1_0.8_6.txt.ins,106,105.976,7.57541,OPT,4181,0,0,AI,0,0.0471698,3.28302,0.169819,7.11316,0,2,0,97,97
BPP_400_120_0.1_0.8_7.txt.ins,108,107.242,2.54826,OPT,3460,0,0,AI,0,0.0833333,3.26852,0.127498,2.28562,0,2,0,48,46
BPP_400_120_0.1_0.8_8.txt.ins,106,105.883,1.7569,OPT,3066,0,0,AI,0,0.0283019,3.37736,0.132543,1.53885,0,2,0,52,50
BPP_400_120_0.1_0.8_9.txt.ins,108,107.287,3.14126,OPT,3951,0,0,AI,0,0.0925926,3.27778,0.136111,2.86178,0,2,0,60,60
BPP_400_120_0.2_0.7_0.txt.ins,113,112.419,6.61142,OPT,3937,0,0,AI,0,0.0442478,3.18584,0.111083,6.24812,0,2,0,61,61
BPP_400_120_0.2_0.7_1.txt.ins,112,111.099,3.56894,OPT,3881,0,0,AI,0,0.0714286,3.11607,0.114739,3.30916,0,2,0,49,49
BPP_400_120_0.2_0.7_2.txt.ins,115,114.927,4.05162,OPT,3142,0,0,AI,0,0.0347826,3.08696,0.108151,3.76162,0,2,0,49,49
BPP_400_120_0.2_0.7_3.txt.ins,110,109.018,3.21918,OPT,3916,0,0,AI,0,0.0545455,3.1,0.115403,2.97237,0,2,0,54,54
BPP_400_120_0.2_0.7_4.txt.ins,112,111.914,8.48746,OPT,3740,0,0,AI,0,0.0178571,3.19643,0.121747,8.03757,0,2,0,81,70
BPP_400_120_0.2_0.7_5.txt.ins,113,112.952,1.43881,OPT,3019,0,0,AI,0,0.0265487,3.16814,0.09994,1.27291,0,2,0,35,35
BPP_400_120_0.2_0.7_6.txt.ins,114,113.13,2.6777,OPT,3576,0,0,AI,0,0.0701754,3.14035,0.103254,2.46091,0,2,0,45,45
BPP_400_120_0.2_0.7_7.txt.ins,110,109.836,7.08509,OPT,3141,0,0,AI,0,0.0636364,3.18182,0.109108,6.68194,0,2,0,77,77
BPP_400_120_0.2_0.7_8.txt.ins,113,112.884,1.52983,OPT,2984,0,0,AI,0,0.0884956,2.95575,0.100351,1.35835,0,2,0,38,38
BPP_400_120_0.2_0.7_9.txt.ins,111,110.841,13.3152,OPT,3639,0,0,AI,0,0.0720721,3.07207,0.118,12.6848,0,2,0,85,85
BPP_400_120_0.2_0.8_0.txt.ins,115,114.976,13.7095,OPT,4063,0,0,AI,0,0.0608696,3.06957,0.118105,13.04,0,2,0,101,95
BPP_400_120_0.2_0.8_1.txt.ins,120,119.116,2.30648,OPT,3463,0,0,AI,0,0.125,2.88333,0.100016,2.10022,0,2,0,41,39
BPP_400_120_0.2_0.8_2.txt.ins,118,117.149,6.30685,OPT,3996,0,0,AI,0,0.0762712,2.87288,0.121259,5.93707,0,2,0,68,68
BPP_400_120_0.2_0.8_3.txt.ins,117,116.066,3.35582,OPT,3641,0,0,AI,0,0.0854701,2.94872,0.103134,3.11386,0,2,0,41,41
BPP_400_120_0.2_0.8_4.txt.ins,121,120.85,1.22672,OPT,2525,0,0,AI,0,0.14876,2.79339,0.0796,1.08412,0,2,0,28,28
BPP_400_120_0.2_0.8_5.txt.ins,120,119.089,2.269,OPT,3610,0,0,AI,0,0.108333,2.7,0.095541,2.06821,0,2,0,38,38
BPP_400_120_0.2_0.8_6.txt.ins,118,117.994,12.0316,OPT,4098,100,10,AI,100,0.101695,2.9661,0.117812,11.2126,0,2,10,97,97
BPP_400_120_0.2_0.8_7.txt.ins,117,116.968,2.04912,OPT,3348,0,0,AI,0,0.0683761,2.95726,0.105156,1.85258,0,2,0,56,52
BPP_400_120_0.2_0.8_8.txt.ins,120,119.18,1.51886,OPT,2933,0,0,AI,0,0,3.18333,0.086965,1.3494,0,2,0,38,38
BPP_400_120_0.2_0.8_9.txt.ins,118,117.083,2.2025,OPT,3364,0,0,AI,0,0.059322,3,0.112178,1.99321,0,2,0,32,32
BPP_400_125_0.1_0.7_0.txt.ins,101,100.975,2.33914,OPT,4109,0,0,AI,0,0.0594059,3.50495,0.171647,2.05823,0,2,0,64,64
BPP_400_125_0.1_0.7_1.txt.ins,98,97.8908,4.88345,OPT,3266,0,0,AI,0,0.0306122,3.55102,0.157638,4.52208,0,2,0,78,78
BPP_400_125_0.1_0.7_2.txt.ins,97,96.1165,3.02101,OPT,3724,0,0,AI,0,0.0103093,3.87629,0.163466,2.72077,0,2,0,59,59
BPP_400_125_0.1_0.7_3.txt.ins,99,98.9897,68.0987,OPT,7141,225,30,AI,100,0.020202,3.70707,0.305872,65.1961,0,2,30,405,403
BPP_400_125_0.1_0.7_4.txt.ins,101,100.901,13.1269,OPT,4050,0,0,AI,0,0.00990099,3.68317,0.194199,12.4922,0,2,0,125,123
BPP_400_125_0.1_0.7_5.txt.ins,100,99.2536,2.94177,OPT,3771,0,0,AI,0,0.08,3.46,0.153448,2.66272,0,2,0,47,47
BPP_400_125_0.1_0.7_6.txt.ins,101,100.176,3.41375,OPT,4058,0,0,AI,0,0.019802,3.64356,0.182045,3.07177,0,2,0,71,65
BPP_400_125_0.1_0.7_7.txt.ins,99,98.8879,1.30041,OPT,3148,0,0,AI,0,0,3.76768,0.166462,1.0523,0,2,0,62,58
BPP_400_125_0.1_0.7_8.txt.ins,102,101.937,20.0375,OPT,4678,0,0,AI,0,0.0588235,3.47059,0.203458,19.1563,0,2,0,164,163
BPP_400_125_0.1_0.7_9.txt.ins,98,97.1702,3.16637,OPT,3585,0,0,AI,0,0.0408163,3.69388,0.179537,2.85275,0,2,0,55,53
BPP_400_125_0.1_0.8_0.txt.ins,105,104.079,3.24445,OPT,4001,0,0,AI,0,0.00952381,3.52381,0.150202,2.95386,0,2,0,56,52
BPP_400_125_0.1_0.8_1.txt.ins,111,110.109,3.17025,OPT,3882,0,0,AI,0,0.036036,3.36036,0.134919,2.89303,0,2,0,58,55
BPP_400_125_0.1_0.8_2.txt.ins,104,103.984,28.8258,OPT,5511,0,0,AI,0,0.00961538,3.53846,0.232406,27.6855,0,2,0,194,194
BPP_400_125_0.1_0.8_3.txt.ins,111,110.034,2.70682,OPT,3766,0,0,AI,0,0.0630631,3.17117,0.141192,2.43145,0,2,0,53,49
BPP_400_125_0.1_0.8_4.txt.ins,105,104.994,98.2295,OPT,9233,309,40,AI,100,0.0285714,3.46667,0.34772,93.5333,0,2,40,394,394
BPP_400_125_0.1_0.8_5.txt.ins,107,106.037,3.73845,OPT,4334,0,0,AI,0,0.0373832,3.36449,0.161449,3.41691,0,2,0,79,76
BPP_400_125_0.1_0.8_6.txt.ins,106,105.188,3.498,OPT,3993,0,0,AI,0,0.0566038,3.35849,0.159536,3.17035,0,2,0,69,69
BPP_400_125_0.1_0.8_7.txt.ins,106,105.989,26.5237,OPT,4152,100,10,AI,100,0.0377358,3.34906,0.207515,25.2796,0,2,10,173,173
BPP_400_125_0.1_0.8_8.txt.ins,108,107.868,8.42127,OPT,3616,0,0,AI,0,0.0740741,3.22222,0.172917,7.8968,0,2,0,110,104
BPP_400_125_0.1_0.8_9.txt.ins,106,105.991,250.307,OPT,19091,570,80,AI,100,0.0377358,3.53774,1.27517,230.751,0,2,80,1104,1104
BPP_400_125_0.2_0.7_0.txt.ins,111,110.995,7.54227,OPT,3963,0,0,AI,0,0.0810811,3.12613,0.128217,7.14889,0,2,0,74,74
BPP_400_125_0.2_0.7_1.txt.ins,111,110.954,2.17463,OPT,3569,0,0,AI,0,0.0810811,3.10811,0.134051,1.9499,0,2,0,41,41
BPP_400_125_0.2_0.7_2.txt.ins,110,109.426,3.21721,OPT,3689,0,0,AI,0,0.0545455,3.3,0.111648,2.98325,0,2,0,47,47
BPP_400_125_0.2_0.7_3.txt.ins,114,113.971,3.35142,OPT,2997,0,0,AI,0,0.114035,3.0614,0.120482,3.06394,0,2,0,56,54
BPP_400_125_0.2_0.7_4.txt.ins,114,113.091,2.77104,OPT,3401,0,0,AI,0,0.0614035,3.0614,0.113004,2.54427,0,2,0,36,36
BPP_400_125_0.2_0.7_5.txt.ins,111,110.988,27.6526,OPT,4366,95,10,AI,95,0.045045,3.23423,0.159469,26.2206,0,2,10,126,126
BPP_400_125_0.2_0.7_6.txt.ins,109,108.045,2.56517,OPT,3847,0,0,AI,0,0.0550459,3.37615,0.120052,2.33476,0,2,0,45,41
BPP_400_125_0.2_0.7_7.txt.ins,109,108.886,1.23171,OPT,2738,0,0,AI,0,0.0458716,3.24771,0.115459,1.05735,0,2,0,35,34
BPP_400_125_0.2_0.7_8.txt.ins,111,110.102,3.38045,OPT,3837,0,0,AI,0,0.045045,3.32432,0.124229,3.14404,0,2,0,38,38
BPP_400_125_0.2_0.7_9.txt.ins,112,111.283,3.55054,OPT,3826,0,0,AI,0,0.0446429,3.3125,0.11104,3.3072,0,2,0,51,50
BPP_400_125_0.2_0.8_0.txt.ins,116,115.907,11.0611,OPT,3624,0,0,AI,0,0.0689655,3.00862,0.119888,10.4815,0,2,0,99,99
BPP_400_125_0.2_0.8_1.txt.ins,120,119.419,2.44813,OPT,3475,0,0,AI,0,0.125,2.79167,0.113439,2.20937,0,2,0,51,51
BPP_400_125_0.2_0.8_2.txt.ins,118,117.18,5.86623,OPT,3642,0,0,AI,0,0.059322,3.0339,0.118745,5.52325,0,2,0,54,54
BPP_400_125_0.2_0.8_3.txt.ins,118,117.914,1.28756,OPT,2918,0,0,AI,0,0.059322,3.08475,0.101603,1.11821,0,2,0,45,44
BPP_400_125_0.2_0.8_4.txt.ins,122,121,7.8257,OPT,3751,20,1,ANI,20,0.0743802,2.96694,0.122019,7.30041,0,2,2,75,75
BPP_400_125_0.2_0.8_5.txt.ins,119,118.772,2.93634,OPT,3457,0,0,AI,0,0.0756303,2.92437,0.126873,2.67812,0,2,0,44,43
BPP_400_125_0.2_0.8_6.txt.ins,118,117.097,2.6172,OPT,3478,0,0,AI,0,0.0847458,2.9322,0.095127,2.4001,0,2,0,41,41
BPP_400_125_0.2_0.8_7.txt.ins,119,118.198,2.19948,OPT,3378,0,0,AI,0,0.0588235,2.92437,0.112201,1.99386,0,2,0,32,32
BPP_400_125_0.2_0.8_8.txt.ins,118,117.313,2.23439,OPT,3253,0,0,AI,0,0.110169,2.73729,0.111337,2.02867,0,2,0,34,34
BPP_400_125_0.2_0.8_9.txt.ins,119,118.91,1.88251,OPT,3218,0,0,AI,0,0.0840336,2.94118,0.114705,1.68277,0,2,0,43,38
BPP_400_150_0.1_0.7_0.txt.ins,98,97.9323,2.29033,OPT,3673,0,0,AI,0,0.0102041,3.83673,0.170484,2.00672,0,2,0,72,72
BPP_400_150_0.1_0.7_1.txt.ins,94,93.9556,11.0632,OPT,4454,0,0,AI,0,0.0319149,3.84043,0.218551,10.4216,0,2,0,157,147
BPP_400_150_0.1_0.7_2.txt.ins,100,99.9699,2.33557,OPT,4196,0,0,AI,0,0.01,3.76,0.184938,2.03755,0,2,0,91,86
BPP_400_150_0.1_0.7_3.txt.ins,94,93.873,1.5195,OPT,3384,0,0,AI,0,0.0212766,3.96809,0.164279,1.27165,0,2,0,89,79
BPP_400_150_0.1_0.7_4.txt.ins,99,98.9653,2.40417,OPT,4052,0,0,AI,0,0.010101,3.80808,0.166206,2.12447,0,2,0,74,73
BPP_400_150_0.1_0.7_5.txt.ins,100,99.9034,13.4895,OPT,3533,0,0,AI,0,0.03,3.63,0.155772,12.9142,0,2,0,88,82
BPP_400_150_0.1_0.7_6.txt.ins,101,100.269,3.26459,OPT,3929,0,0,AI,0,0.0891089,3.57426,0.146528,2.97456,0,2,0,58,56
BPP_400_150_0.1_0.7_7.txt.ins,102,101.99,10.4523,OPT,4510,0,0,AI,0,0.0490196,3.42157,0.202196,9.91155,0,2,0,125,125
BPP_400_150_0.1_0.7_8.txt.ins,99,98.1918,2.86793,OPT,4108,0,0,AI,0,0.030303,3.71717,0.163317,2.55258,0,2,0,81,72
BPP_400_150_0.1_0.7_9.txt.ins,97,96.9677,147.299,OPT,7519,303,70,AI,100,0.0103093,3.85567,0.398901,140.508,0,2,70,558,554
BPP_400_150_0.1_0.8_0.txt.ins,106,105.973,1.84345,OPT,3511,0,0,AI,0,0.0471698,3.42453,0.146601,1.60247,0,2,0,60,60
BPP_400_150_0.1_0.8_1.txt.ins,106,105.955,5.1761,OPT,3386,0,0,AI,0,0.0188679,3.5283,0.149624,4.81151,0,2,0,86,86
BPP_400_150_0.1_0.8_2.txt.ins,107,106.286,3.85535,OPT,4026,0,0,AI,0,0.0934579,3.24299,0.151399,3.54886,0,2,0,61,58
BPP_400_150_0.1_0.8_3.txt.ins,106,105.942,4.22073,OPT,3683,0,0,AI,0,0.0471698,3.30189,0.180685,3.82894,0,2,0,91,91
BPP_400_150_0.1_0.8_4.txt.ins,105,104.219,3.9694,OPT,4302,0,0,AI,0,0.0190476,3.53333,0.134948,3.67458,0,2,0,58,58
BPP_400_150_0.1_0.8_5.txt.ins,109,108.992,1.86644,OPT,3325,0,0,AI,0,0.146789,3.02752,0.136445,1.64299,0,2,0,73,72
BPP_400_150_0.1_0.8_6.txt.ins,107,106.039,3.17699,OPT,4069,0,0,AI,0,0.0280374,3.48598,0.148588,2.87122,0,2,0,56,56
BPP_400_150_0.1_0.8_7.txt.ins,102,101.975,2.0748,OPT,3725,0,0,AI,0,0.0588235,3.52941,0.165439,1.81049,0,2,0,61,61
BPP_400_150_0.1_0.8_8.txt.ins,105,104.878,1.97235,OPT,3583,0,0,AI,0,0.047619,3.38095,0.176462,1.69844,0,2,0,67,67
BPP_400_150_0.1_0.8_9.txt.ins,104,103.99,2.20927,OPT,3883,0,0,AI,0,0.0961538,3.35577,0.153169,1.94313,0,2,0,66,66
BPP_400_150_0.2_0.7_0.txt.ins,112,111.196,2.88434,OPT,3692,0,0,AI,0,0.0625,3.23214,0.122089,2.65381,0,2,0,42,42
BPP_400_150_0.2_0.7_1.txt.ins,112,111.413,2.37992,OPT,3438,0,0,AI,0,0.116071,2.95536,0.114201,2.15815,0,2,0,37,37
BPP_400_150_0.2_0.7_2.txt.ins,112,111.971,2.02001,OPT,3650,0,0,AI,0,0.0625,3.03571,0.109838,1.81437,0,2,0,36,36
BPP_400_150_0.2_0.7_3.txt.ins,114,113.185,2.11518,OPT,3555,0,0,AI,0,0.0789474,3.07895,0.115174,1.87866,0,2,0,48,46
BPP_400_150_0.2_0.7_4.txt.ins,113,112.18,3.99901,OPT,3882,0,0,AI,0,0.0619469,3.15044,0.122085,3.71821,0,2,0,47,44
BPP_400_150_0.2_0.7_5.txt.ins,111,110.899,5.29987,OPT,3250,0,0,AI,0,0.0720721,3.09009,0.111189,4.96795,0,2,0,56,56
BPP_400_150_0.2_0.7_6.txt.ins,111,110.996,1.83333,OPT,3375,0,0,AI,0,0.045045,3.14414,0.123386,1.64252,0,2,0,52,51
BPP_400_150_0.2_0.7_7.txt.ins,110,109.329,3.326,OPT,3782,0,0,AI,0,0.0363636,3.27273,0.107903,3.08051,0,2,0,47,47
BPP_400_150_0.2_0.7_8.txt.ins,111,110.9,1.30713,OPT,3120,0,0,AI,0,0.0540541,3.18919,0.103752,1.13748,0,2,0,47,47
BPP_400_150_0.2_0.7_9.txt.ins,111,110.999,1.3592,OPT,3088,0,0,AI,0,0.027027,3.24324,0.10252,1.18544,0,2,0,43,43
BPP_400_150_0.2_0.8_0.txt.ins,121,120.963,5.50348,OPT,3285,0,0,AI,0,0.140496,2.7438,0.091189,5.14636,0,2,0,65,65
BPP_400_150_0.2_0.8_1.txt.ins,119,118.975,4.60172,OPT,3410,0,0,AI,0,0.0672269,2.91597,0.109433,4.29145,0,2,0,53,53
BPP_400_150_0.2_0.8_2.txt.ins,116,115.999,29.8037,OPT,4382,159,20,AI,100,0.0517241,3.05172,0.13668,28.1438,0,2,20,132,132
BPP_400_150_0.2_0.8_3.txt.ins,114,113.792,1.13487,OPT,2692,0,0,AI,0,0.122807,2.80702,0.10287,0.972645,0,2,0,32,32
BPP_400_150_0.2_0.8_4.txt.ins,116,115.546,2.59936,OPT,3795,0,0,AI,0,0.146552,2.83621,0.127801,2.35015,0,2,0,52,51
BPP_400_150_0.2_0.8_5.txt.ins,118,117.182,2.82587,OPT,3678,0,0,AI,0,0.169492,2.81356,0.108096,2.5885,0,2,0,38,37
BPP_400_150_0.2_0.8_6.txt.ins,117,116.246,3.0985,OPT,3988,0,0,AI,0,0.0598291,3.06838,0.120096,2.84118,0,2,0,68,57
BPP_400_150_0.2_0.8_7.txt.ins,117,116.496,2.22089,OPT,3525,0,0,AI,0,0.111111,2.89744,0.101061,1.99797,0,2,0,40,40
BPP_400_150_0.2_0.8_8.txt.ins,119,118.95,4.22924,OPT,3183,0,0,AI,0,0.092437,2.89916,0.105968,3.90804,0,2,0,49,49
BPP_400_150_0.2_0.8_9.txt.ins,117,116.983,50.0667,OPT,5193,220,30,AI,100,0.0598291,3.12821,0.16105,47.4903,0,2,30,206,206
BPP_400_200_0.1_0.7_0.txt.ins,100,99.9807,2.37347,OPT,3650,0,0,AI,0,0.04,3.71,0.186748,2.05889,0,2,0,63,62
BPP_400_200_0.1_0.7_1.txt.ins,102,101.212,2.67412,OPT,3773,0,0,AI,0,0.00980392,3.68627,0.165833,2.37365,0,2,0,47,47
BPP_400_200_0.1_0.7_2.txt.ins,98,97.9953,92.1964,OPT,8497,229,30,AI,100,0.0204082,3.83673,0.380819,88.2305,0,2,30,323,323
BPP_400_200_0.1_0.7_3.txt.ins,99,98.8749,13.8748,OPT,4220,0,0,AI,0,0.010101,3.73737,0.215926,13.0654,0,2,0,154,154
BPP_400_200_0.1_0.7_4.txt.ins,97,96.9907,1.95347,OPT,3664,0,0,AI,0,0.0515464,3.52577,0.205521,1.62405,0,2,0,69,69
BPP_400_200_0.1_0.7_5.txt.ins,102,101.155,2.94605,OPT,3904,0,0,AI,0,0.0686275,3.5098,0.16555,2.62869,0,2,0,57,52
BPP_400_200_0.1_0.7_6.txt.ins,102,101.021,3.50832,OPT,4352,0,0,AI,0,0.0294118,3.76471,0.186218,3.14269,0,2,0,78,76
BPP_400_200_0.1_0.7_7.txt.ins,97,96.1651,3.74949,OPT,4448,0,0,AI,0,0.0618557,3.75258,0.202377,3.32163,0,2,0,85,83
BPP_400_200_0.1_0.7_8.txt.ins,99,98.9846,27.9798,OPT,5388,0,0,AI,0,0.020202,3.75758,0.254495,26.7416,0,2,0,166,166
BPP_400_200_0.1_0.7_9.txt.ins,99,98.9937,7.37412,OPT,4437,0,0,AI,0,0.040404,3.67677,0.209401,6.83798,0,2,0,117,117
BPP_400_200_0.1_0.8_0.txt.ins,107,106.006,4.23711,OPT,4075,0,0,AI,0,0.0373832,3.41121,0.16955,3.90395,0,2,0,54,54
BPP_400_200_0.1_0.8_1.txt.ins,107,106.946,1.68897,OPT,3167,0,0,AI,0,0.0373832,3.3271,0.159055,1.4349,0,2,0,59,55
BPP_400_200_0.1_0.8_2.txt.ins,104,103.648,3.93275,OPT,4492,0,0,AI,0,0.0288462,3.56731,0.190121,3.56487,0,2,0,86,76
BPP_400_200_0.1_0.8_3.txt.ins,109,108.576,3.54091,OPT,4479,0,0,AI,0,0.0733945,3.23853,0.160971,3.19002,0,2,0,79,79
BPP_400_200_0.1_0.8_4.txt.ins,105,104.943,2.04532,OPT,3623,0,0,AI,0,0.0285714,3.46667,0.137881,1.80628,0,2,0,61,57
BPP_400_200_0.1_0.8_5.txt.ins,106,105.907,1.97719,OPT,3191,0,0,AI,0,0.0849057,3.33019,0.149061,1.74275,0,2,0,53,53
BPP_400_200_0.1_0.8_6.txt.ins,107,106.13,3.19639,OPT,4284,0,0,AI,0,0.0654206,3.30841,0.142453,2.89673,0,2,0,57,57
BPP_400_200_0.1_0.8_7.txt.ins,106,105.873,14.3309,OPT,4026,0,0,AI,0,0.0471698,3.51887,0.19299,13.6022,0,2,0,123,123
BPP_400_200_0.1_0.8_8.txt.ins,107,106.905,1.47684,OPT,3118,0,0,AI,0,0.0560748,3.19626,0.132889,1.26869,0,2,0,46,46
BPP_400_200_0.1_0.8_9.txt.ins,105,104.962,2.14775,OPT,3700,0,0,AI,0,0.0285714,3.40952,0.14721,1.89611,0,2,0,67,66
BPP_400_200_0.2_0.7_0.txt.ins,113,112.219,2.10629,OPT,3657,0,0,AI,0,0.0619469,3.23009,0.113655,1.89596,0,2,0,43,43
BPP_400_200_0.2_0.7_1.txt.ins,111,110.992,266.613,OPT,10697,749,140,AI,100,0.0720721,3.22523,0.499468,250.735,0,2,162,732,732
BPP_400_200_0.2_0.7_2.txt.ins,108,107.948,8.19047,OPT,3723,0,0,AI,0,0.00925926,3.40741,0.125837,7.78868,0,2,0,61,61
BPP_400_200_0.2_0.7_3.txt.ins,110,109.849,1.17613,OPT,2949,0,0,AI,0,0.0818182,3.05455,0.114337,1.00063,0,2,0,39,39
BPP_400_200_0.2_0.7_4.txt.ins,108,107.202,2.39492,OPT,3541,0,0,AI,0,0.0462963,3.37037,0.109906,2.1846,0,2,0,37,36
BPP_400_200_0.2_0.7_5.txt.ins,112,111.988,9.59616,OPT,3923,0,0,AI,0,0.0535714,3.08036,0.129932,9.09935,0,2,0,69,69
BPP_400_200_0.2_0.7_6.txt.ins,112,111.232,3.32846,OPT,3840,0,0,AI,0,0.116071,3.04464,0.12467,3.05864,0,2,0,47,47
BPP_400_200_0.2_0.7_7.txt.ins,113,112.856,1.15268,OPT,2554,0,0,AI,0,0.0265487,3.07965,0.095209,1.00339,0,2,0,30,30
BPP_400_200_0.2_0.7_8.txt.ins,114,113.143,3.00286,OPT,4138,0,0,AI,0,0.0789474,3.13158,0.127598,2.72691,0,2,0,58,54
BPP_400_200_0.2_0.7_9.txt.ins,111,110.971,9.15761,OPT,3799,0,0,AI,0,0.036036,3.27027,0.12943,8.69297,0,2,0,85,77
BPP_400_200_0.2_0.8_0.txt.ins,119,118.216,2.75972,OPT,3657,0,0,AI,0,0.168067,2.72269,0.111632,2.52156,0,2,0,47,45
BPP_400_200_0.2_0.8_1.txt.ins,120,119.16,2.6351,OPT,3387,0,0,AI,0,0.0583333,2.93333,0.101352,2.42739,0,2,0,33,33
BPP_400_200_0.2_0.8_2.txt.ins,121,120.131,2.09342,OPT,3237,0,0,AI,0,0.22314,2.59504,0.10027,1.88662,0,2,0,38,38
BPP_400_200_0.2_0.8_3.txt.ins,116,115.162,2.35424,OPT,3541,0,0,AI,0,0.0172414,3.09483,0.110152,2.13875,0,2,0,46,46
BPP_400_200_0.2_0.8_4.txt.ins,118,117.977,15.839,OPT,4223,0,0,AI,0,0.059322,2.99153,0.132247,15.1281,0,2,0,95,95
BPP_400_200_0.2_0.8_5.txt.ins,118,117.857,1.42734,OPT,2795,0,0,AI,0,0.059322,2.89831,0.096456,1.26615,0,2,0,32,32
BPP_400_200_0.2_0.8_6.txt.ins,120,119.864,1.38474,OPT,2726,0,0,AI,0,0.0416667,2.98333,0.09514,1.22599,0,2,0,29,29
BPP_400_200_0.2_0.8_7.txt.ins,119,118.891,10.7567,OPT,3473,0,0,AI,0,0.0504202,2.9916,0.115607,10.2024,0,2,0,98,97
BPP_400_200_0.2_0.8_8.txt.ins,120,119.474,2.10215,OPT,3689,0,0,AI,0,0.133333,2.73333,0.107732,1.89073,0,2,0,46,46
BPP_400_200_0.2_0.8_9.txt.ins,120,119.981,5.5526,OPT,3598,0,0,AI,0,0.0666667,2.825,0.129788,5.18946,0,2,0,62,56
BPP_400_300_0.1_0.7_0.txt.ins,100,99.8694,1.3352,OPT,3298,0,0,AI,0,0,3.79,0.176127,1.07784,0,2,0,66,66
BPP_400_300_0.1_0.7_1.txt.ins,100,98.9999,3600.13,TLE,32794,2768,1209,?,100,0.030303,3.83838,13.411,3128.89,0,-1,2210,5909,5444
BPP_400_300_0.1_0.7_2.txt.ins,101,100.364,2.72923,OPT,4155,0,0,AI,0,0.039604,3.77228,0.15584,2.44504,0,2,0,61,56
BPP_400_300_0.1_0.7_3.txt.ins,100,99.8859,1.78789,OPT,3590,0,0,AI,0,0.02,3.63,0.152742,1.54986,0,2,0,64,64
BPP_400_300_0.1_0.7_4.txt.ins,96,95.0805,3.63173,OPT,4175,0,0,AI,0,0.0520833,3.80208,0.188247,3.29969,0,2,0,75,70
BPP_400_300_0.1_0.7_5.txt.ins,97,96.9956,17.6621,OPT,5110,0,0,AI,0,0,4.07216,0.207709,16.9231,0,2,0,130,129
BPP_400_300_0.1_0.7_6.txt.ins,100,99.9965,10.0713,OPT,4580,0,0,AI,0,0.02,3.7,0.184591,9.59254,0,2,0,113,113
BPP_400_300_0.1_0.7_7.txt.ins,96,95.3697,6.94291,OPT,4772,0,0,AI,0,0,4.04167,0.200499,6.45273,0,2,0,118,112
BPP_400_300_0.1_0.7_8.txt.ins,100,99.9892,1.68883,OPT,3667,0,0,AI,0,0.02,3.64,0.18143,1.42009,0,2,0,73,64
BPP_400_300_0.1_0.7_9.txt.ins,99,98.1838,9.12314,OPT,4754,0,0,AI,0,0.030303,3.67677,0.193003,8.5697,0,2,0,122,120
BPP_400_300_0.1_0.8_0.txt.ins,106,105.906,1.34041,OPT,3202,0,0,AI,0,0.0471698,3.32075,0.143072,1.12564,0,2,0,58,58
BPP_400_300_0.1_0.8_1.txt.ins,102,101.967,93.8655,OPT,6730,232,30,AI,100,0.0392157,3.58824,0.316155,89.8171,0,2,30,356,356
BPP_400_300_0.1_0.8_2.txt.ins,108,107.285,6.66111,OPT,4487,0,0,AI,0,0.037037,3.37037,0.172176,6.23377,0,2,0,94,94
BPP_400_300_0.1_0.8_3.txt.ins,105,104.91,1.63415,OPT,3108,0,0,AI,0,0.0190476,3.40952,0.147479,1.41099,0,2,0,50,45
BPP_400_300_0.1_0.8_4.txt.ins,104,103.928,11.0561,OPT,4094,0,0,AI,0,0.0480769,3.36538,0.168546,10.5048,0,2,0,93,92
BPP_400_300_0.1_0.8_5.txt.ins,105,104.331,3.26048,OPT,4514,0,0,AI,0,0.0571429,3.39048,0.154112,2.9506,0,2,0,63,63
BPP_400_300_0.1_0.8_6.txt.ins,107,106.977,20.6262,OPT,4845,0,0,AI,0,0.0654206,3.27103,0.171456,19.7808,0,2,0,157,157
BPP_400_300_0.1_0.8_7.txt.ins,108,107.972,329.212,OPT,11912,851,180,AI,100,0.037037,3.38889,0.687358,310.488,0,2,214,1058,1043
BPP_400_300_0.1_0.8_8.txt.ins,110,109.249,2.63051,OPT,4131,0,0,AI,0,0.1,3.10909,0.142558,2.36209,0,2,0,60,60
BPP_400_300_0.1_0.8_9.txt.ins,107,106.121,2.674,OPT,4160,0,0,AI,0,0.0934579,3.28037,0.156373,2.39131,0,2,0,60,60
BPP_400_300_0.2_0.7_0.txt.ins,112,111.98,15.7415,OPT,4595,0,0,AI,0,0.0535714,3.1875,0.128292,15.0737,0,2,0,100,100
BPP_400_300_0.2_0.7_1.txt.ins,114,113.214,3.05553,OPT,4081,0,0,AI,0,0.0877193,3.07895,0.125871,2.80754,0,2,0,56,56
BPP_400_300_0.2_0.7_2.txt.ins,111,110.002,3.1754,OPT,4062,0,0,AI,0,0.0720721,3.27027,0.118393,2.93364,0,2,0,38,38
BPP_400_300_0.2_0.7_3.txt.ins,114,113.274,2.45591,OPT,3964,0,0,AI,0,0.149123,2.9386,0.12624,2.2183,0,2,0,44,41
BPP_400_300_0.2_0.7_4.txt.ins,111,110.98,1.40484,OPT,3240,0,0,AI,0,0.0540541,3.18919,0.121204,1.21518,0,2,0,45,45
BPP_400_300_0.2_0.7_5.txt.ins,111,110.059,3.66927,OPT,4364,0,0,AI,0,0.0810811,3.11712,0.135497,3.38941,0,2,0,49,48
BPP_400_300_0.2_0.7_6.txt.ins,110,109.898,1.5459,OPT,3153,0,0,AI,0,0.0909091,2.98182,0.116875,1.36338,0,2,0,40,40
BPP_400_300_0.2_0.7_7.txt.ins,113,112.992,87.0508,OPT,10670,297,40,AI,100,0.0530973,3.24779,0.361438,81.9616,0,2,40,392,392
BPP_400_300_0.2_0.7_8.txt.ins,113,112.23,3.0253,OPT,3750,0,0,AI,0,0.0884956,3.0708,0.1154,2.79962,0,2,0,37,37
BPP_400_300_0.2_0.7_9.txt.ins,114,113.948,1.63312,OPT,3230,0,0,AI,0,0.0526316,3.2193,0.115689,1.447,0,2,0,44,39
BPP_400_300_0.2_0.8_0.txt.ins,118,117.052,2.37049,OPT,3736,0,0,AI,0,0.118644,2.80508,0.11263,2.14631,0,2,0,43,43
BPP_400_300_0.2_0.8_1.txt.ins,116,115.209,3.08645,OPT,3930,0,0,AI,0,0.0689655,3.01724,0.128961,2.85113,0,2,0,54,54
BPP_400_300_0.2_0.8_2.txt.ins,118,117.944,2.51896,OPT,2914,0,0,AI,0,0.0508475,2.91525,0.106935,2.28073,0,2,0,57,57
BPP_400_300_0.2_0.8_3.txt.ins,117,116.95,1.45952,OPT,2875,0,0,AI,0,0.102564,2.95726,0.08951,1.30348,0,2,0,34,34
BPP_400_300_0.2_0.8_4.txt.ins,118,117.995,6.56596,OPT,3976,0,0,AI,0,0.0254237,3.16949,0.117846,6.21745,0,2,0,59,59
BPP_400_300_0.2_0.8_5.txt.ins,118,117.32,2.41419,OPT,3972,0,0,AI,0,0.127119,2.83898,0.114734,2.18561,0,2,0,51,51
BPP_400_300_0.2_0.8_6.txt.ins,117,116.992,12.9648,OPT,4130,0,0,AI,0,0.0769231,2.99145,0.126458,12.3661,0,2,0,83,83
BPP_400_300_0.2_0.8_7.txt.ins,117,116.175,2.69812,OPT,3694,0,0,AI,0,0.119658,2.90598,0.119384,2.46018,0,2,0,42,42
BPP_400_300_0.2_0.8_8.txt.ins,118,117.963,20.6655,OPT,3879,100,10,AI,100,0.0762712,2.94068,0.109129,19.7055,0,2,10,93,93
BPP_400_300_0.2_0.8_9.txt.ins,116,115.392,2.20312,OPT,3706,0,0,AI,0,0.284483,2.5,0.114177,1.97796,0,2,0,37,37
BPP_400_400_0.1_0.7_0.txt.ins,101,100.242,2.77355,OPT,4031,0,0,AI,0,0.019802,3.64356,0.168303,2.46791,0,2,0,59,59
BPP_400_400_0.1_0.7_1.txt.ins,99,98.9881,9.14263,OPT,4151,0,0,AI,0,0.020202,3.63636,0.18963,8.63038,0,2,0,102,100
BPP_400_400_0.1_0.7_2.txt.ins,96,94.996,3600.58,TLE,30706,2474,880,?,100,0.0315789,3.87368,7.14234,3260.71,0,-1,1304,3749,3550
BPP_400_400_0.1_0.7_3.txt.ins,97,96.9728,1.59797,OPT,3529,0,0,AI,0,0.0412371,3.69072,0.191976,1.32258,0,2,0,68,68
BPP_400_400_0.1_0.7_4.txt.ins,102,101.462,3.58762,OPT,4758,0,0,AI,0,0.0294118,3.62745,0.195069,3.22795,0,2,0,78,75
BPP_400_400_0.1_0.7_5.txt.ins,99,98.9589,24.4694,OPT,4301,100,10,AI,100,0.0505051,3.59596,0.213246,23.3301,0,2,10,144,143
BPP_400_400_0.1_0.7_6.txt.ins,96,95.9588,1.64576,OPT,3582,0,0,AI,0,0.0208333,3.8125,0.194189,1.36393,0,2,0,84,82
BPP_400_400_0.1_0.7_7.txt.ins,96,95.9978,63.1563,OPT,5433,188,30,AI,100,0.0104167,3.79167,0.270094,60.7857,0,2,30,219,219
BPP_400_400_0.1_0.7_8.txt.ins,99,98.9634,5.75619,OPT,3691,0,0,AI,0,0.040404,3.62626,0.172822,5.36509,0,2,0,94,89
BPP_400_400_0.1_0.7_9.txt.ins,103,102.085,3.04664,OPT,4533,0,0,AI,0,0.0679612,3.42718,0.168002,2.74766,0,2,0,61,59
BPP_400_400_0.1_0.8_0.txt.ins,107,106.902,1.37193,OPT,3177,0,0,AI,0,0.046729,3.28972,0.158837,1.14204,0,2,0,51,51
BPP_400_400_0.1_0.8_1.txt.ins,106,105.985,1.83799,OPT,3492,0,0,AI,0,0.0660377,3.21698,0.160319,1.58624,0,2,0,57,57
BPP_400_400_0.1_0.8_2.txt.ins,110,109.109,3.69144,OPT,4341,0,0,AI,0,0.0727273,3.29091,0.169633,3.37069,0,2,0,55,55
BPP_400_400_0.1_0.8_3.txt.ins,108,107.958,5.85639,OPT,3601,0,0,AI,0,0.0555556,3.24074,0.149616,5.4908,0,2,0,76,76
BPP_400_400_0.1_0.8_4.txt.ins,107,106.997,1.84553,OPT,3658,0,0,AI,0,0.046729,3.31776,0.166506,1.58887,0,2,0,66,66
BPP_400_400_0.1_0.8_5.txt.ins,105,104.381,9.26795,OPT,5121,0,0,AI,0,0.047619,3.45714,0.19631,8.7434,0,2,0,88,88
BPP_400_400_0.1_0.8_6.txt.ins,108,107.129,3.31313,OPT,4543,0,0,AI,0,0.101852,3.27778,0.166703,3.00205,0,2,0,52,52
BPP_400_400_0.1_0.8_7.txt.ins,103,102.97,49.3389,OPT,6281,100,10,AI,100,0.00970874,3.59223,0.25305,47.5663,0,2,10,227,227
BPP_400_400_0.1_0.8_8.txt.ins,104,103.127,3.43568,OPT,4578,0,0,AI,0,0.0865385,3.40385,0.183186,3.09318,0,2,0,78,72
BPP_400_400_0.1_0.8_9.txt.ins,105,104.338,3.47873,OPT,4449,0,0,AI,0,0.0380952,3.44762,0.175768,3.13237,0,2,0,72,70
BPP_400_400_0.2_0.7_0.txt.ins,116,115.077,3.0003,OPT,3604,0,0,AI,0,0.0517241,3.16379,0.108397,2.80076,0,2,0,34,34
BPP_400_400_0.2_0.7_1.txt.ins,111,110.116,3.08772,OPT,4423,0,0,AI,0,0.0810811,3.14414,0.144386,2.81457,0,2,0,47,47
BPP_400_400_0.2_0.7_2.txt.ins,114,113.998,75.5648,OPT,10461,285,40,AI,100,0.0789474,3.09649,0.465369,70.5907,0,2,40,418,416
BPP_400_400_0.2_0.7_3.txt.ins,112,111.383,2.67403,OPT,4043,0,0,AI,0,0.0892857,3.10714,0.131611,2.4261,0,2,0,50,50
BPP_400_400_0.2_0.7_4.txt.ins,113,112.896,5.29585,OPT,3242,0,0,AI,0,0.150442,2.86726,0.128003,4.92432,0,2,0,71,71
BPP_400_400_0.2_0.7_5.txt.ins,113,112.977,29.5176,OPT,5058,100,10,AI,100,0.079646,3.09735,0.166251,28.21,0,2,10,128,128
BPP_400_400_0.2_0.7_6.txt.ins,112,111.323,3.27573,OPT,3687,0,0,AI,0,0.0535714,3.24107,0.131389,3.03238,0,2,0,34,34
BPP_400_400_0.2_0.7_7.txt.ins,109,108.974,1.14097,OPT,3195,0,0,AI,0,0.0366972,3.09174,0.108262,0.974034,0,2,0,49,47
BPP_400_400_0.2_0.7_8.txt.ins,109,108.162,3.03575,OPT,4065,0,0,AI,0,0.0550459,3.22936,0.119863,2.78238,0,2,0,62,62
BPP_400_400_0.2_0.7_9.txt.ins,109,108.997,64.0135,OPT,5732,175,30,AI,100,0.0458716,3.3578,0.194551,61.3192,0,2,30,191,191
BPP_400_400_0.2_0.8_0.txt.ins,119,118.521,2.19017,OPT,3370,0,0,AI,0,0.12605,2.80672,0.118803,1.97208,0,2,0,39,39
BPP_400_400_0.2_0.8_1.txt.ins,120,119.489,2.18827,OPT,3407,0,0,AI,0,0.141667,2.725,0.118502,1.9732,0,2,0,47,42
BPP_400_400_0.2_0.8_2.txt.ins,120,119.974,1.03751,OPT,2791,0,0,AI,0,0.0666667,2.875,0.098578,0.881658,0,2,0,38,38
BPP_400_400_0.2_0.8_3.txt.ins,119,118.187,2.51593,OPT,3922,0,0,AI,0,0.201681,2.63866,0.132398,2.26857,0,2,0,40,40
BPP_400_400_0.2_0.8_4.txt.ins,118,117.248,2.48026,OPT,3765,0,0,AI,0,0.0338983,3.11864,0.110929,2.25866,0,2,0,46,44
BPP_400_400_0.2_0.8_5.txt.ins,117,116.991,2.83761,OPT,3171,0,0,AI,0,0.119658,2.95726,0.10055,2.60469,0,2,0,45,45
BPP_400_400_0.2_0.8_6.txt.ins,119,118.599,2.22412,OPT,3693,0,0,AI,0,0.12605,2.78151,0.123757,1.99181,0,2,0,50,43
BPP_400_400_0.2_0.8_7.txt.ins,121,120.354,2.08419,OPT,3493,0,0,AI,0,0.0578512,2.93388,0.106,1.88563,0,2,0,41,41
BPP_400_400_0.2_0.8_8.txt.ins,114,113.91,1.64009,OPT,3299,0,0,AI,0,0.0350877,3.14035,0.123556,1.44836,0,2,0,41,40
BPP_400_400_0.2_0.8_9.txt.ins,118,117.989,34.7908,OPT,4689,150,20,AI,95,0.0847458,3.05085,0.139187,32.9911,0,2,20,136,136
BPP_400_500_0.1_0.7_0.txt.ins,103,102.973,12.6309,OPT,4068,0,0,AI,0,0.0291262,3.36893,0.206417,11.9627,0,2,0,136,135
BPP_400_500_0.1_0.7_1.txt.ins,100,99.9673,1.90507,OPT,3896,0,0,AI,0,0.01,3.72,0.188387,1.62264,0,2,0,71,70
BPP_400_500_0.1_0.7_2.txt.ins,104,103.216,3.6014,OPT,4526,0,0,AI,0,0.0576923,3.38462,0.185575,3.26759,0,2,0,57,56
BPP_400_500_0.1_0.7_3.txt.ins,103,102.873,6.44678,OPT,3374,0,0,AI,0,0.0485437,3.30097,0.162783,6.02764,0,2,0,80,80
BPP_400_500_0.1_0.7_4.txt.ins,102,101.218,3.25048,OPT,4504,0,0,AI,0,0.0294118,3.52941,0.187546,2.90898,0,2,0,64,60
BPP_400_500_0.1_0.7_5.txt.ins,99,98.9746,2.1404,OPT,4077,0,0,AI,0,0.0505051,3.59596,0.206291,1.85119,0,2,0,62,62
BPP_400_500_0.1_0.7_6.txt.ins,103,102.913,4.76079,OPT,3172,0,0,AI,0,0.0582524,3.4466,0.163273,4.40806,0,2,0,73,71
BPP_400_500_0.1_0.7_7.txt.ins,99,98.2975,4.05018,OPT,4785,0,0,AI,0,0.020202,3.79798,0.200793,3.67585,0,2,0,73,73
BPP_400_500_0.1_0.7_8.txt.ins,99,98.9991,14.377,OPT,4336,0,0,AI,0,0.030303,3.68687,0.225952,13.6863,0,2,0,119,117
BPP_400_500_0.1_0.7_9.txt.ins,99,98.9559,1.68653,OPT,3741,0,0,AI,0,0.010101,3.68687,0.203962,1.39363,0,2,0,69,69
BPP_400_500_0.1_0.8_0.txt.ins,106,105.146,3.57864,OPT,4859,0,0,AI,0,0.0566038,3.4434,0.214866,3.19118,0,2,0,77,69
BPP_400_500_0.1_0.8_1.txt.ins,107,106.424,10.625,OPT,5008,0,0,AI,0,0.0560748,3.38318,0.200716,10.0138,0,2,0,106,106
BPP_400_500_0.1_0.8_2.txt.ins,103,102.997,2.05561,OPT,3797,0,0,AI,0,0.0679612,3.38835,0.186708,1.77268,0,2,0,75,75
BPP_400_500_0.1_0.8_3.txt.ins,107,106.989,10.2249,OPT,4099,0,0,AI,0,0.0747664,3.27103,0.199362,9.64193,0,2,0,106,105
BPP_400_500_0.1_0.8_4.txt.ins,106,105.439,4.06074,OPT,5000,0,0,AI,0,0.0377358,3.49057,0.190056,3.68715,0,2,0,93,91
BPP_400_500_0.1_0.8_5.txt.ins,104,103.999,2.5468,OPT,4286,0,0,AI,0,0.0961538,3.38462,0.187161,2.24532,0,2,0,55,55
BPP_400_500_0.1_0.8_6.txt.ins,105,104.184,3.07436,OPT,4510,0,0,AI,0,0.114286,3.27619,0.191079,2.7503,0,2,0,63,62
BPP_400_500_0.1_0.8_7.txt.ins,105,104.043,3.32913,OPT,4485,0,0,AI,0,0.0571429,3.51429,0.178646,2.99886,0,2,0,71,63
BPP_400_500_0.1_0.8_8.txt.ins,107,106.975,46.8106,OPT,5378,163,20,AI,100,0.0747664,3.48598,0.25269,44.8324,0,2,20,234,229
BPP_400_500_0.1_0.8_9.txt.ins,105,104.955,82.3955,OPT,6181,253,40,AI,100,0.0571429,3.40952,0.280867,78.9106,0,2,40,360,360
BPP_400_500_0.2_0.7_0.txt.ins,110,109.975,7.64787,OPT,4122,0,0,AI,0,0.0545455,3.27273,0.149474,7.24738,0,2,0,59,59
BPP_400_500_0.2_0.7_1.txt.ins,110,109.945,7.82735,OPT,3330,0,0,AI,0,0.0454545,3.08182,0.15298,7.3293,0,2,0,87,87
BPP_400_500_0.2_0.7_2.txt.ins,111,110.972,1.95065,OPT,3837,0,0,AI,0,0.027027,3.27928,0.134909,1.73584,0,2,0,49,49
BPP_400_500_0.2_0.7_3.txt.ins,114,113.047,2.87961,OPT,4019,0,0,AI,0,0.0701754,2.91228,0.138098,2.62262,0,2,0,46,46
BPP_400_500_0.2_0.7_4.txt.ins,111,110.284,6.17363,OPT,4138,0,0,AI,0,0.027027,3.2973,0.150017,5.78408,0,2,0,78,72
BPP_400_500_0.2_0.7_5.txt.ins,110,109.983,12.819,OPT,4647,0,0,AI,0,0.0181818,3.26364,0.160626,12.1705,0,2,0,103,103
BPP_400_500_0.2_0.7_6.txt.ins,112,111.894,1.54415,OPT,2914,0,0,AI,0,0.0625,3.0625,0.114233,1.36757,0,2,0,38,38
BPP_400_500_0.2_0.7_7.txt.ins,113,112.978,6.38367,OPT,3747,0,0,AI,0,0.0707965,3.06195,0.143772,5.97869,0,2,0,81,78
BPP_400_500_0.2_0.7_8.txt.ins,115,114.137,2.94774,OPT,3724,0,0,AI,0,0.0608696,3.07826,0.137789,2.68785,0,2,0,42,41
BPP_400_500_0.2_0.7_9.txt.ins,111,110.909,1.28872,OPT,3115,0,0,AI,0,0.117117,2.96396,0.126549,1.0998,0,2,0,32,32
BPP_400_500_0.2_0.8_0.txt.ins,119,118.452,3.53529,OPT,4011,0,0,AI,0,0.0756303,2.98319,0.137379,3.25401,0,2,0,46,46
BPP_400_500_0.2_0.8_1.txt.ins,117,116.474,6.07822,OPT,4270,0,0,AI,0,0.0598291,3,0.150418,5.68553,0,2,0,68,62
BPP_400_500_0.2_0.8_2.txt.ins,116,115.261,3.03433,OPT,3801,0,0,AI,0,0.12931,2.86207,0.128651,2.77905,0,2,0,42,42
BPP_400_500_0.2_0.8_3.txt.ins,117,116.981,7.53417,OPT,3613,0,0,AI,0,0.111111,2.86325,0.14066,7.08479,0,2,0,87,87
BPP_400_500_0.2_0.8_4.txt.ins,115,114.953,3.27336,OPT,3381,0,0,AI,0,0.13913,2.85217,0.12729,2.99556,0,2,0,66,65
BPP_400_500_0.2_0.8_5.txt.ins,115,114.995,1.38209,OPT,2868,0,0,AI,0,0.104348,2.84348,0.117482,1.201,0,2,0,30,30
BPP_400_500_0.2_0.8_6.txt.ins,118,117.615,2.45532,OPT,3813,0,0,AI,0,0.144068,2.77119,0.136959,2.19698,0,2,0,49,49
BPP_400_500_0.2_0.8_7.txt.ins,118,117.043,2.37345,OPT,3523,0,0,AI,0,0.0254237,2.97458,0.114641,2.15526,0,2,0,45,45
BPP_400_500_0.2_0.8_8.txt.ins,117,116.997,107.709,OPT,8857,350,60,AI,100,0.025641,3.21368,0.310877,101.327,0,2,60,387,387
BPP_400_500_0.2_0.8_9.txt.ins,119,118.169,2.62686,OPT,3664,0,0,AI,0,0.0756303,2.98319,0.136154,2.38612,0,2,0,39,38
BPP_400_50_0.1_0.7_0.txt.ins,102,101.938,1.19465,OPT,3179,0,0,AI,0,0,3.5098,0.118612,1.00057,0,2,0,76,74
BPP_400_50_0.1_0.7_1.txt.ins,99,98.9807,10.605,OPT,4601,0,0,AI,0,0.030303,3.60606,0.139899,10.0874,0,2,0,131,129
BPP_400_50_0.1_0.7_2.txt.ins,97,96.9621,1.45669,OPT,3406,0,0,AI,0,0.0412371,3.52577,0.132992,1.24175,0,2,0,76,75
BPP_400_50_0.1_0.7_3.txt.ins,98,97.9346,1.5894,OPT,3394,0,0,AI,0,0.0204082,3.82653,0.105096,1.39446,0,2,0,57,57
BPP_400_50_0.1_0.7_4.txt.ins,99,98.9651,7.31449,OPT,4272,0,0,AI,0,0.020202,3.77778,0.136344,6.90386,0,2,0,123,109
BPP_400_50_0.1_0.7_5.txt.ins,100,99.9986,1.40594,OPT,3649,0,0,AI,0,0,3.61,0.133879,1.18662,0,2,0,92,82
BPP_400_50_0.1_0.7_6.txt.ins,99,98.0395,2.40157,OPT,3585,0,0,AI,0,0.0505051,3.76768,0.136985,2.15076,0,2,0,68,63
BPP_400_50_0.1_0.7_7.txt.ins,101,100.061,2.53095,OPT,3383,0,0,AI,0,0.00990099,3.73267,0.108916,2.31314,0,2,0,59,59
BPP_400_50_0.1_0.7_8.txt.ins,102,101.983,1.6955,OPT,3197,0,0,AI,0,0.0196078,3.4902,0.121495,1.48594,0,2,0,67,67
BPP_400_50_0.1_0.7_9.txt.ins,105,103.999,3600.23,TLE,26934,5137,1464,?,100,0.0480769,3.46154,4.40503,3166.93,0,-1,1870,5537,5537
BPP_400_50_0.1_0.8_0.txt.ins,107,106.862,1.2909,OPT,3128,0,0,AI,0,0.046729,3.34579,0.113352,1.10119,0,2,0,64,64
BPP_400_50_0.1_0.8_1.txt.ins,108,107.073,2.46121,OPT,3300,0,0,AI,0,0.037037,3.4537,0.08866,2.26648,0,2,0,62,60
BPP_400_50_0.1_0.8_2.txt.ins,107,106.953,5.68981,OPT,3471,0,0,AI,0,0.11215,3.09346,0.112767,5.32935,0,2,0,97,89
BPP_400_50_0.1_0.8_3.txt.ins,107,106.37,1.80016,OPT,3198,0,0,AI,0,0.0280374,3.42991,0.09213,1.61451,0,2,0,57,57
BPP_400_50_0.1_0.8_4.txt.ins,109,108.993,4.75863,OPT,3833,0,0,AI,0,0.0825688,3.11927,0.114753,4.43763,0,2,0,81,81
BPP_400_50_0.1_0.8_5.txt.ins,107,106.932,1.89483,OPT,3281,0,0,AI,0,0.0934579,3.16822,0.113193,1.69301,0,2,0,67,64
BPP_400_50_0.1_0.8_6.txt.ins,107,106.876,0.97953,OPT,2660,0,0,AI,0,0.0747664,3.28037,0.099444,0.821697,0,2,0,47,47
BPP_400_50_0.1_0.8_7.txt.ins,102,101.405,2.5071,OPT,3751,0,0,AI,0,0.0588235,3.55882,0.137963,2.28136,0,2,0,64,60
BPP_400_50_0.1_0.8_8.txt.ins,108,107.352,2.44779,OPT,3465,0,0,AI,0,0.0925926,3.17593,0.084954,2.2429,0,2,0,60,60
BPP_400_50_0.1_0.8_9.txt.ins,107,106.881,10.571,OPT,3608,0,0,AI,0,0.0186916,3.31776,0.120741,10.0315,0,2,0,121,120
BPP_400_50_0.2_0.7_0.txt.ins,112,111.453,2.27746,OPT,3253,0,0,AI,0,0.0267857,3.25893,0.076175,2.10312,0,2,0,50,47
BPP_400_50_0.2_0.7_1.txt.ins,110,109.964,3.32221,OPT,3436,0,0,AI,0,0.0727273,3.07273,0.084963,3.07056,0,2,0,71,71
BPP_400_50_0.2_0.7_2.txt.ins,111,110.95,1.87148,OPT,3545,0,0,AI,0,0.0990991,2.95495,0.088221,1.70621,0,2,0,47,42
BPP_400_50_0.2_0.7_3.txt.ins,113,112.981,3.78622,OPT,3328,0,0,AI,0,0.0707965,2.97345,0.086162,3.53551,0,2,0,47,47
BPP_400_50_0.2_0.7_4.txt.ins,114,113.952,2.57993,OPT,3062,0,0,AI,0,0.0701754,2.92982,0.071413,2.37938,0,2,0,54,51
BPP_400_50_0.2_0.7_5.txt.ins,114,113.974,4.03756,OPT,3341,0,0,AI,0,0.0701754,2.91228,0.081817,3.77231,0,2,0,72,68
BPP_400_50_0.2_0.7_6.txt.ins,110,109.182,2.64456,OPT,3250,0,0,AI,0,0.0454545,3.34545,0.079362,2.45713,0,2,0,47,46
BPP_400_50_0.2_0.7_7.txt.ins,113,112.641,2.46999,OPT,3528,0,0,AI,0,0.0884956,3.0531,0.088435,2.27793,0,2,0,48,47
BPP_400_50_0.2_0.7_8.txt.ins,112,111.907,3.37616,OPT,3100,0,0,AI,0,0.0357143,3.125,0.083711,3.13385,0,2,0,59,58
BPP_400_50_0.2_0.7_9.txt.ins,114,113.227,2.43984,OPT,3304,0,0,AI,0,0.0614035,3.14035,0.069742,2.27039,0,2,0,47,42
BPP_400_50_0.2_0.8_0.txt.ins,119,118.251,1.9019,OPT,2911,0,0,AI,0,0.092437,2.86555,0.063271,1.74575,0,2,0,40,40
BPP_400_50_0.2_0.8_1.txt.ins,118,117.965,1.61388,OPT,2850,0,0,AI,0,0.0932203,2.91525,0.069235,1.47852,0,2,0,31,31
BPP_400_50_0.2_0.8_2.txt.ins,122,121.31,2.4413,OPT,2984,0,0,AI,0,0.0409836,2.97541,0.071402,2.26497,0,2,0,41,41
BPP_400_50_0.2_0.8_3.txt.ins,114,113.023,2.44669,OPT,3460,0,0,AI,0,0.166667,2.77193,0.083612,2.25519,0,2,0,42,42
BPP_400_50_0.2_0.8_4.txt.ins,116,115.92,1.75206,OPT,3117,0,0,AI,0,0.0517241,2.97414,0.078038,1.5983,0,2,0,37,37
BPP_400_50_0.2_0.8_5.txt.ins,118,117.16,1.94824,OPT,2598,0,0,AI,0,0.0508475,3.08475,0.075225,1.79073,0,2,0,37,37
BPP_400_50_0.2_0.8_6.txt.ins,118,117.152,2.18351,OPT,3419,0,0,AI,0,0.0932203,2.95763,0.087488,1.99631,0,2,0,50,45
BPP_400_50_0.2_0.8_7.txt.ins,117,116.985,18.2469,OPT,4344,174,20,AI,100,0.111111,2.89744,0.103924,17.226,0,2,20,155,155
BPP_400_50_0.2_0.8_8.txt.ins,119,118.1,1.85798,OPT,3055,0,0,AI,0,0.0420168,3.05042,0.066187,1.70991,0,2,0,35,34
BPP_400_50_0.2_0.8_9.txt.ins,120,119.964,2.59075,OPT,3057,0,0,AI,0,0.116667,2.775,0.064494,2.4018,0,2,0,55,55
BPP_400_750_0.1_0.7_0.txt.ins,99,98.979,11.5564,OPT,4790,0,0,AI,0,0.020202,3.83838,0.23911,11.0038,0,2,0,113,113
BPP_400_750_0.1_0.7_1.txt.ins,99,98.927,3.91675,OPT,3182,0,0,AI,0,0.020202,3.74747,0.175856,3.57621,0,2,0,81,78
BPP_400_750_0.1_0.7_2.txt.ins,100,99.9973,12.2847,OPT,4482,0,0,AI,0,0,3.77,0.226619,11.6474,0,2,0,138,137
BPP_400_750_0.1_0.7_3.txt.ins,99,98.9947,919.695,OPT,14466,1105,360,AI,100,0.030303,3.68687,1.5605,868.171,0,2,566,1621,1574
BPP_400_750_0.1_0.7_4.txt.ins,99,98.134,3.6059,OPT,4876,0,0,AI,0,0.020202,3.82828,0.221469,3.21803,0,2,0,65,65
BPP_400_750_0.1_0.7_5.txt.ins,100,99.8932,1.8121,OPT,3511,0,0,AI,0,0.02,3.57,0.208331,1.51841,0,2,0,78,65
BPP_400_750_0.1_0.7_6.txt.ins,101,100.976,1.71052,OPT,3649,0,0,AI,0,0.019802,3.54455,0.204632,1.42014,0,2,0,68,68
BPP_400_750_0.1_0.7_7.txt.ins,105,104.172,5.37171,OPT,5027,0,0,AI,0,0.00952381,3.61905,0.215983,4.95946,0,2,0,67,63
BPP_400_750_0.1_0.7_8.txt.ins,100,99.2396,6.52104,OPT,5265,0,0,AI,0,0.02,3.76,0.245481,5.98559,0,2,0,115,110
BPP_400_750_0.1_0.7_9.txt.ins,100,99.9973,23.5221,OPT,5438,0,0,AI,0,0.02,3.73,0.271125,22.5363,0,2,0,195,195
BPP_400_750_0.1_0.8_0.txt.ins,108,107.632,3.38262,OPT,4187,0,0,AI,0,0.0462963,3.35185,0.197147,3.04598,0,2,0,72,70
BPP_400_750_0.1_0.8_1.txt.ins,110,109.295,3.25948,OPT,3887,0,0,AI,0,0.109091,3.10909,0.181474,2.92794,0,2,0,76,68
BPP_400_750_0.1_0.8_2.txt.ins,107,106.972,2.07899,OPT,3974,0,0,AI,0,0.046729,3.29907,0.211611,1.76381,0,2,0,77,77
BPP_400_750_0.1_0.8_3.txt.ins,105,104.343,3.04477,OPT,4065,0,0,AI,0,0.0190476,3.55238,0.193854,2.73035,0,2,0,66,66
BPP_400_750_0.1_0.8_4.txt.ins,106,105.968,1.49608,OPT,3468,0,0,AI,0,0.0377358,3.41509,0.166629,1.25344,0,2,0,52,52
BPP_400_750_0.1_0.8_5.txt.ins,106,105.987,12.3474,OPT,4111,0,0,AI,0,0.0471698,3.39623,0.188611,11.7811,0,2,0,109,108
BPP_400_750_0.1_0.8_6.txt.ins,110,109.034,3.50811,OPT,4513,0,0,AI,0,0.0363636,3.34545,0.207052,3.14547,0,2,0,74,74
BPP_400_750_0.1_0.8_7.txt.ins,108,107.532,4.03715,OPT,4595,0,0,AI,0,0.0833333,3.16667,0.179294,3.69858,0,2,0,59,55
BPP_400_750_0.1_0.8_8.txt.ins,109,108.973,1.35328,OPT,3150,0,0,AI,0,0.0550459,3.23853,0.172855,1.1129,0,2,0,55,55
BPP_400_750_0.1_0.8_9.txt.ins,105,104.96,1.77289,OPT,3651,0,0,AI,0,0.0380952,3.4,0.175844,1.51473,0,2,0,58,58
BPP_400_750_0.2_0.7_0.txt.ins,113,112.301,5.59509,OPT,4202,0,0,AI,0,0.0530973,3.19469,0.156522,5.22723,0,2,0,71,69
BPP_400_750_0.2_0.7_1.txt.ins,116,115.297,4.82113,OPT,4018,0,0,AI,0,0.0689655,3,0.147438,4.47771,0,2,0,61,61
BPP_400_750_0.2_0.7_2.txt.ins,111,110.548,2.6242,OPT,4282,0,0,AI,0,0.0720721,3.23423,0.162571,2.33184,0,2,0,54,54
BPP_400_750_0.2_0.7_3.txt.ins,113,112.988,1.34212,OPT,3214,0,0,AI,0,0.115044,2.81416,0.134141,1.14681,0,2,0,39,39
BPP_400_750_0.2_0.7_4.txt.ins,112,110.993,3604.77,TLE,14296,1732,1240,?,100,0.0810811,3.30631,3.29376,3368.67,0,-1,2251,3667,3358
BPP_400_750_0.2_0.7_5.txt.ins,111,110.856,1.94273,OPT,3359,0,0,AI,0,0.018018,3.27027,0.140953,1.72413,0,2,0,41,40
BPP_400_750_0.2_0.7_6.txt.ins,113,112.946,10.031,OPT,3895,0,0,AI,0,0.0707965,3.10619,0.161288,9.50785,0,2,0,82,82
BPP_400_750_0.2_0.7_7.txt.ins,111,110.017,2.47483,OPT,4194,0,0,AI,0,0.144144,3.03604,0.156522,2.19196,0,2,0,52,51
BPP_400_750_0.2_0.7_8.txt.ins,110,109.941,8.08522,OPT,4324,0,0,AI,0,0.0636364,3.2,0.181265,7.62911,0,2,0,75,75
BPP_400_750_0.2_0.7_9.txt.ins,114,113.269,6.3879,OPT,4131,0,0,AI,0,0.0789474,3.08772,0.158524,5.98197,0,2,0,91,80
BPP_400_750_0.2_0.8_0.txt.ins,118,117.954,1.41392,OPT,2820,0,0,AI,0,0.0932203,2.9322,0.126757,1.22543,0,2,0,37,34
BPP_400_750_0.2_0.8_1.txt.ins,116,115.966,40.4711,OPT,5020,170,20,AI,100,0.0603448,3.08621,0.190928,38.5584,0,2,20,142,142
BPP_400_750_0.2_0.8_2.txt.ins,119,118.151,3.53723,OPT,3976,0,0,AI,0,0.142857,2.77311,0.157195,3.23151,0,2,0,47,47
BPP_400_750_0.2_0.8_3.txt.ins,115,113.997,497.503,OPT,8931,775,225,ANI,100,0.0789474,3.10526,0.840056,471.966,0,2,310,882,866
BPP_400_750_0.2_0.8_4.txt.ins,117,116.95,1.69525,OPT,2947,0,0,AI,0,0.111111,2.89744,0.12806,1.49525,0,2,0,35,35
BPP_400_750_0.2_0.8_5.txt.ins,121,120.038,2.76496,OPT,3565,0,0,AI,0,0.123967,2.70248,0.148591,2.49679,0,2,0,44,44
BPP_400_750_0.2_0.8_6.txt.ins,119,118.59,4.02946,OPT,3976,0,0,AI,0,0.134454,2.78992,0.146276,3.68528,0,2,0,65,65
BPP_400_750_0.2_0.8_7.txt.ins,119,118.959,13.4942,OPT,4116,0,0,AI,0,0.0672269,2.96639,0.161871,12.8227,0,2,0,114,114
BPP_400_750_0.2_0.8_8.txt.ins,120,119.519,2.32791,OPT,4131,0,0,AI,0,0.0916667,2.85833,0.148735,2.06791,0,2,0,53,51
BPP_400_750_0.2_0.8_9.txt.ins,117,116.957,12.7582,OPT,3969,0,0,AI,0,0.0769231,3.01709,0.176949,12.0536,0,2,0,100,100
BPP_400_75_0.1_0.7_0.txt.ins,102,101.243,2.4207,OPT,3527,0,0,AI,0,0.0686275,3.44118,0.134432,2.17476,0,2,0,54,47
BPP_400_75_0.1_0.7_1.txt.ins,98,97.0419,2.51834,OPT,3512,0,0,AI,0,0.0102041,3.80612,0.131792,2.27845,0,2,0,42,42
BPP_400_75_0.1_0.7_2.txt.ins,97,96.1773,5.65777,OPT,4108,0,0,AI,0,0.0103093,3.87629,0.148936,5.26866,0,2,0,99,99
BPP_400_75_0.1_0.7_3.txt.ins,99,98.9772,146.393,OPT,8148,439,80,AI,100,0.030303,3.67677,0.379608,138.038,0,2,80,624,620
BPP_400_75_0.1_0.7_4.txt.ins,97,96.9764,6.08395,OPT,3725,0,0,AI,0,0.0309278,3.6701,0.175782,5.66815,0,2,0,97,96
BPP_400_75_0.1_0.7_5.txt.ins,99,98.04,2.24445,OPT,3557,0,0,AI,0,0.010101,3.78788,0.127751,2.00617,0,2,0,48,46
BPP_400_75_0.1_0.7_6.txt.ins,98,97.9717,1.31894,OPT,3388,0,0,AI,0,0.0306122,3.64286,0.124661,1.11201,0,2,0,78,77
BPP_400_75_0.1_0.7_7.txt.ins,97,96.9683,14.7313,OPT,4774,0,0,AI,0,0,3.86598,0.209443,13.9358,0,2,0,186,181
BPP_400_75_0.1_0.7_8.txt.ins,98,97.2137,2.85634,OPT,3975,0,0,AI,0,0.0102041,3.78571,0.143967,2.5811,0,2,0,71,71
BPP_400_75_0.1_0.7_9.txt.ins,99,98.9768,8.00817,OPT,4205,0,0,AI,0,0.040404,3.59596,0.197967,7.54951,0,2,0,120,120
BPP_400_75_0.1_0.8_0.txt.ins,104,103.841,1.26507,OPT,2885,0,0,AI,0,0.0288462,3.48077,0.13233,1.0638,0,2,0,54,54
BPP_400_75_0.1_0.8_1.txt.ins,105,104.963,1.93236,OPT,3733,0,0,AI,0,0.0380952,3.30476,0.121984,1.71284,0,2,0,76,74
BPP_400_75_0.1_0.8_2.txt.ins,106,105.903,1.45961,OPT,3234,0,0,AI,0,0.0660377,3.17925,0.113576,1.26894,0,2,0,51,51
BPP_400_75_0.1_0.8_3.txt.ins,108,107.971,1.27404,OPT,3103,0,0,AI,0,0.0277778,3.35185,0.099783,1.10303,0,2,0,60,60
BPP_400_75_0.1_0.8_4.txt.ins,108,107.92,1.38881,OPT,2982,0,0,AI,0,0.0648148,3.28704,0.116813,1.19639,0,2,0,53,45
BPP_400_75_0.1_0.8_5.txt.ins,106,105.979,1.7059,OPT,3340,0,0,AI,0,0.0471698,3.45283,0.121869,1.49922,0,2,0,56,55
BPP_400_75_0.1_0.8_6.txt.ins,105,104.127,2.88603,OPT,3520,0,0,AI,0,0.00952381,3.5619,0.11772,2.64944,0,2,0,55,52
BPP_400_75_0.1_0.8_7.txt.ins,110,109.004,2.87914,OPT,3541,0,0,AI,0,0.0181818,3.24545,0.123044,2.63274,0,2,0,42,42
BPP_400_75_0.1_0.8_8.txt.ins,106,105.329,2.75833,OPT,3872,0,0,AI,0,0.0471698,3.50943,0.133034,2.47965,0,2,0,69,69
BPP_400_75_0.1_0.8_9.txt.ins,106,106,1.91139,OPT,3222,0,0,AI,0,0.0377358,3.36792,0.136475,1.68612,0,2,0,54,54
BPP_400_75_0.2_0.7_0.txt.ins,109,108.967,4.58188,OPT,3482,0,0,AI,0,0.0733945,3.05505,0.10444,4.27548,0,2,0,60,55
BPP_400_75_0.2_0.7_1.txt.ins,115,114.807,2.28116,OPT,2684,0,0,AI,0,0.121739,2.87826,0.086096,2.07412,0,2,0,47,46
BPP_400_75_0.2_0.7_2.txt.ins,114,113.995,4.58422,OPT,3401,0,0,AI,0,0.0701754,3.07895,0.095273,4.29234,0,2,0,60,60
BPP_400_75_0.2_0.7_3.txt.ins,110,109.99,1.53341,OPT,3380,0,0,AI,0,0.0818182,2.97273,0.095879,1.36455,0,2,0,47,47
BPP_400_75_0.2_0.7_4.txt.ins,114,113.191,2.61567,OPT,3302,0,0,AI,0,0.0877193,3.02632,0.082032,2.42854,0,2,0,34,34
BPP_400_75_0.2_0.7_5.txt.ins,113,112.168,3.12271,OPT,3396,0,0,AI,0,0.0176991,3.26549,0.097972,2.90895,0,2,0,40,40
BPP_400_75_0.2_0.7_6.txt.ins,110,109.992,7.91506,OPT,4257,0,0,AI,0,0.0636364,3.21818,0.095007,7.46483,0,2,0,76,76
BPP_400_75_0.2_0.7_7.txt.ins,112,111.896,1.70323,OPT,3138,0,0,AI,0,0.0625,3.07143,0.090888,1.54172,0,2,0,42,41
BPP_400_75_0.2_0.7_8.txt.ins,114,113.308,2.19341,OPT,3215,0,0,AI,0,0.0789474,3.0614,0.091837,2.01251,0,2,0,35,35
BPP_400_75_0.2_0.7_9.txt.ins,111,110.061,2.15045,OPT,3470,0,0,AI,0,0.00900901,3.30631,0.095579,1.98105,0,2,0,40,37
BPP_400_75_0.2_0.8_0.txt.ins,121,120.2,1.93043,OPT,3095,0,0,AI,0,0.0578512,2.98347,0.073517,1.77042,0,2,0,33,33
BPP_400_75_0.2_0.8_1.txt.ins,117,116.295,2.52992,OPT,3314,0,0,AI,0,0.0769231,2.94872,0.080995,2.34639,0,2,0,39,39
BPP_400_75_0.2_0.8_2.txt.ins,118,117.153,2.18105,OPT,3289,0,0,AI,0,0.0677966,3.01695,0.080636,2.00601,0,2,0,37,37
BPP_400_75_0.2_0.8_3.txt.ins,119,118.304,2.23333,OPT,3337,0,0,AI,0,0.0504202,3.10924,0.082231,2.04932,0,2,0,47,44
BPP_400_75_0.2_0.8_4.txt.ins,119,118.493,2.34531,OPT,3188,0,0,AI,0,0.0420168,3.06723,0.090231,2.15596,0,2,0,39,39
BPP_400_75_0.2_0.8_5.txt.ins,118,117.049,2.3746,OPT,3386,0,0,AI,0,0.059322,2.97458,0.076139,2.18843,0,2,0,45,44
BPP_400_75_0.2_0.8_6.txt.ins,118,117.431,2.27076,OPT,3454,0,0,AI,0,0.0508475,3.01695,0.083038,2.08424,0,2,0,51,49
BPP_400_75_0.2_0.8_7.txt.ins,118,117.924,6.12217,OPT,3049,0,0,AI,0,0.0762712,2.88983,0.095988,5.75309,0,2,0,60,60
BPP_400_75_0.2_0.8_8.txt.ins,116,115.405,3.09473,OPT,3433,0,0,AI,0,0.0344828,3.14655,0.092683,2.87846,0,2,0,40,40
BPP_400_75_0.2_0.8_9.txt.ins,117,116.991,1.09649,OPT,2437,0,0,AI,0,0.0683761,2.98291,0.088825,0.947634,0,2,0,32,32
