BPP_50_1000_0.1_0.7_0.txt.ins,13,12.2491,0.050742,OPT,297,0,0,AI,0,0,3.53846,0.008467,0.035646,0,2,0,27,27
BPP_50_1000_0.1_0.7_1.txt.ins,13,12.9324,0.075003,OPT,222,0,0,AI,0,0,3.69231,0.007072,0.060838,0,2,0,23,23
BPP_50_1000_0.1_0.7_2.txt.ins,14,13.119,0.017874,OPT,258,0,0,AI,0,0,3.28571,0.004729,0.010347,0,1,0,18,18
BPP_50_1000_0.1_0.7_3.txt.ins,14,13.5431,0.047848,OPT,284,0,0,AI,0,0,3.14286,0.007464,0.035729,0,1,0,23,23
BPP_50_1000_0.1_0.7_4.txt.ins,13,12.9929,0.06266,OPT,269,0,0,AI,0,0.0769231,3.46154,0.006772,0.046435,0,2,0,30,30
BPP_50_1000_0.1_0.7_5.txt.ins,14,13.9927,0.060684,OPT,187,0,0,AI,0,0.0714286,2.78571,0.003696,0.052581,0,2,0,10,10
BPP_50_1000_0.1_0.7_6.txt.ins,13,12.9969,0.034911,OPT,261,0,0,AI,0,0,3.61538,0.006025,0.021924,0,2,0,26,26
BPP_50_1000_0.1_0.7_7.txt.ins,12,11.9781,0.032186,OPT,266,0,0,AI,0,0,3.75,0.00645,0.019675,0,2,0,31,31
BPP_50_1000_0.1_0.7_8.txt.ins,13,13,0.006142,OPT,70,0,0,AI,0,0.0714286,2.5,0.002285,0.003404,0,1,0,5,5
BPP_50_1000_0.1_0.7_9.txt.ins,13,12.0581,0.033891,OPT,359,0,0,AI,0,0,3.53846,0.007977,0.020438,0,1,0,30,30
BPP_50_1000_0.1_0.8_0.txt.ins,14,13.3469,0.018163,OPT,217,0,0,AI,0,0.0714286,3,0.004824,0.010601,0,1,0,17,17
BPP_50_1000_0.1_0.8_1.txt.ins,13,12.9561,0.022945,OPT,211,0,0,AI,0,0.0769231,3.53846,0.004424,0.014477,0,2,0,15,15
BPP_50_1000_0.1_0.8_2.txt.ins,14,13.0301,0.026899,OPT,348,0,0,AI,0,0,3.42857,0.005974,0.016521,0,1,0,27,27
BPP_50_1000_0.1_0.8_3.txt.ins,14,13.9714,0.075482,OPT,191,35,2,AI,35,0,3.5,0.005028,0.056783,0,2,2,22,22
BPP_50_1000_0.1_0.8_4.txt.ins,14,13.92,0.025635,OPT,190,0,0,AI,0,0,3.28571,0.004172,0.016447,0,2,0,17,17
BPP_50_1000_0.1_0.8_5.txt.ins,15,14.8902,0.018401,OPT,138,0,0,AI,0,0,3.06667,0.003548,0.011374,0,2,0,12,12
BPP_50_1000_0.1_0.8_6.txt.ins,13,12.9672,0.032704,OPT,241,0,0,AI,0,0,3.38462,0.005401,0.021071,0,2,0,19,19
BPP_50_1000_0.1_0.8_7.txt.ins,14,13.75,0.014087,OPT,112,0,0,AI,0,0.0714286,3.14286,0.00254,0.009016,0,2,0,6,6
BPP_50_1000_0.1_0.8_8.txt.ins,12,11.9765,0.050307,OPT,177,0,0,AI,0,0,3.91667,0.00625,0.038723,0,2,0,17,17
BPP_50_1000_0.1_0.8_9.txt.ins,13,12.9917,0.139868,OPT,345,100,5,AI,100,0,3.69231,0.008014,0.093319,0,2,5,32,32
BPP_50_1000_0.2_0.7_0.txt.ins,15,14.0541,0.023866,OPT,259,0,0,AI,0,0,3.06667,0.006129,0.014253,0,1,0,20,20
BPP_50_1000_0.2_0.7_1.txt.ins,15,14.9524,0.020771,OPT,166,0,0,AI,0,0.0666667,2.73333,0.004636,0.012648,0,2,0,10,10
BPP_50_1000_0.2_0.7_2.txt.ins,15,14.9444,0.0236,OPT,159,0,0,AI,0,0.0666667,2.86667,0.003725,0.015254,0,2,0,12,12
BPP_50_1000_0.2_0.7_3.txt.ins,15,15,0.01581,OPT,195,0,0,AI,0,0.0666667,3.06667,0.004032,0.009192,0,2,0,10,10
BPP_50_1000_0.2_0.7_4.txt.ins,14,13.0554,0.050538,OPT,312,0,0,AI,0,0.0714286,3.28571,0.007287,0.038243,0,1,0,21,21
BPP_50_1000_0.2_0.7_5.txt.ins,15,14.3889,0.019251,OPT,229,0,0,AI,0,0.0666667,2.6,0.00551,0.010804,0,1,0,17,17
BPP_50_1000_0.2_0.7_6.txt.ins,14,13.9547,0.035847,OPT,268,0,0,AI,0,0,3.5,0.005486,0.023171,0,2,0,29,29
BPP_50_1000_0.2_0.7_7.txt.ins,15,14.9612,0.015744,OPT,171,0,0,AI,0,0.133333,2.8,0.00294,0.009958,0,2,0,8,8
BPP_50_1000_0.2_0.7_8.txt.ins,16,15.8333,0.047225,OPT,190,0,0,AI,0,0.125,2.75,0.003989,0.037365,0,2,0,17,17
BPP_50_1000_0.2_0.7_9.txt.ins,14,14,0.01872,OPT,159,0,0,AI,0,0.0714286,2.07143,0.003788,0.011413,0,2,0,10,10
BPP_50_1000_0.2_0.8_0.txt.ins,17,16.5714,0.012425,OPT,136,0,0,AI,0,0.117647,2.47059,0.002938,0.007135,0,2,0,11,11
BPP_50_1000_0.2_0.8_1.txt.ins,15,15,0.029856,OPT,241,0,0,AI,0,0.2,2.6,0.004508,0.018868,0,2,0,22,22
BPP_50_1000_0.2_0.8_2.txt.ins,16,16,0.012246,OPT,157,0,0,AI,0,0.4375,1.625,0.002832,0.006887,0,2,0,9,9
BPP_50_1000_0.2_0.8_3.txt.ins,16,15.9167,0.009672,OPT,136,0,0,AI,0,0.0625,2.25,0.00294,0.005345,0,1,0,11,11
BPP_50_1000_0.2_0.8_4.txt.ins,15,14.9444,0.015727,OPT,131,0,0,AI,0,0,3.33333,0.003141,0.0099,0,2,0,7,7
BPP_50_1000_0.2_0.8_5.txt.ins,16,15.9667,0.011896,OPT,133,0,0,AI,0,0.3125,2.3125,0.002672,0.006874,0,2,0,7,7
BPP_50_1000_0.2_0.8_6.txt.ins,16,16,0.011022,OPT,158,0,0,AI,0,0.3125,1.6875,0.002523,0.006318,0,2,0,8,8
BPP_50_1000_0.2_0.8_7.txt.ins,16,15.2987,0.014069,OPT,206,0,0,AI,0,0.125,2.625,0.003586,0.008141,0,1,0,14,14
BPP_50_1000_0.2_0.8_8.txt.ins,15,14.6124,0.009497,OPT,119,0,0,AI,0,0,2.93333,0.002392,0.005621,0,2,0,6,6
BPP_50_1000_0.2_0.8_9.txt.ins,16,15.9608,0.01257,OPT,135,0,0,AI,0,0,2.8125,0.002883,0.007243,0,2,0,10,9
BPP_50_100_0.1_0.7_0.txt.ins,14,13.8814,0.014169,OPT,141,0,0,AI,0,0,3.42857,0.001869,0.009426,0,2,0,10,10
BPP_50_100_0.1_0.7_1.txt.ins,13,12.9951,0.03519,OPT,233,0,0,AI,0,0,3.61538,0.003925,0.02374,0,2,0,29,29
BPP_50_100_0.1_0.7_2.txt.ins,14,13.223,0.022554,OPT,272,0,0,AI,0,0,3.21429,0.003621,0.014673,0,1,0,22,22
BPP_50_100_0.1_0.7_3.txt.ins,13,12.1285,0.028389,OPT,304,0,0,AI,0,0.153846,3.23077,0.003991,0.018889,0,1,0,26,26
BPP_50_100_0.1_0.7_4.txt.ins,13,12.9754,0.022897,OPT,177,0,0,AI,0,0,3.69231,0.003434,0.014369,0,2,0,15,15
BPP_50_100_0.1_0.7_5.txt.ins,14,13.8846,0.019441,OPT,133,0,0,AI,0,0,2.64286,0.002466,0.012855,0,2,0,13,13
BPP_50_100_0.1_0.7_6.txt.ins,13,12.9947,0.025394,OPT,190,0,0,AI,0,0,3.61538,0.003068,0.016919,0,2,0,19,19
BPP_50_100_0.1_0.7_7.txt.ins,13,12.0455,0.026845,OPT,282,0,0,AI,0,0,3.76923,0.004558,0.018323,0,1,0,21,21
BPP_50_100_0.1_0.7_8.txt.ins,14,14,0.006825,OPT,83,0,0,AI,0,1,1,0.001864,0.004225,0,1,0,6,6
BPP_50_100_0.1_0.7_9.txt.ins,15,14.1089,0.018107,OPT,221,0,0,AI,0,0,3,0.003453,0.011378,0,1,0,18,18
BPP_50_100_0.1_0.8_0.txt.ins,16,15.6,0.019475,OPT,167,0,0,AI,0,0.125,2.75,0.002001,0.012775,0,2,0,15,15
BPP_50_100_0.1_0.8_1.txt.ins,15,14.0763,0.020864,OPT,246,0,0,AI,0,0.0666667,3,0.003016,0.014097,0,1,0,21,21
BPP_50_100_0.1_0.8_2.txt.ins,14,14,0.022137,OPT,202,0,0,AI,0,0.214286,2.78571,0.002996,0.014152,0,2,0,16,16
BPP_50_100_0.1_0.8_3.txt.ins,13,12.9309,0.053931,OPT,120,0,0,AI,0,0,3.38462,0.002107,0.048953,0,2,0,8,8
BPP_50_100_0.1_0.8_4.txt.ins,15,14.1882,0.039843,OPT,199,0,0,AI,0,0.0666667,3,0.006291,0.027747,0,1,0,17,17
BPP_50_100_0.1_0.8_5.txt.ins,14,13.0077,0.017131,OPT,265,0,0,AI,0,0.0714286,3,0.002244,0.011844,0,1,0,24,24
BPP_50_100_0.1_0.8_6.txt.ins,14,13.935,0.021796,OPT,179,0,0,AI,0,0,3.28571,0.002507,0.014733,0,2,0,12,12
BPP_50_100_0.1_0.8_7.txt.ins,14,13.9935,0.017981,OPT,134,0,0,AI,0,0,3.14286,0.002471,0.011724,0,2,0,12,12
BPP_50_100_0.1_0.8_8.txt.ins,13,12.1111,0.020957,OPT,239,0,0,AI,0,0.230769,2.07692,0.004224,0.013259,0,1,0,26,26
BPP_50_100_0.1_0.8_9.txt.ins,14,13.2615,0.02217,OPT,251,0,0,AI,0,0.0714286,3.21429,0.002701,0.014332,0,2,0,23,23
BPP_50_100_0.2_0.7_0.txt.ins,16,15.3704,0.011045,OPT,209,0,0,AI,0,0.0625,2.6875,0.001633,0.007491,0,1,0,15,15
BPP_50_100_0.2_0.7_1.txt.ins,14,13.9325,0.020745,OPT,166,0,0,AI,0,0,3,0.002587,0.014119,0,2,0,10,10
BPP_50_100_0.2_0.7_2.txt.ins,15,14.9644,0.024262,OPT,210,0,0,AI,0,0,3,0.002855,0.016331,0,2,0,17,17
BPP_50_100_0.2_0.7_3.txt.ins,14,13.9129,0.014162,OPT,193,0,0,AI,0,0.428571,2.42857,0.002019,0.008953,0,2,0,15,15
BPP_50_100_0.2_0.7_4.txt.ins,14,13.981,0.01729,OPT,143,0,0,AI,0,0.0714286,3.21429,0.002235,0.011457,0,2,0,10,10
BPP_50_100_0.2_0.7_5.txt.ins,15,14.9172,0.017022,OPT,185,0,0,AI,0,0.0666667,2.86667,0.001848,0.011541,0,2,0,14,14
BPP_50_100_0.2_0.7_6.txt.ins,15,14.9099,0.017406,OPT,167,0,0,AI,0,0,3.13333,0.002018,0.011768,0,2,0,9,9
BPP_50_100_0.2_0.7_7.txt.ins,16,15.2222,0.008717,OPT,177,0,0,AI,0,0.375,2,0.001598,0.005582,0,1,0,13,13
BPP_50_100_0.2_0.7_8.txt.ins,15,14.9787,0.020397,OPT,212,0,0,AI,0,0.133333,2.93333,0.002517,0.013633,0,2,0,15,15
BPP_50_100_0.2_0.7_9.txt.ins,15,14.7806,0.018495,OPT,152,0,0,AI,0,0,3.13333,0.001888,0.012921,0,2,0,9,9
BPP_50_100_0.2_0.8_0.txt.ins,16,15.9641,0.011687,OPT,119,0,0,AI,0,0.125,2.8125,0.001273,0.007982,0,2,0,7,7
BPP_50_100_0.2_0.8_1.txt.ins,17,16.5588,0.014236,OPT,166,0,0,AI,0,0.0588235,2.70588,0.002016,0.009115,0,2,0,14,14
BPP_50_100_0.2_0.8_2.txt.ins,16,15.0855,0.010686,OPT,209,0,0,AI,0,0.25,2.4375,0.001582,0.007143,0,1,0,14,14
BPP_50_100_0.2_0.8_3.txt.ins,16,15.8804,0.015765,OPT,140,0,0,AI,0,0.125,2.875,0.001723,0.010733,0,2,0,8,8
BPP_50_100_0.2_0.8_4.txt.ins,16,15.9279,0.012659,OPT,154,0,0,AI,0,0,2.9375,0.00115,0.008537,0,2,0,9,9
BPP_50_100_0.2_0.8_5.txt.ins,15,14.4085,0.016682,OPT,221,0,0,AI,0,0.0666667,3,0.002684,0.01082,0,1,0,18,18
BPP_50_100_0.2_0.8_6.txt.ins,17,16.2143,0.006468,OPT,130,0,0,AI,0,0,2.88235,0.001277,0.004486,0,1,0,10,10
BPP_50_100_0.2_0.8_7.txt.ins,16,15.1667,0.018125,OPT,222,0,0,AI,0,0.125,2.5625,0.002404,0.011699,0,2,0,16,16
BPP_50_100_0.2_0.8_8.txt.ins,15,14.99,0.092014,OPT,183,77,8,AI,77,0,3.06667,0.002617,0.065406,0,2,8,18,18
BPP_50_100_0.2_0.8_9.txt.ins,16,15.1389,0.011677,OPT,197,0,0,AI,0,0.0625,2.75,0.001983,0.007699,0,1,0,12,12
BPP_50_120_0.1_0.7_0.txt.ins,13,12.975,0.020267,OPT,171,0,0,AI,0,0.0769231,3.38462,0.002986,0.013371,0,2,0,13,13
BPP_50_120_0.1_0.7_1.txt.ins,13,12.9867,0.020028,OPT,190,0,0,AI,0,0,3.61538,0.002636,0.013766,0,2,0,16,16
BPP_50_120_0.1_0.7_2.txt.ins,14,14,3.7e-05,OPT,0,0,0,AI,0,1,1,0,0.000457998,0,1,0,0,0
BPP_50_120_0.1_0.7_3.txt.ins,14,13.9069,0.02282,OPT,182,0,0,AI,0,0.142857,2.85714,0.002453,0.015604,0,2,0,16,16
BPP_50_120_0.1_0.7_4.txt.ins,12,11.8279,0.021631,OPT,147,0,0,AI,0,0,3.83333,0.00407,0.013688,0,2,0,15,15
BPP_50_120_0.1_0.7_5.txt.ins,13,12.8678,0.019403,OPT,201,0,0,AI,0,0,3.69231,0.002573,0.013052,0,2,0,16,16
BPP_50_120_0.1_0.7_6.txt.ins,14,13.1183,0.067066,OPT,266,0,0,AI,0,0,3.42857,0.004393,0.058264,0,1,0,20,20
BPP_50_120_0.1_0.7_7.txt.ins,13,13,0.031117,OPT,299,0,0,AI,0,0.153846,2.07692,0.003783,0.020769,0,2,0,30,30
BPP_50_120_0.1_0.7_8.txt.ins,12,11.9791,0.025675,OPT,244,0,0,AI,0,0,4.08333,0.0032,0.01672,0,2,0,31,28
BPP_50_120_0.1_0.7_9.txt.ins,13,12.9732,0.295786,OPT,359,100,10,AI,100,0,3.53846,0.005878,0.217613,0,2,10,49,49
BPP_50_120_0.1_0.8_0.txt.ins,15,14.1319,0.010099,OPT,176,0,0,AI,0,0,3.06667,0.002048,0.006611,0,1,0,14,14
BPP_50_120_0.1_0.8_1.txt.ins,13,12.9914,0.017096,OPT,128,0,0,AI,0,0,3.53846,0.002777,0.011365,0,2,0,9,9
BPP_50_120_0.1_0.8_2.txt.ins,15,14.2857,0.018893,OPT,243,0,0,AI,0,0.266667,1.8,0.003182,0.012344,0,1,0,19,19
BPP_50_120_0.1_0.8_3.txt.ins,14,13.3068,0.012555,OPT,235,0,0,AI,0,0.0714286,3.28571,0.002105,0.008434,0,1,0,16,16
BPP_50_120_0.1_0.8_4.txt.ins,14,13.87,0.016067,OPT,131,0,0,AI,0,0.0714286,3.28571,0.003335,0.010228,0,2,0,10,10
BPP_50_120_0.1_0.8_5.txt.ins,14,13.8871,0.008829,OPT,88,0,0,AI,0,0,3.14286,0.001995,0.005756,0,2,0,6,6
BPP_50_120_0.1_0.8_6.txt.ins,13,12.9644,0.019212,OPT,142,0,0,AI,0,0.0769231,3.38462,0.003292,0.012506,0,2,0,15,15
BPP_50_120_0.1_0.8_7.txt.ins,14,13.0233,0.055576,OPT,310,0,0,AI,0,0.142857,3.07143,0.004135,0.044278,0,1,0,27,27
BPP_50_120_0.1_0.8_8.txt.ins,14,13.408,0.012252,OPT,208,0,0,AI,0,0,3.14286,0.002181,0.007905,0,1,0,17,17
BPP_50_120_0.1_0.8_9.txt.ins,13,12.9807,0.008605,OPT,90,0,0,AI,0,0.0769231,3.15385,0.002267,0.005321,0,2,0,6,6
BPP_50_120_0.2_0.7_0.txt.ins,14,13.9375,0.028071,OPT,217,0,0,AI,0,0,3.42857,0.003922,0.018659,0,2,0,17,17
BPP_50_120_0.2_0.7_1.txt.ins,15,14.8683,0.022678,OPT,193,0,0,AI,0,0,3.33333,0.002499,0.015558,0,2,0,16,16
BPP_50_120_0.2_0.7_2.txt.ins,14,13.8222,0.017788,OPT,132,0,0,AI,0,0,3.28571,0.002363,0.01217,0,2,0,8,8
BPP_50_120_0.2_0.7_3.txt.ins,15,15,0.016226,OPT,220,0,0,AI,0,0.133333,2.33333,0.002174,0.010653,0,2,0,18,18
BPP_50_120_0.2_0.7_4.txt.ins,15,14.922,0.043929,OPT,161,0,0,AI,0,0,3.06667,0.002611,0.053441,0,2,0,10,10
BPP_50_120_0.2_0.7_5.txt.ins,15,14.1333,0.039586,OPT,246,0,0,AI,0,0.0666667,2.8,0.00296,0.032569,0,1,0,19,19
BPP_50_120_0.2_0.7_6.txt.ins,14,14,0.022842,OPT,200,0,0,AI,0,0,3.14286,0.002783,0.015361,0,2,0,16,16
BPP_50_120_0.2_0.7_7.txt.ins,15,14.2097,0.020038,OPT,266,0,0,AI,0,0.2,2.93333,0.003819,0.012659,0,1,0,19,19
BPP_50_120_0.2_0.7_8.txt.ins,15,14.26,0.008951,OPT,197,0,0,AI,0,0.0666667,2.93333,0.001689,0.005761,0,1,0,13,13
BPP_50_120_0.2_0.7_9.txt.ins,14,13.883,0.031498,OPT,124,0,0,AI,0,0,3.28571,0.00195,0.026169,0,2,0,10,10
BPP_50_120_0.2_0.8_0.txt.ins,16,15.3384,0.014267,OPT,201,0,0,AI,0,0.125,2.6875,0.002418,0.00924,0,1,0,16,16
BPP_50_120_0.2_0.8_1.txt.ins,15,15,0.009332,OPT,159,0,0,AI,0,0.0666667,2.66667,0.00182,0.006122,0,1,0,9,9
BPP_50_120_0.2_0.8_2.txt.ins,16,15.254,0.009599,OPT,167,0,0,AI,0,0.25,2.1875,0.001863,0.006268,0,1,0,11,11
BPP_50_120_0.2_0.8_3.txt.ins,15,14.3214,0.022237,OPT,203,0,0,AI,0,0,3.2,0.002602,0.014212,0,2,0,20,20
BPP_50_120_0.2_0.8_4.txt.ins,16,15.2302,0.023137,OPT,223,0,0,AI,0,0,2.875,0.002293,0.014427,0,2,0,20,20
BPP_50_120_0.2_0.8_5.txt.ins,16,15.6667,0.011504,OPT,168,0,0,AI,0,0,2.9375,0.002058,0.007797,0,1,0,13,13
BPP_50_120_0.2_0.8_6.txt.ins,16,15.3333,0.012271,OPT,182,0,0,AI,0,0.0625,2.5625,0.002597,0.007848,0,1,0,12,12
BPP_50_120_0.2_0.8_7.txt.ins,15,14.3462,0.027528,OPT,284,0,0,AI,0,0.2,2.6,0.003395,0.017189,0,2,0,21,21
BPP_50_120_0.2_0.8_8.txt.ins,15,14.8503,0.010667,OPT,137,0,0,AI,0,0,3.2,0.001719,0.007167,0,2,0,7,7
BPP_50_120_0.2_0.8_9.txt.ins,16,15.0286,0.015692,OPT,196,0,0,AI,0,0.0625,2.625,0.00239,0.010349,0,1,0,19,19
BPP_50_125_0.1_0.7_0.txt.ins,13,12.9409,0.028434,OPT,207,0,0,AI,0,0,3.76923,0.003757,0.019016,0,2,0,22,22
BPP_50_125_0.1_0.7_1.txt.ins,12,11.9705,0.072358,OPT,303,0,0,AI,0,0,4.16667,0.005049,0.056823,0,2,0,35,35
BPP_50_125_0.1_0.7_2.txt.ins,12,11.8636,0.017667,OPT,133,0,0,AI,0,0,4.16667,0.00355,0.011391,0,2,0,10,10
BPP_50_125_0.1_0.7_3.txt.ins,13,12.2678,0.026357,OPT,272,0,0,AI,0,0.0769231,3.38462,0.003983,0.017709,0,1,0,25,25
BPP_50_125_0.1_0.7_4.txt.ins,14,13.0078,0.022944,OPT,270,0,0,AI,0,0.0714286,3.21429,0.003568,0.01526,0,1,0,22,22
BPP_50_125_0.1_0.7_5.txt.ins,13,12.3743,0.030881,OPT,278,0,0,AI,0,0,3.69231,0.004656,0.019172,0,2,0,25,25
BPP_50_125_0.1_0.7_6.txt.ins,14,13.0846,0.020911,OPT,266,0,0,AI,0,0.214286,2.71429,0.003684,0.013384,0,1,0,21,21
BPP_50_125_0.1_0.7_7.txt.ins,13,12.0462,0.031373,OPT,329,0,0,AI,0,0.0769231,2.76923,0.004992,0.020496,0,1,0,28,28
BPP_50_125_0.1_0.7_8.txt.ins,13,12.9522,0.019951,OPT,129,0,0,AI,0,0,3.76923,0.003199,0.013179,0,2,0,12,12
BPP_50_125_0.1_0.7_9.txt.ins,14,13.1143,0.045289,OPT,252,0,0,AI,0,0,3.5,0.005184,0.036156,0,1,0,19,19
BPP_50_125_0.1_0.8_0.txt.ins,15,14.8505,0.010744,OPT,112,0,0,AI,0,0,3.2,0.002225,0.006919,0,2,0,7,7
BPP_50_125_0.1_0.8_1.txt.ins,14,13.9667,0.052404,OPT,204,0,0,AI,0,0.0714286,3.28571,0.003951,0.041013,0,2,0,23,23
BPP_50_125_0.1_0.8_2.txt.ins,13,12.8953,0.012361,OPT,108,0,0,AI,0,0.153846,3.30769,0.002159,0.007947,0,2,0,8,8
BPP_50_125_0.1_0.8_3.txt.ins,16,15.3571,0.010735,OPT,164,0,0,AI,0,0,3.0625,0.002185,0.007025,0,1,0,12,12
BPP_50_125_0.1_0.8_4.txt.ins,14,13.9701,0.052338,OPT,182,0,0,AI,0,0,3.35714,0.003955,0.042912,0,2,0,19,19
BPP_50_125_0.1_0.8_5.txt.ins,16,15.8146,0.01556,OPT,127,0,0,AI,0,0,2.9375,0.001957,0.010274,0,2,0,9,9
BPP_50_125_0.1_0.8_6.txt.ins,15,14.3038,0.018968,OPT,236,0,0,AI,0,0.466667,2.26667,0.002972,0.011936,0,1,0,23,23
BPP_50_125_0.1_0.8_7.txt.ins,15,14.0836,0.014398,OPT,186,0,0,AI,0,0,3.13333,0.002281,0.009601,0,1,0,16,16
BPP_50_125_0.1_0.8_8.txt.ins,13,12.9756,0.023902,OPT,157,0,0,AI,0,0,3.53846,0.003166,0.016031,0,2,0,13,13
BPP_50_125_0.1_0.8_9.txt.ins,14,13.7829,0.010051,OPT,94,0,0,AI,0,0,3.28571,0.00217,0.006374,0,2,0,6,6
BPP_50_125_0.2_0.7_0.txt.ins,14,13.8287,0.016653,OPT,165,0,0,AI,0,0,3.5,0.001756,0.011696,0,2,0,14,14
BPP_50_125_0.2_0.7_1.txt.ins,15,14.2295,0.018812,OPT,203,0,0,AI,0,0.0666667,2.8,0.002331,0.012016,0,2,0,16,16
BPP_50_125_0.2_0.7_2.txt.ins,14,13.9267,0.092791,OPT,217,61,7,AI,61,0,3.42857,0.002741,0.064413,0,2,7,24,24
BPP_50_125_0.2_0.7_3.txt.ins,15,14.45,0.016638,OPT,231,0,0,AI,0,0.133333,2.2,0.002873,0.010773,0,1,0,17,17
BPP_50_125_0.2_0.7_4.txt.ins,15,14.9809,0.021752,OPT,181,0,0,AI,0,0.0666667,2.93333,0.002367,0.014657,0,2,0,12,12
BPP_50_125_0.2_0.7_5.txt.ins,15,14.4,0.016847,OPT,246,0,0,AI,0,0.133333,2.53333,0.002736,0.011124,0,1,0,17,17
BPP_50_125_0.2_0.7_6.txt.ins,14,13.0151,0.02001,OPT,296,0,0,AI,0,0.0714286,3.35714,0.00336,0.013276,0,1,0,20,20
BPP_50_125_0.2_0.7_7.txt.ins,15,15,0.012267,OPT,111,0,0,AI,0,0.0666667,2.73333,0.001694,0.008096,0,2,0,7,7
BPP_50_125_0.2_0.7_8.txt.ins,14,14,0.029124,OPT,272,0,0,AI,0,0.142857,2.78571,0.003297,0.019803,0,2,0,20,20
BPP_50_125_0.2_0.7_9.txt.ins,15,14.981,0.028681,OPT,86,0,0,AI,0,0.0666667,2.73333,0.001252,0.025912,0,2,0,5,5
BPP_50_125_0.2_0.8_0.txt.ins,15,14.3868,0.027345,OPT,289,0,0,AI,0,0,3.13333,0.003091,0.016889,0,2,0,23,23
BPP_50_125_0.2_0.8_1.txt.ins,17,16.6,0.00984,OPT,174,0,0,AI,0,0.588235,1.52941,0.001693,0.00655,0,1,0,12,12
BPP_50_125_0.2_0.8_2.txt.ins,15,14.4286,0.013419,OPT,197,0,0,AI,0,0.0666667,2.86667,0.002753,0.008469,0,1,0,14,14
BPP_50_125_0.2_0.8_3.txt.ins,16,15.9875,0.018245,OPT,176,0,0,AI,0,0.1875,2.75,0.001803,0.012476,0,2,0,12,12
BPP_50_125_0.2_0.8_4.txt.ins,16,15.069,0.012404,OPT,186,0,0,AI,0,0.125,2.6875,0.002317,0.008164,0,1,0,13,13
BPP_50_125_0.2_0.8_5.txt.ins,15,14.0836,0.025029,OPT,241,0,0,AI,0,0.0666667,3.06667,0.002497,0.016149,0,2,0,19,19
BPP_50_125_0.2_0.8_6.txt.ins,15,15,0.020198,OPT,203,0,0,AI,0,0.0666667,2.8,0.002272,0.013562,0,2,0,13,13
BPP_50_125_0.2_0.8_7.txt.ins,15,14.6053,0.017279,OPT,135,0,0,AI,0,0.0666667,3.13333,0.001763,0.012173,0,2,0,9,9
BPP_50_125_0.2_0.8_8.txt.ins,14,13.9314,0.195326,OPT,298,100,10,AI,100,0.0714286,3.35714,0.003728,0.135203,0,2,10,28,28
BPP_50_125_0.2_0.8_9.txt.ins,16,15.2778,0.008994,OPT,138,0,0,AI,0,0.125,2.4375,0.001834,0.005897,0,1,0,11,11
BPP_50_150_0.1_0.7_0.txt.ins,13,12.9464,0.020111,OPT,158,0,0,AI,0,0,3.69231,0.003964,0.012621,0,2,0,11,11
BPP_50_150_0.1_0.7_1.txt.ins,14,13.9091,0.01924,OPT,152,0,0,AI,0,0.0714286,3.14286,0.002455,0.013052,0,2,0,11,11
BPP_50_150_0.1_0.7_2.txt.ins,12,11.9841,0.045242,OPT,299,0,0,AI,0,0.0833333,4,0.005894,0.030786,0,2,0,34,34
BPP_50_150_0.1_0.7_3.txt.ins,13,12.7864,0.03954,OPT,109,0,0,AI,0,0,3.69231,0.002596,0.033679,0,2,0,8,8
BPP_50_150_0.1_0.7_4.txt.ins,14,13.8444,0.011253,OPT,94,0,0,AI,0,0,3,0.001801,0.007263,0,2,0,7,7
BPP_50_150_0.1_0.7_5.txt.ins,13,12.9864,0.033133,OPT,225,0,0,AI,0,0,3.53846,0.004376,0.022311,0,2,0,20,20
BPP_50_150_0.1_0.7_6.txt.ins,12,11.9971,0.028838,OPT,209,0,0,AI,0,0,4,0.004,0.018968,0,2,0,17,17
BPP_50_150_0.1_0.7_7.txt.ins,13,12.9809,0.056307,OPT,232,0,0,AI,0,0,3.61538,0.005268,0.043993,0,2,0,25,25
BPP_50_150_0.1_0.7_8.txt.ins,13,12.8094,0.008332,OPT,119,0,0,AI,0,0,3.46154,0.002052,0.005392,0,1,0,7,7
BPP_50_150_0.1_0.7_9.txt.ins,14,13.9933,0.027229,OPT,190,0,0,AI,0,0.0714286,3.42857,0.0032,0.018517,0,2,0,17,17
BPP_50_150_0.1_0.8_0.txt.ins,14,13.9507,0.015725,OPT,122,0,0,AI,0,0.0714286,3.07143,0.001812,0.011035,0,2,0,8,8
BPP_50_150_0.1_0.8_1.txt.ins,15,14.73,0.01369,OPT,133,0,0,AI,0,0.0666667,2.93333,0.002579,0.008552,0,2,0,9,9
BPP_50_150_0.1_0.8_2.txt.ins,14,13.9394,0.044862,OPT,164,0,0,AI,0,0.0714286,2.92857,0.003442,0.036551,0,2,0,12,12
BPP_50_150_0.1_0.8_3.txt.ins,14,14,0.050449,OPT,251,44,1,AI,44,0.142857,2.71429,0.003681,0.033847,0,2,1,25,25
BPP_50_150_0.1_0.8_4.txt.ins,12,11.9712,0.030647,OPT,228,0,0,AI,0,0,4,0.005108,0.019441,0,2,0,21,21
BPP_50_150_0.1_0.8_5.txt.ins,14,13.8242,0.017408,OPT,164,0,0,AI,0,0,3.28571,0.002589,0.011376,0,2,0,12,12
BPP_50_150_0.1_0.8_6.txt.ins,13,12.9983,0.024763,OPT,159,0,0,AI,0,0.0769231,3.46154,0.003583,0.0165,0,2,0,16,16
BPP_50_150_0.1_0.8_7.txt.ins,14,13.0452,0.021467,OPT,258,0,0,AI,0,0,3.07143,0.003807,0.014136,0,1,0,20,20
BPP_50_150_0.1_0.8_8.txt.ins,13,12.989,0.030865,OPT,229,0,0,AI,0,0,3.53846,0.003555,0.021014,0,2,0,22,22
BPP_50_150_0.1_0.8_9.txt.ins,14,13.1551,0.025432,OPT,296,0,0,AI,0,0.214286,2.92857,0.004009,0.016395,0,1,0,24,24
BPP_50_150_0.2_0.7_0.txt.ins,14,13.6132,0.015303,OPT,105,0,0,AI,0,0.0714286,2.57143,0.003302,0.029863,0,2,0,6,6
BPP_50_150_0.2_0.7_1.txt.ins,15,14.4553,0.012914,OPT,186,0,0,AI,0,0.133333,2.6,0.002126,0.008411,0,1,0,15,15
BPP_50_150_0.2_0.7_2.txt.ins,15,14.1532,0.013816,OPT,203,0,0,AI,0,0.0666667,2.86667,0.002753,0.00906,0,1,0,13,13
BPP_50_150_0.2_0.7_3.txt.ins,15,14.0204,0.021094,OPT,281,0,0,AI,0,0,3,0.003166,0.013713,0,1,0,22,22
BPP_50_150_0.2_0.7_4.txt.ins,15,14.1667,0.011761,OPT,183,0,0,AI,0,0,2.93333,0.002402,0.007516,0,1,0,12,12
BPP_50_150_0.2_0.7_5.txt.ins,14,13.9356,0.128351,OPT,208,52,10,AI,52,0,3.35714,0.002862,0.097677,0,2,10,22,22
BPP_50_150_0.2_0.7_6.txt.ins,13,12.8519,0.033748,OPT,129,0,0,AI,0,0.0769231,2.76923,0.002719,0.02806,0,2,0,8,8
BPP_50_150_0.2_0.7_7.txt.ins,14,13.0874,0.027229,OPT,278,0,0,AI,0,0,3.42857,0.003892,0.016682,0,2,0,24,24
BPP_50_150_0.2_0.7_8.txt.ins,16,15.1,0.013043,OPT,179,0,0,AI,0,0.25,2,0.002539,0.008419,0,1,0,13,13
BPP_50_150_0.2_0.7_9.txt.ins,14,13.9233,0.028104,OPT,241,0,0,AI,0,0.0714286,3.21429,0.002882,0.019433,0,2,0,15,15
BPP_50_150_0.2_0.8_0.txt.ins,15,15,0.038523,OPT,219,0,0,AI,0,1,1,0.003277,0.032171,0,1,0,14,14
BPP_50_150_0.2_0.8_1.txt.ins,16,15.8956,0.070542,OPT,161,0,0,AI,0,0,3.125,0.003126,0.060312,0,2,0,13,13
BPP_50_150_0.2_0.8_2.txt.ins,16,15.45,0.015577,OPT,184,0,0,AI,0,0.0625,2.4375,0.002618,0.010744,0,1,0,14,14
BPP_50_150_0.2_0.8_3.txt.ins,16,15.1307,0.017406,OPT,242,0,0,AI,0,0.0625,2.6875,0.003271,0.011251,0,1,0,16,16
BPP_50_150_0.2_0.8_4.txt.ins,16,15.8,0.017121,OPT,173,0,0,AI,0,0.0625,2.6875,0.002211,0.010599,0,2,0,14,14
BPP_50_150_0.2_0.8_5.txt.ins,15,14.2308,0.021812,OPT,227,0,0,AI,0,0.133333,2.73333,0.002681,0.013808,0,2,0,17,17
BPP_50_150_0.2_0.8_6.txt.ins,16,15.125,0.013105,OPT,204,0,0,AI,0,0.0625,2.375,0.002321,0.008746,0,1,0,13,13
BPP_50_150_0.2_0.8_7.txt.ins,16,15.8,0.012393,OPT,122,0,0,AI,0,0,2.6875,0.001399,0.008292,0,2,0,6,6
BPP_50_150_0.2_0.8_8.txt.ins,16,15.7478,0.012767,OPT,137,0,0,AI,0,0,2.8125,0.001522,0.008729,0,2,0,7,7
BPP_50_150_0.2_0.8_9.txt.ins,16,15.8571,0.020306,OPT,168,0,0,AI,0,0.125,2.8125,0.002577,0.012562,0,2,0,13,13
BPP_50_200_0.1_0.7_0.txt.ins,12,11.946,0.02786,OPT,196,0,0,AI,0,0,4,0.004876,0.01757,0,2,0,19,19
BPP_50_200_0.1_0.7_1.txt.ins,12,11.9648,0.020733,OPT,139,0,0,AI,0,0,3.83333,0.003276,0.013728,0,2,0,14,14
BPP_50_200_0.1_0.7_2.txt.ins,13,12.9449,0.027274,OPT,179,0,0,AI,0,0,3.69231,0.00353,0.01825,0,2,0,20,20
BPP_50_200_0.1_0.7_3.txt.ins,13,12.1265,0.020076,OPT,243,0,0,AI,0,0.0769231,3.23077,0.003641,0.013149,0,1,0,19,19
BPP_50_200_0.1_0.7_4.txt.ins,13,12.858,0.025903,OPT,181,0,0,AI,0,0,3.69231,0.003965,0.016863,0,2,0,18,18
BPP_50_200_0.1_0.7_5.txt.ins,14,13.9679,0.197958,OPT,211,95,9,AI,95,0,3.28571,0.003912,0.163055,0,2,9,18,18
BPP_50_200_0.1_0.7_6.txt.ins,13,12.9443,0.140958,OPT,217,100,10,AI,100,0,3.69231,0.003913,0.107618,0,2,10,25,25
BPP_50_200_0.1_0.7_7.txt.ins,13,12.0154,0.024539,OPT,265,0,0,AI,0,0,3.53846,0.004173,0.016402,0,1,0,23,23
BPP_50_200_0.1_0.7_8.txt.ins,14,13.8994,0.010507,OPT,124,0,0,AI,0,0.0714286,2.92857,0.001597,0.006784,0,2,0,8,8
BPP_50_200_0.1_0.7_9.txt.ins,12,11.9379,0.032002,OPT,246,0,0,AI,0,0,4,0.005158,0.020579,0,2,0,28,28
BPP_50_200_0.1_0.8_0.txt.ins,14,14,0.007623,OPT,114,0,0,AI,0,0.142857,2.57143,0.001645,0.004696,0,2,0,8,8
BPP_50_200_0.1_0.8_1.txt.ins,14,13.8943,0.023172,OPT,183,0,0,AI,0,0,3.21429,0.003139,0.015405,0,2,0,15,15
BPP_50_200_0.1_0.8_2.txt.ins,13,12.8253,0.019739,OPT,124,0,0,AI,0,0,3.46154,0.003919,0.012594,0,2,0,10,10
BPP_50_200_0.1_0.8_3.txt.ins,14,13.0854,0.026701,OPT,295,0,0,AI,0,0.0714286,3.07143,0.004059,0.017292,0,1,0,26,26
BPP_50_200_0.1_0.8_4.txt.ins,14,13.9943,0.158149,OPT,268,56,10,AI,56,0.142857,3.21429,0.004169,0.113252,0,2,10,23,23
BPP_50_200_0.1_0.8_5.txt.ins,16,16,0.013142,OPT,156,0,0,AI,0,0.1875,2.1875,0.001652,0.008361,0,2,0,11,11
BPP_50_200_0.1_0.8_6.txt.ins,14,13.8343,0.014927,OPT,114,0,0,AI,0,0,3.42857,0.003088,0.009429,0,2,0,7,7
BPP_50_200_0.1_0.8_7.txt.ins,13,12.9592,0.016427,OPT,123,0,0,AI,0,0.0769231,3.23077,0.002503,0.010813,0,2,0,10,10
BPP_50_200_0.1_0.8_8.txt.ins,14,13.9822,0.018797,OPT,179,0,0,AI,0,0,3.57143,0.00315,0.012171,0,2,0,12,12
BPP_50_200_0.1_0.8_9.txt.ins,14,13.1765,0.023529,OPT,252,0,0,AI,0,0.214286,2.71429,0.004356,0.015395,0,1,0,21,21
BPP_50_200_0.2_0.7_0.txt.ins,15,14.8966,0.011186,OPT,126,0,0,AI,0,0.0666667,3,0.001273,0.007537,0,2,0,7,7
BPP_50_200_0.2_0.7_1.txt.ins,14,13.9678,0.045119,OPT,208,0,0,AI,0,0,3.21429,0.003305,0.035937,0,2,0,14,14
BPP_50_200_0.2_0.7_2.txt.ins,14,13.9569,0.026851,OPT,230,0,0,AI,0,0.142857,2.85714,0.003075,0.018192,0,2,0,17,17
BPP_50_200_0.2_0.7_3.txt.ins,15,14.9708,0.02389,OPT,175,0,0,AI,0,0,3.26667,0.00254,0.016357,0,2,0,16,16
BPP_50_200_0.2_0.7_4.txt.ins,14,13.9008,0.021293,OPT,172,0,0,AI,0,0.0714286,3.42857,0.002592,0.014446,0,2,0,12,12
BPP_50_200_0.2_0.7_5.txt.ins,15,14.8636,0.044462,OPT,169,0,0,AI,0,0,3,0.002606,0.036234,0,2,0,12,12
BPP_50_200_0.2_0.7_6.txt.ins,15,14.9563,0.016076,OPT,119,0,0,AI,0,0.0666667,3,0.002193,0.011006,0,2,0,7,7
BPP_50_200_0.2_0.7_7.txt.ins,15,14.0625,0.063766,OPT,273,0,0,AI,0,0.2,2.26667,0.005244,0.053532,0,1,0,22,22
BPP_50_200_0.2_0.7_8.txt.ins,14,13.8889,0.016068,OPT,135,0,0,AI,0,0.0714286,2.78571,0.002292,0.01067,0,2,0,8,8
BPP_50_200_0.2_0.7_9.txt.ins,15,14.9725,0.018443,OPT,145,0,0,AI,0,0.0666667,3,0.002212,0.012531,0,2,0,9,9
BPP_50_200_0.2_0.8_0.txt.ins,16,15.125,0.038126,OPT,202,0,0,AI,0,0.125,2.625,0.002787,0.032248,0,1,0,14,14
BPP_50_200_0.2_0.8_1.txt.ins,15,14.9925,0.018864,OPT,183,0,0,AI,0,0,3.2,0.002505,0.012738,0,2,0,11,11
BPP_50_200_0.2_0.8_2.txt.ins,15,14.9574,0.069759,OPT,214,0,0,AI,0,0,3.33333,0.00342,0.058914,0,2,0,16,16
BPP_50_200_0.2_0.8_3.txt.ins,16,16,0.033225,OPT,124,0,0,AI,0,0.125,2.375,0.001601,0.027718,0,2,0,8,8
BPP_50_200_0.2_0.8_4.txt.ins,15,14.9259,0.023157,OPT,162,0,0,AI,0,0,3.2,0.003154,0.015436,0,2,0,10,10
BPP_50_200_0.2_0.8_5.txt.ins,16,15.8549,0.019874,OPT,148,0,0,AI,0,0,3,0.00187,0.013671,0,2,0,10,10
BPP_50_200_0.2_0.8_6.txt.ins,16,15.3333,0.013511,OPT,220,0,0,AI,0,0.1875,2,0.002319,0.008575,0,1,0,15,15
BPP_50_200_0.2_0.8_7.txt.ins,15,14.7955,0.007882,OPT,99,0,0,AI,0,0,3.13333,0.001476,0.005182,0,2,0,5,5
BPP_50_200_0.2_0.8_8.txt.ins,17,16.5,0.017289,OPT,174,0,0,AI,0,0.235294,1.70588,0.002106,0.010931,0,2,0,13,13
BPP_50_200_0.2_0.8_9.txt.ins,17,16.5,0.006729,OPT,113,0,0,AI,0,0.0588235,2.23529,0.001436,0.00433,0,1,0,9,9
BPP_50_300_0.1_0.7_0.txt.ins,13,12.9917,0.02349,OPT,175,0,0,AI,0,0,3.53846,0.003621,0.015203,0,2,0,14,14
BPP_50_300_0.1_0.7_1.txt.ins,12,11.0983,0.033368,OPT,334,0,0,AI,0,0,4,0.005609,0.02185,0,1,0,28,28
BPP_50_300_0.1_0.7_2.txt.ins,14,13.9972,0.031629,OPT,261,0,0,AI,0,0.0714286,3.28571,0.003997,0.020786,0,2,0,20,20
BPP_50_300_0.1_0.7_3.txt.ins,13,12.877,0.013043,OPT,100,0,0,AI,0,0,3.38462,0.002291,0.008835,0,2,0,6,6
BPP_50_300_0.1_0.7_4.txt.ins,13,13,0.022958,OPT,216,0,0,AI,0,0,3.38462,0.003494,0.01488,0,2,0,15,15
BPP_50_300_0.1_0.7_5.txt.ins,12,11.993,0.037332,OPT,278,0,0,AI,0,0,3.83333,0.005075,0.024816,0,2,0,25,25
BPP_50_300_0.1_0.7_6.txt.ins,13,12.937,0.045749,OPT,174,0,0,AI,0,0.153846,3.30769,0.004953,0.036655,0,2,0,11,11
BPP_50_300_0.1_0.7_7.txt.ins,13,12.8944,0.019537,OPT,172,0,0,AI,0,0,3.69231,0.003227,0.012882,0,2,0,11,11
BPP_50_300_0.1_0.7_8.txt.ins,13,12.1259,0.033931,OPT,280,0,0,AI,0,0,3.46154,0.004716,0.021399,0,2,0,24,24
BPP_50_300_0.1_0.7_9.txt.ins,13,12.1206,0.045594,OPT,273,0,0,AI,0,0,3.76923,0.005366,0.035234,0,1,0,24,24
BPP_50_300_0.1_0.8_0.txt.ins,14,13.8785,0.014605,OPT,127,0,0,AI,0,0,3.35714,0.002431,0.00961,0,2,0,8,8
BPP_50_300_0.1_0.8_1.txt.ins,14,13.8723,0.02059,OPT,151,0,0,AI,0,0,3.5,0.002995,0.013319,0,2,0,13,13
BPP_50_300_0.1_0.8_2.txt.ins,15,14.4118,0.014876,OPT,212,0,0,AI,0,0.0666667,2.86667,0.002748,0.009644,0,1,0,15,15
BPP_50_300_0.1_0.8_3.txt.ins,15,14.4263,0.022777,OPT,250,0,0,AI,0,0.0666667,2.66667,0.004305,0.01399,0,1,0,24,24
BPP_50_300_0.1_0.8_4.txt.ins,15,14.8767,0.023269,OPT,172,0,0,AI,0,0,3.2,0.002532,0.015985,0,2,0,16,16
BPP_50_300_0.1_0.8_5.txt.ins,14,13,0.08217,OPT,370,20,1,ANI,20,0,3.53846,0.006573,0.05612,0,2,2,45,45
BPP_50_300_0.1_0.8_6.txt.ins,13,12.8412,0.008209,OPT,120,0,0,AI,0,0.0769231,3.30769,0.002322,0.005173,0,1,0,7,7
BPP_50_300_0.1_0.8_7.txt.ins,15,14.7788,0.015148,OPT,127,0,0,AI,0,0.0666667,3,0.002451,0.010037,0,2,0,7,7
BPP_50_300_0.1_0.8_8.txt.ins,15,14.7626,0.017452,OPT,141,0,0,AI,0,0,3.26667,0.002262,0.011834,0,2,0,8,8
BPP_50_300_0.1_0.8_9.txt.ins,15,14.949,0.015426,OPT,133,0,0,AI,0,0,3.13333,0.0022,0.010444,0,2,0,8,8
BPP_50_300_0.2_0.7_0.txt.ins,14,13.9874,0.059267,OPT,192,0,0,AI,0,0.0714286,3.14286,0.004473,0.045956,0,2,0,16,16
BPP_50_300_0.2_0.7_1.txt.ins,13,12.9954,0.023412,OPT,185,0,0,AI,0,0,3.69231,0.003505,0.015289,0,2,0,15,15
BPP_50_300_0.2_0.7_2.txt.ins,15,14.2667,0.015871,OPT,211,0,0,AI,0,0.0666667,2.8,0.002975,0.010484,0,1,0,15,15
BPP_50_300_0.2_0.7_3.txt.ins,14,13.8571,0.014232,OPT,129,0,0,AI,0,0.214286,2.57143,0.002155,0.009237,0,2,0,7,7
BPP_50_300_0.2_0.7_4.txt.ins,14,13.8145,0.020335,OPT,159,0,0,AI,0,0.0714286,3.35714,0.002547,0.013831,0,2,0,12,12
BPP_50_300_0.2_0.7_5.txt.ins,15,14.0328,0.017163,OPT,248,0,0,AI,0,0,3,0.003031,0.011045,0,1,0,17,17
BPP_50_300_0.2_0.7_6.txt.ins,14,13.9872,0.017812,OPT,197,0,0,AI,0,0,3.28571,0.003007,0.010888,0,2,0,14,14
BPP_50_300_0.2_0.7_7.txt.ins,15,14.9566,0.022375,OPT,168,0,0,AI,0,0,3.26667,0.002693,0.015045,0,2,0,12,12
BPP_50_300_0.2_0.7_8.txt.ins,14,13.9631,0.019615,OPT,143,0,0,AI,0,0,3.5,0.002505,0.013575,0,2,0,9,9
BPP_50_300_0.2_0.7_9.txt.ins,15,14.2976,0.013736,OPT,220,0,0,AI,0,0.0666667,2.93333,0.002714,0.008689,0,1,0,14,14
BPP_50_300_0.2_0.8_0.txt.ins,15,14.2143,0.009962,OPT,215,0,0,AI,0,0.133333,2.6,0.002127,0.006259,0,1,0,13,13
BPP_50_300_0.2_0.8_1.txt.ins,15,14.9091,0.024882,OPT,185,0,0,AI,0,0,3.2,0.002284,0.017048,0,2,0,18,18
BPP_50_300_0.2_0.8_2.txt.ins,16,15.8735,0.017706,OPT,161,0,0,AI,0,0.1875,2.8125,0.001969,0.012014,0,2,0,10,10
BPP_50_300_0.2_0.8_3.txt.ins,17,16.5,0.03794,OPT,158,0,0,AI,0,0.117647,2,0.002742,0.032851,0,1,0,12,12
BPP_50_300_0.2_0.8_4.txt.ins,15,14.2879,0.016039,OPT,205,0,0,AI,0,0.133333,2.93333,0.003718,0.009966,0,1,0,13,13
BPP_50_300_0.2_0.8_5.txt.ins,15,14.9524,0.081849,OPT,207,0,0,AI,0,0,2.93333,0.003912,0.068727,0,2,0,22,22
BPP_50_300_0.2_0.8_6.txt.ins,15,14.8546,0.052758,OPT,195,0,0,AI,0,0,3.2,0.002931,0.042387,0,2,0,17,17
BPP_50_300_0.2_0.8_7.txt.ins,15,14.9944,0.020283,OPT,179,0,0,AI,0,0,3,0.002762,0.013548,0,2,0,12,12
BPP_50_300_0.2_0.8_8.txt.ins,15,14.963,0.018232,OPT,130,0,0,AI,0,0.0666667,3.13333,0.002041,0.012604,0,2,0,10,10
BPP_50_300_0.2_0.8_9.txt.ins,15,14.4479,0.028086,OPT,224,0,0,AI,0,0,3.06667,0.003531,0.018002,0,2,0,20,20
BPP_50_400_0.1_0.7_0.txt.ins,13,12.9724,0.027883,OPT,236,0,0,AI,0,0,3.46154,0.00379,0.018545,0,2,0,18,18
BPP_50_400_0.1_0.7_1.txt.ins,15,14.3871,0.021367,OPT,249,0,0,AI,0,0,3.2,0.004255,0.01331,0,1,0,20,20
BPP_50_400_0.1_0.7_2.txt.ins,13,12.9881,0.032061,OPT,252,0,0,AI,0,0,3.46154,0.004718,0.02119,0,2,0,19,19
BPP_50_400_0.1_0.7_3.txt.ins,14,13.2583,0.020335,OPT,235,0,0,AI,0,0.142857,3.07143,0.004093,0.012925,0,1,0,18,18
BPP_50_400_0.1_0.7_4.txt.ins,14,13.1574,0.02544,OPT,305,0,0,AI,0,0.0714286,3.28571,0.004596,0.016397,0,1,0,22,22
BPP_50_400_0.1_0.7_5.txt.ins,13,12.9643,0.023323,OPT,159,0,0,AI,0,0,3.15385,0.003963,0.014763,0,2,0,16,16
BPP_50_400_0.1_0.7_6.txt.ins,11,10.939,0.03141,OPT,196,0,0,AI,0,0,4.27273,0.006362,0.019287,0,2,0,23,23
BPP_50_400_0.1_0.7_7.txt.ins,13,12.9848,0.02421,OPT,180,0,0,AI,0,0,3.69231,0.003404,0.016167,0,2,0,15,15
BPP_50_400_0.1_0.7_8.txt.ins,14,13.9671,0.026915,OPT,191,0,0,AI,0,0,3.42857,0.003454,0.018283,0,2,0,20,20
BPP_50_400_0.1_0.7_9.txt.ins,15,15,0.011966,OPT,142,0,0,AI,0,0.466667,1.66667,0.002143,0.00763,0,2,0,13,13
BPP_50_400_0.1_0.8_0.txt.ins,13,12.8865,0.010678,OPT,96,0,0,AI,0,0,3.76923,0.002759,0.006534,0,2,0,7,7
BPP_50_400_0.1_0.8_1.txt.ins,15,15,0.017624,OPT,147,0,0,AI,0,0.0666667,2.73333,0.002301,0.011737,0,2,0,10,10
BPP_50_400_0.1_0.8_2.txt.ins,13,12.9847,0.031267,OPT,239,0,0,AI,0,0,3.61538,0.004722,0.020539,0,2,0,25,25
BPP_50_400_0.1_0.8_3.txt.ins,14,13.9544,0.110113,OPT,253,61,6,AI,61,0,3.35714,0.003951,0.075798,0,2,6,20,20
BPP_50_400_0.1_0.8_4.txt.ins,12,11.9863,0.061902,OPT,249,0,0,AI,0,0,4,0.005868,0.047618,0,2,0,23,23
BPP_50_400_0.1_0.8_5.txt.ins,15,14.9948,0.026075,OPT,175,0,0,AI,0,0.0666667,3.06667,0.002773,0.018138,0,2,0,14,14
BPP_50_400_0.1_0.8_6.txt.ins,14,13.9913,0.032233,OPT,232,0,0,AI,0,0.0714286,3.21429,0.004263,0.021548,0,2,0,24,24
BPP_50_400_0.1_0.8_7.txt.ins,14,13.1923,0.021848,OPT,221,0,0,AI,0,0,2.85714,0.003978,0.012375,0,2,0,22,22
BPP_50_400_0.1_0.8_8.txt.ins,15,14.9737,0.018489,OPT,188,0,0,AI,0,0.333333,2.4,0.003039,0.011749,0,2,0,13,13
BPP_50_400_0.1_0.8_9.txt.ins,15,14.0344,0.016328,OPT,218,0,0,AI,0,0,2.93333,0.003648,0.010125,0,1,0,15,15
BPP_50_400_0.2_0.7_0.txt.ins,15,14.8286,0.041449,OPT,120,0,0,AI,0,0,3,0.002969,0.034441,0,2,0,7,7
BPP_50_400_0.2_0.7_1.txt.ins,16,15.1875,0.0142,OPT,194,0,0,AI,0,0.0625,2.8125,0.002756,0.009266,0,1,0,14,14
BPP_50_400_0.2_0.7_2.txt.ins,14,13.9875,0.023457,OPT,250,0,0,AI,0,0,3.5,0.003174,0.016045,0,2,0,17,17
BPP_50_400_0.2_0.7_3.txt.ins,15,15,0.018142,OPT,131,0,0,AI,0,0.0666667,1.93333,0.002458,0.012263,0,2,0,8,8
BPP_50_400_0.2_0.7_4.txt.ins,14,13.9776,0.028072,OPT,228,0,0,AI,0,0,3,0.003492,0.018862,0,2,0,18,18
BPP_50_400_0.2_0.7_5.txt.ins,15,14.8925,0.014549,OPT,115,0,0,AI,0,0,3.13333,0.002095,0.009937,0,2,0,6,6
BPP_50_400_0.2_0.7_6.txt.ins,13,12.986,0.034015,OPT,267,0,0,AI,0,0.0769231,3.53846,0.00445,0.022363,0,2,0,23,23
BPP_50_400_0.2_0.7_7.txt.ins,15,14.9722,0.013203,OPT,140,0,0,AI,0,0.2,2.6,0.002117,0.008604,0,2,0,7,7
BPP_50_400_0.2_0.7_8.txt.ins,15,14.8183,0.018477,OPT,157,0,0,AI,0,0,3.26667,0.002317,0.01255,0,2,0,8,8
BPP_50_400_0.2_0.7_9.txt.ins,15,14.9296,0.018096,OPT,155,0,0,AI,0,0.0666667,3.2,0.002319,0.012248,0,2,0,8,8
BPP_50_400_0.2_0.8_0.txt.ins,18,17.25,0.005252,OPT,102,0,0,AI,0,0,2.27778,0.001396,0.003223,0,1,0,7,7
BPP_50_400_0.2_0.8_1.txt.ins,16,15.4,0.01131,OPT,198,0,0,AI,0,0.0625,2.625,0.002468,0.006956,0,1,0,12,12
BPP_50_400_0.2_0.8_2.txt.ins,16,15.1,0.0082,OPT,134,0,0,AI,0,0.0625,2.625,0.002009,0.005118,0,1,0,9,9
BPP_50_400_0.2_0.8_3.txt.ins,16,15.1429,0.010743,OPT,165,0,0,AI,0,0,2.875,0.002937,0.006457,0,1,0,10,10
BPP_50_400_0.2_0.8_4.txt.ins,18,18,0.002749,OPT,67,0,0,AI,0,1,1,0.000816,0.001722,0,1,0,4,4
BPP_50_400_0.2_0.8_5.txt.ins,16,15.1277,0.012639,OPT,179,0,0,AI,0,0.1875,2.375,0.002639,0.008063,0,1,0,13,13
BPP_50_400_0.2_0.8_6.txt.ins,16,15.1333,0.010694,OPT,145,0,0,AI,0,0,3.125,0.002626,0.00681,0,1,0,10,10
BPP_50_400_0.2_0.8_7.txt.ins,15,14.9195,0.019691,OPT,146,0,0,AI,0,0,3,0.002763,0.013261,0,2,0,9,9
BPP_50_400_0.2_0.8_8.txt.ins,15,14.8021,0.017648,OPT,134,0,0,AI,0,0.0666667,3,0.003416,0.011185,0,2,0,7,7
BPP_50_400_0.2_0.8_9.txt.ins,15,13.9975,0.530164,OPT,548,108,15,ANI,80,0,3.14286,0.012235,0.384319,0,2,23,99,97
BPP_50_500_0.1_0.7_0.txt.ins,13,12.9953,0.034483,OPT,245,0,0,AI,0,0,3.69231,0.005362,0.022477,0,2,0,25,25
BPP_50_500_0.1_0.7_1.txt.ins,12,11.1982,0.033163,OPT,290,0,0,AI,0,0.0833333,3.66667,0.007086,0.020786,0,1,0,27,27
BPP_50_500_0.1_0.7_2.txt.ins,14,13.9534,0.058648,OPT,220,0,0,AI,0,0.0714286,3.35714,0.004516,0.046763,0,2,0,25,25
BPP_50_500_0.1_0.7_3.txt.ins,14,13.943,0.022594,OPT,252,0,0,AI,0,0.142857,2.92857,0.003635,0.01424,0,2,0,21,21
BPP_50_500_0.1_0.7_4.txt.ins,13,12.7037,0.01895,OPT,129,0,0,AI,0,0,3.46154,0.003524,0.011987,0,2,0,11,11
BPP_50_500_0.1_0.7_5.txt.ins,13,12.9776,0.023683,OPT,175,0,0,AI,0,0,2.92308,0.004207,0.014802,0,2,0,16,16
BPP_50_500_0.1_0.7_6.txt.ins,13,12.9833,0.027769,OPT,213,0,0,AI,0,0,3.53846,0.003945,0.018275,0,2,0,15,15
BPP_50_500_0.1_0.7_7.txt.ins,13,12.9822,0.034601,OPT,258,0,0,AI,0,0.0769231,3.46154,0.005114,0.022981,0,2,0,19,19
BPP_50_500_0.1_0.7_8.txt.ins,13,12.7442,0.012438,OPT,90,0,0,AI,0,0.0769231,3.30769,0.003133,0.007609,0,2,0,7,7
BPP_50_500_0.1_0.7_9.txt.ins,13,12.9783,0.078891,OPT,284,0,0,AI,0,0.307692,3,0.007216,0.063581,0,2,0,28,28
BPP_50_500_0.1_0.8_0.txt.ins,15,14.4,0.017974,OPT,180,0,0,AI,0,0.0666667,3,0.003377,0.010908,0,2,0,14,14
BPP_50_500_0.1_0.8_1.txt.ins,14,13.0961,0.091257,OPT,268,0,0,AI,0,0.214286,2.78571,0.006623,0.079555,0,1,0,23,23
BPP_50_500_0.1_0.8_2.txt.ins,15,14.0496,0.019474,OPT,237,0,0,AI,0,0,3,0.004026,0.012468,0,1,0,18,18
BPP_50_500_0.1_0.8_3.txt.ins,14,14,0.031344,OPT,110,0,0,AI,0,0.357143,1.64286,0.002957,0.0262,0,2,0,8,8
BPP_50_500_0.1_0.8_4.txt.ins,14,13.0237,0.0207,OPT,251,0,0,AI,0,0.0714286,3,0.004508,0.012695,0,1,0,19,19
BPP_50_500_0.1_0.8_5.txt.ins,14,13.9838,0.175136,OPT,313,71,10,AI,69,0,3.21429,0.005721,0.11951,0,2,11,30,30
BPP_50_500_0.1_0.8_6.txt.ins,14,13.1976,0.021807,OPT,262,0,0,AI,0,0.142857,3.07143,0.003259,0.014317,0,2,0,21,21
BPP_50_500_0.1_0.8_7.txt.ins,15,14.175,0.021911,OPT,228,0,0,AI,0,0.2,2.46667,0.003953,0.013157,0,2,0,18,18
BPP_50_500_0.1_0.8_8.txt.ins,15,14.4286,0.022685,OPT,230,0,0,AI,0,0.0666667,3.13333,0.003839,0.014009,0,2,0,17,17
BPP_50_500_0.1_0.8_9.txt.ins,15,14.5278,0.017065,OPT,227,0,0,AI,0,0.333333,2.53333,0.00357,0.010404,0,1,0,17,17
BPP_50_500_0.2_0.7_0.txt.ins,15,14.0796,0.018014,OPT,236,0,0,AI,0,0.0666667,3.2,0.003621,0.011222,0,1,0,18,18
BPP_50_500_0.2_0.7_1.txt.ins,14,14,0.009438,OPT,159,0,0,AI,0,0.857143,1.14286,0.002633,0.005632,0,1,0,8,8
BPP_50_500_0.2_0.7_2.txt.ins,15,15,0.010377,OPT,183,0,0,AI,0,1,1,0.002642,0.006286,0,1,0,9,9
BPP_50_500_0.2_0.7_3.txt.ins,15,14.824,0.01345,OPT,112,0,0,AI,0,0.133333,2.86667,0.002548,0.008398,0,2,0,7,7
BPP_50_500_0.2_0.7_4.txt.ins,14,13.7141,0.018398,OPT,131,0,0,AI,0,0.0714286,3.07143,0.003087,0.011985,0,2,0,11,11
BPP_50_500_0.2_0.7_5.txt.ins,15,15,0.021179,OPT,199,0,0,AI,0,0,2.2,0.003098,0.014137,0,2,0,12,12
BPP_50_500_0.2_0.7_6.txt.ins,16,15.9314,0.032052,OPT,101,0,0,AI,0,0.0625,2.6875,0.001675,0.027667,0,2,0,5,5
BPP_50_500_0.2_0.7_7.txt.ins,14,13.9336,0.080597,OPT,263,0,0,AI,0,0,3.35714,0.004289,0.067829,0,2,0,24,24
BPP_50_500_0.2_0.7_8.txt.ins,14,13.9207,0.019722,OPT,152,0,0,AI,0,0,3.28571,0.003315,0.012678,0,2,0,9,9
BPP_50_500_0.2_0.7_9.txt.ins,15,14.1633,0.018283,OPT,261,0,0,AI,0,0,2.93333,0.003644,0.011902,0,1,0,16,16
BPP_50_500_0.2_0.8_0.txt.ins,16,15.8943,0.012291,OPT,121,0,0,AI,0,0,2.8125,0.001673,0.00831,0,2,0,6,6
BPP_50_500_0.2_0.8_1.txt.ins,15,14.8286,0.015983,OPT,138,0,0,AI,0,0.133333,2.86667,0.002426,0.010573,0,2,0,8,8
BPP_50_500_0.2_0.8_2.txt.ins,16,15.2073,0.04019,OPT,190,0,0,AI,0,0.125,2.75,0.003757,0.033786,0,1,0,13,13
BPP_50_500_0.2_0.8_3.txt.ins,15,14.9583,0.019674,OPT,199,0,0,AI,0,0,2.93333,0.002876,0.013166,0,2,0,10,10
BPP_50_500_0.2_0.8_4.txt.ins,16,15.9727,0.011505,OPT,119,0,0,AI,0,0.125,2.5625,0.002071,0.0075,0,2,0,6,6
BPP_50_500_0.2_0.8_5.txt.ins,16,15.2,0.013704,OPT,194,0,0,AI,0,0.1875,2.375,0.003162,0.008771,0,1,0,12,12
BPP_50_500_0.2_0.8_6.txt.ins,16,15.3333,0.007461,OPT,156,0,0,AI,0,0.1875,1.8125,0.001723,0.004679,0,1,0,10,10
BPP_50_500_0.2_0.8_7.txt.ins,17,16.35,0.009263,OPT,161,0,0,AI,0,0,2.58824,0.00212,0.00596,0,1,0,10,10
BPP_50_500_0.2_0.8_8.txt.ins,16,15.0182,0.015268,OPT,218,0,0,AI,0,0.125,2.375,0.00309,0.009696,0,1,0,15,15
BPP_50_500_0.2_0.8_9.txt.ins,15,14.944,0.024719,OPT,178,0,0,AI,0,0.0666667,3.13333,0.003293,0.016381,0,2,0,14,14
BPP_50_50_0.1_0.7_0.txt.ins,14,13.9444,0.014279,OPT,132,0,0,AI,0,0,3.14286,0.002193,0.009281,0,2,0,9,9
BPP_50_50_0.1_0.7_1.txt.ins,14,13.1753,0.045183,OPT,271,0,0,AI,0,0,3.5,0.003484,0.037298,0,1,0,20,20
BPP_50_50_0.1_0.7_2.txt.ins,13,12.9849,0.021429,OPT,146,0,0,AI,0,0,3.46154,0.002562,0.014249,0,2,0,13,13
BPP_50_50_0.1_0.7_3.txt.ins,14,13.1853,0.025757,OPT,250,0,0,AI,0,0,3.35714,0.003308,0.016059,0,2,0,23,23
BPP_50_50_0.1_0.7_4.txt.ins,14,13.9209,0.014787,OPT,123,0,0,AI,0,0,3.35714,0.002117,0.00994,0,2,0,8,8
BPP_50_50_0.1_0.7_5.txt.ins,12,11.9975,0.038577,OPT,270,0,0,AI,0,0,4.16667,0.004538,0.026445,0,2,0,29,29
BPP_50_50_0.1_0.7_6.txt.ins,13,12.9343,0.022967,OPT,173,0,0,AI,0,0,3.53846,0.002695,0.0156,0,2,0,17,17
BPP_50_50_0.1_0.7_7.txt.ins,14,13.9796,0.067628,OPT,176,0,0,AI,0,0,3.57143,0.002337,0.05681,0,2,0,19,19
BPP_50_50_0.1_0.7_8.txt.ins,14,13.8899,0.025624,OPT,182,0,0,AI,0,0,3.57143,0.002761,0.017771,0,2,0,15,15
BPP_50_50_0.1_0.7_9.txt.ins,14,13.9097,0.029457,OPT,190,0,0,AI,0,0,3.21429,0.002771,0.019904,0,2,0,19,19
BPP_50_50_0.1_0.8_0.txt.ins,14,13.9594,0.03417,OPT,229,0,0,AI,0,0,3.42857,0.003314,0.023522,0,2,0,26,26
BPP_50_50_0.1_0.8_1.txt.ins,15,14.8071,0.0064,OPT,99,0,0,AI,0,0.0666667,3.06667,0.001177,0.004399,0,1,0,7,7
BPP_50_50_0.1_0.8_2.txt.ins,15,14.9182,0.066774,OPT,141,0,0,AI,0,0.0666667,2.93333,0.002865,0.059011,0,2,0,11,11
BPP_50_50_0.1_0.8_3.txt.ins,13,12.8395,0.030434,OPT,204,0,0,AI,0,0,3.69231,0.003488,0.020621,0,2,0,24,24
BPP_50_50_0.1_0.8_4.txt.ins,14,13.9477,0.024786,OPT,209,0,0,AI,0,0,3.42857,0.003132,0.016642,0,2,0,16,16
BPP_50_50_0.1_0.8_5.txt.ins,14,14,0.027411,OPT,225,0,0,AI,0,0.214286,1.78571,0.003212,0.018525,0,2,0,24,24
BPP_50_50_0.1_0.8_6.txt.ins,14,13.2579,0.020339,OPT,251,0,0,AI,0,0.0714286,3.42857,0.003164,0.013652,0,1,0,19,19
BPP_50_50_0.1_0.8_7.txt.ins,14,13.979,0.054288,OPT,204,0,0,AI,0,0,3.5,0.002703,0.044457,0,2,0,17,17
BPP_50_50_0.1_0.8_8.txt.ins,14,13.8843,0.022235,OPT,175,0,0,AI,0,0,3.42857,0.002331,0.015442,0,2,0,14,14
BPP_50_50_0.1_0.8_9.txt.ins,14,13.8405,0.050551,OPT,152,0,0,AI,0,0,3.57143,0.002949,0.042006,0,2,0,13,13
BPP_50_50_0.2_0.7_0.txt.ins,14,13.9949,0.019369,OPT,173,0,0,AI,0,0,3.5,0.002001,0.012937,0,2,0,14,14
BPP_50_50_0.2_0.7_1.txt.ins,15,14.8855,0.048306,OPT,165,0,0,AI,0,0,3.13333,0.002586,0.039884,0,2,0,14,14
BPP_50_50_0.2_0.7_2.txt.ins,14,13.9873,0.023401,OPT,204,0,0,AI,0,0.142857,3.14286,0.002328,0.016,0,2,0,15,15
BPP_50_50_0.2_0.7_3.txt.ins,14,13.9194,0.016976,OPT,168,0,0,AI,0,0,3.35714,0.001973,0.011652,0,2,0,9,9
BPP_50_50_0.2_0.7_4.txt.ins,15,14.7966,0.015258,OPT,152,0,0,AI,0,0.2,2.86667,0.001799,0.010291,0,2,0,9,9
BPP_50_50_0.2_0.7_5.txt.ins,15,14.2143,0.035998,OPT,224,0,0,AI,0,0.133333,2.53333,0.00267,0.030531,0,1,0,14,14
BPP_50_50_0.2_0.7_6.txt.ins,14,13.7723,0.016907,OPT,148,0,0,AI,0,0.0714286,3.28571,0.001913,0.011671,0,2,0,9,9
BPP_50_50_0.2_0.7_7.txt.ins,15,15,0.01401,OPT,139,0,0,AI,0,0,3.13333,0.001477,0.009441,0,2,0,7,7
BPP_50_50_0.2_0.7_8.txt.ins,16,15.1429,0.011449,OPT,185,0,0,AI,0,0,2.9375,0.001966,0.00761,0,1,0,12,12
BPP_50_50_0.2_0.7_9.txt.ins,15,14.9583,0.020919,OPT,192,0,0,AI,0,0.0666667,3,0.001822,0.014315,0,2,0,15,15
BPP_50_50_0.2_0.8_0.txt.ins,15,14.0149,0.017213,OPT,235,0,0,AI,0,0.0666667,3,0.002499,0.011584,0,1,0,18,18
BPP_50_50_0.2_0.8_1.txt.ins,15,14.9444,0.013098,OPT,117,0,0,AI,0,0.0666667,2.73333,0.001432,0.008681,0,2,0,7,7
BPP_50_50_0.2_0.8_2.txt.ins,16,16,0.009669,OPT,139,0,0,AI,0,0.125,2.3125,0.001141,0.006404,0,2,0,7,7
BPP_50_50_0.2_0.8_3.txt.ins,16,15.3175,0.012732,OPT,204,0,0,AI,0,0,3,0.001892,0.008333,0,1,0,15,15
BPP_50_50_0.2_0.8_4.txt.ins,16,15.7143,0.015614,OPT,146,0,0,AI,0,0.1875,2.125,0.001492,0.0104,0,2,0,13,13
BPP_50_50_0.2_0.8_5.txt.ins,15,15,0.018697,OPT,173,0,0,AI,0,0.133333,2.66667,0.001978,0.012458,0,2,0,13,13
BPP_50_50_0.2_0.8_6.txt.ins,16,15.4444,0.01303,OPT,211,0,0,AI,0,0.25,2.125,0.001832,0.008769,0,1,0,14,14
BPP_50_50_0.2_0.8_7.txt.ins,16,15.3514,0.015353,OPT,221,0,0,AI,0,0.25,2.0625,0.002233,0.010014,0,1,0,18,18
BPP_50_50_0.2_0.8_8.txt.ins,16,16,0.014305,OPT,145,0,0,AI,0,0.1875,2.375,0.001883,0.009393,0,2,0,10,10
BPP_50_50_0.2_0.8_9.txt.ins,16,15.9444,0.007165,OPT,144,0,0,AI,0,0,2.375,0.001166,0.004943,0,1,0,7,7
BPP_50_750_0.1_0.7_0.txt.ins,14,13.8462,0.01863,OPT,142,0,0,AI,0,0,3.35714,0.002947,0.011948,0,2,0,11,11
BPP_50_750_0.1_0.7_1.txt.ins,13,12.1185,0.043903,OPT,341,0,0,AI,0,0.0769231,3.53846,0.007186,0.027297,0,2,0,29,29
BPP_50_750_0.1_0.7_2.txt.ins,15,14.0878,0.019123,OPT,233,0,0,AI,0,0,3,0.004554,0.011864,0,1,0,17,17
BPP_50_750_0.1_0.7_3.txt.ins,13,12.9731,0.035997,OPT,267,0,0,AI,0,0,3.61538,0.006103,0.023099,0,2,0,23,23
BPP_50_750_0.1_0.7_4.txt.ins,12,11.8971,0.027534,OPT,172,0,0,AI,0,0.166667,3.41667,0.00553,0.016964,0,2,0,21,21
BPP_50_750_0.1_0.7_5.txt.ins,14,13.0305,0.023941,OPT,265,0,0,AI,0,0,3.21429,0.005673,0.014595,0,1,0,20,20
BPP_50_750_0.1_0.7_6.txt.ins,14,14,0.016651,OPT,151,0,0,AI,0,0.357143,1.64286,0.003179,0.01027,0,2,0,12,12
BPP_50_750_0.1_0.7_7.txt.ins,13,12.3982,0.029691,OPT,239,0,0,AI,0,0,3.61538,0.005266,0.017839,0,2,0,21,21
BPP_50_750_0.1_0.7_8.txt.ins,13,12.9367,0.026737,OPT,204,0,0,AI,0,0,3.76923,0.004513,0.017105,0,2,0,16,16
BPP_50_750_0.1_0.7_9.txt.ins,14,13.1653,0.018168,OPT,223,0,0,AI,0,0,3.35714,0.004318,0.011043,0,1,0,17,17
BPP_50_750_0.1_0.8_0.txt.ins,16,15.75,0.051863,OPT,132,0,0,AI,0,0,2.875,0.003407,0.04665,0,1,0,10,10
BPP_50_750_0.1_0.8_1.txt.ins,13,12.9943,0.0288,OPT,217,0,0,AI,0,0,3.15385,0.005317,0.018477,0,2,0,14,14
BPP_50_750_0.1_0.8_2.txt.ins,14,13.923,0.023971,OPT,165,0,0,AI,0,0,3.5,0.004198,0.015364,0,2,0,14,14
BPP_50_750_0.1_0.8_3.txt.ins,14,13.9242,0.032668,OPT,227,0,0,AI,0,0,3.57143,0.004725,0.02166,0,2,0,25,25
BPP_50_750_0.1_0.8_4.txt.ins,14,13.9795,0.02657,OPT,217,0,0,AI,0,0.142857,2.92857,0.004217,0.017103,0,2,0,16,16
BPP_50_750_0.1_0.8_5.txt.ins,15,14.1327,0.019181,OPT,222,0,0,AI,0,0,2.66667,0.004429,0.011395,0,1,0,19,19
BPP_50_750_0.1_0.8_6.txt.ins,14,13.9996,0.057177,OPT,213,0,0,AI,0,0.0714286,2.92857,0.005482,0.044288,0,2,0,25,25
BPP_50_750_0.1_0.8_7.txt.ins,15,14.1321,0.019336,OPT,239,0,0,AI,0,0,3.2,0.004356,0.011798,0,1,0,18,18
BPP_50_750_0.1_0.8_8.txt.ins,14,13.9984,0.02226,OPT,159,0,0,AI,0,0,3.21429,0.003327,0.014783,0,2,0,11,11
BPP_50_750_0.1_0.8_9.txt.ins,13,12.875,0.022486,OPT,139,0,0,AI,0,0.0769231,3.23077,0.004212,0.014393,0,2,0,13,13
BPP_50_750_0.2_0.7_0.txt.ins,14,13.9848,0.027949,OPT,222,0,0,AI,0,0,3.35714,0.004088,0.018314,0,2,0,19,19
BPP_50_750_0.2_0.7_1.txt.ins,15,14.673,0.013464,OPT,120,0,0,AI,0,0,3.13333,0.002854,0.008495,0,2,0,7,7
BPP_50_750_0.2_0.7_2.txt.ins,14,14,0.017678,OPT,163,0,0,AI,0,0.285714,2.07143,0.003326,0.010976,0,2,0,10,10
BPP_50_750_0.2_0.7_3.txt.ins,14,13.9767,0.025749,OPT,214,0,0,AI,0,0,3.35714,0.003645,0.017204,0,2,0,15,15
BPP_50_750_0.2_0.7_4.txt.ins,14,13.9921,0.030363,OPT,240,0,0,AI,0,0,3.5,0.004647,0.020015,0,2,0,16,16
BPP_50_750_0.2_0.7_5.txt.ins,15,14.8794,0.071674,OPT,188,0,0,AI,0,0,3.13333,0.005335,0.060609,0,2,0,12,12
BPP_50_750_0.2_0.7_6.txt.ins,14,14,0.02008,OPT,208,0,0,AI,0,0.142857,1.85714,0.003633,0.012195,0,2,0,14,14
BPP_50_750_0.2_0.7_7.txt.ins,15,14.8278,0.012147,OPT,107,0,0,AI,0,0.0666667,3.06667,0.002208,0.007922,0,2,0,6,6
BPP_50_750_0.2_0.7_8.txt.ins,14,14,0.033612,OPT,264,0,0,AI,0,0,3.14286,0.004401,0.021947,0,2,0,22,22
BPP_50_750_0.2_0.7_9.txt.ins,14,13.8736,0.018379,OPT,150,0,0,AI,0,0,3.35714,0.003155,0.01195,0,2,0,10,10
BPP_50_750_0.2_0.8_0.txt.ins,16,15.2857,0.015347,OPT,212,0,0,AI,0,0.1875,2.125,0.004065,0.009142,0,1,0,14,14
BPP_50_750_0.2_0.8_1.txt.ins,15,15,0.022783,OPT,200,0,0,AI,0,0.133333,2.6,0.003634,0.014699,0,2,0,11,11
BPP_50_750_0.2_0.8_2.txt.ins,15,14.9032,0.048264,OPT,198,0,0,AI,0,0,3.06667,0.004286,0.037628,0,2,0,15,15
BPP_50_750_0.2_0.8_3.txt.ins,17,16.3,0.009335,OPT,118,0,0,AI,0,0,2.58824,0.002728,0.005443,0,1,0,9,9
BPP_50_750_0.2_0.8_4.txt.ins,16,15.2213,0.015034,OPT,218,0,0,AI,0,0.125,2.625,0.003645,0.008871,0,1,0,15,15
BPP_50_750_0.2_0.8_5.txt.ins,16,15.9333,0.021023,OPT,169,0,0,AI,0,0.0625,2.5,0.003101,0.013577,0,2,0,12,12
BPP_50_750_0.2_0.8_6.txt.ins,15,14.8264,0.00904,OPT,126,0,0,AI,0,0.0666667,3.2,0.002856,0.005172,0,1,0,7,7
BPP_50_750_0.2_0.8_7.txt.ins,15,14.9519,0.029242,OPT,218,0,0,AI,0,0,3.06667,0.003677,0.019175,0,2,0,25,25
BPP_50_750_0.2_0.8_8.txt.ins,16,15.2143,0.012663,OPT,187,0,0,AI,0,0.125,2.1875,0.003249,0.007511,0,1,0,12,12
BPP_50_750_0.2_0.8_9.txt.ins,16,15.9672,0.022727,OPT,193,0,0,AI,0,0.125,2.8125,0.00297,0.015051,0,2,0,14,14
BPP_50_75_0.1_0.7_0.txt.ins,13,12.8993,0.013089,OPT,100,0,0,AI,0,0.0769231,3.46154,0.002279,0.008522,0,2,0,7,7
BPP_50_75_0.1_0.7_1.txt.ins,13,12.7963,0.015304,OPT,116,0,0,AI,0,0,3.38462,0.002457,0.010244,0,2,0,8,8
BPP_50_75_0.1_0.7_2.txt.ins,13,12.8561,0.01438,OPT,115,0,0,AI,0,0,3.76923,0.002536,0.009268,0,2,0,9,9
BPP_50_75_0.1_0.7_3.txt.ins,13,12.7917,0.02191,OPT,136,0,0,AI,0,0.0769231,3.38462,0.003385,0.01474,0,2,0,11,11
BPP_50_75_0.1_0.7_4.txt.ins,14,13.878,0.02373,OPT,191,0,0,AI,0,0,3.21429,0.002974,0.015982,0,2,0,16,16
BPP_50_75_0.1_0.7_5.txt.ins,13,12.0952,0.020825,OPT,264,0,0,AI,0,0,3.61538,0.003332,0.013974,0,1,0,19,19
BPP_50_75_0.1_0.7_6.txt.ins,12,11.978,0.026673,OPT,192,0,0,AI,0,0,4.16667,0.003656,0.018288,0,2,0,15,15
BPP_50_75_0.1_0.7_7.txt.ins,12,12,0.288736,OPT,359,110,10,AI,100,0,3.5,0.005349,0.229487,0,2,11,37,37
BPP_50_75_0.1_0.7_8.txt.ins,12,11.9051,0.01268,OPT,133,0,0,AI,0,0,3.83333,0.0029,0.008461,0,1,0,10,10
BPP_50_75_0.1_0.7_9.txt.ins,13,12.1805,0.021845,OPT,243,0,0,AI,0,0,3.38462,0.003554,0.014376,0,1,0,21,21
BPP_50_75_0.1_0.8_0.txt.ins,14,13.9048,0.168011,OPT,304,100,10,AI,100,0,3.14286,0.004436,0.115143,0,2,10,36,36
BPP_50_75_0.1_0.8_1.txt.ins,16,15.1429,0.013694,OPT,208,0,0,AI,0,0.125,2.125,0.002354,0.009295,0,1,0,14,14
BPP_50_75_0.1_0.8_2.txt.ins,14,13.0809,0.020549,OPT,262,0,0,AI,0,0,3.28571,0.003449,0.013553,0,1,0,20,20
BPP_50_75_0.1_0.8_3.txt.ins,14,13.0351,0.025709,OPT,292,0,0,AI,0,0.142857,2.92857,0.004503,0.016612,0,1,0,24,24
BPP_50_75_0.1_0.8_4.txt.ins,15,15,0.020605,OPT,203,0,0,AI,0,0.0666667,2.93333,0.002317,0.013861,0,2,0,13,13
BPP_50_75_0.1_0.8_5.txt.ins,15,14.919,0.016072,OPT,134,0,0,AI,0,0.133333,2.93333,0.002101,0.010666,0,2,0,10,10
BPP_50_75_0.1_0.8_6.txt.ins,13,12.9903,0.014731,OPT,111,0,0,AI,0,0,3.23077,0.002737,0.009646,0,2,0,10,10
BPP_50_75_0.1_0.8_7.txt.ins,13,12.9412,0.051435,OPT,210,0,0,AI,0,0.0769231,3,0.004343,0.040467,0,2,0,24,24
BPP_50_75_0.1_0.8_8.txt.ins,13,12.1509,0.022199,OPT,266,0,0,AI,0,0,3.07692,0.00332,0.014816,0,1,0,22,22
BPP_50_75_0.1_0.8_9.txt.ins,15,14.8822,0.020613,OPT,160,0,0,AI,0,0,3.13333,0.002145,0.014191,0,2,0,13,13
BPP_50_75_0.2_0.7_0.txt.ins,15,14.6921,0.034392,OPT,114,0,0,AI,0,0.0666667,2.93333,0.002606,0.029444,0,2,0,6,6
BPP_50_75_0.2_0.7_1.txt.ins,14,13.7366,0.013992,OPT,123,0,0,AI,0,0.0714286,2.92857,0.001812,0.009567,0,2,0,7,7
BPP_50_75_0.2_0.7_2.txt.ins,15,15,0.00591,OPT,102,0,0,AI,0,1,1,0.001376,0.00388,0,1,0,5,5
BPP_50_75_0.2_0.7_3.txt.ins,15,14.1042,0.017911,OPT,249,0,0,AI,0,0.133333,2.93333,0.003016,0.011956,0,1,0,17,17
BPP_50_75_0.2_0.7_4.txt.ins,14,13.7867,0.019228,OPT,151,0,0,AI,0,0,3.28571,0.002266,0.013119,0,2,0,12,12
BPP_50_75_0.2_0.7_5.txt.ins,16,15.1691,0.039291,OPT,213,0,0,AI,0,0.125,2.8125,0.002751,0.032952,0,1,0,16,16
BPP_50_75_0.2_0.7_6.txt.ins,15,14.774,0.013428,OPT,117,0,0,AI,0,0,3.26667,0.001781,0.008971,0,2,0,8,8
BPP_50_75_0.2_0.7_7.txt.ins,16,15.2,0.009367,OPT,156,0,0,AI,0,0.0625,2.5625,0.001776,0.006201,0,1,0,11,11
BPP_50_75_0.2_0.7_8.txt.ins,15,14.1562,0.01485,OPT,215,0,0,AI,0,0,3,0.002446,0.010177,0,1,0,13,13
BPP_50_75_0.2_0.7_9.txt.ins,14,14,0.01546,OPT,165,0,0,AI,0,0.0714286,3.14286,0.002476,0.009881,0,2,0,10,10
BPP_50_75_0.2_0.8_0.txt.ins,15,15,0.016461,OPT,236,0,0,AI,0,1,1,0.002374,0.010836,0,1,0,17,17
BPP_50_75_0.2_0.8_1.txt.ins,15,14.8846,0.026138,OPT,174,0,0,AI,0,0,3.2,0.002135,0.0182,0,2,0,21,21
BPP_50_75_0.2_0.8_2.txt.ins,17,16.9,0.008922,OPT,155,0,0,AI,0,0.176471,2.23529,0.001709,0.005929,0,1,0,10,10
BPP_50_75_0.2_0.8_3.txt.ins,17,16.5,0.006991,OPT,123,0,0,AI,0,0.176471,2.23529,0.001206,0.004817,0,1,0,9,9
BPP_50_75_0.2_0.8_4.txt.ins,16,15.1111,0.010211,OPT,177,0,0,AI,0,0.1875,2.0625,0.002145,0.006643,0,1,0,11,11
BPP_50_75_0.2_0.8_5.txt.ins,16,15.625,0.005468,OPT,107,0,0,AI,0,0.25,2.25,0.001266,0.003622,0,1,0,5,5
BPP_50_75_0.2_0.8_6.txt.ins,15,14.9935,0.017279,OPT,168,0,0,AI,0,0.2,2.8,0.001874,0.011455,0,2,0,10,10
BPP_50_75_0.2_0.8_7.txt.ins,16,15.1277,0.014887,OPT,207,0,0,AI,0,0.125,2.4375,0.002312,0.009889,0,1,0,16,16
BPP_50_75_0.2_0.8_8.txt.ins,15,14.9194,0.014398,OPT,153,0,0,AI,0,0.133333,2.8,0.001866,0.009417,0,2,0,9,9
BPP_50_75_0.2_0.8_9.txt.ins,17,17,0.007396,OPT,112,0,0,AI,0,0.0588235,2.23529,0.001319,0.004392,0,2,0,9,9
