BPP_500_1000_0.1_0.7_0.txt.ins,121,120.954,17.7692,OPT,5618,0,0,AI,0,0.0165289,3.82645,0.465835,16.8337,0,2,0,129,129
BPP_500_1000_0.1_0.7_1.txt.ins,126,125.965,3.51809,OPT,4835,0,0,AI,0,0.031746,3.59524,0.347769,3.03689,0,2,0,76,76
BPP_500_1000_0.1_0.7_2.txt.ins,123,122.983,12.7696,OPT,5757,0,0,AI,0,0,3.74797,0.420908,11.9586,0,2,0,131,130
BPP_500_1000_0.1_0.7_3.txt.ins,124,123.94,3.21714,OPT,4436,0,0,AI,0,0.0322581,3.64516,0.3506,2.73966,0,2,0,53,53
BPP_500_1000_0.1_0.7_4.txt.ins,126,125.971,3.34351,OPT,4985,0,0,AI,0,0.031746,3.5873,0.330227,2.87993,0,2,0,65,65
BPP_500_1000_0.1_0.7_5.txt.ins,121,120.971,17.4108,OPT,5937,0,0,AI,0,0,3.8595,0.412834,16.5232,0,2,0,134,134
BPP_500_1000_0.1_0.7_6.txt.ins,121,120.594,5.4166,OPT,6218,0,0,AI,0,0.0165289,3.91736,0.385613,4.81532,0,2,0,101,86
BPP_500_1000_0.1_0.7_7.txt.ins,122,121.999,4.91029,OPT,5653,0,0,AI,0,0.00819672,3.87705,0.41093,4.32532,0,2,0,91,91
BPP_500_1000_0.1_0.7_8.txt.ins,122,121.973,27.3822,OPT,6494,0,0,AI,0,0.00819672,3.7377,0.433144,26.3436,0,2,0,119,119
BPP_500_1000_0.1_0.7_9.txt.ins,119,118.003,6.88644,OPT,6465,0,0,AI,0,0.0168067,3.94118,0.424257,6.18738,0,2,0,88,88
BPP_500_1000_0.1_0.8_0.txt.ins,134,133.988,13.9608,OPT,5751,0,0,AI,0,0.0522388,3.37313,0.331577,13.2161,0,2,0,114,110
BPP_500_1000_0.1_0.8_1.txt.ins,136,135.989,4.31414,OPT,5104,0,0,AI,0,0.0441176,3.20588,0.292428,3.88524,0,2,0,70,70
BPP_500_1000_0.1_0.8_2.txt.ins,133,132.943,3.46619,OPT,4705,0,0,AI,0,0.037594,3.34586,0.347453,2.98724,0,2,0,63,63
BPP_500_1000_0.1_0.8_3.txt.ins,136,135.136,7.73909,OPT,5866,0,0,AI,0,0.0441176,3.30882,0.344903,7.15434,0,2,0,64,61
BPP_500_1000_0.1_0.8_4.txt.ins,133,132.225,7.5932,OPT,6562,0,0,AI,0,0.0676692,3.38346,0.333029,7.01133,0,2,0,76,76
BPP_500_1000_0.1_0.8_5.txt.ins,136,135.942,4.16197,OPT,4706,0,0,AI,0,0.0441176,3.36765,0.312605,3.71751,0,2,0,57,56
BPP_500_1000_0.1_0.8_6.txt.ins,134,133.978,24.0694,OPT,5654,0,0,AI,0,0.0671642,3.35821,0.37898,23.0306,0,2,0,144,142
BPP_500_1000_0.1_0.8_7.txt.ins,135,134.505,5.87174,OPT,5777,0,0,AI,0,0.037037,3.36296,0.352127,5.29081,0,2,0,73,70
BPP_500_1000_0.1_0.8_8.txt.ins,135,134.995,22.5518,OPT,6021,0,0,AI,0,0.0592593,3.27407,0.370408,21.5534,0,2,0,126,126
BPP_500_1000_0.1_0.8_9.txt.ins,135,134.986,13.3725,OPT,5115,0,0,AI,0,0.0444444,3.24444,0.324436,12.6824,0,2,0,87,87
BPP_500_1000_0.2_0.7_0.txt.ins,138,136.997,52.3563,OPT,8119,20,1,ANI,20,0.0510949,3.28467,0.354395,50.6282,0,2,2,137,137
BPP_500_1000_0.2_0.7_1.txt.ins,134,133.973,2.15426,OPT,4204,0,0,AI,0,0.0223881,3.40299,0.222078,1.84664,0,2,0,41,41
BPP_500_1000_0.2_0.7_2.txt.ins,137,136.984,28.4115,OPT,5664,0,0,AI,0,0.0364964,3.23358,0.303872,27.3168,0,2,0,109,109
BPP_500_1000_0.2_0.7_3.txt.ins,141,140.192,5.5012,OPT,5713,0,0,AI,0,0.0496454,3.17021,0.279325,5.03401,0,2,0,70,68
BPP_500_1000_0.2_0.7_4.txt.ins,139,138.931,3.01547,OPT,4288,0,0,AI,0,0.0503597,3.1223,0.266519,2.66806,0,2,0,52,52
BPP_500_1000_0.2_0.7_5.txt.ins,138,137.306,5.57653,OPT,5728,0,0,AI,0,0.0797101,3.14493,0.240971,5.16609,0,2,0,47,47
BPP_500_1000_0.2_0.7_6.txt.ins,141,140.542,4.6624,OPT,5439,0,0,AI,0,0.070922,3.14894,0.262286,4.21935,0,2,0,60,59
BPP_500_1000_0.2_0.7_7.txt.ins,141,140.353,6.88261,OPT,5180,0,0,AI,0,0.0283688,3.28369,0.23414,6.4621,0,2,0,47,47
BPP_500_1000_0.2_0.7_8.txt.ins,134,133.998,233.636,OPT,8751,300,60,AI,100,0.0522388,3.31343,0.433344,225.317,0,2,60,325,325
BPP_500_1000_0.2_0.7_9.txt.ins,139,138.052,4.93788,OPT,5415,0,0,AI,0,0.0791367,3.14388,0.258392,4.49618,0,2,0,56,56
BPP_500_1000_0.2_0.8_0.txt.ins,148,147.164,5.78792,OPT,5193,0,0,AI,0,0.0945946,2.82432,0.252265,5.34657,0,2,0,49,46
BPP_500_1000_0.2_0.8_1.txt.ins,146,145.218,5.88237,OPT,5752,0,0,AI,0,0.178082,2.76712,0.276807,5.40413,0,2,0,53,53
BPP_500_1000_0.2_0.8_2.txt.ins,147,146.134,5.68706,OPT,5017,0,0,AI,0,0.0680272,2.93197,0.247278,5.25472,0,2,0,42,42
BPP_500_1000_0.2_0.8_3.txt.ins,146,145.899,23.3345,OPT,4985,0,0,AI,0,0.0616438,3.06164,0.234622,22.3823,0,2,0,109,109
BPP_500_1000_0.2_0.8_4.txt.ins,146,145.359,4.87999,OPT,4997,0,0,AI,0,0.0890411,2.93836,0.245991,4.4694,0,2,0,48,48
BPP_500_1000_0.2_0.8_5.txt.ins,143,142.497,5.57181,OPT,5568,0,0,AI,0,0.041958,3.15385,0.268962,5.11323,0,2,0,61,60
BPP_500_1000_0.2_0.8_6.txt.ins,145,144.939,2.986,OPT,4070,0,0,AI,0,0.0551724,3.02069,0.209049,2.67135,0,2,0,40,40
BPP_500_1000_0.2_0.8_7.txt.ins,145,144.987,5.05041,OPT,4918,0,0,AI,0,0.0344828,3.08276,0.251324,4.65462,0,2,0,56,56
BPP_500_1000_0.2_0.8_8.txt.ins,146,145.031,5.57008,OPT,5376,0,0,AI,0,0.0821918,2.9863,0.251241,5.1523,0,2,0,60,60
BPP_500_1000_0.2_0.8_9.txt.ins,152,151.2,5.20486,OPT,4149,0,0,AI,0,0.0394737,2.91447,0.211505,4.84252,0,2,0,30,30
BPP_500_100_0.1_0.7_0.txt.ins,122,121.952,55.7495,OPT,6372,100,10,AI,100,0.0163934,3.57377,0.336796,53.8912,0,2,10,242,240
BPP_500_100_0.1_0.7_1.txt.ins,125,124.045,7.62206,OPT,5216,0,0,AI,0,0.016,3.776,0.242998,7.13453,0,2,0,70,70
BPP_500_100_0.1_0.7_2.txt.ins,124,123.998,3.29857,OPT,4864,0,0,AI,0,0.0322581,3.60484,0.238776,2.92255,0,2,0,98,88
BPP_500_100_0.1_0.7_3.txt.ins,125,124.911,56.024,OPT,6195,100,10,AI,100,0.016,3.776,0.300142,54.2247,0,2,10,254,249
BPP_500_100_0.1_0.7_4.txt.ins,123,122.96,2.78493,OPT,4520,0,0,AI,0,0.0325203,3.5935,0.23855,2.42444,0,2,0,65,64
BPP_500_100_0.1_0.7_5.txt.ins,126,125.342,10.1343,OPT,5515,0,0,AI,0,0.0634921,3.64286,0.235536,9.5473,0,2,0,109,107
BPP_500_100_0.1_0.7_6.txt.ins,129,128.104,4.36646,OPT,5122,0,0,AI,0,0.0232558,3.65891,0.233286,3.9535,0,2,0,80,74
BPP_500_100_0.1_0.7_7.txt.ins,127,126.97,18.4687,OPT,5066,0,0,AI,0,0.0314961,3.48819,0.219084,17.6721,0,2,0,127,125
BPP_500_100_0.1_0.7_8.txt.ins,122,121.98,3.41864,OPT,4601,0,0,AI,0,0.0245902,3.72131,0.23047,3.05109,0,2,0,73,73
BPP_500_100_0.1_0.7_9.txt.ins,121,120.088,11.4832,OPT,5490,0,0,AI,0,0.0247934,3.89256,0.251306,10.8482,0,2,0,97,96
BPP_500_100_0.1_0.8_0.txt.ins,135,134.981,9.6786,OPT,4553,0,0,AI,0,0.0592593,3.2963,0.195047,9.15567,0,2,0,72,72
BPP_500_100_0.1_0.8_1.txt.ins,132,131.631,4.93707,OPT,4979,0,0,AI,0,0.0984848,3.29545,0.219279,4.51491,0,2,0,76,75
BPP_500_100_0.1_0.8_2.txt.ins,136,135.97,2.98427,OPT,4186,0,0,AI,0,0.0441176,3.26471,0.228659,2.61679,0,2,0,59,58
BPP_500_100_0.1_0.8_3.txt.ins,132,131.872,3.1646,OPT,4417,0,0,AI,0,0.0151515,3.49242,0.217564,2.78808,0,2,0,91,83
BPP_500_100_0.1_0.8_4.txt.ins,133,132.02,4.90077,OPT,4956,0,0,AI,0,0.0676692,3.39098,0.234169,4.43787,0,2,0,55,52
BPP_500_100_0.1_0.8_5.txt.ins,129,128.956,15.9859,OPT,5423,0,0,AI,0,0.0155039,3.6124,0.304032,15.2112,0,2,0,134,128
BPP_500_100_0.1_0.8_6.txt.ins,131,130.875,2.43269,OPT,4119,0,0,AI,0,0.0534351,3.40458,0.243185,2.06295,0,2,0,62,62
BPP_500_100_0.1_0.8_7.txt.ins,134,133.07,4.34476,OPT,4657,0,0,AI,0,0.0522388,3.32836,0.201347,3.94138,0,2,0,50,50
BPP_500_100_0.1_0.8_8.txt.ins,132,131.99,30.4818,OPT,6192,0,0,AI,0,0.0530303,3.31061,0.273387,29.3171,0,2,0,117,117
BPP_500_100_0.1_0.8_9.txt.ins,133,132.983,2.7357,OPT,4204,0,0,AI,0,0.0526316,3.33083,0.215866,2.37893,0,2,0,68,68
BPP_500_100_0.2_0.7_0.txt.ins,137,136.828,2.50414,OPT,3684,0,0,AI,0,0.0875912,3.0292,0.149465,2.25026,0,2,0,45,38
BPP_500_100_0.2_0.7_1.txt.ins,137,136.942,3.60964,OPT,4426,0,0,AI,0,0.0583942,3.08029,0.172974,3.29915,0,2,0,43,43
BPP_500_100_0.2_0.7_2.txt.ins,139,138.225,5.81392,OPT,4744,0,0,AI,0,0.0431655,3.27338,0.188403,5.40545,0,2,0,42,42
BPP_500_100_0.2_0.7_3.txt.ins,139,138.06,4.81101,OPT,4564,0,0,AI,0,0.028777,3.19424,0.15967,4.44291,0,2,0,43,41
BPP_500_100_0.2_0.7_4.txt.ins,141,140.173,3.9616,OPT,4566,0,0,AI,0,0.0141844,3.35461,0.150964,3.65876,0,2,0,44,44
BPP_500_100_0.2_0.7_5.txt.ins,139,138.248,4.8996,OPT,4785,0,0,AI,0,0.0719424,3.1295,0.186888,4.52185,0,2,0,48,48
BPP_500_100_0.2_0.7_6.txt.ins,140,139.971,9.97873,OPT,4764,0,0,AI,0,0.0642857,3.02143,0.1929,9.40657,0,2,0,64,63
BPP_500_100_0.2_0.7_7.txt.ins,140,139.977,3.59665,OPT,4331,0,0,AI,0,0.0285714,3.10714,0.179159,3.27033,0,2,0,47,47
BPP_500_100_0.2_0.7_8.txt.ins,137,136.888,2.46237,OPT,4059,0,0,AI,0,0.0510949,3.23358,0.172433,2.16573,0,2,0,45,44
BPP_500_100_0.2_0.7_9.txt.ins,140,139.948,2.74665,OPT,4262,0,0,AI,0,0.135714,2.89286,0.165689,2.46495,0,2,0,41,41
BPP_500_100_0.2_0.8_0.txt.ins,149,148.592,3.92115,OPT,4124,0,0,AI,0,0.0402685,3.08725,0.158157,3.58977,0,2,0,42,42
BPP_500_100_0.2_0.8_1.txt.ins,144,143.127,4.32517,OPT,4516,0,0,AI,0,0.159722,2.85417,0.16609,3.97498,0,2,0,40,40
BPP_500_100_0.2_0.8_2.txt.ins,149,148.009,4.78421,OPT,4359,0,0,AI,0,0.134228,2.71812,0.159755,4.43067,0,2,0,39,39
BPP_500_100_0.2_0.8_3.txt.ins,148,147.962,17.6347,OPT,5204,0,0,AI,0,0.0945946,2.87838,0.211631,16.6153,0,2,0,110,110
BPP_500_100_0.2_0.8_4.txt.ins,146,145.223,4.93919,OPT,4504,0,0,AI,0,0.0479452,3.0137,0.151346,4.61026,0,2,0,54,52
BPP_500_100_0.2_0.8_5.txt.ins,151,150.145,5.13349,OPT,4072,0,0,AI,0,0.0860927,2.84106,0.136458,4.80845,0,2,0,34,34
BPP_500_100_0.2_0.8_6.txt.ins,147,146.894,3.11258,OPT,4006,0,0,AI,0,0.108844,2.82993,0.163259,2.81636,0,2,0,47,47
BPP_500_100_0.2_0.8_7.txt.ins,144,143.185,5.6214,OPT,4494,0,0,AI,0,0.0277778,3.19444,0.166526,5.23707,0,2,0,55,55
BPP_500_100_0.2_0.8_8.txt.ins,146,145.97,147.986,OPT,13765,330,40,AI,100,0.0821918,3.0137,1.08714,137.533,0,2,40,528,528
BPP_500_100_0.2_0.8_9.txt.ins,147,146.938,3.0406,OPT,4038,0,0,AI,0,0.047619,3.05442,0.172734,2.76149,0,2,0,46,46
BPP_500_120_0.1_0.7_0.txt.ins,124,123.996,99.2062,OPT,8074,245,30,AI,100,0.0241935,3.72581,0.505135,95.1514,0,2,30,288,283
BPP_500_120_0.1_0.7_1.txt.ins,123,122.979,37.227,OPT,6047,0,0,AI,0,0.0162602,3.62602,0.313193,35.9023,0,2,0,138,136
BPP_500_120_0.1_0.7_2.txt.ins,127,126.128,5.84178,OPT,5090,0,0,AI,0,0.015748,3.69291,0.255572,5.3549,0,2,0,88,82
BPP_500_120_0.1_0.7_3.txt.ins,123,122.987,25.4553,OPT,5809,0,0,AI,0,0.0243902,3.64228,0.356707,24.2696,0,2,0,153,149
BPP_500_120_0.1_0.7_4.txt.ins,124,123.983,3.92738,OPT,5391,0,0,AI,0,0.0241935,3.6129,0.31554,3.42591,0,2,0,82,82
BPP_500_120_0.1_0.7_5.txt.ins,124,123.878,3.0831,OPT,4247,0,0,AI,0,0.00806452,3.68548,0.227016,2.70939,0,2,0,70,69
BPP_500_120_0.1_0.7_6.txt.ins,128,127.027,6.34601,OPT,4991,0,0,AI,0,0.0390625,3.61719,0.250153,5.84326,0,2,0,58,58
BPP_500_120_0.1_0.7_7.txt.ins,125,124.902,3.80783,OPT,4949,0,0,AI,0,0.04,3.72,0.28553,3.33914,0,2,0,79,77
BPP_500_120_0.1_0.7_8.txt.ins,122,121.98,52.0415,OPT,6647,0,0,AI,0,0.0327869,3.69672,0.396296,50.2222,0,2,0,251,241
BPP_500_120_0.1_0.7_9.txt.ins,124,123.918,3.50694,OPT,4863,0,0,AI,0,0.0564516,3.56452,0.337202,2.98801,0,2,0,101,99
BPP_500_120_0.1_0.8_0.txt.ins,133,132.026,4.57784,OPT,4954,0,0,AI,0,0.0676692,3.30075,0.219837,4.17775,0,2,0,67,61
BPP_500_120_0.1_0.8_1.txt.ins,131,130.976,16.8665,OPT,5207,0,0,AI,0,0.0305344,3.48855,0.235237,16.2152,0,2,0,94,94
BPP_500_120_0.1_0.8_2.txt.ins,128,127.354,6.36705,OPT,5402,0,0,AI,0,0.0234375,3.72656,0.264412,5.82841,0,2,0,80,72
BPP_500_120_0.1_0.8_3.txt.ins,130,129.997,39.7393,OPT,7648,0,0,AI,0,0.0538462,3.39231,0.349982,38.063,0,2,0,212,204
BPP_500_120_0.1_0.8_4.txt.ins,134,133.398,7.17098,OPT,5181,0,0,AI,0,0.0447761,3.40299,0.224827,6.72755,0,2,0,58,58
BPP_500_120_0.1_0.8_5.txt.ins,134,133.471,11.3508,OPT,5408,0,0,AI,0,0.0298507,3.41791,0.223483,10.7501,0,2,0,107,102
BPP_500_120_0.1_0.8_6.txt.ins,134,133.992,2.9938,OPT,4229,0,0,AI,0,0.0447761,3.23134,0.188239,2.69208,0,2,0,58,56
BPP_500_120_0.1_0.8_7.txt.ins,133,132.99,20.8358,OPT,6260,0,0,AI,0,0.0601504,3.31579,0.265687,20.0723,0,2,0,119,119
BPP_500_120_0.1_0.8_8.txt.ins,134,133.996,3.61058,OPT,4978,0,0,AI,0,0.0447761,3.29104,0.212393,3.25729,0,2,0,67,67
BPP_500_120_0.1_0.8_9.txt.ins,127,126.979,3.36493,OPT,4496,0,0,AI,0,0.0393701,3.51181,0.272185,2.94258,0,2,0,91,91
BPP_500_120_0.2_0.7_0.txt.ins,140,139.754,2.50559,OPT,3680,0,0,AI,0,0.0785714,2.98571,0.167274,2.23722,0,2,0,32,32
BPP_500_120_0.2_0.7_1.txt.ins,139,138.896,2.6143,OPT,4184,0,0,AI,0,0.107914,2.90647,0.153731,2.3625,0,2,0,41,41
BPP_500_120_0.2_0.7_2.txt.ins,138,137.908,3.00623,OPT,4331,0,0,AI,0,0.0362319,3.19565,0.168024,2.74076,0,2,0,45,43
BPP_500_120_0.2_0.7_3.txt.ins,140,139.899,22.827,OPT,4855,0,0,AI,0,0.0714286,3.15,0.183583,21.9532,0,2,0,109,109
BPP_500_120_0.2_0.7_4.txt.ins,140,139.197,10.3142,OPT,4899,0,0,AI,0,0.0357143,3.30714,0.191906,9.75503,0,2,0,72,68
BPP_500_120_0.2_0.7_5.txt.ins,140,139.004,8.78189,OPT,4871,0,0,AI,0,0.0642857,3.15714,0.174287,8.26629,0,2,0,61,61
BPP_500_120_0.2_0.7_6.txt.ins,138,137.962,13.7745,OPT,5274,0,0,AI,0,0.0797101,3.02899,0.206966,13.0992,0,2,0,82,82
BPP_500_120_0.2_0.7_7.txt.ins,143,142.841,23.5396,OPT,4895,0,0,AI,0,0.0699301,3.03497,0.190131,22.6417,0,2,0,105,105
BPP_500_120_0.2_0.7_8.txt.ins,139,138.106,4.62624,OPT,5038,0,0,AI,0,0.057554,3.08633,0.177128,4.29709,0,2,0,48,47
BPP_500_120_0.2_0.7_9.txt.ins,140,139.897,9.96382,OPT,4269,0,0,AI,0,0.05,3.11429,0.181225,9.46679,0,2,0,59,59
BPP_500_120_0.2_0.8_0.txt.ins,150,149.951,3.15391,OPT,3834,0,0,AI,0,0.0733333,2.89333,0.15642,2.86674,0,2,0,40,40
BPP_500_120_0.2_0.8_1.txt.ins,149,148.436,5.43161,OPT,4638,0,0,AI,0,0.0604027,2.91275,0.154566,5.07594,0,2,0,48,47
BPP_500_120_0.2_0.8_2.txt.ins,145,144.043,4.36892,OPT,4674,0,0,AI,0,0.0344828,3.22759,0.157281,4.05247,0,2,0,47,47
BPP_500_120_0.2_0.8_3.txt.ins,150,149,3607.16,TLE,24960,4243,1190,?,100,0.0469799,2.97987,6.21697,3248.5,0,-1,1861,3783,3783
BPP_500_120_0.2_0.8_4.txt.ins,148,147.386,4.21059,OPT,4742,0,0,AI,0,0.168919,2.77027,0.180681,3.81913,0,2,0,52,52
BPP_500_120_0.2_0.8_5.txt.ins,149,148.981,3.61078,OPT,4244,0,0,AI,0,0.0738255,2.97987,0.187918,3.28089,0,2,0,46,46
BPP_500_120_0.2_0.8_6.txt.ins,148,147.92,7.60645,OPT,4040,0,0,AI,0,0.0878378,2.90541,0.178879,7.09972,0,2,0,59,59
BPP_500_120_0.2_0.8_7.txt.ins,148,147.923,2.51051,OPT,3688,0,0,AI,0,0.0878378,2.94595,0.152141,2.24907,0,2,0,32,32
BPP_500_120_0.2_0.8_8.txt.ins,146,145.059,5.31536,OPT,4888,0,0,AI,0,0.109589,2.9589,0.179282,4.92004,0,2,0,54,52
BPP_500_120_0.2_0.8_9.txt.ins,147,146.949,11.6649,OPT,4884,0,0,AI,0,0.0408163,3.08844,0.2014,10.9996,0,2,0,81,81
BPP_500_125_0.1_0.7_0.txt.ins,122,121.079,5.83846,OPT,5049,0,0,AI,0,0.0163934,3.7623,0.329853,5.22575,0,2,0,62,62
BPP_500_125_0.1_0.7_1.txt.ins,121,120.957,40.8151,OPT,6593,0,0,AI,0,0.0247934,3.81818,0.417047,39.2228,0,2,0,211,209
BPP_500_125_0.1_0.7_2.txt.ins,121,120.198,5.39753,OPT,4908,0,0,AI,0,0.0165289,3.87603,0.27225,4.95008,0,2,0,64,60
BPP_500_125_0.1_0.7_3.txt.ins,124,123.467,14.169,OPT,5845,0,0,AI,0,0.016129,3.65323,0.269802,13.4564,0,2,0,118,106
BPP_500_125_0.1_0.7_4.txt.ins,128,127.846,3.9337,OPT,4345,0,0,AI,0,0.0234375,3.49219,0.274616,3.5266,0,2,0,72,69
BPP_500_125_0.1_0.7_5.txt.ins,125,124.949,214.009,OPT,9858,290,50,AI,100,0.032,3.408,0.528632,206.617,0,2,50,540,536
BPP_500_125_0.1_0.7_6.txt.ins,125,124.211,12.1617,OPT,5658,0,0,AI,0,0.016,3.848,0.383577,11.2897,0,2,0,123,105
BPP_500_125_0.1_0.7_7.txt.ins,125,124.984,3.1628,OPT,4469,0,0,AI,0,0.024,3.656,0.260783,2.77443,0,2,0,64,61
BPP_500_125_0.1_0.7_8.txt.ins,120,119.387,4.66424,OPT,5125,0,0,AI,0,0.025,4,0.29012,4.18698,0,2,0,79,78
BPP_500_125_0.1_0.7_9.txt.ins,124,123.058,6.53944,OPT,5362,0,0,AI,0,0.016129,3.83065,0.275646,6.03656,0,2,0,82,82
BPP_500_125_0.1_0.8_0.txt.ins,132,131.983,27.3385,OPT,5313,0,0,AI,0,0.0454545,3.49242,0.275838,26.322,0,2,0,115,114
BPP_500_125_0.1_0.8_1.txt.ins,134,133.358,5.82095,OPT,5717,0,0,AI,0,0.0522388,3.30597,0.26715,5.3226,0,2,0,76,76
BPP_500_125_0.1_0.8_2.txt.ins,133,132.201,5.2812,OPT,4900,0,0,AI,0,0.0150376,3.54887,0.24114,4.85925,0,2,0,60,54
BPP_500_125_0.1_0.8_3.txt.ins,131,130.055,8.10496,OPT,4957,0,0,AI,0,0.0229008,3.57252,0.262264,7.62998,0,2,0,57,53
BPP_500_125_0.1_0.8_4.txt.ins,135,134.902,3.25797,OPT,4411,0,0,AI,0,0.0592593,3.3037,0.220521,2.92034,0,2,0,64,64
BPP_500_125_0.1_0.8_5.txt.ins,130,129.97,3.69809,OPT,4662,0,0,AI,0,0.0230769,3.44615,0.236187,3.32802,0,2,0,69,69
BPP_500_125_0.1_0.8_6.txt.ins,131,130.02,7.78287,OPT,4834,0,0,AI,0,0.0534351,3.34351,0.247513,7.30151,0,2,0,58,57
BPP_500_125_0.1_0.8_7.txt.ins,133,132.252,6.4028,OPT,5660,0,0,AI,0,0.0225564,3.52632,0.26737,5.91177,0,2,0,90,83
BPP_500_125_0.1_0.8_8.txt.ins,139,138.136,11.9929,OPT,5525,0,0,AI,0,0.0215827,3.31655,0.248647,11.361,0,2,0,88,88
BPP_500_125_0.1_0.8_9.txt.ins,130,129.979,47.6124,OPT,6476,0,0,AI,0,0.0769231,3.32308,0.303704,46.2029,0,2,0,167,167
BPP_500_125_0.2_0.7_0.txt.ins,139,138.754,2.27611,OPT,3730,0,0,AI,0,0.057554,3.1223,0.196206,1.98891,0,2,0,35,35
BPP_500_125_0.2_0.7_1.txt.ins,137,136.158,6.64371,OPT,4971,0,0,AI,0,0.0291971,3.36496,0.192652,6.2455,0,2,0,59,54
BPP_500_125_0.2_0.7_2.txt.ins,138,137.936,9.21551,OPT,4721,0,0,AI,0,0.0507246,3.13043,0.197502,8.70164,0,2,0,76,72
BPP_500_125_0.2_0.7_3.txt.ins,138,137.161,5.22343,OPT,4926,0,0,AI,0,0.0724638,3.17391,0.187556,4.86306,0,2,0,44,44
BPP_500_125_0.2_0.7_4.txt.ins,137,136.984,28.3663,OPT,5447,0,0,AI,0,0.0437956,3.16058,0.21849,27.305,0,2,0,118,117
BPP_500_125_0.2_0.7_5.txt.ins,138,137.165,5.46644,OPT,4915,0,0,AI,0,0.057971,3.21739,0.191346,5.09259,0,2,0,48,46
BPP_500_125_0.2_0.7_6.txt.ins,140,139.875,15.394,OPT,4972,0,0,AI,0,0.0142857,3.27143,0.21945,14.5869,0,2,0,89,89
BPP_500_125_0.2_0.7_7.txt.ins,138,137.869,8.98192,OPT,4385,0,0,AI,0,0.0362319,3.21739,0.190286,8.49163,0,2,0,76,69
BPP_500_125_0.2_0.7_8.txt.ins,138,137.149,11.0778,OPT,5420,0,0,AI,0,0.057971,3.18116,0.187784,10.5301,0,2,0,72,72
BPP_500_125_0.2_0.7_9.txt.ins,139,138.103,6.50743,OPT,5024,0,0,AI,0,0.0863309,3.00719,0.193725,6.09681,0,2,0,53,50
BPP_500_125_0.2_0.8_0.txt.ins,147,146.997,5.11959,OPT,5087,0,0,AI,0,0.122449,2.87075,0.240036,4.68057,0,2,0,62,62
BPP_500_125_0.2_0.8_1.txt.ins,147,146.977,9.84943,OPT,4787,0,0,AI,0,0.129252,2.85034,0.190525,9.32519,0,2,0,80,80
BPP_500_125_0.2_0.8_2.txt.ins,149,148.448,4.82273,OPT,4519,0,0,AI,0,0.114094,2.85235,0.173809,4.45334,0,2,0,48,45
BPP_500_125_0.2_0.8_3.txt.ins,146,145.12,5.77944,OPT,4729,0,0,AI,0,0.0890411,2.80822,0.210133,5.33294,0,2,0,45,45
BPP_500_125_0.2_0.8_4.txt.ins,146,145.981,15.4392,OPT,4488,0,0,AI,0,0.0890411,2.89726,0.221098,14.596,0,2,0,78,76
BPP_500_125_0.2_0.8_5.txt.ins,144,143.892,2.47457,OPT,3771,0,0,AI,0,0.0486111,3.01389,0.189612,2.18543,0,2,0,42,40
BPP_500_125_0.2_0.8_6.txt.ins,150,149.472,4.76492,OPT,3875,0,0,AI,0,0.0266667,3.11333,0.16015,4.45574,0,2,0,37,35
BPP_500_125_0.2_0.8_7.txt.ins,147,146.034,4.60767,OPT,4479,0,0,AI,0,0.156463,2.70748,0.155624,4.27154,0,2,0,39,39
BPP_500_125_0.2_0.8_8.txt.ins,149,148.323,3.68298,OPT,4139,0,0,AI,0,0.0402685,3.13423,0.168124,3.35756,0,2,0,39,38
BPP_500_125_0.2_0.8_9.txt.ins,147,146.111,7.24918,OPT,4751,0,0,AI,0,0.0884354,2.91837,0.196043,6.79156,0,2,0,39,39
BPP_500_150_0.1_0.7_0.txt.ins,128,127.799,19.1224,OPT,4576,0,0,AI,0,0.046875,3.4375,0.263398,18.2047,0,2,0,103,103
BPP_500_150_0.1_0.7_1.txt.ins,125,124.955,3.07425,OPT,4771,0,0,AI,0,0.008,3.648,0.323154,2.58141,0,2,0,82,77
BPP_500_150_0.1_0.7_2.txt.ins,123,122.203,5.6164,OPT,5188,0,0,AI,0,0.0162602,3.80488,0.295035,5.06552,0,2,0,75,72
BPP_500_150_0.1_0.7_3.txt.ins,126,125.168,4.73597,OPT,5036,0,0,AI,0,0.0793651,3.52381,0.253225,4.26531,0,2,0,60,60
BPP_500_150_0.1_0.7_4.txt.ins,125,124.945,31.1265,OPT,5817,0,0,AI,0,0.064,3.456,0.370621,29.8525,0,2,0,139,139
BPP_500_150_0.1_0.7_5.txt.ins,124,123.98,38.9751,OPT,6497,0,0,AI,0,0.016129,3.57258,0.349369,37.5469,0,2,0,131,131
BPP_500_150_0.1_0.7_6.txt.ins,124,123.974,70.2187,OPT,6372,100,10,AI,100,0.0483871,3.65323,0.409966,67.7891,0,2,10,257,256
BPP_500_150_0.1_0.7_7.txt.ins,125,124.886,2.92313,OPT,4420,0,0,AI,0,0.032,3.48,0.325472,2.43849,0,2,0,68,68
BPP_500_150_0.1_0.7_8.txt.ins,124,123.04,6.06244,OPT,5311,0,0,AI,0,0.016129,3.70968,0.315609,5.4876,0,2,0,69,64
BPP_500_150_0.1_0.7_9.txt.ins,126,125.997,3.36242,OPT,4717,0,0,AI,0,0.00793651,3.60317,0.298257,2.89478,0,2,0,76,72
BPP_500_150_0.1_0.8_0.txt.ins,135,134.924,11.6784,OPT,5029,0,0,AI,0,0.148148,3.1037,0.305669,10.8862,0,2,0,111,103
BPP_500_150_0.1_0.8_1.txt.ins,132,131.978,76.3835,OPT,7139,100,10,AI,100,0.0454545,3.42424,0.413669,73.6309,0,2,10,217,211
BPP_500_150_0.1_0.8_2.txt.ins,136,135.185,5.05426,OPT,5062,0,0,AI,0,0.0294118,3.38971,0.229167,4.56586,0,2,0,58,58
BPP_500_150_0.1_0.8_3.txt.ins,129,128.992,27.6606,OPT,5444,0,0,AI,0,0.0697674,3.37984,0.293014,26.4687,0,2,0,119,118
BPP_500_150_0.1_0.8_4.txt.ins,131,129.988,3605.82,TLE,28141,2125,600,?,100,0.0230769,3.46923,6.2182,3349.58,0,-1,771,3022,3022
BPP_500_150_0.1_0.8_5.txt.ins,133,132.91,61.48,OPT,6356,100,10,AI,100,0.0451128,3.45113,0.354502,59.0663,0,2,10,220,218
BPP_500_150_0.1_0.8_6.txt.ins,131,130.948,13.7413,OPT,5092,0,0,AI,0,0.0687023,3.34351,0.284223,12.9869,0,2,0,88,86
BPP_500_150_0.1_0.8_7.txt.ins,137,135.969,3602.93,TLE,33835,2819,781,?,100,0.0588235,3.24265,6.03069,3293.92,0,-1,983,4434,4434
BPP_500_150_0.1_0.8_8.txt.ins,137,136.955,2.7957,OPT,4474,0,0,AI,0,0.0510949,3.27007,0.215947,2.46392,0,2,0,60,60
BPP_500_150_0.1_0.8_9.txt.ins,131,130.997,213.869,OPT,9681,347,50,AI,100,0.0229008,3.50382,0.478566,206.206,0,2,50,434,433
BPP_500_150_0.2_0.7_0.txt.ins,138,137.966,3.43151,OPT,4326,0,0,AI,0,0.057971,3.05797,0.186069,3.12615,0,2,0,48,47
BPP_500_150_0.2_0.7_1.txt.ins,140,139.972,2.61024,OPT,4027,0,0,AI,0,0.05,3.07857,0.181258,2.32488,0,2,0,41,39
BPP_500_150_0.2_0.7_2.txt.ins,142,141.985,18.0007,OPT,5544,0,0,AI,0,0.105634,3.02113,0.217922,17.1941,0,2,0,98,98
BPP_500_150_0.2_0.7_3.txt.ins,137,136.878,2.5931,OPT,4250,0,0,AI,0,0.0437956,3.25547,0.18223,2.30238,0,2,0,45,45
BPP_500_150_0.2_0.7_4.txt.ins,139,138.994,18.0867,OPT,5342,0,0,AI,0,0.115108,3.01439,0.198882,17.3061,0,2,0,89,89
BPP_500_150_0.2_0.7_5.txt.ins,139,138.919,10.1044,OPT,4446,0,0,AI,0,0.057554,3.10791,0.202892,9.54474,0,2,0,69,69
BPP_500_150_0.2_0.7_6.txt.ins,139,138.924,7.99502,OPT,4254,0,0,AI,0,0.0647482,2.95683,0.178345,7.52933,0,2,0,64,64
BPP_500_150_0.2_0.7_7.txt.ins,139,138.177,6.8732,OPT,4931,0,0,AI,0,0.0863309,3.14388,0.19667,6.45991,0,2,0,44,44
BPP_500_150_0.2_0.7_8.txt.ins,140,139.995,31.2692,OPT,5724,0,0,AI,0,0.0357143,3.16429,0.221258,30.0897,0,2,0,104,104
BPP_500_150_0.2_0.7_9.txt.ins,140,139.943,23.9639,OPT,5290,0,0,AI,0,0.0642857,3.05,0.202983,23.0792,0,2,0,80,80
BPP_500_150_0.2_0.8_0.txt.ins,147,146.303,5.06062,OPT,4902,0,0,AI,0,0.102041,2.94558,0.162631,4.7177,0,2,0,64,61
BPP_500_150_0.2_0.8_1.txt.ins,143,142.982,174,OPT,8597,406,60,AI,100,0.0629371,3.14685,0.352661,167.217,0,2,60,334,334
BPP_500_150_0.2_0.8_2.txt.ins,148,147.112,5.16559,OPT,4166,0,0,AI,0,0.0472973,3.05405,0.16242,4.84228,0,2,0,40,40
BPP_500_150_0.2_0.8_3.txt.ins,147,146.033,4.47541,OPT,4579,0,0,AI,0,0.102041,2.93878,0.169631,4.14848,0,2,0,37,37
BPP_500_150_0.2_0.8_4.txt.ins,149,148.002,5.63931,OPT,4557,0,0,AI,0,0.100671,2.91275,0.165361,5.28782,0,2,0,36,36
BPP_500_150_0.2_0.8_5.txt.ins,146,145.986,3.87379,OPT,4804,0,0,AI,0,0.0616438,2.95205,0.179169,3.55651,0,2,0,43,43
BPP_500_150_0.2_0.8_6.txt.ins,146,145.979,3.64047,OPT,4213,0,0,AI,0,0.0616438,3.02055,0.169606,3.34327,0,2,0,50,48
BPP_500_150_0.2_0.8_7.txt.ins,145,144.936,2.92962,OPT,4071,0,0,AI,0,0.0896552,2.91034,0.162551,2.66013,0,2,0,40,40
BPP_500_150_0.2_0.8_8.txt.ins,150,149.004,5.45887,OPT,4839,0,0,AI,0,0.08,2.9,0.165316,5.12915,0,2,0,36,36
BPP_500_150_0.2_0.8_9.txt.ins,147,146.453,5.40617,OPT,5239,0,0,AI,0,0.0952381,2.86395,0.175287,5.0374,0,2,0,56,52
BPP_500_200_0.1_0.7_0.txt.ins,123,122.935,163.788,OPT,8284,208,30,AI,100,0,3.90244,0.531173,158.81,0,2,30,406,406
BPP_500_200_0.1_0.7_1.txt.ins,125,124.972,3.40575,OPT,4886,0,0,AI,0,0.056,3.536,0.261484,3.00501,0,2,0,69,69
BPP_500_200_0.1_0.7_2.txt.ins,128,127.359,4.96324,OPT,5465,0,0,AI,0,0.0390625,3.53125,0.258446,4.50488,0,2,0,91,84
BPP_500_200_0.1_0.7_3.txt.ins,126,125.934,2.76731,OPT,4509,0,0,AI,0,0.00793651,3.6746,0.26075,2.39191,0,2,0,61,61
BPP_500_200_0.1_0.7_4.txt.ins,126,124.994,3603.27,TLE,39739,2147,500,?,100,0.048,3.624,10.9051,3268.75,0,-1,739,3603,3447
BPP_500_200_0.1_0.7_5.txt.ins,122,121.991,21.8822,OPT,5492,0,0,AI,0,0.0163934,3.81148,0.354083,20.8431,0,2,0,152,152
BPP_500_200_0.1_0.7_6.txt.ins,124,123.206,5.7737,OPT,5534,0,0,AI,0,0.016129,3.84677,0.312196,5.22812,0,2,0,70,63
BPP_500_200_0.1_0.7_7.txt.ins,121,120.961,3.68585,OPT,4958,0,0,AI,0,0.0165289,3.80165,0.305685,3.22532,0,2,0,101,96
BPP_500_200_0.1_0.7_8.txt.ins,124,123.919,2.79444,OPT,4271,0,0,AI,0,0.00806452,3.6371,0.283915,2.38789,0,2,0,63,63
BPP_500_200_0.1_0.7_9.txt.ins,125,124.958,251.057,OPT,8752,323,60,AI,100,0.032,3.648,0.552309,242.455,0,2,60,567,567
BPP_500_200_0.1_0.8_0.txt.ins,135,134.949,52.6107,OPT,5439,100,10,AI,100,0.0666667,3.22222,0.305101,50.6756,0,2,10,166,165
BPP_500_200_0.1_0.8_1.txt.ins,141,140.928,5.06084,OPT,4662,0,0,AI,0,0.035461,3.1844,0.23172,4.67067,0,2,0,68,64
BPP_500_200_0.1_0.8_2.txt.ins,131,130.977,425.094,OPT,8784,296,90,AI,100,0.0763359,3.45038,0.511991,412.119,0,2,90,505,505
BPP_500_200_0.1_0.8_3.txt.ins,132,131.112,6.01061,OPT,5280,0,0,AI,0,0.0606061,3.38636,0.245937,5.52968,0,2,0,70,70
BPP_500_200_0.1_0.8_4.txt.ins,136,135.08,8.35908,OPT,5776,0,0,AI,0,0.0588235,3.28676,0.272369,7.81859,0,2,0,65,62
BPP_500_200_0.1_0.8_5.txt.ins,135,134.173,5.68818,OPT,5165,0,0,AI,0,0.0666667,3.25926,0.240081,5.24395,0,2,0,72,66
BPP_500_200_0.1_0.8_6.txt.ins,134,133.934,16.4145,OPT,5691,0,0,AI,0,0.0522388,3.3209,0.303092,15.6308,0,2,0,117,114
BPP_500_200_0.1_0.8_7.txt.ins,131,130.992,78.8666,OPT,7489,100,10,AI,100,0.0305344,3.41985,0.417503,76.1638,0,2,10,278,278
BPP_500_200_0.1_0.8_8.txt.ins,134,133.25,7.45825,OPT,5648,0,0,AI,0,0.0298507,3.5,0.267225,6.92766,0,2,0,71,69
BPP_500_200_0.1_0.8_9.txt.ins,134,133.967,33.7522,OPT,6188,0,0,AI,0,0.0447761,3.38806,0.316759,32.5457,0,2,0,128,128
BPP_500_200_0.2_0.7_0.txt.ins,139,138.169,5.64791,OPT,4860,0,0,AI,0,0.0503597,3.2446,0.186889,5.27581,0,2,0,40,40
BPP_500_200_0.2_0.7_1.txt.ins,137,136.315,13.0886,OPT,5994,0,0,AI,0,0.080292,3.11679,0.220711,12.45,0,2,0,92,92
BPP_500_200_0.2_0.7_2.txt.ins,141,140.326,12.8734,OPT,5284,0,0,AI,0,0.0638298,3.09929,0.200988,12.3026,0,2,0,72,69
BPP_500_200_0.2_0.7_3.txt.ins,137,136.546,5.66084,OPT,4957,0,0,AI,0,0.0510949,3.23358,0.181784,5.30602,0,2,0,44,44
BPP_500_200_0.2_0.7_4.txt.ins,139,138.134,3.95261,OPT,4857,0,0,AI,0,0.057554,3.09353,0.177755,3.62191,0,2,0,43,43
BPP_500_200_0.2_0.7_5.txt.ins,138,137.142,6.87963,OPT,5112,0,0,AI,0,0.0144928,3.28986,0.168564,6.49352,0,2,0,53,51
BPP_500_200_0.2_0.7_6.txt.ins,139,138.085,6.05151,OPT,5198,0,0,AI,0,0.0359712,3.30935,0.191774,5.66477,0,2,0,49,49
BPP_500_200_0.2_0.7_7.txt.ins,138,137.913,17.2917,OPT,4871,0,0,AI,0,0.0362319,3.2029,0.20583,16.5879,0,2,0,87,87
BPP_500_200_0.2_0.7_8.txt.ins,137,136.957,3.11553,OPT,4583,0,0,AI,0,0.0583942,3.0219,0.17532,2.82726,0,2,0,52,52
BPP_500_200_0.2_0.7_9.txt.ins,139,138.992,2.76148,OPT,4178,0,0,AI,0,0.115108,2.83453,0.177549,2.47846,0,2,0,39,39
BPP_500_200_0.2_0.8_0.txt.ins,148,147.305,5.42693,OPT,4576,0,0,AI,0,0.0675676,2.97297,0.188859,5.04722,0,2,0,49,47
BPP_500_200_0.2_0.8_1.txt.ins,144,143.932,2.89623,OPT,4144,0,0,AI,0,0.118056,2.89583,0.167617,2.62131,0,2,0,43,43
BPP_500_200_0.2_0.8_2.txt.ins,147,146.053,4.57584,OPT,4888,0,0,AI,0,0.0340136,3.10884,0.18085,4.22387,0,2,0,50,49
BPP_500_200_0.2_0.8_3.txt.ins,146,145.855,11.5846,OPT,4038,0,0,AI,0,0.0821918,2.86301,0.178006,11.0959,0,2,0,55,51
BPP_500_200_0.2_0.8_4.txt.ins,149,148.408,4.76543,OPT,4604,0,0,AI,0,0.0939597,2.81879,0.169781,4.41888,0,2,0,56,54
BPP_500_200_0.2_0.8_5.txt.ins,151,149.998,3602.6,TLE,21707,3219,1500,?,100,0.1,2.85333,6.67018,3198.43,0,-1,2612,4786,4322
BPP_500_200_0.2_0.8_6.txt.ins,150,149.999,3.96871,OPT,4151,0,0,AI,0,0.0666667,2.85333,0.178382,3.65878,0,2,0,36,36
BPP_500_200_0.2_0.8_7.txt.ins,150,148.938,25.1752,OPT,6484,20,1,ANI,20,0.0604027,3.01342,0.251005,23.947,0,2,2,198,166
BPP_500_200_0.2_0.8_8.txt.ins,144,143.991,3.82623,OPT,4892,0,0,AI,0,0.0902778,2.96528,0.216559,3.4574,0,2,0,46,46
BPP_500_200_0.2_0.8_9.txt.ins,147,146.476,5.67511,OPT,4968,0,0,AI,0,0.0544218,3.01361,0.196286,5.27626,0,2,0,50,49
BPP_500_300_0.1_0.7_0.txt.ins,122,121.973,18.9744,OPT,5555,0,0,AI,0,0,3.81148,0.351121,18.1012,0,2,0,100,99
BPP_500_300_0.1_0.7_1.txt.ins,126,125.933,19.5102,OPT,5741,0,0,AI,0,0.0555556,3.51587,0.353501,18.5969,0,2,0,121,121
BPP_500_300_0.1_0.7_2.txt.ins,122,121.953,77.3787,OPT,6717,100,10,AI,100,0.0163934,3.7459,0.383137,75.0374,0,2,10,224,224
BPP_500_300_0.1_0.7_3.txt.ins,125,124.961,26.6769,OPT,5477,0,0,AI,0,0.048,3.48,0.355194,25.5184,0,2,0,185,173
BPP_500_300_0.1_0.7_4.txt.ins,122,121.897,23.0876,OPT,5453,0,0,AI,0,0.0409836,3.55738,0.330899,22.1222,0,2,0,139,139
BPP_500_300_0.1_0.7_5.txt.ins,125,124.972,3.28726,OPT,4981,0,0,AI,0,0.024,3.672,0.283698,2.8723,0,2,0,72,72
BPP_500_300_0.1_0.7_6.txt.ins,125,124.934,3.46781,OPT,4593,0,0,AI,0,0.024,3.568,0.311128,3.02647,0,2,0,75,75
BPP_500_300_0.1_0.7_7.txt.ins,123,122.979,16.2097,OPT,5319,0,0,AI,0,0.0243902,3.73171,0.328338,15.429,0,2,0,119,119
BPP_500_300_0.1_0.7_8.txt.ins,128,126.995,3606.31,TLE,31775,1830,440,?,100,0.023622,3.69291,5.54998,3385.5,0,-1,453,2861,2861
BPP_500_300_0.1_0.7_9.txt.ins,123,122.347,6.01894,OPT,5707,0,0,AI,0,0.0162602,3.79675,0.318142,5.45668,0,2,0,81,81
BPP_500_300_0.1_0.8_0.txt.ins,134,133.006,6.06274,OPT,5985,0,0,AI,0,0.0522388,3.36567,0.274209,5.52274,0,2,0,90,87
BPP_500_300_0.1_0.8_1.txt.ins,133,132.503,4.92159,OPT,5963,0,0,AI,0,0,3.48872,0.290818,4.41095,0,2,0,85,81
BPP_500_300_0.1_0.8_2.txt.ins,131,130.284,7.79113,OPT,5796,0,0,AI,0,0.0381679,3.48092,0.298681,7.24965,0,2,0,71,65
BPP_500_300_0.1_0.8_3.txt.ins,133,132.974,33.7235,OPT,6095,0,0,AI,0,0.075188,3.33083,0.297522,32.6192,0,2,0,139,139
BPP_500_300_0.1_0.8_4.txt.ins,135,134.921,2.83585,OPT,4391,0,0,AI,0,0.0518519,3.44444,0.216691,2.50589,0,2,0,74,69
BPP_500_300_0.1_0.8_5.txt.ins,133,132.189,6.88639,OPT,6116,0,0,AI,0,0.0451128,3.33083,0.290465,6.3682,0,2,0,80,73
BPP_500_300_0.1_0.8_6.txt.ins,134,133.985,2.80131,OPT,4351,0,0,AI,0,0.0447761,3.35821,0.28105,2.38374,0,2,0,83,78
BPP_500_300_0.1_0.8_7.txt.ins,132,131.093,6.71892,OPT,5576,0,0,AI,0,0.030303,3.50758,0.280962,6.18074,0,2,0,58,58
BPP_500_300_0.1_0.8_8.txt.ins,136,135.164,6.63036,OPT,5607,0,0,AI,0,0.00735294,3.44853,0.288537,6.08512,0,2,0,73,71
BPP_500_300_0.1_0.8_9.txt.ins,130,129.193,7.93087,OPT,5506,0,0,AI,0,0.0384615,3.53846,0.285355,7.39345,0,2,0,79,74
BPP_500_300_0.2_0.7_0.txt.ins,137,136.981,48.4251,OPT,6808,0,0,AI,0,0.0875912,3.16788,0.281373,46.8587,0,2,0,161,158
BPP_500_300_0.2_0.7_1.txt.ins,138,137.981,3.40526,OPT,4746,0,0,AI,0,0.101449,3,0.198626,3.0968,0,2,0,42,42
BPP_500_300_0.2_0.7_2.txt.ins,135,134.033,6.54729,OPT,5646,0,0,AI,0,0.0814815,3.17037,0.227796,6.09561,0,2,0,52,52
BPP_500_300_0.2_0.7_3.txt.ins,137,136.158,10.4757,OPT,5589,0,0,AI,0,0.0656934,3.30657,0.231548,9.89647,0,2,0,66,66
BPP_500_300_0.2_0.7_4.txt.ins,139,138.981,13.1201,OPT,5014,0,0,AI,0,0.0215827,3.07914,0.227497,12.5127,0,2,0,77,77
BPP_500_300_0.2_0.7_5.txt.ins,135,134.917,2.55026,OPT,4305,0,0,AI,0,0.0814815,3.2963,0.200356,2.24618,0,2,0,60,58
BPP_500_300_0.2_0.7_6.txt.ins,138,137.992,3.75072,OPT,4973,0,0,AI,0,0.0724638,3.13768,0.202422,3.4128,0,2,0,42,42
BPP_500_300_0.2_0.7_7.txt.ins,139,138.994,2.87938,OPT,3931,0,0,AI,0,0.0359712,3.2446,0.193045,2.58064,0,2,0,46,46
BPP_500_300_0.2_0.7_8.txt.ins,140,139.95,25.6094,OPT,5224,0,0,AI,0,0.05,3.1,0.225206,24.6866,0,2,0,93,93
BPP_500_300_0.2_0.7_9.txt.ins,140,139.978,31.6663,OPT,5407,0,0,AI,0,0.00714286,3.26429,0.188166,30.713,0,2,0,71,71
BPP_500_300_0.2_0.8_0.txt.ins,150,149.312,5.71604,OPT,4331,0,0,AI,0,0.0533333,2.96667,0.174787,5.36351,0,2,0,38,38
BPP_500_300_0.2_0.8_1.txt.ins,150,149.095,4.50322,OPT,4114,0,0,AI,0,0.113333,2.89333,0.190241,4.15642,0,2,0,38,38
BPP_500_300_0.2_0.8_2.txt.ins,146,145.265,5.30264,OPT,5390,0,0,AI,0,0.150685,2.74658,0.225489,4.90187,0,2,0,43,43
BPP_500_300_0.2_0.8_3.txt.ins,148,147.295,5.65219,OPT,4626,0,0,AI,0,0.0675676,2.97973,0.182687,5.29694,0,2,0,49,48
BPP_500_300_0.2_0.8_4.txt.ins,148,147.005,5.14559,OPT,4136,0,0,AI,0,0.0675676,2.9527,0.174075,4.81349,0,2,0,35,35
BPP_500_300_0.2_0.8_5.txt.ins,148,147.361,6.53685,OPT,5127,0,0,AI,0,0.0608108,3.00676,0.198624,6.11665,0,2,0,61,58
BPP_500_300_0.2_0.8_6.txt.ins,147,146.053,5.27939,OPT,4761,0,0,AI,0,0.0952381,2.87755,0.20047,4.90721,0,2,0,41,41
BPP_500_300_0.2_0.8_7.txt.ins,147,146.197,6.56746,OPT,4962,0,0,AI,0,0.115646,2.89116,0.204552,6.14061,0,2,0,46,46
BPP_500_300_0.2_0.8_8.txt.ins,147,146.94,21.0869,OPT,5117,0,0,AI,0,0.0884354,2.91837,0.202143,20.2677,0,2,0,80,80
BPP_500_300_0.2_0.8_9.txt.ins,151,150.531,10.9054,OPT,5204,0,0,AI,0,0.0927152,2.86755,0.184781,10.3514,0,2,0,81,80
BPP_500_400_0.1_0.7_0.txt.ins,125,124.851,14.5573,OPT,4719,0,0,AI,0,0.032,3.584,0.302852,13.8521,0,2,0,94,94
BPP_500_400_0.1_0.7_1.txt.ins,127,126.146,12.8059,OPT,6251,0,0,AI,0,0.00787402,3.69291,0.333929,12.0176,0,2,0,118,112
BPP_500_400_0.1_0.7_2.txt.ins,120,119.991,197.23,OPT,9441,235,30,AI,100,0.05,3.73333,0.578943,191.521,0,2,30,394,394
BPP_500_400_0.1_0.7_3.txt.ins,119,118.892,3.82818,OPT,4983,0,0,AI,0,0.0168067,3.77311,0.334321,3.35054,0,2,0,83,83
BPP_500_400_0.1_0.7_4.txt.ins,120,119.993,573.8,OPT,14095,537,80,AI,100,0.025,3.95833,1.01747,554.688,0,2,80,838,838
BPP_500_400_0.1_0.7_5.txt.ins,126,125.372,8.12699,OPT,6648,0,0,AI,0,0.031746,3.6746,0.346384,7.44999,0,2,0,99,85
BPP_500_400_0.1_0.7_6.txt.ins,126,125.943,2.91555,OPT,4819,0,0,AI,0,0.0396825,3.55556,0.28811,2.50577,0,2,0,79,76
BPP_500_400_0.1_0.7_7.txt.ins,122,121.998,22.0527,OPT,7000,0,0,AI,0,0.0491803,3.77049,0.39865,21.0997,0,2,0,176,175
BPP_500_400_0.1_0.7_8.txt.ins,128,127.037,5.53566,OPT,5725,0,0,AI,0,0.078125,3.49219,0.298255,5.00717,0,2,0,72,64
BPP_500_400_0.1_0.7_9.txt.ins,125,123.994,3602.08,TLE,28419,1842,570,?,100,0.0403226,3.81452,5.84781,3374.96,0,-1,919,2706,2608
BPP_500_400_0.1_0.8_0.txt.ins,135,134.949,4.76828,OPT,4800,0,0,AI,0,0.0296296,3.31111,0.272775,4.33589,0,2,0,75,74
BPP_500_400_0.1_0.8_1.txt.ins,138,137.945,3.90111,OPT,4923,0,0,AI,0,0.0869565,3.19565,0.260245,3.49157,0,2,0,78,72
BPP_500_400_0.1_0.8_2.txt.ins,137,136.967,17.0948,OPT,4988,0,0,AI,0,0.0145985,3.42336,0.294639,16.2666,0,2,0,122,122
BPP_500_400_0.1_0.8_3.txt.ins,133,132.904,2.62548,OPT,4092,0,0,AI,0,0.0676692,3.2782,0.256064,2.26908,0,2,0,58,54
BPP_500_400_0.1_0.8_4.txt.ins,133,132.995,28.5991,OPT,5458,0,0,AI,0,0.075188,3.24812,0.306065,27.4212,0,2,0,178,178
BPP_500_400_0.1_0.8_5.txt.ins,129,128.949,3.43415,OPT,4931,0,0,AI,0,0.0232558,3.55039,0.288999,3.00142,0,2,0,84,83
BPP_500_400_0.1_0.8_6.txt.ins,133,132.983,2.88643,OPT,4151,0,0,AI,0,0.0300752,3.33835,0.246987,2.53027,0,2,0,56,56
BPP_500_400_0.1_0.8_7.txt.ins,130,129.151,7.38445,OPT,5929,0,0,AI,0,0.0153846,3.64615,0.270253,6.87213,0,2,0,74,74
BPP_500_400_0.1_0.8_8.txt.ins,131,130.882,2.51407,OPT,4056,0,0,AI,0,0.0458015,3.43511,0.263798,2.14753,0,2,0,58,58
BPP_500_400_0.1_0.8_9.txt.ins,131,130.232,9.64754,OPT,5764,0,0,AI,0,0.0458015,3.43511,0.308571,9.07102,0,2,0,82,81
BPP_500_400_0.2_0.7_0.txt.ins,140,139.804,6.52309,OPT,4392,0,0,AI,0,0.0928571,3,0.212577,6.07412,0,2,0,71,70
BPP_500_400_0.2_0.7_1.txt.ins,138,136.997,3614.18,TLE,23355,1692,550,?,100,0.0218978,3.40876,2.73702,3441.88,0,-1,756,2270,2270
BPP_500_400_0.2_0.7_2.txt.ins,140,139.624,6.07394,OPT,5329,0,0,AI,0,0.0428571,3.1,0.227526,5.62295,0,2,0,57,57
BPP_500_400_0.2_0.7_3.txt.ins,138,137.168,6.5291,OPT,5393,0,0,AI,0,0.123188,3.10145,0.247133,6.04104,0,2,0,50,50
BPP_500_400_0.2_0.7_4.txt.ins,140,139.996,380.56,OPT,13128,611,110,AI,100,0.0785714,3.17857,0.64357,364.12,0,2,110,529,529
BPP_500_400_0.2_0.7_5.txt.ins,139,138.246,6.81024,OPT,5196,0,0,AI,0,0.0791367,3.07194,0.207458,6.38669,0,2,0,50,50
BPP_500_400_0.2_0.7_6.txt.ins,138,137.958,243.452,OPT,13878,350,50,AI,100,0.0507246,3.32609,0.590246,233.963,0,2,50,500,500
BPP_500_400_0.2_0.7_7.txt.ins,139,138.973,4.01603,OPT,4750,0,0,AI,0,0.0503597,3.18705,0.210503,3.66663,0,2,0,50,50
BPP_500_400_0.2_0.7_8.txt.ins,141,140.08,5.20771,OPT,5126,0,0,AI,0,0.0567376,3.15603,0.208621,4.82474,0,2,0,46,44
BPP_500_400_0.2_0.7_9.txt.ins,140,139.874,3.01307,OPT,4047,0,0,AI,0,0.0642857,3.05,0.184916,2.72381,0,2,0,40,40
BPP_500_400_0.2_0.8_0.txt.ins,147,146.664,9.37906,OPT,5453,0,0,AI,0,0.108844,2.78231,0.226247,8.80532,0,2,0,75,74
BPP_500_400_0.2_0.8_1.txt.ins,146,145.515,5.32072,OPT,5312,0,0,AI,0,0.109589,2.82192,0.210116,4.92727,0,2,0,59,53
BPP_500_400_0.2_0.8_2.txt.ins,147,146.975,9.63412,OPT,4417,0,0,AI,0,0.0680272,3.01361,0.195275,9.14618,0,2,0,58,58
BPP_500_400_0.2_0.8_3.txt.ins,148,147.916,8.24289,OPT,4035,0,0,AI,0,0.0878378,2.88514,0.182901,7.78545,0,2,0,61,61
BPP_500_400_0.2_0.8_4.txt.ins,146,145.951,15.0879,OPT,4731,0,0,AI,0,0.116438,2.85616,0.218152,14.3642,0,2,0,83,82
BPP_500_400_0.2_0.8_5.txt.ins,145,144.258,5.85052,OPT,5094,0,0,AI,0,0.0896552,2.93103,0.20185,5.45857,0,2,0,44,44
BPP_500_400_0.2_0.8_6.txt.ins,149,148.827,5.85518,OPT,4434,0,0,AI,0,0.033557,3.10067,0.198254,5.48645,0,2,0,45,45
BPP_500_400_0.2_0.8_7.txt.ins,144,143.998,15.5904,OPT,5018,0,0,AI,0,0.0833333,3.07639,0.220675,14.8459,0,2,0,79,79
BPP_500_400_0.2_0.8_8.txt.ins,148,147.722,5.6836,OPT,5133,0,0,AI,0,0.0743243,2.99324,0.213512,5.26964,0,2,0,62,61
BPP_500_400_0.2_0.8_9.txt.ins,150,149.973,62.8654,OPT,6669,161,20,AI,100,0.08,2.84,0.270695,60.1352,0,2,20,186,186
BPP_500_500_0.1_0.7_0.txt.ins,122,121.996,93.124,OPT,7059,100,10,AI,100,0.0245902,3.83607,0.426042,90.5621,0,2,10,231,231
BPP_500_500_0.1_0.7_1.txt.ins,123,122.931,2.92089,OPT,4696,0,0,AI,0,0.0162602,3.73984,0.294606,2.50401,0,2,0,78,78
BPP_500_500_0.1_0.7_2.txt.ins,120,119.471,6.33258,OPT,6296,0,0,AI,0,0.00833333,4.00833,0.350605,5.74151,0,2,0,97,90
BPP_500_500_0.1_0.7_3.txt.ins,122,121.988,86.6051,OPT,6717,146,20,AI,100,0.0491803,3.63934,0.457863,83.7244,0,2,20,325,324
BPP_500_500_0.1_0.7_4.txt.ins,120,119.999,83.0264,OPT,7133,100,10,AI,100,0.0333333,3.81667,0.437563,80.517,0,2,10,254,254
BPP_500_500_0.1_0.7_5.txt.ins,124,123.088,5.85971,OPT,5928,0,0,AI,0,0.0241935,3.73387,0.315843,5.29852,0,2,0,68,68
BPP_500_500_0.1_0.7_6.txt.ins,122,121.965,5.42496,OPT,5757,0,0,AI,0,0.0491803,3.7459,0.359033,4.88417,0,2,0,92,92
BPP_500_500_0.1_0.7_7.txt.ins,126,125.986,519.675,OPT,13524,437,90,AI,100,0.015873,3.69841,0.96854,500.733,0,2,90,812,812
BPP_500_500_0.1_0.7_8.txt.ins,126,125.998,4.08937,OPT,5577,0,0,AI,0,0.0238095,3.64286,0.335218,3.59613,0,2,0,95,88
BPP_500_500_0.1_0.7_9.txt.ins,121,120.31,7.86495,OPT,6306,0,0,AI,0,0.0165289,3.84298,0.393513,7.18989,0,2,0,104,97
BPP_500_500_0.1_0.8_0.txt.ins,131,130.994,3.45618,OPT,4832,0,0,AI,0,0.0229008,3.51908,0.330121,2.9915,0,2,0,89,89
BPP_500_500_0.1_0.8_1.txt.ins,133,132.992,4.62764,OPT,5192,0,0,AI,0,0.0300752,3.42857,0.314644,4.1517,0,2,0,63,63
BPP_500_500_0.1_0.8_2.txt.ins,132,131.951,2.69049,OPT,4341,0,0,AI,0,0.0530303,3.27273,0.290156,2.27724,0,2,0,65,65
BPP_500_500_0.1_0.8_3.txt.ins,141,140.337,6.19806,OPT,5224,0,0,AI,0,0.0992908,3.07092,0.261247,5.72159,0,2,0,65,64
BPP_500_500_0.1_0.8_4.txt.ins,130,129.922,2.95931,OPT,4330,0,0,AI,0,0.00769231,3.59231,0.266675,2.5727,0,2,0,62,62
BPP_500_500_0.1_0.8_5.txt.ins,136,135.912,19.0357,OPT,5193,0,0,AI,0,0.0441176,3.30882,0.303042,18.1418,0,2,0,117,117
BPP_500_500_0.1_0.8_6.txt.ins,135,134.97,3.36463,OPT,4536,0,0,AI,0,0.0444444,3.28148,0.288691,2.93372,0,2,0,83,78
BPP_500_500_0.1_0.8_7.txt.ins,132,131.141,13.0926,OPT,5946,0,0,AI,0,0.0378788,3.37121,0.31669,12.3866,0,2,0,100,92
BPP_500_500_0.1_0.8_8.txt.ins,133,132.976,42.0735,OPT,5765,0,0,AI,0,0.0300752,3.42857,0.362094,40.5911,0,2,0,178,177
BPP_500_500_0.1_0.8_9.txt.ins,130,129.5,15.4199,OPT,6785,0,0,AI,0,0.0153846,3.63846,0.405115,14.4776,0,2,0,131,131
BPP_500_500_0.2_0.7_0.txt.ins,139,138.249,6.56029,OPT,5568,0,0,AI,0,0.0359712,3.20863,0.237021,6.11209,0,2,0,64,64
BPP_500_500_0.2_0.7_1.txt.ins,138,137.975,3.02959,OPT,4736,0,0,AI,0,0.0942029,3.11594,0.220366,2.69417,0,2,0,42,42
BPP_500_500_0.2_0.7_2.txt.ins,142,141.964,11.9455,OPT,4759,0,0,AI,0,0.119718,3.01408,0.230046,11.3546,0,2,0,67,63
BPP_500_500_0.2_0.7_3.txt.ins,136,135.309,7.6321,OPT,5617,0,0,AI,0,0.0294118,3.36765,0.241569,7.17072,0,2,0,53,53
BPP_500_500_0.2_0.7_4.txt.ins,140,139.682,15.4383,OPT,5698,0,0,AI,0,0.0571429,3.18571,0.239593,14.7536,0,2,0,80,74
BPP_500_500_0.2_0.7_5.txt.ins,138,137.288,8.77445,OPT,5969,0,0,AI,0,0.0507246,3.13043,0.265653,8.26894,0,2,0,63,63
BPP_500_500_0.2_0.7_6.txt.ins,138,137.9,30.2619,OPT,5380,0,0,AI,0,0.0362319,3.24638,0.252378,29.1619,0,2,0,118,118
BPP_500_500_0.2_0.7_7.txt.ins,140,139.991,10.2564,OPT,5068,0,0,AI,0,0.128571,2.83571,0.223585,9.72236,0,2,0,53,53
BPP_500_500_0.2_0.7_8.txt.ins,140,139.909,2.54461,OPT,4212,0,0,AI,0,0.05,3.21429,0.20378,2.24298,0,2,0,40,40
BPP_500_500_0.2_0.7_9.txt.ins,142,141.927,4.09279,OPT,4845,0,0,AI,0,0.056338,3.19014,0.229783,3.73827,0,2,0,48,48
BPP_500_500_0.2_0.8_0.txt.ins,143,142.246,7.22282,OPT,5528,0,0,AI,0,0.0559441,3.02797,0.231285,6.78028,0,2,0,52,51
BPP_500_500_0.2_0.8_1.txt.ins,147,146.983,10.7193,OPT,5299,0,0,AI,0,0.142857,2.72109,0.247584,10.1371,0,2,0,90,83
BPP_500_500_0.2_0.8_2.txt.ins,146,145.455,4.80574,OPT,4815,0,0,AI,0,0.0684932,2.9726,0.205084,4.43421,0,2,0,40,40
BPP_500_500_0.2_0.8_3.txt.ins,149,148.331,6.5099,OPT,4945,0,0,AI,0,0.0604027,2.94631,0.213744,6.10079,0,2,0,46,40
BPP_500_500_0.2_0.8_4.txt.ins,146,145.369,5.47421,OPT,5178,0,0,AI,0,0.150685,2.80137,0.233012,5.0492,0,2,0,46,45
BPP_500_500_0.2_0.8_5.txt.ins,146,145.961,3.98127,OPT,4577,0,0,AI,0,0.123288,2.91781,0.221157,3.63318,0,2,0,48,48
BPP_500_500_0.2_0.8_6.txt.ins,150,149.922,15.5881,OPT,4558,0,0,AI,0,0.113333,2.74,0.20745,14.8962,0,2,0,64,64
BPP_500_500_0.2_0.8_7.txt.ins,146,145.92,7.70735,OPT,4200,0,0,AI,0,0.0958904,2.91781,0.21517,7.23299,0,2,0,58,56
BPP_500_500_0.2_0.8_8.txt.ins,148,147.354,6.5318,OPT,5298,0,0,AI,0,0.0945946,2.93919,0.236279,6.09009,0,2,0,53,49
BPP_500_500_0.2_0.8_9.txt.ins,152,151.442,4.87042,OPT,4468,0,0,AI,0,0.0789474,2.94079,0.206035,4.5075,0,2,0,49,49
BPP_500_50_0.1_0.7_0.txt.ins,123,121.995,31.8239,OPT,7081,20,1,ANI,20,0.0327869,3.7459,0.281946,30.3672,0,2,2,214,214
BPP_500_50_0.1_0.7_1.txt.ins,128,127.13,3.88752,OPT,4487,0,0,AI,0,0.0234375,3.67188,0.205556,3.52901,0,2,0,58,58
BPP_500_50_0.1_0.7_2.txt.ins,124,122.987,38.4178,OPT,6767,20,1,ANI,20,0.0162602,3.56098,0.302771,36.7949,0,2,2,217,211
BPP_500_50_0.1_0.7_3.txt.ins,124,123.987,33.6981,OPT,6741,0,0,AI,0,0.00806452,3.76613,0.298909,32.2573,0,2,0,235,235
BPP_500_50_0.1_0.7_4.txt.ins,127,126.981,26.3115,OPT,5639,0,0,AI,0,0.0314961,3.51969,0.236002,25.2592,0,2,0,183,161
BPP_500_50_0.1_0.7_5.txt.ins,128,127.279,5.3273,OPT,4977,0,0,AI,0,0.015625,3.67188,0.20509,4.92834,0,2,0,98,94
BPP_500_50_0.1_0.7_6.txt.ins,126,125.899,2.69686,OPT,4088,0,0,AI,0,0.00793651,3.61905,0.206515,2.36614,0,2,0,67,66
BPP_500_50_0.1_0.7_7.txt.ins,126,125.981,43.4673,OPT,5950,0,0,AI,0,0.0634921,3.38095,0.258525,42.1387,0,2,0,175,175
BPP_500_50_0.1_0.7_8.txt.ins,124,123.393,4.80697,OPT,4800,0,0,AI,0,0.0403226,3.71774,0.197075,4.40132,0,2,0,96,85
BPP_500_50_0.1_0.7_9.txt.ins,128,127.955,2.45524,OPT,4135,0,0,AI,0,0.0078125,3.66406,0.165731,2.17451,0,2,0,64,62
BPP_500_50_0.1_0.8_0.txt.ins,135,134.1,7.89881,OPT,4411,0,0,AI,0,0.0740741,3.34074,0.176384,7.43082,0,2,0,75,74
BPP_500_50_0.1_0.8_1.txt.ins,133,132.106,5.76768,OPT,4570,0,0,AI,0,0.0451128,3.38346,0.182343,5.38974,0,2,0,56,53
BPP_500_50_0.1_0.8_2.txt.ins,130,129.944,3.24378,OPT,4494,0,0,AI,0,0.0307692,3.44615,0.204815,2.90457,0,2,0,94,82
BPP_500_50_0.1_0.8_3.txt.ins,137,136.948,28.0532,OPT,5400,0,0,AI,0,0.0729927,3.19708,0.186962,27.1497,0,2,0,159,159
BPP_500_50_0.1_0.8_4.txt.ins,130,129.884,2.55283,OPT,4056,0,0,AI,0,0.0769231,3.35385,0.192806,2.24352,0,2,0,68,64
BPP_500_50_0.1_0.8_5.txt.ins,135,134.11,5.40341,OPT,4447,0,0,AI,0,0.0740741,3.28148,0.166755,5.05424,0,2,0,53,53
BPP_500_50_0.1_0.8_6.txt.ins,135,134.028,6.20426,OPT,4370,0,0,AI,0,0.037037,3.28889,0.164739,5.84046,0,2,0,53,53
BPP_500_50_0.1_0.8_7.txt.ins,137,136.926,2.99927,OPT,4088,0,0,AI,0,0.0364964,3.27737,0.184797,2.6969,0,2,0,60,60
BPP_500_50_0.1_0.8_8.txt.ins,133,132.924,3.08864,OPT,4390,0,0,AI,0,0.0601504,3.24812,0.174073,2.79303,0,2,0,63,63
BPP_500_50_0.1_0.8_9.txt.ins,137,136.963,3.45344,OPT,4624,0,0,AI,0,0.0729927,3.15328,0.194919,3.12548,0,2,0,72,72
BPP_500_50_0.2_0.7_0.txt.ins,141,140.984,2.27649,OPT,3710,0,0,AI,0,0.070922,3,0.120965,2.06224,0,2,0,43,41
BPP_500_50_0.2_0.7_1.txt.ins,140,139.127,5.12936,OPT,4392,0,0,AI,0,0.0428571,3.25714,0.117411,4.8502,0,2,0,49,47
BPP_500_50_0.2_0.7_2.txt.ins,140,139.237,3.87766,OPT,3925,0,0,AI,0,0.0714286,3.06429,0.106666,3.64322,0,2,0,38,38
BPP_500_50_0.2_0.7_3.txt.ins,142,141.985,8.31269,OPT,4491,0,0,AI,0,0.0633803,2.90845,0.132099,7.92002,0,2,0,51,51
BPP_500_50_0.2_0.7_4.txt.ins,142,141.978,13.6988,OPT,4923,0,0,AI,0,0.084507,2.94366,0.14528,13.0853,0,2,0,79,79
BPP_500_50_0.2_0.7_5.txt.ins,139,138.992,2.4114,OPT,4011,0,0,AI,0,0.107914,3.02878,0.127241,2.18826,0,2,0,48,48
BPP_500_50_0.2_0.7_6.txt.ins,138,137.895,2.74138,OPT,3750,0,0,AI,0,0.0289855,3.10145,0.123065,2.5209,0,2,0,40,40
BPP_500_50_0.2_0.7_7.txt.ins,141,140.888,14.1279,OPT,4272,0,0,AI,0,0.120567,2.92199,0.126676,13.5437,0,2,0,78,71
BPP_500_50_0.2_0.7_8.txt.ins,137,136.972,13.313,OPT,4630,0,0,AI,0,0.0437956,3.23358,0.154794,12.7007,0,2,0,107,107
BPP_500_50_0.2_0.7_9.txt.ins,141,140.246,11.7433,OPT,4844,0,0,AI,0,0.035461,3.25532,0.145032,11.2295,0,2,0,82,78
BPP_500_50_0.2_0.8_0.txt.ins,147,146.419,5.09328,OPT,4222,0,0,AI,0,0.122449,2.88435,0.121428,4.78028,0,2,0,47,47
BPP_500_50_0.2_0.8_1.txt.ins,144,143.889,9.13878,OPT,4302,0,0,AI,0,0.0694444,2.88889,0.116823,8.72181,0,2,0,67,67
BPP_500_50_0.2_0.8_2.txt.ins,147,146.204,4.46126,OPT,4230,0,0,AI,0,0.142857,2.65306,0.104911,4.18751,0,2,0,40,39
BPP_500_50_0.2_0.8_3.txt.ins,147,146.903,8.8429,OPT,3982,0,0,AI,0,0.0816327,2.89116,0.137767,8.41831,0,2,0,67,66
BPP_500_50_0.2_0.8_4.txt.ins,150,149.994,3.81342,OPT,3823,0,0,AI,0,0.02,3.06,0.128032,3.53897,0,2,0,42,42
BPP_500_50_0.2_0.8_5.txt.ins,145,144.462,3.31106,OPT,4276,0,0,AI,0,0.062069,2.91724,0.126355,3.06565,0,2,0,42,42
BPP_500_50_0.2_0.8_6.txt.ins,148,147.992,2.62546,OPT,3446,0,0,AI,0,0.0945946,2.85135,0.114338,2.42007,0,2,0,34,34
BPP_500_50_0.2_0.8_7.txt.ins,149,148.242,5.33527,OPT,3966,0,0,AI,0,0.0604027,2.93289,0.099937,5.06826,0,2,0,35,35
BPP_500_50_0.2_0.8_8.txt.ins,149,148.08,3.69157,OPT,3899,0,0,AI,0,0.0671141,2.94631,0.109051,3.45758,0,2,0,32,32
BPP_500_50_0.2_0.8_9.txt.ins,153,152.386,3.14958,OPT,3589,0,0,AI,0,0.130719,2.78431,0.117863,2.9051,0,2,0,49,45
BPP_500_750_0.1_0.7_0.txt.ins,121,120.997,2352.65,OPT,25477,1432,520,AI,100,0,3.99174,5.34516,2206.87,0,2,841,2852,2698
BPP_500_750_0.1_0.7_1.txt.ins,125,124.139,6.69743,OPT,6320,0,0,AI,0,0.032,3.744,0.365323,6.07095,0,2,0,88,78
BPP_500_750_0.1_0.7_2.txt.ins,124,124,363.919,OPT,10742,406,60,AI,100,0.0241935,3.83065,0.652419,353,0,2,60,412,412
BPP_500_750_0.1_0.7_3.txt.ins,123,122.994,23.3097,OPT,5300,0,0,AI,0,0.0243902,3.7561,0.360833,22.3027,0,2,0,124,118
BPP_500_750_0.1_0.7_4.txt.ins,124,123.968,3.19726,OPT,5118,0,0,AI,0,0.0564516,3.52419,0.349439,2.6994,0,2,0,91,85
BPP_500_750_0.1_0.7_5.txt.ins,122,121.941,3.20485,OPT,5050,0,0,AI,0,0.0409836,3.87705,0.347871,2.71801,0,2,0,90,90
BPP_500_750_0.1_0.7_6.txt.ins,122,121.21,8.73312,OPT,6515,0,0,AI,0,0.057377,3.70492,0.393091,8.02421,0,2,0,81,77
BPP_500_750_0.1_0.7_7.txt.ins,121,120.985,170.217,OPT,8015,189,30,AI,100,0,3.93388,0.545925,165.19,0,2,30,328,328
BPP_500_750_0.1_0.7_8.txt.ins,125,124.926,3.37711,OPT,4545,0,0,AI,0,0.008,3.536,0.336874,2.90791,0,2,0,73,71
BPP_500_750_0.1_0.7_9.txt.ins,123,122.198,6.16703,OPT,6243,0,0,AI,0,0.0162602,3.88618,0.367648,5.56416,0,2,0,74,74
BPP_500_750_0.1_0.8_0.txt.ins,136,135.913,26.7443,OPT,5297,0,0,AI,0,0.0661765,3.24265,0.313591,25.7763,0,2,0,130,130
BPP_500_750_0.1_0.8_1.txt.ins,134,133.1,6.78671,OPT,5836,0,0,AI,0,0.0597015,3.34328,0.331349,6.21852,0,2,0,58,58
BPP_500_750_0.1_0.8_2.txt.ins,131,130.998,30.2697,OPT,6281,0,0,AI,0,0.114504,3.29771,0.387176,28.9378,0,2,0,186,186
BPP_500_750_0.1_0.8_3.txt.ins,130,129.942,3.46712,OPT,4942,0,0,AI,0,0.0461538,3.46154,0.330729,2.98756,0,2,0,90,88
BPP_500_750_0.1_0.8_4.txt.ins,134,133.024,7.55824,OPT,5792,0,0,AI,0,0.0447761,3.36567,0.340939,6.95413,0,2,0,77,75
BPP_500_750_0.1_0.8_5.txt.ins,133,132.242,7.77561,OPT,6270,0,0,AI,0,0.0300752,3.4812,0.351667,7.16537,0,2,0,67,67
BPP_500_750_0.1_0.8_6.txt.ins,137,136.331,6.52251,OPT,5741,0,0,AI,0,0.0364964,3.34307,0.306183,5.97388,0,2,0,65,64
BPP_500_750_0.1_0.8_7.txt.ins,135,134.999,13.9686,OPT,5064,0,0,AI,0,0.103704,3.13333,0.338023,13.2669,0,2,0,89,89
BPP_500_750_0.1_0.8_8.txt.ins,135,134.887,78.1487,OPT,5789,100,10,AI,100,0.037037,3.43704,0.349649,75.8609,0,2,10,226,223
BPP_500_750_0.1_0.8_9.txt.ins,132,131.84,3.36695,OPT,4360,0,0,AI,0,0.030303,3.38636,0.318953,2.92138,0,2,0,76,72
BPP_500_750_0.2_0.7_0.txt.ins,139,138.595,12.0853,OPT,6191,0,0,AI,0,0.122302,3.00719,0.286219,11.3953,0,2,0,92,92
BPP_500_750_0.2_0.7_1.txt.ins,139,138.139,7.23319,OPT,5805,0,0,AI,0,0.0359712,3.22302,0.272095,6.74603,0,2,0,56,54
BPP_500_750_0.2_0.7_2.txt.ins,136,135.018,5.7606,OPT,5858,0,0,AI,0,0.0588235,3.30882,0.257279,5.28744,0,2,0,56,56
BPP_500_750_0.2_0.7_3.txt.ins,137,136.99,2.71542,OPT,4473,0,0,AI,0,0.0510949,3.21898,0.225025,2.38633,0,2,0,51,49
BPP_500_750_0.2_0.7_4.txt.ins,138,137.981,14.8456,OPT,5280,0,0,AI,0,0.0797101,3.03623,0.228029,14.2251,0,2,0,57,57
BPP_500_750_0.2_0.7_5.txt.ins,139,138.082,7.29444,OPT,5406,0,0,AI,0,0.0503597,3.28777,0.236953,6.84495,0,2,0,59,58
BPP_500_750_0.2_0.7_6.txt.ins,141,140.035,7.51834,OPT,5265,0,0,AI,0,0.0567376,3.15603,0.245591,7.05721,0,2,0,54,54
BPP_500_750_0.2_0.7_7.txt.ins,137,136.359,5.27858,OPT,5291,0,0,AI,0,0.124088,3.05839,0.26034,4.84297,0,2,0,49,47
BPP_500_750_0.2_0.7_8.txt.ins,139,138.933,3.65505,OPT,4558,0,0,AI,0,0.0791367,3.05755,0.223488,3.32021,0,2,0,40,39
BPP_500_750_0.2_0.7_9.txt.ins,142,141.115,5.72398,OPT,5576,0,0,AI,0,0.105634,3.01408,0.254878,5.26742,0,2,0,54,54
BPP_500_750_0.2_0.8_0.txt.ins,146,145.981,2.90547,OPT,4095,0,0,AI,0,0.0684932,2.96575,0.200709,2.60136,0,2,0,44,43
BPP_500_750_0.2_0.8_1.txt.ins,150,149.09,5.17553,OPT,4999,0,0,AI,0,0.106667,2.85333,0.233747,4.7632,0,2,0,50,49
BPP_500_750_0.2_0.8_2.txt.ins,150,149.898,5.94519,OPT,4999,0,0,AI,0,0.1,2.83333,0.252563,5.49262,0,2,0,52,52
BPP_500_750_0.2_0.8_3.txt.ins,150,149,23.4248,OPT,5820,20,1,ANI,20,0.0604027,2.99329,0.283948,22.3848,0,2,2,90,87
BPP_500_750_0.2_0.8_4.txt.ins,146,145.984,10.3172,OPT,4690,0,0,AI,0,0.0547945,2.93836,0.232885,9.76165,0,2,0,67,67
BPP_500_750_0.2_0.8_5.txt.ins,146,145.15,6.7163,OPT,4951,0,0,AI,0,0.0342466,2.9589,0.220297,6.29465,0,2,0,41,40
BPP_500_750_0.2_0.8_6.txt.ins,145,144.281,5.03712,OPT,5183,0,0,AI,0,0.110345,2.91034,0.238449,4.62936,0,2,0,50,47
BPP_500_750_0.2_0.8_7.txt.ins,146,145.968,40.2068,OPT,5487,0,0,AI,0,0.0479452,3.13699,0.243768,38.9731,0,2,0,96,96
BPP_500_750_0.2_0.8_8.txt.ins,151,150.54,4.80707,OPT,4190,0,0,AI,0,0.0860927,2.9404,0.235231,4.40023,0,2,0,46,46
BPP_500_750_0.2_0.8_9.txt.ins,147,146.678,20.3132,OPT,6412,0,0,AI,0,0.102041,2.80952,0.310834,19.2574,0,2,0,140,138
BPP_500_75_0.1_0.7_0.txt.ins,124,123.367,18.4169,OPT,6163,0,0,AI,0,0.0241935,3.71774,0.289629,17.5119,0,2,0,174,169
BPP_500_75_0.1_0.7_1.txt.ins,127,126.342,10.4097,OPT,5516,0,0,AI,0,0.023622,3.73228,0.264254,9.78029,0,2,0,118,109
BPP_500_75_0.1_0.7_2.txt.ins,125,124.984,4.24855,OPT,4749,0,0,AI,0,0.008,3.72,0.221234,3.88734,0,2,0,82,77
BPP_500_75_0.1_0.7_3.txt.ins,122,121.929,8.35241,OPT,4932,0,0,AI,0,0.0163934,3.68852,0.252077,7.80098,0,2,0,115,109
BPP_500_75_0.1_0.7_4.txt.ins,125,124.931,3.55943,OPT,4412,0,0,AI,0,0.016,3.72,0.227049,3.2054,0,2,0,70,68
BPP_500_75_0.1_0.7_5.txt.ins,123,122.941,2.61448,OPT,4452,0,0,AI,0,0.00813008,3.69106,0.216128,2.27974,0,2,0,91,89
BPP_500_75_0.1_0.7_6.txt.ins,122,121.269,6.10519,OPT,5254,0,0,AI,0,0.0327869,3.77869,0.251082,5.62821,0,2,0,73,73
BPP_500_75_0.1_0.7_7.txt.ins,122,121.919,23.851,OPT,5631,0,0,AI,0,0,3.82787,0.292452,22.8608,0,2,0,184,184
BPP_500_75_0.1_0.7_8.txt.ins,122,121.993,4.20455,OPT,5373,0,0,AI,0,0.0163934,3.89344,0.260452,3.77647,0,2,0,102,102
BPP_500_75_0.1_0.7_9.txt.ins,120,119.434,4.78031,OPT,5126,0,0,AI,0,0.0166667,3.96667,0.229047,4.36259,0,2,0,78,76
BPP_500_75_0.1_0.8_0.txt.ins,137,136.054,5.78538,OPT,4456,0,0,AI,0,0.0437956,3.29927,0.171061,5.43325,0,2,0,43,42
BPP_500_75_0.1_0.8_1.txt.ins,131,130.562,13.3371,OPT,5453,0,0,AI,0,0.0381679,3.45802,0.23101,12.6727,0,2,0,110,110
BPP_500_75_0.1_0.8_2.txt.ins,136,135.042,5.99567,OPT,4482,0,0,AI,0,0.0955882,3.08088,0.208716,5.5992,0,2,0,69,67
BPP_500_75_0.1_0.8_3.txt.ins,132,131.987,2.68035,OPT,4341,0,0,AI,0,0.0530303,3.22727,0.209701,2.35244,0,2,0,91,91
BPP_500_75_0.1_0.8_4.txt.ins,134,133.953,20.6676,OPT,5288,0,0,AI,0,0.0671642,3.07463,0.241806,19.8201,0,2,0,125,125
BPP_500_75_0.1_0.8_5.txt.ins,134,133.993,116.626,OPT,8994,346,40,AI,100,0.0895522,3.28358,0.55636,110.891,0,2,41,457,457
BPP_500_75_0.1_0.8_6.txt.ins,133,132.883,3.69028,OPT,4272,0,0,AI,0,0.0150376,3.30827,0.22189,3.31728,0,2,0,57,57
BPP_500_75_0.1_0.8_7.txt.ins,135,134.155,5.2197,OPT,5117,0,0,AI,0,0.037037,3.36296,0.208184,4.79157,0,2,0,73,69
BPP_500_75_0.1_0.8_8.txt.ins,132,131.979,18.8468,OPT,4961,0,0,AI,0,0.030303,3.35606,0.241048,17.9041,0,2,0,138,138
BPP_500_75_0.1_0.8_9.txt.ins,134,133.076,7.34757,OPT,5037,0,0,AI,0,0.0298507,3.46269,0.212166,6.8481,0,2,0,66,65
BPP_500_75_0.2_0.7_0.txt.ins,139,138.931,9.79848,OPT,4392,0,0,AI,0,0.0791367,3.06475,0.177473,9.29199,0,2,0,58,58
BPP_500_75_0.2_0.7_1.txt.ins,137,136.94,2.64583,OPT,4081,0,0,AI,0,0.124088,2.85401,0.158934,2.38075,0,2,0,45,43
BPP_500_75_0.2_0.7_2.txt.ins,140,139.968,4.26511,OPT,4874,0,0,AI,0,0.0785714,2.98571,0.177918,3.92917,0,2,0,43,43
BPP_500_75_0.2_0.7_3.txt.ins,141,140.889,9.48665,OPT,3787,0,0,AI,0,0.0992908,2.8156,0.151053,8.95797,0,2,0,57,57
BPP_500_75_0.2_0.7_4.txt.ins,135,134.991,39.6847,OPT,6517,100,10,AI,100,0.0740741,3.03704,0.20758,37.98,0,2,10,141,141
BPP_500_75_0.2_0.7_5.txt.ins,141,140.899,2.11616,OPT,3989,0,0,AI,0,0.0638298,3.01418,0.119213,1.90763,0,2,0,50,50
BPP_500_75_0.2_0.7_6.txt.ins,141,140.023,4.73697,OPT,4457,0,0,AI,0,0.0851064,2.97163,0.143487,4.43977,0,2,0,44,41
BPP_500_75_0.2_0.7_7.txt.ins,136,135.915,2.57253,OPT,4244,0,0,AI,0,0.110294,3.06618,0.14391,2.32249,0,2,0,50,50
BPP_500_75_0.2_0.7_8.txt.ins,138,137.964,3.12961,OPT,3880,0,0,AI,0,0.0144928,3.21739,0.14086,2.88401,0,2,0,36,35
BPP_500_75_0.2_0.7_9.txt.ins,140,139.062,4.45348,OPT,4508,0,0,AI,0,0.0785714,3.19286,0.134475,4.16563,0,2,0,46,42
BPP_500_75_0.2_0.8_0.txt.ins,150,149.071,3.86754,OPT,3793,0,0,AI,0,0.0933333,2.92667,0.135054,3.59314,0,2,0,44,44
BPP_500_75_0.2_0.8_1.txt.ins,148,147.998,3.94612,OPT,4359,0,0,AI,0,0.0810811,2.87162,0.153254,3.6688,0,2,0,43,43
BPP_500_75_0.2_0.8_2.txt.ins,148,147.878,2.37239,OPT,3551,0,0,AI,0,0.0472973,2.95946,0.132142,2.15255,0,2,0,37,37
BPP_500_75_0.2_0.8_3.txt.ins,146,145.874,2.54697,OPT,3818,0,0,AI,0,0.0684932,2.88356,0.12684,2.32772,0,2,0,41,39
BPP_500_75_0.2_0.8_4.txt.ins,147,146.397,7.3362,OPT,4790,0,0,AI,0,0.115646,2.79592,0.14738,6.89828,0,2,0,61,61
BPP_500_75_0.2_0.8_5.txt.ins,149,148.567,3.43995,OPT,4126,0,0,AI,0,0.0536913,3.04698,0.119964,3.197,0,2,0,49,48
BPP_500_75_0.2_0.8_6.txt.ins,150,149.965,9.78083,OPT,4166,0,0,AI,0,0.08,2.93333,0.145774,9.3034,0,2,0,54,54
BPP_500_75_0.2_0.8_7.txt.ins,146,145.508,6.056,OPT,4828,0,0,AI,0,0.0684932,2.95205,0.147518,5.70384,0,2,0,50,50
BPP_500_75_0.2_0.8_8.txt.ins,148,146.993,23.3587,OPT,5736,40,1,ANI,40,0.0816327,2.93878,0.179438,22.2588,0,2,2,122,122
BPP_500_75_0.2_0.8_9.txt.ins,150,149.972,3.4614,OPT,4268,0,0,AI,0,0.0733333,2.80667,0.130862,3.20507,0,2,0,49,49
