BPP_750_1000_0.1_0.7_0.txt.ins,190,189.328,81.6505,OPT,12161,0,0,AI,0,0.0473684,3.60526,0.913551,79.3163,0,2,0,183,178
BPP_750_1000_0.1_0.7_1.txt.ins,183,182.955,13.8118,OPT,8760,0,0,AI,0,0.0218579,3.69945,0.904797,12.6059,0,2,0,108,101
BPP_750_1000_0.1_0.7_2.txt.ins,184,183.944,14.2562,OPT,9808,0,0,AI,0,0.0108696,3.82609,0.919256,13.0057,0,2,0,118,118
BPP_750_1000_0.1_0.7_3.txt.ins,182,181.976,84.4771,OPT,9313,0,0,AI,0,0.010989,3.63736,0.964865,82.2526,0,2,0,177,165
BPP_750_1000_0.1_0.7_4.txt.ins,190,189.877,8.76934,OPT,7931,0,0,AI,0,0.0368421,3.47895,0.795995,7.74617,0,2,0,82,82
BPP_750_1000_0.1_0.7_5.txt.ins,185,183.994,3740.16,TLE,45128,906,120,?,100,0.0326087,3.82065,8.32028,3626.27,0,-1,120,1608,1608
BPP_750_1000_0.1_0.7_6.txt.ins,183,182.986,11.2748,OPT,8673,0,0,AI,0,0.0327869,3.5847,0.969807,10.0108,0,2,0,128,124
BPP_750_1000_0.1_0.7_7.txt.ins,186,185.179,23.5379,OPT,10886,0,0,AI,0,0.0376344,3.77957,0.990355,22.0026,0,2,0,116,104
BPP_750_1000_0.1_0.7_8.txt.ins,185,184.98,727.373,OPT,15146,191,30,AI,100,0.0216216,3.64324,1.51018,714.449,0,2,30,520,520
BPP_750_1000_0.1_0.7_9.txt.ins,187,186.927,15.3282,OPT,8618,0,0,AI,0,0.0320856,3.48128,0.908202,14.1198,0,2,0,104,104
BPP_750_1000_0.1_0.8_0.txt.ins,196,195.434,19.9464,OPT,11061,0,0,AI,0,0.0408163,3.4949,0.912959,18.5045,0,2,0,118,110
BPP_750_1000_0.1_0.8_1.txt.ins,194,193.571,20.535,OPT,9794,0,0,AI,0,0.0206186,3.65979,1.07052,18.954,0,2,0,101,99
BPP_750_1000_0.1_0.8_2.txt.ins,198,197.248,22.3045,OPT,9342,0,0,AI,0,0.0555556,3.41919,1.01893,20.7434,0,2,0,85,85
BPP_750_1000_0.1_0.8_3.txt.ins,198,197.683,22.0943,OPT,10464,0,0,AI,0,0.0555556,3.43939,0.971422,20.5168,0,2,0,116,116
BPP_750_1000_0.1_0.8_4.txt.ins,197,196.898,52.2228,OPT,8880,0,0,AI,0,0.0507614,3.38071,0.809042,50.5259,0,2,0,130,130
BPP_750_1000_0.1_0.8_5.txt.ins,201,200.226,49.7929,OPT,11461,0,0,AI,0,0.039801,3.34826,0.96299,47.7705,0,2,0,132,132
BPP_750_1000_0.1_0.8_6.txt.ins,201,200.188,25.3462,OPT,10286,0,0,AI,0,0.0248756,3.39801,0.881737,23.9446,0,2,0,90,84
BPP_750_1000_0.1_0.8_7.txt.ins,197,196.999,62.2645,OPT,8715,0,0,AI,0,0.0101523,3.41117,0.77493,60.5558,0,2,0,96,96
BPP_750_1000_0.1_0.8_8.txt.ins,199,198.428,23.1719,OPT,10304,0,0,AI,0,0.0301508,3.46231,0.903053,21.7784,0,2,0,101,96
BPP_750_1000_0.1_0.8_9.txt.ins,202,201.958,56.8609,OPT,8082,0,0,AI,0,0.049505,3.25743,0.774256,55.1287,0,2,0,103,103
BPP_750_1000_0.2_0.7_0.txt.ins,206,205.978,278.666,OPT,11493,100,10,AI,100,0.0533981,3.34466,0.808529,272.998,0,2,10,192,192
BPP_750_1000_0.2_0.7_1.txt.ins,207,206.162,64.5647,OPT,10306,0,0,AI,0,0.0676329,3.1401,0.840013,62.2389,0,2,0,110,110
BPP_750_1000_0.2_0.7_2.txt.ins,205,204.979,296.926,OPT,11313,100,10,AI,100,0.0487805,3.2878,1.04643,290.261,0,2,10,191,191
BPP_750_1000_0.2_0.7_3.txt.ins,211,210.971,169.808,OPT,9781,0,0,AI,0,0.0331754,3.21327,0.814767,166.289,0,2,0,108,108
BPP_750_1000_0.2_0.7_4.txt.ins,207,206,187.227,OPT,11172,20,1,ANI,20,0.0873786,3.25243,0.85223,183.203,0,2,2,111,111
BPP_750_1000_0.2_0.7_5.txt.ins,209,208.378,19.2766,OPT,8319,0,0,AI,0,0.062201,3.20574,0.605553,18.2763,0,2,0,53,53
BPP_750_1000_0.2_0.7_6.txt.ins,207,206.067,18.811,OPT,9521,0,0,AI,0,0.0917874,3.14976,0.800669,17.5044,0,2,0,62,62
BPP_750_1000_0.2_0.7_7.txt.ins,207,206.05,25.0674,OPT,9158,0,0,AI,0,0.057971,3.27536,0.657702,23.9535,0,2,0,61,61
BPP_750_1000_0.2_0.7_8.txt.ins,209,208.933,14.4134,OPT,7498,0,0,AI,0,0.0334928,3.17703,0.687706,13.4739,0,2,0,44,44
BPP_750_1000_0.2_0.7_9.txt.ins,205,204.926,153.929,OPT,9714,0,0,AI,0,0.0634146,3.10244,0.809949,150.486,0,2,0,153,153
BPP_750_1000_0.2_0.8_0.txt.ins,216,215.522,40.5561,OPT,9792,0,0,AI,0,0.087963,2.97685,0.857398,38.7019,0,2,0,105,101
BPP_750_1000_0.2_0.8_1.txt.ins,222,221.654,15.5174,OPT,9053,0,0,AI,0,0.103604,2.72973,0.766325,14.3179,0,2,0,68,64
BPP_750_1000_0.2_0.8_2.txt.ins,218,217.449,19.1337,OPT,8460,0,0,AI,0,0.114679,2.87156,0.729739,17.9233,0,2,0,66,66
BPP_750_1000_0.2_0.8_3.txt.ins,223,222.495,15.4536,OPT,7972,0,0,AI,0,0.121076,2.70404,0.657197,14.3857,0,2,0,61,57
BPP_750_1000_0.2_0.8_4.txt.ins,225,224.088,16.8879,OPT,8505,0,0,AI,0,0.133333,2.70667,0.755787,15.6389,0,2,0,70,54
BPP_750_1000_0.2_0.8_5.txt.ins,222,221.01,20.1939,OPT,8608,0,0,AI,0,0.0765766,2.87838,0.727245,19.0176,0,2,0,52,52
BPP_750_1000_0.2_0.8_6.txt.ins,222,221.985,75.8282,OPT,9289,0,0,AI,0,0.0720721,2.98649,0.707834,73.3943,0,2,0,99,99
BPP_750_1000_0.2_0.8_7.txt.ins,220,219.407,17.3269,OPT,8413,0,0,AI,0,0.0727273,2.95909,0.63803,16.3105,0,2,0,60,60
BPP_750_1000_0.2_0.8_8.txt.ins,227,226.068,24.8841,OPT,7343,0,0,AI,0,0.132159,2.82819,0.740165,23.4915,0,2,0,91,85
BPP_750_1000_0.2_0.8_9.txt.ins,223,222.62,47.6758,OPT,9403,0,0,AI,0,0.0538117,2.98206,0.800312,45.7977,0,2,0,89,89
BPP_750_100_0.1_0.7_0.txt.ins,184,183.074,16.8827,OPT,8745,0,0,AI,0,0.0163043,3.88587,0.610492,15.7833,0,2,0,99,95
BPP_750_100_0.1_0.7_1.txt.ins,190,189.994,172.637,OPT,11007,0,0,AI,0,0.0631579,3.42105,0.749448,168.88,0,2,0,255,254
BPP_750_100_0.1_0.7_2.txt.ins,187,186.362,19.5943,OPT,9312,0,0,AI,0,0.0106952,3.76471,0.638168,18.4845,0,2,0,99,91
BPP_750_100_0.1_0.7_3.txt.ins,184,183.224,15.8174,OPT,8446,0,0,AI,0,0.00543478,3.88043,0.583213,14.8148,0,2,0,84,76
BPP_750_100_0.1_0.7_4.txt.ins,188,187.451,20.7903,OPT,8486,0,0,AI,0,0.0159574,3.70745,0.614478,19.6669,0,2,0,103,101
BPP_750_100_0.1_0.7_5.txt.ins,186,185.872,9.22534,OPT,7622,0,0,AI,0,0.0537634,3.44624,0.636233,8.28767,0,2,0,73,73
BPP_750_100_0.1_0.7_6.txt.ins,186,185.941,76.5707,OPT,8905,0,0,AI,0,0.0537634,3.55914,0.731093,74.2687,0,2,0,169,168
BPP_750_100_0.1_0.7_7.txt.ins,182,181.958,10.5249,OPT,8695,0,0,AI,0,0.0494505,3.55495,0.690702,9.49093,0,2,0,100,97
BPP_750_100_0.1_0.7_8.txt.ins,183,182.97,62.696,OPT,9377,0,0,AI,0,0.0218579,3.70492,0.759309,60.8372,0,2,0,178,173
BPP_750_100_0.1_0.7_9.txt.ins,184,183.196,14.5639,OPT,8584,0,0,AI,0,0.0652174,3.71196,0.624044,13.4827,0,2,0,83,83
BPP_750_100_0.1_0.8_0.txt.ins,198,197.961,242.887,OPT,12509,100,10,AI,100,0.0707071,3.23737,0.864811,237.823,0,2,10,330,324
BPP_750_100_0.1_0.8_1.txt.ins,202,201.444,15.1666,OPT,8074,0,0,AI,0,0.049505,3.41089,0.548537,14.1679,0,2,0,95,91
BPP_750_100_0.1_0.8_2.txt.ins,198,197.976,60.402,OPT,9788,0,0,AI,0,0.0555556,3.34343,0.718949,58.4535,0,2,0,130,126
BPP_750_100_0.1_0.8_3.txt.ins,197,196.92,11.0617,OPT,7805,0,0,AI,0,0.0609137,3.29949,0.55064,10.2037,0,2,0,85,80
BPP_750_100_0.1_0.8_4.txt.ins,201,200.131,21.3035,OPT,7765,0,0,AI,0,0.0248756,3.38806,0.486629,20.3908,0,2,0,70,70
BPP_750_100_0.1_0.8_5.txt.ins,198,197.615,18.8389,OPT,8616,0,0,AI,0,0.0353535,3.52525,0.550418,17.7846,0,2,0,83,82
BPP_750_100_0.1_0.8_6.txt.ins,194,193.97,234.085,OPT,11593,0,0,AI,0,0.0309278,3.51031,0.765624,229.653,0,2,0,216,216
BPP_750_100_0.1_0.8_7.txt.ins,197,196.156,38.092,OPT,8955,0,0,AI,0,0.035533,3.55838,0.656609,36.466,0,2,0,120,118
BPP_750_100_0.1_0.8_8.txt.ins,196,195.997,35.5782,OPT,8156,0,0,AI,0,0.0561224,3.28061,0.509161,34.2849,0,2,0,120,120
BPP_750_100_0.1_0.8_9.txt.ins,202,201.309,14.597,OPT,7877,0,0,AI,0,0.0445545,3.36634,0.487773,13.6756,0,2,0,67,67
BPP_750_100_0.2_0.7_0.txt.ins,208,207.967,7.19217,OPT,6932,0,0,AI,0,0.0865385,2.94712,0.39883,6.55729,0,2,0,57,57
BPP_750_100_0.2_0.7_1.txt.ins,212,211.969,278.872,OPT,11426,219,30,AI,100,0.174528,2.71226,0.594612,271.604,0,2,30,297,297
BPP_750_100_0.2_0.7_2.txt.ins,210,209.051,13.877,OPT,7422,0,0,AI,0,0.0761905,3.01429,0.359437,13.2293,0,2,0,53,50
BPP_750_100_0.2_0.7_3.txt.ins,207,206.832,9.22693,OPT,6408,0,0,AI,0,0.0869565,2.95652,0.341986,8.68977,0,2,0,54,51
BPP_750_100_0.2_0.7_4.txt.ins,207,206.913,8.12288,OPT,6870,0,0,AI,0,0.120773,2.86473,0.336765,7.59715,0,2,0,48,48
BPP_750_100_0.2_0.7_5.txt.ins,207,206.089,15.3854,OPT,8163,0,0,AI,0,0.0483092,3.22222,0.381558,14.7017,0,2,0,59,59
BPP_750_100_0.2_0.7_6.txt.ins,211,209.998,926.706,OPT,21289,611,81,ANI,100,0.109524,2.92381,0.982092,893.943,0,2,103,679,679
BPP_750_100_0.2_0.7_7.txt.ins,210,209.921,58.9822,OPT,7755,0,0,AI,0,0.1,2.95238,0.409773,57.2941,0,2,0,94,94
BPP_750_100_0.2_0.7_8.txt.ins,211,210.304,40.0775,OPT,8955,0,0,AI,0,0.056872,3.21327,0.447949,38.7909,0,2,0,89,86
BPP_750_100_0.2_0.7_9.txt.ins,206,205.981,10.2117,OPT,7565,0,0,AI,0,0.121359,2.95631,0.400593,9.56045,0,2,0,44,44
BPP_750_100_0.2_0.8_0.txt.ins,219,218.849,7.74759,OPT,6221,0,0,AI,0,0.100457,2.79909,0.34135,7.19265,0,2,0,43,43
BPP_750_100_0.2_0.8_1.txt.ins,219,218.307,14.412,OPT,7335,0,0,AI,0,0.0684932,2.96804,0.369224,13.739,0,2,0,53,52
BPP_750_100_0.2_0.8_2.txt.ins,225,224.807,19.6991,OPT,7658,0,0,AI,0,0.0888889,2.89333,0.363498,18.9104,0,2,0,55,55
BPP_750_100_0.2_0.8_3.txt.ins,219,218.356,22.607,OPT,7746,0,0,AI,0,0.0365297,3.08219,0.359998,21.8039,0,2,0,55,55
BPP_750_100_0.2_0.8_4.txt.ins,220,219.979,78.5758,OPT,8289,0,0,AI,0,0.0727273,2.88182,0.372664,76.4653,0,2,0,110,110
BPP_750_100_0.2_0.8_5.txt.ins,220,219.906,32.8702,OPT,7696,0,0,AI,0,0.0454545,3.1,0.369579,31.7288,0,2,0,87,85
BPP_750_100_0.2_0.8_6.txt.ins,220,219.936,12.6968,OPT,6985,0,0,AI,0,0.0772727,2.92727,0.371959,12.0787,0,2,0,42,42
BPP_750_100_0.2_0.8_7.txt.ins,222,221.12,13.2969,OPT,6118,0,0,AI,0,0.0855856,2.97297,0.321356,12.6609,0,2,0,42,42
BPP_750_100_0.2_0.8_8.txt.ins,222,221.992,35.4217,OPT,7375,0,0,AI,0,0.0765766,2.87838,0.361412,34.2671,0,2,0,70,70
BPP_750_100_0.2_0.8_9.txt.ins,222,221.235,16.3713,OPT,7006,0,0,AI,0,0.0900901,2.97297,0.320984,15.7279,0,2,0,49,49
BPP_750_120_0.1_0.7_0.txt.ins,180,179.891,81.582,OPT,8725,0,0,AI,0,0.00555556,3.78333,0.706377,79.6717,0,2,0,117,117
BPP_750_120_0.1_0.7_1.txt.ins,186,185.965,9.22324,OPT,7367,0,0,AI,0,0.0430108,3.52151,0.534055,8.4426,0,2,0,82,79
BPP_750_120_0.1_0.7_2.txt.ins,187,186.995,255.146,OPT,12849,100,10,AI,100,0.026738,3.58824,0.838733,249.588,0,2,10,306,306
BPP_750_120_0.1_0.7_3.txt.ins,187,187,81.4809,OPT,9991,0,0,AI,0,0.0160428,3.67914,0.664973,79.6486,0,2,0,169,169
BPP_750_120_0.1_0.7_4.txt.ins,181,180.987,15.9705,OPT,9419,0,0,AI,0,0.0276243,3.71271,0.621952,14.981,0,2,0,122,110
BPP_750_120_0.1_0.7_5.txt.ins,186,185.984,10.5293,OPT,7944,0,0,AI,0,0.0322581,3.60753,0.528141,9.76233,0,2,0,98,98
BPP_750_120_0.1_0.7_6.txt.ins,187,185.999,169.676,OPT,10925,20,1,ANI,20,0.00537634,3.80108,0.68512,165.916,0,2,2,179,176
BPP_750_120_0.1_0.7_7.txt.ins,181,180.899,9.76299,OPT,7601,0,0,AI,0,0.038674,3.70718,0.613899,8.87105,0,2,0,95,90
BPP_750_120_0.1_0.7_8.txt.ins,190,189.249,17.608,OPT,8404,0,0,AI,0,0.0263158,3.57368,0.541389,16.6699,0,2,0,87,80
BPP_750_120_0.1_0.7_9.txt.ins,185,184.965,43.3785,OPT,8342,0,0,AI,0,0.0702703,3.49189,0.563143,41.996,0,2,0,144,136
BPP_750_120_0.1_0.8_0.txt.ins,199,198.971,9.13119,OPT,7367,0,0,AI,0,0.0552764,3.28141,0.493259,8.4036,0,2,0,81,77
BPP_750_120_0.1_0.8_1.txt.ins,196,195.561,18.0745,OPT,8624,0,0,AI,0,0.0306122,3.59184,0.539576,17.1462,0,2,0,98,93
BPP_750_120_0.1_0.8_2.txt.ins,197,196.955,150.627,OPT,9708,0,0,AI,0,0.0456853,3.32995,0.63865,147.371,0,2,0,198,193
BPP_750_120_0.1_0.8_3.txt.ins,201,200.536,18.0308,OPT,8847,0,0,AI,0,0.039801,3.39801,0.558477,16.9337,0,2,0,92,92
BPP_750_120_0.1_0.8_4.txt.ins,202,201.207,21.1404,OPT,8101,0,0,AI,0,0.0891089,3.11386,0.49638,20.1649,0,2,0,63,63
BPP_750_120_0.1_0.8_5.txt.ins,197,196.951,41.7524,OPT,8623,0,0,AI,0,0.0558376,3.22335,0.681566,40.105,0,2,0,112,112
BPP_750_120_0.1_0.8_6.txt.ins,200,199.076,21.4325,OPT,8126,0,0,AI,0,0.04,3.4,0.517486,20.4663,0,2,0,83,79
BPP_750_120_0.1_0.8_7.txt.ins,198,197.993,151.173,OPT,10399,0,0,AI,0,0.0656566,3.27778,0.764048,147.749,0,2,0,222,220
BPP_750_120_0.1_0.8_8.txt.ins,206,205.119,18.5357,OPT,8193,0,0,AI,0,0.0436893,3.19903,0.497721,17.6548,0,2,0,71,70
BPP_750_120_0.1_0.8_9.txt.ins,199,198.029,18.2888,OPT,8375,0,0,AI,0,0.040201,3.51256,0.539464,17.3481,0,2,0,87,87
BPP_750_120_0.2_0.7_0.txt.ins,212,211.05,19.4198,OPT,7903,0,0,AI,0,0.0377358,3.24528,0.380582,18.6841,0,2,0,54,52
BPP_750_120_0.2_0.7_1.txt.ins,207,206.945,7.47674,OPT,6618,0,0,AI,0,0.0676329,3.12077,0.352033,6.93873,0,2,0,46,43
BPP_750_120_0.2_0.7_2.txt.ins,206,205.939,78.6282,OPT,8320,0,0,AI,0,0.0631068,3.07282,0.42966,76.8716,0,2,0,97,97
BPP_750_120_0.2_0.7_3.txt.ins,213,212.845,8.97152,OPT,6511,0,0,AI,0,0.0798122,3.06103,0.330461,8.45684,0,2,0,49,49
BPP_750_120_0.2_0.7_4.txt.ins,214,213.93,63.4112,OPT,8245,0,0,AI,0,0.0841121,2.97664,0.4181,61.8012,0,2,0,92,92
BPP_750_120_0.2_0.7_5.txt.ins,210,209.951,34.6133,OPT,7529,0,0,AI,0,0.0714286,3.07143,0.395228,33.5182,0,2,0,84,83
BPP_750_120_0.2_0.7_6.txt.ins,209,208.958,131.743,OPT,9811,0,0,AI,0,0.0909091,2.98086,0.430901,128.985,0,2,0,133,133
BPP_750_120_0.2_0.7_7.txt.ins,208,207.473,15.66,OPT,7848,0,0,AI,0,0.0625,3.26923,0.343639,14.9968,0,2,0,57,57
BPP_750_120_0.2_0.7_8.txt.ins,204,203.936,55.5042,OPT,7795,0,0,AI,0,0.0490196,3.12255,0.415122,54.0057,0,2,0,94,91
BPP_750_120_0.2_0.7_9.txt.ins,211,210.906,10.0713,OPT,6611,0,0,AI,0,0.0616114,3.04739,0.340738,9.53349,0,2,0,46,46
BPP_750_120_0.2_0.8_0.txt.ins,221,220.812,44.7871,OPT,7178,0,0,AI,0,0.135747,2.74661,0.373593,43.3488,0,2,0,103,102
BPP_750_120_0.2_0.8_1.txt.ins,222,221.181,9.59201,OPT,7220,0,0,AI,0,0.0585586,3.03604,0.296623,9.06365,0,2,0,50,50
BPP_750_120_0.2_0.8_2.txt.ins,224,223.314,15.9506,OPT,6820,0,0,AI,0,0.0446429,2.95089,0.292277,15.3742,0,2,0,50,49
BPP_750_120_0.2_0.8_3.txt.ins,214,213.012,21.2596,OPT,8578,0,0,AI,0,0.0373832,3.2243,0.40266,20.5056,0,2,0,69,67
BPP_750_120_0.2_0.8_4.txt.ins,222,221.412,15.1854,OPT,7426,0,0,AI,0,0.0540541,3.01802,0.34002,14.5629,0,2,0,53,53
BPP_750_120_0.2_0.8_5.txt.ins,220,219.021,17.9336,OPT,7659,0,0,AI,0,0.0863636,2.92273,0.344742,17.2138,0,2,0,51,50
BPP_750_120_0.2_0.8_6.txt.ins,222,221.281,26.5308,OPT,8215,0,0,AI,0,0.0540541,3.09459,0.390011,25.6727,0,2,0,57,56
BPP_750_120_0.2_0.8_7.txt.ins,219,218.179,11.4668,OPT,7322,0,0,AI,0,0.0502283,3.13699,0.343852,10.853,0,2,0,52,49
BPP_750_120_0.2_0.8_8.txt.ins,216,214.982,3600.41,TLE,19451,1793,580,?,100,0.15814,2.73023,3.20901,3421.19,0,-1,1102,2346,2231
BPP_750_120_0.2_0.8_9.txt.ins,225,224.903,11.0811,OPT,6306,0,0,AI,0,0.0488889,2.98667,0.327634,10.5034,0,2,0,48,48
BPP_750_125_0.1_0.7_0.txt.ins,185,184.97,132.709,OPT,10085,0,0,AI,0,0.0324324,3.56216,0.834274,129.446,0,2,0,259,259
BPP_750_125_0.1_0.7_1.txt.ins,185,184.252,41.6389,OPT,9262,0,0,AI,0,0.0540541,3.72432,0.717138,40.0503,0,2,0,139,137
BPP_750_125_0.1_0.7_2.txt.ins,186,185.259,16.0431,OPT,8748,0,0,AI,0,0.0107527,3.8172,0.652846,14.9571,0,2,0,89,89
BPP_750_125_0.1_0.7_3.txt.ins,184,183.094,14.41,OPT,8760,0,0,AI,0,0.0434783,3.66848,0.633052,13.3887,0,2,0,85,81
BPP_750_125_0.1_0.7_4.txt.ins,188,187.987,167.296,OPT,10446,0,0,AI,0,0.0212766,3.5,0.71646,163.896,0,2,0,212,212
BPP_750_125_0.1_0.7_5.txt.ins,187,186.896,37.2842,OPT,8178,0,0,AI,0,0.0481283,3.55615,0.606767,35.9461,0,2,0,136,136
BPP_750_125_0.1_0.7_6.txt.ins,181,179.999,3600.09,TLE,45932,1452,190,?,100,0.0277778,3.84444,8.35145,3405.11,0,-1,191,2229,2229
BPP_750_125_0.1_0.7_7.txt.ins,184,183.966,49.7622,OPT,8623,0,0,AI,0,0.0217391,3.68478,0.732561,48.1744,0,2,0,129,125
BPP_750_125_0.1_0.7_8.txt.ins,183,182.918,84.7165,OPT,9210,0,0,AI,0,0.0273224,3.73224,0.784869,82.5169,0,2,0,172,172
BPP_750_125_0.1_0.7_9.txt.ins,188,187.886,50.6172,OPT,8704,0,0,AI,0,0.101064,3.26596,0.728803,49.0064,0,2,0,133,119
BPP_750_125_0.1_0.8_0.txt.ins,193,192.931,13.389,OPT,7799,0,0,AI,0,0.0569948,3.41969,0.605614,12.4927,0,2,0,88,82
BPP_750_125_0.1_0.8_1.txt.ins,198,197.985,39.9955,OPT,8487,0,0,AI,0,0.0555556,3.26263,0.621781,38.6028,0,2,0,133,131
BPP_750_125_0.1_0.8_2.txt.ins,202,201.997,300.753,OPT,11818,162,20,AI,100,0.049505,3.28218,0.751067,294.307,0,2,20,350,350
BPP_750_125_0.1_0.8_3.txt.ins,200,199.086,30.5388,OPT,8618,0,0,AI,0,0.015,3.485,0.591531,29.3628,0,2,0,115,110
BPP_750_125_0.1_0.8_4.txt.ins,201,200.96,351.268,OPT,12057,100,10,AI,100,0.039801,3.31841,0.816773,345.217,0,2,10,285,285
BPP_750_125_0.1_0.8_5.txt.ins,202,201.19,13.5503,OPT,7995,0,0,AI,0,0.0544554,3.36634,0.528158,12.6614,0,2,0,68,68
BPP_750_125_0.1_0.8_6.txt.ins,191,190.989,1036.86,OPT,17286,420,90,AI,100,0.0314136,3.57068,1.65251,1011.29,0,2,90,1084,1084
BPP_750_125_0.1_0.8_7.txt.ins,200,199.298,16.114,OPT,8147,0,0,AI,0,0.045,3.4,0.585799,15.1706,0,2,0,71,67
BPP_750_125_0.1_0.8_8.txt.ins,200,199.172,22.3273,OPT,8939,0,0,AI,0,0.03,3.335,0.645522,21.205,0,2,0,99,91
BPP_750_125_0.1_0.8_9.txt.ins,200,199.33,20.6249,OPT,8293,0,0,AI,0,0.015,3.505,0.637737,19.577,0,2,0,79,79
BPP_750_125_0.2_0.7_0.txt.ins,209,208.972,44.4607,OPT,8006,0,0,AI,0,0.062201,3.15311,0.459381,43.1173,0,2,0,81,81
BPP_750_125_0.2_0.7_1.txt.ins,213,212.326,14.4889,OPT,8057,0,0,AI,0,0.084507,3.02347,0.438184,13.7128,0,2,0,58,58
BPP_750_125_0.2_0.7_2.txt.ins,208,207.97,199.435,OPT,10809,100,10,AI,100,0.0865385,2.99038,0.596767,195.008,0,2,10,207,205
BPP_750_125_0.2_0.7_3.txt.ins,207,206.993,390.492,OPT,18200,219,30,AI,100,0.10628,3.11594,0.849495,380.758,0,2,30,377,377
BPP_750_125_0.2_0.7_4.txt.ins,207,206.128,13.8925,OPT,8024,0,0,AI,0,0.0483092,3.22705,0.442371,13.1481,0,2,0,55,47
BPP_750_125_0.2_0.7_5.txt.ins,207,206.942,181.902,OPT,9589,100,10,AI,100,0.057971,3.1256,0.558086,177.917,0,2,10,191,191
BPP_750_125_0.2_0.7_6.txt.ins,206,205.97,216.639,OPT,10737,100,10,AI,100,0.038835,3.25243,0.578473,212.207,0,2,10,181,181
BPP_750_125_0.2_0.7_7.txt.ins,210,209.158,13.5961,OPT,7171,0,0,AI,0,0.0714286,3.07143,0.420301,12.8799,0,2,0,40,40
BPP_750_125_0.2_0.7_8.txt.ins,209,208.95,9.23113,OPT,7333,0,0,AI,0,0.105263,2.99522,0.455342,8.55511,0,2,0,50,49
BPP_750_125_0.2_0.7_9.txt.ins,209,208.291,15.0662,OPT,8328,0,0,AI,0,0.0574163,3.16746,0.485743,14.2405,0,2,0,57,53
BPP_750_125_0.2_0.8_0.txt.ins,221,220.276,13.0758,OPT,8113,0,0,AI,0,0.104072,2.88688,0.425032,12.309,0,2,0,61,61
BPP_750_125_0.2_0.8_1.txt.ins,221,220.022,20.1432,OPT,7581,0,0,AI,0,0.0452489,3.0724,0.440558,19.2948,0,2,0,50,50
BPP_750_125_0.2_0.8_2.txt.ins,222,221.539,19.8639,OPT,7885,0,0,AI,0,0.0585586,2.98198,0.438521,19.0525,0,2,0,52,52
BPP_750_125_0.2_0.8_3.txt.ins,225,224.567,12.8973,OPT,6599,0,0,AI,0,0.0622222,3.02667,0.350341,12.2653,0,2,0,46,45
BPP_750_125_0.2_0.8_4.txt.ins,217,216.967,9.40019,OPT,6459,0,0,AI,0,0.124424,2.81106,0.409698,8.78801,0,2,0,40,40
BPP_750_125_0.2_0.8_5.txt.ins,218,217.516,18.8277,OPT,7662,0,0,AI,0,0.105505,2.88073,0.442103,18.0039,0,2,0,54,54
BPP_750_125_0.2_0.8_6.txt.ins,222,221.692,35.3569,OPT,8138,0,0,AI,0,0.108108,2.8964,0.463996,34.0737,0,2,0,98,98
BPP_750_125_0.2_0.8_7.txt.ins,222,221.587,19.1418,OPT,7850,0,0,AI,0,0.0630631,2.96847,0.389233,18.4065,0,2,0,60,60
BPP_750_125_0.2_0.8_8.txt.ins,220,219.945,63.0002,OPT,7556,0,0,AI,0,0.0818182,2.91818,0.417774,61.1776,0,2,0,131,131
BPP_750_125_0.2_0.8_9.txt.ins,218,217.976,421.54,OPT,12945,405,60,AI,100,0.123853,2.7844,0.769487,409.646,0,2,60,478,478
BPP_750_150_0.1_0.7_0.txt.ins,187,186.872,9.06941,OPT,7588,0,0,AI,0,0.0320856,3.62567,0.565559,8.27087,0,2,0,102,102
BPP_750_150_0.1_0.7_1.txt.ins,183,182.999,12.4245,OPT,8510,0,0,AI,0,0.0437158,3.61749,0.633426,11.4937,0,2,0,106,106
BPP_750_150_0.1_0.7_2.txt.ins,185,184.922,228.129,OPT,9422,100,10,AI,100,0.027027,3.56216,0.709074,223.808,0,2,10,271,271
BPP_750_150_0.1_0.7_3.txt.ins,182,181.936,564.169,OPT,12788,226,40,AI,100,0.021978,3.68132,1.12957,552.502,0,2,40,624,616
BPP_750_150_0.1_0.7_4.txt.ins,182,181.061,18.4455,OPT,8602,0,0,AI,0,0.021978,3.85714,0.636524,17.4298,0,2,0,103,90
BPP_750_150_0.1_0.7_5.txt.ins,185,184.269,13.4953,OPT,8365,0,0,AI,0,0.0162162,3.81622,0.569521,12.5918,0,2,0,81,81
BPP_750_150_0.1_0.7_6.txt.ins,185,184.134,18.5538,OPT,8885,0,0,AI,0,0.0162162,3.69189,0.651323,17.4207,0,2,0,102,102
BPP_750_150_0.1_0.7_7.txt.ins,191,190.058,21.8633,OPT,8421,0,0,AI,0,0.0157068,3.68586,0.523105,20.9326,0,2,0,71,69
BPP_750_150_0.1_0.7_8.txt.ins,184,183.974,11.9218,OPT,8307,0,0,AI,0,0.0326087,3.58696,0.744036,10.8747,0,2,0,97,92
BPP_750_150_0.1_0.7_9.txt.ins,185,184.247,16.8519,OPT,9086,0,0,AI,0,0.027027,3.83243,0.600612,15.863,0,2,0,92,91
BPP_750_150_0.1_0.8_0.txt.ins,203,202.937,86.1997,OPT,9541,0,0,AI,0,0.0689655,3.133,0.654166,84.0039,0,2,0,186,170
BPP_750_150_0.1_0.8_1.txt.ins,199,198.875,69.024,OPT,8730,0,0,AI,0,0.0753769,3.19095,0.620875,67.0987,0,2,0,149,149
BPP_750_150_0.1_0.8_2.txt.ins,199,198.907,7.79384,OPT,7180,0,0,AI,0,0.0502513,3.35678,0.517628,7.06641,0,2,0,63,63
BPP_750_150_0.1_0.8_3.txt.ins,197,196.939,11.9031,OPT,8436,0,0,AI,0,0.0558376,3.36548,0.597961,11.0382,0,2,0,79,79
BPP_750_150_0.1_0.8_4.txt.ins,201,200.823,10.0452,OPT,7473,0,0,AI,0,0.0348259,3.27363,0.510821,9.29602,0,2,0,89,87
BPP_750_150_0.1_0.8_5.txt.ins,200,199.152,19.0027,OPT,8683,0,0,AI,0,0.05,3.375,0.553528,18.0799,0,2,0,85,85
BPP_750_150_0.1_0.8_6.txt.ins,205,204.055,18.4066,OPT,7898,0,0,AI,0,0.0682927,3.20488,0.465816,17.5952,0,2,0,58,58
BPP_750_150_0.1_0.8_7.txt.ins,199,198.577,15.3061,OPT,8856,0,0,AI,0,0.0201005,3.51759,0.509098,14.3779,0,2,0,96,96
BPP_750_150_0.1_0.8_8.txt.ins,200,199.846,76.6559,OPT,8528,0,0,AI,0,0.065,3.24,0.610211,74.3804,0,2,0,168,168
BPP_750_150_0.1_0.8_9.txt.ins,198,197.942,93.3749,OPT,9340,0,0,AI,0,0.0606061,3.21212,0.696932,90.8135,0,2,0,191,191
BPP_750_150_0.2_0.7_0.txt.ins,208,207.906,10.6059,OPT,7573,0,0,AI,0,0.0673077,3.09135,0.385987,9.99344,0,2,0,63,63
BPP_750_150_0.2_0.7_1.txt.ins,206,205.916,113.556,OPT,8525,0,0,AI,0,0.0679612,3.01456,0.431438,111.118,0,2,0,119,119
BPP_750_150_0.2_0.7_2.txt.ins,215,214.155,21.8148,OPT,7663,0,0,AI,0,0.0418605,3.16744,0.382122,21.0484,0,2,0,45,44
BPP_750_150_0.2_0.7_3.txt.ins,212,211.984,9.49808,OPT,6943,0,0,AI,0,0.0424528,3.08962,0.386408,8.90055,0,2,0,53,53
BPP_750_150_0.2_0.7_4.txt.ins,208,207.895,100.509,OPT,8757,0,0,AI,0,0.0769231,3,0.456896,98.0281,0,2,0,144,142
BPP_750_150_0.2_0.7_5.txt.ins,207,206.43,13.0208,OPT,8248,0,0,AI,0,0.0628019,3.25121,0.388753,12.3398,0,2,0,46,46
BPP_750_150_0.2_0.7_6.txt.ins,205,204.956,15.6289,OPT,7714,0,0,AI,0,0.0439024,3.16098,0.416146,14.9505,0,2,0,43,43
BPP_750_150_0.2_0.7_7.txt.ins,211,210.483,21.004,OPT,7832,0,0,AI,0,0.056872,3.14218,0.405633,20.2294,0,2,0,48,47
BPP_750_150_0.2_0.7_8.txt.ins,204,203.182,13.6523,OPT,8151,0,0,AI,0,0.0392157,3.32843,0.432256,12.8933,0,2,0,63,62
BPP_750_150_0.2_0.7_9.txt.ins,206,205.372,18.091,OPT,8555,0,0,AI,0,0.0582524,3.18932,0.422395,17.2678,0,2,0,59,59
BPP_750_150_0.2_0.8_0.txt.ins,220,219.995,836.933,OPT,13784,521,110,AI,100,0.0772727,2.97727,0.795213,812.893,0,2,110,478,478
BPP_750_150_0.2_0.8_1.txt.ins,224,223.294,17.234,OPT,7424,0,0,AI,0,0.102679,2.84821,0.33549,16.5646,0,2,0,49,49
BPP_750_150_0.2_0.8_2.txt.ins,221,220.962,12.6756,OPT,7761,0,0,AI,0,0.0542986,3,0.387037,12.0336,0,2,0,58,58
BPP_750_150_0.2_0.8_3.txt.ins,221,220.262,20.6207,OPT,7868,0,0,AI,0,0.0633484,3.08145,0.359748,19.8613,0,2,0,65,61
BPP_750_150_0.2_0.8_4.txt.ins,220,219.972,10.0142,OPT,6939,0,0,AI,0,0.0909091,2.9,0.374155,9.42319,0,2,0,52,52
BPP_750_150_0.2_0.8_5.txt.ins,218,217.967,98.3767,OPT,8802,0,0,AI,0,0.100917,2.92202,0.463802,95.9354,0,2,0,148,148
BPP_750_150_0.2_0.8_6.txt.ins,219,218.827,87.1209,OPT,7891,0,0,AI,0,0.0593607,3.08676,0.414872,85.0525,0,2,0,111,111
BPP_750_150_0.2_0.8_7.txt.ins,218,217.974,313.678,OPT,12420,231,30,AI,100,0.0642202,3.07339,0.630799,306.564,0,2,30,262,262
BPP_750_150_0.2_0.8_8.txt.ins,217,216.979,30.8602,OPT,7409,0,0,AI,0,0.101382,2.7788,0.411172,29.7699,0,2,0,64,64
BPP_750_150_0.2_0.8_9.txt.ins,221,220.903,9.74346,OPT,7082,0,0,AI,0,0.126697,2.71493,0.395271,9.13116,0,2,0,50,48
BPP_750_200_0.1_0.7_0.txt.ins,185,184.201,43.318,OPT,10302,0,0,AI,0,0.0216216,3.76216,0.802079,41.5785,0,2,0,156,156
BPP_750_200_0.1_0.7_1.txt.ins,185,184.122,18.8279,OPT,9201,0,0,AI,0,0.0162162,3.8,0.650232,17.7679,0,2,0,85,77
BPP_750_200_0.1_0.7_2.txt.ins,186,185.932,101.795,OPT,9999,0,0,AI,0,0.0537634,3.57527,0.810368,99.3789,0,2,0,206,206
BPP_750_200_0.1_0.7_3.txt.ins,184,183.981,377.051,OPT,11498,100,10,AI,100,0,3.77717,0.821545,371.155,0,2,10,289,288
BPP_750_200_0.1_0.7_4.txt.ins,183,182.092,42.8749,OPT,9788,0,0,AI,0,0.0327869,3.84699,0.739647,41.3051,0,2,0,111,109
BPP_750_200_0.1_0.7_5.txt.ins,188,187.948,10.6372,OPT,7955,0,0,AI,0,0.0638298,3.34574,0.624958,9.75876,0,2,0,84,83
BPP_750_200_0.1_0.7_6.txt.ins,184,183.982,12.8153,OPT,9207,0,0,AI,0,0.048913,3.58152,0.65151,11.8551,0,2,0,96,96
BPP_750_200_0.1_0.7_7.txt.ins,184,183.378,17.5757,OPT,9176,0,0,AI,0,0.00543478,3.86957,0.62883,16.5532,0,2,0,92,92
BPP_750_200_0.1_0.7_8.txt.ins,186,185.947,9.79701,OPT,7762,0,0,AI,0,0.0483871,3.5,0.61092,8.9568,0,2,0,69,69
BPP_750_200_0.1_0.7_9.txt.ins,186,185.971,168.648,OPT,10835,0,0,AI,0,0.0322581,3.70968,0.754021,165.69,0,2,0,182,182
BPP_750_200_0.1_0.8_0.txt.ins,197,196.943,9.87629,OPT,8005,0,0,AI,0,0.0609137,3.30964,0.647097,8.97026,0,2,0,86,86
BPP_750_200_0.1_0.8_1.txt.ins,195,194.959,125.88,OPT,9659,0,0,AI,0,0.0461538,3.3641,0.72749,122.987,0,2,0,181,181
BPP_750_200_0.1_0.8_2.txt.ins,196,195.13,14.3327,OPT,8631,0,0,AI,0,0.0255102,3.47959,0.609186,13.3708,0,2,0,77,77
BPP_750_200_0.1_0.8_3.txt.ins,193,192.988,14.4429,OPT,9415,0,0,AI,0,0.0518135,3.35751,0.621367,13.4809,0,2,0,107,107
BPP_750_200_0.1_0.8_4.txt.ins,199,198.989,10.2523,OPT,8286,0,0,AI,0,0.0753769,3.17085,0.628953,9.36159,0,2,0,94,88
BPP_750_200_0.1_0.8_5.txt.ins,202,201.265,42.3148,OPT,9684,0,0,AI,0,0.049505,3.33168,0.647411,40.8154,0,2,0,117,115
BPP_750_200_0.1_0.8_6.txt.ins,199,198.21,20.9066,OPT,9113,0,0,AI,0,0.0653266,3.39698,0.589593,19.8946,0,2,0,90,90
BPP_750_200_0.1_0.8_7.txt.ins,199,198.41,25.4122,OPT,9016,0,0,AI,0,0.040201,3.38693,0.612955,24.3411,0,2,0,95,90
BPP_750_200_0.1_0.8_8.txt.ins,199,198.287,16.6545,OPT,9005,0,0,AI,0,0.0301508,3.43216,0.642326,15.5938,0,2,0,74,74
BPP_750_200_0.1_0.8_9.txt.ins,198,197.982,14.0006,OPT,9001,0,0,AI,0,0.0505051,3.35354,0.661778,13.0276,0,2,0,108,108
BPP_750_200_0.2_0.7_0.txt.ins,208,207.986,150.477,OPT,11048,0,0,AI,0,0.0240385,3.22596,0.527762,147.504,0,2,0,142,142
BPP_750_200_0.2_0.7_1.txt.ins,211,210.846,68.0709,OPT,7713,0,0,AI,0,0.0663507,3.08531,0.418745,66.4799,0,2,0,89,89
BPP_750_200_0.2_0.7_2.txt.ins,209,208.151,26.1839,OPT,8535,0,0,AI,0,0.0287081,3.16746,0.443287,25.3016,0,2,0,71,71
BPP_750_200_0.2_0.7_3.txt.ins,209,208.894,40.3482,OPT,8010,0,0,AI,0,0.0717703,3.08612,0.48843,39.1219,0,2,0,73,73
BPP_750_200_0.2_0.7_4.txt.ins,210,209.077,19.1168,OPT,8552,0,0,AI,0,0.1,3.08095,0.434883,18.2818,0,2,0,49,49
BPP_750_200_0.2_0.7_5.txt.ins,209,208.989,9.68832,OPT,7162,0,0,AI,0,0.0478469,3.11962,0.444748,9.01327,0,2,0,50,50
BPP_750_200_0.2_0.7_6.txt.ins,212,211.11,20.9886,OPT,8571,0,0,AI,0,0.0660377,3.16981,0.486465,20.0945,0,2,0,71,66
BPP_750_200_0.2_0.7_7.txt.ins,211,210.958,10.8134,OPT,7550,0,0,AI,0,0.07109,3.03791,0.417334,10.1673,0,2,0,47,47
BPP_750_200_0.2_0.7_8.txt.ins,207,206.987,105.312,OPT,10488,0,0,AI,0,0.10628,2.91787,0.515675,102.714,0,2,0,150,150
BPP_750_200_0.2_0.7_9.txt.ins,211,210.914,10.3409,OPT,7209,0,0,AI,0,0.0853081,3.03318,0.414461,9.7102,0,2,0,51,51
BPP_750_200_0.2_0.8_0.txt.ins,219,218.082,33.1706,OPT,8320,0,0,AI,0,0.0958904,2.97717,0.458746,32.0403,0,2,0,58,58
BPP_750_200_0.2_0.8_1.txt.ins,224,222.997,67.9443,OPT,9903,20,1,ANI,20,0.103139,2.92377,0.515532,65.7199,0,2,2,160,160
BPP_750_200_0.2_0.8_2.txt.ins,221,220.962,11.2146,OPT,7139,0,0,AI,0,0.0723982,2.95928,0.378234,10.6298,0,2,0,45,45
BPP_750_200_0.2_0.8_3.txt.ins,221,220.755,33.9488,OPT,8838,0,0,AI,0,0.0588235,2.97285,0.494963,32.6327,0,2,0,111,111
BPP_750_200_0.2_0.8_4.txt.ins,223,222.607,41.8525,OPT,8419,0,0,AI,0,0.0762332,2.98206,0.449204,40.634,0,2,0,80,80
BPP_750_200_0.2_0.8_5.txt.ins,222,221.535,16.0606,OPT,7643,0,0,AI,0,0.0945946,2.85135,0.373413,15.3793,0,2,0,45,45
BPP_750_200_0.2_0.8_6.txt.ins,220,219.696,17.2053,OPT,8252,0,0,AI,0,0.0545455,2.94545,0.438046,16.414,0,2,0,62,60
BPP_750_200_0.2_0.8_7.txt.ins,215,214.888,34.7932,OPT,7179,0,0,AI,0,0.0744186,2.97209,0.421288,33.6884,0,2,0,73,73
BPP_750_200_0.2_0.8_8.txt.ins,224,223.537,18.5999,OPT,7919,0,0,AI,0,0.116071,2.80357,0.417778,17.825,0,2,0,63,63
BPP_750_200_0.2_0.8_9.txt.ins,219,218.391,27.5634,OPT,7790,0,0,AI,0,0.127854,2.76712,0.409749,26.5205,0,2,0,69,69
BPP_750_300_0.1_0.7_0.txt.ins,186,185.995,14.7177,OPT,9019,0,0,AI,0,0.0376344,3.54301,0.679133,13.7333,0,2,0,83,83
BPP_750_300_0.1_0.7_1.txt.ins,188,187.935,10.8051,OPT,8336,0,0,AI,0,0.0319149,3.58511,0.637684,9.90606,0,2,0,85,85
BPP_750_300_0.1_0.7_2.txt.ins,188,187.949,10.5311,OPT,8013,0,0,AI,0,0.0531915,3.5266,0.683317,9.59798,0,2,0,99,97
BPP_750_300_0.1_0.7_3.txt.ins,188,187.909,93.7104,OPT,9746,0,0,AI,0,0.00531915,3.59043,0.774067,91.507,0,2,0,183,172
BPP_750_300_0.1_0.7_4.txt.ins,184,183.995,602.893,OPT,15618,201,30,AI,100,0.0163043,3.73913,1.23327,591.75,0,2,30,577,577
BPP_750_300_0.1_0.7_5.txt.ins,187,186.976,135.583,OPT,10502,0,0,AI,0,0.0641711,3.54545,0.745208,132.877,0,2,0,152,152
BPP_750_300_0.1_0.7_6.txt.ins,184,183.982,132.311,OPT,11209,0,0,AI,0,0.0434783,3.55435,0.879339,129.625,0,2,0,205,200
BPP_750_300_0.1_0.7_7.txt.ins,184,184,141.029,OPT,11882,0,0,AI,0,0.0163043,3.79348,0.786597,138.197,0,2,0,200,198
BPP_750_300_0.1_0.7_8.txt.ins,186,185.954,9.22666,OPT,8285,0,0,AI,0,0.00537634,3.70968,0.634071,8.36864,0,2,0,106,102
BPP_750_300_0.1_0.7_9.txt.ins,186,185.84,9.41457,OPT,7982,0,0,AI,0,0.0376344,3.53226,0.673025,8.51121,0,2,0,99,90
BPP_750_300_0.1_0.8_0.txt.ins,199,198.495,20.1916,OPT,9741,0,0,AI,0,0.0653266,3.36181,0.614213,19.1511,0,2,0,107,99
BPP_750_300_0.1_0.8_1.txt.ins,196,195.961,18.4018,OPT,8638,0,0,AI,0,0.0357143,3.45918,0.603717,17.4807,0,2,0,91,91
BPP_750_300_0.1_0.8_2.txt.ins,202,201.272,15.7447,OPT,8839,0,0,AI,0,0.0693069,3.26238,0.577511,14.8102,0,2,0,67,67
BPP_750_300_0.1_0.8_3.txt.ins,195,194.949,722.333,OPT,13805,210,40,AI,100,0.0615385,3.37949,1.13813,708.253,0,2,40,593,593
BPP_750_300_0.1_0.8_4.txt.ins,199,198.261,19.2022,OPT,9111,0,0,AI,0,0.0301508,3.53266,0.588109,18.1731,0,2,0,87,80
BPP_750_300_0.1_0.8_5.txt.ins,198,197.321,22.0221,OPT,9582,0,0,AI,0,0.0505051,3.4899,0.596029,20.9803,0,2,0,97,94
BPP_750_300_0.1_0.8_6.txt.ins,200,199.38,22.3738,OPT,9707,0,0,AI,0,0.085,3.305,0.609313,21.277,0,2,0,92,92
BPP_750_300_0.1_0.8_7.txt.ins,196,195.986,593.647,OPT,12902,214,30,AI,100,0.0255102,3.55612,0.948989,583.376,0,2,30,348,348
BPP_750_300_0.1_0.8_8.txt.ins,199,197.997,266.951,OPT,13311,20,1,ANI,20,0.040404,3.54545,0.813762,261.948,0,2,2,217,217
BPP_750_300_0.1_0.8_9.txt.ins,195,194.985,9.87765,OPT,8019,0,0,AI,0,0.0512821,3.31282,0.694684,8.93275,0,2,0,87,86
BPP_750_300_0.2_0.7_0.txt.ins,206,205.911,9.69193,OPT,7452,0,0,AI,0,0.0776699,3.00485,0.471172,8.99702,0,2,0,52,52
BPP_750_300_0.2_0.7_1.txt.ins,210,209.054,20.9094,OPT,8887,0,0,AI,0,0.0904762,3.12857,0.468192,20.0216,0,2,0,51,51
BPP_750_300_0.2_0.7_2.txt.ins,211,210.974,72.5947,OPT,8144,0,0,AI,0,0.056872,3.09479,0.492675,70.7758,0,2,0,93,93
BPP_750_300_0.2_0.7_3.txt.ins,205,204.294,35.2843,OPT,9128,0,0,AI,0,0.0341463,3.39512,0.550667,33.9599,0,2,0,91,90
BPP_750_300_0.2_0.7_4.txt.ins,210,209.98,31.6976,OPT,7504,0,0,AI,0,0.0857143,2.9381,0.501343,30.5139,0,2,0,75,68
BPP_750_300_0.2_0.7_5.txt.ins,205,204.992,730.82,OPT,14483,302,50,AI,100,0.0439024,3.26829,0.936437,715.497,0,2,50,449,449
BPP_750_300_0.2_0.7_6.txt.ins,209,208.307,11.108,OPT,8438,0,0,AI,0,0.0382775,3.33014,0.468442,10.3436,0,2,0,61,61
BPP_750_300_0.2_0.7_7.txt.ins,211,210.525,41.6247,OPT,9100,0,0,AI,0,0.028436,3.19431,0.506609,40.282,0,2,0,84,84
BPP_750_300_0.2_0.7_8.txt.ins,209,208.383,20.235,OPT,9158,0,0,AI,0,0.076555,3.13397,0.493312,19.3175,0,2,0,69,68
BPP_750_300_0.2_0.7_9.txt.ins,209,208.957,67.6369,OPT,9146,0,0,AI,0,0.062201,3.16268,0.506289,66.101,0,2,0,92,91
BPP_750_300_0.2_0.8_0.txt.ins,218,217.515,17.031,OPT,8399,0,0,AI,0,0.0642202,3,0.461186,16.2284,0,2,0,67,67
BPP_750_300_0.2_0.8_1.txt.ins,217,216.362,73.7932,OPT,9798,0,0,AI,0,0.0552995,3.01843,0.535429,71.7066,0,2,0,134,131
BPP_750_300_0.2_0.8_2.txt.ins,219,218.978,143.61,OPT,9843,0,0,AI,0,0.0547945,3,0.578443,140.371,0,2,0,139,139
BPP_750_300_0.2_0.8_3.txt.ins,220,219.874,43.197,OPT,8979,0,0,AI,0,0.118182,2.81818,0.505658,41.7819,0,2,0,85,81
BPP_750_300_0.2_0.8_4.txt.ins,217,216.187,18.7324,OPT,8291,0,0,AI,0,0.101382,2.97235,0.468777,17.8846,0,2,0,57,57
BPP_750_300_0.2_0.8_5.txt.ins,221,220.97,123.28,OPT,9361,0,0,AI,0,0.0995475,2.91403,0.569102,120.435,0,2,0,135,135
BPP_750_300_0.2_0.8_6.txt.ins,221,220.186,38.0999,OPT,8791,0,0,AI,0,0.0995475,2.90498,0.503058,36.904,0,2,0,71,70
BPP_750_300_0.2_0.8_7.txt.ins,220,219.416,38.0818,OPT,8156,0,0,AI,0,0.0863636,3.05,0.443814,36.9856,0,2,0,68,67
BPP_750_300_0.2_0.8_8.txt.ins,222,221.987,100.709,OPT,9632,100,10,AI,100,0.0675676,2.92793,0.511928,98.156,0,2,10,150,150
BPP_750_300_0.2_0.8_9.txt.ins,220,219.318,17.0696,OPT,8205,0,0,AI,0,0.0772727,2.96364,0.414916,16.3415,0,2,0,57,57
BPP_750_400_0.1_0.7_0.txt.ins,186,185.211,17.9961,OPT,10091,0,0,AI,0,0.0430108,3.72581,0.724224,16.8737,0,2,0,100,97
BPP_750_400_0.1_0.7_1.txt.ins,185,184.966,41.1872,OPT,8644,0,0,AI,0,0,3.77838,0.713712,39.7938,0,2,0,154,147
BPP_750_400_0.1_0.7_2.txt.ins,184,183.955,196.683,OPT,10874,0,0,AI,0,0.00543478,3.875,0.82903,193.239,0,2,0,225,225
BPP_750_400_0.1_0.7_3.txt.ins,186,185.997,183.735,OPT,10286,0,0,AI,0,0.0215054,3.70968,0.748495,180.51,0,2,0,245,245
BPP_750_400_0.1_0.7_4.txt.ins,184,183.292,21.2614,OPT,9621,0,0,AI,0,0.0271739,3.82065,0.754197,20.1017,0,2,0,86,86
BPP_750_400_0.1_0.7_5.txt.ins,186,185.277,15.1012,OPT,9191,0,0,AI,0,0.0376344,3.63978,0.692706,14.089,0,2,0,70,69
BPP_750_400_0.1_0.7_6.txt.ins,186,185.408,20.4592,OPT,9593,0,0,AI,0,0.0645161,3.7043,0.690637,19.346,0,2,0,114,103
BPP_750_400_0.1_0.7_7.txt.ins,182,181.251,44.2565,OPT,10671,0,0,AI,0,0.021978,3.96154,0.824796,42.6318,0,2,0,147,134
BPP_750_400_0.1_0.7_8.txt.ins,185,184.923,85.688,OPT,8966,0,0,AI,0,0.0378378,3.62703,0.789696,83.6045,0,2,0,181,179
BPP_750_400_0.1_0.7_9.txt.ins,188,187.921,100.287,OPT,9765,0,0,AI,0,0.0265957,3.59043,0.71599,98.069,0,2,0,203,195
BPP_750_400_0.1_0.8_0.txt.ins,203,202.233,19.7629,OPT,9145,0,0,AI,0,0.0394089,3.39901,0.593526,18.7694,0,2,0,72,72
BPP_750_400_0.1_0.8_1.txt.ins,200,199.968,139.769,OPT,9677,0,0,AI,0,0.025,3.335,0.673696,136.888,0,2,0,234,233
BPP_750_400_0.1_0.8_2.txt.ins,199,198.097,17.5208,OPT,9639,0,0,AI,0,0.0452261,3.48241,0.685005,16.4593,0,2,0,84,81
BPP_750_400_0.1_0.8_3.txt.ins,201,200.975,153.101,OPT,9654,0,0,AI,0,0.0696517,3.23881,0.686438,150.149,0,2,0,183,183
BPP_750_400_0.1_0.8_4.txt.ins,197,196.444,83.9074,OPT,10923,0,0,AI,0,0.0659898,3.44162,0.743268,81.7372,0,2,0,203,201
BPP_750_400_0.1_0.8_5.txt.ins,198,197.135,18.38,OPT,9759,0,0,AI,0,0.040404,3.5,0.588351,17.3747,0,2,0,82,82
BPP_750_400_0.1_0.8_6.txt.ins,198,197.147,20.5894,OPT,9981,0,0,AI,0,0.111111,3.28283,0.653218,19.5242,0,2,0,88,85
BPP_750_400_0.1_0.8_7.txt.ins,204,203.344,42.9673,OPT,9546,0,0,AI,0,0.0196078,3.40686,0.601767,41.599,0,2,0,134,126
BPP_750_400_0.1_0.8_8.txt.ins,200,199.353,22.7673,OPT,10325,0,0,AI,0,0.05,3.415,0.671242,21.6522,0,2,0,98,96
BPP_750_400_0.1_0.8_9.txt.ins,204,203.979,310.048,OPT,11492,146,20,AI,100,0.0637255,3.2549,0.744921,304.29,0,2,20,243,243
BPP_750_400_0.2_0.7_0.txt.ins,210,209.156,13.9799,OPT,8604,0,0,AI,0,0.0809524,3.15238,0.445773,13.2533,0,2,0,66,65
BPP_750_400_0.2_0.7_1.txt.ins,204,203.989,50.2886,OPT,8000,0,0,AI,0,0.0588235,3.13235,0.459701,49.0917,0,2,0,83,83
BPP_750_400_0.2_0.7_2.txt.ins,205,204.151,22.4253,OPT,8664,0,0,AI,0,0.0487805,3.30244,0.466231,21.5958,0,2,0,66,63
BPP_750_400_0.2_0.7_3.txt.ins,211,210.974,150.015,OPT,9306,0,0,AI,0,0.07109,3.06161,0.479399,147.229,0,2,0,135,135
BPP_750_400_0.2_0.7_4.txt.ins,206,205.949,6.95466,OPT,6863,0,0,AI,0,0.0485437,3.13592,0.454192,6.33955,0,2,0,58,54
BPP_750_400_0.2_0.7_5.txt.ins,209,208.346,20.2136,OPT,9463,0,0,AI,0,0.0861244,3.07656,0.482684,19.3639,0,2,0,70,65
BPP_750_400_0.2_0.7_6.txt.ins,210,209.054,19.6398,OPT,9488,0,0,AI,0,0.161905,2.84762,0.512098,18.7455,0,2,0,70,68
BPP_750_400_0.2_0.7_7.txt.ins,206,205.996,279.003,OPT,11193,100,10,AI,100,0.0339806,3.30097,0.695614,273.716,0,2,10,167,165
BPP_750_400_0.2_0.7_8.txt.ins,207,206.968,66.8711,OPT,9260,0,0,AI,0,0.0386473,3.19324,0.580782,65.2458,0,2,0,88,88
BPP_750_400_0.2_0.7_9.txt.ins,211,210.115,35.5042,OPT,8823,0,0,AI,0,0.0805687,3.1327,0.481816,34.3432,0,2,0,87,85
BPP_750_400_0.2_0.8_0.txt.ins,221,220.965,11.0171,OPT,7316,0,0,AI,0,0.0723982,2.98643,0.462737,10.341,0,2,0,45,45
BPP_750_400_0.2_0.8_1.txt.ins,218,217.97,194.062,OPT,8987,100,10,AI,100,0.059633,3.09174,0.511625,189.981,0,2,10,176,176
BPP_750_400_0.2_0.8_2.txt.ins,220,219.381,17.6451,OPT,8464,0,0,AI,0,0.0818182,2.93182,0.4564,16.8036,0,2,0,67,65
BPP_750_400_0.2_0.8_3.txt.ins,223,222.541,31.6754,OPT,7598,0,0,AI,0,0.107623,2.96413,0.488443,30.5395,0,2,0,78,77
BPP_750_400_0.2_0.8_4.txt.ins,220,219.918,7.32884,OPT,6326,0,0,AI,0,0.0909091,2.9,0.425561,6.73451,0,2,0,39,39
BPP_750_400_0.2_0.8_5.txt.ins,221,220.167,17.3137,OPT,8424,0,0,AI,0,0.0995475,2.88688,0.46928,16.5072,0,2,0,61,58
BPP_750_400_0.2_0.8_6.txt.ins,218,217.259,17.6899,OPT,8339,0,0,AI,0,0.059633,2.98165,0.47875,16.8717,0,2,0,63,63
BPP_750_400_0.2_0.8_7.txt.ins,221,220.435,14.9566,OPT,7443,0,0,AI,0,0.122172,2.819,0.477991,14.1792,0,2,0,56,51
BPP_750_400_0.2_0.8_8.txt.ins,220,219.46,27.1239,OPT,8613,0,0,AI,0,0.177273,2.67727,0.507795,26.0208,0,2,0,90,90
BPP_750_400_0.2_0.8_9.txt.ins,218,217.481,20.8129,OPT,8716,0,0,AI,0,0.0825688,2.93578,0.483268,19.9353,0,2,0,55,54
BPP_750_500_0.1_0.7_0.txt.ins,183,182.229,24.7404,OPT,10561,0,0,AI,0,0.0218579,3.93989,0.826438,23.4046,0,2,0,94,94
BPP_750_500_0.1_0.7_1.txt.ins,181,180.999,9.19651,OPT,8460,0,0,AI,0,0.0607735,3.61878,0.821292,8.13118,0,2,0,97,97
BPP_750_500_0.1_0.7_2.txt.ins,189,188.845,9.77353,OPT,8002,0,0,AI,0,0.0529101,3.39683,0.735232,8.79105,0,2,0,91,91
BPP_750_500_0.1_0.7_3.txt.ins,188,187.977,132.365,OPT,10046,0,0,AI,0,0.0638298,3.4734,0.794813,129.73,0,2,0,176,176
BPP_750_500_0.1_0.7_4.txt.ins,185,184.892,11.3441,OPT,8024,0,0,AI,0,0.0216216,3.62703,0.760728,10.3281,0,2,0,96,94
BPP_750_500_0.1_0.7_5.txt.ins,186,185.403,89.1414,OPT,11273,0,0,AI,0,0.0322581,3.74731,0.860359,86.7834,0,2,0,167,166
BPP_750_500_0.1_0.7_6.txt.ins,188,187.331,51.5266,OPT,10761,0,0,AI,0,0.0212766,3.71809,0.807258,49.784,0,2,0,125,124
BPP_750_500_0.1_0.7_7.txt.ins,186,185.073,15.8055,OPT,9420,0,0,AI,0,0.0430108,3.62366,0.75455,14.677,0,2,0,82,82
BPP_750_500_0.1_0.7_8.txt.ins,191,190.925,97.9953,OPT,8886,0,0,AI,0,0.0418848,3.5288,0.75254,95.6949,0,2,0,150,144
BPP_750_500_0.1_0.7_9.txt.ins,180,179.992,68.1848,OPT,9138,0,0,AI,0,0.0333333,3.71111,0.815557,66.3863,0,2,0,182,174
BPP_750_500_0.1_0.8_0.txt.ins,197,196.984,14.9812,OPT,9293,0,0,AI,0,0.0406091,3.36041,0.740501,13.9374,0,2,0,85,85
BPP_750_500_0.1_0.8_1.txt.ins,195,194.903,11.72,OPT,7514,0,0,AI,0,0.0307692,3.45641,0.693742,10.7857,0,2,0,83,83
BPP_750_500_0.1_0.8_2.txt.ins,196,195.998,83.9541,OPT,9154,0,0,AI,0,0.0408163,3.34694,0.758387,81.8296,0,2,0,178,177
BPP_750_500_0.1_0.8_3.txt.ins,196,195.968,371.446,OPT,11952,160,20,AI,100,0.0408163,3.44898,0.932092,364.527,0,2,20,371,371
BPP_750_500_0.1_0.8_4.txt.ins,195,194.957,11.0165,OPT,8273,0,0,AI,0,0.0461538,3.38974,0.755446,9.98921,0,2,0,77,77
BPP_750_500_0.1_0.8_5.txt.ins,195,194.876,11.6089,OPT,7825,0,0,AI,0,0.0358974,3.45128,0.722545,10.6243,0,2,0,80,80
BPP_750_500_0.1_0.8_6.txt.ins,201,200.914,11.1788,OPT,7636,0,0,AI,0,0.0845771,3.19403,0.658552,10.2651,0,2,0,96,96
BPP_750_500_0.1_0.8_7.txt.ins,198,197.285,20.5932,OPT,10441,0,0,AI,0,0.0909091,3.28283,0.766212,19.3866,0,2,0,78,77
BPP_750_500_0.1_0.8_8.txt.ins,197,196.293,22.3076,OPT,9651,0,0,AI,0,0.0507614,3.37056,0.69719,21.1416,0,2,0,69,67
BPP_750_500_0.1_0.8_9.txt.ins,203,202.977,65.9182,OPT,8564,0,0,AI,0,0.0344828,3.40887,0.648518,64.2875,0,2,0,125,125
BPP_750_500_0.2_0.7_0.txt.ins,207,206.947,63.3336,OPT,9170,0,0,AI,0,0.0628019,3.17874,0.550862,61.8385,0,2,0,82,82
BPP_750_500_0.2_0.7_1.txt.ins,210,209.225,19.9529,OPT,8764,0,0,AI,0,0.0714286,3.23333,0.535912,19.073,0,2,0,68,66
BPP_750_500_0.2_0.7_2.txt.ins,209,208.972,6.92482,OPT,7080,0,0,AI,0,0.076555,3.0622,0.502773,6.25236,0,2,0,42,42
BPP_750_500_0.2_0.7_3.txt.ins,208,207.921,141.581,OPT,8470,0,0,AI,0,0.0576923,3.19712,0.555639,138.843,0,2,0,128,128
BPP_750_500_0.2_0.7_4.txt.ins,209,208.431,42.5677,OPT,9624,0,0,AI,0,0.0956938,3.12919,0.631226,41.004,0,2,0,97,97
BPP_750_500_0.2_0.7_5.txt.ins,209,208.879,96.1922,OPT,8690,0,0,AI,0,0.0574163,3.07177,0.598141,93.6225,0,2,0,117,117
BPP_750_500_0.2_0.7_6.txt.ins,208,207.967,51.5406,OPT,8648,0,0,AI,0,0.0576923,3.15865,0.557449,50.0732,0,2,0,76,76
BPP_750_500_0.2_0.7_7.txt.ins,208,207.967,2061.62,OPT,22113,761,200,AI,100,0.0432692,3.28365,1.767,1998.94,0,2,200,1060,1060
BPP_750_500_0.2_0.7_8.txt.ins,207,206.89,108.724,OPT,8709,0,0,AI,0,0.0917874,3.07246,0.614142,106.232,0,2,0,126,119
BPP_750_500_0.2_0.7_9.txt.ins,205,204.968,127.884,OPT,10050,0,0,AI,0,0.0390244,3.22927,0.587808,125.419,0,2,0,107,107
BPP_750_500_0.2_0.8_0.txt.ins,224,223.604,32.7407,OPT,8519,0,0,AI,0,0.102679,2.79464,0.538454,31.504,0,2,0,86,81
BPP_750_500_0.2_0.8_1.txt.ins,219,218.696,20.6405,OPT,8434,0,0,AI,0,0.0502283,3.00913,0.499836,19.7597,0,2,0,64,60
BPP_750_500_0.2_0.8_2.txt.ins,221,220.198,15.5217,OPT,8678,0,0,AI,0,0.108597,2.93665,0.513127,14.6452,0,2,0,55,55
BPP_750_500_0.2_0.8_3.txt.ins,220,219.331,19.0757,OPT,8268,0,0,AI,0,0.0681818,2.96364,0.508905,18.1937,0,2,0,59,59
BPP_750_500_0.2_0.8_4.txt.ins,222,220.993,94.807,OPT,9799,20,1,ANI,20,0.104072,2.88688,0.555988,92.24,0,2,2,118,118
BPP_750_500_0.2_0.8_5.txt.ins,221,220.995,701.905,OPT,17302,425,70,AI,100,0.0678733,3.01357,1.05171,681.874,0,2,70,507,500
BPP_750_500_0.2_0.8_6.txt.ins,221,220.1,18.8422,OPT,8553,0,0,AI,0,0.0633484,2.91403,0.520005,17.948,0,2,0,57,57
BPP_750_500_0.2_0.8_7.txt.ins,220,219.959,11.4608,OPT,7241,0,0,AI,0,0.0318182,3.07273,0.490699,10.7548,0,2,0,45,45
BPP_750_500_0.2_0.8_8.txt.ins,220,219.878,7.21271,OPT,6600,0,0,AI,0,0.122727,2.75455,0.441165,6.60179,0,2,0,50,50
BPP_750_500_0.2_0.8_9.txt.ins,217,216.99,396.154,OPT,12670,208,30,AI,100,0.0368664,3.15668,0.720813,387.68,0,2,30,252,252
BPP_750_50_0.1_0.7_0.txt.ins,182,181.829,7.69575,OPT,7342,0,0,AI,0,0.021978,3.75824,0.484883,6.99202,0,2,0,92,91
BPP_750_50_0.1_0.7_1.txt.ins,183,182.992,46.3955,OPT,9256,0,0,AI,0,0.0491803,3.47541,0.511746,44.9692,0,2,0,158,158
BPP_750_50_0.1_0.7_2.txt.ins,182,181.952,31.7246,OPT,8252,0,0,AI,0,0.0494505,3.59341,0.500299,30.5932,0,2,0,134,123
BPP_750_50_0.1_0.7_3.txt.ins,187,186.999,7.80002,OPT,7321,0,0,AI,0,0.0374332,3.57754,0.429958,7.16088,0,2,0,84,80
BPP_750_50_0.1_0.7_4.txt.ins,187,186.981,8.32983,OPT,7549,0,0,AI,0,0.0748663,3.41176,0.435823,7.65241,0,2,0,100,100
BPP_750_50_0.1_0.7_5.txt.ins,189,188.281,13.8318,OPT,7101,0,0,AI,0,0.015873,3.71429,0.412888,13.1289,0,2,0,65,65
BPP_750_50_0.1_0.7_6.txt.ins,187,186.949,12.2639,OPT,8207,0,0,AI,0,0.026738,3.58824,0.413463,11.5795,0,2,0,92,87
BPP_750_50_0.1_0.7_7.txt.ins,187,186.998,684.575,OPT,15930,405,60,AI,100,0.0695187,3.37433,1.15326,668.141,0,2,60,891,891
BPP_750_50_0.1_0.7_8.txt.ins,185,184.994,2880.24,OPT,48889,1060,130,AI,100,0.0324324,3.65946,8.54619,2709.38,0,2,142,2501,2495
BPP_750_50_0.1_0.7_9.txt.ins,185,184.4,14.5345,OPT,8591,0,0,AI,0,0.0648649,3.53514,0.467337,13.7206,0,2,0,81,81
BPP_750_50_0.1_0.8_0.txt.ins,197,196.947,7.48435,OPT,7115,0,0,AI,0,0.0558376,3.40609,0.433567,6.8456,0,2,0,67,67
BPP_750_50_0.1_0.8_1.txt.ins,204,203.254,28.8022,OPT,8491,0,0,AI,0,0.0686275,3.18627,0.417957,27.7597,0,2,0,113,113
BPP_750_50_0.1_0.8_2.txt.ins,198,197.985,102.83,OPT,9767,0,0,AI,0,0.040404,3.40404,0.462757,100.614,0,2,0,189,189
BPP_750_50_0.1_0.8_3.txt.ins,202,201.179,16.5045,OPT,7707,0,0,AI,0,0.0544554,3.32178,0.397229,15.7803,0,2,0,79,74
BPP_750_50_0.1_0.8_4.txt.ins,203,202.964,66.8833,OPT,8835,0,0,AI,0,0.0788177,3.10345,0.446359,65.0218,0,2,0,175,175
BPP_750_50_0.1_0.8_5.txt.ins,200,199.225,17.4306,OPT,7311,0,0,AI,0,0.045,3.39,0.331586,16.7805,0,2,0,60,58
BPP_750_50_0.1_0.8_6.txt.ins,196,195.44,40.9612,OPT,8155,0,0,AI,0,0.0153061,3.51531,0.431562,39.7287,0,2,0,121,119
BPP_750_50_0.1_0.8_7.txt.ins,201,200.991,92.8237,OPT,8955,0,0,AI,0,0.0497512,3.30348,0.428437,90.5886,0,2,0,218,217
BPP_750_50_0.1_0.8_8.txt.ins,205,204.072,12.7127,OPT,6671,0,0,AI,0,0.0487805,3.35122,0.305905,12.1149,0,2,0,71,71
BPP_750_50_0.1_0.8_9.txt.ins,200,199.717,43.7866,OPT,8180,0,0,AI,0,0.02,3.515,0.389188,42.5712,0,2,0,143,137
BPP_750_50_0.2_0.7_0.txt.ins,207,205.999,3612.06,TLE,30358,1888,300,?,100,0.0631068,3.18447,1.97588,3470.59,0,-1,456,1482,1482
BPP_750_50_0.2_0.7_1.txt.ins,205,204.966,79.8222,OPT,9130,0,0,AI,0,0.0878049,2.97561,0.362541,77.9674,0,2,0,153,150
BPP_750_50_0.2_0.7_2.txt.ins,206,205.104,9.96301,OPT,7209,0,0,AI,0,0.0533981,3.23301,0.271482,9.45461,0,2,0,53,53
BPP_750_50_0.2_0.7_3.txt.ins,209,208.168,16.9153,OPT,7370,0,0,AI,0,0.0239234,3.21053,0.2873,16.3337,0,2,0,55,52
BPP_750_50_0.2_0.7_4.txt.ins,211,210.988,59.2502,OPT,8171,0,0,AI,0,0.0758294,2.98104,0.281629,57.7029,0,2,0,127,127
BPP_750_50_0.2_0.7_5.txt.ins,208,207.854,26.6928,OPT,6994,0,0,AI,0,0.0528846,3.13462,0.280021,25.8859,0,2,0,68,68
BPP_750_50_0.2_0.7_6.txt.ins,212,211.886,7.22496,OPT,6461,0,0,AI,0,0.117925,2.78774,0.278569,6.79662,0,2,0,41,40
BPP_750_50_0.2_0.7_7.txt.ins,208,207.951,7.60734,OPT,6885,0,0,AI,0,0.105769,2.89904,0.274586,7.15565,0,2,0,55,54
BPP_750_50_0.2_0.7_8.txt.ins,209,208.948,9.66809,OPT,7019,0,0,AI,0,0.062201,3.04306,0.261524,9.20357,0,2,0,54,54
BPP_750_50_0.2_0.7_9.txt.ins,206,205.902,6.75689,OPT,6156,0,0,AI,0,0.0679612,3.01942,0.261456,6.34501,0,2,0,47,44
BPP_750_50_0.2_0.8_0.txt.ins,227,226.771,10.0304,OPT,6004,0,0,AI,0,0.0572687,2.98238,0.213353,9.58342,0,2,0,41,41
BPP_750_50_0.2_0.8_1.txt.ins,226,225.457,7.58321,OPT,5446,0,0,AI,0,0.132743,2.81858,0.224007,7.16784,0,2,0,46,44
BPP_750_50_0.2_0.8_2.txt.ins,223,222.094,9.93315,OPT,6336,0,0,AI,0,0.0358744,3.0852,0.210999,9.50487,0,2,0,46,45
BPP_750_50_0.2_0.8_3.txt.ins,224,223.37,11.7608,OPT,6472,0,0,AI,0,0.0401786,3.0625,0.228478,11.2855,0,2,0,51,46
BPP_750_50_0.2_0.8_4.txt.ins,224,223.968,33.3108,OPT,7168,0,0,AI,0,0.0848214,2.84821,0.260979,32.2568,0,2,0,109,108
BPP_750_50_0.2_0.8_5.txt.ins,216,215.996,36.0235,OPT,8244,0,0,AI,0,0.0740741,3.04167,0.310387,35.0497,0,2,0,84,82
BPP_750_50_0.2_0.8_6.txt.ins,222,221.981,101.33,OPT,8420,100,10,AI,100,0.0540541,2.91892,0.310444,98.7685,0,2,10,167,167
BPP_750_50_0.2_0.8_7.txt.ins,224,223.992,105.411,OPT,9882,182,20,AI,100,0.200893,2.50446,0.342132,102.359,0,2,20,217,217
BPP_750_50_0.2_0.8_8.txt.ins,223,222.418,26.9258,OPT,6574,0,0,AI,0,0.058296,3.06278,0.232464,26.203,0,2,0,58,58
BPP_750_50_0.2_0.8_9.txt.ins,224,222.997,3600.12,TLE,41418,3224,751,?,100,0.0672646,2.96861,43.22,3205.93,0,-1,1418,19685,6547
BPP_750_750_0.1_0.7_0.txt.ins,182,181.971,120.912,OPT,9191,0,0,AI,0,0.032967,3.68681,0.823121,118.194,0,2,0,215,215
BPP_750_750_0.1_0.7_1.txt.ins,189,188.962,75.1015,OPT,10001,0,0,AI,0,0.031746,3.53439,0.804561,73.2589,0,2,0,136,136
BPP_750_750_0.1_0.7_2.txt.ins,184,183.281,47.3373,OPT,12027,0,0,AI,0,0.0380435,3.78261,0.931344,45.4472,0,2,0,156,156
BPP_750_750_0.1_0.7_3.txt.ins,183,182.97,910.561,OPT,15523,306,50,AI,100,0.0163934,3.77596,1.27544,894.239,0,2,50,638,634
BPP_750_750_0.1_0.7_4.txt.ins,185,184.984,552.483,OPT,13212,183,30,AI,100,0.0216216,3.83784,0.961366,543.814,0,2,30,341,341
BPP_750_750_0.1_0.7_5.txt.ins,179,178.994,405.785,OPT,14004,100,10,AI,100,0.0446927,3.87151,1.12292,399.376,0,2,10,353,353
BPP_750_750_0.1_0.7_6.txt.ins,185,184.979,115.103,OPT,9648,0,0,AI,0,0.0432432,3.77297,0.784645,112.758,0,2,0,198,198
BPP_750_750_0.1_0.7_7.txt.ins,184,183.366,23.1558,OPT,10731,0,0,AI,0,0.0217391,3.86957,0.836426,21.8161,0,2,0,135,128
BPP_750_750_0.1_0.7_8.txt.ins,188,187.987,432.584,OPT,14290,100,10,AI,100,0.037234,3.73404,1.0177,426.184,0,2,10,314,314
BPP_750_750_0.1_0.7_9.txt.ins,191,190.951,10.2528,OPT,8597,0,0,AI,0,0.0314136,3.59162,0.719739,9.29774,0,2,0,98,98
BPP_750_750_0.1_0.8_0.txt.ins,204,203.062,47.3524,OPT,11100,0,0,AI,0,0.0637255,3.25,0.837032,45.6677,0,2,0,129,129
BPP_750_750_0.1_0.8_1.txt.ins,198,197.713,22.9638,OPT,9968,0,0,AI,0,0.0252525,3.5101,0.752881,21.786,0,2,0,102,97
BPP_750_750_0.1_0.8_2.txt.ins,204,203.882,10.5224,OPT,7482,0,0,AI,0,0.0588235,3.19118,0.648706,9.66684,0,2,0,75,75
BPP_750_750_0.1_0.8_3.txt.ins,194,193.136,26.7124,OPT,10618,0,0,AI,0,0.0721649,3.50515,0.71775,25.5231,0,2,0,84,83
BPP_750_750_0.1_0.8_4.txt.ins,196,195.131,24.5273,OPT,10696,0,0,AI,0,0.0867347,3.29082,0.737829,23.3335,0,2,0,88,88
BPP_750_750_0.1_0.8_5.txt.ins,194,193.99,224.528,OPT,12745,0,0,AI,0,0.056701,3.4433,0.910557,220.504,0,2,0,242,242
BPP_750_750_0.1_0.8_6.txt.ins,202,201.987,675.237,OPT,25025,209,30,AI,100,0.0594059,3.36139,2.09125,657.152,0,2,30,654,654
BPP_750_750_0.1_0.8_7.txt.ins,200,199.996,194.909,OPT,11268,0,0,AI,0,0.05,3.345,0.766003,191.373,0,2,0,188,188
BPP_750_750_0.1_0.8_8.txt.ins,197,196.905,45.5677,OPT,8475,0,0,AI,0,0.0406091,3.30964,0.705042,44.1244,0,2,0,115,115
BPP_750_750_0.1_0.8_9.txt.ins,194,193.137,23.3082,OPT,10852,0,0,AI,0,0.0257732,3.66495,0.750977,22.0519,0,2,0,106,102
BPP_750_750_0.2_0.7_0.txt.ins,209,208.092,19.7362,OPT,9447,0,0,AI,0,0.0956938,3.03349,0.620187,18.7818,0,2,0,59,58
BPP_750_750_0.2_0.7_1.txt.ins,208,207.968,251.269,OPT,10878,100,10,AI,100,0.0480769,3.19231,0.648817,246.876,0,2,10,168,168
BPP_750_750_0.2_0.7_2.txt.ins,208,207.191,14.2794,OPT,9445,0,0,AI,0,0.0913462,3.12981,0.567746,13.3861,0,2,0,63,63
BPP_750_750_0.2_0.7_3.txt.ins,208,207.99,169.2,OPT,11544,0,0,AI,0,0.0625,3.14423,0.649269,166.042,0,2,0,156,156
BPP_750_750_0.2_0.7_4.txt.ins,206,205.943,65.2914,OPT,8926,0,0,AI,0,0.0485437,3.19417,0.555924,63.6104,0,2,0,111,106
BPP_750_750_0.2_0.7_5.txt.ins,209,208.927,9.16107,OPT,7029,0,0,AI,0,0.0526316,3.02392,0.487282,8.49268,0,2,0,48,48
BPP_750_750_0.2_0.7_6.txt.ins,207,206.969,650.082,OPT,23454,284,40,AI,100,0.0628019,3.17391,1.84959,634.225,0,2,40,555,555
BPP_750_750_0.2_0.7_7.txt.ins,208,207.26,18.255,OPT,9584,0,0,AI,0,0.0721154,3.16827,0.572238,17.3412,0,2,0,68,67
BPP_750_750_0.2_0.7_8.txt.ins,207,206.424,15.7341,OPT,8965,0,0,AI,0,0.0917874,3.11111,0.525971,14.9096,0,2,0,53,53
BPP_750_750_0.2_0.7_9.txt.ins,208,207.429,21.1599,OPT,9609,0,0,AI,0,0.0528846,3.125,0.587603,20.2145,0,2,0,68,68
BPP_750_750_0.2_0.8_0.txt.ins,223,222.97,185.438,OPT,9585,100,10,AI,100,0.0896861,2.96413,0.570662,181.455,0,2,10,152,152
BPP_750_750_0.2_0.8_1.txt.ins,225,224.451,15.8338,OPT,8099,0,0,AI,0,0.106667,2.87556,0.532005,15.0059,0,2,0,63,63
BPP_750_750_0.2_0.8_2.txt.ins,224,222.999,3600.28,TLE,22159,994,350,?,100,0.0986547,2.87892,3.56793,3492.25,0,-1,423,1252,1244
BPP_750_750_0.2_0.8_3.txt.ins,220,219.333,14.6195,OPT,8350,0,0,AI,0,0.0818182,3.03182,0.522279,13.7819,0,2,0,56,56
BPP_750_750_0.2_0.8_4.txt.ins,221,220.982,12.6704,OPT,8112,0,0,AI,0,0.0542986,3.0724,0.496408,11.9276,0,2,0,57,57
BPP_750_750_0.2_0.8_5.txt.ins,222,221.263,18.6764,OPT,8529,0,0,AI,0,0.0990991,2.85135,0.530653,17.8062,0,2,0,52,52
BPP_750_750_0.2_0.8_6.txt.ins,218,217.018,19.3456,OPT,8285,0,0,AI,0,0.0733945,2.9633,0.517459,18.4602,0,2,0,57,57
BPP_750_750_0.2_0.8_7.txt.ins,220,219.12,20.7449,OPT,8134,0,0,AI,0,0.0545455,3.06364,0.484563,19.9177,0,2,0,57,57
BPP_750_750_0.2_0.8_8.txt.ins,222,221.314,15.5328,OPT,8702,0,0,AI,0,0.103604,2.87838,0.535521,14.6848,0,2,0,59,59
BPP_750_750_0.2_0.8_9.txt.ins,221,220.948,34.035,OPT,7634,0,0,AI,0,0.0723982,2.91855,0.472115,32.9223,0,2,0,82,82
BPP_750_75_0.1_0.7_0.txt.ins,179,178.055,15.9635,OPT,9294,0,0,AI,0,0.0391061,3.81006,0.534971,15.0578,0,2,0,99,99
BPP_750_75_0.1_0.7_1.txt.ins,183,182.991,505.611,OPT,13724,219,30,AI,100,0.0382514,3.68852,0.858011,496.095,0,2,30,433,433
BPP_750_75_0.1_0.7_2.txt.ins,186,185.982,7.13295,OPT,7146,0,0,AI,0,0.016129,3.72581,0.451922,6.472,0,2,0,90,89
BPP_750_75_0.1_0.7_3.txt.ins,180,179.956,11.3865,OPT,8357,0,0,AI,0,0.0222222,3.79444,0.539889,10.573,0,2,0,105,105
BPP_750_75_0.1_0.7_4.txt.ins,185,184.833,9.95886,OPT,7699,0,0,AI,0,0.0324324,3.52432,0.472467,9.25614,0,2,0,86,85
BPP_750_75_0.1_0.7_5.txt.ins,184,183.953,11.725,OPT,8616,0,0,AI,0,0.0217391,3.58696,0.590164,10.8469,0,2,0,112,102
BPP_750_75_0.1_0.7_6.txt.ins,181,180.919,68.0543,OPT,9296,0,0,AI,0,0.0276243,3.65193,0.584737,66.2408,0,2,0,191,188
BPP_750_75_0.1_0.7_7.txt.ins,186,185.975,8.87159,OPT,7831,0,0,AI,0,0.016129,3.50538,0.524211,8.08744,0,2,0,126,110
BPP_750_75_0.1_0.7_8.txt.ins,180,179.952,98.1948,OPT,10253,0,0,AI,0,0.0333333,3.62222,0.599129,96.0717,0,2,0,193,192
BPP_750_75_0.1_0.7_9.txt.ins,183,182.086,15.9559,OPT,8891,0,0,AI,0,0.0437158,3.70492,0.57529,15.0057,0,2,0,98,90
BPP_750_75_0.1_0.8_0.txt.ins,198,197.966,36.9646,OPT,8395,0,0,AI,0,0.0808081,3.24747,0.519206,35.7336,0,2,0,138,137
BPP_750_75_0.1_0.8_1.txt.ins,199,198.965,12.7855,OPT,7706,0,0,AI,0,0.0452261,3.31658,0.522008,11.9963,0,2,0,98,95
BPP_750_75_0.1_0.8_2.txt.ins,201,200.89,9.22338,OPT,7232,0,0,AI,0,0.0746269,3.10945,0.445412,8.55516,0,2,0,79,79
BPP_750_75_0.1_0.8_3.txt.ins,196,196,97.9555,OPT,10610,0,0,AI,0,0.0612245,3.34694,0.621027,95.2041,0,2,0,238,238
BPP_750_75_0.1_0.8_4.txt.ins,197,196.913,7.64709,OPT,7068,0,0,AI,0,0.0456853,3.28426,0.483877,6.92232,0,2,0,86,86
BPP_750_75_0.1_0.8_5.txt.ins,204,203.179,16.8409,OPT,7662,0,0,AI,0,0.00980392,3.44608,0.444097,16.0471,0,2,0,76,65
BPP_750_75_0.1_0.8_6.txt.ins,204,202.999,139.996,OPT,9998,20,1,ANI,20,0.0492611,3.34975,0.534193,136.773,0,2,2,206,185
BPP_750_75_0.1_0.8_7.txt.ins,194,193.075,30.689,OPT,8116,0,0,AI,0,0.0103093,3.59278,0.487479,29.6281,0,2,0,112,108
BPP_750_75_0.1_0.8_8.txt.ins,203,202.311,11.4869,OPT,7333,0,0,AI,0,0.0788177,3.0936,0.404972,10.8272,0,2,0,67,67
BPP_750_75_0.1_0.8_9.txt.ins,199,198.998,149.536,OPT,9762,0,0,AI,0,0.0251256,3.34673,0.517932,146.747,0,2,0,179,179
BPP_750_75_0.2_0.7_0.txt.ins,206,205.936,10.8034,OPT,6821,0,0,AI,0,0.0582524,3.08738,0.293746,10.315,0,2,0,53,51
BPP_750_75_0.2_0.7_1.txt.ins,209,208.84,51.7123,OPT,7859,0,0,AI,0,0.0717703,3.00957,0.352253,50.4219,0,2,0,95,92
BPP_750_75_0.2_0.7_2.txt.ins,210,209.998,7.04997,OPT,6620,0,0,AI,0,0.104762,2.8619,0.316207,6.57344,0,2,0,44,44
BPP_750_75_0.2_0.7_3.txt.ins,208,207.98,62.0814,OPT,9030,0,0,AI,0,0.0480769,3.23077,0.344417,60.6024,0,2,0,99,99
BPP_750_75_0.2_0.7_4.txt.ins,209,208.292,13.6316,OPT,7174,0,0,AI,0,0.0287081,3.33493,0.31032,13.0523,0,2,0,60,59
BPP_750_75_0.2_0.7_5.txt.ins,208,207.043,16.416,OPT,7697,0,0,AI,0,0.0336538,3.26442,0.311823,15.8322,0,2,0,46,44
BPP_750_75_0.2_0.7_6.txt.ins,208,207.93,8.09057,OPT,7062,0,0,AI,0,0.110577,2.91346,0.283579,7.62512,0,2,0,49,49
BPP_750_75_0.2_0.7_7.txt.ins,207,205.995,3603.5,TLE,46937,1708,280,?,100,0.0970874,3.0534,4.03854,3404.39,0,-1,441,2522,2504
BPP_750_75_0.2_0.7_8.txt.ins,206,205.216,15.0895,OPT,7825,0,0,AI,0,0.0194175,3.31068,0.299248,14.5131,0,2,0,64,64
BPP_750_75_0.2_0.7_9.txt.ins,207,206.996,65.2432,OPT,9065,0,0,AI,0,0.115942,2.90338,0.347291,63.7261,0,2,0,112,109
BPP_750_75_0.2_0.8_0.txt.ins,223,222.492,14.3718,OPT,7393,0,0,AI,0,0.152466,2.76233,0.307809,13.7938,0,2,0,57,57
BPP_750_75_0.2_0.8_1.txt.ins,216,215.978,205.602,OPT,10962,169,20,AI,100,0.12037,2.87037,0.421052,201.261,0,2,20,239,239
BPP_750_75_0.2_0.8_2.txt.ins,222,221.935,7.98956,OPT,6595,0,0,AI,0,0.0810811,2.86486,0.278624,7.54045,0,2,0,55,50
BPP_750_75_0.2_0.8_3.txt.ins,222,221.82,8.70758,OPT,6169,0,0,AI,0,0.0630631,2.8964,0.275252,8.25445,0,2,0,46,46
BPP_750_75_0.2_0.8_4.txt.ins,223,222.742,13.581,OPT,6569,0,0,AI,0,0.0358744,3.07623,0.312886,13.008,0,2,0,55,54
BPP_750_75_0.2_0.8_5.txt.ins,218,217.032,13.72,OPT,6786,0,0,AI,0,0.0917431,2.9633,0.263707,13.1829,0,2,0,47,46
BPP_750_75_0.2_0.8_6.txt.ins,222,221.173,17.3506,OPT,7117,0,0,AI,0,0.0810811,3.01351,0.303647,16.722,0,2,0,58,57
BPP_750_75_0.2_0.8_7.txt.ins,221,220.932,63.9215,OPT,7065,0,0,AI,0,0.0995475,2.87783,0.313781,62.3391,0,2,0,101,101
BPP_750_75_0.2_0.8_8.txt.ins,223,222.941,8.72194,OPT,6666,0,0,AI,0,0.0986547,2.91031,0.291267,8.23922,0,2,0,54,52
BPP_750_75_0.2_0.8_9.txt.ins,222,221.018,14.5561,OPT,6987,0,0,AI,0,0.0540541,3.06757,0.290044,14.0076,0,2,0,44,44
