R2.25-Class2_N108M48-00,129,48,0.284943,OPT,2,NT,255,0,34
R2.25-Class2_N108M48-01,136,48,0.010784,OPT,1,NT,128,0,0
R2.25-Class2_N108M48-02,133,48,0.037796,OPT,1,NT,162,0,0
R2.25-Class2_N108M48-03,129,48,0.010005,OPT,0,B1,147,0,0
R2.25-Class2_N108M48-04,134,48,0.008157,OPT,1,NT,109,0,0
R2.25-Class2_N108M48-05,140,48,0.006946,OPT,1,NT,61,0,0
R2.25-Class2_N108M48-06,136,48,0.01486,OPT,2,NT,165,0,0
R2.25-Class2_N108M48-07,145,48,0.015015,OPT,2,NT,117,0,0
R2.25-Class2_N108M48-08,135,48,0.010606,OPT,1,NT,140,0,0
R2.25-Class2_N108M48-09,131,48,0.011699,OPT,1,NT,123,0,0
R2.25-Class2_N126M56-00,138,56,0.019352,OPT,1,NT,186,0,0
R2.25-Class2_N126M56-01,129,56,0.015235,OPT,1,NT,161,0,0
R2.25-Class2_N126M56-02,141,56,0.015137,OPT,0,B1,162,0,0
R2.25-Class2_N126M56-03,135,56,0.011349,OPT,0,B1,134,0,0
R2.25-Class2_N126M56-04,126,56,0.008253,OPT,0,B1,125,0,0
R2.25-Class2_N126M56-05,140,56,0.048102,OPT,1,NT,168,0,0
R2.25-Class2_N126M56-06,140,56,0.017352,OPT,1,NT,162,0,0
R2.25-Class2_N126M56-07,139,56,0.017285,OPT,1,NT,153,0,0
R2.25-Class2_N126M56-08,135,56,0.007435,OPT,0,B1,96,0,0
R2.25-Class2_N126M56-09,144,56,0.007385,OPT,0,B1,98,0,0
R2.25-Class2_N144M64-00,138,64,0.008092,OPT,0,B1,122,0,0
R2.25-Class2_N144M64-01,134,64,0.010822,OPT,0,B1,113,0,0
R2.25-Class2_N144M64-02,142,64,0.015268,OPT,1,NT,146,0,0
R2.25-Class2_N144M64-03,133,64,0.011992,OPT,0,B1,143,0,0
R2.25-Class2_N144M64-04,140,64,0.014595,OPT,1,NT,153,0,0
R2.25-Class2_N144M64-05,134,64,0.048193,OPT,1,NT,219,0,0
R2.25-Class2_N144M64-06,135,64,0.007562,OPT,0,B1,105,0,0
R2.25-Class2_N144M64-07,135,64,0.051131,OPT,1,NT,221,0,0
R2.25-Class2_N144M64-08,134,64,0.012731,OPT,2,NT,118,0,0
R2.25-Class2_N144M64-09,136,64,0.012662,OPT,1,NT,129,0,0
R2.25-Class2_N162M72-00,130,72,0.011217,OPT,0,B1,129,0,0
R2.25-Class2_N162M72-01,136,72,0.01465,OPT,0,B1,147,0,0
R2.25-Class2_N162M72-02,140,72,0.021535,OPT,0,B1,178,0,0
R2.25-Class2_N162M72-03,134,72,0.011373,OPT,0,B1,131,0,0
R2.25-Class2_N162M72-04,137,72,0.00871,OPT,0,B1,117,0,0
R2.25-Class2_N162M72-05,130,72,0.013014,OPT,0,B1,144,0,0
R2.25-Class2_N162M72-06,137,72,0.043868,OPT,0,B1,157,0,0
R2.25-Class2_N162M72-07,141,72,0.007333,OPT,1,NT,107,0,0
R2.25-Class2_N162M72-08,133,72,0.036647,OPT,0,B1,150,0,0
R2.25-Class2_N162M72-09,132,72,0.015411,OPT,1,NT,150,0,0
R2.25-Class2_N180M80-00,132,80,0.006681,OPT,0,B1,92,0,0
R2.25-Class2_N180M80-01,141,80,0.017419,OPT,1,NT,168,0,0
R2.25-Class2_N180M80-02,138,80,0.010048,OPT,0,B1,104,0,0
R2.25-Class2_N180M80-03,133,80,0.014908,OPT,1,NT,143,0,0
R2.25-Class2_N180M80-04,142,80,0.022211,OPT,1,NT,206,0,0
R2.25-Class2_N180M80-05,140,80,0.011968,OPT,0,B1,133,0,0
R2.25-Class2_N180M80-06,131,80,0.014735,OPT,0,B1,166,0,0
R2.25-Class2_N180M80-07,130,80,0.015025,OPT,0,B1,169,0,0
R2.25-Class2_N180M80-08,134,80,0.020235,OPT,1,NT,176,0,0
R2.25-Class2_N180M80-09,135,80,0.018835,OPT,1,NT,187,0,0
R2.25-Class2_N198M88-00,136,88,0.042461,OPT,1,NT,154,0,0
R2.25-Class2_N198M88-01,145,88,0.02566,OPT,1,NT,214,0,0
R2.25-Class2_N198M88-02,135,88,0.022841,OPT,1,NT,234,0,0
R2.25-Class2_N198M88-03,136,88,0.019041,OPT,1,NT,196,0,0
R2.25-Class2_N198M88-04,137,88,0.018546,OPT,1,NT,168,0,0
R2.25-Class2_N198M88-05,142,88,0.022974,OPT,0,B1,163,0,0
R2.25-Class2_N198M88-06,136,88,0.008451,OPT,0,B1,122,0,0
R2.25-Class2_N198M88-07,133,88,0.01714,OPT,1,NT,190,0,0
R2.25-Class2_N198M88-08,135,88,0.01364,OPT,0,B1,183,0,0
R2.25-Class2_N198M88-09,129,88,0.017534,OPT,1,NT,189,0,0
R2.25-Class2_N36M16-00,143,16,0.007076,OPT,5,NT,49,0,0
R2.25-Class2_N36M16-01,150,16,0.0063,OPT,3,NT,44,0,0
R2.25-Class2_N36M16-02,136,16,0.008075,OPT,2,NT,63,0,0
R2.25-Class2_N36M16-03,146,16,0.007101,OPT,3,NT,60,0,0
R2.25-Class2_N36M16-04,148,16,0.005225,OPT,16,NT,37,0,0
R2.25-Class2_N36M16-05,150,16,0.00862,OPT,4,NT,47,0,0
R2.25-Class2_N36M16-06,148,16,0.005193,OPT,3,NT,40,0,0
R2.25-Class2_N36M16-07,123,16,0.005664,OPT,3,NT,42,0,0
R2.25-Class2_N36M16-08,140,16,0.010723,OPT,3,NT,70,0,0
R2.25-Class2_N36M16-09,144,16,0.006661,OPT,2,NT,62,0,0
R2.25-Class2_N54M24-00,140,24,0.030479,OPT,2,NT,74,0,0
R2.25-Class2_N54M24-01,137,24,0.00967,OPT,1,NT,75,1,0
R2.25-Class2_N54M24-02,128,24,0.005391,OPT,1,NT,52,0,0
R2.25-Class2_N54M24-03,139,24,0.009891,OPT,2,NT,66,0,0
R2.25-Class2_N54M24-04,138,24,0.011601,OPT,1,NT,94,0,0
R2.25-Class2_N54M24-05,127,24,0.01069,OPT,1,NT,87,0,0
R2.25-Class2_N54M24-06,136,24,0.0095,OPT,1,NT,81,0,0
R2.25-Class2_N54M24-07,132,24,0.017196,OPT,1,NT,117,4,0
R2.25-Class2_N54M24-08,146,24,0.006766,OPT,3,NT,71,0,0
R2.25-Class2_N54M24-09,143,24,0.00882,OPT,3,NT,77,0,0
R2.25-Class2_N72M32-00,143,32,0.013092,OPT,2,NT,130,0,0
R2.25-Class2_N72M32-01,138,32,0.011489,OPT,2,NT,97,0,0
R2.25-Class2_N72M32-02,145,32,0.011976,OPT,2,NT,102,0,0
R2.25-Class2_N72M32-03,128,32,0.029198,OPT,1,NT,146,2,2
R2.25-Class2_N72M32-04,140,32,0.008135,OPT,2,NT,78,0,0
R2.25-Class2_N72M32-05,134,32,0.014449,OPT,1,NT,99,0,0
R2.25-Class2_N72M32-06,133,32,0.009032,OPT,1,NT,92,0,0
R2.25-Class2_N72M32-07,138,32,0.013984,OPT,1,NT,122,0,0
R2.25-Class2_N72M32-08,138,32,0.009672,OPT,2,NT,85,0,0
R2.25-Class2_N72M32-09,139,32,0.010845,OPT,1,NT,99,0,0
R2.25-Class2_N90M40-00,133,40,0.010144,OPT,1,NT,98,0,0
R2.25-Class2_N90M40-01,143,40,0.021187,OPT,1,NT,147,0,0
R2.25-Class2_N90M40-02,127,40,0.011074,OPT,1,NT,122,0,0
R2.25-Class2_N90M40-03,138,40,0.013829,OPT,1,NT,115,0,0
R2.25-Class2_N90M40-04,147,40,0.017972,OPT,2,NT,143,0,0
R2.25-Class2_N90M40-05,139,40,0.054612,OPT,1,NT,175,1,0
R2.25-Class2_N90M40-06,136,40,0.011337,OPT,2,NT,90,0,0
R2.25-Class2_N90M40-07,141,40,0.009938,OPT,1,NT,97,0,0
R2.25-Class2_N90M40-08,132,40,0.010212,OPT,1,NT,107,0,0
R2.25-Class2_N90M40-09,137,40,0.01585,OPT,1,NT,142,0,0
