R2-Class5_N100M50-00,216,50,0.006821,OPT,8,NT,17,0,0
R2-Class5_N100M50-01,245,50,7.4e-05,OPT,0,B1,0,0,0
R2-Class5_N100M50-02,223,50,0.034243,OPT,9,NT,43,0,0
R2-Class5_N100M50-03,221,50,0.007239,OPT,10,NT,9,0,0
R2-Class5_N100M50-04,226,50,4.7e-05,OPT,0,B1,0,0,0
R2-Class5_N100M50-05,245,50,4.9e-05,OPT,0,B1,0,0,0
R2-Class5_N100M50-06,214,50,0.005318,OPT,3,NT,65,0,0
R2-Class5_N100M50-07,228,50,4.1e-05,OPT,0,B1,0,0,0
R2-Class5_N100M50-08,220,50,4.3e-05,OPT,0,B1,0,0,0
R2-Class5_N100M50-09,234,50,4.5e-05,OPT,0,B1,0,0,0
R2-Class5_N120M60-00,219,60,5.1e-05,OPT,0,B1,0,0,0
R2-Class5_N120M60-01,259,60,4.7e-05,OPT,0,B1,0,0,0
R2-Class5_N120M60-02,225,60,0.015035,OPT,7,NT,73,0,0
R2-Class5_N120M60-03,215,60,4.8e-05,OPT,0,B1,0,0,0
R2-Class5_N120M60-04,241,60,4.6e-05,OPT,0,B1,0,0,0
R2-Class5_N120M60-05,218,60,0.004754,OPT,3,NT,43,0,0
R2-Class5_N120M60-06,237,60,5.1e-05,OPT,0,B1,0,0,0
R2-Class5_N120M60-07,218,60,6.4e-05,OPT,0,B1,0,0,0
R2-Class5_N120M60-08,239,60,4.6e-05,OPT,0,B1,0,0,0
R2-Class5_N120M60-09,223,60,0.004609,OPT,2,NT,71,0,0
R2-Class5_N140M70-00,224,70,6e-05,OPT,0,B1,0,0,0
R2-Class5_N140M70-01,211,68,0.000135,OPT,0,B1,0,0,0
R2-Class5_N140M70-02,208,70,0.000114,OPT,0,B1,0,0,0
R2-Class5_N140M70-03,239,70,6.3e-05,OPT,0,B1,0,0,0
R2-Class5_N140M70-04,208,70,0.006696,OPT,8,NT,15,0,0
R2-Class5_N140M70-05,234,70,6.2e-05,OPT,0,B1,0,0,0
R2-Class5_N140M70-06,245,70,7.1e-05,OPT,0,B1,0,0,0
R2-Class5_N140M70-07,207,69,0.000185,OPT,0,B1,0,0,0
R2-Class5_N140M70-08,287,70,7.5e-05,OPT,0,B1,0,0,0
R2-Class5_N140M70-09,231,70,0.026662,OPT,6,NT,17,0,0
R2-Class5_N160M80-00,204,80,7e-05,OPT,0,B1,0,0,0
R2-Class5_N160M80-01,251,80,7.1e-05,OPT,0,B1,0,0,0
R2-Class5_N160M80-02,250,80,0.000115,OPT,0,B1,0,0,0
R2-Class5_N160M80-03,218,80,0.005371,OPT,2,NT,87,0,0
R2-Class5_N160M80-04,259,80,0.000107,OPT,0,B1,0,0,0
R2-Class5_N160M80-05,261,80,0.000127,OPT,0,B1,0,0,0
R2-Class5_N160M80-06,271,80,9.7e-05,OPT,0,B1,0,0,0
R2-Class5_N160M80-07,232,80,6.5e-05,OPT,0,B1,0,0,0
R2-Class5_N160M80-08,227,80,8.8e-05,OPT,0,B1,0,0,0
R2-Class5_N160M80-09,263,80,6.5e-05,OPT,0,B1,0,0,0
R2-Class5_N180M90-00,233,90,7.1e-05,OPT,0,B1,0,0,0
R2-Class5_N180M90-01,203,88,0.000208,OPT,0,B1,0,0,0
R2-Class5_N180M90-02,257,90,7.4e-05,OPT,0,B1,0,0,0
R2-Class5_N180M90-03,244,90,0.000111,OPT,0,B1,0,0,0
R2-Class5_N180M90-04,236,90,7.4e-05,OPT,0,B1,0,0,0
R2-Class5_N180M90-05,247,90,8e-05,OPT,0,B1,0,0,0
R2-Class5_N180M90-06,220,90,7.3e-05,OPT,0,B1,0,0,0
R2-Class5_N180M90-07,238,90,0.000106,OPT,0,B1,0,0,0
R2-Class5_N180M90-08,238,90,7.1e-05,OPT,0,B1,0,0,0
R2-Class5_N180M90-09,222,90,0.000103,OPT,0,B1,0,0,0
R2-Class5_N200M100-00,283,100,8e-05,OPT,0,B1,0,0,0
R2-Class5_N200M100-01,221,100,8.1e-05,OPT,0,B1,0,0,0
R2-Class5_N200M100-02,244,100,0.000124,OPT,0,B1,0,0,0
R2-Class5_N200M100-03,254,100,8.7e-05,OPT,0,B1,0,0,0
R2-Class5_N200M100-04,232,100,8.2e-05,OPT,0,B1,0,0,0
R2-Class5_N200M100-05,271,100,7.7e-05,OPT,0,B1,0,0,0
R2-Class5_N200M100-06,235,100,8.2e-05,OPT,0,B1,0,0,0
R2-Class5_N200M100-07,247,100,7.9e-05,OPT,0,B1,0,0,0
R2-Class5_N200M100-08,229,100,9.7e-05,OPT,0,B1,0,0,0
R2-Class5_N200M100-09,231,100,9.6e-05,OPT,0,B1,0,0,0
R2-Class5_N20M10-00,184,10,3.3e-05,OPT,0,B1,0,0,0
R2-Class5_N20M10-01,226,10,0.004208,OPT,11,NT,18,0,0
R2-Class5_N20M10-02,224,10,0.004731,OPT,10,NT,35,0,0
R2-Class5_N20M10-03,199,10,0.002438,OPT,2,NT,18,0,0
R2-Class5_N20M10-04,254,10,0.002907,OPT,17,NT,7,0,0
R2-Class5_N20M10-05,222,10,0.025895,OPT,8,NT,18,0,0
R2-Class5_N20M10-06,203,10,0.003932,OPT,5,NT,25,0,0
R2-Class5_N20M10-07,228,10,0.004407,OPT,6,NT,26,0,0
R2-Class5_N20M10-08,199,10,0.003307,OPT,14,NT,14,0,0
R2-Class5_N20M10-09,205,10,0.007044,OPT,10,NT,20,0,0
R2-Class5_N40M20-00,239,20,1.9e-05,OPT,0,B1,0,0,0
R2-Class5_N40M20-01,209,20,0.004424,OPT,12,NT,28,0,0
R2-Class5_N40M20-02,212,20,0.006243,OPT,10,NT,41,0,0
R2-Class5_N40M20-03,225,20,2e-05,OPT,0,B1,0,0,0
R2-Class5_N40M20-04,223,20,0.027877,OPT,9,NT,67,0,0
R2-Class5_N40M20-05,197,20,1.9e-05,OPT,0,B1,0,0,0
R2-Class5_N40M20-06,239,20,4.2e-05,OPT,0,B1,0,0,0
R2-Class5_N40M20-07,219,20,1.6e-05,OPT,0,B1,0,0,0
R2-Class5_N40M20-08,220,20,0.003022,OPT,7,NT,2,0,0
R2-Class5_N40M20-09,221,20,0.003149,OPT,20,NT,4,0,0
R2-Class5_N60M30-00,220,30,0.004255,OPT,6,NT,20,0,0
R2-Class5_N60M30-01,234,30,3.9e-05,OPT,0,B1,0,0,0
R2-Class5_N60M30-02,207,30,0.001989,OPT,1,NT,29,0,0
R2-Class5_N60M30-03,192,30,0.006051,OPT,2,NT,88,0,0
R2-Class5_N60M30-04,219,30,0.004785,OPT,10,NT,22,0,0
R2-Class5_N60M30-05,219,30,0.004234,OPT,7,NT,25,0,0
R2-Class5_N60M30-06,224,30,0.007186,OPT,8,NT,30,0,0
R2-Class5_N60M30-07,228,30,7.1e-05,OPT,0,B1,0,0,0
R2-Class5_N60M30-08,195,30,0.009856,OPT,4,NT,66,0,0
R2-Class5_N60M30-09,188,30,0.004095,OPT,4,NT,27,0,0
R2-Class5_N80M40-00,268,40,3.8e-05,OPT,0,B1,0,0,0
R2-Class5_N80M40-01,206,40,4.2e-05,OPT,0,B1,0,0,0
R2-Class5_N80M40-02,274,40,4.2e-05,OPT,0,B1,0,0,0
R2-Class5_N80M40-03,233,40,3.7e-05,OPT,0,B1,0,0,0
R2-Class5_N80M40-04,255,40,3.6e-05,OPT,0,B1,0,0,0
R2-Class5_N80M40-05,222,40,3.6e-05,OPT,0,B1,0,0,0
R2-Class5_N80M40-06,228,40,3.9e-05,OPT,0,B1,0,0,0
R2-Class5_N80M40-07,204,40,5.6e-05,OPT,0,B1,0,0,0
R2-Class5_N80M40-08,228,40,3.9e-05,OPT,0,B1,0,0,0
R2-Class5_N80M40-09,230,40,0.00863,OPT,11,NT,72,0,0
