R2.5-Class3_N100M40-00,196,40,0.041756,OPT,8,NT,347,0,0
R2.5-Class3_N100M40-01,201,40,0.046642,OPT,8,NT,392,0,0
R2.5-Class3_N100M40-02,195,40,0.03219,OPT,7,NT,333,0,0
R2.5-Class3_N100M40-03,207,40,0.041925,OPT,10,NT,348,0,0
R2.5-Class3_N100M40-04,195,40,0.041879,OPT,6,NT,384,0,0
R2.5-Class3_N100M40-05,193,40,0.020876,OPT,5,NT,176,0,0
R2.5-Class3_N100M40-06,192,40,0.053675,OPT,8,NT,317,0,0
R2.5-Class3_N100M40-07,193,40,0.027348,OPT,8,NT,233,0,0
R2.5-Class3_N100M40-08,202,40,0.027221,OPT,9,NT,280,0,0
R2.5-Class3_N100M40-09,204,40,0.038502,OPT,9,NT,350,0,0
R2.5-Class3_N120M48-00,202,48,0.084471,OPT,11,NT,558,0,0
R2.5-Class3_N120M48-01,200,48,0.041331,OPT,7,NT,361,0,0
R2.5-Class3_N120M48-02,193,48,0.025752,OPT,8,NT,244,0,0
R2.5-Class3_N120M48-03,189,48,0.025858,OPT,7,NT,260,0,0
R2.5-Class3_N120M48-04,193,48,0.068394,OPT,7,NT,323,0,0
R2.5-Class3_N120M48-05,196,48,0.039122,OPT,7,NT,340,0,0
R2.5-Class3_N120M48-06,191,48,0.032368,OPT,6,NT,254,0,0
R2.5-Class3_N120M48-07,194,48,0.029718,OPT,7,NT,304,0,0
R2.5-Class3_N120M48-08,197,48,0.031123,OPT,8,NT,281,0,0
R2.5-Class3_N120M48-09,186,48,0.018692,OPT,4,NT,184,0,0
R2.5-Class3_N140M56-00,195,56,0.02634,OPT,8,NT,268,1,0
R2.5-Class3_N140M56-01,198,56,0.032357,OPT,8,NT,339,0,0
R2.5-Class3_N140M56-02,201,56,0.023357,OPT,10,NT,271,0,0
R2.5-Class3_N140M56-03,196,56,0.027167,OPT,9,NT,283,0,0
R2.5-Class3_N140M56-04,196,56,0.047906,OPT,6,NT,407,0,0
R2.5-Class3_N140M56-05,190,56,0.041349,OPT,6,NT,327,0,0
R2.5-Class3_N140M56-06,189,56,0.061213,OPT,6,NT,326,0,0
R2.5-Class3_N140M56-07,200,56,0.031394,OPT,10,NT,304,0,0
R2.5-Class3_N140M56-08,195,56,0.019116,OPT,5,NT,219,0,0
R2.5-Class3_N140M56-09,198,56,0.039454,OPT,11,NT,404,0,0
R2.5-Class3_N160M64-00,197,64,0.029836,OPT,10,NT,237,0,0
R2.5-Class3_N160M64-01,191,64,0.031673,OPT,6,NT,325,0,0
R2.5-Class3_N160M64-02,194,64,0.031996,OPT,7,NT,311,0,0
R2.5-Class3_N160M64-03,198,64,0.051555,OPT,7,NT,405,0,0
R2.5-Class3_N160M64-04,192,64,0.0397,OPT,6,NT,375,0,0
R2.5-Class3_N160M64-05,196,64,0.044649,OPT,7,NT,371,0,0
R2.5-Class3_N160M64-06,195,64,0.04065,OPT,6,NT,359,0,0
R2.5-Class3_N160M64-07,201,64,0.030294,OPT,9,NT,337,0,0
R2.5-Class3_N160M64-08,195,64,0.035397,OPT,7,NT,344,0,0
R2.5-Class3_N160M64-09,193,64,0.070904,OPT,7,NT,336,0,0
R2.5-Class3_N180M72-00,196,72,0.035963,OPT,8,NT,311,0,0
R2.5-Class3_N180M72-01,192,72,0.040683,OPT,6,NT,346,0,0
R2.5-Class3_N180M72-02,188,72,0.014762,OPT,5,NT,169,0,0
R2.5-Class3_N180M72-03,194,72,0.037828,OPT,7,NT,300,0,0
R2.5-Class3_N180M72-04,193,72,0.037139,OPT,8,NT,290,0,0
R2.5-Class3_N180M72-05,198,72,0.031737,OPT,8,NT,310,0,0
R2.5-Class3_N180M72-06,195,72,0.053165,OPT,9,NT,293,0,0
R2.5-Class3_N180M72-07,204,72,0.032174,OPT,10,NT,296,0,0
R2.5-Class3_N180M72-08,195,72,0.023188,OPT,5,NT,217,0,0
R2.5-Class3_N180M72-09,195,72,0.040613,OPT,6,NT,323,0,0
R2.5-Class3_N200M80-00,199,80,0.029145,OPT,9,NT,288,0,0
R2.5-Class3_N200M80-01,195,80,0.047156,OPT,7,NT,335,0,0
R2.5-Class3_N200M80-02,192,80,0.036724,OPT,7,NT,316,0,0
R2.5-Class3_N200M80-03,193,80,0.040743,OPT,6,NT,346,0,0
R2.5-Class3_N200M80-04,199,80,0.029413,OPT,9,NT,299,0,0
R2.5-Class3_N200M80-05,196,80,0.035573,OPT,7,NT,358,0,0
R2.5-Class3_N200M80-06,194,80,0.023621,OPT,5,NT,196,0,0
R2.5-Class3_N200M80-07,193,80,0.019129,OPT,5,NT,233,0,0
R2.5-Class3_N200M80-08,190,80,0.045353,OPT,5,NT,202,0,0
R2.5-Class3_N200M80-09,192,80,0.038808,OPT,6,NT,388,0,0
R2.5-Class3_N20M8-00,224,8,0.007927,OPT,19,NT,49,0,0
R2.5-Class3_N20M8-01,205,8,0.013152,OPT,16,NT,79,0,0
R2.5-Class3_N20M8-02,207,8,0.010175,OPT,14,NT,71,0,0
R2.5-Class3_N20M8-03,175,8,0.027729,OPT,5,NT,47,0,0
R2.5-Class3_N20M8-04,208,8,0.014302,OPT,13,NT,77,1,0
R2.5-Class3_N20M8-05,179,8,0.008369,OPT,4,NT,58,0,0
R2.5-Class3_N20M8-06,192,8,0.006746,OPT,2,NT,37,0,0
R2.5-Class3_N20M8-07,192,8,0.009736,OPT,8,NT,60,3,0
R2.5-Class3_N20M8-08,198,8,0.012352,OPT,11,NT,79,0,0
R2.5-Class3_N20M8-09,194,8,0.005999,OPT,5,NT,41,0,0
R2.5-Class3_N40M16-00,182,16,0.0067,OPT,3,NT,65,0,0
R2.5-Class3_N40M16-01,188,16,0.013072,OPT,5,NT,121,0,0
R2.5-Class3_N40M16-02,214,16,0.022535,OPT,13,NT,184,0,0
R2.5-Class3_N40M16-03,201,16,0.015156,OPT,10,NT,160,0,0
R2.5-Class3_N40M16-04,183,16,0.010402,OPT,2,NT,117,0,0
R2.5-Class3_N40M16-05,201,16,0.08462,OPT,14,NT,174,0,0
R2.5-Class3_N40M16-06,195,16,0.013229,OPT,5,NT,135,0,0
R2.5-Class3_N40M16-07,190,16,0.012302,OPT,5,NT,142,0,0
R2.5-Class3_N40M16-08,185,16,0.010144,OPT,5,NT,85,0,0
R2.5-Class3_N40M16-09,205,16,0.031622,OPT,12,NT,251,0,0
R2.5-Class3_N60M24-00,195,24,0.016234,OPT,5,NT,161,0,0
R2.5-Class3_N60M24-01,188,24,0.018942,OPT,4,NT,165,0,0
R2.5-Class3_N60M24-02,188,24,0.011802,OPT,2,NT,122,0,0
R2.5-Class3_N60M24-03,191,24,0.027059,OPT,6,NT,217,0,0
R2.5-Class3_N60M24-04,197,24,0.030127,OPT,8,NT,286,2,0
R2.5-Class3_N60M24-05,212,24,0.032126,OPT,11,NT,254,0,0
R2.5-Class3_N60M24-06,194,24,0.026312,OPT,7,NT,221,2,0
R2.5-Class3_N60M24-07,200,24,0.040906,OPT,11,NT,357,0,0
R2.5-Class3_N60M24-08,194,24,0.020982,OPT,8,NT,178,0,0
R2.5-Class3_N60M24-09,198,24,0.033125,OPT,9,NT,206,1,0
R2.5-Class3_N80M32-00,191,32,0.095086,OPT,7,NT,271,0,0
R2.5-Class3_N80M32-01,199,32,0.062229,OPT,7,NT,327,0,0
R2.5-Class3_N80M32-02,193,32,0.025195,OPT,6,NT,313,0,0
R2.5-Class3_N80M32-03,196,32,0.031445,OPT,7,NT,358,0,0
R2.5-Class3_N80M32-04,195,32,0.024089,OPT,7,NT,275,0,0
R2.5-Class3_N80M32-05,198,32,0.038374,OPT,7,NT,355,0,0
R2.5-Class3_N80M32-06,184,32,0.04268,OPT,3,NT,132,0,0
R2.5-Class3_N80M32-07,194,32,0.022694,OPT,8,NT,233,0,0
R2.5-Class3_N80M32-08,187,32,0.0263,OPT,3,NT,219,0,0
R2.5-Class3_N80M32-09,192,32,0.026492,OPT,6,NT,235,0,0
