R2.75-Class2_N110M40-00,171,40,0.032036,OPT,0,B1,230,4,0
R2.75-Class2_N110M40-01,161,40,0.032764,OPT,0,B1,221,0,0
R2.75-Class2_N110M40-02,159,40,0.020373,OPT,0,B1,184,0,0
R2.75-Class2_N110M40-03,159,40,0.059112,OPT,0,B1,248,2,0
R2.75-Class2_N110M40-04,166,40,0.023913,OPT,0,B1,217,1,0
R2.75-Class2_N110M40-05,159,40,0.022479,OPT,0,B1,238,0,0
R2.75-Class2_N110M40-06,157,40,0.031009,OPT,0,B1,218,0,0
R2.75-Class2_N110M40-07,169,40,0.057346,OPT,0,B1,255,1,0
R2.75-Class2_N110M40-08,163,40,0.038107,OPT,0,B1,259,2,0
R2.75-Class2_N110M40-09,169,40,0.02295,OPT,0,B1,199,0,0
R2.75-Class2_N132M48-00,172,48,0.025706,OPT,0,B1,252,0,0
R2.75-Class2_N132M48-01,159,48,0.02941,OPT,0,B1,232,0,0
R2.75-Class2_N132M48-02,168,48,0.019064,OPT,0,B1,218,0,0
R2.75-Class2_N132M48-03,157,48,0.044896,OPT,0,B1,191,0,0
R2.75-Class2_N132M48-04,172,48,0.034634,OPT,0,B1,252,0,0
R2.75-Class2_N132M48-05,160,48,0.023883,OPT,0,B1,218,0,0
R2.75-Class2_N132M48-06,157,48,0.017871,OPT,0,B1,197,0,0
R2.75-Class2_N132M48-07,170,48,0.031174,OPT,0,B1,273,0,0
R2.75-Class2_N132M48-08,171,48,0.024399,OPT,0,B1,234,0,0
R2.75-Class2_N132M48-09,166,48,0.02766,OPT,0,B1,227,0,0
R2.75-Class2_N154M56-00,169,56,0.022403,OPT,0,B1,185,0,0
R2.75-Class2_N154M56-01,171,56,0.024796,OPT,0,B1,202,0,0
R2.75-Class2_N154M56-02,168,56,0.05782,OPT,0,B1,207,0,0
R2.75-Class2_N154M56-03,169,56,0.096886,OPT,0,B1,296,3,10
R2.75-Class2_N154M56-04,163,56,0.023064,OPT,0,B1,235,1,0
R2.75-Class2_N154M56-05,169,56,0.034379,OPT,0,B1,248,0,0
R2.75-Class2_N154M56-06,163,56,0.025644,OPT,0,B1,200,0,0
R2.75-Class2_N154M56-07,165,56,0.028604,OPT,0,B1,226,0,0
R2.75-Class2_N154M56-08,162,56,0.04137,OPT,0,B1,311,0,0
R2.75-Class2_N154M56-09,161,56,0.02996,OPT,0,B1,265,0,0
R2.75-Class2_N176M64-00,161,64,0.022209,OPT,0,B1,257,0,0
R2.75-Class2_N176M64-01,168,64,0.050012,OPT,0,B1,347,0,0
R2.75-Class2_N176M64-02,170,64,0.016298,OPT,0,B1,162,0,0
R2.75-Class2_N176M64-03,159,64,0.113019,OPT,0,B1,345,0,0
R2.75-Class2_N176M64-04,167,64,0.032353,OPT,0,B1,244,0,0
R2.75-Class2_N176M64-05,161,64,0.049632,OPT,0,B1,210,0,0
R2.75-Class2_N176M64-06,167,64,0.028755,OPT,0,B1,241,0,0
R2.75-Class2_N176M64-07,169,64,0.034845,OPT,0,B1,255,0,0
R2.75-Class2_N176M64-08,162,64,0.025409,OPT,0,B1,239,0,0
R2.75-Class2_N176M64-09,165,64,0.029466,OPT,0,B1,257,0,0
R2.75-Class2_N198M72-00,161,72,0.018649,OPT,0,B1,185,0,0
R2.75-Class2_N198M72-01,171,72,0.015942,OPT,0,B1,154,0,0
R2.75-Class2_N198M72-02,165,72,0.020384,OPT,0,B1,250,0,0
R2.75-Class2_N198M72-03,165,72,0.022451,OPT,0,B1,209,0,0
R2.75-Class2_N198M72-04,174,72,0.030996,OPT,0,B1,276,0,0
R2.75-Class2_N198M72-05,161,72,0.058238,OPT,0,B1,268,0,0
R2.75-Class2_N198M72-06,160,72,0.028735,OPT,0,B1,257,0,0
R2.75-Class2_N198M72-07,163,72,0.018907,OPT,0,B1,174,0,0
R2.75-Class2_N198M72-08,164,72,0.038162,OPT,0,B1,197,0,0
R2.75-Class2_N198M72-09,161,72,0.027444,OPT,0,B1,225,0,0
R2.75-Class2_N220M80-00,177,80,0.07963,OPT,0,B1,323,0,0
R2.75-Class2_N220M80-01,165,80,0.025006,OPT,0,B1,220,0,0
R2.75-Class2_N220M80-02,168,80,0.102953,OPT,0,B1,301,0,0
R2.75-Class2_N220M80-03,169,80,0.012556,OPT,0,B1,128,0,0
R2.75-Class2_N220M80-04,167,80,0.032453,OPT,0,B1,264,0,0
R2.75-Class2_N220M80-05,163,80,0.0322,OPT,0,B1,261,0,0
R2.75-Class2_N220M80-06,164,80,0.020147,OPT,0,B1,190,0,0
R2.75-Class2_N220M80-07,158,80,0.018303,OPT,0,B1,190,0,0
R2.75-Class2_N220M80-08,162,80,0.02167,OPT,0,B1,215,0,0
R2.75-Class2_N220M80-09,161,80,0.013436,OPT,0,B1,174,0,0
R2.75-Class2_N22M8-00,175,8,0.008906,OPT,1,NT,60,6,0
R2.75-Class2_N22M8-01,174,8,0.004467,OPT,1,NT,35,0,0
R2.75-Class2_N22M8-02,168,8,0.007298,OPT,1,NT,57,1,0
R2.75-Class2_N22M8-03,177,8,0.004618,OPT,0,B1,47,0,0
R2.75-Class2_N22M8-04,174,8,0.008617,OPT,1,NT,71,0,0
R2.75-Class2_N22M8-05,166,8,0.006226,OPT,1,NT,41,0,0
R2.75-Class2_N22M8-06,178,8,0.010136,OPT,1,NT,78,10,0
R2.75-Class2_N22M8-07,165,8,0.008134,OPT,1,NT,61,0,0
R2.75-Class2_N22M8-08,186,8,0.027424,OPT,0,B1,61,0,0
R2.75-Class2_N22M8-09,155,8,0.009851,OPT,0,B1,68,9,0
R2.75-Class2_N44M16-00,161,16,0.010142,OPT,0,B1,122,0,0
R2.75-Class2_N44M16-01,163,16,0.048299,OPT,0,B1,166,4,0
R2.75-Class2_N44M16-02,170,16,0.006497,OPT,0,B1,80,0,0
R2.75-Class2_N44M16-03,164,16,0.008588,OPT,0,B1,112,0,0
R2.75-Class2_N44M16-04,172,16,0.014823,OPT,0,B1,125,2,0
R2.75-Class2_N44M16-05,150,16,0.012705,OPT,1,NT,78,2,0
R2.75-Class2_N44M16-06,165,16,0.008458,OPT,0,B1,104,0,0
R2.75-Class2_N44M16-07,168,16,0.030636,OPT,0,B1,96,0,0
R2.75-Class2_N44M16-08,159,16,0.010841,OPT,0,B1,116,0,0
R2.75-Class2_N44M16-09,167,16,0.011986,OPT,1,NT,96,0,0
R2.75-Class2_N66M24-00,164,24,0.021224,OPT,0,B1,140,3,0
R2.75-Class2_N66M24-01,165,24,0.013558,OPT,0,B1,145,0,0
R2.75-Class2_N66M24-02,174,24,0.022603,OPT,0,B1,149,2,0
R2.75-Class2_N66M24-03,174,24,0.03737,OPT,0,B1,140,1,0
R2.75-Class2_N66M24-04,162,24,0.014432,OPT,0,B1,165,0,0
R2.75-Class2_N66M24-05,178,24,0.013091,OPT,0,B1,164,0,0
R2.75-Class2_N66M24-06,161,24,0.04716,OPT,0,B1,179,1,0
R2.75-Class2_N66M24-07,163,24,0.018678,OPT,0,B1,141,3,0
R2.75-Class2_N66M24-08,168,24,0.016472,OPT,0,B1,137,2,0
R2.75-Class2_N66M24-09,155,24,0.016097,OPT,0,B1,150,2,0
R2.75-Class2_N88M32-00,166,32,0.014846,OPT,0,B1,169,0,0
R2.75-Class2_N88M32-01,169,32,0.026756,OPT,0,B1,177,1,0
R2.75-Class2_N88M32-02,168,32,0.020147,OPT,0,B1,160,2,0
R2.75-Class2_N88M32-03,160,32,0.012409,OPT,0,B1,157,0,0
R2.75-Class2_N88M32-04,175,32,0.016833,OPT,0,B1,149,0,0
R2.75-Class2_N88M32-05,152,32,0.027635,OPT,0,B1,201,0,0
R2.75-Class2_N88M32-06,167,32,0.028397,OPT,0,B1,233,0,0
R2.75-Class2_N88M32-07,177,32,0.019925,OPT,0,B1,192,0,0
R2.75-Class2_N88M32-08,170,32,0.052718,OPT,0,B1,194,0,0
R2.75-Class2_N88M32-09,166,32,0.020661,OPT,0,B1,199,0,0
