R3-Class7_N108M36-00,1290,36,0.196234,OPT,0,B1,580,8,0
R3-Class7_N108M36-01,1282,36,0.110051,OPT,0,B1,483,5,0
R3-Class7_N108M36-02,1295,36,0.139037,OPT,0,B1,460,2,0
R3-Class7_N108M36-03,1286,36,0.122082,OPT,0,B1,571,6,0
R3-Class7_N108M36-04,1295,36,0.10833,OPT,0,B1,526,5,0
R3-Class7_N108M36-05,1339,36,0.192279,OPT,0,B1,504,2,0
R3-Class7_N108M36-06,1330,36,0.11828,OPT,0,B1,418,2,0
R3-Class7_N108M36-07,1309,36,0.136034,OPT,0,B1,573,4,0
R3-Class7_N108M36-08,1329,36,0.103394,OPT,0,B1,472,2,0
R3-Class7_N108M36-09,1308,36,0.113652,OPT,0,B1,525,1,0
R3-Class7_N126M42-00,1541,42,0.100945,OPT,0,B1,601,4,0
R3-Class7_N126M42-01,1506,42,0.116064,OPT,0,B1,646,4,0
R3-Class7_N126M42-02,1474,42,0.152257,OPT,0,B1,648,4,0
R3-Class7_N126M42-03,1562,42,0.167232,OPT,0,B1,731,3,0
R3-Class7_N126M42-04,1500,42,0.092375,OPT,0,B1,653,3,0
R3-Class7_N126M42-05,1460,42,0.182741,OPT,0,B1,621,7,0
R3-Class7_N126M42-06,1533,42,0.152838,OPT,0,B1,644,4,0
R3-Class7_N126M42-07,1552,42,0.186836,OPT,0,B1,771,4,0
R3-Class7_N126M42-08,1531,42,0.178924,OPT,0,B1,730,3,0
R3-Class7_N126M42-09,1517,42,0.177591,OPT,0,B1,616,6,0
R3-Class7_N144M48-00,1711,48,0.198025,OPT,0,B1,838,14,0
R3-Class7_N144M48-01,1774,48,0.170308,OPT,0,B1,829,4,0
R3-Class7_N144M48-02,1698,48,0.199376,OPT,0,B1,722,4,0
R3-Class7_N144M48-03,1730,48,0.274436,OPT,0,B1,759,5,0
R3-Class7_N144M48-04,1778,48,0.247973,OPT,0,B1,928,3,0
R3-Class7_N144M48-05,1743,48,0.264569,OPT,0,B1,871,5,0
R3-Class7_N144M48-06,1743,48,0.193051,OPT,0,B1,737,2,0
R3-Class7_N144M48-07,1732,48,0.229645,OPT,0,B1,663,2,0
R3-Class7_N144M48-08,1720,48,0.309245,OPT,0,B1,905,1,0
R3-Class7_N144M48-09,1698,48,0.264203,OPT,0,B1,810,8,0
R3-Class7_N162M54-00,1911,54,0.307615,OPT,0,B1,1106,6,0
R3-Class7_N162M54-01,1926,54,0.234311,OPT,0,B1,948,6,0
R3-Class7_N162M54-02,1884,54,0.504483,OPT,0,B1,1135,29,10
R3-Class7_N162M54-03,1950,54,0.144072,OPT,0,B1,1052,5,0
R3-Class7_N162M54-04,1921,54,0.189922,OPT,0,B1,962,4,0
R3-Class7_N162M54-05,1958,54,0.546405,OPT,0,B1,988,3,0
R3-Class7_N162M54-06,1914,54,0.277016,OPT,0,B1,986,3,0
R3-Class7_N162M54-07,1952,54,0.257538,OPT,0,B1,861,3,0
R3-Class7_N162M54-08,1933,54,0.29612,OPT,0,B1,947,3,0
R3-Class7_N162M54-09,1968,54,0.398355,OPT,0,B1,991,7,0
R3-Class7_N180M60-00,2169,60,0.450434,OPT,0,B1,1307,2,0
R3-Class7_N180M60-01,2086,60,0.337354,OPT,0,B1,1229,1,0
R3-Class7_N180M60-02,2098,60,0.485828,OPT,0,B1,1164,5,0
R3-Class7_N180M60-03,2148,60,0.400764,OPT,0,B1,1048,6,0
R3-Class7_N180M60-04,2113,60,0.324575,OPT,0,B1,1138,0,0
R3-Class7_N180M60-05,2166,60,0.416803,OPT,0,B1,959,4,0
R3-Class7_N180M60-06,2148,60,0.695925,OPT,0,B1,1364,15,10
R3-Class7_N180M60-07,2155,60,0.332026,OPT,0,B1,1056,5,0
R3-Class7_N180M60-08,2145,60,0.356919,OPT,0,B1,1075,0,0
R3-Class7_N180M60-09,2117,60,0.336869,OPT,0,B1,1206,2,0
R3-Class7_N198M66-00,2374,66,0.409329,OPT,0,B1,1205,2,0
R3-Class7_N198M66-01,2435,66,0.376455,OPT,0,B1,1505,7,0
R3-Class7_N198M66-02,2440,66,0.591345,OPT,0,B1,1348,8,0
R3-Class7_N198M66-03,2319,66,0.522492,OPT,0,B1,1452,6,0
R3-Class7_N198M66-04,2378,66,0.600038,OPT,0,B1,1274,5,0
R3-Class7_N198M66-05,2343,66,0.477721,OPT,0,B1,1353,3,0
R3-Class7_N198M66-06,2319,66,0.464471,OPT,0,B1,1270,7,0
R3-Class7_N198M66-07,2343,66,0.590135,OPT,0,B1,1378,2,0
R3-Class7_N198M66-08,2335,66,0.605807,OPT,0,B1,1326,6,0
R3-Class7_N198M66-09,2402,66,0.373983,OPT,0,B1,1155,5,0
R3-Class7_N36M12-00,432,12,0.036087,OPT,0,B1,147,9,0
R3-Class7_N36M12-01,433,12,0.014819,OPT,0,B1,122,10,0
R3-Class7_N36M12-02,438,12,0.006849,OPT,0,B1,72,1,0
R3-Class7_N36M12-03,428,12,0.00987,OPT,1,NT,101,0,0
R3-Class7_N36M12-04,403,12,0.021539,OPT,1,NT,133,10,0
R3-Class7_N36M12-05,415,12,0.007292,OPT,0,B1,88,0,0
R3-Class7_N36M12-06,418,12,0.042711,OPT,0,B1,142,6,1
R3-Class7_N36M12-07,445,12,0.051466,OPT,0,B1,92,0,0
R3-Class7_N36M12-08,419,12,0.011762,OPT,1,NT,103,1,0
R3-Class7_N36M12-09,445,12,0.010274,OPT,0,B1,123,0,0
R3-Class7_N54M18-00,674,18,0.014429,OPT,0,B1,143,3,0
R3-Class7_N54M18-01,637,18,0.022505,OPT,0,B1,184,5,0
R3-Class7_N54M18-02,650,18,0.025773,OPT,0,B1,200,1,0
R3-Class7_N54M18-03,666,18,0.022407,OPT,0,B1,203,1,0
R3-Class7_N54M18-04,651,18,0.051524,OPT,0,B1,220,8,0
R3-Class7_N54M18-05,672,18,0.010871,OPT,0,B1,183,0,0
R3-Class7_N54M18-06,707,18,0.031475,OPT,1,NT,193,6,0
R3-Class7_N54M18-07,659,18,0.02281,OPT,0,B1,163,6,0
R3-Class7_N54M18-08,676,18,0.015958,OPT,0,B1,179,4,0
R3-Class7_N54M18-09,642,18,0.016122,OPT,0,B1,193,6,0
R3-Class7_N72M24-00,935,24,0.105579,OPT,1,NT,435,22,0
R3-Class7_N72M24-01,881,24,0.111134,OPT,0,B1,348,13,4
R3-Class7_N72M24-02,820,24,0.071559,OPT,0,B1,324,4,0
R3-Class7_N72M24-03,888,24,0.057047,OPT,0,B1,276,3,3
R3-Class7_N72M24-04,874,24,0.046296,OPT,0,B1,325,9,0
R3-Class7_N72M24-05,864,24,0.011627,OPT,0,B1,171,0,0
R3-Class7_N72M24-06,833,24,0.057712,OPT,0,B1,346,6,0
R3-Class7_N72M24-07,872,24,0.014948,OPT,0,B1,224,1,0
R3-Class7_N72M24-08,825,24,0.055826,OPT,0,B1,351,4,0
R3-Class7_N72M24-09,840,24,0.060847,OPT,0,B1,278,4,0
R3-Class7_N90M30-00,1057,30,0.050187,OPT,0,B1,425,1,0
R3-Class7_N90M30-01,1111,30,0.085701,OPT,0,B1,378,2,0
R3-Class7_N90M30-02,1093,30,0.091249,OPT,0,B1,412,7,0
R3-Class7_N90M30-03,1089,30,0.058386,OPT,0,B1,407,6,0
R3-Class7_N90M30-04,1146,30,0.077386,OPT,0,B1,444,1,0
R3-Class7_N90M30-05,1136,30,0.133665,OPT,0,B1,363,4,0
R3-Class7_N90M30-06,1130,30,0.116921,OPT,0,B1,433,8,0
R3-Class7_N90M30-07,1069,30,0.086309,OPT,0,B1,380,4,0
R3-Class7_N90M30-08,1113,30,0.069658,OPT,0,B1,383,5,0
R3-Class7_N90M30-09,1074,30,0.09891,OPT,0,B1,375,8,0
