R2.75-Class1_N110M40-00,146,40,0.000365,OPT,0,B1,0,0,0
R2.75-Class1_N110M40-01,150,40,0.000191,OPT,0,B1,0,0,0
R2.75-Class1_N110M40-02,156,40,0.05773,OPT,0,B1,225,0,0
R2.75-Class1_N110M40-03,137,40,0.000149,OPT,0,B1,0,0,0
R2.75-Class1_N110M40-04,133,40,0.000194,OPT,0,B1,0,0,0
R2.75-Class1_N110M40-05,138,40,0.000192,OPT,0,B1,0,0,0
R2.75-Class1_N110M40-06,145,40,0.000146,OPT,0,B1,0,0,0
R2.75-Class1_N110M40-07,146,40,0.007668,OPT,0,B1,81,0,0
R2.75-Class1_N110M40-08,135,40,0.000362,OPT,0,B1,0,0,0
R2.75-Class1_N110M40-09,131,40,0.041881,OPT,0,B1,215,0,0
R2.75-Class1_N132M48-00,141,48,0.047872,OPT,0,B1,322,0,0
R2.75-Class1_N132M48-01,140,48,0.012233,OPT,0,B1,128,0,0
R2.75-Class1_N132M48-02,148,48,0.034878,OPT,0,B1,126,0,0
R2.75-Class1_N132M48-03,132,48,0.029036,OPT,0,B1,183,0,0
R2.75-Class1_N132M48-04,131,48,0.000216,OPT,0,B1,0,0,0
R2.75-Class1_N132M48-05,144,48,0.093715,OPT,0,B1,253,0,0
R2.75-Class1_N132M48-06,139,48,0.000219,OPT,0,B1,0,0,0
R2.75-Class1_N132M48-07,161,48,0.049743,OPT,0,B1,349,0,0
R2.75-Class1_N132M48-08,143,48,0.017023,OPT,0,B1,136,0,0
R2.75-Class1_N132M48-09,137,48,0.000222,OPT,0,B1,0,0,0
R2.75-Class1_N154M56-00,136,56,0.000297,OPT,0,B1,0,0,0
R2.75-Class1_N154M56-01,144,56,0.050607,OPT,0,B1,198,0,0
R2.75-Class1_N154M56-02,151,56,0.021294,OPT,0,B1,210,0,0
R2.75-Class1_N154M56-03,141,56,0.036026,OPT,0,B1,238,0,0
R2.75-Class1_N154M56-04,142,56,0.072156,OPT,0,B1,261,0,0
R2.75-Class1_N154M56-05,136,56,0.000265,OPT,0,B1,0,0,0
R2.75-Class1_N154M56-06,139,56,0.027252,OPT,0,B1,177,0,0
R2.75-Class1_N154M56-07,148,56,0.051685,OPT,0,B1,184,2,0
R2.75-Class1_N154M56-08,145,56,0.00029,OPT,0,B1,0,0,0
R2.75-Class1_N154M56-09,146,56,0.077424,OPT,0,B1,311,1,0
R2.75-Class1_N176M64-00,146,64,0.000276,OPT,0,B1,0,0,0
R2.75-Class1_N176M64-01,140,64,0.000415,OPT,0,B1,0,0,0
R2.75-Class1_N176M64-02,134,64,0.000294,OPT,0,B1,0,0,0
R2.75-Class1_N176M64-03,131,64,0.000281,OPT,0,B1,0,0,0
R2.75-Class1_N176M64-04,137,64,0.00034,OPT,0,B1,0,0,0
R2.75-Class1_N176M64-05,132,64,0.000303,OPT,0,B1,0,0,0
R2.75-Class1_N176M64-06,135,64,0.000284,OPT,0,B1,0,0,0
R2.75-Class1_N176M64-07,146,64,0.000284,OPT,0,B1,0,0,0
R2.75-Class1_N176M64-08,137,64,0.000286,OPT,0,B1,0,0,0
R2.75-Class1_N176M64-09,138,64,0.078656,OPT,0,B1,229,0,0
R2.75-Class1_N198M72-00,125,72,0.000303,OPT,0,B1,0,0,0
R2.75-Class1_N198M72-01,145,72,0.000338,OPT,0,B1,0,0,0
R2.75-Class1_N198M72-02,147,72,0.041071,OPT,0,B1,266,0,0
R2.75-Class1_N198M72-03,137,72,0.000288,OPT,0,B1,0,0,0
R2.75-Class1_N198M72-04,133,72,0.000303,OPT,0,B1,0,0,0
R2.75-Class1_N198M72-05,146,72,0.017282,OPT,0,B1,139,0,0
R2.75-Class1_N198M72-06,146,72,0.033081,OPT,0,B1,249,0,0
R2.75-Class1_N198M72-07,134,72,0.01756,OPT,0,B1,137,0,0
R2.75-Class1_N198M72-08,134,72,0.014972,OPT,0,B1,143,0,0
R2.75-Class1_N198M72-09,135,72,0.000337,OPT,0,B1,0,0,0
R2.75-Class1_N220M80-00,137,80,0.00039,OPT,0,B1,0,0,0
R2.75-Class1_N220M80-01,131,80,0.031647,OPT,0,B1,163,0,0
R2.75-Class1_N220M80-02,142,80,0.000469,OPT,0,B1,0,0,0
R2.75-Class1_N220M80-03,145,80,0.000308,OPT,0,B1,0,0,0
R2.75-Class1_N220M80-04,138,80,0.000335,OPT,0,B1,0,0,0
R2.75-Class1_N220M80-05,144,80,0.000328,OPT,0,B1,0,0,0
R2.75-Class1_N220M80-06,131,80,0.000315,OPT,0,B1,0,0,0
R2.75-Class1_N220M80-07,137,80,0.000307,OPT,0,B1,0,0,0
R2.75-Class1_N220M80-08,148,80,0.000331,OPT,0,B1,0,0,0
R2.75-Class1_N220M80-09,137,80,0.000336,OPT,0,B1,0,0,0
R2.75-Class1_N22M8-00,143,8,0.008791,OPT,2,NT,49,0,0
R2.75-Class1_N22M8-01,129,8,0.004557,OPT,0,B1,47,0,0
R2.75-Class1_N22M8-02,137,8,0.004413,OPT,1,NT,45,0,0
R2.75-Class1_N22M8-03,137,8,0.008596,OPT,1,NT,49,0,0
R2.75-Class1_N22M8-04,108,8,0.003288,OPT,0,B1,38,0,0
R2.75-Class1_N22M8-05,158,8,0.008496,OPT,1,NT,53,9,0
R2.75-Class1_N22M8-06,119,8,0.004495,OPT,1,NT,39,0,0
R2.75-Class1_N22M8-07,140,8,0.006608,OPT,2,NT,49,0,0
R2.75-Class1_N22M8-08,143,8,0.043887,OPT,1,NT,42,0,0
R2.75-Class1_N22M8-09,111,8,0.003364,OPT,1,NT,22,0,0
R2.75-Class1_N44M16-00,149,16,0.021698,OPT,0,B1,122,16,0
R2.75-Class1_N44M16-01,150,16,0.030316,OPT,1,NT,102,0,0
R2.75-Class1_N44M16-02,137,16,0.000111,OPT,0,B1,0,0,0
R2.75-Class1_N44M16-03,139,16,0.011926,OPT,0,B1,128,0,0
R2.75-Class1_N44M16-04,144,16,0.004388,OPT,0,B1,40,0,0
R2.75-Class1_N44M16-05,154,16,0.00743,OPT,0,B1,70,0,0
R2.75-Class1_N44M16-06,120,16,0.001743,OPT,1,NT,18,0,0
R2.75-Class1_N44M16-07,127,16,0.011637,OPT,0,B1,97,0,0
R2.75-Class1_N44M16-08,136,16,0.029118,OPT,0,B1,93,0,0
R2.75-Class1_N44M16-09,148,16,0.010041,OPT,0,B1,109,0,0
R2.75-Class1_N66M24-00,138,24,0.000136,OPT,0,B1,0,0,0
R2.75-Class1_N66M24-01,130,24,0.01124,OPT,0,B1,103,0,0
R2.75-Class1_N66M24-02,128,24,0.013529,OPT,0,B1,117,1,0
R2.75-Class1_N66M24-03,124,24,0.000237,OPT,0,B1,0,0,0
R2.75-Class1_N66M24-04,142,24,0.020757,OPT,0,B1,139,2,0
R2.75-Class1_N66M24-05,125,24,0.008579,OPT,0,B1,67,0,0
R2.75-Class1_N66M24-06,148,24,0.009197,OPT,0,B1,114,0,0
R2.75-Class1_N66M24-07,135,24,0.026956,OPT,0,B1,161,1,0
R2.75-Class1_N66M24-08,141,24,0.011551,OPT,0,B1,89,4,0
R2.75-Class1_N66M24-09,135,24,0.00013,OPT,0,B1,0,0,0
R2.75-Class1_N88M32-00,152,32,0.014926,OPT,0,B1,128,0,0
R2.75-Class1_N88M32-01,150,32,0.024293,OPT,0,B1,180,2,0
R2.75-Class1_N88M32-02,154,32,0.018422,OPT,0,B1,168,0,0
R2.75-Class1_N88M32-03,150,32,0.010677,OPT,0,B1,111,0,0
R2.75-Class1_N88M32-04,155,32,0.032311,OPT,0,B1,232,2,0
R2.75-Class1_N88M32-05,148,32,0.063281,OPT,0,B1,130,4,0
R2.75-Class1_N88M32-06,144,32,0.000165,OPT,0,B1,0,0,0
R2.75-Class1_N88M32-07,141,32,0.015758,OPT,0,B1,128,0,0
R2.75-Class1_N88M32-08,153,32,0.024602,OPT,0,B1,140,6,0
R2.75-Class1_N88M32-09,140,32,0.027695,OPT,0,B1,181,3,0
