R2.75-Class7_N110M40-00,1144,40,0.167972,OPT,2,NT,733,4,0
R2.75-Class7_N110M40-01,1259,40,0.391076,OPT,3,NT,873,17,0
R2.75-Class7_N110M40-02,1277,40,0.475757,OPT,16,NT,1250,19,0
R2.75-Class7_N110M40-03,1235,40,0.260051,OPT,10,NT,1044,2,0
R2.75-Class7_N110M40-04,1229,40,0.273944,OPT,8,NT,1101,2,0
R2.75-Class7_N110M40-05,1248,40,0.144031,OPT,2,NT,804,1,0
R2.75-Class7_N110M40-06,1264,40,0.502132,OPT,25,NT,1809,11,0
R2.75-Class7_N110M40-07,1214,40,0.161096,OPT,2,NT,793,2,0
R2.75-Class7_N110M40-08,1194,40,0.311244,OPT,10,NT,1228,3,0
R2.75-Class7_N110M40-09,1225,40,0.521269,OPT,6,NT,944,15,0
R2.75-Class7_N132M48-00,1469,48,0.900311,OPT,16,NT,1858,10,0
R2.75-Class7_N132M48-01,1467,48,0.604053,OPT,16,NT,1623,11,0
R2.75-Class7_N132M48-02,1444,48,0.305834,OPT,1,NT,958,8,0
R2.75-Class7_N132M48-03,1450,48,0.307622,OPT,4,NT,1214,5,0
R2.75-Class7_N132M48-04,1469,48,0.709365,OPT,6,NT,1213,24,0
R2.75-Class7_N132M48-05,1481,48,0.341576,OPT,15,NT,1534,7,0
R2.75-Class7_N132M48-06,1466,48,0.511011,OPT,4,NT,1285,21,0
R2.75-Class7_N132M48-07,1461,48,0.277094,OPT,1,NT,946,6,0
R2.75-Class7_N132M48-08,1458,48,0.494218,OPT,8,NT,1539,10,0
R2.75-Class7_N132M48-09,1511,48,0.882394,OPT,25,NT,2134,19,0
R2.75-Class7_N154M56-00,1724,56,1.64951,OPT,11,NT,2139,35,0
R2.75-Class7_N154M56-01,1690,56,0.440225,OPT,2,NT,1208,13,0
R2.75-Class7_N154M56-02,1749,56,0.829225,OPT,14,NT,1924,13,0
R2.75-Class7_N154M56-03,1734,56,1.18079,OPT,27,NT,2760,16,0
R2.75-Class7_N154M56-04,1684,56,1.35081,OPT,12,NT,2217,18,0
R2.75-Class7_N154M56-05,1733,56,0.888239,OPT,18,NT,2218,8,0
R2.75-Class7_N154M56-06,1614,56,0.414863,OPT,2,NT,1353,4,0
R2.75-Class7_N154M56-07,1695,56,1.06413,OPT,17,NT,2259,19,0
R2.75-Class7_N154M56-08,1666,56,1.07407,OPT,14,NT,2352,12,0
R2.75-Class7_N154M56-09,1715,56,0.865905,OPT,15,NT,2206,10,0
R2.75-Class7_N176M64-00,1917,64,1.06489,OPT,9,NT,2075,12,0
R2.75-Class7_N176M64-01,1938,64,1.03102,OPT,14,NT,2143,14,0
R2.75-Class7_N176M64-02,1961,64,1.81016,OPT,13,NT,2587,18,0
R2.75-Class7_N176M64-03,1941,64,2.41899,OPT,12,NT,2356,17,10
R2.75-Class7_N176M64-04,1937,64,1.32471,OPT,14,NT,2183,6,0
R2.75-Class7_N176M64-05,1969,64,1.66514,OPT,17,NT,2804,12,0
R2.75-Class7_N176M64-06,1949,64,0.868454,OPT,8,NT,2208,5,0
R2.75-Class7_N176M64-07,1881,64,1.17608,OPT,3,NT,1623,13,0
R2.75-Class7_N176M64-08,1904,64,0.653488,OPT,10,NT,2010,1,0
R2.75-Class7_N176M64-09,1924,64,1.18769,OPT,8,NT,2270,14,0
R2.75-Class7_N198M72-00,2157,72,1.82404,OPT,15,NT,3114,5,0
R2.75-Class7_N198M72-01,2156,72,2.1239,OPT,12,NT,3199,25,0
R2.75-Class7_N198M72-02,2216,72,1.39186,OPT,9,NT,2609,20,0
R2.75-Class7_N198M72-03,2156,72,2.80316,OPT,25,NT,3681,22,0
R2.75-Class7_N198M72-04,2181,72,2.67732,OPT,25,NT,3528,16,0
R2.75-Class7_N198M72-05,2189,72,2.20142,OPT,15,NT,3108,11,10
R2.75-Class7_N198M72-06,2201,72,2.33899,OPT,16,NT,3040,15,0
R2.75-Class7_N198M72-07,2275,72,2.28665,OPT,13,NT,2980,22,0
R2.75-Class7_N198M72-08,2219,72,3.30637,OPT,18,NT,3403,82,20
R2.75-Class7_N198M72-09,2116,72,1.36417,OPT,1,NT,1668,14,10
R2.75-Class7_N220M80-00,2430,80,0.748127,OPT,5,NT,2039,4,0
R2.75-Class7_N220M80-01,2370,80,1.04908,OPT,10,NT,3083,6,0
R2.75-Class7_N220M80-02,2379,80,2.38403,OPT,6,NT,2702,11,0
R2.75-Class7_N220M80-03,2393,80,2.52989,OPT,14,NT,3436,17,0
R2.75-Class7_N220M80-04,2473,80,3.71361,OPT,22,NT,4252,25,0
R2.75-Class7_N220M80-05,2428,80,1.40533,OPT,8,NT,2659,5,0
R2.75-Class7_N220M80-06,2464,80,5.4455,OPT,29,NT,4419,37,10
R2.75-Class7_N220M80-07,2518,80,1.90661,OPT,32,NT,4246,7,0
R2.75-Class7_N220M80-08,2416,80,3.3209,OPT,11,NT,2851,19,0
R2.75-Class7_N220M80-09,2327,80,0.557087,OPT,2,NT,2035,3,0
R2.75-Class7_N22M8-00,260,8,0.010667,OPT,4,NT,71,0,0
R2.75-Class7_N22M8-01,237,8,0.007235,OPT,0,B1,63,0,0
R2.75-Class7_N22M8-02,267,8,0.010397,OPT,10,NT,70,5,0
R2.75-Class7_N22M8-03,237,8,0.008803,OPT,2,NT,66,0,0
R2.75-Class7_N22M8-04,279,8,0.009776,OPT,9,NT,73,0,0
R2.75-Class7_N22M8-05,242,8,0.014629,OPT,6,NT,85,1,0
R2.75-Class7_N22M8-06,254,8,0.01044,OPT,7,NT,67,0,0
R2.75-Class7_N22M8-07,237,8,0.00872,OPT,2,NT,69,0,0
R2.75-Class7_N22M8-08,261,8,0.00589,OPT,1,NT,51,0,0
R2.75-Class7_N22M8-09,274,8,0.012202,OPT,3,NT,68,3,0
R2.75-Class7_N44M16-00,501,16,0.02599,OPT,2,NT,190,3,0
R2.75-Class7_N44M16-01,504,16,0.060153,OPT,3,NT,216,5,0
R2.75-Class7_N44M16-02,490,16,0.05206,OPT,9,NT,368,8,0
R2.75-Class7_N44M16-03,454,16,0.043909,OPT,7,NT,239,6,0
R2.75-Class7_N44M16-04,526,16,0.05081,OPT,16,NT,327,5,0
R2.75-Class7_N44M16-05,502,16,0.043468,OPT,8,NT,290,12,0
R2.75-Class7_N44M16-06,480,16,0.020035,OPT,2,NT,186,9,0
R2.75-Class7_N44M16-07,486,16,0.026421,OPT,5,NT,214,2,0
R2.75-Class7_N44M16-08,501,16,0.037548,OPT,15,NT,289,1,0
R2.75-Class7_N44M16-09,452,16,0.020728,OPT,0,B1,143,9,0
R2.75-Class7_N66M24-00,758,24,0.133201,OPT,3,NT,418,11,0
R2.75-Class7_N66M24-01,688,24,0.082496,OPT,4,NT,450,5,0
R2.75-Class7_N66M24-02,707,24,0.047484,OPT,2,NT,365,0,0
R2.75-Class7_N66M24-03,704,24,0.05585,OPT,2,NT,362,6,0
R2.75-Class7_N66M24-04,723,24,0.210883,OPT,12,NT,514,56,0
R2.75-Class7_N66M24-05,754,24,0.151112,OPT,13,NT,645,29,0
R2.75-Class7_N66M24-06,757,24,0.176759,OPT,7,NT,626,23,0
R2.75-Class7_N66M24-07,729,24,0.053894,OPT,2,NT,370,5,0
R2.75-Class7_N66M24-08,725,24,0.035499,OPT,2,NT,368,0,0
R2.75-Class7_N66M24-09,779,24,0.112633,OPT,9,NT,497,2,0
R2.75-Class7_N88M32-00,1038,32,0.229562,OPT,15,NT,975,10,0
R2.75-Class7_N88M32-01,1027,32,0.423615,OPT,11,NT,826,14,0
R2.75-Class7_N88M32-02,998,32,0.184887,OPT,12,NT,750,7,0
R2.75-Class7_N88M32-03,985,32,0.17799,OPT,3,NT,597,5,0
R2.75-Class7_N88M32-04,972,32,0.159576,OPT,3,NT,617,9,0
R2.75-Class7_N88M32-05,971,32,0.183131,OPT,6,NT,558,1,0
R2.75-Class7_N88M32-06,968,32,0.126538,OPT,4,NT,732,11,0
R2.75-Class7_N88M32-07,977,32,0.228932,OPT,15,NT,1001,9,0
R2.75-Class7_N88M32-08,967,32,0.263963,OPT,7,NT,767,18,0
R2.75-Class7_N88M32-09,1007,32,0.15381,OPT,7,NT,665,10,0
