R2.5-Class5_N100M40-00,261,40,0.048811,OPT,1,NT,341,0,0
R2.5-Class5_N100M40-01,268,40,0.024022,OPT,0,B1,250,0,0
R2.5-Class5_N100M40-02,267,40,0.060944,OPT,0,B1,273,2,0
R2.5-Class5_N100M40-03,264,40,0.031067,OPT,1,NT,301,0,0
R2.5-Class5_N100M40-04,251,40,0.025902,OPT,0,B1,216,1,0
R2.5-Class5_N100M40-05,245,40,0.000118,OPT,0,B1,0,0,0
R2.5-Class5_N100M40-06,262,40,0.028507,OPT,0,B1,254,2,0
R2.5-Class5_N100M40-07,246,40,0.070934,OPT,0,B1,392,5,4
R2.5-Class5_N100M40-08,230,40,0.039509,OPT,0,B1,239,8,0
R2.5-Class5_N100M40-09,268,40,0.038724,OPT,0,B1,264,0,0
R2.5-Class5_N120M48-00,248,48,0.058583,OPT,0,B1,315,0,0
R2.5-Class5_N120M48-01,259,47,8.5e-05,OPT,0,B1,0,0,0
R2.5-Class5_N120M48-02,273,48,0.082812,OPT,0,B1,340,0,0
R2.5-Class5_N120M48-03,256,48,0.035726,OPT,0,B1,361,1,0
R2.5-Class5_N120M48-04,273,48,0.047834,OPT,1,NT,365,0,0
R2.5-Class5_N120M48-05,266,48,0.038351,OPT,0,B1,306,1,0
R2.5-Class5_N120M48-06,237,48,0.000113,OPT,0,B1,0,0,0
R2.5-Class5_N120M48-07,251,48,0.043998,OPT,0,B1,352,0,0
R2.5-Class5_N120M48-08,253,48,0.072525,OPT,0,B1,405,2,0
R2.5-Class5_N120M48-09,270,48,0.0374,OPT,0,B1,375,0,0
R2.5-Class5_N140M56-00,246,56,0.046408,OPT,0,B1,421,0,0
R2.5-Class5_N140M56-01,251,56,0.040407,OPT,0,B1,336,0,0
R2.5-Class5_N140M56-02,244,56,0.03557,OPT,0,B1,302,0,0
R2.5-Class5_N140M56-03,266,56,0.061566,OPT,0,B1,466,0,0
R2.5-Class5_N140M56-04,250,56,0.046976,OPT,0,B1,295,1,0
R2.5-Class5_N140M56-05,250,56,0.058112,OPT,0,B1,388,1,0
R2.5-Class5_N140M56-06,252,56,0.098694,OPT,0,B1,308,1,0
R2.5-Class5_N140M56-07,247,56,0.0426,OPT,1,NT,384,0,0
R2.5-Class5_N140M56-08,287,55,0.000127,OPT,0,B1,0,0,0
R2.5-Class5_N140M56-09,282,56,0.054392,OPT,1,NT,418,3,0
R2.5-Class5_N160M64-00,247,64,0.07399,OPT,0,B1,448,1,0
R2.5-Class5_N160M64-01,257,64,0.048298,OPT,1,NT,372,0,0
R2.5-Class5_N160M64-02,279,64,0.082155,OPT,1,NT,522,0,0
R2.5-Class5_N160M64-03,263,64,0.084505,OPT,0,B1,230,0,0
R2.5-Class5_N160M64-04,262,64,0.062545,OPT,0,B1,281,0,0
R2.5-Class5_N160M64-05,277,64,0.039902,OPT,0,B1,289,4,0
R2.5-Class5_N160M64-06,271,61,0.000169,OPT,0,B1,0,0,0
R2.5-Class5_N160M64-07,252,64,0.025129,OPT,0,B1,277,0,0
R2.5-Class5_N160M64-08,253,64,0.077977,OPT,0,B1,369,0,0
R2.5-Class5_N160M64-09,263,64,0.000141,OPT,0,B1,0,0,0
R2.5-Class5_N180M72-00,233,72,0.045904,OPT,0,B1,342,1,0
R2.5-Class5_N180M72-01,243,72,0.089411,OPT,0,B1,452,1,0
R2.5-Class5_N180M72-02,257,72,0.000165,OPT,0,B1,0,0,0
R2.5-Class5_N180M72-03,264,72,0.054754,OPT,0,B1,437,2,0
R2.5-Class5_N180M72-04,249,72,0.056563,OPT,0,B1,450,2,0
R2.5-Class5_N180M72-05,250,72,0.074473,OPT,1,NT,402,0,0
R2.5-Class5_N180M72-06,235,72,0.066851,OPT,0,B1,483,1,0
R2.5-Class5_N180M72-07,267,72,0.046813,OPT,0,B1,417,0,0
R2.5-Class5_N180M72-08,255,72,0.066637,OPT,0,B1,484,0,0
R2.5-Class5_N180M72-09,250,72,0.023143,OPT,0,B1,245,0,0
R2.5-Class5_N200M80-00,283,80,7.3e-05,OPT,0,B1,0,0,0
R2.5-Class5_N200M80-01,239,80,0.044674,OPT,0,B1,379,1,0
R2.5-Class5_N200M80-02,250,80,0.033848,OPT,0,B1,296,0,0
R2.5-Class5_N200M80-03,260,80,0.048142,OPT,0,B1,348,0,0
R2.5-Class5_N200M80-04,249,80,0.053819,OPT,0,B1,408,0,0
R2.5-Class5_N200M80-05,271,76,0.000213,OPT,0,B1,0,0,0
R2.5-Class5_N200M80-06,247,80,0.042232,OPT,0,B1,390,0,0
R2.5-Class5_N200M80-07,261,80,0.000329,OPT,0,B1,0,0,0
R2.5-Class5_N200M80-08,262,80,0.031,OPT,0,B1,288,0,0
R2.5-Class5_N200M80-09,252,80,0.054731,OPT,0,B1,372,0,0
R2.5-Class5_N20M8-00,226,8,0.007295,OPT,2,NT,46,0,0
R2.5-Class5_N20M8-01,270,8,0.005927,OPT,1,NT,42,0,0
R2.5-Class5_N20M8-02,273,8,0.008921,OPT,6,NT,51,0,0
R2.5-Class5_N20M8-03,240,8,0.006801,OPT,1,NT,40,0,0
R2.5-Class5_N20M8-04,299,8,0.005102,OPT,3,NT,26,0,0
R2.5-Class5_N20M8-05,270,8,0.028767,OPT,3,NT,54,0,0
R2.5-Class5_N20M8-06,245,8,0.006981,OPT,2,NT,45,0,0
R2.5-Class5_N20M8-07,280,8,0.00724,OPT,3,NT,58,0,0
R2.5-Class5_N20M8-08,236,8,0.007214,OPT,4,NT,53,0,0
R2.5-Class5_N20M8-09,244,8,0.007257,OPT,1,NT,51,0,0
R2.5-Class5_N40M16-00,239,16,1.9e-05,OPT,0,B1,0,0,0
R2.5-Class5_N40M16-01,250,16,0.019733,OPT,3,NT,120,7,0
R2.5-Class5_N40M16-02,253,16,0.01122,OPT,1,NT,112,0,0
R2.5-Class5_N40M16-03,257,16,0.018559,OPT,1,NT,111,6,0
R2.5-Class5_N40M16-04,269,16,0.012684,OPT,2,NT,140,0,0
R2.5-Class5_N40M16-05,227,16,0.018201,OPT,1,NT,123,1,0
R2.5-Class5_N40M16-06,287,16,0.027001,OPT,1,NT,148,3,2
R2.5-Class5_N40M16-07,260,16,0.010599,OPT,1,NT,103,0,0
R2.5-Class5_N40M16-08,269,16,0.012324,OPT,3,NT,85,5,0
R2.5-Class5_N40M16-09,248,16,0.00861,OPT,2,NT,85,0,0
R2.5-Class5_N60M24-00,268,24,0.015912,OPT,1,NT,159,0,0
R2.5-Class5_N60M24-01,281,24,0.020559,OPT,2,NT,163,2,0
R2.5-Class5_N60M24-02,245,24,0.009663,OPT,0,B1,127,0,0
R2.5-Class5_N60M24-03,235,24,0.026439,OPT,1,NT,224,7,0
R2.5-Class5_N60M24-04,262,24,0.008052,OPT,1,NT,114,0,0
R2.5-Class5_N60M24-05,266,24,0.016959,OPT,2,NT,169,0,0
R2.5-Class5_N60M24-06,271,24,0.028671,OPT,1,NT,192,0,0
R2.5-Class5_N60M24-07,271,24,0.019469,OPT,1,NT,186,0,0
R2.5-Class5_N60M24-08,239,24,0.047654,OPT,1,NT,243,6,0
R2.5-Class5_N60M24-09,230,24,0.017953,OPT,1,NT,177,0,0
R2.5-Class5_N80M32-00,268,32,0.011952,OPT,0,B1,175,0,0
R2.5-Class5_N80M32-01,233,32,0.026777,OPT,1,NT,176,0,0
R2.5-Class5_N80M32-02,274,32,5.8e-05,OPT,0,B1,0,0,0
R2.5-Class5_N80M32-03,275,32,0.052581,OPT,1,NT,265,13,0
R2.5-Class5_N80M32-04,268,32,0.029315,OPT,1,NT,232,0,0
R2.5-Class5_N80M32-05,265,32,0.024776,OPT,0,B1,217,4,0
R2.5-Class5_N80M32-06,238,32,0.019976,OPT,0,B1,182,3,0
R2.5-Class5_N80M32-07,227,32,0.029557,OPT,0,B1,211,2,0
R2.5-Class5_N80M32-08,240,32,0.049183,OPT,1,NT,255,5,0
R2.5-Class5_N80M32-09,274,32,0.045248,OPT,0,B1,223,2,0
