R2-Class6_N100M50-00,514,50,0.01057,OPT,13,NT,80,0,0
R2-Class6_N100M50-01,530,50,0.009991,OPT,13,NT,104,0,0
R2-Class6_N100M50-02,516,50,0.038328,OPT,26,NT,119,0,0
R2-Class6_N100M50-03,509,50,0.011386,OPT,16,NT,87,0,0
R2-Class6_N100M50-04,537,50,0.013236,OPT,24,NT,113,0,0
R2-Class6_N100M50-05,530,50,0.013889,OPT,16,NT,104,0,0
R2-Class6_N100M50-06,486,50,0.013231,OPT,11,NT,158,0,0
R2-Class6_N100M50-07,525,50,0.01154,OPT,16,NT,116,0,0
R2-Class6_N100M50-08,511,50,0.011231,OPT,15,NT,101,0,0
R2-Class6_N100M50-09,555,50,0.011724,OPT,29,NT,93,0,0
R2-Class6_N120M60-00,646,60,0.035802,OPT,36,NT,71,0,0
R2-Class6_N120M60-01,689,60,0.010716,OPT,50,NT,116,0,0
R2-Class6_N120M60-02,601,60,0.016048,OPT,12,NT,178,0,0
R2-Class6_N120M60-03,614,60,0.026106,OPT,11,NT,230,0,0
R2-Class6_N120M60-04,618,60,0.055122,OPT,15,NT,105,0,0
R2-Class6_N120M60-05,606,60,0.011361,OPT,13,NT,107,0,0
R2-Class6_N120M60-06,597,60,0.032874,OPT,20,NT,217,0,0
R2-Class6_N120M60-07,619,60,0.023538,OPT,19,NT,156,0,0
R2-Class6_N120M60-08,608,60,0.013949,OPT,14,NT,130,0,0
R2-Class6_N120M60-09,588,60,0.021223,OPT,20,NT,178,0,0
R2-Class6_N140M70-00,747,70,0.020281,OPT,28,NT,166,0,0
R2-Class6_N140M70-01,729,70,0.018018,OPT,21,NT,146,0,0
R2-Class6_N140M70-02,707,70,0.044652,OPT,15,NT,172,0,0
R2-Class6_N140M70-03,684,70,0.05121,OPT,18,NT,301,1,0
R2-Class6_N140M70-04,733,70,0.020439,OPT,47,NT,95,0,0
R2-Class6_N140M70-05,704,70,0.019731,OPT,17,NT,136,0,0
R2-Class6_N140M70-06,761,70,0.039201,OPT,30,NT,162,0,0
R2-Class6_N140M70-07,690,70,0.028481,OPT,15,NT,210,0,0
R2-Class6_N140M70-08,716,70,0.054997,OPT,13,NT,211,0,0
R2-Class6_N140M70-09,700,70,0.059096,OPT,27,NT,340,0,0
R2-Class6_N160M80-00,801,80,0.022869,OPT,19,NT,204,0,0
R2-Class6_N160M80-01,849,80,0.018414,OPT,31,NT,131,0,0
R2-Class6_N160M80-02,803,80,0.042403,OPT,14,NT,122,0,0
R2-Class6_N160M80-03,902,80,0.023806,OPT,43,NT,146,0,0
R2-Class6_N160M80-04,793,80,0.019293,OPT,21,NT,146,0,0
R2-Class6_N160M80-05,810,80,0.016343,OPT,14,NT,124,0,0
R2-Class6_N160M80-06,845,80,0.017656,OPT,31,NT,147,0,0
R2-Class6_N160M80-07,787,80,0.04384,OPT,20,NT,317,0,0
R2-Class6_N160M80-08,842,80,0.016167,OPT,20,NT,151,0,0
R2-Class6_N160M80-09,809,80,0.019586,OPT,14,NT,203,0,0
R2-Class6_N180M90-00,983,90,0.020783,OPT,37,NT,178,0,0
R2-Class6_N180M90-01,943,90,0.019387,OPT,27,NT,91,0,0
R2-Class6_N180M90-02,911,90,0.068852,OPT,23,NT,444,0,0
R2-Class6_N180M90-03,913,90,0.0278,OPT,19,NT,216,0,0
R2-Class6_N180M90-04,882,90,0.049124,OPT,25,NT,360,0,0
R2-Class6_N180M90-05,887,90,0.029164,OPT,15,NT,224,0,0
R2-Class6_N180M90-06,965,90,0.022636,OPT,30,NT,152,0,0
R2-Class6_N180M90-07,931,90,0.021581,OPT,20,NT,181,0,0
R2-Class6_N180M90-08,899,90,0.024897,OPT,24,NT,117,0,0
R2-Class6_N180M90-09,934,90,0.021137,OPT,30,NT,176,0,0
R2-Class6_N200M100-00,1035,100,0.026214,OPT,26,NT,210,0,0
R2-Class6_N200M100-01,997,100,0.029817,OPT,15,NT,276,0,0
R2-Class6_N200M100-02,1011,100,0.022735,OPT,17,NT,205,0,0
R2-Class6_N200M100-03,994,100,0.028721,OPT,22,NT,223,0,0
R2-Class6_N200M100-04,974,100,0.083931,OPT,18,NT,556,0,0
R2-Class6_N200M100-05,1042,100,0.032173,OPT,23,NT,245,0,0
R2-Class6_N200M100-06,973,100,0.055258,OPT,32,NT,255,0,0
R2-Class6_N200M100-07,1011,100,0.025234,OPT,27,NT,160,0,0
R2-Class6_N200M100-08,1016,100,0.025504,OPT,12,NT,249,0,0
R2-Class6_N200M100-09,1010,100,0.024222,OPT,24,NT,151,0,0
R2-Class6_N20M10-00,97,10,0.002703,OPT,3,NT,21,0,0
R2-Class6_N20M10-01,100,10,0.002887,OPT,5,NT,18,0,0
R2-Class6_N20M10-02,111,10,0.003216,OPT,7,NT,17,0,0
R2-Class6_N20M10-03,115,10,0.002718,OPT,11,NT,16,0,0
R2-Class6_N20M10-04,109,10,0.002185,OPT,5,NT,11,0,0
R2-Class6_N20M10-05,117,10,0.0024,OPT,5,NT,15,0,0
R2-Class6_N20M10-06,114,10,0.002893,OPT,4,NT,18,0,0
R2-Class6_N20M10-07,102,10,0.002522,OPT,14,NT,7,0,0
R2-Class6_N20M10-08,108,10,0.002404,OPT,11,NT,9,0,0
R2-Class6_N20M10-09,125,10,0.003142,OPT,11,NT,17,0,0
R2-Class6_N40M20-00,194,20,0.006442,OPT,6,NT,66,0,0
R2-Class6_N40M20-01,229,20,0.004195,OPT,10,NT,11,0,0
R2-Class6_N40M20-02,235,20,0.004942,OPT,16,NT,33,0,0
R2-Class6_N40M20-03,216,20,0.004143,OPT,11,NT,34,0,0
R2-Class6_N40M20-04,227,20,0.005578,OPT,14,NT,34,0,0
R2-Class6_N40M20-05,224,20,0.005699,OPT,9,NT,24,0,0
R2-Class6_N40M20-06,217,20,0.004517,OPT,11,NT,40,0,0
R2-Class6_N40M20-07,192,20,0.00653,OPT,7,NT,30,0,0
R2-Class6_N40M20-08,208,20,0.027017,OPT,9,NT,66,0,0
R2-Class6_N40M20-09,241,20,0.005455,OPT,15,NT,30,0,0
R2-Class6_N60M30-00,313,30,0.006389,OPT,14,NT,44,0,0
R2-Class6_N60M30-01,302,30,0.009507,OPT,8,NT,86,0,0
R2-Class6_N60M30-02,317,30,0.004584,OPT,11,NT,38,0,0
R2-Class6_N60M30-03,306,30,0.004652,OPT,5,NT,57,0,0
R2-Class6_N60M30-04,293,30,0.013115,OPT,11,NT,85,0,0
R2-Class6_N60M30-05,306,30,0.005582,OPT,8,NT,64,0,0
R2-Class6_N60M30-06,304,30,0.031054,OPT,9,NT,69,0,0
R2-Class6_N60M30-07,295,30,0.016554,OPT,11,NT,106,0,0
R2-Class6_N60M30-08,299,30,0.006298,OPT,9,NT,66,0,0
R2-Class6_N60M30-09,315,30,0.006665,OPT,13,NT,44,0,0
R2-Class6_N80M40-00,396,40,0.011067,OPT,12,NT,99,0,0
R2-Class6_N80M40-01,400,40,0.01122,OPT,12,NT,104,0,0
R2-Class6_N80M40-02,422,40,0.00864,OPT,16,NT,55,0,0
R2-Class6_N80M40-03,421,40,0.008745,OPT,21,NT,59,0,0
R2-Class6_N80M40-04,457,40,0.01098,OPT,39,NT,55,0,0
R2-Class6_N80M40-05,375,40,0.009938,OPT,14,NT,91,0,0
R2-Class6_N80M40-06,412,40,0.010303,OPT,12,NT,81,0,0
R2-Class6_N80M40-07,409,40,0.015199,OPT,13,NT,107,0,0
R2-Class6_N80M40-08,413,40,0.008309,OPT,10,NT,69,0,0
R2-Class6_N80M40-09,416,40,0.008768,OPT,15,NT,67,0,0
