R2.25-Class7_N108M48-00,972,48,0.117402,OPT,4,NT,320,6,0
R2.25-Class7_N108M48-01,970,48,0.051041,OPT,9,NT,315,2,0
R2.25-Class7_N108M48-02,994,48,0.089979,OPT,23,NT,415,0,0
R2.25-Class7_N108M48-03,987,48,0.055733,OPT,22,NT,296,0,0
R2.25-Class7_N108M48-04,994,48,0.097411,OPT,23,NT,511,0,0
R2.25-Class7_N108M48-05,1011,48,0.090179,OPT,7,NT,341,3,0
R2.25-Class7_N108M48-06,1006,48,0.097176,OPT,9,NT,438,2,0
R2.25-Class7_N108M48-07,1017,48,0.117382,OPT,35,NT,610,4,0
R2.25-Class7_N108M48-08,1036,48,0.116337,OPT,39,NT,404,8,0
R2.25-Class7_N108M48-09,998,48,0.059313,OPT,17,NT,355,3,0
R2.25-Class7_N126M56-00,1175,56,0.110569,OPT,19,NT,498,0,0
R2.25-Class7_N126M56-01,1178,56,0.081326,OPT,48,NT,355,0,0
R2.25-Class7_N126M56-02,1125,56,0.186419,OPT,20,NT,801,4,0
R2.25-Class7_N126M56-03,1178,56,0.125022,OPT,6,NT,457,20,0
R2.25-Class7_N126M56-04,1132,56,0.12588,OPT,7,NT,483,8,0
R2.25-Class7_N126M56-05,1112,56,0.110654,OPT,17,NT,505,14,0
R2.25-Class7_N126M56-06,1156,56,0.17135,OPT,6,NT,498,9,0
R2.25-Class7_N126M56-07,1170,56,0.302955,OPT,6,NT,512,19,10
R2.25-Class7_N126M56-08,1159,56,0.130108,OPT,11,NT,539,12,0
R2.25-Class7_N126M56-09,1160,56,0.067486,OPT,22,NT,434,0,0
R2.25-Class7_N144M64-00,1290,64,0.176976,OPT,7,NT,640,9,0
R2.25-Class7_N144M64-01,1337,64,0.190546,OPT,7,NT,669,17,0
R2.25-Class7_N144M64-02,1278,64,0.129082,OPT,5,NT,676,5,0
R2.25-Class7_N144M64-03,1304,64,0.147769,OPT,6,NT,590,13,0
R2.25-Class7_N144M64-04,1355,64,0.108079,OPT,22,NT,489,0,0
R2.25-Class7_N144M64-05,1316,64,0.119403,OPT,9,NT,648,7,0
R2.25-Class7_N144M64-06,1314,64,0.116183,OPT,7,NT,501,6,0
R2.25-Class7_N144M64-07,1308,64,0.092328,OPT,9,NT,582,0,0
R2.25-Class7_N144M64-08,1312,64,0.311173,OPT,22,NT,1055,10,0
R2.25-Class7_N144M64-09,1284,64,0.195934,OPT,11,NT,540,8,0
R2.25-Class7_N162M72-00,1445,72,0.307195,OPT,11,NT,887,25,0
R2.25-Class7_N162M72-01,1478,72,0.282615,OPT,33,NT,864,10,0
R2.25-Class7_N162M72-02,1421,72,0.247847,OPT,8,NT,840,12,0
R2.25-Class7_N162M72-03,1475,72,0.155826,OPT,12,NT,660,2,0
R2.25-Class7_N162M72-04,1461,72,0.287409,OPT,20,NT,1143,25,0
R2.25-Class7_N162M72-05,1518,72,0.193876,OPT,49,NT,1017,0,0
R2.25-Class7_N162M72-06,1447,72,0.370871,OPT,12,NT,926,21,0
R2.25-Class7_N162M72-07,1506,72,0.376597,OPT,42,NT,1154,9,0
R2.25-Class7_N162M72-08,1461,72,0.242406,OPT,11,NT,674,21,0
R2.25-Class7_N162M72-09,1500,72,0.194738,OPT,24,NT,1112,0,0
R2.25-Class7_N180M80-00,1636,80,0.226384,OPT,9,NT,919,13,0
R2.25-Class7_N180M80-01,1568,80,0.18597,OPT,3,NT,839,11,0
R2.25-Class7_N180M80-02,1626,80,0.679751,OPT,52,NT,1410,37,30
R2.25-Class7_N180M80-03,1616,80,0.135124,OPT,5,NT,694,6,0
R2.25-Class7_N180M80-04,1599,80,0.240316,OPT,14,NT,884,9,0
R2.25-Class7_N180M80-05,1661,80,0.30898,OPT,36,NT,1356,4,0
R2.25-Class7_N180M80-06,1641,80,0.317484,OPT,30,NT,1233,4,0
R2.25-Class7_N180M80-07,1655,80,0.318421,OPT,39,NT,1202,2,0
R2.25-Class7_N180M80-08,1638,80,0.276582,OPT,29,NT,1294,5,0
R2.25-Class7_N180M80-09,1607,80,0.339161,OPT,19,NT,1194,8,0
R2.25-Class7_N198M88-00,1802,88,0.447995,OPT,22,NT,1744,8,0
R2.25-Class7_N198M88-01,1864,88,0.740382,OPT,37,NT,1952,22,0
R2.25-Class7_N198M88-02,1855,88,0.496485,OPT,25,NT,1828,6,0
R2.25-Class7_N198M88-03,1748,88,0.394993,OPT,9,NT,1166,16,0
R2.25-Class7_N198M88-04,1810,88,0.468078,OPT,26,NT,1621,2,0
R2.25-Class7_N198M88-05,1784,88,0.365282,OPT,27,NT,1498,1,0
R2.25-Class7_N198M88-06,1758,88,0.290228,OPT,19,NT,1201,2,0
R2.25-Class7_N198M88-07,1776,88,0.28859,OPT,18,NT,1322,11,0
R2.25-Class7_N198M88-08,1791,88,0.275117,OPT,40,NT,1204,7,0
R2.25-Class7_N198M88-09,1813,88,0.328977,OPT,12,NT,1063,21,0
R2.25-Class7_N36M16-00,333,16,0.013713,OPT,9,NT,86,3,0
R2.25-Class7_N36M16-01,334,16,0.013229,OPT,9,NT,75,0,0
R2.25-Class7_N36M16-02,368,16,0.008723,OPT,40,NT,41,0,0
R2.25-Class7_N36M16-03,332,16,0.006013,OPT,12,NT,52,0,0
R2.25-Class7_N36M16-04,305,16,0.010098,OPT,3,NT,77,0,0
R2.25-Class7_N36M16-05,316,16,0.009837,OPT,5,NT,55,0,0
R2.25-Class7_N36M16-06,316,16,0.009432,OPT,3,NT,78,0,0
R2.25-Class7_N36M16-07,338,16,0.036887,OPT,4,NT,77,1,0
R2.25-Class7_N36M16-08,321,16,0.005815,OPT,7,NT,53,0,0
R2.25-Class7_N36M16-09,343,16,0.010266,OPT,9,NT,68,2,0
R2.25-Class7_N54M24-00,512,24,0.026799,OPT,7,NT,158,2,0
R2.25-Class7_N54M24-01,484,24,0.01806,OPT,6,NT,124,0,0
R2.25-Class7_N54M24-02,493,24,0.015061,OPT,5,NT,152,0,0
R2.25-Class7_N54M24-03,526,24,0.036994,OPT,27,NT,89,0,0
R2.25-Class7_N54M24-04,493,24,0.047836,OPT,5,NT,174,1,0
R2.25-Class7_N54M24-05,522,24,0.013092,OPT,18,NT,120,0,0
R2.25-Class7_N54M24-06,554,24,0.02346,OPT,24,NT,192,0,0
R2.25-Class7_N54M24-07,502,24,0.01465,OPT,8,NT,124,0,0
R2.25-Class7_N54M24-08,514,24,0.016898,OPT,7,NT,135,0,0
R2.25-Class7_N54M24-09,504,24,0.021382,OPT,22,NT,187,0,0
R2.25-Class7_N72M32-00,726,32,0.012966,OPT,25,NT,93,0,0
R2.25-Class7_N72M32-01,691,32,0.03401,OPT,30,NT,165,0,0
R2.25-Class7_N72M32-02,621,32,0.026442,OPT,6,NT,209,0,0
R2.25-Class7_N72M32-03,714,32,0.056358,OPT,48,NT,150,0,0
R2.25-Class7_N72M32-04,673,32,0.04197,OPT,17,NT,292,4,0
R2.25-Class7_N72M32-05,692,32,0.074603,OPT,44,NT,290,0,0
R2.25-Class7_N72M32-06,629,32,0.057547,OPT,4,NT,237,6,0
R2.25-Class7_N72M32-07,664,32,0.031907,OPT,10,NT,221,3,0
R2.25-Class7_N72M32-08,640,32,0.05829,OPT,21,NT,366,0,0
R2.25-Class7_N72M32-09,649,32,0.071111,OPT,19,NT,286,0,0
R2.25-Class7_N90M40-00,797,40,0.057221,OPT,4,NT,327,9,0
R2.25-Class7_N90M40-01,854,40,0.112844,OPT,21,NT,349,0,0
R2.25-Class7_N90M40-02,826,40,0.389565,OPT,6,NT,342,29,30
R2.25-Class7_N90M40-03,822,40,0.048836,OPT,5,NT,310,6,0
R2.25-Class7_N90M40-04,886,40,0.058194,OPT,26,NT,352,0,0
R2.25-Class7_N90M40-05,873,40,0.076584,OPT,21,NT,459,1,0
R2.25-Class7_N90M40-06,864,40,0.091093,OPT,16,NT,428,6,0
R2.25-Class7_N90M40-07,808,40,0.043645,OPT,6,NT,199,7,0
R2.25-Class7_N90M40-08,854,40,0.035684,OPT,19,NT,192,4,0
R2.25-Class7_N90M40-09,825,40,0.038839,OPT,19,NT,212,0,0
