R3-Class2_N108M36-00,169,36,0.030606,OPT,0,B1,262,1,0
R3-Class2_N108M36-01,179,36,0.037707,OPT,0,B1,292,0,0
R3-Class2_N108M36-02,176,36,0.092096,OPT,0,B1,256,0,0
R3-Class2_N108M36-03,171,36,0.063574,OPT,0,B1,268,0,0
R3-Class2_N108M36-04,177,36,0.017524,OPT,0,B1,210,0,0
R3-Class2_N108M36-05,185,36,0.051849,OPT,0,B1,210,0,0
R3-Class2_N108M36-06,179,36,0.020836,OPT,0,B1,183,0,0
R3-Class2_N108M36-07,191,36,0.023326,OPT,0,B1,197,1,0
R3-Class2_N108M36-08,179,36,0.045192,OPT,0,B1,249,0,0
R3-Class2_N108M36-09,173,36,0.026124,OPT,0,B1,199,0,0
R3-Class2_N126M42-00,182,42,0.036541,OPT,0,B1,260,0,0
R3-Class2_N126M42-01,171,42,0.021832,OPT,0,B1,218,0,0
R3-Class2_N126M42-02,188,42,0.017433,OPT,0,B1,161,0,0
R3-Class2_N126M42-03,179,42,0.030341,OPT,0,B1,244,0,0
R3-Class2_N126M42-04,167,42,0.03425,OPT,0,B1,272,1,0
R3-Class2_N126M42-05,186,42,0.033535,OPT,0,B1,254,1,0
R3-Class2_N126M42-06,186,42,0.039119,OPT,0,B1,274,0,0
R3-Class2_N126M42-07,184,42,0.033198,OPT,0,B1,231,0,0
R3-Class2_N126M42-08,180,42,0.027952,OPT,0,B1,239,0,0
R3-Class2_N126M42-09,192,42,0.031434,OPT,0,B1,267,0,0
R3-Class2_N144M48-00,183,48,0.0741,OPT,0,B1,210,0,0
R3-Class2_N144M48-01,178,48,0.033569,OPT,0,B1,281,0,0
R3-Class2_N144M48-02,188,48,0.033015,OPT,0,B1,251,0,0
R3-Class2_N144M48-03,177,48,0.026225,OPT,0,B1,220,0,0
R3-Class2_N144M48-04,185,48,0.036272,OPT,0,B1,311,0,0
R3-Class2_N144M48-05,177,48,0.034778,OPT,0,B1,244,0,0
R3-Class2_N144M48-06,179,48,0.034986,OPT,0,B1,284,0,0
R3-Class2_N144M48-07,179,48,0.026501,OPT,0,B1,209,0,0
R3-Class2_N144M48-08,176,48,0.026799,OPT,0,B1,220,1,0
R3-Class2_N144M48-09,180,48,0.064327,OPT,0,B1,290,0,0
R3-Class2_N162M54-00,173,54,0.017166,OPT,0,B1,209,0,0
R3-Class2_N162M54-01,181,54,0.032524,OPT,0,B1,250,1,0
R3-Class2_N162M54-02,186,54,0.057617,OPT,0,B1,288,0,0
R3-Class2_N162M54-03,178,54,0.028661,OPT,0,B1,274,0,0
R3-Class2_N162M54-04,182,54,0.034702,OPT,0,B1,264,0,0
R3-Class2_N162M54-05,173,54,0.075049,OPT,0,B1,228,1,0
R3-Class2_N162M54-06,183,54,0.034213,OPT,0,B1,257,0,0
R3-Class2_N162M54-07,186,54,0.02987,OPT,0,B1,281,0,0
R3-Class2_N162M54-08,177,54,0.021846,OPT,0,B1,231,0,0
R3-Class2_N162M54-09,175,54,0.031912,OPT,0,B1,251,0,0
R3-Class2_N180M60-00,175,60,0.040076,OPT,0,B1,305,0,0
R3-Class2_N180M60-01,187,60,0.02854,OPT,0,B1,289,0,0
R3-Class2_N180M60-02,183,60,0.106189,OPT,0,B1,360,0,0
R3-Class2_N180M60-03,176,60,0.032082,OPT,0,B1,228,0,0
R3-Class2_N180M60-04,188,60,0.057652,OPT,0,B1,258,0,0
R3-Class2_N180M60-05,186,60,0.023119,OPT,0,B1,266,0,0
R3-Class2_N180M60-06,175,60,0.039688,OPT,0,B1,291,1,0
R3-Class2_N180M60-07,173,60,0.031288,OPT,0,B1,286,0,0
R3-Class2_N180M60-08,178,60,0.058394,OPT,0,B1,247,0,0
R3-Class2_N180M60-09,178,60,0.039125,OPT,0,B1,309,0,0
R3-Class2_N198M66-00,180,66,0.028324,OPT,0,B1,259,0,0
R3-Class2_N198M66-01,192,66,0.037124,OPT,0,B1,281,0,0
R3-Class2_N198M66-02,179,66,0.048251,OPT,0,B1,261,0,0
R3-Class2_N198M66-03,180,66,0.02745,OPT,0,B1,253,0,0
R3-Class2_N198M66-04,181,66,0.027094,OPT,0,B1,263,0,0
R3-Class2_N198M66-05,189,66,0.040877,OPT,0,B1,243,0,0
R3-Class2_N198M66-06,181,66,0.024097,OPT,0,B1,258,0,0
R3-Class2_N198M66-07,176,66,0.037321,OPT,0,B1,277,0,0
R3-Class2_N198M66-08,180,66,0.033725,OPT,0,B1,290,0,0
R3-Class2_N198M66-09,171,66,0.036813,OPT,0,B1,319,0,0
R3-Class2_N36M12-00,183,12,0.010665,OPT,0,B1,105,2,0
R3-Class2_N36M12-01,196,12,0.00923,OPT,0,B1,95,0,0
R3-Class2_N36M12-02,179,12,0.005853,OPT,0,B1,77,0,0
R3-Class2_N36M12-03,191,12,0.006129,OPT,0,B1,74,0,0
R3-Class2_N36M12-04,176,12,0.009293,OPT,0,B1,110,0,0
R3-Class2_N36M12-05,194,12,0.008309,OPT,0,B1,96,0,0
R3-Class2_N36M12-06,193,12,0.008201,OPT,0,B1,91,0,0
R3-Class2_N36M12-07,160,12,0.01042,OPT,0,B1,107,0,0
R3-Class2_N36M12-08,182,12,0.009524,OPT,0,B1,101,0,0
R3-Class2_N36M12-09,189,12,0.005776,OPT,0,B1,87,0,0
R3-Class2_N54M18-00,184,18,0.008328,OPT,0,B1,118,0,0
R3-Class2_N54M18-01,181,18,0.01018,OPT,0,B1,134,0,0
R3-Class2_N54M18-02,169,18,0.008068,OPT,0,B1,102,0,0
R3-Class2_N54M18-03,183,18,0.009644,OPT,0,B1,113,0,0
R3-Class2_N54M18-04,183,18,0.015894,OPT,0,B1,141,2,0
R3-Class2_N54M18-05,168,18,0.021828,OPT,0,B1,152,0,0
R3-Class2_N54M18-06,180,18,0.017356,OPT,0,B1,148,2,0
R3-Class2_N54M18-07,174,18,0.027369,OPT,0,B1,181,5,0
R3-Class2_N54M18-08,190,18,0.044217,OPT,0,B1,157,4,0
R3-Class2_N54M18-09,187,18,0.014093,OPT,0,B1,127,0,0
R3-Class2_N72M24-00,188,24,0.013137,OPT,0,B1,136,1,0
R3-Class2_N72M24-01,181,24,0.022635,OPT,0,B1,186,9,0
R3-Class2_N72M24-02,191,24,0.020007,OPT,0,B1,156,0,0
R3-Class2_N72M24-03,170,24,0.016274,OPT,0,B1,167,0,0
R3-Class2_N72M24-04,184,24,0.029183,OPT,0,B1,238,0,0
R3-Class2_N72M24-05,177,24,0.014243,OPT,0,B1,160,0,0
R3-Class2_N72M24-06,175,24,0.019795,OPT,0,B1,191,0,0
R3-Class2_N72M24-07,183,24,0.014516,OPT,0,B1,169,0,0
R3-Class2_N72M24-08,181,24,0.022183,OPT,0,B1,183,0,0
R3-Class2_N72M24-09,184,24,0.01434,OPT,0,B1,139,0,0
R3-Class2_N90M30-00,176,30,0.018811,OPT,0,B1,185,0,0
R3-Class2_N90M30-01,190,30,0.04793,OPT,0,B1,150,1,0
R3-Class2_N90M30-02,167,30,0.013807,OPT,0,B1,151,2,0
R3-Class2_N90M30-03,183,30,0.058718,OPT,0,B1,236,2,0
R3-Class2_N90M30-04,194,30,0.044461,OPT,0,B1,206,0,0
R3-Class2_N90M30-05,184,30,0.039543,OPT,0,B1,263,2,0
R3-Class2_N90M30-06,179,30,0.015903,OPT,0,B1,184,0,0
R3-Class2_N90M30-07,187,30,0.029811,OPT,0,B1,249,0,0
R3-Class2_N90M30-08,174,30,0.020394,OPT,0,B1,207,0,0
R3-Class2_N90M30-09,181,30,0.02983,OPT,0,B1,240,1,0
