R2.5-Class1_N100M40-00,134,40,0.004998,OPT,2,NT,26,0,0
R2.5-Class1_N100M40-01,129,40,0.000396,OPT,0,B1,0,0,0
R2.5-Class1_N100M40-02,133,40,0.013369,OPT,0,B1,95,0,0
R2.5-Class1_N100M40-03,135,40,0.006709,OPT,1,NT,51,0,0
R2.5-Class1_N100M40-04,140,40,0.000183,OPT,0,B1,0,0,0
R2.5-Class1_N100M40-05,135,40,0.008927,OPT,2,NT,97,0,0
R2.5-Class1_N100M40-06,125,40,0.016903,OPT,0,B1,137,0,0
R2.5-Class1_N100M40-07,119,40,0.014638,OPT,0,B1,126,0,0
R2.5-Class1_N100M40-08,128,40,0.025686,OPT,0,B1,166,0,0
R2.5-Class1_N100M40-09,132,40,0.004477,OPT,1,NT,31,0,0
R2.5-Class1_N120M48-00,125,48,0.013358,OPT,0,B1,124,0,0
R2.5-Class1_N120M48-01,125,48,0.013516,OPT,0,B1,155,0,0
R2.5-Class1_N120M48-02,120,48,0.000202,OPT,0,B1,0,0,0
R2.5-Class1_N120M48-03,134,48,0.000212,OPT,0,B1,0,0,0
R2.5-Class1_N120M48-04,130,48,0.000242,OPT,0,B1,0,0,0
R2.5-Class1_N120M48-05,129,48,0.017489,OPT,0,B1,142,0,0
R2.5-Class1_N120M48-06,120,48,0.038247,OPT,0,B1,148,1,0
R2.5-Class1_N120M48-07,119,48,0.000269,OPT,0,B1,0,0,0
R2.5-Class1_N120M48-08,130,48,0.000216,OPT,0,B1,0,0,0
R2.5-Class1_N120M48-09,130,48,0.01345,OPT,0,B1,125,0,0
R2.5-Class1_N140M56-00,145,56,0.007627,OPT,1,NT,69,0,0
R2.5-Class1_N140M56-01,131,56,0.035912,OPT,0,B1,234,2,0
R2.5-Class1_N140M56-02,123,56,0.000255,OPT,0,B1,0,0,0
R2.5-Class1_N140M56-03,123,56,0.000238,OPT,0,B1,0,0,0
R2.5-Class1_N140M56-04,129,56,0.000273,OPT,0,B1,0,0,0
R2.5-Class1_N140M56-05,141,56,0.036328,OPT,0,B1,108,0,0
R2.5-Class1_N140M56-06,130,56,0.053369,OPT,0,B1,202,0,0
R2.5-Class1_N140M56-07,126,56,0.019686,OPT,0,B1,153,2,0
R2.5-Class1_N140M56-08,127,56,0.000305,OPT,0,B1,0,0,0
R2.5-Class1_N140M56-09,127,56,0.000382,OPT,0,B1,0,0,0
R2.5-Class1_N160M64-00,130,64,0.000299,OPT,0,B1,0,0,0
R2.5-Class1_N160M64-01,135,64,0.000276,OPT,0,B1,0,0,0
R2.5-Class1_N160M64-02,132,64,0.000311,OPT,0,B1,0,0,0
R2.5-Class1_N160M64-03,137,64,0.000288,OPT,0,B1,0,0,0
R2.5-Class1_N160M64-04,125,64,0.033621,OPT,0,B1,195,0,0
R2.5-Class1_N160M64-05,131,64,0.000394,OPT,0,B1,0,0,0
R2.5-Class1_N160M64-06,114,64,0.000543,OPT,0,B1,0,0,0
R2.5-Class1_N160M64-07,119,64,0.014857,OPT,0,B1,126,0,0
R2.5-Class1_N160M64-08,126,64,0.000268,OPT,0,B1,0,0,0
R2.5-Class1_N160M64-09,123,64,0.000339,OPT,0,B1,0,0,0
R2.5-Class1_N180M72-00,119,72,0.031553,OPT,0,B1,200,0,0
R2.5-Class1_N180M72-01,134,72,0.000352,OPT,0,B1,0,0,0
R2.5-Class1_N180M72-02,124,72,0.000603,OPT,0,B1,0,0,0
R2.5-Class1_N180M72-03,125,72,0.015433,OPT,0,B1,142,0,0
R2.5-Class1_N180M72-04,115,72,0.017253,OPT,0,B1,171,0,0
R2.5-Class1_N180M72-05,130,72,0.021173,OPT,0,B1,178,0,0
R2.5-Class1_N180M72-06,128,72,0.000531,OPT,0,B1,0,0,0
R2.5-Class1_N180M72-07,127,72,0.0004,OPT,0,B1,0,0,0
R2.5-Class1_N180M72-08,124,72,0.000287,OPT,0,B1,0,0,0
R2.5-Class1_N180M72-09,126,72,0.000304,OPT,0,B1,0,0,0
R2.5-Class1_N200M80-00,142,80,0.017304,OPT,0,B1,141,0,0
R2.5-Class1_N200M80-01,118,80,0.000322,OPT,0,B1,0,0,0
R2.5-Class1_N200M80-02,127,80,0.000411,OPT,0,B1,0,0,0
R2.5-Class1_N200M80-03,125,80,0.011685,OPT,0,B1,101,0,0
R2.5-Class1_N200M80-04,126,80,0.000369,OPT,0,B1,0,0,0
R2.5-Class1_N200M80-05,118,79,0.005934,OPT,3,NT,29,0,0
R2.5-Class1_N200M80-06,128,80,0.000412,OPT,0,B1,0,0,0
R2.5-Class1_N200M80-07,126,80,0.000567,OPT,0,B1,0,0,0
R2.5-Class1_N200M80-08,134,80,0.000301,OPT,0,B1,0,0,0
R2.5-Class1_N200M80-09,123,80,0.017849,OPT,0,B1,162,0,0
R2.5-Class1_N20M8-00,130,8,0.002589,OPT,1,NT,33,0,0
R2.5-Class1_N20M8-01,138,8,0.00198,OPT,6,NT,6,0,0
R2.5-Class1_N20M8-02,111,8,0.004106,OPT,1,NT,35,0,0
R2.5-Class1_N20M8-03,127,8,0.003238,OPT,10,NT,8,0,0
R2.5-Class1_N20M8-04,109,8,0.004985,OPT,1,NT,37,0,0
R2.5-Class1_N20M8-05,130,8,0.00267,OPT,9,NT,7,0,0
R2.5-Class1_N20M8-06,130,8,0.005286,OPT,1,NT,43,0,0
R2.5-Class1_N20M8-07,117,8,0.002768,OPT,1,NT,32,0,0
R2.5-Class1_N20M8-08,141,8,0.004915,OPT,2,NT,36,0,0
R2.5-Class1_N20M8-09,108,8,0.002666,OPT,0,B1,27,0,0
R2.5-Class1_N40M16-00,130,16,0.023937,OPT,8,NT,26,0,0
R2.5-Class1_N40M16-01,135,16,0.008267,OPT,1,NT,78,0,0
R2.5-Class1_N40M16-02,134,16,0.007966,OPT,2,NT,72,0,0
R2.5-Class1_N40M16-03,132,16,0.003598,OPT,3,NT,33,0,0
R2.5-Class1_N40M16-04,128,16,0.008567,OPT,1,NT,71,0,0
R2.5-Class1_N40M16-05,135,16,0.005127,OPT,9,NT,25,0,0
R2.5-Class1_N40M16-06,136,16,0.004087,OPT,2,NT,44,0,0
R2.5-Class1_N40M16-07,123,16,0.003147,OPT,2,NT,29,0,0
R2.5-Class1_N40M16-08,115,16,0.003759,OPT,8,NT,5,0,0
R2.5-Class1_N40M16-09,130,16,0.01075,OPT,1,NT,80,0,0
R2.5-Class1_N60M24-00,130,24,0.012921,OPT,0,B1,128,2,0
R2.5-Class1_N60M24-01,128,24,0.000188,OPT,0,B1,0,0,0
R2.5-Class1_N60M24-02,114,24,0.000123,OPT,0,B1,0,0,0
R2.5-Class1_N60M24-03,118,24,0.000168,OPT,0,B1,0,0,0
R2.5-Class1_N60M24-04,108,24,0.000142,OPT,0,B1,0,0,0
R2.5-Class1_N60M24-05,126,24,0.003484,OPT,3,NT,30,0,0
R2.5-Class1_N60M24-06,142,24,0.005227,OPT,5,NT,36,0,0
R2.5-Class1_N60M24-07,114,24,0.039049,OPT,0,B1,115,0,0
R2.5-Class1_N60M24-08,130,24,0.012846,OPT,1,NT,130,0,0
R2.5-Class1_N60M24-09,124,24,0.013319,OPT,0,B1,103,1,0
R2.5-Class1_N80M32-00,133,32,0.003815,OPT,3,NT,33,0,0
R2.5-Class1_N80M32-01,134,32,0.005358,OPT,5,NT,24,0,0
R2.5-Class1_N80M32-02,132,32,0.000172,OPT,0,B1,0,0,0
R2.5-Class1_N80M32-03,148,32,0.006497,OPT,5,NT,44,0,0
R2.5-Class1_N80M32-04,144,32,0.020112,OPT,0,B1,184,0,0
R2.5-Class1_N80M32-05,132,32,0.009399,OPT,0,B1,98,0,0
R2.5-Class1_N80M32-06,148,32,0.005671,OPT,6,NT,40,0,0
R2.5-Class1_N80M32-07,134,32,0.004866,OPT,2,NT,43,0,0
R2.5-Class1_N80M32-08,132,32,0.011953,OPT,0,B1,127,0,0
R2.5-Class1_N80M32-09,140,32,0.00682,OPT,4,NT,51,0,0
