R2.5-Class7_N100M40-00,966,40,0.096889,OPT,2,NT,485,2,0
R2.5-Class7_N100M40-01,1060,40,0.42012,OPT,37,NT,1631,20,0
R2.5-Class7_N100M40-02,1041,40,0.168308,OPT,3,NT,595,19,0
R2.5-Class7_N100M40-03,995,40,0.11308,OPT,5,NT,639,0,0
R2.5-Class7_N100M40-04,985,40,0.24504,OPT,7,NT,719,22,0
R2.5-Class7_N100M40-05,993,40,0.263711,OPT,26,NT,1040,5,0
R2.5-Class7_N100M40-06,1015,40,0.18876,OPT,22,NT,934,15,0
R2.5-Class7_N100M40-07,982,40,0.072689,OPT,2,NT,596,0,0
R2.5-Class7_N100M40-08,1041,40,0.157268,OPT,24,NT,889,11,0
R2.5-Class7_N100M40-09,1033,40,0.22065,OPT,32,NT,1140,6,0
R2.5-Class7_N120M48-00,1189,48,0.201027,OPT,8,NT,944,10,0
R2.5-Class7_N120M48-01,1260,48,0.338256,OPT,26,NT,1484,7,0
R2.5-Class7_N120M48-02,1193,48,0.386411,OPT,16,NT,1131,13,0
R2.5-Class7_N120M48-03,1201,48,0.282412,OPT,35,NT,1140,15,0
R2.5-Class7_N120M48-04,1200,48,0.320451,OPT,30,NT,1402,4,0
R2.5-Class7_N120M48-05,1207,48,0.304406,OPT,13,NT,1008,24,0
R2.5-Class7_N120M48-06,1236,48,0.27065,OPT,28,NT,1530,4,0
R2.5-Class7_N120M48-07,1152,48,0.187634,OPT,4,NT,846,16,0
R2.5-Class7_N120M48-08,1225,48,0.226864,OPT,4,NT,870,12,0
R2.5-Class7_N120M48-09,1227,48,0.529356,OPT,20,NT,1458,19,0
R2.5-Class7_N140M56-00,1435,56,0.703983,OPT,20,NT,1842,18,0
R2.5-Class7_N140M56-01,1519,56,1.16423,OPT,37,NT,2889,33,0
R2.5-Class7_N140M56-02,1451,56,0.554204,OPT,28,NT,2143,16,0
R2.5-Class7_N140M56-03,1510,56,0.629029,OPT,33,NT,1925,37,0
R2.5-Class7_N140M56-04,1423,56,0.401573,OPT,40,NT,1899,10,0
R2.5-Class7_N140M56-05,1451,56,0.791759,OPT,44,NT,2564,12,0
R2.5-Class7_N140M56-06,1381,56,0.152707,OPT,2,NT,780,4,0
R2.5-Class7_N140M56-07,1382,56,0.452007,OPT,13,NT,1304,8,0
R2.5-Class7_N140M56-08,1374,56,0.385775,OPT,19,NT,1645,1,0
R2.5-Class7_N140M56-09,1469,56,0.452602,OPT,32,NT,1789,6,0
R2.5-Class7_N160M64-00,1672,64,0.73557,OPT,17,NT,1765,5,0
R2.5-Class7_N160M64-01,1719,64,0.741814,OPT,42,NT,2266,28,0
R2.5-Class7_N160M64-02,1640,64,0.679446,OPT,14,NT,1616,10,0
R2.5-Class7_N160M64-03,1621,64,0.501704,OPT,17,NT,1536,9,0
R2.5-Class7_N160M64-04,1599,64,1.00614,OPT,20,NT,2131,19,0
R2.5-Class7_N160M64-05,1665,64,0.556601,OPT,49,NT,2092,13,0
R2.5-Class7_N160M64-06,1578,64,0.785104,OPT,11,NT,1389,37,0
R2.5-Class7_N160M64-07,1668,64,0.739646,OPT,14,NT,1770,16,0
R2.5-Class7_N160M64-08,1676,64,0.452816,OPT,36,NT,2101,4,0
R2.5-Class7_N160M64-09,1671,64,1.30976,OPT,38,NT,3001,19,10
R2.5-Class7_N180M72-00,1875,72,1.42002,OPT,41,NT,3293,12,0
R2.5-Class7_N180M72-01,1841,72,1.03013,OPT,33,NT,2724,21,0
R2.5-Class7_N180M72-02,1793,72,0.915553,OPT,16,NT,2049,27,0
R2.5-Class7_N180M72-03,1862,72,1.07708,OPT,45,NT,3578,3,0
R2.5-Class7_N180M72-04,1773,72,0.806281,OPT,14,NT,1967,13,0
R2.5-Class7_N180M72-05,1855,72,0.652286,OPT,6,NT,1390,9,0
R2.5-Class7_N180M72-06,1828,72,1.22215,OPT,25,NT,2638,34,0
R2.5-Class7_N180M72-07,1826,72,0.990577,OPT,31,NT,2790,16,0
R2.5-Class7_N180M72-08,1845,72,0.99727,OPT,6,NT,1503,25,0
R2.5-Class7_N180M72-09,1797,72,1.14185,OPT,29,NT,2918,26,0
R2.5-Class7_N200M80-00,2090,80,0.792725,OPT,36,NT,3074,7,0
R2.5-Class7_N200M80-01,2028,80,1.12844,OPT,19,NT,2552,6,0
R2.5-Class7_N200M80-02,2039,80,1.76558,OPT,21,NT,3042,18,0
R2.5-Class7_N200M80-03,2020,80,1.32822,OPT,29,NT,2885,17,0
R2.5-Class7_N200M80-04,2039,80,1.69724,OPT,40,NT,3738,34,0
R2.5-Class7_N200M80-05,1949,80,1.56488,OPT,11,NT,2142,24,0
R2.5-Class7_N200M80-06,2050,80,0.747362,OPT,69,NT,2783,2,0
R2.5-Class7_N200M80-07,1986,80,0.893042,OPT,15,NT,2221,21,0
R2.5-Class7_N200M80-08,2016,80,1.51176,OPT,23,NT,3023,21,0
R2.5-Class7_N200M80-09,2042,80,1.52501,OPT,44,NT,3654,20,0
R2.5-Class7_N20M8-00,194,8,0.00703,OPT,1,NT,58,0,0
R2.5-Class7_N20M8-01,214,8,0.010766,OPT,13,NT,54,0,0
R2.5-Class7_N20M8-02,218,8,0.035938,OPT,4,NT,48,0,0
R2.5-Class7_N20M8-03,223,8,0.006535,OPT,9,NT,42,0,0
R2.5-Class7_N20M8-04,197,8,0.006936,OPT,10,NT,32,0,0
R2.5-Class7_N20M8-05,197,8,0.033963,OPT,9,NT,51,0,0
R2.5-Class7_N20M8-06,227,8,0.029639,OPT,2,NT,47,0,0
R2.5-Class7_N20M8-07,223,8,0.010176,OPT,14,NT,61,0,0
R2.5-Class7_N20M8-08,212,8,0.010653,OPT,6,NT,72,0,0
R2.5-Class7_N20M8-09,200,8,0.005728,OPT,4,NT,48,0,0
R2.5-Class7_N40M16-00,397,16,0.038194,OPT,1,NT,145,2,0
R2.5-Class7_N40M16-01,418,16,0.084443,OPT,13,NT,150,0,0
R2.5-Class7_N40M16-02,448,16,0.021529,OPT,25,NT,185,0,0
R2.5-Class7_N40M16-03,407,16,0.018334,OPT,6,NT,124,0,0
R2.5-Class7_N40M16-04,397,16,0.012664,OPT,7,NT,117,0,0
R2.5-Class7_N40M16-05,396,16,0.021641,OPT,12,NT,148,1,0
R2.5-Class7_N40M16-06,370,16,0.012978,OPT,2,NT,133,0,0
R2.5-Class7_N40M16-07,411,16,0.01873,OPT,13,NT,143,7,0
R2.5-Class7_N40M16-08,423,16,0.025672,OPT,19,NT,194,0,0
R2.5-Class7_N40M16-09,407,16,0.014698,OPT,4,NT,101,0,0
R2.5-Class7_N60M24-00,630,24,0.07577,OPT,23,NT,395,2,0
R2.5-Class7_N60M24-01,611,24,0.035218,OPT,4,NT,232,6,0
R2.5-Class7_N60M24-02,603,24,0.051942,OPT,11,NT,353,2,0
R2.5-Class7_N60M24-03,618,24,0.050175,OPT,9,NT,362,6,0
R2.5-Class7_N60M24-04,601,24,0.032646,OPT,4,NT,250,3,0
R2.5-Class7_N60M24-05,575,24,0.049966,OPT,16,NT,245,0,0
R2.5-Class7_N60M24-06,615,24,0.072837,OPT,18,NT,403,9,0
R2.5-Class7_N60M24-07,595,24,0.056002,OPT,4,NT,276,15,0
R2.5-Class7_N60M24-08,618,24,0.07125,OPT,11,NT,349,15,0
R2.5-Class7_N60M24-09,556,24,0.033604,OPT,2,NT,233,6,0
R2.5-Class7_N80M32-00,848,32,0.212868,OPT,12,NT,561,29,0
R2.5-Class7_N80M32-01,828,32,0.088253,OPT,13,NT,345,1,0
R2.5-Class7_N80M32-02,841,32,0.189975,OPT,11,NT,462,11,0
R2.5-Class7_N80M32-03,771,32,0.099751,OPT,24,NT,693,0,0
R2.5-Class7_N80M32-04,849,32,0.202773,OPT,27,NT,858,10,0
R2.5-Class7_N80M32-05,817,32,0.105681,OPT,10,NT,440,7,0
R2.5-Class7_N80M32-06,843,32,0.144843,OPT,26,NT,807,5,0
R2.5-Class7_N80M32-07,856,32,0.121909,OPT,31,NT,735,1,0
R2.5-Class7_N80M32-08,788,32,0.089458,OPT,22,NT,492,0,0
R2.5-Class7_N80M32-09,755,32,0.133138,OPT,11,NT,453,24,0
