R2-Class1_N100M50-00,112,50,0.024919,OPT,6,NT,18,0,0
R2-Class1_N100M50-01,105,50,0.004487,OPT,2,NT,37,0,0
R2-Class1_N100M50-02,112,50,0.003501,OPT,5,NT,6,0,0
R2-Class1_N100M50-03,119,50,0.025123,OPT,11,NT,11,0,0
R2-Class1_N100M50-04,118,50,0.029977,OPT,6,NT,37,0,0
R2-Class1_N100M50-05,112,50,0.003381,OPT,6,NT,13,0,0
R2-Class1_N100M50-06,103,50,0.008224,OPT,3,NT,71,0,0
R2-Class1_N100M50-07,100,50,0.001495,OPT,1,NT,5,0,0
R2-Class1_N100M50-08,108,50,0.004929,OPT,5,NT,0,0,0
R2-Class1_N100M50-09,114,50,0.004886,OPT,9,NT,8,0,0
R2-Class1_N120M60-00,102,60,0.019282,OPT,2,NT,145,0,0
R2-Class1_N120M60-01,103,60,0.031178,OPT,3,NT,99,0,0
R2-Class1_N120M60-02,99,59,0.000111,OPT,0,B1,0,0,0
R2-Class1_N120M60-03,112,60,0.004144,OPT,5,NT,12,0,0
R2-Class1_N120M60-04,109,60,0.005254,OPT,5,NT,48,0,0
R2-Class1_N120M60-05,107,60,0.010067,OPT,4,NT,61,0,0
R2-Class1_N120M60-06,100,60,0.000108,OPT,0,B1,0,0,0
R2-Class1_N120M60-07,99,60,4.9e-05,OPT,0,B1,0,0,0
R2-Class1_N120M60-08,107,60,0.003792,OPT,3,NT,28,0,0
R2-Class1_N120M60-09,108,60,0.003797,OPT,4,NT,0,0,0
R2-Class1_N140M70-00,125,70,0.006526,OPT,10,NT,24,0,0
R2-Class1_N140M70-01,113,70,0.007076,OPT,8,NT,7,0,0
R2-Class1_N140M70-02,100,70,0.005891,OPT,0,B1,107,0,0
R2-Class1_N140M70-03,100,70,0.000136,OPT,0,B1,0,0,0
R2-Class1_N140M70-04,109,70,0.003896,OPT,6,NT,3,0,0
R2-Class1_N140M70-05,117,70,0.006653,OPT,4,NT,32,0,0
R2-Class1_N140M70-06,108,70,0.004847,OPT,4,NT,5,0,0
R2-Class1_N140M70-07,104,70,0.022944,OPT,3,NT,191,0,0
R2-Class1_N140M70-08,106,70,0.003819,OPT,4,NT,0,0,0
R2-Class1_N140M70-09,107,70,0.003677,OPT,5,NT,0,0,0
R2-Class1_N160M80-00,106,80,0.004242,OPT,2,NT,14,0,0
R2-Class1_N160M80-01,114,80,0.004037,OPT,6,NT,3,0,0
R2-Class1_N160M80-02,109,80,0.004233,OPT,4,NT,3,0,0
R2-Class1_N160M80-03,116,80,0.005063,OPT,6,NT,14,0,0
R2-Class1_N160M80-04,104,80,0.006022,OPT,4,NT,24,0,0
R2-Class1_N160M80-05,108,80,0.031231,OPT,3,NT,46,0,0
R2-Class1_N160M80-06,100,80,7e-05,OPT,0,B1,0,0,0
R2-Class1_N160M80-07,100,80,6.7e-05,OPT,0,B1,0,0,0
R2-Class1_N160M80-08,102,80,0.009665,OPT,1,NT,95,0,0
R2-Class1_N160M80-09,100,80,0.005192,OPT,0,B1,80,0,0
R2-Class1_N180M90-00,100,87,0.00017,OPT,0,B1,0,0,0
R2-Class1_N180M90-01,111,90,0.008036,OPT,4,NT,33,0,0
R2-Class1_N180M90-02,101,90,0.003187,OPT,1,NT,40,0,0
R2-Class1_N180M90-03,101,90,0.006151,OPT,1,NT,102,0,0
R2-Class1_N180M90-04,100,90,9.5e-05,OPT,0,B1,0,0,0
R2-Class1_N180M90-05,107,90,0.003905,OPT,3,NT,13,0,0
R2-Class1_N180M90-06,106,90,0.004755,OPT,4,NT,1,0,0
R2-Class1_N180M90-07,104,90,0.013269,OPT,2,NT,59,0,0
R2-Class1_N180M90-08,104,90,0.005941,OPT,4,NT,52,0,0
R2-Class1_N180M90-09,103,90,0.0056,OPT,2,NT,17,0,0
R2-Class1_N200M100-00,124,100,0.006717,OPT,10,NT,16,0,0
R2-Class1_N200M100-01,100,100,9e-05,OPT,0,B1,0,0,0
R2-Class1_N200M100-02,103,100,0.006726,OPT,1,NT,35,0,0
R2-Class1_N200M100-03,103,100,0.003859,OPT,3,NT,28,0,0
R2-Class1_N200M100-04,102,100,0.002244,OPT,1,NT,11,0,0
R2-Class1_N200M100-05,98,100,0.000108,OPT,0,B1,0,0,0
R2-Class1_N200M100-06,106,100,0.004806,OPT,4,NT,9,0,0
R2-Class1_N200M100-07,102,100,0.002173,OPT,1,NT,5,0,0
R2-Class1_N200M100-08,111,100,0.005412,OPT,4,NT,9,0,0
R2-Class1_N200M100-09,100,100,0.000223,OPT,0,B1,0,0,0
R2-Class1_N20M10-00,107,10,0.00403,OPT,4,NT,10,0,0
R2-Class1_N20M10-01,110,10,0.004125,OPT,4,NT,16,0,0
R2-Class1_N20M10-02,92,10,0.002498,OPT,4,NT,16,0,0
R2-Class1_N20M10-03,95,10,0.00109,OPT,1,NT,10,0,0
R2-Class1_N20M10-04,91,10,0.004734,OPT,4,NT,21,0,0
R2-Class1_N20M10-05,103,10,0.003309,OPT,5,NT,23,0,0
R2-Class1_N20M10-06,109,10,0.002131,OPT,6,NT,6,0,0
R2-Class1_N20M10-07,102,10,0.002533,OPT,9,NT,7,0,0
R2-Class1_N20M10-08,121,10,0.003268,OPT,10,NT,16,0,0
R2-Class1_N20M10-09,100,10,1.6e-05,OPT,0,B1,0,0,0
R2-Class1_N40M20-00,99,20,0.00289,OPT,0,B1,37,0,0
R2-Class1_N40M20-01,115,20,0.003514,OPT,7,NT,12,0,0
R2-Class1_N40M20-02,111,20,0.004739,OPT,5,NT,26,0,0
R2-Class1_N40M20-03,106,20,0.002106,OPT,3,NT,7,0,0
R2-Class1_N40M20-04,105,20,0.002311,OPT,3,NT,10,0,0
R2-Class1_N40M20-05,105,20,0.002711,OPT,4,NT,12,0,0
R2-Class1_N40M20-06,119,20,0.004639,OPT,12,NT,9,0,0
R2-Class1_N40M20-07,100,20,0.028732,OPT,3,NT,47,0,0
R2-Class1_N40M20-08,94,20,2.1e-05,OPT,0,B1,0,0,0
R2-Class1_N40M20-09,109,20,0.002389,OPT,5,NT,8,0,0
R2-Class1_N60M30-00,109,30,0.00419,OPT,5,NT,22,0,0
R2-Class1_N60M30-01,107,30,0.002633,OPT,5,NT,1,0,0
R2-Class1_N60M30-02,99,30,4.1e-05,OPT,0,B1,0,0,0
R2-Class1_N60M30-03,97,30,7e-05,OPT,0,B1,0,0,0
R2-Class1_N60M30-04,95,30,2.7e-05,OPT,0,B1,0,0,0
R2-Class1_N60M30-05,106,30,0.004956,OPT,7,NT,27,0,0
R2-Class1_N60M30-06,129,30,0.004563,OPT,19,NT,8,0,0
R2-Class1_N60M30-07,99,30,4.2e-05,OPT,0,B1,0,0,0
R2-Class1_N60M30-08,108,30,0.003261,OPT,4,NT,9,0,0
R2-Class1_N60M30-09,103,30,0.002521,OPT,4,NT,4,0,0
R2-Class1_N80M40-00,116,40,0.005606,OPT,12,NT,8,0,0
R2-Class1_N80M40-01,109,40,0.025018,OPT,5,NT,12,0,0
R2-Class1_N80M40-02,110,40,0.008991,OPT,4,NT,54,0,0
R2-Class1_N80M40-03,125,40,0.006326,OPT,11,NT,26,0,0
R2-Class1_N80M40-04,125,40,0.00613,OPT,9,NT,20,0,0
R2-Class1_N80M40-05,109,40,0.002345,OPT,3,NT,8,0,0
R2-Class1_N80M40-06,134,40,0.009521,OPT,21,NT,21,0,0
R2-Class1_N80M40-07,116,40,0.00529,OPT,10,NT,11,0,0
R2-Class1_N80M40-08,110,40,0.003038,OPT,4,NT,6,0,0
R2-Class1_N80M40-09,121,40,0.005162,OPT,12,NT,9,0,0
