R3-Class5_N108M36-00,313,36,0.129945,OPT,0,B1,362,4,0
R3-Class5_N108M36-01,294,36,0.169571,OPT,0,B1,462,5,0
R3-Class5_N108M36-02,305,36,0.07304,OPT,0,B1,434,6,0
R3-Class5_N108M36-03,294,36,0.063068,OPT,0,B1,293,0,0
R3-Class5_N108M36-04,329,36,0.069523,OPT,0,B1,331,5,0
R3-Class5_N108M36-05,330,36,0.189436,OPT,0,B1,353,3,0
R3-Class5_N108M36-06,329,36,0.068968,OPT,0,B1,422,4,0
R3-Class5_N108M36-07,310,36,0.077201,OPT,0,B1,376,12,0
R3-Class5_N108M36-08,308,36,0.051538,OPT,0,B1,338,6,0
R3-Class5_N108M36-09,285,36,0.054018,OPT,0,B1,361,1,0
R3-Class5_N126M42-00,344,42,0.080565,OPT,0,B1,531,1,0
R3-Class5_N126M42-01,314,42,0.079503,OPT,0,B1,496,1,0
R3-Class5_N126M42-02,320,42,0.168465,OPT,0,B1,471,1,0
R3-Class5_N126M42-03,312,42,0.090204,OPT,0,B1,429,2,0
R3-Class5_N126M42-04,334,42,0.12622,OPT,0,B1,449,3,0
R3-Class5_N126M42-05,312,42,0.085491,OPT,0,B1,326,0,0
R3-Class5_N126M42-06,307,42,0.216102,OPT,0,B1,564,6,10
R3-Class5_N126M42-07,292,42,0.057273,OPT,0,B1,405,2,0
R3-Class5_N126M42-08,312,42,0.09849,OPT,0,B1,577,8,0
R3-Class5_N126M42-09,305,42,0.105725,OPT,0,B1,470,20,0
R3-Class5_N144M48-00,278,48,0.027102,OPT,0,B1,332,0,0
R3-Class5_N144M48-01,298,48,0.101785,OPT,0,B1,558,2,0
R3-Class5_N144M48-02,290,48,0.053221,OPT,0,B1,415,1,0
R3-Class5_N144M48-03,310,48,0.06567,OPT,0,B1,447,0,0
R3-Class5_N144M48-04,319,48,0.075507,OPT,0,B1,584,3,0
R3-Class5_N144M48-05,301,48,0.057582,OPT,0,B1,383,6,0
R3-Class5_N144M48-06,290,48,0.16956,OPT,0,B1,667,0,0
R3-Class5_N144M48-07,304,48,0.112972,OPT,0,B1,521,0,0
R3-Class5_N144M48-08,287,48,0.10951,OPT,0,B1,547,4,0
R3-Class5_N144M48-09,320,48,0.088881,OPT,0,B1,485,2,0
R3-Class5_N162M54-00,301,54,0.071279,OPT,0,B1,483,5,0
R3-Class5_N162M54-01,297,54,0.093172,OPT,0,B1,504,5,0
R3-Class5_N162M54-02,316,54,0.07651,OPT,0,B1,504,7,0
R3-Class5_N162M54-03,292,54,0.129292,OPT,0,B1,514,1,0
R3-Class5_N162M54-04,284,54,0.049314,OPT,0,B1,442,0,0
R3-Class5_N162M54-05,302,54,0.093786,OPT,0,B1,583,1,0
R3-Class5_N162M54-06,314,54,0.041983,OPT,0,B1,339,2,0
R3-Class5_N162M54-07,311,54,0.148375,OPT,0,B1,690,1,0
R3-Class5_N162M54-08,289,54,0.103748,OPT,1,NT,597,0,0
R3-Class5_N162M54-09,312,54,0.080484,OPT,0,B1,552,0,0
R3-Class5_N180M60-00,293,60,0.114265,OPT,0,B1,472,3,0
R3-Class5_N180M60-01,314,60,0.070748,OPT,0,B1,468,2,0
R3-Class5_N180M60-02,312,60,0.103923,OPT,0,B1,568,0,0
R3-Class5_N180M60-03,306,60,0.089578,OPT,0,B1,484,0,0
R3-Class5_N180M60-04,291,60,0.053491,OPT,0,B1,369,0,0
R3-Class5_N180M60-05,319,60,0.113213,OPT,0,B1,633,1,0
R3-Class5_N180M60-06,308,60,0.101415,OPT,0,B1,604,0,0
R3-Class5_N180M60-07,317,60,0.056964,OPT,0,B1,417,2,0
R3-Class5_N180M60-08,316,60,0.076504,OPT,0,B1,380,2,0
R3-Class5_N180M60-09,301,60,0.103718,OPT,0,B1,545,1,0
R3-Class5_N198M66-00,287,66,0.082574,OPT,0,B1,556,2,0
R3-Class5_N198M66-01,303,66,0.077219,OPT,0,B1,456,1,0
R3-Class5_N198M66-02,326,66,0.188369,OPT,0,B1,751,1,0
R3-Class5_N198M66-03,289,66,0.104072,OPT,0,B1,512,2,0
R3-Class5_N198M66-04,288,66,0.000266,OPT,0,B1,0,0,0
R3-Class5_N198M66-05,302,66,0.058591,OPT,0,B1,558,0,0
R3-Class5_N198M66-06,317,66,0.105255,OPT,0,B1,588,1,0
R3-Class5_N198M66-07,306,66,0.111832,OPT,0,B1,586,3,0
R3-Class5_N198M66-08,300,66,0.097017,OPT,0,B1,549,4,0
R3-Class5_N198M66-09,294,66,0.068612,OPT,0,B1,538,0,0
R3-Class5_N36M12-00,321,12,0.010926,OPT,1,NT,111,0,0
R3-Class5_N36M12-01,310,12,0.006484,OPT,0,B1,79,0,0
R3-Class5_N36M12-02,308,12,0.009875,OPT,0,B1,108,0,0
R3-Class5_N36M12-03,291,12,0.007968,OPT,0,B1,80,0,0
R3-Class5_N36M12-04,302,12,0.039847,OPT,0,B1,105,10,0
R3-Class5_N36M12-05,274,12,0.006726,OPT,0,B1,96,6,0
R3-Class5_N36M12-06,311,12,0.010429,OPT,0,B1,126,8,0
R3-Class5_N36M12-07,306,12,0.00875,OPT,0,B1,107,6,0
R3-Class5_N36M12-08,301,12,0.011655,OPT,1,NT,105,6,0
R3-Class5_N36M12-09,323,12,0.024853,OPT,1,NT,135,14,0
R3-Class5_N54M18-00,290,18,0.046632,OPT,1,NT,237,4,0
R3-Class5_N54M18-01,296,18,0.019916,OPT,0,B1,173,0,0
R3-Class5_N54M18-02,275,18,0.009564,OPT,0,B1,126,0,0
R3-Class5_N54M18-03,285,18,0.031656,OPT,0,B1,178,9,0
R3-Class5_N54M18-04,352,18,0.032928,OPT,0,B1,209,7,0
R3-Class5_N54M18-05,289,18,0.043253,OPT,1,NT,217,10,0
R3-Class5_N54M18-06,280,18,0.014002,OPT,0,B1,178,0,0
R3-Class5_N54M18-07,318,18,0.034861,OPT,0,B1,209,10,0
R3-Class5_N54M18-08,285,18,0.033036,OPT,0,B1,155,13,0
R3-Class5_N54M18-09,309,18,0.060098,OPT,0,B1,236,10,0
R3-Class5_N72M24-00,320,24,0.059628,OPT,0,B1,356,14,0
R3-Class5_N72M24-01,319,24,0.065286,OPT,0,B1,297,3,0
R3-Class5_N72M24-02,307,24,0.040304,OPT,0,B1,314,1,0
R3-Class5_N72M24-03,333,24,0.043165,OPT,0,B1,272,6,0
R3-Class5_N72M24-04,326,24,0.09344,OPT,0,B1,270,14,0
R3-Class5_N72M24-05,319,24,0.044261,OPT,0,B1,314,6,0
R3-Class5_N72M24-06,318,24,0.048836,OPT,0,B1,266,11,0
R3-Class5_N72M24-07,274,24,0.038841,OPT,0,B1,224,9,0
R3-Class5_N72M24-08,294,24,0.082137,OPT,0,B1,423,20,0
R3-Class5_N72M24-09,298,24,0.062968,OPT,0,B1,328,4,0
R3-Class5_N90M30-00,303,30,0.030402,OPT,0,B1,260,5,0
R3-Class5_N90M30-01,318,30,0.038316,OPT,0,B1,297,5,0
R3-Class5_N90M30-02,311,30,0.048448,OPT,0,B1,303,3,0
R3-Class5_N90M30-03,296,30,0.096598,OPT,0,B1,368,3,0
R3-Class5_N90M30-04,309,30,0.054552,OPT,0,B1,343,2,0
R3-Class5_N90M30-05,283,30,0.061466,OPT,0,B1,291,4,0
R3-Class5_N90M30-06,292,30,0.050057,OPT,0,B1,313,6,0
R3-Class5_N90M30-07,313,30,0.070803,OPT,0,B1,302,9,0
R3-Class5_N90M30-08,323,30,0.034658,OPT,0,B1,264,2,0
R3-Class5_N90M30-09,290,30,0.06788,OPT,0,B1,382,1,0
