R2.25-Class3_N108M48-00,179,48,0.020114,OPT,9,NT,138,0,0
R2.25-Class3_N108M48-01,180,48,0.017308,OPT,10,NT,120,0,0
R2.25-Class3_N108M48-02,175,48,0.016444,OPT,4,NT,150,0,0
R2.25-Class3_N108M48-03,175,48,0.023094,OPT,6,NT,174,0,0
R2.25-Class3_N108M48-04,171,48,0.018875,OPT,8,NT,124,0,0
R2.25-Class3_N108M48-05,180,48,0.016146,OPT,8,NT,138,0,0
R2.25-Class3_N108M48-06,168,48,0.017015,OPT,3,NT,107,0,0
R2.25-Class3_N108M48-07,179,48,0.040419,OPT,8,NT,123,0,0
R2.25-Class3_N108M48-08,173,48,0.016669,OPT,4,NT,127,0,0
R2.25-Class3_N108M48-09,178,48,0.018394,OPT,8,NT,158,0,0
R2.25-Class3_N126M56-00,186,56,0.023786,OPT,13,NT,153,0,0
R2.25-Class3_N126M56-01,172,56,0.017343,OPT,8,NT,105,0,0
R2.25-Class3_N126M56-02,172,56,0.021477,OPT,7,NT,150,0,0
R2.25-Class3_N126M56-03,171,56,0.016397,OPT,4,NT,119,0,0
R2.25-Class3_N126M56-04,179,56,0.045112,OPT,7,NT,196,0,0
R2.25-Class3_N126M56-05,173,56,0.011423,OPT,5,NT,101,0,0
R2.25-Class3_N126M56-06,175,56,0.017708,OPT,3,NT,143,0,0
R2.25-Class3_N126M56-07,174,56,0.018799,OPT,3,NT,156,0,0
R2.25-Class3_N126M56-08,173,56,0.016288,OPT,4,NT,120,0,0
R2.25-Class3_N126M56-09,181,56,0.023051,OPT,9,NT,180,0,0
R2.25-Class3_N144M64-00,179,64,0.027002,OPT,6,NT,216,0,0
R2.25-Class3_N144M64-01,170,64,0.014368,OPT,4,NT,117,0,0
R2.25-Class3_N144M64-02,171,64,0.014841,OPT,3,NT,110,0,0
R2.25-Class3_N144M64-03,179,64,0.03001,OPT,8,NT,187,0,0
R2.25-Class3_N144M64-04,172,64,0.015118,OPT,4,NT,96,0,0
R2.25-Class3_N144M64-05,171,64,0.012242,OPT,5,NT,95,0,0
R2.25-Class3_N144M64-06,173,64,0.011176,OPT,5,NT,102,0,0
R2.25-Class3_N144M64-07,176,64,0.022395,OPT,10,NT,138,0,0
R2.25-Class3_N144M64-08,175,64,0.043601,OPT,8,NT,145,0,0
R2.25-Class3_N144M64-09,176,64,0.020329,OPT,6,NT,169,0,0
R2.25-Class3_N162M72-00,181,72,0.049931,OPT,10,NT,171,0,0
R2.25-Class3_N162M72-01,176,72,0.029426,OPT,7,NT,187,0,0
R2.25-Class3_N162M72-02,177,72,0.015178,OPT,4,NT,151,0,0
R2.25-Class3_N162M72-03,175,72,0.009126,OPT,4,NT,55,0,0
R2.25-Class3_N162M72-04,177,72,0.045118,OPT,8,NT,116,0,0
R2.25-Class3_N162M72-05,180,72,0.023646,OPT,8,NT,152,0,0
R2.25-Class3_N162M72-06,175,72,0.011482,OPT,5,NT,113,0,0
R2.25-Class3_N162M72-07,175,72,0.020892,OPT,9,NT,117,0,0
R2.25-Class3_N162M72-08,174,72,0.011886,OPT,5,NT,98,0,0
R2.25-Class3_N162M72-09,174,72,0.019902,OPT,4,NT,133,0,0
R2.25-Class3_N180M80-00,176,80,0.021692,OPT,7,NT,177,0,0
R2.25-Class3_N180M80-01,176,80,0.039412,OPT,5,NT,129,0,0
R2.25-Class3_N180M80-02,171,80,0.009871,OPT,2,NT,62,0,0
R2.25-Class3_N180M80-03,172,80,0.011497,OPT,2,NT,104,0,0
R2.25-Class3_N180M80-04,171,80,0.015465,OPT,4,NT,126,0,0
R2.25-Class3_N180M80-05,174,80,0.032803,OPT,6,NT,177,0,0
R2.25-Class3_N180M80-06,173,80,0.009012,OPT,2,NT,81,0,0
R2.25-Class3_N180M80-07,180,80,0.028328,OPT,8,NT,152,0,0
R2.25-Class3_N180M80-08,172,80,0.021734,OPT,4,NT,132,0,0
R2.25-Class3_N180M80-09,176,80,0.015763,OPT,5,NT,150,0,0
R2.25-Class3_N198M88-00,177,88,0.028316,OPT,6,NT,212,0,0
R2.25-Class3_N198M88-01,176,88,0.017064,OPT,3,NT,159,0,0
R2.25-Class3_N198M88-02,175,88,0.020355,OPT,7,NT,150,0,0
R2.25-Class3_N198M88-03,177,88,0.012164,OPT,5,NT,119,0,0
R2.25-Class3_N198M88-04,171,88,0.018669,OPT,3,NT,141,0,0
R2.25-Class3_N198M88-05,174,88,0.016389,OPT,8,NT,115,0,0
R2.25-Class3_N198M88-06,172,88,0.049407,OPT,7,NT,150,0,0
R2.25-Class3_N198M88-07,176,88,0.020192,OPT,4,NT,154,0,0
R2.25-Class3_N198M88-08,173,88,0.020595,OPT,3,NT,127,0,0
R2.25-Class3_N198M88-09,180,88,0.055946,OPT,8,NT,203,0,0
R2.25-Class3_N36M16-00,176,16,0.011333,OPT,7,NT,60,0,0
R2.25-Class3_N36M16-01,176,16,0.007907,OPT,6,NT,55,0,0
R2.25-Class3_N36M16-02,177,16,0.004572,OPT,2,NT,44,0,0
R2.25-Class3_N36M16-03,167,16,0.008589,OPT,3,NT,52,0,0
R2.25-Class3_N36M16-04,179,16,0.012279,OPT,7,NT,74,0,0
R2.25-Class3_N36M16-05,173,16,0.006692,OPT,2,NT,49,0,0
R2.25-Class3_N36M16-06,185,16,0.013649,OPT,7,NT,87,2,0
R2.25-Class3_N36M16-07,175,16,0.009752,OPT,9,NT,58,2,0
R2.25-Class3_N36M16-08,171,16,0.008194,OPT,4,NT,51,0,0
R2.25-Class3_N36M16-09,179,16,0.007646,OPT,9,NT,55,0,0
R2.25-Class3_N54M24-00,188,24,0.018567,OPT,9,NT,147,0,0
R2.25-Class3_N54M24-01,179,24,0.01298,OPT,5,NT,71,0,0
R2.25-Class3_N54M24-02,179,24,0.009134,OPT,5,NT,60,0,0
R2.25-Class3_N54M24-03,174,24,0.009246,OPT,8,NT,46,0,0
R2.25-Class3_N54M24-04,173,24,0.007232,OPT,2,NT,49,0,0
R2.25-Class3_N54M24-05,168,24,0.017786,OPT,7,NT,114,0,0
R2.25-Class3_N54M24-06,175,24,0.013972,OPT,6,NT,112,0,0
R2.25-Class3_N54M24-07,171,24,0.0091,OPT,5,NT,69,0,0
R2.25-Class3_N54M24-08,179,24,0.014309,OPT,10,NT,95,0,0
R2.25-Class3_N54M24-09,173,24,0.008315,OPT,3,NT,59,0,0
R2.25-Class3_N72M32-00,186,32,0.020242,OPT,12,NT,139,0,0
R2.25-Class3_N72M32-01,182,32,0.020012,OPT,5,NT,137,0,0
R2.25-Class3_N72M32-02,181,32,0.024645,OPT,6,NT,188,0,0
R2.25-Class3_N72M32-03,175,32,0.020637,OPT,7,NT,169,0,0
R2.25-Class3_N72M32-04,176,32,0.006007,OPT,2,NT,64,0,0
R2.25-Class3_N72M32-05,173,32,0.016553,OPT,4,NT,81,0,0
R2.25-Class3_N72M32-06,171,32,0.007456,OPT,5,NT,56,0,0
R2.25-Class3_N72M32-07,173,32,0.018669,OPT,8,NT,93,0,0
R2.25-Class3_N72M32-08,171,32,0.031875,OPT,5,NT,51,0,0
R2.25-Class3_N72M32-09,169,32,0.015396,OPT,4,NT,118,0,0
R2.25-Class3_N90M40-00,174,40,0.021432,OPT,7,NT,146,0,0
R2.25-Class3_N90M40-01,185,40,0.028512,OPT,12,NT,232,0,0
R2.25-Class3_N90M40-02,172,40,0.011295,OPT,4,NT,54,0,0
R2.25-Class3_N90M40-03,173,40,0.021659,OPT,6,NT,170,0,0
R2.25-Class3_N90M40-04,180,40,0.024246,OPT,11,NT,161,0,0
R2.25-Class3_N90M40-05,171,40,0.00999,OPT,5,NT,79,0,0
R2.25-Class3_N90M40-06,173,40,0.038177,OPT,7,NT,109,0,0
R2.25-Class3_N90M40-07,179,40,0.024838,OPT,7,NT,170,0,0
R2.25-Class3_N90M40-08,174,40,0.043254,OPT,9,NT,132,0,0
R2.25-Class3_N90M40-09,176,40,0.014483,OPT,3,NT,101,0,0
