R2.25-Class4_N108M48-00,246,48,0.031559,OPT,18,NT,220,0,0
R2.25-Class4_N108M48-01,239,48,0.034263,OPT,16,NT,247,0,0
R2.25-Class4_N108M48-02,238,48,0.027493,OPT,12,NT,178,0,0
R2.25-Class4_N108M48-03,232,48,0.055938,OPT,8,NT,254,0,0
R2.25-Class4_N108M48-04,223,48,0.022672,OPT,7,NT,140,0,0
R2.25-Class4_N108M48-05,228,48,0.032052,OPT,9,NT,230,0,0
R2.25-Class4_N108M48-06,230,48,0.032335,OPT,9,NT,305,0,0
R2.25-Class4_N108M48-07,235,48,0.036021,OPT,10,NT,215,0,0
R2.25-Class4_N108M48-08,242,48,0.045508,OPT,12,NT,342,0,0
R2.25-Class4_N108M48-09,247,48,0.035303,OPT,17,NT,232,0,0
R2.25-Class4_N126M56-00,235,56,0.025449,OPT,9,NT,201,0,0
R2.25-Class4_N126M56-01,230,56,0.029234,OPT,5,NT,281,0,0
R2.25-Class4_N126M56-02,225,56,0.045312,OPT,1,NT,193,0,0
R2.25-Class4_N126M56-03,240,56,0.058662,OPT,14,NT,209,0,0
R2.25-Class4_N126M56-04,231,56,0.03938,OPT,8,NT,332,0,0
R2.25-Class4_N126M56-05,241,56,0.044908,OPT,17,NT,349,0,0
R2.25-Class4_N126M56-06,226,56,0.026194,OPT,4,NT,224,0,0
R2.25-Class4_N126M56-07,230,56,0.070764,OPT,7,NT,398,1,0
R2.25-Class4_N126M56-08,232,56,0.037378,OPT,11,NT,259,0,0
R2.25-Class4_N126M56-09,236,56,0.028317,OPT,8,NT,223,0,0
R2.25-Class4_N144M64-00,227,64,0.034389,OPT,8,NT,263,0,0
R2.25-Class4_N144M64-01,238,64,0.035107,OPT,10,NT,270,0,0
R2.25-Class4_N144M64-02,233,64,0.036499,OPT,7,NT,280,0,0
R2.25-Class4_N144M64-03,233,64,0.037303,OPT,6,NT,332,0,0
R2.25-Class4_N144M64-04,239,64,0.045753,OPT,15,NT,333,0,0
R2.25-Class4_N144M64-05,235,64,0.04079,OPT,15,NT,265,0,0
R2.25-Class4_N144M64-06,239,64,0.046399,OPT,13,NT,300,0,0
R2.25-Class4_N144M64-07,239,64,0.052038,OPT,13,NT,329,0,0
R2.25-Class4_N144M64-08,233,64,0.08179,OPT,14,NT,258,0,0
R2.25-Class4_N144M64-09,230,64,0.030058,OPT,8,NT,249,0,0
R2.25-Class4_N162M72-00,235,72,0.041147,OPT,14,NT,254,0,0
R2.25-Class4_N162M72-01,239,72,0.036427,OPT,9,NT,295,0,0
R2.25-Class4_N162M72-02,243,72,0.044838,OPT,10,NT,358,0,0
R2.25-Class4_N162M72-03,228,72,0.04904,OPT,11,NT,366,0,0
R2.25-Class4_N162M72-04,241,72,0.032514,OPT,16,NT,142,0,0
R2.25-Class4_N162M72-05,231,72,0.064372,OPT,9,NT,350,0,0
R2.25-Class4_N162M72-06,243,72,0.030862,OPT,15,NT,177,0,0
R2.25-Class4_N162M72-07,244,72,0.060422,OPT,16,NT,271,0,0
R2.25-Class4_N162M72-08,229,72,0.044079,OPT,8,NT,307,0,0
R2.25-Class4_N162M72-09,231,72,0.043047,OPT,6,NT,344,0,0
R2.25-Class4_N180M80-00,237,80,0.049336,OPT,17,NT,314,0,0
R2.25-Class4_N180M80-01,230,80,0.05468,OPT,9,NT,258,0,0
R2.25-Class4_N180M80-02,236,80,0.098955,OPT,12,NT,377,0,0
R2.25-Class4_N180M80-03,235,80,0.067675,OPT,12,NT,260,0,0
R2.25-Class4_N180M80-04,235,80,0.069249,OPT,9,NT,447,0,0
R2.25-Class4_N180M80-05,234,80,0.045305,OPT,11,NT,322,0,0
R2.25-Class4_N180M80-06,249,80,0.041563,OPT,20,NT,273,0,0
R2.25-Class4_N180M80-07,230,80,0.030005,OPT,10,NT,222,0,0
R2.25-Class4_N180M80-08,232,80,0.042355,OPT,9,NT,366,0,0
R2.25-Class4_N180M80-09,238,80,0.027868,OPT,15,NT,135,0,0
R2.25-Class4_N198M88-00,233,88,0.038306,OPT,11,NT,216,0,0
R2.25-Class4_N198M88-01,232,88,0.038981,OPT,8,NT,326,0,0
R2.25-Class4_N198M88-02,238,88,0.049456,OPT,12,NT,357,0,0
R2.25-Class4_N198M88-03,236,88,0.030165,OPT,10,NT,261,0,0
R2.25-Class4_N198M88-04,237,88,0.043291,OPT,13,NT,333,0,0
R2.25-Class4_N198M88-05,236,88,0.039785,OPT,15,NT,272,0,0
R2.25-Class4_N198M88-06,243,88,0.069839,OPT,15,NT,387,0,0
R2.25-Class4_N198M88-07,230,88,0.028103,OPT,5,NT,275,0,0
R2.25-Class4_N198M88-08,221,88,0.025115,OPT,5,NT,238,0,0
R2.25-Class4_N198M88-09,241,88,0.076707,OPT,11,NT,424,0,0
R2.25-Class4_N36M16-00,218,16,0.035294,OPT,8,NT,48,0,0
R2.25-Class4_N36M16-01,252,16,0.007586,OPT,21,NT,43,0,0
R2.25-Class4_N36M16-02,226,16,0.008731,OPT,5,NT,86,0,0
R2.25-Class4_N36M16-03,239,16,0.0095,OPT,24,NT,40,0,0
R2.25-Class4_N36M16-04,244,16,0.021496,OPT,11,NT,111,0,0
R2.25-Class4_N36M16-05,237,16,0.007776,OPT,5,NT,64,0,0
R2.25-Class4_N36M16-06,234,16,0.009941,OPT,10,NT,67,0,0
R2.25-Class4_N36M16-07,245,16,0.018009,OPT,15,NT,111,0,0
R2.25-Class4_N36M16-08,247,16,0.01036,OPT,18,NT,44,0,0
R2.25-Class4_N36M16-09,242,16,0.032567,OPT,16,NT,64,0,0
R2.25-Class4_N54M24-00,235,24,0.019824,OPT,8,NT,154,0,0
R2.25-Class4_N54M24-01,248,24,0.01063,OPT,22,NT,82,0,0
R2.25-Class4_N54M24-02,252,24,0.01615,OPT,16,NT,109,0,0
R2.25-Class4_N54M24-03,244,24,0.049401,OPT,12,NT,133,1,0
R2.25-Class4_N54M24-04,239,24,0.012412,OPT,15,NT,70,0,0
R2.25-Class4_N54M24-05,252,24,0.044565,OPT,21,NT,112,0,0
R2.25-Class4_N54M24-06,241,24,0.02358,OPT,15,NT,137,1,0
R2.25-Class4_N54M24-07,242,24,0.041598,OPT,15,NT,125,0,0
R2.25-Class4_N54M24-08,239,24,0.047749,OPT,15,NT,144,0,0
R2.25-Class4_N54M24-09,244,24,0.017923,OPT,12,NT,106,0,0
R2.25-Class4_N72M32-00,236,32,0.018491,OPT,8,NT,143,0,0
R2.25-Class4_N72M32-01,228,32,0.013375,OPT,8,NT,121,0,0
R2.25-Class4_N72M32-02,237,32,0.027636,OPT,12,NT,171,0,0
R2.25-Class4_N72M32-03,228,32,0.033819,OPT,8,NT,295,0,0
R2.25-Class4_N72M32-04,241,32,0.019722,OPT,13,NT,122,0,0
R2.25-Class4_N72M32-05,243,32,0.039895,OPT,16,NT,109,0,0
R2.25-Class4_N72M32-06,226,32,0.011278,OPT,2,NT,113,0,0
R2.25-Class4_N72M32-07,221,32,0.014011,OPT,4,NT,103,0,0
R2.25-Class4_N72M32-08,230,32,0.021084,OPT,13,NT,128,0,0
R2.25-Class4_N72M32-09,234,32,0.01214,OPT,8,NT,92,0,0
R2.25-Class4_N90M40-00,225,40,0.046519,OPT,7,NT,141,0,0
R2.25-Class4_N90M40-01,242,40,0.023227,OPT,12,NT,142,0,0
R2.25-Class4_N90M40-02,245,40,0.031367,OPT,13,NT,194,0,0
R2.25-Class4_N90M40-03,231,40,0.02733,OPT,4,NT,206,0,0
R2.25-Class4_N90M40-04,211,40,0.014376,OPT,2,NT,143,0,0
R2.25-Class4_N90M40-05,231,40,0.032585,OPT,14,NT,226,0,0
R2.25-Class4_N90M40-06,238,40,0.041545,OPT,14,NT,105,0,0
R2.25-Class4_N90M40-07,229,40,0.041517,OPT,6,NT,344,0,0
R2.25-Class4_N90M40-08,237,40,0.032603,OPT,11,NT,234,0,0
R2.25-Class4_N90M40-09,228,40,0.037005,OPT,12,NT,245,0,0
