R3-Class4_N108M36-00,303,36,0.022706,OPT,0,B1,211,0,0
R3-Class4_N108M36-01,297,36,0.017172,OPT,0,B1,227,0,0
R3-Class4_N108M36-02,301,36,0.045379,OPT,0,B1,191,0,0
R3-Class4_N108M36-03,299,36,0.027199,OPT,0,B1,228,0,0
R3-Class4_N108M36-04,287,36,0.027414,OPT,0,B1,222,1,0
R3-Class4_N108M36-05,292,36,0.026485,OPT,0,B1,275,0,0
R3-Class4_N108M36-06,295,36,0.01752,OPT,0,B1,176,1,0
R3-Class4_N108M36-07,300,36,0.039779,OPT,0,B1,321,1,0
R3-Class4_N108M36-08,306,36,0.04519,OPT,0,B1,220,0,0
R3-Class4_N108M36-09,306,36,0.019298,OPT,0,B1,219,0,0
R3-Class4_N126M42-00,301,42,0.039329,OPT,0,B1,255,0,0
R3-Class4_N126M42-01,299,42,0.032613,OPT,0,B1,239,0,0
R3-Class4_N126M42-02,298,42,0.05749,OPT,0,B1,297,0,0
R3-Class4_N126M42-03,302,42,0.026616,OPT,0,B1,205,1,0
R3-Class4_N126M42-04,297,42,0.023125,OPT,0,B1,233,0,0
R3-Class4_N126M42-05,299,42,0.024732,OPT,0,B1,220,0,0
R3-Class4_N126M42-06,296,42,0.039364,OPT,0,B1,206,0,0
R3-Class4_N126M42-07,297,42,0.026156,OPT,0,B1,267,2,0
R3-Class4_N126M42-08,295,42,0.023742,OPT,0,B1,230,1,0
R3-Class4_N126M42-09,303,42,0.019628,OPT,0,B1,247,0,0
R3-Class4_N144M48-00,292,48,0.026348,OPT,0,B1,213,0,0
R3-Class4_N144M48-01,304,48,0.023311,OPT,0,B1,325,0,0
R3-Class4_N144M48-02,302,48,0.033298,OPT,0,B1,290,0,0
R3-Class4_N144M48-03,303,48,0.032484,OPT,0,B1,237,0,0
R3-Class4_N144M48-04,298,48,0.040877,OPT,0,B1,265,0,0
R3-Class4_N144M48-05,294,48,0.019846,OPT,0,B1,194,0,0
R3-Class4_N144M48-06,302,48,0.027839,OPT,0,B1,265,1,0
R3-Class4_N144M48-07,301,48,0.029995,OPT,0,B1,281,0,0
R3-Class4_N144M48-08,292,48,0.022787,OPT,0,B1,226,0,0
R3-Class4_N144M48-09,296,48,0.032548,OPT,0,B1,316,0,0
R3-Class4_N162M54-00,295,54,0.03063,OPT,0,B1,272,0,0
R3-Class4_N162M54-01,306,54,0.030665,OPT,0,B1,307,2,0
R3-Class4_N162M54-02,311,54,0.022035,OPT,0,B1,238,0,0
R3-Class4_N162M54-03,289,54,0.02695,OPT,0,B1,295,0,0
R3-Class4_N162M54-04,300,54,0.02468,OPT,0,B1,243,0,0
R3-Class4_N162M54-05,295,54,0.041604,OPT,0,B1,278,0,0
R3-Class4_N162M54-06,304,54,0.024971,OPT,0,B1,237,1,0
R3-Class4_N162M54-07,304,54,0.033174,OPT,0,B1,227,0,0
R3-Class4_N162M54-08,294,54,0.063699,OPT,0,B1,322,0,0
R3-Class4_N162M54-09,300,54,0.040894,OPT,0,B1,299,1,0
R3-Class4_N180M60-00,294,60,0.027299,OPT,0,B1,202,0,0
R3-Class4_N180M60-01,295,60,0.040595,OPT,0,B1,300,0,0
R3-Class4_N180M60-02,298,60,0.034767,OPT,0,B1,293,0,0
R3-Class4_N180M60-03,297,60,0.03167,OPT,0,B1,313,0,0
R3-Class4_N180M60-04,301,60,0.068091,OPT,0,B1,334,1,0
R3-Class4_N180M60-05,297,60,0.03043,OPT,0,B1,229,0,0
R3-Class4_N180M60-06,305,60,0.050723,OPT,0,B1,244,0,0
R3-Class4_N180M60-07,293,60,0.02334,OPT,0,B1,224,0,0
R3-Class4_N180M60-08,297,60,0.039184,OPT,0,B1,327,0,0
R3-Class4_N180M60-09,297,60,0.037092,OPT,0,B1,277,2,0
R3-Class4_N198M66-00,296,66,0.02837,OPT,0,B1,300,0,0
R3-Class4_N198M66-01,299,66,0.036886,OPT,0,B1,294,2,0
R3-Class4_N198M66-02,301,66,0.026802,OPT,0,B1,244,0,0
R3-Class4_N198M66-03,301,66,0.056254,OPT,0,B1,274,0,0
R3-Class4_N198M66-04,299,66,0.028523,OPT,0,B1,281,0,0
R3-Class4_N198M66-05,295,66,0.031636,OPT,0,B1,260,0,0
R3-Class4_N198M66-06,304,66,0.038908,OPT,0,B1,297,0,0
R3-Class4_N198M66-07,300,66,0.030597,OPT,0,B1,304,0,0
R3-Class4_N198M66-08,288,66,0.058907,OPT,0,B1,324,0,0
R3-Class4_N198M66-09,306,66,0.03019,OPT,0,B1,277,0,0
R3-Class4_N36M12-00,280,12,0.007688,OPT,0,B1,88,0,0
R3-Class4_N36M12-01,308,12,0.028841,OPT,0,B1,92,0,0
R3-Class4_N36M12-02,295,12,0.007972,OPT,0,B1,86,0,0
R3-Class4_N36M12-03,287,12,0.005818,OPT,0,B1,82,0,0
R3-Class4_N36M12-04,310,12,0.008048,OPT,0,B1,82,3,0
R3-Class4_N36M12-05,310,12,0.013385,OPT,0,B1,111,5,0
R3-Class4_N36M12-06,298,12,0.026132,OPT,0,B1,78,0,0
R3-Class4_N36M12-07,306,12,0.007174,OPT,0,B1,110,0,0
R3-Class4_N36M12-08,306,12,0.007329,OPT,0,B1,66,2,0
R3-Class4_N36M12-09,301,12,0.005925,OPT,0,B1,61,1,0
R3-Class4_N54M18-00,302,18,0.016742,OPT,0,B1,143,4,0
R3-Class4_N54M18-01,302,18,0.01209,OPT,0,B1,117,1,0
R3-Class4_N54M18-02,315,18,0.016924,OPT,0,B1,149,7,0
R3-Class4_N54M18-03,310,18,0.040408,OPT,0,B1,129,0,0
R3-Class4_N54M18-04,299,18,0.007849,OPT,0,B1,98,0,0
R3-Class4_N54M18-05,308,18,0.010898,OPT,0,B1,94,0,0
R3-Class4_N54M18-06,301,18,0.008541,OPT,0,B1,111,0,0
R3-Class4_N54M18-07,303,18,0.041862,OPT,0,B1,150,4,0
R3-Class4_N54M18-08,298,18,0.032981,OPT,0,B1,135,3,0
R3-Class4_N54M18-09,309,18,0.047709,OPT,0,B1,161,1,3
R3-Class4_N72M24-00,304,24,0.02229,OPT,0,B1,244,1,0
R3-Class4_N72M24-01,293,24,0.024117,OPT,0,B1,183,0,0
R3-Class4_N72M24-02,299,24,0.009936,OPT,0,B1,133,0,0
R3-Class4_N72M24-03,293,24,0.026274,OPT,0,B1,214,4,0
R3-Class4_N72M24-04,304,24,0.012416,OPT,0,B1,112,0,0
R3-Class4_N72M24-05,303,24,0.022411,OPT,0,B1,182,2,0
R3-Class4_N72M24-06,299,24,0.027499,OPT,0,B1,191,1,0
R3-Class4_N72M24-07,289,24,0.02301,OPT,0,B1,200,0,0
R3-Class4_N72M24-08,289,24,0.026976,OPT,0,B1,177,1,0
R3-Class4_N72M24-09,301,24,0.026254,OPT,0,B1,221,3,0
R3-Class4_N90M30-00,290,30,0.025396,OPT,0,B1,231,0,0
R3-Class4_N90M30-01,306,30,0.034006,OPT,0,B1,264,1,0
R3-Class4_N90M30-02,309,30,0.031908,OPT,0,B1,259,2,0
R3-Class4_N90M30-03,303,30,0.016404,OPT,0,B1,149,0,0
R3-Class4_N90M30-04,279,30,0.023736,OPT,0,B1,233,0,0
R3-Class4_N90M30-05,289,30,0.020293,OPT,0,B1,190,0,0
R3-Class4_N90M30-06,299,30,0.024711,OPT,0,B1,213,0,0
R3-Class4_N90M30-07,297,30,0.049583,OPT,0,B1,207,1,0
R3-Class4_N90M30-08,301,30,0.04086,OPT,0,B1,174,1,0
R3-Class4_N90M30-09,288,30,0.027574,OPT,0,B1,274,2,0
