R2.75-Class5_N110M40-00,289,40,0.045224,OPT,0,B1,359,3,0
R2.75-Class5_N110M40-01,273,40,0.053617,OPT,0,B1,380,0,0
R2.75-Class5_N110M40-02,274,40,0.038535,OPT,0,B1,292,3,0
R2.75-Class5_N110M40-03,271,40,0.086355,OPT,0,B1,305,1,0
R2.75-Class5_N110M40-04,306,40,0.041919,OPT,0,B1,365,1,0
R2.75-Class5_N110M40-05,314,40,0.04056,OPT,0,B1,297,0,0
R2.75-Class5_N110M40-06,293,40,0.048901,OPT,0,B1,387,1,0
R2.75-Class5_N110M40-07,261,40,0.070017,OPT,0,B1,406,4,0
R2.75-Class5_N110M40-08,286,40,0.082985,OPT,0,B1,377,2,0
R2.75-Class5_N110M40-09,290,40,0.058469,OPT,0,B1,341,1,0
R2.75-Class5_N132M48-00,295,48,0.068355,OPT,0,B1,452,1,0
R2.75-Class5_N132M48-01,306,48,0.082981,OPT,0,B1,406,0,0
R2.75-Class5_N132M48-02,278,48,0.123348,OPT,0,B1,468,1,0
R2.75-Class5_N132M48-03,309,48,0.065545,OPT,0,B1,397,3,0
R2.75-Class5_N132M48-04,291,48,0.043276,OPT,0,B1,295,0,0
R2.75-Class5_N132M48-05,282,48,0.032517,OPT,0,B1,326,0,0
R2.75-Class5_N132M48-06,268,48,0.083704,OPT,0,B1,442,2,0
R2.75-Class5_N132M48-07,278,48,0.061346,OPT,0,B1,358,1,0
R2.75-Class5_N132M48-08,282,48,0.056922,OPT,0,B1,344,7,0
R2.75-Class5_N132M48-09,263,48,0.073529,OPT,0,B1,417,1,0
R2.75-Class5_N154M56-00,266,56,0.069501,OPT,0,B1,457,0,0
R2.75-Class5_N154M56-01,268,56,0.064801,OPT,0,B1,453,0,0
R2.75-Class5_N154M56-02,289,56,0.069502,OPT,0,B1,454,1,0
R2.75-Class5_N154M56-03,281,56,0.070422,OPT,0,B1,471,4,0
R2.75-Class5_N154M56-04,276,56,0.061824,OPT,0,B1,367,6,0
R2.75-Class5_N154M56-05,271,56,0.044565,OPT,0,B1,361,2,0
R2.75-Class5_N154M56-06,270,56,0.058063,OPT,0,B1,412,0,0
R2.75-Class5_N154M56-07,278,56,0.060613,OPT,0,B1,437,0,0
R2.75-Class5_N154M56-08,282,56,0.044448,OPT,0,B1,360,0,0
R2.75-Class5_N154M56-09,284,56,0.078404,OPT,0,B1,474,0,0
R2.75-Class5_N176M64-00,274,64,0.07935,OPT,0,B1,406,2,0
R2.75-Class5_N176M64-01,283,64,0.00017,OPT,0,B1,0,0,0
R2.75-Class5_N176M64-02,257,64,0.064269,OPT,0,B1,469,0,0
R2.75-Class5_N176M64-03,279,64,0.044132,OPT,0,B1,307,5,0
R2.75-Class5_N176M64-04,283,64,0.063363,OPT,0,B1,408,1,0
R2.75-Class5_N176M64-05,289,64,0.061495,OPT,0,B1,403,0,0
R2.75-Class5_N176M64-06,271,62,0.000168,OPT,0,B1,0,0,0
R2.75-Class5_N176M64-07,287,64,0.058351,OPT,0,B1,434,1,0
R2.75-Class5_N176M64-08,271,64,0.037118,OPT,0,B1,318,2,0
R2.75-Class5_N176M64-09,286,64,0.10634,OPT,0,B1,428,0,0
R2.75-Class5_N198M72-00,286,72,0.047019,OPT,0,B1,334,0,0
R2.75-Class5_N198M72-01,280,72,0.062065,OPT,0,B1,410,1,0
R2.75-Class5_N198M72-02,274,72,0.103813,OPT,0,B1,466,0,0
R2.75-Class5_N198M72-03,291,72,0.073762,OPT,0,B1,471,0,0
R2.75-Class5_N198M72-04,285,72,0.062128,OPT,0,B1,387,0,0
R2.75-Class5_N198M72-05,286,72,0.129518,OPT,0,B1,663,0,0
R2.75-Class5_N198M72-06,278,72,0.064492,OPT,0,B1,459,1,0
R2.75-Class5_N198M72-07,271,72,0.063635,OPT,0,B1,453,0,0
R2.75-Class5_N198M72-08,274,72,0.086236,OPT,0,B1,571,0,0
R2.75-Class5_N198M72-09,282,72,0.056012,OPT,0,B1,507,0,0
R2.75-Class5_N220M80-00,280,80,0.000431,OPT,0,B1,0,0,0
R2.75-Class5_N220M80-01,268,80,0.090175,OPT,0,B1,472,0,0
R2.75-Class5_N220M80-02,277,80,0.019183,OPT,0,B1,219,0,0
R2.75-Class5_N220M80-03,286,80,0.061939,OPT,0,B1,473,2,0
R2.75-Class5_N220M80-04,281,80,0.11061,OPT,0,B1,660,1,0
R2.75-Class5_N220M80-05,270,80,0.069913,OPT,0,B1,563,0,0
R2.75-Class5_N220M80-06,271,80,0.09555,OPT,0,B1,504,0,0
R2.75-Class5_N220M80-07,292,80,0.059949,OPT,0,B1,424,0,0
R2.75-Class5_N220M80-08,281,80,0.112887,OPT,0,B1,551,0,0
R2.75-Class5_N220M80-09,286,80,0.065001,OPT,0,B1,466,0,0
R2.75-Class5_N22M8-00,308,8,0.009064,OPT,2,NT,77,0,0
R2.75-Class5_N22M8-01,209,8,0.007921,OPT,3,NT,48,0,0
R2.75-Class5_N22M8-02,254,8,0.007742,OPT,0,B1,57,0,0
R2.75-Class5_N22M8-03,307,8,0.007102,OPT,1,NT,60,0,0
R2.75-Class5_N22M8-04,294,8,0.006603,OPT,3,NT,50,0,0
R2.75-Class5_N22M8-05,252,8,0.006654,OPT,3,NT,35,0,0
R2.75-Class5_N22M8-06,246,8,0.009375,OPT,1,NT,66,0,0
R2.75-Class5_N22M8-07,239,8,0.008144,OPT,1,NT,63,0,0
R2.75-Class5_N22M8-08,225,8,0.008314,OPT,2,NT,54,0,0
R2.75-Class5_N22M8-09,308,8,0.009059,OPT,1,NT,71,0,0
R2.75-Class5_N44M16-00,339,16,0.021401,OPT,0,B1,157,5,0
R2.75-Class5_N44M16-01,261,16,0.021279,OPT,1,NT,144,3,0
R2.75-Class5_N44M16-02,246,16,0.018351,OPT,0,B1,138,1,0
R2.75-Class5_N44M16-03,270,16,0.011702,OPT,0,B1,122,0,0
R2.75-Class5_N44M16-04,298,16,0.008129,OPT,0,B1,129,0,0
R2.75-Class5_N44M16-05,266,16,0.06573,OPT,1,NT,156,0,0
R2.75-Class5_N44M16-06,289,16,0.01947,OPT,0,B1,150,9,0
R2.75-Class5_N44M16-07,285,16,0.009058,OPT,0,B1,120,0,0
R2.75-Class5_N44M16-08,301,16,0.043364,OPT,1,NT,135,6,0
R2.75-Class5_N44M16-09,302,16,0.026948,OPT,1,NT,162,5,0
R2.75-Class5_N66M24-00,266,24,0.045607,OPT,0,B1,188,1,0
R2.75-Class5_N66M24-01,303,24,0.016053,OPT,0,B1,196,0,0
R2.75-Class5_N66M24-02,293,24,0.062334,OPT,1,NT,282,7,0
R2.75-Class5_N66M24-03,303,24,0.058397,OPT,0,B1,299,15,0
R2.75-Class5_N66M24-04,302,24,0.017677,OPT,0,B1,175,0,0
R2.75-Class5_N66M24-05,289,24,0.029083,OPT,0,B1,180,4,0
R2.75-Class5_N66M24-06,244,24,0.012481,OPT,0,B1,172,0,0
R2.75-Class5_N66M24-07,269,24,0.054255,OPT,0,B1,266,1,0
R2.75-Class5_N66M24-08,273,24,0.046797,OPT,0,B1,289,7,0
R2.75-Class5_N66M24-09,279,24,0.018671,OPT,0,B1,215,3,0
R2.75-Class5_N88M32-00,273,32,0.062096,OPT,0,B1,378,3,0
R2.75-Class5_N88M32-01,301,32,0.067819,OPT,0,B1,244,5,0
R2.75-Class5_N88M32-02,277,32,0.039064,OPT,0,B1,298,0,0
R2.75-Class5_N88M32-03,272,32,0.033167,OPT,0,B1,348,1,0
R2.75-Class5_N88M32-04,286,32,0.029981,OPT,0,B1,229,2,0
R2.75-Class5_N88M32-05,249,32,0.062144,OPT,0,B1,289,9,0
R2.75-Class5_N88M32-06,277,32,0.062154,OPT,0,B1,361,8,0
R2.75-Class5_N88M32-07,287,32,0.040483,OPT,1,NT,307,3,0
R2.75-Class5_N88M32-08,300,32,0.031566,OPT,1,NT,302,3,0
R2.75-Class5_N88M32-09,261,32,0.03912,OPT,0,B1,242,11,0
