R2.5-Class4_N100M40-00,270,40,0.085054,OPT,12,NT,506,0,0
R2.5-Class4_N100M40-01,271,40,0.041021,OPT,17,NT,395,0,0
R2.5-Class4_N100M40-02,265,40,0.048013,OPT,12,NT,404,0,0
R2.5-Class4_N100M40-03,265,40,0.068042,OPT,13,NT,651,0,0
R2.5-Class4_N100M40-04,254,40,0.037269,OPT,4,NT,290,0,0
R2.5-Class4_N100M40-05,262,40,0.057039,OPT,11,NT,498,0,0
R2.5-Class4_N100M40-06,256,40,0.04409,OPT,10,NT,452,0,0
R2.5-Class4_N100M40-07,260,40,0.062237,OPT,12,NT,476,0,0
R2.5-Class4_N100M40-08,260,40,0.050681,OPT,8,NT,465,0,0
R2.5-Class4_N100M40-09,250,40,0.058975,OPT,8,NT,356,0,0
R2.5-Class4_N120M48-00,256,48,0.044848,OPT,9,NT,378,0,0
R2.5-Class4_N120M48-01,246,48,0.032236,OPT,5,NT,288,1,0
R2.5-Class4_N120M48-02,272,48,0.057735,OPT,13,NT,488,0,0
R2.5-Class4_N120M48-03,268,48,0.081132,OPT,13,NT,633,1,0
R2.5-Class4_N120M48-04,242,48,0.049755,OPT,7,NT,466,0,0
R2.5-Class4_N120M48-05,257,48,0.037458,OPT,13,NT,347,0,0
R2.5-Class4_N120M48-06,260,48,0.068405,OPT,11,NT,506,1,0
R2.5-Class4_N120M48-07,256,48,0.06854,OPT,9,NT,405,0,0
R2.5-Class4_N120M48-08,262,48,0.039114,OPT,14,NT,338,0,0
R2.5-Class4_N120M48-09,262,48,0.056814,OPT,13,NT,550,0,0
R2.5-Class4_N140M56-00,263,56,0.052575,OPT,13,NT,503,0,0
R2.5-Class4_N140M56-01,257,56,0.048684,OPT,9,NT,393,0,0
R2.5-Class4_N140M56-02,246,56,0.050171,OPT,8,NT,419,0,0
R2.5-Class4_N140M56-03,261,56,0.109391,OPT,14,NT,743,1,0
R2.5-Class4_N140M56-04,260,56,0.103504,OPT,10,NT,460,0,0
R2.5-Class4_N140M56-05,268,56,0.063122,OPT,14,NT,559,0,0
R2.5-Class4_N140M56-06,266,56,0.077471,OPT,12,NT,579,0,0
R2.5-Class4_N140M56-07,258,56,0.061526,OPT,12,NT,509,0,0
R2.5-Class4_N140M56-08,260,56,0.068381,OPT,8,NT,553,0,0
R2.5-Class4_N140M56-09,266,56,0.135252,OPT,16,NT,446,0,0
R2.5-Class4_N160M64-00,261,64,0.112072,OPT,12,NT,751,0,0
R2.5-Class4_N160M64-01,258,64,0.040061,OPT,10,NT,406,0,0
R2.5-Class4_N160M64-02,256,64,0.05637,OPT,9,NT,564,0,0
R2.5-Class4_N160M64-03,261,64,0.063829,OPT,14,NT,506,0,0
R2.5-Class4_N160M64-04,261,64,0.075917,OPT,11,NT,715,0,0
R2.5-Class4_N160M64-05,258,64,0.091886,OPT,11,NT,558,0,0
R2.5-Class4_N160M64-06,258,64,0.054859,OPT,7,NT,498,0,0
R2.5-Class4_N160M64-07,270,64,0.045637,OPT,14,NT,483,0,0
R2.5-Class4_N160M64-08,259,64,0.090108,OPT,12,NT,781,0,0
R2.5-Class4_N160M64-09,262,64,0.05845,OPT,15,NT,494,0,0
R2.5-Class4_N180M72-00,264,72,0.055185,OPT,13,NT,445,0,0
R2.5-Class4_N180M72-01,258,72,0.049346,OPT,10,NT,427,0,0
R2.5-Class4_N180M72-02,258,72,0.057396,OPT,11,NT,497,0,0
R2.5-Class4_N180M72-03,249,72,0.089715,OPT,6,NT,426,0,0
R2.5-Class4_N180M72-04,267,72,0.098525,OPT,12,NT,696,0,0
R2.5-Class4_N180M72-05,271,72,0.141803,OPT,12,NT,816,0,0
R2.5-Class4_N180M72-06,252,72,0.069373,OPT,10,NT,372,0,0
R2.5-Class4_N180M72-07,263,72,0.062844,OPT,12,NT,541,0,0
R2.5-Class4_N180M72-08,261,72,0.055766,OPT,13,NT,510,0,0
R2.5-Class4_N180M72-09,264,72,0.124443,OPT,15,NT,579,0,0
R2.5-Class4_N200M80-00,259,80,0.036659,OPT,10,NT,352,0,0
R2.5-Class4_N200M80-01,262,80,0.088557,OPT,10,NT,424,0,0
R2.5-Class4_N200M80-02,261,80,0.07076,OPT,16,NT,530,0,0
R2.5-Class4_N200M80-03,254,80,0.09013,OPT,8,NT,536,0,0
R2.5-Class4_N200M80-04,261,80,0.052821,OPT,11,NT,484,0,0
R2.5-Class4_N200M80-05,257,80,0.055808,OPT,12,NT,427,0,0
R2.5-Class4_N200M80-06,265,80,0.069901,OPT,12,NT,576,0,0
R2.5-Class4_N200M80-07,268,80,0.076571,OPT,16,NT,524,0,0
R2.5-Class4_N200M80-08,257,80,0.062402,OPT,11,NT,489,0,0
R2.5-Class4_N200M80-09,258,80,0.045928,OPT,9,NT,421,0,0
R2.5-Class4_N20M8-00,256,8,0.006434,OPT,11,NT,39,0,0
R2.5-Class4_N20M8-01,255,8,0.013685,OPT,14,NT,74,0,0
R2.5-Class4_N20M8-02,254,8,0.00877,OPT,14,NT,38,0,0
R2.5-Class4_N20M8-03,272,8,0.010179,OPT,23,NT,49,1,0
R2.5-Class4_N20M8-04,259,8,0.003836,OPT,17,NT,24,0,0
R2.5-Class4_N20M8-05,277,8,0.010104,OPT,13,NT,61,1,0
R2.5-Class4_N20M8-06,291,8,0.014454,OPT,14,NT,77,0,0
R2.5-Class4_N20M8-07,257,8,0.007948,OPT,9,NT,47,0,0
R2.5-Class4_N20M8-08,260,8,0.010003,OPT,12,NT,45,2,0
R2.5-Class4_N20M8-09,272,8,0.011212,OPT,19,NT,66,0,0
R2.5-Class4_N40M16-00,258,16,0.052367,OPT,17,NT,242,0,0
R2.5-Class4_N40M16-01,271,16,0.01887,OPT,19,NT,136,0,0
R2.5-Class4_N40M16-02,276,16,0.023722,OPT,17,NT,195,0,0
R2.5-Class4_N40M16-03,277,16,0.028175,OPT,21,NT,226,0,0
R2.5-Class4_N40M16-04,249,16,0.012965,OPT,3,NT,81,0,0
R2.5-Class4_N40M16-05,261,16,0.023784,OPT,18,NT,183,0,0
R2.5-Class4_N40M16-06,268,16,0.022012,OPT,11,NT,138,2,0
R2.5-Class4_N40M16-07,239,16,0.0123,OPT,2,NT,124,0,0
R2.5-Class4_N40M16-08,255,16,0.045305,OPT,7,NT,145,0,0
R2.5-Class4_N40M16-09,266,16,0.022585,OPT,20,NT,154,0,0
R2.5-Class4_N60M24-00,263,24,0.041867,OPT,15,NT,390,1,0
R2.5-Class4_N60M24-01,250,24,0.024744,OPT,8,NT,203,0,0
R2.5-Class4_N60M24-02,262,24,0.050573,OPT,11,NT,415,1,0
R2.5-Class4_N60M24-03,256,24,0.031778,OPT,11,NT,265,0,0
R2.5-Class4_N60M24-04,238,24,0.049084,OPT,3,NT,190,2,0
R2.5-Class4_N60M24-05,263,24,0.049577,OPT,17,NT,195,0,0
R2.5-Class4_N60M24-06,257,24,0.017121,OPT,15,NT,131,0,0
R2.5-Class4_N60M24-07,271,24,0.037953,OPT,13,NT,268,3,0
R2.5-Class4_N60M24-08,248,24,0.032684,OPT,6,NT,213,1,0
R2.5-Class4_N60M24-09,267,24,0.077886,OPT,11,NT,428,4,0
R2.5-Class4_N80M32-00,258,32,0.020958,OPT,11,NT,149,0,0
R2.5-Class4_N80M32-01,267,32,0.060905,OPT,14,NT,238,0,0
R2.5-Class4_N80M32-02,254,32,0.078885,OPT,7,NT,433,1,0
R2.5-Class4_N80M32-03,267,32,0.030883,OPT,17,NT,235,0,0
R2.5-Class4_N80M32-04,263,32,0.074965,OPT,13,NT,395,2,0
R2.5-Class4_N80M32-05,261,32,0.045076,OPT,13,NT,432,0,0
R2.5-Class4_N80M32-06,259,32,0.039793,OPT,8,NT,320,1,0
R2.5-Class4_N80M32-07,270,32,0.073063,OPT,14,NT,354,1,0
R2.5-Class4_N80M32-08,261,32,0.058154,OPT,11,NT,453,0,0
R2.5-Class4_N80M32-09,274,32,0.030724,OPT,18,NT,237,0,0
