R2.75-Class6_N110M40-00,734,40,0.334178,OPT,0,B1,608,16,10
R2.75-Class6_N110M40-01,752,40,0.268113,OPT,0,B1,736,16,10
R2.75-Class6_N110M40-02,763,40,0.096946,OPT,0,B1,555,0,0
R2.75-Class6_N110M40-03,738,40,0.115515,OPT,0,B1,519,7,0
R2.75-Class6_N110M40-04,724,40,0.097444,OPT,0,B1,474,1,0
R2.75-Class6_N110M40-05,736,40,0.100812,OPT,0,B1,559,5,0
R2.75-Class6_N110M40-06,748,40,0.160357,OPT,0,B1,526,5,0
R2.75-Class6_N110M40-07,749,40,0.110355,OPT,0,B1,601,8,0
R2.75-Class6_N110M40-08,769,40,0.105316,OPT,0,B1,579,8,0
R2.75-Class6_N110M40-09,746,40,0.190965,OPT,1,NT,686,3,0
R2.75-Class6_N132M48-00,888,48,0.153407,OPT,0,B1,624,6,0
R2.75-Class6_N132M48-01,923,48,0.196705,OPT,0,B1,726,2,0
R2.75-Class6_N132M48-02,843,48,0.212551,OPT,0,B1,824,5,0
R2.75-Class6_N132M48-03,896,48,0.158563,OPT,0,B1,694,2,0
R2.75-Class6_N132M48-04,884,48,0.213649,OPT,1,NT,773,7,0
R2.75-Class6_N132M48-05,896,48,0.131897,OPT,0,B1,698,4,0
R2.75-Class6_N132M48-06,919,48,0.13602,OPT,0,B1,686,6,0
R2.75-Class6_N132M48-07,925,48,0.127448,OPT,0,B1,812,3,0
R2.75-Class6_N132M48-08,879,48,0.105982,OPT,0,B1,574,2,0
R2.75-Class6_N132M48-09,887,48,0.116441,OPT,0,B1,698,6,0
R2.75-Class6_N154M56-00,1044,56,0.270601,OPT,0,B1,973,4,0
R2.75-Class6_N154M56-01,1035,56,0.339943,OPT,1,NT,1019,7,0
R2.75-Class6_N154M56-02,1072,56,0.392977,OPT,0,B1,890,7,0
R2.75-Class6_N154M56-03,1089,56,0.188594,OPT,0,B1,882,2,0
R2.75-Class6_N154M56-04,1053,56,0.331379,OPT,1,NT,932,2,0
R2.75-Class6_N154M56-05,1129,56,0.22212,OPT,0,B1,922,2,0
R2.75-Class6_N154M56-06,1052,56,0.291229,OPT,1,NT,850,2,0
R2.75-Class6_N154M56-07,1089,56,0.165922,OPT,0,B1,790,1,0
R2.75-Class6_N154M56-08,1054,56,0.198953,OPT,0,B1,934,3,0
R2.75-Class6_N154M56-09,1026,56,0.147969,OPT,0,B1,840,3,0
R2.75-Class6_N176M64-00,1168,64,0.219992,OPT,0,B1,968,8,0
R2.75-Class6_N176M64-01,1198,64,0.221205,OPT,0,B1,985,2,0
R2.75-Class6_N176M64-02,1224,64,0.366303,OPT,1,NT,1244,11,0
R2.75-Class6_N176M64-03,1189,64,0.465659,OPT,1,NT,1217,2,0
R2.75-Class6_N176M64-04,1227,64,0.242156,OPT,0,B1,1070,3,0
R2.75-Class6_N176M64-05,1208,64,0.496468,OPT,1,NT,1313,7,0
R2.75-Class6_N176M64-06,1153,64,0.200214,OPT,0,B1,834,2,0
R2.75-Class6_N176M64-07,1234,64,0.417396,OPT,1,NT,1374,9,0
R2.75-Class6_N176M64-08,1206,64,0.202776,OPT,0,B1,761,1,0
R2.75-Class6_N176M64-09,1282,64,0.338359,OPT,0,B1,1179,3,0
R2.75-Class6_N198M72-00,1347,72,0.259967,OPT,0,B1,1127,4,0
R2.75-Class6_N198M72-01,1340,72,0.232665,OPT,0,B1,1296,2,0
R2.75-Class6_N198M72-02,1410,72,0.679903,OPT,1,NT,1485,10,0
R2.75-Class6_N198M72-03,1448,72,0.293697,OPT,0,B1,1172,2,0
R2.75-Class6_N198M72-04,1350,72,0.322934,OPT,0,B1,1138,1,0
R2.75-Class6_N198M72-05,1386,72,0.25793,OPT,0,B1,1149,7,0
R2.75-Class6_N198M72-06,1351,72,0.728363,OPT,1,NT,1551,8,0
R2.75-Class6_N198M72-07,1400,72,0.637497,OPT,1,NT,1826,9,0
R2.75-Class6_N198M72-08,1396,72,0.381939,OPT,0,B1,1403,7,0
R2.75-Class6_N198M72-09,1345,72,0.317096,OPT,0,B1,1241,2,0
R2.75-Class6_N220M80-00,1495,80,0.385136,OPT,0,B1,1287,4,0
R2.75-Class6_N220M80-01,1445,80,0.300431,OPT,0,B1,1306,6,0
R2.75-Class6_N220M80-02,1510,80,0.723914,OPT,1,NT,1513,6,0
R2.75-Class6_N220M80-03,1454,80,0.445404,OPT,0,B1,1350,6,0
R2.75-Class6_N220M80-04,1474,80,0.335113,OPT,0,B1,1218,7,0
R2.75-Class6_N220M80-05,1456,80,0.382404,OPT,0,B1,1319,1,0
R2.75-Class6_N220M80-06,1456,80,0.304054,OPT,0,B1,1258,4,0
R2.75-Class6_N220M80-07,1509,80,0.90407,OPT,0,B1,1801,28,10
R2.75-Class6_N220M80-08,1539,80,0.495107,OPT,0,B1,1749,3,0
R2.75-Class6_N220M80-09,1518,80,0.472218,OPT,0,B1,1687,8,0
R2.75-Class6_N22M8-00,163,8,0.00915,OPT,5,NT,43,0,0
R2.75-Class6_N22M8-01,160,8,0.003647,OPT,0,B1,47,0,0
R2.75-Class6_N22M8-02,152,8,0.00349,OPT,0,B1,47,0,0
R2.75-Class6_N22M8-03,151,8,0.006723,OPT,1,NT,59,0,0
R2.75-Class6_N22M8-04,167,8,0.006054,OPT,1,NT,57,0,0
R2.75-Class6_N22M8-05,148,8,0.012519,OPT,1,NT,68,4,0
R2.75-Class6_N22M8-06,165,8,0.006433,OPT,0,B1,46,0,0
R2.75-Class6_N22M8-07,146,8,0.004257,OPT,1,NT,49,0,0
R2.75-Class6_N22M8-08,153,8,0.025323,OPT,0,B1,57,0,0
R2.75-Class6_N22M8-09,124,8,0.00609,OPT,1,NT,50,0,0
R2.75-Class6_N44M16-00,295,16,0.015013,OPT,2,NT,159,1,0
R2.75-Class6_N44M16-01,305,16,0.043708,OPT,2,NT,171,0,0
R2.75-Class6_N44M16-02,319,16,0.021355,OPT,1,NT,195,1,0
R2.75-Class6_N44M16-03,302,16,0.036952,OPT,1,NT,160,15,0
R2.75-Class6_N44M16-04,300,16,0.009282,OPT,1,NT,136,0,0
R2.75-Class6_N44M16-05,287,16,0.018855,OPT,0,B1,124,8,0
R2.75-Class6_N44M16-06,286,16,0.027429,OPT,1,NT,153,9,0
R2.75-Class6_N44M16-07,340,16,0.0144,OPT,1,NT,133,2,0
R2.75-Class6_N44M16-08,296,16,0.006328,OPT,0,B1,113,0,0
R2.75-Class6_N44M16-09,299,16,0.044553,OPT,1,NT,147,1,0
R2.75-Class6_N66M24-00,424,24,0.051478,OPT,0,B1,304,1,0
R2.75-Class6_N66M24-01,437,24,0.020777,OPT,0,B1,205,5,0
R2.75-Class6_N66M24-02,420,24,0.048147,OPT,0,B1,291,6,0
R2.75-Class6_N66M24-03,419,24,0.041461,OPT,1,NT,260,6,0
R2.75-Class6_N66M24-04,493,24,0.082413,OPT,0,B1,315,11,6
R2.75-Class6_N66M24-05,442,24,0.00906,OPT,0,B1,170,0,0
R2.75-Class6_N66M24-06,477,24,0.017886,OPT,0,B1,211,0,0
R2.75-Class6_N66M24-07,498,24,0.037198,OPT,0,B1,247,4,0
R2.75-Class6_N66M24-08,465,24,0.052415,OPT,1,NT,254,6,0
R2.75-Class6_N66M24-09,458,24,0.023062,OPT,0,B1,237,2,0
R2.75-Class6_N88M32-00,613,32,0.041223,OPT,0,B1,360,0,0
R2.75-Class6_N88M32-01,610,32,0.068034,OPT,0,B1,378,3,0
R2.75-Class6_N88M32-02,609,32,0.082603,OPT,0,B1,390,3,0
R2.75-Class6_N88M32-03,571,32,0.12686,OPT,1,NT,467,7,0
R2.75-Class6_N88M32-04,626,32,0.096184,OPT,0,B1,450,7,0
R2.75-Class6_N88M32-05,625,32,0.052683,OPT,0,B1,372,2,0
R2.75-Class6_N88M32-06,637,32,0.114376,OPT,1,NT,425,4,0
R2.75-Class6_N88M32-07,610,32,0.05026,OPT,0,B1,390,3,0
R2.75-Class6_N88M32-08,593,32,0.055607,OPT,0,B1,350,2,0
R2.75-Class6_N88M32-09,586,32,0.06381,OPT,0,B1,398,2,0
