R2.75-Class3_N110M40-00,213,40,0.065192,OPT,6,NT,468,0,0
R2.75-Class3_N110M40-01,214,40,0.022,OPT,5,NT,277,0,0
R2.75-Class3_N110M40-02,211,40,0.025257,OPT,5,NT,277,0,0
R2.75-Class3_N110M40-03,214,40,0.035186,OPT,5,NT,293,0,0
R2.75-Class3_N110M40-04,209,40,0.035433,OPT,4,NT,288,0,0
R2.75-Class3_N110M40-05,210,40,0.026921,OPT,5,NT,299,0,0
R2.75-Class3_N110M40-06,204,40,0.07618,OPT,4,NT,280,0,0
R2.75-Class3_N110M40-07,212,40,0.071183,OPT,6,NT,464,0,0
R2.75-Class3_N110M40-08,221,40,0.057144,OPT,7,NT,531,0,0
R2.75-Class3_N110M40-09,207,40,0.028338,OPT,4,NT,348,0,0
R2.75-Class3_N132M48-00,214,48,0.039032,OPT,6,NT,418,0,0
R2.75-Class3_N132M48-01,209,48,0.019827,OPT,5,NT,246,0,0
R2.75-Class3_N132M48-02,205,48,0.034114,OPT,3,NT,344,0,0
R2.75-Class3_N132M48-03,209,48,0.051851,OPT,4,NT,317,0,0
R2.75-Class3_N132M48-04,213,48,0.033288,OPT,5,NT,319,0,0
R2.75-Class3_N132M48-05,211,48,0.05758,OPT,5,NT,290,0,0
R2.75-Class3_N132M48-06,214,48,0.031417,OPT,5,NT,314,0,0
R2.75-Class3_N132M48-07,214,48,0.058065,OPT,5,NT,308,0,0
R2.75-Class3_N132M48-08,211,48,0.020027,OPT,5,NT,250,0,0
R2.75-Class3_N132M48-09,218,48,0.082689,OPT,6,NT,496,0,0
R2.75-Class3_N154M56-00,216,56,0.036725,OPT,5,NT,356,0,0
R2.75-Class3_N154M56-01,210,56,0.020415,OPT,5,NT,251,0,0
R2.75-Class3_N154M56-02,206,56,0.052464,OPT,4,NT,328,0,0
R2.75-Class3_N154M56-03,213,56,0.032625,OPT,5,NT,320,0,0
R2.75-Class3_N154M56-04,209,56,0.06493,OPT,4,NT,342,0,0
R2.75-Class3_N154M56-05,205,56,0.023201,OPT,4,NT,280,0,0
R2.75-Class3_N154M56-06,211,56,0.038604,OPT,5,NT,288,0,0
R2.75-Class3_N154M56-07,207,56,0.058108,OPT,4,NT,334,0,0
R2.75-Class3_N154M56-08,212,56,0.023589,OPT,5,NT,277,0,0
R2.75-Class3_N154M56-09,213,56,0.042141,OPT,6,NT,451,0,0
R2.75-Class3_N176M64-00,214,64,0.063192,OPT,6,NT,517,0,0
R2.75-Class3_N176M64-01,216,64,0.065431,OPT,6,NT,524,0,0
R2.75-Class3_N176M64-02,215,64,0.035169,OPT,5,NT,337,0,0
R2.75-Class3_N176M64-03,211,64,0.049638,OPT,5,NT,296,0,0
R2.75-Class3_N176M64-04,215,64,0.073739,OPT,6,NT,479,0,0
R2.75-Class3_N176M64-05,213,64,0.063566,OPT,6,NT,533,0,0
R2.75-Class3_N176M64-06,209,64,0.023737,OPT,5,NT,304,0,0
R2.75-Class3_N176M64-07,211,64,0.029628,OPT,5,NT,291,0,0
R2.75-Class3_N176M64-08,214,64,0.075462,OPT,6,NT,499,0,0
R2.75-Class3_N176M64-09,214,64,0.060951,OPT,6,NT,497,0,0
R2.75-Class3_N198M72-00,211,72,0.069433,OPT,4,NT,363,0,0
R2.75-Class3_N198M72-01,214,72,0.024384,OPT,5,NT,296,0,0
R2.75-Class3_N198M72-02,210,72,0.030474,OPT,4,NT,334,0,0
R2.75-Class3_N198M72-03,209,72,0.03263,OPT,5,NT,263,0,0
R2.75-Class3_N198M72-04,213,72,0.03522,OPT,5,NT,290,0,0
R2.75-Class3_N198M72-05,216,72,0.061479,OPT,6,NT,476,0,0
R2.75-Class3_N198M72-06,211,72,0.051573,OPT,5,NT,329,0,0
R2.75-Class3_N198M72-07,212,72,0.032911,OPT,5,NT,284,0,0
R2.75-Class3_N198M72-08,216,72,0.049578,OPT,6,NT,428,0,0
R2.75-Class3_N198M72-09,217,72,0.063128,OPT,6,NT,565,0,0
R2.75-Class3_N220M80-00,212,80,0.022689,OPT,5,NT,262,0,0
R2.75-Class3_N220M80-01,212,80,0.021201,OPT,5,NT,245,0,0
R2.75-Class3_N220M80-02,207,80,0.048232,OPT,3,NT,388,0,0
R2.75-Class3_N220M80-03,207,80,0.022035,OPT,5,NT,239,0,0
R2.75-Class3_N220M80-04,215,80,0.04833,OPT,6,NT,506,0,0
R2.75-Class3_N220M80-05,211,80,0.035456,OPT,4,NT,385,0,0
R2.75-Class3_N220M80-06,217,80,0.066536,OPT,6,NT,571,0,0
R2.75-Class3_N220M80-07,215,80,0.039461,OPT,5,NT,315,0,0
R2.75-Class3_N220M80-08,208,80,0.040033,OPT,4,NT,334,0,0
R2.75-Class3_N220M80-09,218,80,0.06029,OPT,6,NT,534,0,0
R2.75-Class3_N22M8-00,213,8,0.008062,OPT,6,NT,63,0,0
R2.75-Class3_N22M8-01,221,8,0.015758,OPT,7,NT,123,0,0
R2.75-Class3_N22M8-02,199,8,0.006489,OPT,2,NT,60,0,0
R2.75-Class3_N22M8-03,216,8,0.011003,OPT,8,NT,88,0,0
R2.75-Class3_N22M8-04,221,8,0.008809,OPT,5,NT,64,0,0
R2.75-Class3_N22M8-05,221,8,0.01474,OPT,8,NT,89,5,0
R2.75-Class3_N22M8-06,230,8,0.01406,OPT,10,NT,119,0,0
R2.75-Class3_N22M8-07,219,8,0.011671,OPT,6,NT,96,0,0
R2.75-Class3_N22M8-08,225,8,0.010007,OPT,9,NT,81,0,0
R2.75-Class3_N22M8-09,218,8,0.01306,OPT,6,NT,101,0,0
R2.75-Class3_N44M16-00,217,16,0.04908,OPT,7,NT,226,5,0
R2.75-Class3_N44M16-01,203,16,0.013551,OPT,3,NT,109,0,0
R2.75-Class3_N44M16-02,218,16,0.028858,OPT,6,NT,191,2,0
R2.75-Class3_N44M16-03,202,16,0.013601,OPT,3,NT,140,0,0
R2.75-Class3_N44M16-04,201,16,0.022711,OPT,4,NT,201,1,0
R2.75-Class3_N44M16-05,218,16,0.029343,OPT,6,NT,210,2,0
R2.75-Class3_N44M16-06,204,16,0.021509,OPT,4,NT,158,1,0
R2.75-Class3_N44M16-07,208,16,0.017534,OPT,5,NT,209,0,0
R2.75-Class3_N44M16-08,210,16,0.040029,OPT,4,NT,179,2,0
R2.75-Class3_N44M16-09,221,16,0.043689,OPT,6,NT,219,2,0
R2.75-Class3_N66M24-00,219,24,0.040078,OPT,7,NT,365,0,0
R2.75-Class3_N66M24-01,226,24,0.036994,OPT,8,NT,378,0,0
R2.75-Class3_N66M24-02,222,24,0.028476,OPT,8,NT,324,0,0
R2.75-Class3_N66M24-03,209,24,0.038098,OPT,6,NT,333,1,0
R2.75-Class3_N66M24-04,221,24,0.08367,OPT,6,NT,392,0,0
R2.75-Class3_N66M24-05,215,24,0.057874,OPT,6,NT,397,2,0
R2.75-Class3_N66M24-06,206,24,0.018799,OPT,5,NT,171,0,0
R2.75-Class3_N66M24-07,206,24,0.029564,OPT,4,NT,244,1,0
R2.75-Class3_N66M24-08,209,24,0.036562,OPT,6,NT,295,2,0
R2.75-Class3_N66M24-09,199,24,0.025629,OPT,1,NT,186,2,0
R2.75-Class3_N88M32-00,212,32,0.023281,OPT,5,NT,271,1,0
R2.75-Class3_N88M32-01,214,32,0.051762,OPT,6,NT,457,0,0
R2.75-Class3_N88M32-02,209,32,0.055348,OPT,4,NT,280,0,0
R2.75-Class3_N88M32-03,211,32,0.03926,OPT,4,NT,293,0,0
R2.75-Class3_N88M32-04,207,32,0.024891,OPT,4,NT,242,0,0
R2.75-Class3_N88M32-05,214,32,0.051618,OPT,6,NT,503,0,0
R2.75-Class3_N88M32-06,203,32,0.025609,OPT,5,NT,276,0,0
R2.75-Class3_N88M32-07,215,32,0.028303,OPT,5,NT,271,0,0
R2.75-Class3_N88M32-08,211,32,0.017306,OPT,5,NT,272,0,0
R2.75-Class3_N88M32-09,215,32,0.053598,OPT,6,NT,507,0,0
