R2.5-Class2_N100M40-00,153,40,0.036152,OPT,0,B1,142,0,0
R2.5-Class2_N100M40-01,154,40,0.022809,OPT,0,B1,190,0,0
R2.5-Class2_N100M40-02,146,40,0.00845,OPT,0,B1,106,0,0
R2.5-Class2_N100M40-03,150,40,0.016484,OPT,0,B1,148,1,0
R2.5-Class2_N100M40-04,150,40,0.021937,OPT,0,B1,185,1,0
R2.5-Class2_N100M40-05,151,40,0.010471,OPT,0,B1,123,0,0
R2.5-Class2_N100M40-06,150,40,0.008388,OPT,0,B1,91,0,0
R2.5-Class2_N100M40-07,152,40,0.014699,OPT,1,NT,149,0,0
R2.5-Class2_N100M40-08,149,40,0.018688,OPT,0,B1,175,0,0
R2.5-Class2_N100M40-09,148,40,0.023001,OPT,0,B1,202,1,0
R2.5-Class2_N120M48-00,157,48,0.048275,OPT,0,B1,213,0,0
R2.5-Class2_N120M48-01,157,48,0.021221,OPT,0,B1,143,2,0
R2.5-Class2_N120M48-02,149,48,0.016955,OPT,0,B1,186,0,0
R2.5-Class2_N120M48-03,149,48,0.017521,OPT,0,B1,168,2,0
R2.5-Class2_N120M48-04,153,48,0.015622,OPT,0,B1,147,0,0
R2.5-Class2_N120M48-05,138,48,0.01716,OPT,0,B1,177,0,0
R2.5-Class2_N120M48-06,154,48,0.015984,OPT,0,B1,190,0,0
R2.5-Class2_N120M48-07,144,48,0.020703,OPT,0,B1,186,1,0
R2.5-Class2_N120M48-08,144,48,0.017254,OPT,0,B1,180,0,0
R2.5-Class2_N120M48-09,152,48,0.045158,OPT,1,NT,189,0,0
R2.5-Class2_N140M56-00,151,56,0.020843,OPT,0,B1,162,0,0
R2.5-Class2_N140M56-01,158,56,0.022266,OPT,0,B1,207,0,0
R2.5-Class2_N140M56-02,149,56,0.010855,OPT,0,B1,140,0,0
R2.5-Class2_N140M56-03,146,56,0.016603,OPT,0,B1,160,0,0
R2.5-Class2_N140M56-04,146,56,0.011272,OPT,0,B1,131,0,0
R2.5-Class2_N140M56-05,155,56,0.017881,OPT,0,B1,179,0,0
R2.5-Class2_N140M56-06,148,56,0.021952,OPT,0,B1,215,1,0
R2.5-Class2_N140M56-07,143,56,0.026538,OPT,0,B1,233,0,0
R2.5-Class2_N140M56-08,155,56,0.019538,OPT,0,B1,155,0,0
R2.5-Class2_N140M56-09,153,56,0.029828,OPT,1,NT,246,0,0
R2.5-Class2_N160M64-00,153,64,0.021467,OPT,0,B1,225,0,0
R2.5-Class2_N160M64-01,158,64,0.020437,OPT,0,B1,194,0,0
R2.5-Class2_N160M64-02,153,64,0.016543,OPT,0,B1,153,0,0
R2.5-Class2_N160M64-03,150,64,0.039324,OPT,0,B1,168,0,0
R2.5-Class2_N160M64-04,157,64,0.091372,OPT,0,B1,190,0,0
R2.5-Class2_N160M64-05,150,64,0.020847,OPT,0,B1,177,0,0
R2.5-Class2_N160M64-06,151,64,0.048131,OPT,0,B1,198,1,0
R2.5-Class2_N160M64-07,144,64,0.01082,OPT,0,B1,142,0,0
R2.5-Class2_N160M64-08,151,64,0.022576,OPT,0,B1,226,0,0
R2.5-Class2_N160M64-09,146,64,0.016668,OPT,0,B1,159,0,0
R2.5-Class2_N180M72-00,150,72,0.025808,OPT,0,B1,218,0,0
R2.5-Class2_N180M72-01,144,72,0.022664,OPT,0,B1,228,0,0
R2.5-Class2_N180M72-02,155,72,0.025812,OPT,0,B1,262,0,0
R2.5-Class2_N180M72-03,152,72,0.014119,OPT,0,B1,138,0,0
R2.5-Class2_N180M72-04,148,72,0.02228,OPT,0,B1,195,0,0
R2.5-Class2_N180M72-05,144,72,0.033197,OPT,0,B1,135,0,0
R2.5-Class2_N180M72-06,154,72,0.021399,OPT,0,B1,237,0,0
R2.5-Class2_N180M72-07,155,72,0.019305,OPT,0,B1,184,0,0
R2.5-Class2_N180M72-08,147,72,0.017195,OPT,0,B1,183,0,0
R2.5-Class2_N180M72-09,148,72,0.013064,OPT,0,B1,150,0,0
R2.5-Class2_N200M80-00,146,80,0.01777,OPT,0,B1,209,0,0
R2.5-Class2_N200M80-01,156,80,0.015353,OPT,0,B1,162,0,0
R2.5-Class2_N200M80-02,152,80,0.019533,OPT,0,B1,196,0,0
R2.5-Class2_N200M80-03,149,80,0.026992,OPT,0,B1,224,0,0
R2.5-Class2_N200M80-04,160,80,0.018733,OPT,0,B1,185,0,0
R2.5-Class2_N200M80-05,145,80,0.015582,OPT,0,B1,174,0,0
R2.5-Class2_N200M80-06,145,80,0.013353,OPT,0,B1,130,0,0
R2.5-Class2_N200M80-07,149,80,0.016831,OPT,0,B1,182,0,0
R2.5-Class2_N200M80-08,149,80,0.027467,OPT,0,B1,229,0,0
R2.5-Class2_N200M80-09,147,80,0.019353,OPT,0,B1,156,0,0
R2.5-Class2_N20M8-00,157,8,0.005061,OPT,2,NT,35,0,0
R2.5-Class2_N20M8-01,143,8,0.003437,OPT,1,NT,24,0,0
R2.5-Class2_N20M8-02,148,8,0.006252,OPT,2,NT,39,0,0
R2.5-Class2_N20M8-03,148,8,0.003816,OPT,1,NT,41,0,0
R2.5-Class2_N20M8-04,158,8,0.009516,OPT,2,NT,54,3,0
R2.5-Class2_N20M8-05,142,8,0.005776,OPT,3,NT,37,0,0
R2.5-Class2_N20M8-06,134,8,0.02524,OPT,3,NT,36,0,0
R2.5-Class2_N20M8-07,149,8,0.004954,OPT,2,NT,28,0,0
R2.5-Class2_N20M8-08,152,8,0.005964,OPT,1,NT,38,0,0
R2.5-Class2_N20M8-09,137,8,0.005703,OPT,1,NT,43,0,0
R2.5-Class2_N40M16-00,138,16,0.011081,OPT,1,NT,90,0,0
R2.5-Class2_N40M16-01,163,16,0.014129,OPT,1,NT,90,7,0
R2.5-Class2_N40M16-02,159,16,0.01084,OPT,1,NT,96,0,0
R2.5-Class2_N40M16-03,158,16,0.01321,OPT,1,NT,92,4,0
R2.5-Class2_N40M16-04,162,16,0.012207,OPT,0,B1,100,11,0
R2.5-Class2_N40M16-05,152,16,0.009381,OPT,1,NT,85,0,0
R2.5-Class2_N40M16-06,154,16,0.010177,OPT,1,NT,102,0,0
R2.5-Class2_N40M16-07,160,16,0.016262,OPT,1,NT,108,1,0
R2.5-Class2_N40M16-08,153,16,0.011472,OPT,2,NT,107,0,0
R2.5-Class2_N40M16-09,167,16,0.023109,OPT,3,NT,108,1,1
R2.5-Class2_N60M24-00,139,24,0.034827,OPT,0,B1,85,0,0
R2.5-Class2_N60M24-01,153,24,0.018527,OPT,1,NT,110,1,0
R2.5-Class2_N60M24-02,143,24,0.008202,OPT,0,B1,116,0,0
R2.5-Class2_N60M24-03,159,24,0.015245,OPT,0,B1,120,1,0
R2.5-Class2_N60M24-04,165,24,0.013941,OPT,0,B1,136,0,0
R2.5-Class2_N60M24-05,151,24,0.011437,OPT,0,B1,132,0,0
R2.5-Class2_N60M24-06,147,24,0.014512,OPT,1,NT,106,0,0
R2.5-Class2_N60M24-07,144,24,0.038291,OPT,1,NT,152,0,0
R2.5-Class2_N60M24-08,156,24,0.018305,OPT,1,NT,170,0,0
R2.5-Class2_N60M24-09,161,24,0.055593,OPT,0,B1,116,0,0
R2.5-Class2_N80M32-00,152,32,0.099429,OPT,1,NT,129,1,0
R2.5-Class2_N80M32-01,149,32,0.037412,OPT,0,B1,116,2,0
R2.5-Class2_N80M32-02,155,32,0.02634,OPT,1,NT,189,0,0
R2.5-Class2_N80M32-03,152,32,0.010654,OPT,0,B1,133,0,0
R2.5-Class2_N80M32-04,141,32,0.011744,OPT,0,B1,110,0,0
R2.5-Class2_N80M32-05,158,32,0.051268,OPT,1,NT,166,2,0
R2.5-Class2_N80M32-06,144,32,0.008523,OPT,0,B1,106,0,0
R2.5-Class2_N80M32-07,152,32,0.027015,OPT,1,NT,175,0,0
R2.5-Class2_N80M32-08,152,32,0.02004,OPT,0,B1,146,1,0
R2.5-Class2_N80M32-09,159,32,0.034805,OPT,1,NT,140,0,0
