R2-Class7_N100M50-00,787,50,0.014423,OPT,16,NT,67,0,0
R2-Class7_N100M50-01,848,50,0.012691,OPT,30,NT,89,0,0
R2-Class7_N100M50-02,855,50,0.023559,OPT,24,NT,100,0,0
R2-Class7_N100M50-03,814,50,0.036422,OPT,22,NT,111,0,0
R2-Class7_N100M50-04,801,50,0.017193,OPT,19,NT,142,0,0
R2-Class7_N100M50-05,806,50,0.028703,OPT,32,NT,121,0,0
R2-Class7_N100M50-06,816,50,0.012581,OPT,21,NT,98,0,0
R2-Class7_N100M50-07,803,50,0.013546,OPT,19,NT,113,0,0
R2-Class7_N100M50-08,840,50,0.017589,OPT,27,NT,107,0,0
R2-Class7_N100M50-09,820,50,0.033469,OPT,19,NT,110,0,0
R2-Class7_N120M60-00,968,60,0.015567,OPT,23,NT,116,0,0
R2-Class7_N120M60-01,1007,60,0.043908,OPT,20,NT,137,0,0
R2-Class7_N120M60-02,964,60,0.045609,OPT,23,NT,150,0,0
R2-Class7_N120M60-03,955,60,0.014259,OPT,22,NT,116,0,0
R2-Class7_N120M60-04,989,60,0.02839,OPT,53,NT,59,0,0
R2-Class7_N120M60-05,973,60,0.014723,OPT,18,NT,123,0,0
R2-Class7_N120M60-06,988,60,0.018229,OPT,21,NT,161,0,0
R2-Class7_N120M60-07,940,60,0.045234,OPT,22,NT,147,0,0
R2-Class7_N120M60-08,993,60,0.014812,OPT,16,NT,139,0,0
R2-Class7_N120M60-09,1003,60,0.014574,OPT,37,NT,92,0,0
R2-Class7_N140M70-00,1161,70,0.018867,OPT,29,NT,155,0,0
R2-Class7_N140M70-01,1217,70,0.028771,OPT,31,NT,157,0,0
R2-Class7_N140M70-02,1154,70,0.015692,OPT,15,NT,148,0,0
R2-Class7_N140M70-03,1222,70,0.026134,OPT,40,NT,151,0,0
R2-Class7_N140M70-04,1133,70,0.022237,OPT,26,NT,175,0,0
R2-Class7_N140M70-05,1160,70,0.05494,OPT,34,NT,202,0,0
R2-Class7_N140M70-06,1130,70,0.018088,OPT,26,NT,90,0,0
R2-Class7_N140M70-07,1148,70,0.043612,OPT,52,NT,197,0,0
R2-Class7_N140M70-08,1107,70,0.021724,OPT,23,NT,144,0,0
R2-Class7_N140M70-09,1175,70,0.016198,OPT,26,NT,104,0,0
R2-Class7_N160M80-00,1346,80,0.02251,OPT,22,NT,211,0,0
R2-Class7_N160M80-01,1370,80,0.023646,OPT,28,NT,186,0,0
R2-Class7_N160M80-02,1344,80,0.025207,OPT,43,NT,195,0,0
R2-Class7_N160M80-03,1329,80,0.026178,OPT,46,NT,164,0,0
R2-Class7_N160M80-04,1283,80,0.025423,OPT,20,NT,194,0,0
R2-Class7_N160M80-05,1325,80,0.024026,OPT,32,NT,162,0,0
R2-Class7_N160M80-06,1298,80,0.022765,OPT,44,NT,142,0,0
R2-Class7_N160M80-07,1343,80,0.049545,OPT,20,NT,233,0,0
R2-Class7_N160M80-08,1348,80,0.026049,OPT,36,NT,167,0,0
R2-Class7_N160M80-09,1360,80,0.069663,OPT,54,NT,263,0,0
R2-Class7_N180M90-00,1498,90,0.035256,OPT,31,NT,236,0,0
R2-Class7_N180M90-01,1484,90,0.072298,OPT,37,NT,249,0,0
R2-Class7_N180M90-02,1446,90,0.026499,OPT,24,NT,150,0,0
R2-Class7_N180M90-03,1479,90,0.03468,OPT,25,NT,228,0,0
R2-Class7_N180M90-04,1442,90,0.033761,OPT,35,NT,219,0,0
R2-Class7_N180M90-05,1508,90,0.028823,OPT,29,NT,231,0,0
R2-Class7_N180M90-06,1465,90,0.024958,OPT,23,NT,185,0,0
R2-Class7_N180M90-07,1460,90,0.035227,OPT,24,NT,211,0,0
R2-Class7_N180M90-08,1506,90,0.027129,OPT,34,NT,215,0,0
R2-Class7_N180M90-09,1493,90,0.059884,OPT,79,NT,195,0,0
R2-Class7_N200M100-00,1673,100,0.03219,OPT,30,NT,258,0,0
R2-Class7_N200M100-01,1649,100,0.110023,OPT,42,NT,353,0,0
R2-Class7_N200M100-02,1663,100,0.035391,OPT,49,NT,199,0,0
R2-Class7_N200M100-03,1624,100,0.027728,OPT,31,NT,71,0,0
R2-Class7_N200M100-04,1624,100,0.056082,OPT,25,NT,206,0,0
R2-Class7_N200M100-05,1588,100,0.037205,OPT,38,NT,261,0,0
R2-Class7_N200M100-06,1622,100,0.027459,OPT,37,NT,181,0,0
R2-Class7_N200M100-07,1612,100,0.036846,OPT,35,NT,179,0,0
R2-Class7_N200M100-08,1624,100,0.050827,OPT,29,NT,264,0,0
R2-Class7_N200M100-09,1641,100,0.040494,OPT,42,NT,160,0,0
R2-Class7_N20M10-00,161,10,0.004488,OPT,7,NT,24,0,0
R2-Class7_N20M10-01,164,10,0.00158,OPT,3,NT,18,0,0
R2-Class7_N20M10-02,178,10,0.002151,OPT,7,NT,8,0,0
R2-Class7_N20M10-03,182,10,0.02508,OPT,11,NT,21,0,0
R2-Class7_N20M10-04,157,10,0.003554,OPT,7,NT,15,0,0
R2-Class7_N20M10-05,157,10,0.003068,OPT,6,NT,10,0,0
R2-Class7_N20M10-06,192,10,0.004067,OPT,12,NT,16,0,0
R2-Class7_N20M10-07,180,10,0.002909,OPT,13,NT,11,0,0
R2-Class7_N20M10-08,169,10,0.003341,OPT,4,NT,25,0,0
R2-Class7_N20M10-09,166,10,0.003789,OPT,9,NT,21,0,0
R2-Class7_N40M20-00,327,20,0.00569,OPT,10,NT,38,0,0
R2-Class7_N40M20-01,339,20,0.006227,OPT,15,NT,36,0,0
R2-Class7_N40M20-02,347,20,0.00506,OPT,9,NT,35,0,0
R2-Class7_N40M20-03,335,20,0.005527,OPT,14,NT,46,0,0
R2-Class7_N40M20-04,324,20,0.003996,OPT,12,NT,26,0,0
R2-Class7_N40M20-05,319,20,0.004802,OPT,11,NT,43,0,0
R2-Class7_N40M20-06,305,20,0.004318,OPT,11,NT,44,0,0
R2-Class7_N40M20-07,331,20,0.00683,OPT,12,NT,59,0,0
R2-Class7_N40M20-08,337,20,0.007124,OPT,14,NT,54,0,0
R2-Class7_N40M20-09,338,20,0.005551,OPT,15,NT,31,0,0
R2-Class7_N60M30-00,500,30,0.006656,OPT,14,NT,59,0,0
R2-Class7_N60M30-01,507,30,0.009947,OPT,22,NT,85,0,0
R2-Class7_N60M30-02,486,30,0.007455,OPT,12,NT,65,0,0
R2-Class7_N60M30-03,502,30,0.006986,OPT,15,NT,54,0,0
R2-Class7_N60M30-04,491,30,0.008131,OPT,13,NT,64,0,0
R2-Class7_N60M30-05,462,30,0.009414,OPT,15,NT,48,0,0
R2-Class7_N60M30-06,488,30,0.009257,OPT,10,NT,88,0,0
R2-Class7_N60M30-07,482,30,0.004814,OPT,9,NT,33,0,0
R2-Class7_N60M30-08,523,30,0.032877,OPT,38,NT,50,0,0
R2-Class7_N60M30-09,458,30,0.00647,OPT,15,NT,67,0,0
R2-Class7_N80M40-00,688,40,0.008975,OPT,19,NT,85,0,0
R2-Class7_N80M40-01,671,40,0.037324,OPT,19,NT,68,0,0
R2-Class7_N80M40-02,693,40,0.00934,OPT,29,NT,54,0,0
R2-Class7_N80M40-03,616,40,0.011073,OPT,18,NT,60,0,0
R2-Class7_N80M40-04,670,40,0.00918,OPT,12,NT,93,0,0
R2-Class7_N80M40-05,661,40,0.007666,OPT,15,NT,68,0,0
R2-Class7_N80M40-06,678,40,0.012472,OPT,24,NT,104,0,0
R2-Class7_N80M40-07,697,40,0.014593,OPT,37,NT,88,0,0
R2-Class7_N80M40-08,633,40,0.008047,OPT,20,NT,62,0,0
R2-Class7_N80M40-09,638,40,0.018892,OPT,43,NT,36,0,0
