R2-Class2_N100M50-00,126,50,0.009826,OPT,4,NT,49,0,0
R2-Class2_N100M50-01,128,50,0.005194,OPT,4,NT,36,0,0
R2-Class2_N100M50-02,119,50,0.006358,OPT,2,NT,61,0,0
R2-Class2_N100M50-03,124,50,0.005908,OPT,4,NT,35,0,0
R2-Class2_N100M50-04,124,50,0.006879,OPT,4,NT,53,0,0
R2-Class2_N100M50-05,125,50,0.005166,OPT,4,NT,46,0,0
R2-Class2_N100M50-06,123,50,0.002963,OPT,3,NT,22,0,0
R2-Class2_N100M50-07,126,50,0.004107,OPT,5,NT,17,0,0
R2-Class2_N100M50-08,122,50,0.005589,OPT,3,NT,47,0,0
R2-Class2_N100M50-09,122,50,0.005358,OPT,3,NT,47,0,0
R2-Class2_N120M60-00,131,60,0.00717,OPT,6,NT,66,0,0
R2-Class2_N120M60-01,130,60,0.004998,OPT,4,NT,23,0,0
R2-Class2_N120M60-02,122,60,0.004441,OPT,3,NT,40,0,0
R2-Class2_N120M60-03,121,60,0.006031,OPT,2,NT,59,0,0
R2-Class2_N120M60-04,128,60,0.004813,OPT,6,NT,30,0,0
R2-Class2_N120M60-05,114,60,0.012299,OPT,4,NT,108,0,0
R2-Class2_N120M60-06,126,60,0.004712,OPT,3,NT,44,0,0
R2-Class2_N120M60-07,118,60,0.01007,OPT,3,NT,102,0,0
R2-Class2_N120M60-08,118,60,0.008677,OPT,2,NT,79,0,0
R2-Class2_N120M60-09,124,60,0.006223,OPT,3,NT,68,0,0
R2-Class2_N140M70-00,123,70,0.003649,OPT,2,NT,21,0,0
R2-Class2_N140M70-01,135,70,0.00606,OPT,9,NT,9,0,0
R2-Class2_N140M70-02,121,70,0.006098,OPT,2,NT,62,0,0
R2-Class2_N140M70-03,119,70,0.005619,OPT,2,NT,65,0,0
R2-Class2_N140M70-04,119,70,0.025094,OPT,2,NT,72,0,0
R2-Class2_N140M70-05,126,70,0.006301,OPT,2,NT,73,0,0
R2-Class2_N140M70-06,123,70,0.005296,OPT,4,NT,36,0,0
R2-Class2_N140M70-07,118,70,0.009488,OPT,3,NT,78,0,0
R2-Class2_N140M70-08,126,70,0.004441,OPT,2,NT,53,0,0
R2-Class2_N140M70-09,126,70,0.007957,OPT,4,NT,64,0,0
R2-Class2_N160M80-00,125,80,0.007138,OPT,2,NT,42,0,0
R2-Class2_N160M80-01,129,80,0.005739,OPT,3,NT,64,0,0
R2-Class2_N160M80-02,125,80,0.005147,OPT,3,NT,47,0,0
R2-Class2_N160M80-03,124,80,0.00548,OPT,4,NT,11,0,0
R2-Class2_N160M80-04,130,80,0.00643,OPT,4,NT,38,0,0
R2-Class2_N160M80-05,124,80,0.005253,OPT,4,NT,25,0,0
R2-Class2_N160M80-06,123,80,0.005405,OPT,2,NT,43,0,0
R2-Class2_N160M80-07,118,80,0.00346,OPT,3,NT,9,0,0
R2-Class2_N160M80-08,124,80,0.003842,OPT,3,NT,18,0,0
R2-Class2_N160M80-09,119,80,0.004785,OPT,2,NT,22,0,0
R2-Class2_N180M90-00,123,90,0.004575,OPT,3,NT,16,0,0
R2-Class2_N180M90-01,118,90,0.013755,OPT,2,NT,122,0,0
R2-Class2_N180M90-02,130,90,0.006064,OPT,6,NT,26,0,0
R2-Class2_N180M90-03,125,90,0.004926,OPT,4,NT,20,0,0
R2-Class2_N180M90-04,121,90,0.004314,OPT,2,NT,29,0,0
R2-Class2_N180M90-05,117,90,0.010996,OPT,2,NT,137,0,0
R2-Class2_N180M90-06,128,90,0.005492,OPT,5,NT,27,0,0
R2-Class2_N180M90-07,128,90,0.005037,OPT,4,NT,19,0,0
R2-Class2_N180M90-08,121,90,0.003857,OPT,3,NT,13,0,0
R2-Class2_N180M90-09,120,90,0.005712,OPT,2,NT,63,0,0
R2-Class2_N200M100-00,120,100,0.003855,OPT,3,NT,22,0,0
R2-Class2_N200M100-01,129,100,0.005699,OPT,4,NT,18,0,0
R2-Class2_N200M100-02,125,100,0.003597,OPT,3,NT,21,0,0
R2-Class2_N200M100-03,121,100,0.008385,OPT,2,NT,75,0,0
R2-Class2_N200M100-04,135,100,0.00787,OPT,7,NT,35,0,0
R2-Class2_N200M100-05,118,100,0.008537,OPT,2,NT,95,0,0
R2-Class2_N200M100-06,119,100,0.007603,OPT,3,NT,83,0,0
R2-Class2_N200M100-07,121,100,0.004639,OPT,2,NT,26,0,0
R2-Class2_N200M100-08,122,100,0.007303,OPT,2,NT,73,0,0
R2-Class2_N200M100-09,120,100,0.002941,OPT,3,NT,0,0,0
R2-Class2_N20M10-00,128,10,0.002576,OPT,4,NT,15,0,0
R2-Class2_N20M10-01,120,10,0.003681,OPT,7,NT,22,0,0
R2-Class2_N20M10-02,127,10,0.002604,OPT,10,NT,3,0,0
R2-Class2_N20M10-03,121,10,0.003674,OPT,4,NT,23,0,0
R2-Class2_N20M10-04,131,10,0.003416,OPT,6,NT,24,0,0
R2-Class2_N20M10-05,119,10,0.003391,OPT,8,NT,15,0,0
R2-Class2_N20M10-06,109,10,0.002059,OPT,4,NT,2,0,0
R2-Class2_N20M10-07,125,10,0.004617,OPT,7,NT,20,0,0
R2-Class2_N20M10-08,127,10,0.001906,OPT,6,NT,14,0,0
R2-Class2_N20M10-09,114,10,0.003196,OPT,5,NT,18,0,0
R2-Class2_N40M20-00,114,20,0.004765,OPT,4,NT,39,0,0
R2-Class2_N40M20-01,134,20,0.003866,OPT,4,NT,30,0,0
R2-Class2_N40M20-02,132,20,0.005819,OPT,5,NT,25,0,0
R2-Class2_N40M20-03,130,20,0.003227,OPT,4,NT,29,0,0
R2-Class2_N40M20-04,150,20,0.005557,OPT,20,NT,24,0,0
R2-Class2_N40M20-05,131,20,0.003849,OPT,10,NT,9,0,0
R2-Class2_N40M20-06,127,20,0.003574,OPT,5,NT,23,0,0
R2-Class2_N40M20-07,132,20,0.004354,OPT,5,NT,25,0,0
R2-Class2_N40M20-08,126,20,0.004882,OPT,5,NT,35,0,0
R2-Class2_N40M20-09,139,20,0.004109,OPT,7,NT,33,0,0
R2-Class2_N60M30-00,114,30,0.004164,OPT,3,NT,53,0,0
R2-Class2_N60M30-01,128,30,0.004621,OPT,6,NT,31,0,0
R2-Class2_N60M30-02,121,30,0.003797,OPT,7,NT,10,0,0
R2-Class2_N60M30-03,131,30,0.005302,OPT,4,NT,53,0,0
R2-Class2_N60M30-04,140,30,0.02829,OPT,8,NT,43,0,0
R2-Class2_N60M30-05,126,30,0.003311,OPT,5,NT,16,0,0
R2-Class2_N60M30-06,120,30,0.004724,OPT,3,NT,42,0,0
R2-Class2_N60M30-07,121,30,0.004194,OPT,6,NT,37,0,0
R2-Class2_N60M30-08,127,30,0.00452,OPT,3,NT,51,0,0
R2-Class2_N60M30-09,134,30,0.003746,OPT,5,NT,30,0,0
R2-Class2_N80M40-00,124,40,0.004396,OPT,3,NT,43,0,0
R2-Class2_N80M40-01,123,40,0.00723,OPT,4,NT,75,0,0
R2-Class2_N80M40-02,127,40,0.004224,OPT,3,NT,47,0,0
R2-Class2_N80M40-03,125,40,0.004465,OPT,3,NT,34,0,0
R2-Class2_N80M40-04,117,40,0.007169,OPT,4,NT,40,0,0
R2-Class2_N80M40-05,131,40,0.009187,OPT,5,NT,75,0,0
R2-Class2_N80M40-06,121,40,0.003303,OPT,6,NT,18,0,0
R2-Class2_N80M40-07,125,40,0.004611,OPT,4,NT,35,0,0
R2-Class2_N80M40-08,127,40,0.004279,OPT,6,NT,33,0,0
R2-Class2_N80M40-09,131,40,0.004603,OPT,5,NT,33,0,0
