R3-Class1_N108M36-00,145,36,0.000182,OPT,0,B1,0,0,0
R3-Class1_N108M36-01,154,36,0.036549,OPT,0,B1,251,0,0
R3-Class1_N108M36-02,159,36,0.06116,OPT,0,B1,279,0,0
R3-Class1_N108M36-03,147,36,0.01978,OPT,0,B1,160,0,0
R3-Class1_N108M36-04,149,36,0.000184,OPT,0,B1,0,0,0
R3-Class1_N108M36-05,146,36,0.040999,OPT,0,B1,139,0,0
R3-Class1_N108M36-06,163,36,0.025613,OPT,0,B1,198,0,0
R3-Class1_N108M36-07,146,36,0.000181,OPT,0,B1,0,0,0
R3-Class1_N108M36-08,159,36,0.053427,OPT,0,B1,286,0,0
R3-Class1_N108M36-09,144,36,0.020401,OPT,0,B1,180,0,0
R3-Class1_N126M42-00,148,42,0.000172,OPT,0,B1,0,0,0
R3-Class1_N126M42-01,156,42,0.017746,OPT,0,B1,165,0,0
R3-Class1_N126M42-02,150,42,0.053686,OPT,0,B1,169,2,0
R3-Class1_N126M42-03,163,42,0.000213,OPT,0,B1,0,0,0
R3-Class1_N126M42-04,165,42,0.064938,OPT,0,B1,388,2,0
R3-Class1_N126M42-05,158,42,0.037825,OPT,0,B1,261,0,0
R3-Class1_N126M42-06,147,42,0.066027,OPT,0,B1,221,0,0
R3-Class1_N126M42-07,149,42,0.028736,OPT,0,B1,172,2,0
R3-Class1_N126M42-08,155,42,0.000263,OPT,0,B1,0,0,0
R3-Class1_N126M42-09,169,42,0.000209,OPT,0,B1,0,0,0
R3-Class1_N144M48-00,155,48,0.049289,OPT,0,B1,315,0,0
R3-Class1_N144M48-01,153,48,0.000259,OPT,0,B1,0,0,0
R3-Class1_N144M48-02,151,48,0.000234,OPT,0,B1,0,0,0
R3-Class1_N144M48-03,153,48,0.000233,OPT,0,B1,0,0,0
R3-Class1_N144M48-04,157,48,0.000241,OPT,0,B1,0,0,0
R3-Class1_N144M48-05,158,48,0.024555,OPT,0,B1,201,0,0
R3-Class1_N144M48-06,159,48,0.072817,OPT,0,B1,301,5,0
R3-Class1_N144M48-07,162,48,0.00033,OPT,0,B1,0,0,0
R3-Class1_N144M48-08,156,48,0.061572,OPT,0,B1,396,0,0
R3-Class1_N144M48-09,150,48,0.07301,OPT,0,B1,275,0,0
R3-Class1_N162M54-00,155,54,0.00038,OPT,0,B1,0,0,0
R3-Class1_N162M54-01,139,54,0.000282,OPT,0,B1,0,0,0
R3-Class1_N162M54-02,146,54,0.020588,OPT,0,B1,133,0,0
R3-Class1_N162M54-03,147,54,0.052313,OPT,0,B1,316,0,0
R3-Class1_N162M54-04,141,54,0.000262,OPT,0,B1,0,0,0
R3-Class1_N162M54-05,156,54,0.068677,OPT,0,B1,220,0,0
R3-Class1_N162M54-06,150,54,0.000251,OPT,0,B1,0,0,0
R3-Class1_N162M54-07,157,54,0.00026,OPT,0,B1,0,0,0
R3-Class1_N162M54-08,148,54,0.080334,OPT,0,B1,271,0,0
R3-Class1_N162M54-09,136,54,0.000299,OPT,0,B1,0,0,0
R3-Class1_N180M60-00,156,60,0.039637,OPT,0,B1,268,0,0
R3-Class1_N180M60-01,153,60,0.055889,OPT,0,B1,313,0,0
R3-Class1_N180M60-02,152,60,0.033702,OPT,0,B1,232,0,0
R3-Class1_N180M60-03,148,60,0.045987,OPT,0,B1,180,0,0
R3-Class1_N180M60-04,151,60,0.00029,OPT,0,B1,0,0,0
R3-Class1_N180M60-05,171,60,0.04881,OPT,0,B1,332,0,0
R3-Class1_N180M60-06,146,60,0.059072,OPT,0,B1,287,0,0
R3-Class1_N180M60-07,151,60,0.000364,OPT,0,B1,0,0,0
R3-Class1_N180M60-08,149,60,0.000538,OPT,0,B1,0,0,0
R3-Class1_N180M60-09,143,60,0.00027,OPT,0,B1,0,0,0
R3-Class1_N198M66-00,153,66,0.068556,OPT,0,B1,375,0,0
R3-Class1_N198M66-01,140,66,0.000318,OPT,0,B1,0,0,0
R3-Class1_N198M66-02,154,66,0.000321,OPT,0,B1,0,0,0
R3-Class1_N198M66-03,153,66,0.000283,OPT,0,B1,0,0,0
R3-Class1_N198M66-04,159,66,0.054486,OPT,0,B1,284,0,0
R3-Class1_N198M66-05,153,66,0.019312,OPT,0,B1,151,0,0
R3-Class1_N198M66-06,154,66,0.000539,OPT,0,B1,0,0,0
R3-Class1_N198M66-07,146,66,0.000293,OPT,0,B1,0,0,0
R3-Class1_N198M66-08,147,66,0.000339,OPT,0,B1,0,0,0
R3-Class1_N198M66-09,161,66,0.000354,OPT,0,B1,0,0,0
R3-Class1_N36M12-00,116,12,0.007403,OPT,0,B1,78,0,0
R3-Class1_N36M12-01,172,12,0.004394,OPT,0,B1,50,0,0
R3-Class1_N36M12-02,161,12,0.01741,OPT,0,B1,99,15,0
R3-Class1_N36M12-03,159,12,0.034059,OPT,0,B1,105,7,0
R3-Class1_N36M12-04,155,12,0.008174,OPT,0,B1,80,2,0
R3-Class1_N36M12-05,146,12,0.007909,OPT,0,B1,82,0,0
R3-Class1_N36M12-06,154,12,0.005968,OPT,0,B1,61,0,0
R3-Class1_N36M12-07,172,12,0.00669,OPT,0,B1,91,0,0
R3-Class1_N36M12-08,144,12,0.005656,OPT,0,B1,63,0,0
R3-Class1_N36M12-09,128,12,0.008656,OPT,0,B1,77,4,0
R3-Class1_N54M18-00,149,18,0.007328,OPT,0,B1,70,1,0
R3-Class1_N54M18-01,148,18,0.009082,OPT,0,B1,96,0,0
R3-Class1_N54M18-02,159,18,0.007854,OPT,0,B1,80,0,0
R3-Class1_N54M18-03,149,18,0.014187,OPT,0,B1,134,0,0
R3-Class1_N54M18-04,139,18,0.030457,OPT,0,B1,184,10,0
R3-Class1_N54M18-05,135,18,0.039903,OPT,0,B1,106,7,0
R3-Class1_N54M18-06,130,18,0.000157,OPT,0,B1,0,0,0
R3-Class1_N54M18-07,152,18,0.01135,OPT,0,B1,99,4,0
R3-Class1_N54M18-08,156,18,0.00688,OPT,0,B1,74,0,0
R3-Class1_N54M18-09,142,18,0.015914,OPT,0,B1,143,0,0
R3-Class1_N72M24-00,149,24,0.014427,OPT,0,B1,129,4,0
R3-Class1_N72M24-01,162,24,0.051119,OPT,0,B1,184,0,0
R3-Class1_N72M24-02,154,24,0.00016,OPT,0,B1,0,0,0
R3-Class1_N72M24-03,150,24,0.015927,OPT,0,B1,139,1,0
R3-Class1_N72M24-04,159,24,0.02169,OPT,0,B1,157,7,0
R3-Class1_N72M24-05,170,24,0.049708,OPT,0,B1,205,25,0
R3-Class1_N72M24-06,170,24,0.084878,OPT,0,B1,174,2,0
R3-Class1_N72M24-07,162,24,0.029043,OPT,0,B1,166,2,0
R3-Class1_N72M24-08,175,24,0.043996,OPT,0,B1,153,1,0
R3-Class1_N72M24-09,161,24,0.04178,OPT,0,B1,164,1,0
R3-Class1_N90M30-00,154,30,0.060338,OPT,0,B1,346,5,0
R3-Class1_N90M30-01,167,30,0.017734,OPT,0,B1,149,3,0
R3-Class1_N90M30-02,145,30,0.019035,OPT,0,B1,146,0,0
R3-Class1_N90M30-03,167,30,0.034423,OPT,0,B1,222,10,0
R3-Class1_N90M30-04,155,30,0.000158,OPT,0,B1,0,0,0
R3-Class1_N90M30-05,161,30,0.073301,OPT,0,B1,200,13,0
R3-Class1_N90M30-06,164,30,0.016573,OPT,0,B1,150,0,0
R3-Class1_N90M30-07,169,30,0.056384,OPT,0,B1,255,8,0
R3-Class1_N90M30-08,154,30,0.023584,OPT,0,B1,191,1,0
R3-Class1_N90M30-09,150,30,0.02477,OPT,0,B1,161,0,0
