R2-Class3_N100M50-00,153,50,0.003222,OPT,2,NT,38,0,0
R2-Class3_N100M50-01,159,50,0.003712,OPT,5,NT,22,0,0
R2-Class3_N100M50-02,152,50,0.003261,OPT,2,NT,39,0,0
R2-Class3_N100M50-03,162,50,0.004692,OPT,4,NT,25,0,0
R2-Class3_N100M50-04,155,50,0.00576,OPT,4,NT,19,0,0
R2-Class3_N100M50-05,152,50,0.003874,OPT,2,NT,27,0,0
R2-Class3_N100M50-06,150,50,0.002445,OPT,2,NT,26,0,0
R2-Class3_N100M50-07,150,50,0.003215,OPT,2,NT,31,0,0
R2-Class3_N100M50-08,155,50,0.001977,OPT,1,NT,32,0,0
R2-Class3_N100M50-09,162,50,0.004511,OPT,6,NT,47,0,0
R2-Class3_N120M60-00,158,60,0.004675,OPT,5,NT,30,0,0
R2-Class3_N120M60-01,159,60,0.004454,OPT,5,NT,25,0,0
R2-Class3_N120M60-02,151,60,0.002561,OPT,3,NT,38,0,0
R2-Class3_N120M60-03,151,60,0.00443,OPT,5,NT,26,0,0
R2-Class3_N120M60-04,151,60,0.024844,OPT,2,NT,37,0,0
R2-Class3_N120M60-05,153,60,0.003034,OPT,2,NT,38,0,0
R2-Class3_N120M60-06,152,60,0.003465,OPT,4,NT,37,0,0
R2-Class3_N120M60-07,152,60,0.002973,OPT,2,NT,26,0,0
R2-Class3_N120M60-08,153,60,0.003322,OPT,2,NT,31,0,0
R2-Class3_N120M60-09,150,60,0.004557,OPT,4,NT,40,0,0
R2-Class3_N140M70-00,151,70,0.002328,OPT,1,NT,27,0,0
R2-Class3_N140M70-01,157,70,0.004043,OPT,5,NT,11,0,0
R2-Class3_N140M70-02,155,70,0.005094,OPT,2,NT,29,0,0
R2-Class3_N140M70-03,152,70,0.002783,OPT,2,NT,19,0,0
R2-Class3_N140M70-04,153,70,0.001779,OPT,1,NT,19,0,0
R2-Class3_N140M70-05,151,70,0.00363,OPT,4,NT,21,0,0
R2-Class3_N140M70-06,150,70,0.002633,OPT,3,NT,27,0,0
R2-Class3_N140M70-07,156,70,0.003992,OPT,4,NT,20,0,0
R2-Class3_N140M70-08,153,70,0.001792,OPT,1,NT,23,0,0
R2-Class3_N140M70-09,151,70,0.002425,OPT,1,NT,33,0,0
R2-Class3_N160M80-00,152,80,0.003337,OPT,2,NT,21,0,0
R2-Class3_N160M80-01,150,80,0.004893,OPT,2,NT,30,0,0
R2-Class3_N160M80-02,152,80,0.002932,OPT,2,NT,31,0,0
R2-Class3_N160M80-03,154,80,0.001884,OPT,1,NT,14,0,0
R2-Class3_N160M80-04,151,80,0.002579,OPT,2,NT,16,0,0
R2-Class3_N160M80-05,153,80,0.002163,OPT,1,NT,15,0,0
R2-Class3_N160M80-06,153,80,0.002091,OPT,1,NT,20,0,0
R2-Class3_N160M80-07,155,80,0.003184,OPT,2,NT,36,0,0
R2-Class3_N160M80-08,154,80,0.003516,OPT,4,NT,21,0,0
R2-Class3_N160M80-09,151,80,0.003109,OPT,2,NT,29,0,0
R2-Class3_N180M90-00,152,90,0.002323,OPT,1,NT,47,0,0
R2-Class3_N180M90-01,151,90,0.002791,OPT,2,NT,13,0,0
R2-Class3_N180M90-02,150,90,0.003166,OPT,4,NT,11,0,0
R2-Class3_N180M90-03,151,90,0.002414,OPT,1,NT,18,0,0
R2-Class3_N180M90-04,151,90,0.002767,OPT,3,NT,13,0,0
R2-Class3_N180M90-05,154,90,0.002615,OPT,2,NT,20,0,0
R2-Class3_N180M90-06,151,90,0.003022,OPT,2,NT,26,0,0
R2-Class3_N180M90-07,160,90,0.004014,OPT,5,NT,11,0,0
R2-Class3_N180M90-08,155,90,0.002778,OPT,3,NT,22,0,0
R2-Class3_N180M90-09,153,90,0.002658,OPT,2,NT,6,0,0
R2-Class3_N200M100-00,154,100,0.0032,OPT,2,NT,43,0,0
R2-Class3_N200M100-01,152,100,0.002194,OPT,1,NT,34,0,0
R2-Class3_N200M100-02,151,100,0.002853,OPT,3,NT,26,0,0
R2-Class3_N200M100-03,153,100,0.003299,OPT,3,NT,14,0,0
R2-Class3_N200M100-04,153,100,0.002642,OPT,1,NT,42,0,0
R2-Class3_N200M100-05,153,100,0.002675,OPT,2,NT,13,0,0
R2-Class3_N200M100-06,153,100,0.002874,OPT,2,NT,6,0,0
R2-Class3_N200M100-07,153,100,0.002852,OPT,2,NT,17,0,0
R2-Class3_N200M100-08,150,100,0.00243,OPT,2,NT,10,0,0
R2-Class3_N200M100-09,151,100,0.003115,OPT,2,NT,9,0,0
R2-Class3_N20M10-00,177,10,0.004084,OPT,13,NT,16,0,0
R2-Class3_N20M10-01,157,10,0.002618,OPT,5,NT,18,0,0
R2-Class3_N20M10-02,158,10,0.02298,OPT,4,NT,16,0,0
R2-Class3_N20M10-03,144,10,0.002773,OPT,8,NT,9,0,0
R2-Class3_N20M10-04,158,10,0.002475,OPT,2,NT,28,0,0
R2-Class3_N20M10-05,147,10,0.002061,OPT,7,NT,9,0,0
R2-Class3_N20M10-06,157,10,0.001779,OPT,5,NT,7,0,0
R2-Class3_N20M10-07,153,10,0.002316,OPT,5,NT,19,0,0
R2-Class3_N20M10-08,151,10,0.001511,OPT,1,NT,26,0,0
R2-Class3_N20M10-09,155,10,0.002843,OPT,4,NT,25,0,0
R2-Class3_N40M20-00,150,20,0.002684,OPT,6,NT,19,0,0
R2-Class3_N40M20-01,152,20,0.003131,OPT,5,NT,26,0,0
R2-Class3_N40M20-02,168,20,0.003259,OPT,7,NT,18,0,0
R2-Class3_N40M20-03,159,20,0.002818,OPT,6,NT,27,0,0
R2-Class3_N40M20-04,152,20,0.004488,OPT,7,NT,29,0,0
R2-Class3_N40M20-05,155,20,0.002595,OPT,5,NT,22,0,0
R2-Class3_N40M20-06,155,20,0.002605,OPT,3,NT,29,0,0
R2-Class3_N40M20-07,152,20,0.003687,OPT,4,NT,26,0,0
R2-Class3_N40M20-08,153,20,0.003473,OPT,9,NT,24,0,0
R2-Class3_N40M20-09,158,20,0.002496,OPT,3,NT,26,0,0
R2-Class3_N60M30-00,155,30,0.028557,OPT,3,NT,35,0,0
R2-Class3_N60M30-01,150,30,0.003017,OPT,2,NT,25,0,0
R2-Class3_N60M30-02,152,30,0.002109,OPT,3,NT,22,0,0
R2-Class3_N60M30-03,151,30,0.002777,OPT,3,NT,21,0,0
R2-Class3_N60M30-04,154,30,0.002552,OPT,3,NT,32,0,0
R2-Class3_N60M30-05,166,30,0.003376,OPT,5,NT,28,0,0
R2-Class3_N60M30-06,152,30,0.02343,OPT,2,NT,36,0,0
R2-Class3_N60M30-07,153,30,0.001396,OPT,1,NT,19,0,0
R2-Class3_N60M30-08,152,30,0.00269,OPT,3,NT,33,0,0
R2-Class3_N60M30-09,153,30,0.002629,OPT,2,NT,23,0,0
R2-Class3_N80M40-00,151,40,0.022575,OPT,3,NT,12,0,0
R2-Class3_N80M40-01,158,40,0.003082,OPT,4,NT,24,0,0
R2-Class3_N80M40-02,151,40,0.00228,OPT,1,NT,44,0,0
R2-Class3_N80M40-03,154,40,0.002393,OPT,3,NT,21,0,0
R2-Class3_N80M40-04,153,40,0.002709,OPT,2,NT,31,0,0
R2-Class3_N80M40-05,155,40,0.00275,OPT,2,NT,31,0,0
R2-Class3_N80M40-06,150,40,0.002885,OPT,5,NT,16,0,0
R2-Class3_N80M40-07,152,40,0.002327,OPT,3,NT,29,0,0
R2-Class3_N80M40-08,150,40,0.004946,OPT,3,NT,27,0,0
R2-Class3_N80M40-09,153,40,0.002942,OPT,4,NT,22,0,0
