R2.5-Class6_N100M40-00,627,40,0.161322,OPT,1,NT,466,6,0
R2.5-Class6_N100M40-01,648,40,0.093041,OPT,2,NT,521,7,0
R2.5-Class6_N100M40-02,613,40,0.081952,OPT,1,NT,525,5,0
R2.5-Class6_N100M40-03,618,40,0.121879,OPT,2,NT,448,6,0
R2.5-Class6_N100M40-04,642,40,0.123272,OPT,1,NT,460,9,0
R2.5-Class6_N100M40-05,643,40,0.095593,OPT,1,NT,500,14,0
R2.5-Class6_N100M40-06,595,40,0.086886,OPT,1,NT,407,3,0
R2.5-Class6_N100M40-07,637,40,0.096294,OPT,1,NT,427,4,0
R2.5-Class6_N100M40-08,620,40,0.08029,OPT,1,NT,490,1,0
R2.5-Class6_N100M40-09,659,40,0.129647,OPT,2,NT,547,2,0
R2.5-Class6_N120M48-00,763,48,0.055302,OPT,0,B1,437,1,0
R2.5-Class6_N120M48-01,799,48,0.096643,OPT,1,NT,510,3,0
R2.5-Class6_N120M48-02,738,48,0.140882,OPT,2,NT,725,3,0
R2.5-Class6_N120M48-03,754,48,0.201066,OPT,1,NT,659,12,0
R2.5-Class6_N120M48-04,753,48,0.056276,OPT,0,B1,517,0,0
R2.5-Class6_N120M48-05,744,48,0.353151,OPT,3,NT,581,9,0
R2.5-Class6_N120M48-06,725,48,0.344017,OPT,4,NT,784,18,10
R2.5-Class6_N120M48-07,752,48,0.136124,OPT,2,NT,729,2,0
R2.5-Class6_N120M48-08,744,48,0.101809,OPT,2,NT,669,3,0
R2.5-Class6_N120M48-09,712,48,0.114747,OPT,2,NT,572,3,0
R2.5-Class6_N140M56-00,900,56,0.183767,OPT,1,NT,672,4,0
R2.5-Class6_N140M56-01,892,56,0.319173,OPT,7,NT,805,8,0
R2.5-Class6_N140M56-02,866,56,0.140494,OPT,1,NT,642,4,0
R2.5-Class6_N140M56-03,834,56,0.448454,OPT,2,NT,906,21,10
R2.5-Class6_N140M56-04,859,56,0.233911,OPT,1,NT,674,5,0
R2.5-Class6_N140M56-05,859,56,0.165812,OPT,1,NT,762,4,0
R2.5-Class6_N140M56-06,916,56,0.162127,OPT,2,NT,830,2,0
R2.5-Class6_N140M56-07,845,56,0.233228,OPT,1,NT,716,6,0
R2.5-Class6_N140M56-08,881,56,0.166976,OPT,2,NT,832,2,0
R2.5-Class6_N140M56-09,841,56,0.264989,OPT,0,B1,662,6,10
R2.5-Class6_N160M64-00,978,64,0.200491,OPT,1,NT,832,6,0
R2.5-Class6_N160M64-01,1024,64,0.202392,OPT,1,NT,975,8,0
R2.5-Class6_N160M64-02,991,64,0.293298,OPT,5,NT,1128,6,0
R2.5-Class6_N160M64-03,1075,64,0.184757,OPT,1,NT,792,6,0
R2.5-Class6_N160M64-04,967,64,0.179448,OPT,2,NT,941,3,0
R2.5-Class6_N160M64-05,999,64,0.286806,OPT,4,NT,1038,0,0
R2.5-Class6_N160M64-06,1019,64,0.237554,OPT,2,NT,1058,7,0
R2.5-Class6_N160M64-07,960,64,0.24518,OPT,1,NT,907,6,0
R2.5-Class6_N160M64-08,1029,64,0.352614,OPT,2,NT,1010,11,3
R2.5-Class6_N160M64-09,994,64,0.212303,OPT,0,B1,738,4,0
R2.5-Class6_N180M72-00,1184,72,0.193796,OPT,2,NT,1092,2,0
R2.5-Class6_N180M72-01,1146,72,0.37072,OPT,1,NT,1107,7,0
R2.5-Class6_N180M72-02,1111,72,0.294813,OPT,1,NT,893,6,0
R2.5-Class6_N180M72-03,1118,72,0.306754,OPT,1,NT,1029,9,0
R2.5-Class6_N180M72-04,1072,72,0.197192,OPT,1,NT,961,6,0
R2.5-Class6_N180M72-05,1091,72,0.296486,OPT,1,NT,902,3,0
R2.5-Class6_N180M72-06,1170,72,0.331403,OPT,1,NT,1104,2,0
R2.5-Class6_N180M72-07,1141,72,0.25173,OPT,2,NT,1080,7,0
R2.5-Class6_N180M72-08,1095,72,0.211165,OPT,2,NT,1151,2,0
R2.5-Class6_N180M72-09,1131,72,0.333847,OPT,1,NT,1015,12,0
R2.5-Class6_N200M80-00,1262,80,0.456353,OPT,1,NT,1191,7,0
R2.5-Class6_N200M80-01,1228,80,0.409351,OPT,1,NT,1228,6,0
R2.5-Class6_N200M80-02,1244,80,0.396236,OPT,1,NT,1285,5,0
R2.5-Class6_N200M80-03,1216,80,0.348309,OPT,1,NT,1151,5,0
R2.5-Class6_N200M80-04,1196,80,0.408481,OPT,1,NT,1306,5,0
R2.5-Class6_N200M80-05,1275,80,0.430489,OPT,1,NT,1168,7,0
R2.5-Class6_N200M80-06,1177,80,0.391336,OPT,1,NT,1167,4,0
R2.5-Class6_N200M80-07,1231,80,0.379102,OPT,1,NT,1279,4,0
R2.5-Class6_N200M80-08,1256,80,0.26045,OPT,2,NT,1258,0,0
R2.5-Class6_N200M80-09,1234,80,0.331297,OPT,1,NT,1066,9,0
R2.5-Class6_N20M8-00,119,8,0.004996,OPT,2,NT,40,0,0
R2.5-Class6_N20M8-01,121,8,0.026446,OPT,3,NT,36,0,0
R2.5-Class6_N20M8-02,134,8,0.005116,OPT,5,NT,36,0,0
R2.5-Class6_N20M8-03,136,8,0.007792,OPT,6,NT,31,0,0
R2.5-Class6_N20M8-04,132,8,0.004871,OPT,2,NT,33,0,0
R2.5-Class6_N20M8-05,141,8,0.009012,OPT,1,NT,44,1,0
R2.5-Class6_N20M8-06,139,8,0.005891,OPT,1,NT,49,0,0
R2.5-Class6_N20M8-07,112,8,0.004137,OPT,2,NT,28,0,0
R2.5-Class6_N20M8-08,122,8,0.00585,OPT,1,NT,38,0,0
R2.5-Class6_N20M8-09,145,8,0.005028,OPT,2,NT,35,0,0
R2.5-Class6_N40M16-00,236,16,0.014561,OPT,2,NT,141,0,0
R2.5-Class6_N40M16-01,275,16,0.010036,OPT,2,NT,99,0,0
R2.5-Class6_N40M16-02,274,16,0.039289,OPT,1,NT,116,0,0
R2.5-Class6_N40M16-03,257,16,0.010595,OPT,1,NT,120,0,0
R2.5-Class6_N40M16-04,267,16,0.023445,OPT,1,NT,138,7,0
R2.5-Class6_N40M16-05,270,16,0.020162,OPT,1,NT,137,6,0
R2.5-Class6_N40M16-06,259,16,0.00871,OPT,2,NT,111,0,0
R2.5-Class6_N40M16-07,233,16,0.009529,OPT,2,NT,105,0,0
R2.5-Class6_N40M16-08,252,16,0.018099,OPT,4,NT,123,1,0
R2.5-Class6_N40M16-09,283,16,0.01356,OPT,1,NT,98,1,0
R2.5-Class6_N60M24-00,375,24,0.024443,OPT,2,NT,246,0,0
R2.5-Class6_N60M24-01,369,24,0.022156,OPT,2,NT,238,0,0
R2.5-Class6_N60M24-02,385,24,0.013676,OPT,2,NT,164,0,0
R2.5-Class6_N60M24-03,378,24,0.02231,OPT,1,NT,207,0,0
R2.5-Class6_N60M24-04,354,24,0.021466,OPT,2,NT,211,0,0
R2.5-Class6_N60M24-05,375,24,0.035352,OPT,2,NT,256,6,0
R2.5-Class6_N60M24-06,372,24,0.053154,OPT,3,NT,182,2,0
R2.5-Class6_N60M24-07,358,24,0.039277,OPT,3,NT,191,8,0
R2.5-Class6_N60M24-08,364,24,0.032923,OPT,2,NT,210,8,0
R2.5-Class6_N60M24-09,384,24,0.051298,OPT,7,NT,192,1,0
R2.5-Class6_N80M32-00,481,32,0.024653,OPT,1,NT,261,0,0
R2.5-Class6_N80M32-01,489,32,0.093387,OPT,4,NT,454,7,0
R2.5-Class6_N80M32-02,508,32,0.054945,OPT,1,NT,326,10,0
R2.5-Class6_N80M32-03,504,32,0.02878,OPT,5,NT,233,0,0
R2.5-Class6_N80M32-04,525,32,0.028658,OPT,2,NT,265,0,0
R2.5-Class6_N80M32-05,451,32,0.04574,OPT,0,B1,261,1,0
R2.5-Class6_N80M32-06,501,32,0.030673,OPT,1,NT,302,1,0
R2.5-Class6_N80M32-07,497,32,0.033226,OPT,2,NT,323,0,0
R2.5-Class6_N80M32-08,504,32,0.036815,OPT,0,B1,274,3,0
R2.5-Class6_N80M32-09,502,32,0.112554,OPT,1,NT,341,10,0
