R2.25-Class5_N108M48-00,236,48,0.028095,OPT,1,NT,185,0,0
R2.25-Class5_N108M48-01,222,48,0.014743,OPT,1,NT,143,0,0
R2.25-Class5_N108M48-02,245,46,0.000106,OPT,0,B1,0,0,0
R2.25-Class5_N108M48-03,224,48,0.018903,OPT,4,NT,92,0,0
R2.25-Class5_N108M48-04,287,48,4.1e-05,OPT,0,B1,0,0,0
R2.25-Class5_N108M48-05,249,48,0.019797,OPT,1,NT,191,0,0
R2.25-Class5_N108M48-06,248,48,0.031855,OPT,1,NT,200,3,0
R2.25-Class5_N108M48-07,233,48,0.049828,OPT,0,B1,207,5,0
R2.25-Class5_N108M48-08,251,45,0.000103,OPT,0,B1,0,0,0
R2.25-Class5_N108M48-09,231,48,4.3e-05,OPT,0,B1,0,0,0
R2.25-Class5_N126M56-00,259,56,0.053723,OPT,1,NT,339,3,0
R2.25-Class5_N126M56-01,237,56,0.029866,OPT,2,NT,281,0,0
R2.25-Class5_N126M56-02,259,53,0.00013,OPT,0,B1,0,0,0
R2.25-Class5_N126M56-03,235,56,0.033369,OPT,1,NT,247,0,0
R2.25-Class5_N126M56-04,261,55,0.000138,OPT,0,B1,0,0,0
R2.25-Class5_N126M56-05,271,56,5.2e-05,OPT,0,B1,0,0,0
R2.25-Class5_N126M56-06,232,56,0.011098,OPT,0,B1,193,0,0
R2.25-Class5_N126M56-07,221,56,0.015777,OPT,1,NT,204,0,0
R2.25-Class5_N126M56-08,236,56,0.027907,OPT,2,NT,184,0,0
R2.25-Class5_N126M56-09,229,56,0.013502,OPT,0,B1,146,0,0
R2.25-Class5_N144M64-00,263,64,6.7e-05,OPT,0,B1,0,0,0
R2.25-Class5_N144M64-01,225,64,0.033549,OPT,1,NT,253,1,0
R2.25-Class5_N144M64-02,219,64,0.067316,OPT,1,NT,243,0,0
R2.25-Class5_N144M64-03,257,64,9.7e-05,OPT,0,B1,0,0,0
R2.25-Class5_N144M64-04,240,64,0.038974,OPT,1,NT,275,0,0
R2.25-Class5_N144M64-05,236,62,0.000134,OPT,0,B1,0,0,0
R2.25-Class5_N144M64-06,219,64,0.037051,OPT,1,NT,289,0,0
R2.25-Class5_N144M64-07,247,60,0.000134,OPT,0,B1,0,0,0
R2.25-Class5_N144M64-08,220,64,0.000134,OPT,0,B1,0,0,0
R2.25-Class5_N144M64-09,241,64,0.030875,OPT,1,NT,224,0,0
R2.25-Class5_N162M72-00,238,69,0.000144,OPT,0,B1,0,0,0
R2.25-Class5_N162M72-01,225,72,0.018542,OPT,2,NT,158,0,0
R2.25-Class5_N162M72-02,238,72,0.055972,OPT,1,NT,282,0,0
R2.25-Class5_N162M72-03,283,72,6.4e-05,OPT,0,B1,0,0,0
R2.25-Class5_N162M72-04,221,70,0.000181,OPT,0,B1,0,0,0
R2.25-Class5_N162M72-05,244,68,0.000149,OPT,0,B1,0,0,0
R2.25-Class5_N162M72-06,254,68,0.000173,OPT,0,B1,0,0,0
R2.25-Class5_N162M72-07,234,72,0.015361,OPT,0,B1,182,0,0
R2.25-Class5_N162M72-08,271,72,7.4e-05,OPT,0,B1,0,0,0
R2.25-Class5_N162M72-09,235,72,0.021767,OPT,1,NT,240,0,0
R2.25-Class5_N180M80-00,235,76,0.00017,OPT,0,B1,0,0,0
R2.25-Class5_N180M80-01,247,77,0.000265,OPT,0,B1,0,0,0
R2.25-Class5_N180M80-02,235,80,0.044374,OPT,1,NT,291,0,0
R2.25-Class5_N180M80-03,231,80,0.013553,OPT,0,B1,191,0,0
R2.25-Class5_N180M80-04,222,79,0.000168,OPT,0,B1,0,0,0
R2.25-Class5_N180M80-05,266,73,0.000176,OPT,0,B1,0,0,0
R2.25-Class5_N180M80-06,257,73,0.000165,OPT,0,B1,0,0,0
R2.25-Class5_N180M80-07,239,80,0.035012,OPT,1,NT,300,0,0
R2.25-Class5_N180M80-08,237,80,0.028052,OPT,0,B1,287,0,0
R2.25-Class5_N180M80-09,242,76,0.000167,OPT,0,B1,0,0,0
R2.25-Class5_N198M88-00,217,88,0.000218,OPT,0,B1,0,0,0
R2.25-Class5_N198M88-01,227,88,0.036315,OPT,0,B1,347,0,0
R2.25-Class5_N198M88-02,245,88,0.036432,OPT,0,B1,384,0,0
R2.25-Class5_N198M88-03,217,88,0.008466,OPT,0,B1,85,0,0
R2.25-Class5_N198M88-04,238,81,0.00021,OPT,0,B1,0,0,0
R2.25-Class5_N198M88-05,227,88,0.000353,OPT,0,B1,0,0,0
R2.25-Class5_N198M88-06,238,88,0.013694,OPT,0,B1,212,0,0
R2.25-Class5_N198M88-07,260,88,9e-05,OPT,0,B1,0,0,0
R2.25-Class5_N198M88-08,235,85,0.000182,OPT,0,B1,0,0,0
R2.25-Class5_N198M88-09,223,88,0.000239,OPT,0,B1,0,0,0
R2.25-Class5_N36M16-00,245,16,0.01238,OPT,5,NT,79,3,0
R2.25-Class5_N36M16-01,249,16,0.003418,OPT,16,NT,11,0,0
R2.25-Class5_N36M16-02,239,16,0.006406,OPT,8,NT,57,0,0
R2.25-Class5_N36M16-03,226,16,1.8e-05,OPT,0,B1,0,0,0
R2.25-Class5_N36M16-04,229,16,0.007104,OPT,2,NT,62,0,0
R2.25-Class5_N36M16-05,245,16,3.4e-05,OPT,0,B1,0,0,0
R2.25-Class5_N36M16-06,237,16,0.009824,OPT,3,NT,80,0,0
R2.25-Class5_N36M16-07,236,16,0.006245,OPT,7,NT,50,0,0
R2.25-Class5_N36M16-08,232,16,0.008228,OPT,7,NT,47,0,0
R2.25-Class5_N36M16-09,247,16,0.009806,OPT,5,NT,70,0,0
R2.25-Class5_N54M24-00,220,24,0.008489,OPT,3,NT,82,0,0
R2.25-Class5_N54M24-01,228,24,0.003258,OPT,0,B1,68,0,0
R2.25-Class5_N54M24-02,212,24,0.013322,OPT,6,NT,96,0,0
R2.25-Class5_N54M24-03,220,24,5.9e-05,OPT,0,B1,0,0,0
R2.25-Class5_N54M24-04,272,24,0.007238,OPT,8,NT,40,0,0
R2.25-Class5_N54M24-05,218,24,0.015702,OPT,2,NT,123,1,0
R2.25-Class5_N54M24-06,219,24,6.2e-05,OPT,0,B1,0,0,0
R2.25-Class5_N54M24-07,243,24,0.011451,OPT,4,NT,86,0,0
R2.25-Class5_N54M24-08,216,24,6e-05,OPT,0,B1,0,0,0
R2.25-Class5_N54M24-09,259,24,3.9e-05,OPT,0,B1,0,0,0
R2.25-Class5_N72M32-00,248,32,0.006004,OPT,8,NT,36,0,0
R2.25-Class5_N72M32-01,243,32,0.008857,OPT,3,NT,87,0,0
R2.25-Class5_N72M32-02,233,32,0.026311,OPT,2,NT,21,0,0
R2.25-Class5_N72M32-03,252,32,0.010753,OPT,2,NT,84,4,0
R2.25-Class5_N72M32-04,246,32,0.035595,OPT,1,NT,183,7,0
R2.25-Class5_N72M32-05,243,32,0.009423,OPT,3,NT,112,0,0
R2.25-Class5_N72M32-06,242,32,0.014819,OPT,3,NT,116,0,0
R2.25-Class5_N72M32-07,228,30,9.3e-05,OPT,0,B1,0,0,0
R2.25-Class5_N72M32-08,237,31,0.000114,OPT,0,B1,0,0,0
R2.25-Class5_N72M32-09,225,32,0.013113,OPT,1,NT,119,0,0
R2.25-Class5_N90M40-00,228,40,0.01985,OPT,1,NT,162,0,0
R2.25-Class5_N90M40-01,240,40,0.016507,OPT,1,NT,158,0,0
R2.25-Class5_N90M40-02,236,40,0.013872,OPT,3,NT,131,0,0
R2.25-Class5_N90M40-03,224,40,0.011319,OPT,0,B1,139,1,0
R2.25-Class5_N90M40-04,233,40,0.021324,OPT,1,NT,199,0,0
R2.25-Class5_N90M40-05,213,40,0.027537,OPT,1,NT,197,2,0
R2.25-Class5_N90M40-06,220,40,0.02082,OPT,1,NT,130,0,0
R2.25-Class5_N90M40-07,240,40,0.008293,OPT,1,NT,131,0,0
R2.25-Class5_N90M40-08,246,40,0.011859,OPT,4,NT,58,0,0
R2.25-Class5_N90M40-09,219,40,0.021733,OPT,1,NT,148,1,0
