R3-Class3_N108M36-00,226,36,0.013854,OPT,0,B1,143,0,0
R3-Class3_N108M36-01,227,36,0.012369,OPT,0,B1,109,0,0
R3-Class3_N108M36-02,227,36,0.01018,OPT,0,B1,101,0,0
R3-Class3_N108M36-03,225,36,0.020871,OPT,0,B1,184,0,0
R3-Class3_N108M36-04,218,36,0.016433,OPT,0,B1,151,0,0
R3-Class3_N108M36-05,229,36,0.013719,OPT,0,B1,142,0,0
R3-Class3_N108M36-06,220,36,0.009965,OPT,0,B1,128,0,0
R3-Class3_N108M36-07,228,36,0.018014,OPT,0,B1,159,0,0
R3-Class3_N108M36-08,225,36,0.016971,OPT,0,B1,120,0,0
R3-Class3_N108M36-09,226,36,0.035784,OPT,0,B1,125,0,0
R3-Class3_N126M42-00,230,42,0.030875,OPT,0,B1,98,0,0
R3-Class3_N126M42-01,219,42,0.018606,OPT,0,B1,125,0,0
R3-Class3_N126M42-02,220,42,0.011279,OPT,0,B1,123,0,0
R3-Class3_N126M42-03,223,42,0.020384,OPT,0,B1,147,0,0
R3-Class3_N126M42-04,229,42,0.063375,OPT,0,B1,145,0,0
R3-Class3_N126M42-05,223,42,0.012622,OPT,0,B1,132,0,0
R3-Class3_N126M42-06,229,42,0.014244,OPT,0,B1,133,0,0
R3-Class3_N126M42-07,228,42,0.075238,OPT,0,B1,146,0,0
R3-Class3_N126M42-08,225,42,0.015661,OPT,0,B1,146,0,0
R3-Class3_N126M42-09,229,42,0.009627,OPT,0,B1,122,0,0
R3-Class3_N144M48-00,230,48,0.014551,OPT,0,B1,133,0,0
R3-Class3_N144M48-01,222,48,0.012761,OPT,0,B1,124,0,0
R3-Class3_N144M48-02,223,48,0.013046,OPT,0,B1,129,0,0
R3-Class3_N144M48-03,227,48,0.014289,OPT,0,B1,133,0,0
R3-Class3_N144M48-04,223,48,0.015628,OPT,0,B1,125,0,0
R3-Class3_N144M48-05,221,48,0.01503,OPT,0,B1,122,0,0
R3-Class3_N144M48-06,223,48,0.015518,OPT,0,B1,153,0,0
R3-Class3_N144M48-07,222,48,0.040675,OPT,0,B1,166,0,0
R3-Class3_N144M48-08,222,48,0.012754,OPT,0,B1,124,0,0
R3-Class3_N144M48-09,227,48,0.020311,OPT,0,B1,171,0,0
R3-Class3_N162M54-00,228,54,0.012394,OPT,0,B1,110,0,0
R3-Class3_N162M54-01,225,54,0.020804,OPT,0,B1,142,0,0
R3-Class3_N162M54-02,230,54,0.042406,OPT,0,B1,167,0,0
R3-Class3_N162M54-03,228,54,0.014066,OPT,0,B1,144,0,0
R3-Class3_N162M54-04,226,54,0.015634,OPT,0,B1,138,0,0
R3-Class3_N162M54-05,229,54,0.0132,OPT,0,B1,123,0,0
R3-Class3_N162M54-06,227,54,0.01131,OPT,0,B1,135,0,0
R3-Class3_N162M54-07,222,54,0.018288,OPT,0,B1,156,0,0
R3-Class3_N162M54-08,226,54,0.041131,OPT,0,B1,124,0,0
R3-Class3_N162M54-09,227,54,0.014049,OPT,0,B1,141,0,0
R3-Class3_N180M60-00,225,60,0.020719,OPT,0,B1,152,0,0
R3-Class3_N180M60-01,228,60,0.012438,OPT,0,B1,135,0,0
R3-Class3_N180M60-02,225,60,0.016189,OPT,0,B1,148,0,0
R3-Class3_N180M60-03,226,60,0.015009,OPT,0,B1,151,0,0
R3-Class3_N180M60-04,222,60,0.01226,OPT,0,B1,118,0,0
R3-Class3_N180M60-05,224,60,0.008901,OPT,0,B1,100,0,0
R3-Class3_N180M60-06,228,60,0.011684,OPT,0,B1,112,0,0
R3-Class3_N180M60-07,230,60,0.017294,OPT,0,B1,127,0,0
R3-Class3_N180M60-08,224,60,0.010943,OPT,0,B1,126,0,0
R3-Class3_N180M60-09,228,60,0.017431,OPT,0,B1,156,0,0
R3-Class3_N198M66-00,227,66,0.010623,OPT,0,B1,117,0,0
R3-Class3_N198M66-01,230,66,0.018363,OPT,0,B1,131,0,0
R3-Class3_N198M66-02,224,66,0.017124,OPT,0,B1,147,0,0
R3-Class3_N198M66-03,230,66,0.015733,OPT,0,B1,104,0,0
R3-Class3_N198M66-04,224,66,0.013483,OPT,0,B1,109,0,0
R3-Class3_N198M66-05,221,66,0.011952,OPT,0,B1,130,0,0
R3-Class3_N198M66-06,220,66,0.023034,OPT,0,B1,142,0,0
R3-Class3_N198M66-07,229,66,0.00834,OPT,0,B1,95,0,0
R3-Class3_N198M66-08,227,66,0.019058,OPT,0,B1,152,0,0
R3-Class3_N198M66-09,229,66,0.010059,OPT,0,B1,112,0,0
R3-Class3_N36M12-00,225,12,0.005506,OPT,0,B1,73,0,0
R3-Class3_N36M12-01,226,12,0.006515,OPT,0,B1,56,4,0
R3-Class3_N36M12-02,234,12,0.008967,OPT,1,NT,76,0,0
R3-Class3_N36M12-03,219,12,0.003568,OPT,0,B1,61,0,0
R3-Class3_N36M12-04,230,12,0.009073,OPT,1,NT,88,0,0
R3-Class3_N36M12-05,229,12,0.035865,OPT,1,NT,75,0,2
R3-Class3_N36M12-06,237,12,0.005345,OPT,0,B1,70,2,0
R3-Class3_N36M12-07,221,12,0.006283,OPT,0,B1,76,0,0
R3-Class3_N36M12-08,222,12,0.005081,OPT,0,B1,70,0,0
R3-Class3_N36M12-09,227,12,0.009712,OPT,0,B1,82,2,0
R3-Class3_N54M18-00,239,18,0.016114,OPT,0,B1,121,2,0
R3-Class3_N54M18-01,232,18,0.006516,OPT,0,B1,99,0,0
R3-Class3_N54M18-02,232,18,0.013395,OPT,0,B1,102,3,0
R3-Class3_N54M18-03,221,18,0.007111,OPT,0,B1,78,0,0
R3-Class3_N54M18-04,227,18,0.006367,OPT,0,B1,101,0,0
R3-Class3_N54M18-05,215,18,0.013175,OPT,0,B1,123,1,0
R3-Class3_N54M18-06,225,18,0.010435,OPT,0,B1,96,0,0
R3-Class3_N54M18-07,221,18,0.008824,OPT,0,B1,99,1,0
R3-Class3_N54M18-08,226,18,0.014096,OPT,0,B1,105,4,0
R3-Class3_N54M18-09,227,18,0.009928,OPT,0,B1,93,6,0
R3-Class3_N72M24-00,232,24,0.014959,OPT,0,B1,108,4,0
R3-Class3_N72M24-01,236,24,0.013462,OPT,0,B1,123,0,0
R3-Class3_N72M24-02,233,24,0.008832,OPT,0,B1,106,0,0
R3-Class3_N72M24-03,224,24,0.014714,OPT,0,B1,110,1,0
R3-Class3_N72M24-04,231,24,0.048123,OPT,0,B1,164,0,0
R3-Class3_N72M24-05,225,24,0.006793,OPT,0,B1,110,0,0
R3-Class3_N72M24-06,221,24,0.00989,OPT,0,B1,89,0,0
R3-Class3_N72M24-07,220,24,0.008704,OPT,0,B1,105,0,0
R3-Class3_N72M24-08,221,24,0.041005,OPT,0,B1,144,0,0
R3-Class3_N72M24-09,220,24,0.023115,OPT,0,B1,134,2,0
R3-Class3_N90M30-00,222,30,0.017308,OPT,0,B1,155,0,0
R3-Class3_N90M30-01,231,30,0.014939,OPT,0,B1,127,1,0
R3-Class3_N90M30-02,223,30,0.015365,OPT,0,B1,114,0,0
R3-Class3_N90M30-03,223,30,0.010052,OPT,0,B1,99,0,0
R3-Class3_N90M30-04,225,30,0.012331,OPT,0,B1,135,0,0
R3-Class3_N90M30-05,222,30,0.018767,OPT,0,B1,154,0,0
R3-Class3_N90M30-06,221,30,0.016249,OPT,0,B1,153,0,0
R3-Class3_N90M30-07,230,30,0.013742,OPT,0,B1,141,0,0
R3-Class3_N90M30-08,220,30,0.011862,OPT,0,B1,121,0,0
R3-Class3_N90M30-09,230,30,0.010784,OPT,0,B1,116,0,0
