R2.25-Class1_N108M48-00,113,48,0.004476,OPT,4,NT,17,0,0
R2.25-Class1_N108M48-01,121,48,0.006089,OPT,5,NT,14,0,0
R2.25-Class1_N108M48-02,125,48,0.005216,OPT,5,NT,30,0,0
R2.25-Class1_N108M48-03,112,48,0.034098,OPT,2,NT,99,0,0
R2.25-Class1_N108M48-04,113,48,0.003898,OPT,1,NT,26,0,0
R2.25-Class1_N108M48-05,111,48,0.034971,OPT,2,NT,77,0,0
R2.25-Class1_N108M48-06,126,48,0.005121,OPT,3,NT,54,0,0
R2.25-Class1_N108M48-07,111,48,0.006929,OPT,2,NT,63,0,0
R2.25-Class1_N108M48-08,126,48,0.005132,OPT,6,NT,32,0,0
R2.25-Class1_N108M48-09,109,48,0.009475,OPT,1,NT,95,0,0
R2.25-Class1_N126M56-00,114,56,0.004387,OPT,3,NT,5,0,0
R2.25-Class1_N126M56-01,118,56,0.007985,OPT,1,NT,60,0,0
R2.25-Class1_N126M56-02,114,56,0.004402,OPT,1,NT,28,0,0
R2.25-Class1_N126M56-03,128,56,0.00859,OPT,6,NT,66,0,0
R2.25-Class1_N126M56-04,129,56,0.029897,OPT,5,NT,40,0,0
R2.25-Class1_N126M56-05,125,56,0.004275,OPT,6,NT,9,0,0
R2.25-Class1_N126M56-06,111,56,0.003941,OPT,0,B1,24,0,0
R2.25-Class1_N126M56-07,113,56,0.009302,OPT,1,NT,108,0,0
R2.25-Class1_N126M56-08,117,56,0.004886,OPT,1,NT,50,0,0
R2.25-Class1_N126M56-09,128,56,0.004168,OPT,1,NT,46,0,0
R2.25-Class1_N144M64-00,117,64,0.000258,OPT,0,B1,0,0,0
R2.25-Class1_N144M64-01,115,64,0.000423,OPT,0,B1,0,0,0
R2.25-Class1_N144M64-02,115,64,0.004553,OPT,2,NT,13,0,0
R2.25-Class1_N144M64-03,116,64,0.002791,OPT,1,NT,9,0,0
R2.25-Class1_N144M64-04,120,64,0.00733,OPT,2,NT,75,0,0
R2.25-Class1_N144M64-05,124,64,0.00682,OPT,5,NT,27,0,0
R2.25-Class1_N144M64-06,120,64,0.000319,OPT,0,B1,0,0,0
R2.25-Class1_N144M64-07,125,64,0.005561,OPT,3,NT,27,0,0
R2.25-Class1_N144M64-08,119,64,0.003742,OPT,2,NT,9,0,0
R2.25-Class1_N144M64-09,114,64,0.006925,OPT,1,NT,77,0,0
R2.25-Class1_N162M72-00,118,72,0.005052,OPT,2,NT,21,0,0
R2.25-Class1_N162M72-01,105,72,0.012638,OPT,1,NT,132,0,0
R2.25-Class1_N162M72-02,111,72,0.015765,OPT,1,NT,105,0,0
R2.25-Class1_N162M72-03,112,72,0.005202,OPT,1,NT,26,0,0
R2.25-Class1_N162M72-04,106,72,0.01002,OPT,0,B1,82,0,0
R2.25-Class1_N162M72-05,118,72,0.018008,OPT,1,NT,186,0,0
R2.25-Class1_N162M72-06,115,72,0.016235,OPT,2,NT,121,0,0
R2.25-Class1_N162M72-07,120,72,0.005118,OPT,2,NT,19,0,0
R2.25-Class1_N162M72-08,112,72,0.041506,OPT,1,NT,180,0,0
R2.25-Class1_N162M72-09,102,72,0.000262,OPT,0,B1,0,0,0
R2.25-Class1_N180M80-00,119,80,0.005499,OPT,2,NT,22,0,0
R2.25-Class1_N180M80-01,117,80,0.004706,OPT,2,NT,19,0,0
R2.25-Class1_N180M80-02,117,80,0.013928,OPT,3,NT,124,0,0
R2.25-Class1_N180M80-03,117,80,0.005723,OPT,6,NT,21,0,0
R2.25-Class1_N180M80-04,114,80,0.005698,OPT,1,NT,54,0,0
R2.25-Class1_N180M80-05,136,80,0.009236,OPT,7,NT,30,0,0
R2.25-Class1_N180M80-06,113,80,0.003887,OPT,3,NT,7,0,0
R2.25-Class1_N180M80-07,115,80,0.005455,OPT,2,NT,15,0,0
R2.25-Class1_N180M80-08,112,80,0.000357,OPT,0,B1,0,0,0
R2.25-Class1_N180M80-09,108,80,0.017869,OPT,1,NT,157,0,0
R2.25-Class1_N198M88-00,115,88,0.009937,OPT,0,B1,119,0,0
R2.25-Class1_N198M88-01,106,88,0.008589,OPT,1,NT,83,0,0
R2.25-Class1_N198M88-02,118,88,0.006904,OPT,2,NT,56,0,0
R2.25-Class1_N198M88-03,117,88,0.006504,OPT,2,NT,25,0,0
R2.25-Class1_N198M88-04,120,88,0.02933,OPT,1,NT,53,0,0
R2.25-Class1_N198M88-05,116,88,0.005467,OPT,1,NT,42,0,0
R2.25-Class1_N198M88-06,116,88,0.016773,OPT,1,NT,188,0,0
R2.25-Class1_N198M88-07,109,88,0.000549,OPT,0,B1,0,0,0
R2.25-Class1_N198M88-08,111,88,0.006003,OPT,1,NT,35,0,0
R2.25-Class1_N198M88-09,123,88,0.004454,OPT,2,NT,11,0,0
R2.25-Class1_N36M16-00,100,16,1.5e-05,OPT,0,B1,0,0,0
R2.25-Class1_N36M16-01,143,16,0.004615,OPT,14,NT,16,0,0
R2.25-Class1_N36M16-02,129,16,0.006962,OPT,8,NT,18,0,0
R2.25-Class1_N36M16-03,120,16,0.006735,OPT,1,NT,58,0,0
R2.25-Class1_N36M16-04,127,16,0.025778,OPT,11,NT,23,0,0
R2.25-Class1_N36M16-05,112,16,0.003988,OPT,2,NT,20,0,0
R2.25-Class1_N36M16-06,131,16,0.003678,OPT,16,NT,21,0,0
R2.25-Class1_N36M16-07,136,16,0.003952,OPT,7,NT,21,0,0
R2.25-Class1_N36M16-08,120,16,0.003923,OPT,12,NT,3,0,0
R2.25-Class1_N36M16-09,103,16,0.003021,OPT,7,NT,3,0,0
R2.25-Class1_N54M24-00,114,24,0.002145,OPT,2,NT,6,0,0
R2.25-Class1_N54M24-01,114,24,0.003915,OPT,3,NT,29,0,0
R2.25-Class1_N54M24-02,123,24,0.005142,OPT,4,NT,42,0,0
R2.25-Class1_N54M24-03,117,24,0.003576,OPT,5,NT,18,0,0
R2.25-Class1_N54M24-04,108,24,0.006697,OPT,3,NT,70,0,0
R2.25-Class1_N54M24-05,102,24,0.007294,OPT,1,NT,88,0,0
R2.25-Class1_N54M24-06,105,24,0.005836,OPT,7,NT,5,0,0
R2.25-Class1_N54M24-07,122,24,0.004426,OPT,8,NT,18,0,0
R2.25-Class1_N54M24-08,130,24,0.005057,OPT,13,NT,12,0,0
R2.25-Class1_N54M24-09,108,24,0.004796,OPT,1,NT,63,0,0
R2.25-Class1_N72M32-00,113,32,0.009177,OPT,1,NT,101,0,0
R2.25-Class1_N72M32-01,134,32,0.006413,OPT,12,NT,25,0,0
R2.25-Class1_N72M32-02,123,32,0.005986,OPT,8,NT,21,0,0
R2.25-Class1_N72M32-03,115,32,0.006134,OPT,2,NT,47,0,0
R2.25-Class1_N72M32-04,122,32,0.010123,OPT,3,NT,70,0,0
R2.25-Class1_N72M32-05,137,32,0.00597,OPT,9,NT,34,0,0
R2.25-Class1_N72M32-06,129,32,0.002836,OPT,1,NT,39,0,0
R2.25-Class1_N72M32-07,127,32,0.004971,OPT,5,NT,34,0,0
R2.25-Class1_N72M32-08,138,32,0.008562,OPT,7,NT,39,0,0
R2.25-Class1_N72M32-09,134,32,0.02645,OPT,13,NT,26,0,0
R2.25-Class1_N90M40-00,120,40,0.004915,OPT,4,NT,28,0,0
R2.25-Class1_N90M40-01,132,40,0.006373,OPT,7,NT,30,0,0
R2.25-Class1_N90M40-02,110,40,0.00622,OPT,1,NT,74,0,0
R2.25-Class1_N90M40-03,136,40,0.004995,OPT,10,NT,25,0,0
R2.25-Class1_N90M40-04,119,40,0.0034,OPT,3,NT,28,0,0
R2.25-Class1_N90M40-05,122,40,0.009484,OPT,1,NT,98,0,0
R2.25-Class1_N90M40-06,125,40,0.004425,OPT,2,NT,37,0,0
R2.25-Class1_N90M40-07,133,40,0.004996,OPT,6,NT,24,0,0
R2.25-Class1_N90M40-08,119,40,0.005372,OPT,3,NT,33,0,0
R2.25-Class1_N90M40-09,115,40,0.002963,OPT,2,NT,9,0,0
