R3-Class6_N108M36-00,828,36,0.204713,OPT,0,B1,645,9,0
R3-Class6_N108M36-01,790,36,0.109222,OPT,0,B1,653,4,0
R3-Class6_N108M36-02,781,36,0.162786,OPT,0,B1,608,3,0
R3-Class6_N108M36-03,840,36,0.130307,OPT,0,B1,438,0,0
R3-Class6_N108M36-04,813,36,0.09266,OPT,0,B1,502,2,0
R3-Class6_N108M36-05,810,36,0.220683,OPT,0,B1,535,3,0
R3-Class6_N108M36-06,796,36,0.120205,OPT,0,B1,544,7,0
R3-Class6_N108M36-07,786,36,0.095944,OPT,0,B1,484,5,0
R3-Class6_N108M36-08,865,36,0.126348,OPT,0,B1,514,6,0
R3-Class6_N108M36-09,870,36,0.145386,OPT,0,B1,615,12,0
R3-Class6_N126M42-00,922,42,0.115326,OPT,0,B1,549,3,0
R3-Class6_N126M42-01,962,42,0.149833,OPT,0,B1,665,6,0
R3-Class6_N126M42-02,915,42,0.165909,OPT,0,B1,731,3,0
R3-Class6_N126M42-03,987,42,0.203136,OPT,0,B1,766,3,0
R3-Class6_N126M42-04,929,42,0.142792,OPT,0,B1,741,8,0
R3-Class6_N126M42-05,935,42,0.127211,OPT,0,B1,772,6,0
R3-Class6_N126M42-06,967,42,0.115946,OPT,0,B1,673,4,0
R3-Class6_N126M42-07,938,42,0.119567,OPT,0,B1,631,0,0
R3-Class6_N126M42-08,897,42,0.095963,OPT,0,B1,587,3,0
R3-Class6_N126M42-09,993,42,0.133972,OPT,0,B1,655,2,0
R3-Class6_N144M48-00,1093,48,0.181347,OPT,0,B1,692,0,0
R3-Class6_N144M48-01,1106,48,0.24969,OPT,0,B1,817,1,0
R3-Class6_N144M48-02,1120,48,0.21833,OPT,0,B1,849,2,0
R3-Class6_N144M48-03,1030,48,0.184569,OPT,0,B1,772,6,0
R3-Class6_N144M48-04,1089,48,0.225118,OPT,0,B1,927,7,0
R3-Class6_N144M48-05,1089,48,0.10851,OPT,0,B1,768,1,0
R3-Class6_N144M48-06,1095,48,0.196386,OPT,0,B1,795,3,0
R3-Class6_N144M48-07,1044,48,0.188083,OPT,0,B1,948,4,0
R3-Class6_N144M48-08,1049,48,0.1082,OPT,0,B1,738,2,0
R3-Class6_N144M48-09,1046,48,0.181304,OPT,0,B1,688,3,0
R3-Class6_N162M54-00,1252,54,0.325683,OPT,0,B1,985,10,0
R3-Class6_N162M54-01,1286,54,0.186823,OPT,0,B1,884,2,0
R3-Class6_N162M54-02,1271,54,0.320071,OPT,0,B1,1055,4,0
R3-Class6_N162M54-03,1231,54,0.231398,OPT,0,B1,941,8,0
R3-Class6_N162M54-04,1212,54,0.257702,OPT,0,B1,1017,2,0
R3-Class6_N162M54-05,1223,54,0.189457,OPT,0,B1,964,3,0
R3-Class6_N162M54-06,1196,54,0.235706,OPT,0,B1,898,1,0
R3-Class6_N162M54-07,1199,54,0.256445,OPT,0,B1,919,8,0
R3-Class6_N162M54-08,1200,54,0.297336,OPT,0,B1,996,4,0
R3-Class6_N162M54-09,1182,54,0.477764,OPT,0,B1,1132,29,10
R3-Class6_N180M60-00,1297,60,0.334791,OPT,0,B1,1046,2,0
R3-Class6_N180M60-01,1324,60,0.352275,OPT,0,B1,1098,1,0
R3-Class6_N180M60-02,1346,60,0.367595,OPT,0,B1,1158,5,0
R3-Class6_N180M60-03,1337,60,0.281831,OPT,0,B1,1207,4,0
R3-Class6_N180M60-04,1311,60,0.6981,OPT,0,B1,1356,33,10
R3-Class6_N180M60-05,1339,60,0.332408,OPT,0,B1,1288,6,0
R3-Class6_N180M60-06,1348,60,0.367299,OPT,0,B1,1168,2,0
R3-Class6_N180M60-07,1418,60,0.327061,OPT,0,B1,1133,10,0
R3-Class6_N180M60-08,1340,60,0.303081,OPT,0,B1,1176,4,0
R3-Class6_N180M60-09,1359,60,0.317723,OPT,0,B1,1164,3,0
R3-Class6_N198M66-00,1526,66,0.32267,OPT,0,B1,1278,4,0
R3-Class6_N198M66-01,1567,66,0.98687,OPT,0,B1,1658,25,10
R3-Class6_N198M66-02,1471,66,0.369338,OPT,0,B1,1271,6,0
R3-Class6_N198M66-03,1523,66,0.319225,OPT,0,B1,1371,2,0
R3-Class6_N198M66-04,1466,66,0.311998,OPT,0,B1,1311,5,0
R3-Class6_N198M66-05,1513,66,0.423117,OPT,0,B1,1333,8,0
R3-Class6_N198M66-06,1523,66,0.598749,OPT,0,B1,1414,2,0
R3-Class6_N198M66-07,1463,66,0.372316,OPT,0,B1,1153,9,0
R3-Class6_N198M66-08,1449,66,0.401265,OPT,0,B1,1663,3,0
R3-Class6_N198M66-09,1443,66,0.353486,OPT,0,B1,1296,4,0
R3-Class6_N36M12-00,280,12,0.110603,OPT,1,NT,154,6,0
R3-Class6_N36M12-01,282,12,0.080766,OPT,0,B1,128,6,0
R3-Class6_N36M12-02,263,12,0.034186,OPT,0,B1,131,5,0
R3-Class6_N36M12-03,258,12,0.008285,OPT,0,B1,101,5,0
R3-Class6_N36M12-04,275,12,0.005398,OPT,0,B1,85,0,0
R3-Class6_N36M12-05,258,12,0.009552,OPT,1,NT,104,0,0
R3-Class6_N36M12-06,279,12,0.007537,OPT,0,B1,105,0,0
R3-Class6_N36M12-07,278,12,0.010442,OPT,0,B1,116,3,0
R3-Class6_N36M12-08,263,12,0.006382,OPT,0,B1,106,0,0
R3-Class6_N36M12-09,235,12,0.006881,OPT,0,B1,88,4,0
R3-Class6_N54M18-00,390,18,0.033762,OPT,0,B1,202,11,0
R3-Class6_N54M18-01,370,18,0.063487,OPT,1,NT,217,5,0
R3-Class6_N54M18-02,410,18,0.060074,OPT,0,B1,262,10,0
R3-Class6_N54M18-03,375,18,0.021745,OPT,0,B1,182,3,0
R3-Class6_N54M18-04,404,18,0.023646,OPT,0,B1,228,6,0
R3-Class6_N54M18-05,377,18,0.081627,OPT,0,B1,224,7,0
R3-Class6_N54M18-06,406,18,0.022164,OPT,0,B1,222,2,0
R3-Class6_N54M18-07,403,18,0.026949,OPT,0,B1,194,6,0
R3-Class6_N54M18-08,403,18,0.038682,OPT,0,B1,198,10,2
R3-Class6_N54M18-09,400,18,0.035624,OPT,0,B1,240,8,0
R3-Class6_N72M24-00,526,24,0.044711,OPT,0,B1,318,5,0
R3-Class6_N72M24-01,536,24,0.04827,OPT,0,B1,306,6,0
R3-Class6_N72M24-02,555,24,0.041086,OPT,0,B1,314,7,0
R3-Class6_N72M24-03,516,24,0.059848,OPT,0,B1,248,5,0
R3-Class6_N72M24-04,563,24,0.032846,OPT,0,B1,263,6,0
R3-Class6_N72M24-05,505,24,0.044877,OPT,0,B1,314,0,0
R3-Class6_N72M24-06,563,24,0.044785,OPT,0,B1,289,3,0
R3-Class6_N72M24-07,546,24,0.049908,OPT,0,B1,319,4,0
R3-Class6_N72M24-08,548,24,0.071713,OPT,0,B1,337,8,0
R3-Class6_N72M24-09,565,24,0.042645,OPT,0,B1,301,3,0
R3-Class6_N90M30-00,673,30,0.082319,OPT,0,B1,402,3,0
R3-Class6_N90M30-01,688,30,0.061451,OPT,0,B1,440,2,0
R3-Class6_N90M30-02,678,30,0.090619,OPT,0,B1,449,3,0
R3-Class6_N90M30-03,647,30,0.07149,OPT,0,B1,435,7,0
R3-Class6_N90M30-04,651,30,0.086332,OPT,0,B1,472,10,0
R3-Class6_N90M30-05,696,30,0.045246,OPT,0,B1,328,2,0
R3-Class6_N90M30-06,675,30,0.055698,OPT,0,B1,369,5,0
R3-Class6_N90M30-07,695,30,0.083284,OPT,0,B1,380,8,0
R3-Class6_N90M30-08,693,30,0.081432,OPT,0,B1,434,7,0
R3-Class6_N90M30-09,675,30,0.067815,OPT,0,B1,409,7,0
