R2.75-Class4_N110M40-00,272,40,0.102371,OPT,3,NT,386,1,0
R2.75-Class4_N110M40-01,278,40,0.067641,OPT,7,NT,654,0,0
R2.75-Class4_N110M40-02,282,40,0.070353,OPT,5,NT,410,1,0
R2.75-Class4_N110M40-03,282,40,0.075493,OPT,7,NT,585,0,0
R2.75-Class4_N110M40-04,279,40,0.044437,OPT,5,NT,366,0,0
R2.75-Class4_N110M40-05,272,40,0.054435,OPT,4,NT,384,0,0
R2.75-Class4_N110M40-06,267,40,0.06738,OPT,4,NT,459,1,0
R2.75-Class4_N110M40-07,277,40,0.104982,OPT,6,NT,818,0,0
R2.75-Class4_N110M40-08,279,40,0.057008,OPT,8,NT,569,0,0
R2.75-Class4_N110M40-09,283,40,0.073927,OPT,4,NT,489,0,0
R2.75-Class4_N132M48-00,289,48,0.094996,OPT,7,NT,597,0,0
R2.75-Class4_N132M48-01,284,48,0.072064,OPT,5,NT,426,0,0
R2.75-Class4_N132M48-02,279,48,0.081171,OPT,7,NT,689,0,0
R2.75-Class4_N132M48-03,280,48,0.056076,OPT,5,NT,469,0,0
R2.75-Class4_N132M48-04,283,48,0.081658,OPT,7,NT,547,0,0
R2.75-Class4_N132M48-05,278,48,0.086107,OPT,6,NT,611,0,0
R2.75-Class4_N132M48-06,279,48,0.043644,OPT,5,NT,425,0,0
R2.75-Class4_N132M48-07,280,48,0.076543,OPT,5,NT,535,3,0
R2.75-Class4_N132M48-08,275,48,0.054348,OPT,3,NT,399,0,0
R2.75-Class4_N132M48-09,279,48,0.093569,OPT,7,NT,662,0,0
R2.75-Class4_N154M56-00,280,56,0.108586,OPT,6,NT,714,2,0
R2.75-Class4_N154M56-01,279,56,0.062555,OPT,7,NT,655,0,0
R2.75-Class4_N154M56-02,280,56,0.101807,OPT,4,NT,596,0,0
R2.75-Class4_N154M56-03,287,56,0.109162,OPT,7,NT,751,1,0
R2.75-Class4_N154M56-04,278,56,0.152539,OPT,6,NT,796,1,0
R2.75-Class4_N154M56-05,280,56,0.089669,OPT,7,NT,682,2,0
R2.75-Class4_N154M56-06,277,56,0.079062,OPT,6,NT,649,0,0
R2.75-Class4_N154M56-07,285,56,0.106929,OPT,6,NT,722,0,0
R2.75-Class4_N154M56-08,271,56,0.052644,OPT,4,NT,453,0,0
R2.75-Class4_N154M56-09,275,56,0.065697,OPT,3,NT,445,0,0
R2.75-Class4_N176M64-00,273,64,0.049032,OPT,3,NT,446,0,0
R2.75-Class4_N176M64-01,285,64,0.115307,OPT,4,NT,764,1,0
R2.75-Class4_N176M64-02,287,64,0.116271,OPT,6,NT,839,0,0
R2.75-Class4_N176M64-03,278,64,0.138566,OPT,6,NT,757,1,0
R2.75-Class4_N176M64-04,280,64,0.054878,OPT,6,NT,526,0,0
R2.75-Class4_N176M64-05,279,64,0.063578,OPT,5,NT,488,0,0
R2.75-Class4_N176M64-06,283,64,0.06807,OPT,8,NT,621,0,0
R2.75-Class4_N176M64-07,276,64,0.037253,OPT,5,NT,459,0,0
R2.75-Class4_N176M64-08,285,64,0.161436,OPT,7,NT,781,1,0
R2.75-Class4_N176M64-09,279,64,0.059747,OPT,7,NT,607,0,0
R2.75-Class4_N198M72-00,272,72,0.089498,OPT,3,NT,579,0,0
R2.75-Class4_N198M72-01,279,72,0.099138,OPT,6,NT,745,1,0
R2.75-Class4_N198M72-02,278,72,0.048119,OPT,5,NT,478,0,0
R2.75-Class4_N198M72-03,281,72,0.097841,OPT,6,NT,747,0,0
R2.75-Class4_N198M72-04,281,72,0.107755,OPT,7,NT,696,1,0
R2.75-Class4_N198M72-05,280,72,0.11592,OPT,6,NT,747,0,0
R2.75-Class4_N198M72-06,281,72,0.043251,OPT,5,NT,438,0,0
R2.75-Class4_N198M72-07,273,72,0.091751,OPT,3,NT,680,0,0
R2.75-Class4_N198M72-08,274,72,0.054693,OPT,5,NT,405,0,0
R2.75-Class4_N198M72-09,278,72,0.065787,OPT,4,NT,534,0,0
R2.75-Class4_N220M80-00,284,80,0.07537,OPT,7,NT,629,0,0
R2.75-Class4_N220M80-01,280,80,0.096229,OPT,6,NT,708,1,0
R2.75-Class4_N220M80-02,280,80,0.111378,OPT,6,NT,892,0,0
R2.75-Class4_N220M80-03,277,80,0.096402,OPT,6,NT,718,0,0
R2.75-Class4_N220M80-04,286,80,0.072369,OPT,5,NT,482,0,0
R2.75-Class4_N220M80-05,269,80,0.105377,OPT,3,NT,684,0,0
R2.75-Class4_N220M80-06,279,80,0.124349,OPT,4,NT,722,0,0
R2.75-Class4_N220M80-07,285,80,0.047019,OPT,5,NT,466,0,0
R2.75-Class4_N220M80-08,280,80,0.080987,OPT,4,NT,594,0,0
R2.75-Class4_N220M80-09,278,80,0.099241,OPT,6,NT,757,0,0
R2.75-Class4_N22M8-00,303,8,0.010288,OPT,10,NT,69,0,0
R2.75-Class4_N22M8-01,283,8,0.009558,OPT,2,NT,92,0,0
R2.75-Class4_N22M8-02,291,8,0.007184,OPT,4,NT,67,0,0
R2.75-Class4_N22M8-03,289,8,0.008803,OPT,4,NT,63,0,0
R2.75-Class4_N22M8-04,265,8,0.017011,OPT,10,NT,123,0,0
R2.75-Class4_N22M8-05,294,8,0.011655,OPT,4,NT,80,0,0
R2.75-Class4_N22M8-06,299,8,0.012556,OPT,8,NT,76,0,0
R2.75-Class4_N22M8-07,278,8,0.031052,OPT,12,NT,42,0,0
R2.75-Class4_N22M8-08,280,8,0.010898,OPT,7,NT,90,0,0
R2.75-Class4_N22M8-09,275,8,0.009546,OPT,4,NT,70,0,0
R2.75-Class4_N44M16-00,290,16,0.055071,OPT,8,NT,267,0,0
R2.75-Class4_N44M16-01,286,16,0.017533,OPT,12,NT,116,0,0
R2.75-Class4_N44M16-02,291,16,0.029801,OPT,4,NT,212,4,0
R2.75-Class4_N44M16-03,291,16,0.025911,OPT,3,NT,191,1,0
R2.75-Class4_N44M16-04,292,16,0.029026,OPT,10,NT,229,0,0
R2.75-Class4_N44M16-05,281,16,0.05886,OPT,6,NT,218,4,0
R2.75-Class4_N44M16-06,291,16,0.037962,OPT,9,NT,277,0,0
R2.75-Class4_N44M16-07,281,16,0.047988,OPT,11,NT,316,1,0
R2.75-Class4_N44M16-08,294,16,0.027885,OPT,8,NT,243,0,0
R2.75-Class4_N44M16-09,285,16,0.031121,OPT,7,NT,227,1,0
R2.75-Class4_N66M24-00,281,24,0.059765,OPT,5,NT,348,0,0
R2.75-Class4_N66M24-01,277,24,0.012815,OPT,0,B1,194,0,0
R2.75-Class4_N66M24-02,279,24,0.02741,OPT,5,NT,322,0,0
R2.75-Class4_N66M24-03,282,24,0.033098,OPT,5,NT,313,2,0
R2.75-Class4_N66M24-04,273,24,0.066758,OPT,7,NT,314,0,0
R2.75-Class4_N66M24-05,284,24,0.047835,OPT,5,NT,365,4,0
R2.75-Class4_N66M24-06,283,24,0.045079,OPT,9,NT,342,0,0
R2.75-Class4_N66M24-07,285,24,0.057907,OPT,7,NT,404,2,0
R2.75-Class4_N66M24-08,276,24,0.068725,OPT,3,NT,345,8,0
R2.75-Class4_N66M24-09,268,24,0.034645,OPT,5,NT,335,0,0
R2.75-Class4_N88M32-00,274,32,0.082743,OPT,6,NT,452,3,0
R2.75-Class4_N88M32-01,278,32,0.049762,OPT,5,NT,422,1,0
R2.75-Class4_N88M32-02,266,32,0.039118,OPT,1,NT,247,2,0
R2.75-Class4_N88M32-03,289,32,0.073554,OPT,6,NT,497,2,0
R2.75-Class4_N88M32-04,294,32,0.072462,OPT,8,NT,463,0,0
R2.75-Class4_N88M32-05,274,32,0.068811,OPT,4,NT,406,1,0
R2.75-Class4_N88M32-06,262,32,0.055749,OPT,4,NT,438,1,0
R2.75-Class4_N88M32-07,273,32,0.060771,OPT,6,NT,441,0,0
R2.75-Class4_N88M32-08,280,32,0.076255,OPT,6,NT,469,0,0
R2.75-Class4_N88M32-09,281,32,0.076523,OPT,6,NT,298,0,0
