R2-Class4_N100M50-00,216,50,0.009083,OPT,9,NT,58,0,0
R2-Class4_N100M50-01,210,50,0.004457,OPT,7,NT,35,0,0
R2-Class4_N100M50-02,207,50,0.004906,OPT,5,NT,41,0,0
R2-Class4_N100M50-03,204,50,0.005065,OPT,2,NT,64,0,0
R2-Class4_N100M50-04,214,50,0.009906,OPT,14,NT,48,0,0
R2-Class4_N100M50-05,209,50,0.005081,OPT,8,NT,47,0,0
R2-Class4_N100M50-06,200,50,0.004337,OPT,3,NT,53,0,0
R2-Class4_N100M50-07,202,50,0.005114,OPT,3,NT,36,0,0
R2-Class4_N100M50-08,210,50,0.005975,OPT,8,NT,45,0,0
R2-Class4_N100M50-09,197,50,0.003593,OPT,3,NT,38,0,0
R2-Class4_N120M60-00,200,60,0.004231,OPT,2,NT,40,0,0
R2-Class4_N120M60-01,199,60,0.005232,OPT,6,NT,49,0,0
R2-Class4_N120M60-02,214,60,0.004512,OPT,6,NT,25,0,0
R2-Class4_N120M60-03,211,60,0.005925,OPT,7,NT,55,0,0
R2-Class4_N120M60-04,190,60,0.006481,OPT,2,NT,36,0,0
R2-Class4_N120M60-05,199,60,0.025972,OPT,4,NT,35,0,0
R2-Class4_N120M60-06,203,60,0.004389,OPT,3,NT,56,0,0
R2-Class4_N120M60-07,203,60,0.006429,OPT,5,NT,45,0,0
R2-Class4_N120M60-08,204,60,0.004872,OPT,6,NT,49,0,0
R2-Class4_N120M60-09,206,60,0.005706,OPT,6,NT,46,0,0
R2-Class4_N140M70-00,204,70,0.004855,OPT,4,NT,34,0,0
R2-Class4_N140M70-01,203,70,0.006182,OPT,4,NT,42,0,0
R2-Class4_N140M70-02,194,70,0.006476,OPT,3,NT,49,0,0
R2-Class4_N140M70-03,203,70,0.005886,OPT,5,NT,53,0,0
R2-Class4_N140M70-04,206,70,0.005997,OPT,6,NT,30,0,0
R2-Class4_N140M70-05,211,70,0.016155,OPT,7,NT,54,0,0
R2-Class4_N140M70-06,206,70,0.003533,OPT,2,NT,32,0,0
R2-Class4_N140M70-07,200,70,0.026122,OPT,3,NT,40,0,0
R2-Class4_N140M70-08,208,70,0.005839,OPT,6,NT,45,0,0
R2-Class4_N140M70-09,203,70,0.004083,OPT,3,NT,47,0,0
R2-Class4_N160M80-00,204,80,0.008013,OPT,5,NT,61,0,0
R2-Class4_N160M80-01,204,80,0.006352,OPT,5,NT,62,0,0
R2-Class4_N160M80-02,200,80,0.004947,OPT,2,NT,81,0,0
R2-Class4_N160M80-03,201,80,0.003799,OPT,3,NT,36,0,0
R2-Class4_N160M80-04,204,80,0.006799,OPT,4,NT,57,0,0
R2-Class4_N160M80-05,201,80,0.004216,OPT,3,NT,43,0,0
R2-Class4_N160M80-06,202,80,0.004289,OPT,1,NT,73,0,0
R2-Class4_N160M80-07,208,80,0.003498,OPT,3,NT,28,0,0
R2-Class4_N160M80-08,204,80,0.005055,OPT,6,NT,50,0,0
R2-Class4_N160M80-09,200,80,0.003917,OPT,2,NT,37,0,0
R2-Class4_N180M90-00,206,90,0.008314,OPT,5,NT,81,0,0
R2-Class4_N180M90-01,202,90,0.01011,OPT,4,NT,86,0,0
R2-Class4_N180M90-02,206,90,0.035771,OPT,8,NT,42,0,0
R2-Class4_N180M90-03,200,90,0.007564,OPT,6,NT,56,0,0
R2-Class4_N180M90-04,211,90,0.008384,OPT,7,NT,51,0,0
R2-Class4_N180M90-05,211,90,0.007047,OPT,4,NT,50,0,0
R2-Class4_N180M90-06,198,90,0.0061,OPT,4,NT,28,0,0
R2-Class4_N180M90-07,204,90,0.005832,OPT,3,NT,56,0,0
R2-Class4_N180M90-08,204,90,0.008186,OPT,5,NT,68,0,0
R2-Class4_N180M90-09,202,90,0.02586,OPT,3,NT,46,0,0
R2-Class4_N200M100-00,204,100,0.005326,OPT,5,NT,36,0,0
R2-Class4_N200M100-01,203,100,0.005659,OPT,2,NT,73,0,0
R2-Class4_N200M100-02,201,100,0.006024,OPT,5,NT,64,0,0
R2-Class4_N200M100-03,201,100,0.009401,OPT,4,NT,49,0,0
R2-Class4_N200M100-04,203,100,0.007624,OPT,3,NT,45,0,0
R2-Class4_N200M100-05,199,100,0.004813,OPT,3,NT,33,0,0
R2-Class4_N200M100-06,206,100,0.008118,OPT,4,NT,53,0,0
R2-Class4_N200M100-07,205,100,0.004526,OPT,3,NT,46,0,0
R2-Class4_N200M100-08,202,100,0.006443,OPT,5,NT,51,0,0
R2-Class4_N200M100-09,205,100,0.008382,OPT,6,NT,69,0,0
R2-Class4_N20M10-00,206,10,0.003529,OPT,10,NT,18,0,0
R2-Class4_N20M10-01,196,10,0.002365,OPT,3,NT,19,0,0
R2-Class4_N20M10-02,197,10,0.002481,OPT,5,NT,12,0,0
R2-Class4_N20M10-03,205,10,0.002483,OPT,6,NT,19,0,0
R2-Class4_N20M10-04,205,10,0.002413,OPT,11,NT,12,0,0
R2-Class4_N20M10-05,225,10,0.003005,OPT,14,NT,17,0,0
R2-Class4_N20M10-06,232,10,0.002697,OPT,10,NT,20,0,0
R2-Class4_N20M10-07,207,10,0.005657,OPT,9,NT,27,0,0
R2-Class4_N20M10-08,211,10,0.003349,OPT,12,NT,17,0,0
R2-Class4_N20M10-09,208,10,0.023,OPT,5,NT,20,0,0
R2-Class4_N40M20-00,196,20,0.002655,OPT,3,NT,34,0,0
R2-Class4_N40M20-01,209,20,0.004835,OPT,7,NT,21,0,0
R2-Class4_N40M20-02,218,20,0.003778,OPT,11,NT,24,0,0
R2-Class4_N40M20-03,212,20,0.002976,OPT,7,NT,23,0,0
R2-Class4_N40M20-04,205,20,0.004683,OPT,8,NT,30,0,0
R2-Class4_N40M20-05,204,20,0.003336,OPT,10,NT,25,0,0
R2-Class4_N40M20-06,216,20,0.004089,OPT,11,NT,32,0,0
R2-Class4_N40M20-07,196,20,0.003878,OPT,6,NT,32,0,0
R2-Class4_N40M20-08,206,20,0.005458,OPT,7,NT,45,0,0
R2-Class4_N40M20-09,202,20,0.002542,OPT,5,NT,20,0,0
R2-Class4_N60M30-00,202,30,0.0038,OPT,3,NT,58,0,0
R2-Class4_N60M30-01,198,30,0.003757,OPT,4,NT,38,0,0
R2-Class4_N60M30-02,207,30,0.005088,OPT,6,NT,50,0,0
R2-Class4_N60M30-03,204,30,0.004222,OPT,8,NT,25,0,0
R2-Class4_N60M30-04,197,30,0.006492,OPT,9,NT,60,0,0
R2-Class4_N60M30-05,202,30,0.006117,OPT,5,NT,32,0,0
R2-Class4_N60M30-06,200,30,0.003366,OPT,6,NT,28,0,0
R2-Class4_N60M30-07,212,30,0.003449,OPT,5,NT,40,0,0
R2-Class4_N60M30-08,202,30,0.005336,OPT,9,NT,41,0,0
R2-Class4_N60M30-09,218,30,0.004998,OPT,13,NT,22,0,0
R2-Class4_N80M40-00,203,40,0.003515,OPT,6,NT,28,0,0
R2-Class4_N80M40-01,206,40,0.004395,OPT,4,NT,33,0,0
R2-Class4_N80M40-02,202,40,0.006784,OPT,4,NT,62,0,0
R2-Class4_N80M40-03,204,40,0.003752,OPT,4,NT,29,0,0
R2-Class4_N80M40-04,205,40,0.005131,OPT,5,NT,46,0,0
R2-Class4_N80M40-05,201,40,0.002856,OPT,2,NT,27,0,0
R2-Class4_N80M40-06,216,40,0.006827,OPT,15,NT,31,0,0
R2-Class4_N80M40-07,213,40,0.006806,OPT,8,NT,50,0,0
R2-Class4_N80M40-08,205,40,0.027174,OPT,5,NT,56,0,0
R2-Class4_N80M40-09,211,40,0.004026,OPT,6,NT,36,0,0
