R2.25-Class6_N108M48-00,625,48,0.070228,OPT,4,NT,381,3,0
R2.25-Class6_N108M48-01,597,48,0.071097,OPT,4,NT,283,2,0
R2.25-Class6_N108M48-02,593,48,0.047988,OPT,7,NT,248,2,0
R2.25-Class6_N108M48-03,635,48,0.036257,OPT,5,NT,300,0,0
R2.25-Class6_N108M48-04,613,48,0.038961,OPT,3,NT,340,0,0
R2.25-Class6_N108M48-05,610,48,0.071164,OPT,2,NT,302,4,0
R2.25-Class6_N108M48-06,601,48,0.051126,OPT,4,NT,385,0,0
R2.25-Class6_N108M48-07,592,48,0.052841,OPT,3,NT,344,0,0
R2.25-Class6_N108M48-08,650,48,0.047048,OPT,1,NT,327,4,0
R2.25-Class6_N108M48-09,659,48,0.057242,OPT,6,NT,295,3,0
R2.25-Class6_N126M56-00,698,56,0.058268,OPT,6,NT,283,2,0
R2.25-Class6_N126M56-01,729,56,0.124498,OPT,7,NT,434,0,0
R2.25-Class6_N126M56-02,691,56,0.173199,OPT,4,NT,471,9,4
R2.25-Class6_N126M56-03,749,56,0.167265,OPT,9,NT,614,8,0
R2.25-Class6_N126M56-04,706,56,0.039281,OPT,9,NT,266,0,0
R2.25-Class6_N126M56-05,714,56,0.130192,OPT,12,NT,570,0,0
R2.25-Class6_N126M56-06,729,56,0.101905,OPT,4,NT,487,7,0
R2.25-Class6_N126M56-07,708,56,0.046842,OPT,4,NT,287,2,0
R2.25-Class6_N126M56-08,676,56,0.098557,OPT,3,NT,425,4,0
R2.25-Class6_N126M56-09,748,56,0.094045,OPT,3,NT,401,4,0
R2.25-Class6_N144M64-00,830,64,0.034468,OPT,10,NT,343,0,0
R2.25-Class6_N144M64-01,836,64,0.086889,OPT,6,NT,357,1,0
R2.25-Class6_N144M64-02,851,64,0.264592,OPT,11,NT,976,29,0
R2.25-Class6_N144M64-03,779,64,0.173546,OPT,6,NT,661,2,0
R2.25-Class6_N144M64-04,819,64,0.085055,OPT,2,NT,568,3,0
R2.25-Class6_N144M64-05,821,64,0.093141,OPT,4,NT,455,8,0
R2.25-Class6_N144M64-06,828,64,0.139166,OPT,7,NT,522,3,0
R2.25-Class6_N144M64-07,789,64,0.108483,OPT,6,NT,475,2,0
R2.25-Class6_N144M64-08,792,64,0.127513,OPT,5,NT,581,2,0
R2.25-Class6_N144M64-09,790,64,0.10979,OPT,6,NT,475,11,0
R2.25-Class6_N162M72-00,942,72,0.143196,OPT,3,NT,642,8,0
R2.25-Class6_N162M72-01,973,72,0.800494,OPT,8,NT,910,24,32
R2.25-Class6_N162M72-02,961,72,0.247117,OPT,8,NT,853,4,2
R2.25-Class6_N162M72-03,934,72,0.329972,OPT,11,NT,1132,6,0
R2.25-Class6_N162M72-04,918,72,0.118164,OPT,9,NT,535,3,0
R2.25-Class6_N162M72-05,922,72,0.088197,OPT,5,NT,486,2,0
R2.25-Class6_N162M72-06,902,72,0.07831,OPT,5,NT,588,2,0
R2.25-Class6_N162M72-07,910,72,0.11153,OPT,11,NT,428,0,0
R2.25-Class6_N162M72-08,905,72,0.084784,OPT,5,NT,748,0,0
R2.25-Class6_N162M72-09,892,72,0.080092,OPT,5,NT,596,0,0
R2.25-Class6_N180M80-00,976,80,0.151589,OPT,3,NT,653,5,0
R2.25-Class6_N180M80-01,998,80,0.118017,OPT,5,NT,689,1,0
R2.25-Class6_N180M80-02,1016,80,0.132499,OPT,6,NT,614,11,0
R2.25-Class6_N180M80-03,1006,80,0.219339,OPT,3,NT,808,8,0
R2.25-Class6_N180M80-04,993,80,0.104369,OPT,9,NT,592,1,0
R2.25-Class6_N180M80-05,1009,80,0.217358,OPT,4,NT,778,6,0
R2.25-Class6_N180M80-06,1014,80,0.156037,OPT,3,NT,609,5,0
R2.25-Class6_N180M80-07,1069,80,0.139997,OPT,5,NT,795,2,0
R2.25-Class6_N180M80-08,1012,80,0.195302,OPT,7,NT,864,13,0
R2.25-Class6_N180M80-09,1025,80,0.233231,OPT,6,NT,814,13,0
R2.25-Class6_N198M88-00,1150,88,0.305595,OPT,6,NT,889,9,0
R2.25-Class6_N198M88-01,1182,88,0.242587,OPT,6,NT,760,14,0
R2.25-Class6_N198M88-02,1107,88,0.166367,OPT,4,NT,817,12,0
R2.25-Class6_N198M88-03,1150,88,0.279196,OPT,7,NT,998,18,0
R2.25-Class6_N198M88-04,1104,88,0.243417,OPT,4,NT,949,7,0
R2.25-Class6_N198M88-05,1141,88,0.264274,OPT,6,NT,869,13,0
R2.25-Class6_N198M88-06,1148,88,0.685753,OPT,6,NT,1038,21,10
R2.25-Class6_N198M88-07,1107,88,0.061548,OPT,10,NT,567,3,0
R2.25-Class6_N198M88-08,1095,88,0.296082,OPT,8,NT,984,8,0
R2.25-Class6_N198M88-09,1088,88,0.183104,OPT,6,NT,699,17,0
R2.25-Class6_N36M16-00,213,16,0.005145,OPT,3,NT,48,0,0
R2.25-Class6_N36M16-01,219,16,0.00506,OPT,7,NT,41,0,0
R2.25-Class6_N36M16-02,199,16,0.008104,OPT,2,NT,88,0,0
R2.25-Class6_N36M16-03,198,16,0.006811,OPT,5,NT,76,0,0
R2.25-Class6_N36M16-04,211,16,0.00842,OPT,5,NT,66,0,0
R2.25-Class6_N36M16-05,195,16,0.006194,OPT,2,NT,56,0,0
R2.25-Class6_N36M16-06,212,16,0.008555,OPT,3,NT,73,0,0
R2.25-Class6_N36M16-07,212,16,0.009342,OPT,3,NT,55,2,0
R2.25-Class6_N36M16-08,204,16,0.010228,OPT,7,NT,80,0,0
R2.25-Class6_N36M16-09,179,16,0.008885,OPT,3,NT,87,2,0
R2.25-Class6_N54M24-00,295,24,0.010704,OPT,2,NT,124,0,0
R2.25-Class6_N54M24-01,282,24,0.009245,OPT,5,NT,96,0,0
R2.25-Class6_N54M24-02,320,24,0.012597,OPT,13,NT,87,0,0
R2.25-Class6_N54M24-03,287,24,0.007882,OPT,5,NT,87,0,0
R2.25-Class6_N54M24-04,307,24,0.012159,OPT,4,NT,97,0,0
R2.25-Class6_N54M24-05,287,24,0.018648,OPT,4,NT,157,0,0
R2.25-Class6_N54M24-06,311,24,0.057127,OPT,6,NT,121,0,0
R2.25-Class6_N54M24-07,307,24,0.038389,OPT,5,NT,134,0,0
R2.25-Class6_N54M24-08,305,24,0.009632,OPT,2,NT,144,0,0
R2.25-Class6_N54M24-09,302,24,0.016295,OPT,2,NT,156,0,0
R2.25-Class6_N72M32-00,399,32,0.020633,OPT,5,NT,204,0,0
R2.25-Class6_N72M32-01,405,32,0.021121,OPT,3,NT,178,0,0
R2.25-Class6_N72M32-02,431,32,0.02639,OPT,15,NT,243,0,0
R2.25-Class6_N72M32-03,393,32,0.009004,OPT,6,NT,118,0,0
R2.25-Class6_N72M32-04,428,32,0.028992,OPT,6,NT,145,0,0
R2.25-Class6_N72M32-05,382,32,0.031425,OPT,3,NT,219,4,0
R2.25-Class6_N72M32-06,427,32,0.026138,OPT,5,NT,204,3,0
R2.25-Class6_N72M32-07,412,32,0.019672,OPT,3,NT,182,0,0
R2.25-Class6_N72M32-08,414,32,0.038519,OPT,3,NT,218,4,0
R2.25-Class6_N72M32-09,436,32,0.019165,OPT,12,NT,118,0,0
R2.25-Class6_N90M40-00,509,40,0.043177,OPT,4,NT,273,1,0
R2.25-Class6_N90M40-01,524,40,0.047212,OPT,8,NT,319,1,0
R2.25-Class6_N90M40-02,513,40,0.035152,OPT,4,NT,271,1,0
R2.25-Class6_N90M40-03,487,40,0.022342,OPT,2,NT,228,0,0
R2.25-Class6_N90M40-04,492,40,0.033899,OPT,4,NT,248,2,0
R2.25-Class6_N90M40-05,525,40,0.069727,OPT,3,NT,271,5,0
R2.25-Class6_N90M40-06,511,40,0.040002,OPT,5,NT,204,0,0
R2.25-Class6_N90M40-07,528,40,0.039364,OPT,7,NT,253,0,0
R2.25-Class6_N90M40-08,524,40,0.034695,OPT,4,NT,231,2,0
R2.25-Class6_N90M40-09,511,40,0.04061,OPT,5,NT,301,3,0
