A2-100_1000_1-1,46,46.55,0.055245,OPT,184,0,0,AI,0,18,0.543478,1.6087,0.008353,0.040628,0,1,0,22,13
A2-100_1000_1-10,49,49.25,0.022654,OPT,249,0,0,AI,0,22,0.918367,1.10204,0.006883,0.009936,0,1,0,18,11
A2-100_1000_1-2,48,48.0833,0.017993,OPT,181,0,0,AI,0,23,0.604167,1.45833,0.00455,0.009043,0,1,0,14,7
A2-100_1000_1-3,45,45.8889,0.047374,OPT,204,0,0,AI,0,21,0.666667,1.42222,0.007581,0.032549,0,1,0,22,11
A2-100_1000_1-4,48,48.3333,0.014509,OPT,163,0,0,AI,0,22,0.604167,1.4375,0.004736,0.006959,0,1,0,10,6
A2-100_1000_1-5,47,47.75,0.02051,OPT,157,0,0,AI,0,21,0.957447,1.08511,0.005212,0.011487,0,1,0,15,8
A2-100_1000_1-6,49,49.3333,0.033549,OPT,274,0,0,AI,0,21,0.938776,1.08163,0.007948,0.016438,0,1,0,28,13
A2-100_1000_1-7,49,49.5,0.024667,OPT,342,0,0,AI,0,17,0.938776,1.08163,0.007355,0.010695,0,1,0,19,12
A2-100_1000_1-8,47,47.7857,0.058184,OPT,269,0,0,AI,0,20,0.617021,1.46809,0.008419,0.040651,0,1,0,26,13
A2-100_1000_1-9,47,47.5,0.027054,OPT,228,0,0,AI,0,17,0.787234,1.25532,0.006557,0.014046,0,1,0,19,10
A2-100_1000_200-1,50,50,0.02072,OPT,302,0,0,AI,0,9,1,1,0.005696,0.009576,0,1,0,15,9
A2-100_1000_200-10,50,50,0.022264,OPT,349,0,0,AI,0,8,1,1,0.006249,0.010176,0,1,0,15,10
A2-100_1000_200-2,50,50,0.025289,OPT,323,0,0,AI,0,8,1,1,0.00619,0.011349,0,1,0,20,10
A2-100_1000_200-3,50,50,0.021241,OPT,331,0,0,AI,0,8,1,1,0.005719,0.009946,0,1,0,15,10
A2-100_1000_200-4,50,50,0.025109,OPT,371,0,0,AI,0,8,1,1,0.007176,0.010082,0,1,0,19,12
A2-100_1000_200-5,50,50,0.025576,OPT,362,0,0,AI,0,8,1,1,0.007058,0.011704,0,1,0,17,10
A2-100_1000_200-6,50,50,0.021612,OPT,349,0,0,AI,0,7,1,1,0.006379,0.008905,0,1,0,17,10
A2-100_1000_200-7,50,50,0.0211,OPT,338,0,0,AI,0,8,1,1,0.006197,0.009451,0,1,0,15,10
A2-100_1000_200-8,50,50,0.027164,OPT,377,0,0,AI,0,7,1,1,0.006656,0.011127,0,1,0,23,12
A2-100_1000_200-9,50,50,0.028471,OPT,413,0,0,AI,0,8,1,1,0.007286,0.011061,0,1,0,23,13
A2-100_1000_500-1,50,50,0.013342,OPT,231,0,0,AI,0,3,1,1,0.004231,0.005906,0,1,0,11,8
A2-100_1000_500-10,50,50,0.046855,OPT,423,0,0,AI,0,3,1,1,0.007529,0.030465,0,1,0,19,11
A2-100_1000_500-2,50,50,0.014785,OPT,252,0,0,AI,0,3,1,1,0.004266,0.006328,0,1,0,13,8
A2-100_1000_500-3,50,50,0.020202,OPT,370,0,0,AI,0,3,1,1,0.005883,0.008202,0,1,0,16,10
A2-100_1000_500-4,50,50,0.018724,OPT,265,0,0,AI,0,3,1,1,0.005652,0.00827,0,1,0,15,10
A2-100_1000_500-5,50,50,0.020341,OPT,341,0,0,AI,0,3,1,1,0.005413,0.008443,0,1,0,18,10
A2-100_1000_500-6,50,50,0.021559,OPT,361,0,0,AI,0,3,1,1,0.0057,0.009148,0,1,0,18,10
A2-100_1000_500-7,50,50,0.050481,OPT,386,0,0,AI,0,3,1,1,0.007729,0.032743,0,1,0,22,11
A2-100_1000_500-8,50,50,0.022514,OPT,378,0,0,AI,0,3,1,1,0.00581,0.00957,0,1,0,19,10
A2-100_1000_500-9,50,50,0.023048,OPT,343,0,0,AI,0,3,1,1,0.006523,0.009493,0,1,0,19,10
A2-100_1200_1-1,39,39.987,0.108469,OPT,314,0,0,AI,0,22,0.461538,2.05128,0.011437,0.083682,0,1,0,34,14
A2-100_1200_1-10,43,43.0625,0.048865,OPT,381,0,0,AI,0,19,0.55814,1.60465,0.00952,0.027902,0,2,0,23,11
A2-100_1200_1-2,42,42.9909,0.07198,OPT,445,0,0,AI,0,19,0.52381,1.78571,0.012828,0.037598,0,1,0,46,19
A2-100_1200_1-3,40,40.0952,0.070539,OPT,318,0,0,AI,0,24,0.4,2,0.006244,0.049277,0,2,0,20,7
A2-100_1200_1-4,39,39.0819,0.102452,OPT,437,0,0,AI,0,22,0.435897,1.89744,0.011973,0.073319,0,2,0,31,13
A2-100_1200_1-5,41,41.0306,0.064031,OPT,324,0,0,AI,0,22,0.365854,2,0.006701,0.044083,0,2,0,22,7
A2-100_1200_1-6,40,40.0508,0.029197,OPT,185,0,0,AI,0,21,0.425,1.8,0.004703,0.019206,0,1,0,17,5
A2-100_1200_1-7,40,40.0104,0.056643,OPT,344,0,0,AI,0,21,0.375,2,0.00708,0.036158,0,2,0,27,10
A2-100_1200_1-8,41,41.0357,0.052337,OPT,237,0,0,AI,0,22,0.390244,1.95122,0.005645,0.036648,0,2,0,20,6
A2-100_1200_1-9,41,41.0704,0.046815,OPT,247,0,0,AI,0,21,0.414634,1.95122,0.009909,0.025922,0,2,0,26,12
A2-100_1200_200-1,43,43.0444,0.091807,OPT,587,0,0,AI,0,10,0.395349,1.86047,0.015542,0.049722,0,1,0,59,18
A2-100_1200_200-10,45,45.7812,0.030574,OPT,195,0,0,AI,0,10,0.688889,1.44444,0.007922,0.015873,0,1,0,23,12
A2-100_1200_200-2,49,49.5,0.015103,OPT,192,0,0,AI,0,9,0.979592,1.04082,0.005545,0.006158,0,1,0,12,8
A2-100_1200_200-3,49,49.5,0.017214,OPT,206,0,0,AI,0,10,0.979592,1.04082,0.006164,0.007005,0,1,0,14,9
A2-100_1200_200-4,48,48.8,0.024125,OPT,212,0,0,AI,0,10,0.6875,1.39583,0.008364,0.009727,0,1,0,21,11
A2-100_1200_200-5,49,49,0.024065,OPT,229,0,0,AI,0,10,0.877551,1.12245,0.007094,0.010319,0,1,0,21,10
A2-100_1200_200-6,49,49.5,0.018053,OPT,219,0,0,AI,0,9,0.979592,1.04082,0.006152,0.007516,0,1,0,19,10
A2-100_1200_200-7,48,48,0.031009,OPT,312,0,0,AI,0,10,1,1,0.009117,0.014218,0,1,0,26,13
A2-100_1200_200-8,49,49.8333,0.020822,OPT,228,0,0,AI,0,9,0.714286,1.32653,0.008343,0.00801,0,1,0,18,12
A2-100_1200_200-9,49,49.25,0.013956,OPT,165,0,0,AI,0,9,0.897959,1.12245,0.006214,0.00519,0,1,0,10,8
A2-100_1200_500-1,50,50,0.026864,OPT,404,0,0,AI,0,4,1,1,0.007555,0.01106,0,1,0,20,11
A2-100_1200_500-10,50,50,0.023764,OPT,364,0,0,AI,0,4,1,1,0.007214,0.009413,0,1,0,19,11
A2-100_1200_500-2,50,50,0.025515,OPT,414,0,0,AI,0,4,1,1,0.007492,0.010039,0,1,0,20,12
A2-100_1200_500-3,50,50,0.02595,OPT,365,0,0,AI,0,4,1,1,0.007519,0.010079,0,1,0,21,11
A2-100_1200_500-4,50,50,0.024919,OPT,440,0,0,AI,0,4,1,1,0.007402,0.009804,0,1,0,18,11
A2-100_1200_500-5,50,50,0.028241,OPT,408,0,0,AI,0,4,1,1,0.008027,0.011058,0,1,0,22,12
A2-100_1200_500-6,50,50,0.026004,OPT,433,0,0,AI,0,4,1,1,0.008335,0.009998,0,1,0,18,11
A2-100_1200_500-7,50,50,0.028611,OPT,423,0,0,AI,0,4,1,1,0.008822,0.010889,0,1,0,21,12
A2-100_1200_500-8,50,50,0.017767,OPT,335,0,0,AI,0,4,1,1,0.006259,0.007063,0,1,0,14,9
A2-100_1200_500-9,50,50,0.026885,OPT,439,0,0,AI,0,4,1,1,0.00832,0.009983,0,1,0,20,13
A2-100_1500_1-1,30,30,3.5e-05,OPT,0,0,0,AI,0,24,1,1,0,0.000498999,0,1,0,0,0
A2-100_1500_1-10,31,31,2.9e-05,OPT,0,0,0,AI,0,26,1,1,0,0.00045,0,1,0,0,0
A2-100_1500_1-2,35,35,5.8e-05,OPT,0,0,0,AI,0,20,1,1,0,0.000643,0,1,0,0,0
A2-100_1500_1-3,32,32.0037,0.113519,OPT,276,0,0,AI,0,26,0.21875,2.65625,0.010935,0.08339,0,2,0,49,16
A2-100_1500_1-4,37,37.0332,0.09602,OPT,263,0,0,AI,0,21,0.243243,2.27027,0.008047,0.074637,0,2,0,17,7
A2-100_1500_1-5,34,34.1085,0.157274,OPT,470,0,0,AI,0,24,0.235294,2.64706,0.012196,0.117503,0,2,0,36,11
A2-100_1500_1-6,36,36.0237,0.083566,OPT,341,0,0,AI,0,21,0.277778,2.27778,0.010978,0.057492,0,2,0,31,11
A2-100_1500_1-7,37,37.0008,0.101332,OPT,336,0,0,AI,0,20,0.189189,2.32432,0.010425,0.071939,0,2,0,35,11
A2-100_1500_1-8,32,32,3e-05,OPT,0,0,0,AI,0,24,1,1,0,0.000449002,0,1,0,0,0
A2-100_1500_1-9,33,33.0027,0.145384,OPT,360,0,0,AI,0,24,0.242424,2.45455,0.015097,0.107859,0,2,0,70,24
A2-100_1500_200-1,38,38.0385,0.106261,OPT,580,0,0,AI,0,11,0.368421,2.05263,0.02098,0.059184,0,1,0,60,20
A2-100_1500_200-10,39,39.0934,0.043118,OPT,255,0,0,AI,0,13,0.487179,1.87179,0.006149,0.027446,0,2,0,16,6
A2-100_1500_200-2,39,39,0.037804,OPT,279,0,0,AI,0,12,0.487179,1.76923,0.005994,0.022243,0,2,0,16,5
A2-100_1500_200-3,40,40.875,0.050964,OPT,355,0,0,AI,0,12,0.275,2.15,0.01053,0.030222,0,1,0,26,12
A2-100_1500_200-4,38,38.0295,0.169242,OPT,559,0,0,AI,0,12,0.289474,2.21053,0.022791,0.112209,0,2,0,61,21
A2-100_1500_200-5,36,36,3.2e-05,OPT,0,0,0,AI,0,12,1,1,0,0.000480998,0,1,0,0,0
A2-100_1500_200-6,39,39,0.08726,OPT,384,0,0,AI,0,12,0.717949,1.28205,0.012556,0.060548,0,2,0,34,14
A2-100_1500_200-7,39,39.1592,0.080125,OPT,395,0,0,AI,0,11,0.384615,1.84615,0.010004,0.055816,0,2,0,25,8
A2-100_1500_200-8,40,40.1649,0.037629,OPT,285,0,0,AI,0,12,0.3,1.975,0.009884,0.020529,0,1,0,25,9
A2-100_1500_200-9,40,40.142,0.088252,OPT,368,0,0,AI,0,12,0.325,2.1,0.010259,0.060303,0,2,0,35,14
A2-100_1500_500-1,49,49.5,0.011055,OPT,179,0,0,AI,0,5,0.979592,1.04082,0.004377,0.004557,0,1,0,11,5
A2-100_1500_500-10,49,49.3333,0.015391,OPT,172,0,0,AI,0,5,0.979592,1.06122,0.006325,0.005987,0,1,0,12,8
A2-100_1500_500-2,47,47,3e-05,OPT,0,0,0,AI,0,5,1,1,0,0.000473998,0,1,0,0,0
A2-100_1500_500-3,47,47,0.049978,OPT,275,0,0,AI,0,5,1,1,0.009484,0.034194,0,1,0,21,9
A2-100_1500_500-4,47,47.5,0.032542,OPT,313,0,0,AI,0,5,0.617021,1.40426,0.01033,0.01521,0,1,0,25,12
A2-100_1500_500-5,49,49.8333,0.011071,OPT,182,0,0,AI,0,5,0.959184,1.08163,0.00486,0.00443,0,1,0,9,5
A2-100_1500_500-6,47,47,0.040481,OPT,279,0,0,AI,0,5,1,1,0.012245,0.020136,0,1,0,28,11
A2-100_1500_500-7,48,48.3333,0.019321,OPT,179,0,0,AI,0,5,0.9375,1.08333,0.00779,0.007583,0,1,0,19,10
A2-100_1500_500-8,45,45.6667,0.023624,OPT,228,0,0,AI,0,5,0.555556,1.53333,0.008922,0.010337,0,1,0,19,10
A2-100_1500_500-9,50,50,0.01435,OPT,171,0,0,AI,0,5,1,1,0.006416,0.005407,0,1,0,10,7
A2-100_2000_1-1,26,26,2.6e-05,OPT,0,0,0,AI,0,25,1,1,0,0.000700999,0,1,0,0,0
A2-100_2000_1-10,23,23,0.000101,OPT,0,0,0,AI,0,25,1,1,0,0.000677001,0,1,0,0,0
A2-100_2000_1-2,28,28.0259,0.143664,OPT,270,0,0,AI,0,23,0.0357143,3.28571,0.011038,0.116136,0,2,0,37,10
A2-100_2000_1-3,24,24,3.2e-05,OPT,0,0,0,AI,0,26,1,1,0,0.000471998,0,1,0,0,0
A2-100_2000_1-4,23,23,4.3e-05,OPT,0,0,0,AI,0,30,1,1,0,0.000659,0,1,0,0,0
A2-100_2000_1-5,25,25.0219,0.04955,OPT,159,0,0,AI,0,30,0,3.76,0.00738,0.035538,0,2,0,14,4
A2-100_2000_1-6,24,24,2.6e-05,OPT,0,0,0,AI,0,27,1,1,0,0.000405002,0,1,0,0,0
A2-100_2000_1-7,25,25,2.7e-05,OPT,0,0,0,AI,0,23,1,1,0,0.000395998,0,1,0,0,0
A2-100_2000_1-8,25,25,2.8e-05,OPT,0,0,0,AI,0,25,1,1,0,0.000473,0,1,0,0,0
A2-100_2000_1-9,24,24,4.5e-05,OPT,0,0,0,AI,0,26,1,1,0,0.000654999,0,1,0,0,0
A2-100_2000_200-1,31,31.0363,0.099168,OPT,323,0,0,AI,0,15,0.193548,2.77419,0.009407,0.073282,0,2,0,24,7
A2-100_2000_200-10,32,32.0053,0.135243,OPT,507,0,0,AI,0,15,0.0625,2.84375,0.01326,0.098575,0,2,0,35,11
A2-100_2000_200-2,29,29.0756,0.087493,OPT,264,0,0,AI,0,15,0.137931,2.86207,0.007645,0.066605,0,2,0,22,6
A2-100_2000_200-3,28,28,2.6e-05,OPT,0,0,0,AI,0,15,1,1,0,0.000386998,0,1,0,0,0
A2-100_2000_200-4,29,29.0379,0.106284,OPT,258,0,0,AI,0,16,0.0689655,3.13793,0.007519,0.08391,0,2,0,30,9
A2-100_2000_200-5,30,30.1014,0.133698,OPT,375,0,0,AI,0,13,0.0333333,3.03333,0.013756,0.098819,0,2,0,33,11
A2-100_2000_200-6,30,30.0012,0.138135,OPT,383,0,0,AI,0,13,0.1,2.96667,0.011343,0.105214,0,2,0,42,13
A2-100_2000_200-7,29,29,4.8e-05,OPT,0,0,0,AI,0,16,1,1,0,0.000701997,0,1,0,0,0
A2-100_2000_200-8,27,27.0199,0.036933,OPT,80,0,0,AI,0,17,0.037037,3.2963,0.005353,0.027415,0,2,0,7,2
A2-100_2000_200-9,29,29.0331,0.122615,OPT,217,0,0,AI,0,15,0.0689655,3.03448,0.009058,0.100832,0,2,0,20,6
A2-100_2000_500-1,33,33.3333,0.172121,OPT,768,0,0,AI,0,7,0.454545,1.9697,0.03522,0.088551,0,1,0,77,29
A2-100_2000_500-10,33,33.3333,0.182912,OPT,925,0,0,AI,0,7,0.969697,1.09091,0.042852,0.096112,0,1,0,97,36
A2-100_2000_500-2,33,33.3333,0.209579,OPT,971,0,0,AI,0,7,0.30303,2.27273,0.038455,0.103016,0,1,0,94,31
A2-100_2000_500-3,33,33.3333,0.22058,OPT,1141,0,0,AI,0,7,0.333333,2.30303,0.038835,0.111382,0,1,0,106,39
A2-100_2000_500-4,33,33.3333,0.179677,OPT,852,0,0,AI,0,7,0.181818,2.48485,0.032974,0.09892,0,1,0,75,27
A2-100_2000_500-5,33,33.3333,0.164476,OPT,869,0,0,AI,0,7,0.151515,2.42424,0.036101,0.077091,0,1,0,77,30
A2-100_2000_500-6,33,33.3333,0.135745,OPT,829,0,0,AI,0,7,0.272727,2.24242,0.02869,0.066207,0,1,0,73,28
A2-100_2000_500-7,33,33.3333,0.206803,OPT,863,0,0,AI,0,7,0.484848,1.90909,0.037997,0.111078,0,1,0,90,31
A2-100_2000_500-8,33,33.3333,0.147015,OPT,891,0,0,AI,0,7,0.30303,2.30303,0.026403,0.076035,0,1,0,83,27
A2-100_2000_500-9,33,33.3333,0.212123,OPT,1195,0,0,AI,0,7,0.272727,2.30303,0.036132,0.110217,0,1,0,99,36
A2-100_3000_1-1,17,17,2.7e-05,OPT,0,0,0,AI,0,32,1,1,0,0.000374999,0,1,0,0,0
A2-100_3000_1-10,16,16.004,0.267559,OPT,416,0,0,AI,0,37,0,5.3125,0.031532,0.200075,0,2,0,118,29
A2-100_3000_1-2,17,17,2.6e-05,OPT,0,0,0,AI,0,32,1,1,0,0.000363998,0,1,0,0,0
A2-100_3000_1-3,18,18,2.6e-05,OPT,0,0,0,AI,0,30,1,1,0,0.000388,0,1,0,0,0
A2-100_3000_1-4,17,17,3.7e-05,OPT,0,0,0,AI,0,31,1,1,0,0.000529997,0,1,0,0,0
A2-100_3000_1-5,16,16,3e-05,OPT,0,0,0,AI,0,35,1,1,0,0.000387002,0,1,0,0,0
A2-100_3000_1-6,19,19,2.7e-05,OPT,0,0,0,AI,0,29,1,1,0,0.000399999,0,1,0,0,0
A2-100_3000_1-7,18,18,3.3e-05,OPT,0,0,0,AI,0,29,1,1,0,0.000460997,0,1,0,0,0
A2-100_3000_1-8,17,17,2.1e-05,OPT,0,0,0,AI,0,29,1,1,0,0.000306003,0,1,0,0,0
A2-100_3000_1-9,16,16,2.6e-05,OPT,0,0,0,AI,0,34,1,1,0,0.000367999,0,1,0,0,0
A2-100_3000_200-1,21,21.0037,0.20387,OPT,381,0,0,AI,0,19,0,4.33333,0.020868,0.158832,0,2,0,76,22
A2-100_3000_200-10,20,20,4.5e-05,OPT,0,0,0,AI,0,20,1,1,0,0.000666,0,1,0,0,0
A2-100_3000_200-2,19,19.007,0.143582,OPT,197,0,0,AI,0,21,0,4.89474,0.014048,0.113464,0,2,0,30,7
A2-100_3000_200-3,19,19,4.6e-05,OPT,0,0,0,AI,0,20,1,1,0,0.01984,0,1,0,0,0
A2-100_3000_200-4,20,20.0051,0.202568,OPT,268,0,0,AI,0,19,0,4.35,0.020655,0.161429,0,2,0,43,12
A2-100_3000_200-5,20,20,2.7e-05,OPT,0,0,0,AI,0,21,1,1,0,0.000390999,0,1,0,0,0
A2-100_3000_200-6,20,20.0006,0.241996,OPT,389,0,0,AI,0,19,0.05,4.45,0.020844,0.193472,0,2,0,62,16
A2-100_3000_200-7,20,20,4.8e-05,OPT,0,0,0,AI,0,19,1,1,0,0.000787999,0,1,0,0,0
A2-100_3000_200-8,19,19,3.8e-05,OPT,0,0,0,AI,0,23,1,1,0,0.000498001,0,1,0,0,0
A2-100_3000_200-9,19,19,2.2e-05,OPT,0,0,0,AI,0,21,1,1,0,0.000318002,0,1,0,0,0
A2-100_3000_500-1,25,25,0.442901,OPT,1059,0,0,AI,0,11,0,3.76,0.072247,0.278293,0,1,0,117,37
A2-100_3000_500-10,25,25,0.235261,OPT,530,0,0,AI,0,11,0,3.48,0.026927,0.175202,0,2,0,66,17
A2-100_3000_500-2,24,24.0163,0.147882,OPT,326,0,0,AI,0,11,0.0416667,3.375,0.019293,0.108628,0,2,0,41,12
A2-100_3000_500-3,25,25,0.285023,OPT,870,0,0,AI,0,11,0.16,3.36,0.031833,0.202586,0,2,0,81,22
A2-100_3000_500-4,24,24.0367,0.179192,OPT,440,0,0,AI,0,11,0,3.45833,0.027158,0.125726,0,2,0,56,21
A2-100_3000_500-5,25,25,0.20304,OPT,484,0,0,AI,0,10,0,3.2,0.01783,0.157423,0,2,0,52,16
A2-100_3000_500-6,25,25,0.329817,OPT,864,0,0,AI,0,11,0,3.4,0.042362,0.228991,0,2,0,90,25
A2-100_3000_500-7,25,25,0.354496,OPT,829,0,0,AI,0,11,0.04,3.52,0.037558,0.257924,0,2,0,91,24
A2-100_3000_500-8,24,24.1113,0.13641,OPT,369,0,0,AI,0,11,0,3.04167,0.017665,0.100447,0,2,0,48,14
A2-100_3000_500-9,25,25,0.168929,OPT,532,0,0,AI,0,11,0,3.6,0.021351,0.11735,0,2,0,65,18
A2-100_4000_1-1,11,11,2.1e-05,OPT,0,0,0,AI,0,44,1,1,0,0.000301998,0,1,0,0,0
A2-100_4000_1-10,12,12,2.6e-05,OPT,0,0,0,AI,0,37,1,1,0,0.000374001,0,1,0,0,0
A2-100_4000_1-2,12,12,2.3e-05,OPT,0,0,0,AI,0,44,1,1,0,0.000661001,0,1,0,0,0
A2-100_4000_1-3,13,13,2.7e-05,OPT,0,0,0,AI,0,34,1,1,0,0.000377003,0,1,0,0,0
A2-100_4000_1-4,13,13,4.5e-05,OPT,0,0,0,AI,0,36,1,1,0,0.000631999,0,1,0,0,0
A2-100_4000_1-5,12,12.0043,0.292169,OPT,353,0,0,AI,0,39,0,7.58333,0.043037,0.215165,0,2,0,91,22
A2-100_4000_1-6,12,12,4.6e-05,OPT,0,0,0,AI,0,38,1,1,0,0.000655003,0,1,0,0,0
A2-100_4000_1-7,12,12,2.2e-05,OPT,0,0,0,AI,0,40,1,1,0,0.000306997,0,1,0,0,0
A2-100_4000_1-8,12,12,2.2e-05,OPT,0,0,0,AI,0,40,1,1,0,0.000293002,0,1,0,0,0
A2-100_4000_1-9,13,13,4.2e-05,OPT,0,0,0,AI,0,38,1,1,0,0.000701997,0,1,0,0,0
A2-100_4000_200-1,14,14,4.4e-05,OPT,0,0,0,AI,0,26,1,1,0,0.000644002,0,1,0,0,0
A2-100_4000_200-10,15,15,4.4e-05,OPT,0,0,0,AI,0,24,1,1,0,0.000436001,0,1,0,0,0
A2-100_4000_200-2,14,14,2.8e-05,OPT,0,0,0,AI,0,26,1,1,0,0.000423998,0,1,0,0,0
A2-100_4000_200-3,15,15.0229,0.245544,OPT,432,0,0,AI,0,26,0,5.93333,0.039218,0.17398,0,2,0,94,25
A2-100_4000_200-4,15,15,8.4e-05,OPT,0,0,0,AI,0,26,1,1,0,0.000703,0,1,0,0,0
A2-100_4000_200-5,14,14,2.6e-05,OPT,0,0,0,AI,0,26,1,1,0,0.000360001,0,1,0,0,0
A2-100_4000_200-6,14,14,4.4e-05,OPT,0,0,0,AI,0,26,1,1,0,0.000633001,0,1,0,0,0
A2-100_4000_200-7,15,15,2.1e-05,OPT,0,0,0,AI,0,26,1,1,0,0.000296999,0,1,0,0,0
A2-100_4000_200-8,14,14,3e-05,OPT,0,0,0,AI,0,24,1,1,0,0.000379998,0,1,0,0,0
A2-100_4000_200-9,15,15,2.9e-05,OPT,0,0,0,AI,0,26,1,1,0,0.000402998,0,1,0,0,0
A2-100_4000_500-1,18,18.075,0.390337,OPT,614,0,0,AI,0,15,0,5.11111,0.049748,0.290179,0,2,0,103,27
A2-100_4000_500-10,19,19.006,0.322664,OPT,631,0,0,AI,0,14,0,4.57895,0.04747,0.228291,0,2,0,99,28
A2-100_4000_500-2,18,18.0143,0.11269,OPT,265,0,0,AI,0,14,0.0555556,4.66667,0.021236,0.075978,0,2,0,49,13
A2-100_4000_500-3,18,18.0081,0.286073,OPT,484,0,0,AI,0,14,0,4.77778,0.04232,0.210509,0,2,0,113,37
A2-100_4000_500-4,18,18.021,0.140304,OPT,237,0,0,AI,0,14,0,4.72222,0.023794,0.119467,0,2,0,30,7
A2-100_4000_500-5,19,19.0007,0.189609,OPT,542,0,0,AI,0,14,0,4.10526,0.031777,0.125954,0,2,0,85,23
A2-100_4000_500-6,18,18.0026,0.081105,OPT,184,0,0,AI,0,14,0,4.61111,0.016288,0.054602,0,2,0,24,7
A2-100_4000_500-7,18,18.0455,0.122816,OPT,337,0,0,AI,0,14,0,4.66667,0.021491,0.08461,0,2,0,60,18
A2-100_4000_500-8,18,18.0008,0.18715,OPT,292,0,0,AI,0,15,0,4.72222,0.02387,0.14021,0,2,0,59,15
A2-100_4000_500-9,19,19.0611,0.288638,OPT,538,0,0,AI,0,14,0,4.73684,0.038453,0.213129,0,2,0,100,28
A2-100_5000_1-1,9,9,5.5e-05,OPT,0,0,0,AI,0,43,1,1,0,0.000544,0,1,0,0,0
A2-100_5000_1-10,10,10,2.7e-05,OPT,0,0,0,AI,0,40,1,1,0,0.000383001,0,1,0,0,0
A2-100_5000_1-2,9,9,2.5e-05,OPT,0,0,0,AI,0,49,1,1,0,0.000319999,0,1,0,0,0
A2-100_5000_1-3,9,9,2.6e-05,OPT,0,0,0,AI,0,43,1,1,0,0.000376001,0,1,0,0,0
A2-100_5000_1-4,9,9,2.6e-05,OPT,0,0,0,AI,0,45,1,1,0,0.000364002,0,1,0,0,0
A2-100_5000_1-5,9,9,2.2e-05,OPT,0,0,0,AI,0,43,1,1,0,0.000668,0,1,0,0,0
A2-100_5000_1-6,9,9,4.8e-05,OPT,0,0,0,AI,0,48,1,1,0,0.000622001,0,1,0,0,0
A2-100_5000_1-7,8,8,2.6e-05,OPT,0,0,0,AI,0,49,1,1,0,0.000651002,0,1,0,0,0
A2-100_5000_1-8,10,10,4.8e-05,OPT,0,0,0,AI,0,45,1,1,0,0.000654001,0,1,0,0,0
A2-100_5000_1-9,11,11,2.9e-05,OPT,0,0,0,AI,0,37,1,1,0,0.000333998,0,1,0,0,0
A2-100_5000_200-1,11,11,3.1e-05,OPT,0,0,0,AI,0,32,1,1,0,0.000438001,0,1,0,0,0
A2-100_5000_200-10,13,13,2.6e-05,OPT,0,0,0,AI,0,25,1,1,0,0.000388,0,1,0,0,0
A2-100_5000_200-2,11,11,2.1e-05,OPT,0,0,0,AI,0,31,1,1,0,0.000285998,0,1,0,0,0
A2-100_5000_200-3,11,11,2.6e-05,OPT,0,0,0,AI,0,30,1,1,0,0.000678003,0,1,0,0,0
A2-100_5000_200-4,11,11,2.9e-05,OPT,0,0,0,AI,0,30,1,1,0,0.000418,0,1,0,0,0
A2-100_5000_200-5,12,12.017,0.096881,OPT,187,0,0,AI,0,32,0,7.33333,0.021866,0.063206,0,2,0,43,10
A2-100_5000_200-6,12,12,3.5e-05,OPT,0,0,0,AI,0,30,1,1,0,0.000448998,0,1,0,0,0
A2-100_5000_200-7,11,11,3.4e-05,OPT,0,0,0,AI,0,31,1,1,0,0.000367999,0,1,0,0,0
A2-100_5000_200-8,11,11,3.3e-05,OPT,0,0,0,AI,0,31,1,1,0,0.000453003,0,1,0,0,0
A2-100_5000_200-9,11,11,3.6e-05,OPT,0,0,0,AI,0,34,1,1,0,0.000545003,0,1,0,0,0
A2-100_5000_500-1,15,15.0053,0.322628,OPT,495,0,0,AI,0,18,0,5.73333,0.053749,0.227835,0,2,0,105,26
A2-100_5000_500-10,15,15.0346,0.321199,OPT,502,0,0,AI,0,18,0,5.86667,0.054452,0.225084,0,2,0,106,27
A2-100_5000_500-2,14,14,4.6e-05,OPT,0,0,0,AI,0,18,1,1,0,0.000638001,0,1,0,0,0
A2-100_5000_500-3,15,15.0157,0.201099,OPT,398,0,0,AI,0,18,0.0666667,5.6,0.038029,0.135984,0,2,0,80,19
A2-100_5000_500-4,15,15.019,0.395544,OPT,490,0,0,AI,0,18,0,6,0.061727,0.287191,0,2,0,100,25
A2-100_5000_500-5,14,14,4.3e-05,OPT,0,0,0,AI,0,18,1,1,0,0.000627,0,1,0,0,0
A2-100_5000_500-6,14,14,5.2e-05,OPT,0,0,0,AI,0,18,1,1,0,0.000689,0,1,0,0,0
A2-100_5000_500-7,14,14,4.4e-05,OPT,0,0,0,AI,0,18,1,1,0,0.000661999,0,1,0,0,0
A2-100_5000_500-8,15,15.0485,0.122667,OPT,221,0,0,AI,0,18,0,6,0.025693,0.083604,0,2,0,42,10
A2-100_5000_500-9,15,15.0221,0.387502,OPT,689,0,0,AI,0,17,0,6,0.072411,0.261205,0,2,0,166,46
A2-250_1000_1-1,123,123.875,0.074189,OPT,802,0,0,AI,0,30,0.845528,1.17886,0.018435,0.032443,0,1,0,35,18
A2-250_1000_1-10,119,119.96,0.144493,OPT,749,0,0,AI,0,34,0.722689,1.32773,0.02696,0.080568,0,1,0,49,20
A2-250_1000_1-2,117,117.875,0.147802,OPT,828,0,0,AI,0,33,0.675214,1.41026,0.0295,0.072642,0,1,0,53,22
A2-250_1000_1-3,121,121.889,0.12173,OPT,720,0,0,AI,0,32,0.735537,1.29752,0.030744,0.0576,0,1,0,41,20
A2-250_1000_1-4,122,122.75,0.107458,OPT,651,0,0,AI,0,34,0.778689,1.22951,0.026054,0.051273,0,1,0,41,20
A2-250_1000_1-5,123,123.111,0.078007,OPT,599,0,0,AI,0,30,0.878049,1.13821,0.014623,0.04309,0,1,0,34,13
A2-250_1000_1-6,124,124.5,0.10464,OPT,843,0,0,AI,0,27,0.975806,1.03226,0.024768,0.044912,0,1,0,40,17
A2-250_1000_1-7,124,124,0.053175,OPT,548,0,0,AI,0,28,1,1,0.014686,0.023081,0,1,0,27,15
A2-250_1000_1-8,115,115.112,0.812482,OPT,2686,0,0,AI,0,30,0.686957,1.4087,0.076394,0.490962,0,2,0,185,59
A2-250_1000_1-9,117,117.647,0.214496,OPT,705,0,0,AI,0,35,0.564103,1.52991,0.03024,0.14582,0,1,0,50,21
A2-250_1000_200-1,125,125,0.185978,OPT,1685,0,0,AI,0,9,1,1,0.040022,0.076073,0,1,0,56,28
A2-250_1000_200-10,125,125,0.153434,OPT,1369,0,0,AI,0,9,1,1,0.031618,0.077271,0,1,0,46,24
A2-250_1000_200-2,125,125,0.16428,OPT,1563,0,0,AI,0,9,1,1,0.04023,0.053505,0,1,0,61,30
A2-250_1000_200-3,125,125,0.169575,OPT,1564,0,0,AI,0,9,1,1,0.036929,0.068266,0,1,0,51,27
A2-250_1000_200-4,125,125,0.119822,OPT,1515,0,0,AI,0,9,1,1,0.026022,0.042701,0,1,0,56,26
A2-250_1000_200-5,125,125,0.148322,OPT,1452,0,0,AI,0,9,1,1,0.034665,0.050178,0,1,0,58,27
A2-250_1000_200-6,125,125,0.120685,OPT,1497,0,0,AI,0,9,1,1,0.028343,0.04217,0,1,0,55,28
A2-250_1000_200-7,125,125,0.184691,OPT,1582,0,0,AI,0,8,1,1,0.034174,0.086303,0,1,0,53,26
A2-250_1000_200-8,125,125,0.158774,OPT,1457,0,0,AI,0,9,1,1,0.036794,0.065629,0,1,0,47,27
A2-250_1000_200-9,125,125,0.168436,OPT,1657,0,0,AI,0,9,1,1,0.033554,0.070279,0,1,0,58,29
A2-250_1000_500-1,125,125,0.160595,OPT,1726,0,0,AI,0,3,1,1,0.034267,0.055254,0,1,0,58,29
A2-250_1000_500-10,125,125,0.137912,OPT,1558,0,0,AI,0,3,1,1,0.026975,0.061088,0,1,0,54,28
A2-250_1000_500-2,125,125,0.121118,OPT,1447,0,0,AI,0,3,1,1,0.029,0.04278,0,1,0,48,25
A2-250_1000_500-3,125,125,0.160086,OPT,1671,0,0,AI,0,3,1,1,0.03346,0.054343,0,1,0,61,28
A2-250_1000_500-4,125,125,0.140748,OPT,1559,0,0,AI,0,3,1,1,0.032428,0.049185,0,1,0,53,27
A2-250_1000_500-5,125,125,0.099846,OPT,1250,0,0,AI,0,3,1,1,0.024252,0.036718,0,1,0,41,21
A2-250_1000_500-6,125,125,0.143394,OPT,1699,0,0,AI,0,3,1,1,0.032772,0.05067,0,1,0,56,29
A2-250_1000_500-7,125,125,0.182667,OPT,1494,0,0,AI,0,3,1,1,0.033967,0.089537,0,1,0,48,26
A2-250_1000_500-8,125,125,0.137743,OPT,1614,0,0,AI,0,3,1,1,0.032606,0.04736,0,1,0,51,27
A2-250_1000_500-9,125,125,0.108613,OPT,1601,0,0,AI,0,3,1,1,0.024547,0.039385,0,1,0,49,27
A2-250_1200_1-1,108,108.889,0.255865,OPT,935,0,0,AI,0,30,0.657407,1.55556,0.031769,0.172218,0,2,0,61,23
A2-250_1200_1-10,102,102.174,0.476367,OPT,1176,0,0,AI,0,34,0.705882,1.5,0.039258,0.355411,0,2,0,80,26
A2-250_1200_1-2,103,103.914,0.259397,OPT,1015,0,0,AI,0,32,0.640777,1.65049,0.033662,0.177709,0,1,0,65,25
A2-250_1200_1-3,103,103.003,0.335743,OPT,1682,0,0,AI,0,32,0.592233,1.56311,0.045343,0.208852,0,2,0,97,39
A2-250_1200_1-4,102,102.004,0.536636,OPT,960,0,0,AI,0,30,0.588235,1.66667,0.027398,0.454639,0,2,0,64,20
A2-250_1200_1-5,107,107.012,0.372502,OPT,1614,0,0,AI,0,31,0.700935,1.47664,0.055861,0.222274,0,2,0,103,37
A2-250_1200_1-6,102,102.958,0.401739,OPT,1163,0,0,AI,0,35,0.627451,1.68627,0.040013,0.29375,0,1,0,85,29
A2-250_1200_1-7,101,101.136,1.04744,OPT,2103,0,0,AI,0,36,0.683168,1.64356,0.104672,0.708548,0,1,0,206,58
A2-250_1200_1-8,95,95.092,1.17971,OPT,1693,0,0,AI,0,37,0.431579,1.89474,0.051842,0.993897,0,2,0,105,33
A2-250_1200_1-9,103,103.011,0.593468,OPT,1240,0,0,AI,0,34,0.631068,1.65049,0.038237,0.474622,0,2,0,80,25
A2-250_1200_200-1,121,121.083,0.106376,OPT,628,0,0,AI,0,10,0.834711,1.18182,0.028575,0.05332,0,1,0,36,18
A2-250_1200_200-10,123,123.25,0.069195,OPT,575,0,0,AI,0,10,0.861789,1.14634,0.025611,0.024862,0,1,0,27,16
A2-250_1200_200-2,122,122.5,0.083083,OPT,524,0,0,AI,0,10,0.803279,1.22131,0.025762,0.034817,0,1,0,32,16
A2-250_1200_200-3,119,119.667,0.12564,OPT,612,0,0,AI,0,11,0.890756,1.14286,0.029044,0.070876,0,1,0,35,17
A2-250_1200_200-4,122,122.2,0.083533,OPT,546,0,0,AI,0,11,0.827869,1.18852,0.027242,0.033915,0,1,0,31,17
A2-250_1200_200-5,123,123.375,0.090723,OPT,560,0,0,AI,0,11,0.878049,1.13821,0.027614,0.040658,0,1,0,34,18
A2-250_1200_200-6,122,122,0.240516,OPT,1241,0,0,AI,0,11,0.97541,1.02459,0.048193,0.108832,0,2,0,94,32
A2-250_1200_200-7,124,124,0.06283,OPT,569,0,0,AI,0,10,0.887097,1.12097,0.020563,0.026198,0,1,0,22,13
A2-250_1200_200-8,122,122.833,0.100124,OPT,677,0,0,AI,0,10,0.844262,1.20492,0.032045,0.040465,0,1,0,40,21
A2-250_1200_200-9,124,124.5,0.047808,OPT,509,0,0,AI,0,10,0.991935,1.01613,0.018849,0.017381,0,1,0,19,11
A2-250_1200_500-1,125,125,0.116104,OPT,1489,0,0,AI,0,4,1,1,0.032224,0.040462,0,1,0,39,22
A2-250_1200_500-10,125,125,0.122712,OPT,1437,0,0,AI,0,4,1,1,0.033614,0.042606,0,1,0,41,21
A2-250_1200_500-2,125,125,0.184681,OPT,1686,0,0,AI,0,4,1,1,0.033247,0.089713,0,1,0,60,26
A2-250_1200_500-3,125,125,0.133313,OPT,1529,0,0,AI,0,4,1,1,0.034041,0.044329,0,1,0,48,22
A2-250_1200_500-4,125,125,0.160879,OPT,1797,0,0,AI,0,4,1,1,0.03949,0.055267,0,1,0,52,25
A2-250_1200_500-5,125,125,0.139782,OPT,1718,0,0,AI,0,4,1,1,0.036574,0.047205,0,1,0,47,25
A2-250_1200_500-6,125,125,0.134927,OPT,1633,0,0,AI,0,4,1,1,0.03438,0.046106,0,1,0,47,24
A2-250_1200_500-7,125,125,0.105868,OPT,1543,0,0,AI,0,4,1,1,0.024655,0.037277,0,1,0,48,24
A2-250_1200_500-8,125,125,0.160971,OPT,1710,0,0,AI,0,4,1,1,0.037634,0.055246,0,1,0,56,26
A2-250_1200_500-9,125,125,0.189221,OPT,1913,0,0,AI,0,4,1,1,0.04187,0.075945,0,1,0,55,27
A2-250_1500_1-1,81,81,7.3e-05,OPT,0,0,0,AI,0,34,1,1,0,0.001168,0,1,0,0,0
A2-250_1500_1-10,85,85.0005,1.59508,OPT,1870,0,0,AI,0,38,0.717647,1.65882,0.167962,0.981287,0,2,0,371,84
A2-250_1500_1-2,82,82.0002,2.364,OPT,2352,0,0,AI,0,39,0.487805,2.07317,0.189195,1.65599,0,2,0,295,83
A2-250_1500_1-3,80,80.0205,0.951208,OPT,1580,0,0,AI,0,42,0.5375,1.9125,0.071254,0.737277,0,2,0,136,39
A2-250_1500_1-4,90,90.0398,1.31089,OPT,1711,0,0,AI,0,32,0.477778,1.88889,0.066605,1.1074,0,2,0,136,42
A2-250_1500_1-5,80,80.0031,0.893526,OPT,1486,0,0,AI,0,48,0.3875,2.1125,0.075068,0.663008,0,2,0,129,35
A2-250_1500_1-6,80,80,3.2e-05,OPT,0,0,0,AI,0,40,1,1,0,0.000758998,0,1,0,0,0
A2-250_1500_1-7,82,82.0037,0.816645,OPT,1435,0,0,AI,0,37,0.573171,1.87805,0.071843,0.610063,0,2,0,130,39
A2-250_1500_1-8,78,78,3.3e-05,OPT,0,0,0,AI,0,39,1,1,0,0.000670001,0,1,0,0,0
A2-250_1500_1-9,79,79,3e-05,OPT,0,0,0,AI,0,44,1,1,0,0.000681002,0,1,0,0,0
A2-250_1500_200-1,97,97.0046,0.670646,OPT,1811,0,0,AI,0,13,0.597938,1.63918,0.073651,0.460035,0,2,0,111,34
A2-250_1500_200-10,99,99.0765,0.43071,OPT,1052,0,0,AI,0,13,0.535354,1.69697,0.040458,0.328009,0,2,0,53,18
A2-250_1500_200-2,97,97.0074,0.26553,OPT,1098,0,0,AI,0,13,0.463918,1.7732,0.034191,0.181758,0,2,0,52,19
A2-250_1500_200-3,105,105.688,0.154895,OPT,748,0,0,AI,0,13,0.447619,1.73333,0.028256,0.091019,0,2,0,40,18
A2-250_1500_200-4,95,95.0605,0.304697,OPT,941,0,0,AI,0,13,0.505263,1.72632,0.030466,0.220904,0,2,0,56,18
A2-250_1500_200-5,97,97.0035,0.208976,OPT,729,0,0,AI,0,13,0.57732,1.6701,0.019853,0.155748,0,2,0,36,10
A2-250_1500_200-6,99,99.0392,0.189661,OPT,818,0,0,AI,0,13,0.59596,1.52525,0.022254,0.130333,0,2,0,40,12
A2-250_1500_200-7,100,100.03,0.326068,OPT,1171,0,0,AI,0,12,0.58,1.62,0.050471,0.226998,0,2,0,71,24
A2-250_1500_200-8,99,99.0833,0.582765,OPT,1707,0,0,AI,0,13,0.515152,1.67677,0.050833,0.419201,0,2,0,98,27
A2-250_1500_200-9,99,99.0081,0.273029,OPT,970,0,0,AI,0,13,0.464646,1.73737,0.023373,0.201107,0,2,0,50,15
A2-250_1500_500-1,124,124,0.040152,OPT,507,0,0,AI,0,5,1,1,0.018948,0.012052,0,1,0,24,14
A2-250_1500_500-10,123,123.667,0.030335,OPT,490,0,0,AI,0,5,0.99187,1.01626,0.013996,0.010069,0,1,0,14,9
A2-250_1500_500-2,124,124.167,0.042498,OPT,490,0,0,AI,0,5,0.959677,1.04839,0.020479,0.012992,0,1,0,18,11
A2-250_1500_500-3,124,124,0.046082,OPT,561,0,0,AI,0,5,1,1,0.023294,0.012708,0,1,0,25,16
A2-250_1500_500-4,122,122.833,0.049751,OPT,642,0,0,AI,0,5,0.827869,1.18852,0.01915,0.017296,0,1,0,29,14
A2-250_1500_500-5,124,124,0.041423,OPT,524,0,0,AI,0,5,1,1,0.020457,0.012164,0,1,0,17,10
A2-250_1500_500-6,124,124.5,0.038969,OPT,518,0,0,AI,0,5,0.975806,1.03226,0.015099,0.01477,0,1,0,17,10
A2-250_1500_500-7,123,123,0.040202,OPT,435,0,0,AI,0,5,1,1,0.01856,0.01281,0,1,0,23,13
A2-250_1500_500-8,122,122.5,0.039155,OPT,421,0,0,AI,0,5,0.918033,1.09016,0.017908,0.012029,0,1,0,22,13
A2-250_1500_500-9,122,122.667,0.088468,OPT,716,0,0,AI,0,5,0.959016,1.04918,0.028164,0.035077,0,1,0,49,20
A2-250_2000_1-1,61,61,4.2e-05,OPT,0,0,0,AI,0,45,1,1,0,0.000928,0,1,0,0,0
A2-250_2000_1-10,58,58,3.2e-05,OPT,0,0,0,AI,0,45,1,1,0,0.000684001,0,1,0,0,0
A2-250_2000_1-2,62,62,3.1e-05,OPT,0,0,0,AI,0,42,1,1,0,0.000682,0,1,0,0,0
A2-250_2000_1-3,63,63,3e-05,OPT,0,0,0,AI,0,45,1,1,0,0.000645999,0,1,0,0,0
A2-250_2000_1-4,61,61,4.1e-05,OPT,0,0,0,AI,0,46,1,1,0,0.000883996,0,1,0,0,0
A2-250_2000_1-5,62,62,2.2e-05,OPT,0,0,0,AI,0,46,1,1,0,0.000544999,0,1,0,0,0
A2-250_2000_1-6,62,62,2.7e-05,OPT,0,0,0,AI,0,43,1,1,0,0.000559002,0,1,0,0,0
A2-250_2000_1-7,64,64,2.7e-05,OPT,0,0,0,AI,0,43,1,1,0,0.000576999,0,1,0,0,0
A2-250_2000_1-8,64,64,2.6e-05,OPT,0,0,0,AI,0,40,1,1,0,0.000999,0,1,0,0,0
A2-250_2000_1-9,61,61,2.2e-05,OPT,0,0,0,AI,0,47,1,1,0,0.000512999,0,1,0,0,0
A2-250_2000_200-1,75,75.0073,0.905989,OPT,1225,0,0,AI,0,16,0.266667,2.41333,0.056632,0.737447,0,2,0,87,27
A2-250_2000_200-10,75,75.0795,1.21097,OPT,1696,0,0,AI,0,17,0.213333,2.61333,0.076456,0.984904,0,2,0,115,35
A2-250_2000_200-2,76,76.0361,1.16078,OPT,2006,0,0,AI,0,16,0.289474,2.32895,0.114816,0.83804,0,2,0,164,48
A2-250_2000_200-3,76,76.0051,0.815661,OPT,1627,0,0,AI,0,17,0.223684,2.38158,0.068266,0.626967,0,2,0,101,29
A2-250_2000_200-4,75,75.0122,1.05793,OPT,1703,0,0,AI,0,17,0.306667,2.2,0.103063,0.789201,0,2,0,139,43
A2-250_2000_200-5,72,72.0407,1.69696,OPT,2487,0,0,AI,0,17,0.222222,2.56944,0.116426,1.33115,0,2,0,166,41
A2-250_2000_200-6,78,78.0699,0.519983,OPT,1177,0,0,AI,0,17,0.410256,2.10256,0.071614,0.35573,0,2,0,82,28
A2-250_2000_200-7,72,72.0951,1.01573,OPT,1599,0,0,AI,0,17,0.208333,2.52778,0.090565,0.78342,0,2,0,110,33
A2-250_2000_200-8,73,73.0809,1.19527,OPT,1838,0,0,AI,0,17,0.246575,2.54795,0.097931,0.918308,0,2,0,157,49
A2-250_2000_200-9,74,74.0566,0.892637,OPT,1575,0,0,AI,0,16,0.351351,2.16216,0.095196,0.659021,0,2,0,122,38
A2-250_2000_500-1,83,83.3333,1.46911,OPT,3824,0,0,AI,0,7,0.542169,1.6988,0.14562,0.884362,0,1,0,227,62
A2-250_2000_500-10,83,83.3333,1.64861,OPT,4594,0,0,AI,0,7,0.554217,1.68675,0.171463,0.966892,0,1,0,230,69
A2-250_2000_500-2,83,83.3333,1.4402,OPT,4141,0,0,AI,0,7,0.963855,1.04819,0.159054,0.797929,0,1,0,242,73
A2-250_2000_500-3,83,83.3333,1.61844,OPT,4121,0,0,AI,0,7,0.39759,2,0.203748,0.839075,0,1,0,290,92
A2-250_2000_500-4,83,83.3333,1.59563,OPT,4362,0,0,AI,0,7,0.614458,1.60241,0.198144,0.79459,0,1,0,304,94
A2-250_2000_500-5,83,83.3333,1.66946,OPT,4304,0,0,AI,0,7,0.590361,1.61446,0.194257,0.927963,0,1,0,259,79
A2-250_2000_500-6,83,83.3333,1.73811,OPT,4320,0,0,AI,0,7,0.686747,1.54217,0.19965,0.941466,0,1,0,279,85
A2-250_2000_500-7,83,83.3333,1.40429,OPT,4045,0,0,AI,0,7,0.53012,1.79518,0.140893,0.796551,0,1,0,239,68
A2-250_2000_500-8,83,83.3333,1.6502,OPT,4226,0,0,AI,0,7,0.518072,1.74699,0.175403,0.915343,0,1,0,271,73
A2-250_2000_500-9,83,83.3333,1.58892,OPT,4179,0,0,AI,0,7,0.518072,1.78313,0.163472,0.892079,0,1,0,261,80
A2-250_3000_1-1,41,41,2.4e-05,OPT,0,0,0,AI,0,57,1,1,0,0.000969999,0,1,0,0,0
A2-250_3000_1-10,39,39,3e-05,OPT,0,0,0,AI,0,57,1,1,0,0.000587001,0,1,0,0,0
A2-250_3000_1-2,40,40,2.7e-05,OPT,0,0,0,AI,0,59,1,1,0,0.000981998,0,1,0,0,0
A2-250_3000_1-3,40,40,4.9e-05,OPT,0,0,0,AI,0,58,1,1,0,0.000974,0,1,0,0,0
A2-250_3000_1-4,40,40,4.8e-05,OPT,0,0,0,AI,0,54,1,1,0,0.000877,0,1,0,0,0
A2-250_3000_1-5,42,42,2.6e-05,OPT,0,0,0,AI,0,54,1,1,0,0.000519,0,1,0,0,0
A2-250_3000_1-6,41,41,4.5e-05,OPT,0,0,0,AI,0,52,1,1,0,0.001021,0,1,0,0,0
A2-250_3000_1-7,40,40,2.7e-05,OPT,0,0,0,AI,0,58,1,1,0,0.000985999,0,1,0,0,0
A2-250_3000_1-8,43,43,3.7e-05,OPT,0,0,0,AI,0,57,1,1,0,0.000525001,0,1,0,0,0
A2-250_3000_1-9,40,40,2.7e-05,OPT,0,0,0,AI,0,57,1,1,0,0.000519,0,1,0,0,0
A2-250_3000_200-1,50,50.0026,1.50123,OPT,1214,0,0,AI,0,25,0.06,3.9,0.077166,1.32011,0,2,0,138,34
A2-250_3000_200-10,48,48.004,3.33336,OPT,2143,0,0,AI,0,25,0.0208333,4.41667,0.195388,2.81592,0,2,0,211,49
A2-250_3000_200-2,47,47.0007,0.792376,OPT,742,0,0,AI,0,25,0.0212766,4.40426,0.043591,0.69157,0,2,0,71,17
A2-250_3000_200-3,48,48,2.3e-05,OPT,0,0,0,AI,0,25,1,1,0,0.000986002,0,1,0,0,0
A2-250_3000_200-4,51,51,4.6e-05,OPT,0,0,0,AI,0,26,1,1,0,0.000942003,0,1,0,0,0
A2-250_3000_200-5,49,49,2.7e-05,OPT,0,0,0,AI,0,25,1,1,0,0.000560001,0,1,0,0,0
A2-250_3000_200-6,48,48,4.4e-05,OPT,0,0,0,AI,0,23,1,1,0,0.000953,0,1,0,0,0
A2-250_3000_200-7,50,50.1017,1.82098,OPT,1769,0,0,AI,0,24,0.06,4.04,0.168678,1.44109,0,1,0,173,40
A2-250_3000_200-8,49,49,5.1e-05,OPT,0,0,0,AI,0,24,1,1,0,0.000965003,0,1,0,0,0
A2-250_3000_200-9,50,50.1068,0.957673,OPT,861,0,0,AI,0,25,0.04,4,0.049601,0.837843,0,2,0,72,17
A2-250_3000_500-1,62,62.5,2.83997,OPT,3562,0,0,AI,0,11,0.0483871,3.08065,0.255419,1.95055,0,2,0,283,83
A2-250_3000_500-10,62,62.0353,1.43735,OPT,1907,0,0,AI,0,11,0.241935,2.70968,0.14142,1.0926,0,2,0,190,51
A2-250_3000_500-2,62,62.0045,2.19832,OPT,3102,0,0,AI,0,11,0.209677,2.83871,0.205986,1.57645,0,2,0,258,67
A2-250_3000_500-3,62,62.0392,1.4539,OPT,2295,0,0,AI,0,11,0.274194,2.66129,0.13757,1.09027,0,2,0,175,49
A2-250_3000_500-4,61,61.0447,1.54163,OPT,2248,0,0,AI,0,11,0.213115,2.77049,0.115418,1.20728,0,2,0,145,39
A2-250_3000_500-5,62,62.5,1.50833,OPT,2634,0,0,AI,0,11,0.0967742,3.01613,0.152674,1.04985,0,2,0,173,53
A2-250_3000_500-6,62,62.5,1.88556,OPT,2171,0,0,AI,0,11,0.0322581,3.24194,0.226829,1.30925,0,2,0,229,79
A2-250_3000_500-7,62,62.5,2.55983,OPT,3272,0,0,AI,0,11,0.0806452,3.1129,0.207154,1.84286,0,2,0,241,70
A2-250_3000_500-8,62,62.0276,0.939872,OPT,1762,0,0,AI,0,11,0.354839,2.51613,0.1092,0.67979,0,2,0,147,49
A2-250_3000_500-9,62,62.5,3.40965,OPT,3866,0,0,AI,0,11,0.112903,3.09677,0.283521,2.36804,0,2,0,304,85
A2-250_4000_1-1,32,32,2.6e-05,OPT,0,0,0,AI,0,57,1,1,0,0.000920001,0,1,0,0,0
A2-250_4000_1-10,30,30,6.1e-05,OPT,0,0,0,AI,0,64,1,1,0,0.000893001,0,1,0,0,0
A2-250_4000_1-2,30,30,5.2e-05,OPT,0,0,0,AI,0,65,1,1,0,0.000984002,0,1,0,0,0
A2-250_4000_1-3,32,32,2.5e-05,OPT,0,0,0,AI,0,58,1,1,0,0.000968002,0,1,0,0,0
A2-250_4000_1-4,33,33,2.6e-05,OPT,0,0,0,AI,0,57,1,1,0,0.000512999,0,1,0,0,0
A2-250_4000_1-5,32,32,2.6e-05,OPT,0,0,0,AI,0,57,1,1,0,0.000543002,0,1,0,0,0
A2-250_4000_1-6,29,29,2.8e-05,OPT,0,0,0,AI,0,61,1,1,0,0.000488002,0,1,0,0,0
A2-250_4000_1-7,31,31,4.6e-05,OPT,0,0,0,AI,0,63,1,1,0,0.000902001,0,1,0,0,0
A2-250_4000_1-8,31,31,2.7e-05,OPT,0,0,0,AI,0,64,1,1,0,0.000537001,0,1,0,0,0
A2-250_4000_1-9,30,30,3.1e-05,OPT,0,0,0,AI,0,64,1,1,0,0.000599999,0,1,0,0,0
A2-250_4000_200-1,36,36,2.9e-05,OPT,0,0,0,AI,0,32,1,1,0,0.000579998,0,1,0,0,0
A2-250_4000_200-10,38,38.0418,0.379368,OPT,419,0,0,AI,0,30,0,5.15789,0.058701,0.297403,0,1,0,36,9
A2-250_4000_200-2,38,38.0078,5.38418,OPT,1909,0,10,AI,0,32,0.0263158,5.34211,0.194549,4.8436,0,2,10,341,89
A2-250_4000_200-3,37,37,2.8e-05,OPT,0,0,0,AI,0,33,1,1,0,0.000888001,0,1,0,0,0
A2-250_4000_200-4,37,37.0851,0.469823,OPT,393,0,0,AI,0,31,0,5.62162,0.045831,0.397799,0,2,0,28,6
A2-250_4000_200-5,37,37.0017,1.87026,OPT,1421,0,0,AI,0,30,0.027027,5.45946,0.155891,1.56838,0,2,0,254,66
A2-250_4000_200-6,37,37,2.8e-05,OPT,0,0,0,AI,0,31,1,1,0,0.000590999,0,1,0,0,0
A2-250_4000_200-7,38,38.0076,2.44867,OPT,1556,0,0,AI,0,30,0,5.42105,0.159872,2.11888,0,2,0,233,56
A2-250_4000_200-8,37,37,2.7e-05,OPT,0,0,0,AI,0,32,1,1,0,0.000955001,0,1,0,0,0
A2-250_4000_200-9,37,37,2.6e-05,OPT,0,0,0,AI,0,29,1,1,0,0.000525001,0,1,0,0,0
A2-250_4000_500-1,47,47.0112,2.17874,OPT,2331,0,0,AI,0,15,0.0638298,4.12766,0.189309,1.76904,0,2,0,217,54
A2-250_4000_500-10,47,47.0184,1.7814,OPT,2311,0,0,AI,0,15,0.170213,3.68085,0.164425,1.40137,0,2,0,214,57
A2-250_4000_500-2,46,46.1588,1.99665,OPT,1532,0,0,AI,0,15,0.0217391,4.15217,0.128812,1.70711,0,2,0,133,33
A2-250_4000_500-3,46,46.0649,2.66634,OPT,1937,0,0,AI,0,15,0.0434783,4.13043,0.199942,2.23257,0,2,0,241,69
A2-250_4000_500-4,47,47.089,2.37798,OPT,1972,0,0,AI,0,15,0.0212766,4.10638,0.166936,1.98796,0,2,0,176,49
A2-250_4000_500-5,46,46.0802,2.62381,OPT,1943,0,0,AI,0,15,0.130435,4.1087,0.175771,2.21646,0,2,0,183,46
A2-250_4000_500-6,46,46.0021,1.27714,OPT,1153,0,0,AI,0,15,0.0217391,4.13043,0.117978,1.04796,0,2,0,107,29
A2-250_4000_500-7,46,46.0861,2.44577,OPT,1976,0,0,AI,0,15,0,4.43478,0.189362,2.02724,0,2,0,185,48
A2-250_4000_500-8,47,47.0167,1.97603,OPT,1866,0,0,AI,0,15,0.106383,3.68085,0.149343,1.63985,0,2,0,208,53
A2-250_4000_500-9,47,47.0009,3.09234,OPT,2356,0,0,AI,0,15,0.0212766,4.08511,0.180711,2.62735,0,2,0,206,52
A2-250_5000_1-1,24,24,4.7e-05,OPT,0,0,0,AI,0,72,1,1,0,0.000855003,0,1,0,0,0
A2-250_5000_1-10,25,25.0024,3.34362,OPT,2015,0,0,AI,0,68,0,8.68,0.346321,2.74298,0,2,0,367,88
A2-250_5000_1-2,24,24,3e-05,OPT,0,0,0,AI,0,70,1,1,0,0.000871997,0,1,0,0,0
A2-250_5000_1-3,25,25,3e-05,OPT,0,0,0,AI,0,70,1,1,0,0.000530999,0,1,0,0,0
A2-250_5000_1-4,26,26,2.7e-05,OPT,0,0,0,AI,0,62,1,1,0,0.000496,0,1,0,0,0
A2-250_5000_1-5,24,24,5.4e-05,OPT,0,0,0,AI,0,70,1,1,0,0.000882998,0,1,0,0,0
A2-250_5000_1-6,27,27.0008,2.71593,OPT,1632,0,0,AI,0,64,0,7.88889,0.316243,2.18575,0,2,0,344,82
A2-250_5000_1-7,27,27,4.5e-05,OPT,0,0,0,AI,0,63,1,1,0,0.000852,0,1,0,0,0
A2-250_5000_1-8,23,23,2.7e-05,OPT,0,0,0,AI,0,74,1,1,0,0.000947002,0,1,0,0,0
A2-250_5000_1-9,25,25,4.5e-05,OPT,0,0,0,AI,0,71,1,1,0,0.000939,0,1,0,0,0
A2-250_5000_200-1,29,29,3e-05,OPT,0,0,0,AI,0,38,1,1,0,0.000578001,0,1,0,0,0
A2-250_5000_200-10,30,30,2.6e-05,OPT,0,0,0,AI,0,36,1,1,0,0.000673,0,1,0,0,0
A2-250_5000_200-2,29,29,3e-05,OPT,0,0,0,AI,0,39,1,1,0,0.000576999,0,1,0,0,0
A2-250_5000_200-3,29,29,2.7e-05,OPT,0,0,0,AI,0,37,1,1,0,0.000496,0,1,0,0,0
A2-250_5000_200-4,28,28,2.6e-05,OPT,0,0,0,AI,0,39,1,1,0,0.000526,0,1,0,0,0
A2-250_5000_200-5,28,28,2.8e-05,OPT,0,0,0,AI,0,40,1,1,0,0.000861,0,1,0,0,0
A2-250_5000_200-6,29,29.0007,2.77101,OPT,1829,0,0,AI,0,37,0.0344828,7.31034,0.281602,2.28973,0,2,0,347,89
A2-250_5000_200-7,29,29.0018,1.25508,OPT,845,0,0,AI,0,39,0,7.13793,0.125814,1.04667,0,2,0,104,25
A2-250_5000_200-8,30,30,3.5e-05,OPT,0,0,0,AI,0,38,1,1,0,0.000937,0,1,0,0,0
A2-250_5000_200-9,29,29,4.5e-05,OPT,0,0,0,AI,0,38,1,1,0,0.000894997,0,1,0,0,0
A2-250_5000_500-1,37,37.0927,1.59182,OPT,1181,0,0,AI,0,19,0,5.24324,0.21404,1.24086,0,2,0,169,44
A2-250_5000_500-10,37,37.0125,3.04179,OPT,1942,0,0,AI,0,19,0,5.16216,0.253595,2.52696,0,2,0,266,68
A2-250_5000_500-2,37,37.1759,1.32155,OPT,842,0,0,AI,0,19,0,5.24324,0.150825,1.06976,0,2,0,122,30
A2-250_5000_500-3,37,37.0312,4.16488,OPT,2194,0,0,AI,0,19,0,5.43243,0.275265,3.55849,0,2,0,307,77
A2-250_5000_500-4,37,37.0257,1.78375,OPT,1311,0,0,AI,0,19,0,5.10811,0.211529,1.43505,0,2,0,244,72
A2-250_5000_500-5,38,38.0318,3.47173,OPT,2123,0,0,AI,0,19,0,5.15789,0.251725,2.91859,0,2,0,289,71
A2-250_5000_500-6,37,37.052,1.71819,OPT,985,0,0,AI,0,19,0.027027,5.10811,0.166859,1.42258,0,2,0,129,32
A2-250_5000_500-7,38,38.1292,3.23726,OPT,1928,0,0,AI,0,19,0,5.26316,0.259241,2.70507,0,2,0,251,67
A2-250_5000_500-8,37,37.0139,3.34578,OPT,2101,0,0,AI,0,19,0,5.18919,0.243498,2.8296,0,2,0,279,73
A2-250_5000_500-9,37,37.1099,2.13586,OPT,1534,0,0,AI,0,19,0,5.05405,0.212588,1.74516,0,2,0,212,54
A2-500_1000_1-1,238,238.5,0.430543,OPT,1379,0,0,AI,0,48,0.903361,1.10084,0.06825,0.25276,0,2,0,72,32
A2-500_1000_1-10,248,248.278,0.279749,OPT,1355,0,0,AI,0,42,0.955645,1.04839,0.061243,0.134935,0,1,0,66,29
A2-500_1000_1-2,246,246.25,0.241295,OPT,1245,0,0,AI,0,45,0.906504,1.0935,0.048707,0.123033,0,1,0,64,27
A2-500_1000_1-3,246,246.75,0.340931,OPT,1575,0,0,AI,0,36,0.930894,1.07724,0.064912,0.190394,0,1,0,64,31
A2-500_1000_1-4,247,247,0.277751,OPT,1524,0,0,AI,0,45,0.987854,1.01215,0.05699,0.139618,0,1,0,71,30
A2-500_1000_1-5,246,246.625,0.305445,OPT,1463,0,0,AI,0,46,0.878049,1.13008,0.055689,0.173927,0,1,0,64,28
A2-500_1000_1-6,246,246.05,0.238243,OPT,1067,0,0,AI,0,45,0.780488,1.22764,0.045725,0.137422,0,1,0,54,24
A2-500_1000_1-7,246,246,0.29222,OPT,1548,0,0,AI,0,44,1,1,0.069791,0.12622,0,1,0,72,32
A2-500_1000_1-8,239,239.375,0.4027,OPT,1287,0,0,AI,0,47,0.887029,1.13808,0.060996,0.259932,0,1,0,66,25
A2-500_1000_1-9,247,247.844,0.3018,OPT,1322,0,0,AI,0,45,0.82996,1.18623,0.056072,0.17388,0,1,0,63,25
A2-500_1000_200-1,250,250,0.551503,OPT,3912,0,0,AI,0,9,1,1,0.100664,0.174695,0,1,0,130,57
A2-500_1000_200-10,250,250,0.554989,OPT,3677,0,0,AI,0,9,1,1,0.120422,0.197707,0,1,0,108,54
A2-500_1000_200-2,250,250,0.555425,OPT,3825,0,0,AI,0,9,1,1,0.101213,0.209907,0,1,0,127,58
A2-500_1000_200-3,250,250,0.824471,OPT,4075,0,0,AI,0,9,1,1,0.151789,0.303006,0,1,0,144,66
A2-500_1000_200-4,250,250,0.641299,OPT,4245,0,0,AI,0,9,1,1,0.129171,0.193703,0,1,0,139,63
A2-500_1000_200-5,250,250,0.659484,OPT,4259,0,0,AI,0,9,1,1,0.121961,0.216506,0,1,0,138,64
A2-500_1000_200-6,250,250,0.714295,OPT,4041,0,0,AI,0,9,1,1,0.128263,0.30544,0,1,0,112,57
A2-500_1000_200-7,250,250,0.620295,OPT,4154,0,0,AI,0,9,1,1,0.120058,0.208123,0,1,0,136,63
A2-500_1000_200-8,250,250,0.826338,OPT,4405,0,0,AI,0,9,1,1,0.145931,0.266958,0,1,0,166,72
A2-500_1000_200-9,250,250,0.732341,OPT,3879,0,0,AI,0,9,1,1,0.125037,0.290471,0,1,0,134,58
A2-500_1000_500-1,250,250,0.439721,OPT,3657,0,0,AI,0,3,1,1,0.080644,0.144263,0,1,0,122,59
A2-500_1000_500-10,250,250,0.466535,OPT,3386,0,0,AI,0,3,1,1,0.08375,0.172697,0,1,0,107,51
A2-500_1000_500-2,250,250,0.500488,OPT,3390,0,0,AI,0,3,1,1,0.08738,0.173565,0,1,0,125,57
A2-500_1000_500-3,250,250,0.353699,OPT,3394,0,0,AI,0,3,1,1,0.069152,0.1162,0,1,0,104,51
A2-500_1000_500-4,250,250,0.46845,OPT,3821,0,0,AI,0,3,1,1,0.083302,0.16381,0,1,0,119,58
A2-500_1000_500-5,250,250,0.541041,OPT,3796,0,0,AI,0,3,1,1,0.099283,0.180522,0,1,0,127,61
A2-500_1000_500-6,250,250,0.44431,OPT,3764,0,0,AI,0,3,1,1,0.08909,0.140409,0,1,0,120,62
A2-500_1000_500-7,250,250,0.389621,OPT,3403,0,0,AI,0,3,1,1,0.075045,0.128136,0,1,0,107,53
A2-500_1000_500-8,250,250,0.549146,OPT,3685,0,0,AI,0,3,1,1,0.091253,0.203298,0,1,0,133,60
A2-500_1000_500-9,250,250,0.446305,OPT,3593,0,0,AI,0,3,1,1,0.086966,0.143943,0,1,0,115,57
A2-500_1200_1-1,207,207.005,1.71807,OPT,2644,0,0,AI,0,45,0.671498,1.49275,0.136249,1.37053,0,2,0,161,54
A2-500_1200_1-10,204,204.035,2.0159,OPT,2750,0,0,AI,0,53,0.661765,1.51961,0.135212,1.61699,0,2,0,156,55
A2-500_1200_1-2,209,209.023,2.58574,OPT,3548,0,0,AI,0,53,0.593301,1.55024,0.151681,2.10783,0,2,0,197,60
A2-500_1200_1-3,204,204.003,2.10739,OPT,2365,0,0,AI,0,51,0.602941,1.58824,0.118407,1.73669,0,2,0,166,46
A2-500_1200_1-4,198,198.024,1.86094,OPT,4219,0,0,AI,0,49,0.727273,1.41414,0.217516,1.29899,0,2,0,194,76
A2-500_1200_1-5,221,221.026,1.11112,OPT,1672,0,0,AI,0,38,0.656109,1.43891,0.07489,0.916864,0,2,0,78,25
A2-500_1200_1-6,204,204.01,2.66547,OPT,3425,0,0,AI,0,47,0.617647,1.54902,0.161111,2.16673,0,2,0,182,60
A2-500_1200_1-7,216,216.002,2.01674,OPT,2539,0,0,AI,0,43,0.708333,1.4213,0.119743,1.6318,0,2,0,179,58
A2-500_1200_1-8,206,206.073,2.15941,OPT,3544,0,0,AI,0,54,0.650485,1.52913,0.167128,1.64209,0,2,0,188,67
A2-500_1200_1-9,212,212.06,2.57313,OPT,4376,0,0,AI,0,52,0.665094,1.48585,0.188311,1.9839,0,2,0,214,76
A2-500_1200_200-1,246,246,0.168827,OPT,952,0,0,AI,0,11,0.97561,1.02439,0.052271,0.068047,0,1,0,42,20
A2-500_1200_200-10,240,240.5,0.289552,OPT,1247,0,0,AI,0,11,0.904167,1.1,0.068353,0.140471,0,1,0,59,28
A2-500_1200_200-2,245,245,0.13148,OPT,909,0,0,AI,0,11,0.955102,1.0449,0.036559,0.053145,0,2,0,38,18
A2-500_1200_200-3,246,246,0.189233,OPT,974,0,0,AI,0,11,0.98374,1.01626,0.052573,0.085438,0,2,0,39,21
A2-500_1200_200-4,247,247.625,0.163858,OPT,974,0,0,AI,0,11,0.955466,1.05668,0.043992,0.108117,0,1,0,34,16
A2-500_1200_200-5,246,246.167,0.383301,OPT,1308,0,0,AI,0,11,0.95935,1.04472,0.088258,0.212334,0,1,0,60,30
A2-500_1200_200-6,246,246.95,0.165878,OPT,1011,0,0,AI,0,11,0.914634,1.10163,0.043628,0.07923,0,1,0,41,21
A2-500_1200_200-7,249,249.5,0.16819,OPT,995,0,0,AI,0,11,0.995984,1.00803,0.050201,0.065196,0,1,0,43,20
A2-500_1200_200-8,249,249.5,0.172091,OPT,1190,0,0,AI,0,11,0.995984,1.00803,0.055241,0.064704,0,1,0,39,21
A2-500_1200_200-9,248,248.667,0.219125,OPT,1133,0,0,AI,0,11,0.955645,1.05645,0.059757,0.10699,0,1,0,44,22
A2-500_1200_500-1,250,250,0.467768,OPT,3722,0,0,AI,0,4,1,1,0.099732,0.161368,0,1,0,103,48
A2-500_1200_500-10,250,250,0.41341,OPT,3528,0,0,AI,0,4,1,1,0.094746,0.130747,0,1,0,100,47
A2-500_1200_500-2,250,250,0.545659,OPT,3819,0,0,AI,0,4,1,1,0.111599,0.197202,0,1,0,107,50
A2-500_1200_500-3,250,250,0.442461,OPT,3951,0,0,AI,0,4,1,1,0.088946,0.157532,0,1,0,103,50
A2-500_1200_500-4,250,250,0.527532,OPT,4328,0,0,AI,0,4,1,1,0.111341,0.165201,0,1,0,115,54
A2-500_1200_500-5,250,250,0.457928,OPT,3586,0,0,AI,0,4,1,1,0.099846,0.160533,0,1,0,95,45
A2-500_1200_500-6,250,250,0.432225,OPT,3351,0,0,AI,0,4,1,1,0.094508,0.150671,0,1,0,100,44
A2-500_1200_500-7,250,250,0.469542,OPT,3771,0,0,AI,0,4,1,1,0.09818,0.175058,0,1,0,102,49
A2-500_1200_500-8,250,250,0.444938,OPT,3987,0,0,AI,0,4,1,1,0.096871,0.137917,0,1,0,102,47
A2-500_1200_500-9,250,250,0.471683,OPT,3959,0,0,AI,0,4,1,1,0.095346,0.162903,0,1,0,109,51
A2-500_1500_1-1,168,168.008,6.72803,OPT,4406,0,0,AI,0,53,0.684524,1.55357,0.453237,5.13591,0,2,0,523,158
A2-500_1500_1-10,161,161,3e-05,OPT,0,0,0,AI,0,61,1,1,0,0.001107,0,1,0,0,0
A2-500_1500_1-2,160,160.017,7.63898,OPT,3980,0,0,AI,0,59,0.55625,1.7875,0.497197,5.84977,0,2,0,526,160
A2-500_1500_1-3,167,167,5e-05,OPT,0,0,0,AI,0,55,1,1,0,0.001957,0,1,0,0,0
A2-500_1500_1-4,166,166,4.4e-05,OPT,0,0,0,AI,0,53,1,1,0,0.002041,0,1,0,0,0
A2-500_1500_1-5,161,161.014,5.3706,OPT,3633,0,0,AI,0,48,0.52795,1.79503,0.24741,4.44596,0,2,0,322,91
A2-500_1500_1-6,166,166.019,6.02545,OPT,3403,0,0,AI,0,59,0.560241,1.84337,0.342233,4.9351,0,2,0,329,94
A2-500_1500_1-7,169,169.072,6.45512,OPT,4834,0,0,AI,0,52,0.591716,1.73373,0.605266,4.51093,0,2,0,550,165
A2-500_1500_1-8,160,160.004,7.78132,OPT,3478,0,0,AI,0,58,0.66875,1.64375,0.455399,5.94138,0,2,0,555,127
A2-500_1500_1-9,167,167.012,4.66239,OPT,3112,0,0,AI,0,63,0.532934,1.76048,0.233935,3.92984,0,2,0,263,86
A2-500_1500_200-1,200,200.068,1.49519,OPT,2705,0,0,AI,0,14,0.705,1.44,0.136572,1.10232,0,2,0,144,44
A2-500_1500_200-10,199,199.026,1.1867,OPT,2248,0,0,AI,0,14,0.683417,1.45226,0.099024,0.925625,0,2,0,95,33
A2-500_1500_200-2,209,209.006,0.788542,OPT,1569,0,0,AI,0,14,0.688995,1.44498,0.062116,0.622545,0,2,0,79,25
A2-500_1500_200-3,202,202.25,1.30431,OPT,2542,0,0,AI,0,14,0.475248,1.69802,0.106245,0.995489,0,2,0,105,37
A2-500_1500_200-4,205,205.027,0.988132,OPT,2032,0,0,AI,0,14,0.643902,1.49756,0.085002,0.755356,0,2,0,96,27
A2-500_1500_200-5,197,197.981,0.919077,OPT,2005,0,0,AI,0,14,0.604061,1.60914,0.077782,0.721232,0,1,0,88,31
A2-500_1500_200-6,206,206.75,1.03223,OPT,2255,0,0,AI,0,14,0.606796,1.57282,0.091625,0.785096,0,1,0,99,33
A2-500_1500_200-7,192,192.066,1.57942,OPT,2690,0,0,AI,0,14,0.734375,1.36458,0.127849,1.22919,0,2,0,129,42
A2-500_1500_200-8,199,199.065,1.74464,OPT,3117,0,0,AI,0,14,0.738693,1.38693,0.12453,1.38359,0,2,0,146,45
A2-500_1500_200-9,200,200.017,0.925705,OPT,1833,0,0,AI,0,14,0.67,1.49,0.072921,0.721321,0,2,0,78,23
A2-500_1500_500-1,241,241.167,0.095219,OPT,595,0,0,AI,0,5,0.975104,1.0249,0.043729,0.023807,0,1,0,29,15
A2-500_1500_500-10,246,246,0.083432,OPT,873,0,0,AI,0,5,1,1,0.039681,0.023156,0,1,0,31,17
A2-500_1500_500-2,245,245.333,0.116681,OPT,684,0,0,AI,0,5,0.983673,1.02449,0.043286,0.048414,0,1,0,27,15
A2-500_1500_500-3,243,243,0.180675,OPT,689,0,0,AI,0,5,1,1,0.052723,0.099367,0,1,0,29,16
A2-500_1500_500-4,249,249.5,0.131767,OPT,1010,0,0,AI,0,5,0.987952,1.01606,0.047757,0.049657,0,1,0,30,17
A2-500_1500_500-5,248,248.167,0.134312,OPT,722,0,0,AI,0,5,0.987903,1.0121,0.04208,0.068625,0,1,0,24,14
A2-500_1500_500-6,242,242.5,0.127056,OPT,749,0,0,AI,0,5,0.966942,1.04132,0.058744,0.036356,0,1,0,39,18
A2-500_1500_500-7,249,249.333,0.106604,OPT,858,0,0,AI,0,5,0.995984,1.00402,0.053052,0.028815,0,1,0,29,19
A2-500_1500_500-8,246,246.5,0.157521,OPT,1004,0,0,AI,0,5,0.955285,1.04878,0.057734,0.06064,0,1,0,43,19
A2-500_1500_500-9,248,248.667,0.138121,OPT,892,0,0,AI,0,5,0.995968,1.00806,0.045308,0.064125,0,1,0,27,14
A2-500_2000_1-1,123,123,4.4e-05,OPT,0,0,0,AI,0,59,1,1,0,0.001798,0,1,0,0,0
A2-500_2000_1-10,122,122,2.7e-05,OPT,0,0,0,AI,0,62,1,1,0,0.000898998,0,1,0,0,0
A2-500_2000_1-2,126,126.002,12.5452,OPT,5055,0,0,AI,0,64,0.5,2.26984,0.394969,11.193,0,2,0,429,127
A2-500_2000_1-3,124,124,4.8e-05,OPT,0,0,0,AI,0,57,1,1,0,0.001671,0,1,0,0,0
A2-500_2000_1-4,121,121,20.5237,OPT,5361,0,0,AI,0,63,0.239669,2.95868,0.633892,18.3104,0,2,0,590,173
A2-500_2000_1-5,123,123,2.4e-05,OPT,0,0,0,AI,0,66,1,1,0,0.000937,0,1,0,0,0
A2-500_2000_1-6,128,128,2.9e-05,OPT,0,0,0,AI,0,58,1,1,0,0.00112,0,1,0,0,0
A2-500_2000_1-7,125,125,2.9e-05,OPT,0,0,0,AI,0,65,1,1,0,0.001133,0,1,0,0,0
A2-500_2000_1-8,126,126,2.7e-05,OPT,0,0,0,AI,0,59,1,1,0,0.000962999,0,1,0,0,0
A2-500_2000_1-9,126,126,2.8e-05,OPT,0,0,0,AI,0,58,1,1,0,0.000996999,0,1,0,0,0
A2-500_2000_200-1,152,152.002,3.03856,OPT,3556,0,0,AI,0,18,0.532895,1.86184,0.227232,2.29202,0,2,0,232,59
A2-500_2000_200-10,151,151.022,3.0322,OPT,4325,0,0,AI,0,18,0.503311,1.95364,0.306336,2.12366,0,2,0,265,75
A2-500_2000_200-2,147,147.013,2.65237,OPT,3394,0,0,AI,0,18,0.585034,1.79592,0.301055,1.85117,0,2,0,280,85
A2-500_2000_200-3,147,147.027,4.74533,OPT,4157,0,0,AI,0,18,0.333333,2.17687,0.290813,3.79439,0,2,0,292,87
A2-500_2000_200-4,150,150.083,2.81112,OPT,3712,0,0,AI,0,18,0.586667,1.68,0.240702,2.04217,0,2,0,231,64
A2-500_2000_200-5,153,153.014,2.72705,OPT,3621,0,0,AI,0,18,0.54902,1.79739,0.285283,1.86882,0,2,0,262,72
A2-500_2000_200-6,145,145.013,2.53791,OPT,3046,0,0,AI,0,18,0.586207,1.82759,0.218565,1.92285,0,2,0,212,61
A2-500_2000_200-7,153,153,6.32167,OPT,5814,0,0,AI,0,18,0.464052,1.99346,0.410302,4.82499,0,2,0,383,108
A2-500_2000_200-8,151,151.067,3.5702,OPT,3762,0,0,AI,0,19,0.443709,2,0.204284,2.89536,0,2,0,229,64
A2-500_2000_200-9,151,151.001,4.14135,OPT,4179,0,0,AI,0,18,0.529801,1.84106,0.283351,3.14464,0,2,0,306,80
A2-500_2000_500-1,166,166.667,5.30736,OPT,9718,0,0,AI,0,7,0.915663,1.10241,0.514291,2.74299,0,1,0,485,150
A2-500_2000_500-10,166,166.667,6.06367,OPT,10490,0,0,AI,0,7,0.819277,1.25904,0.535475,3.37435,0,1,0,492,145
A2-500_2000_500-2,166,166.667,5.42859,OPT,9381,0,0,AI,0,7,0.909639,1.12651,0.531918,2.92924,0,1,0,518,160
A2-500_2000_500-3,166,166.667,5.00587,OPT,8960,0,0,AI,0,7,0.704819,1.39759,0.423872,3.02165,0,1,0,397,129
A2-500_2000_500-4,166,166.667,6.14828,OPT,10016,0,0,AI,0,7,0.801205,1.25301,0.601577,3.31705,0,1,0,550,163
A2-500_2000_500-5,166,166.667,5.29651,OPT,9004,0,0,AI,0,7,0.73494,1.3494,0.500372,2.98639,0,1,0,470,139
A2-500_2000_500-6,166,166.667,5.48405,OPT,9582,0,0,AI,0,7,0.831325,1.21084,0.467237,3.21491,0,1,0,431,128
A2-500_2000_500-7,166,166.667,7.33966,OPT,11695,0,0,AI,0,7,0.60241,1.53614,0.594221,4.10173,0,1,0,547,144
A2-500_2000_500-8,166,166.667,6.16989,OPT,9895,0,0,AI,0,7,0.584337,1.57229,0.543954,3.38656,0,1,0,496,147
A2-500_2000_500-9,166,166.667,5.932,OPT,9137,0,0,AI,0,7,0.849398,1.18675,0.530816,3.37301,0,1,0,526,141
A2-500_3000_1-1,88,88,4.8e-05,OPT,0,0,0,AI,0,66,1,1,0,0.001555,0,1,0,0,0
A2-500_3000_1-10,85,85,2.2e-05,OPT,0,0,0,AI,0,81,1,1,0,0.000741001,0,1,0,0,0
A2-500_3000_1-2,82,82,2.7e-05,OPT,0,0,0,AI,0,79,1,1,0,0.001233,0,1,0,0,0
A2-500_3000_1-3,82,82,3.4e-05,OPT,0,0,0,AI,0,81,1,1,0,0.001093,0,1,0,0,0
A2-500_3000_1-4,85,85.0003,14.0216,OPT,3820,0,0,AI,0,73,0.141176,4.16471,0.481252,12.7868,0,2,0,415,103
A2-500_3000_1-5,85,85,2.8e-05,OPT,0,0,0,AI,0,74,1,1,0,0.001007,0,1,0,0,0
A2-500_3000_1-6,82,82,2.3e-05,OPT,0,0,0,AI,0,79,1,1,0,0.000784002,0,1,0,0,0
A2-500_3000_1-7,81,81,2.6e-05,OPT,0,0,0,AI,0,85,1,1,0,0.000817001,0,1,0,0,0
A2-500_3000_1-8,81,81.0002,36.2346,OPT,7293,0,0,AI,0,77,0.0617284,4.4321,1.09977,32.8899,0,2,0,826,217
A2-500_3000_1-9,86,86,2.9e-05,OPT,0,0,0,AI,0,74,1,1,0,0.000895999,0,1,0,0,0
A2-500_3000_200-1,101,101.055,19.4432,OPT,6094,0,0,AI,0,27,0.178218,3.25743,0.831471,16.9756,0,2,0,407,90
A2-500_3000_200-10,99,99.0311,17.5617,OPT,6380,0,0,AI,0,26,0.181818,3.40404,1.0443,14.7043,0,2,0,515,115
A2-500_3000_200-2,99,99.0632,4.70003,OPT,2642,0,0,AI,0,26,0.313131,2.74747,0.263543,4.08675,0,2,0,225,61
A2-500_3000_200-3,99,99.0336,14.2903,OPT,6509,0,0,AI,0,27,0.191919,3.0404,0.780658,11.9202,0,2,0,465,117
A2-500_3000_200-4,100,100.012,12.2291,OPT,5562,0,0,AI,0,27,0.24,3.04,0.645335,10.4159,0,2,0,362,80
A2-500_3000_200-5,99,99.0819,14.8086,OPT,5462,0,0,AI,0,26,0.141414,3.42424,0.720972,12.7927,0,2,0,380,82
A2-500_3000_200-6,96,96.0237,6.62293,OPT,3240,0,0,AI,0,27,0.291667,3.01042,0.242525,5.98382,0,2,0,226,60
A2-500_3000_200-7,101,101.016,13.229,OPT,5075,0,0,AI,0,27,0.257426,3.13861,0.713278,11.3969,0,2,0,394,90
A2-500_3000_200-8,99,99.0027,14.3617,OPT,5307,0,0,AI,0,26,0.242424,3.12121,0.696179,12.4707,0,2,0,402,87
A2-500_3000_200-9,98,98.003,8.76624,OPT,3539,0,0,AI,0,26,0.244898,3.17347,0.328748,7.90437,0,2,0,313,77
A2-500_3000_500-1,123,123.033,8.56379,OPT,7177,0,0,AI,0,11,0.333333,2.29268,0.662526,6.4444,0,2,0,490,139
A2-500_3000_500-10,125,125,11.1505,OPT,8295,0,0,AI,0,11,0.416,2.256,0.839617,8.00822,0,2,0,610,164
A2-500_3000_500-2,124,124.029,7.24235,OPT,7578,0,0,AI,0,11,0.282258,2.3629,0.791724,4.77378,0,2,0,551,150
A2-500_3000_500-3,122,122.002,5.20619,OPT,6485,0,0,AI,0,11,0.377049,2.19672,0.634396,3.32108,0,2,0,469,125
A2-500_3000_500-4,125,125,13.4746,OPT,9731,0,0,AI,0,11,0.328,2.384,1.284,9.07264,0,2,0,751,222
A2-500_3000_500-5,125,125,7.2409,OPT,7454,0,0,AI,0,11,0.48,2.056,0.702955,4.83049,0,2,0,517,141
A2-500_3000_500-6,125,125,11.497,OPT,9243,0,0,AI,0,11,0.264,2.48,0.832781,8.22574,0,2,0,535,158
A2-500_3000_500-7,125,125,8.59912,OPT,7512,0,0,AI,0,11,0.376,2.264,0.845404,5.81075,0,2,0,579,158
A2-500_3000_500-8,125,125,8.90752,OPT,7063,0,0,AI,0,11,0.24,2.368,0.853934,6.27439,0,2,0,577,178
A2-500_3000_500-9,124,124.065,7.44482,OPT,7285,0,0,AI,0,11,0.330645,2.42742,0.957009,4.56994,0,2,0,580,162
A2-500_4000_1-1,63,63.002,7.89387,OPT,2851,0,0,AI,0,89,0.142857,5.50794,0.515841,6.93259,0,2,0,465,124
A2-500_4000_1-10,59,59,4.8e-05,OPT,0,0,0,AI,0,95,1,1,0,0.001384,0,1,0,0,0
A2-500_4000_1-2,61,61.0007,9.58735,OPT,2878,0,0,AI,0,91,0.147541,5.40984,0.597518,8.44637,0,2,0,457,111
A2-500_4000_1-3,64,64,4.6e-05,OPT,0,0,0,AI,0,79,1,1,0,0.001433,0,1,0,0,0
A2-500_4000_1-4,61,61,3.7e-05,OPT,0,0,0,AI,0,89,1,1,0,0.000785999,0,1,0,0,0
A2-500_4000_1-5,61,61,2.6e-05,OPT,0,0,0,AI,0,94,1,1,0,0.001207,0,1,0,0,0
A2-500_4000_1-6,66,66,2.7e-05,OPT,0,0,0,AI,0,82,1,1,0,0.00118,0,1,0,0,0
A2-500_4000_1-7,65,65,2.8e-05,OPT,0,0,0,AI,0,89,1,1,0,0.000783,0,1,0,0,0
A2-500_4000_1-8,65,65,4.3e-05,OPT,0,0,0,AI,0,89,1,1,0,0.001354,0,1,0,0,0
A2-500_4000_1-9,62,62,3.1e-05,OPT,0,0,0,AI,0,87,1,1,0,0.000905998,0,1,0,0,0
A2-500_4000_200-1,74,74.0022,15.5408,OPT,3164,0,0,AI,0,34,0.0675676,4.83784,0.447161,14.543,0,2,0,330,84
A2-500_4000_200-10,73,73,2.9e-05,OPT,0,0,0,AI,0,35,1,1,0,0.001014,0,1,0,0,0
A2-500_4000_200-2,73,73.0174,40.2606,OPT,6094,0,0,AI,0,35,0,5.23288,1.63961,36.4287,0,2,0,654,154
A2-500_4000_200-3,74,74,6.8e-05,OPT,0,0,0,AI,0,35,1,1,0,0.00139,0,1,0,0,0
A2-500_4000_200-4,74,74,9.9e-05,OPT,0,0,0,AI,0,35,1,1,0,0.00127,0,1,0,0,0
A2-500_4000_200-5,74,74.0359,26.6217,OPT,4974,0,0,AI,0,36,0.027027,4.66216,1.33175,23.5703,0,2,0,492,110
A2-500_4000_200-6,72,72,2.7e-05,OPT,0,0,0,AI,0,36,1,1,0,0.000803001,0,1,0,0,0
A2-500_4000_200-7,76,76.0533,8.81419,OPT,2461,0,0,AI,0,34,0.0131579,4.53947,0.462325,7.93279,0,2,0,251,58
A2-500_4000_200-8,74,74.0101,33.4217,OPT,5985,0,0,AI,0,35,0.0405405,4.87838,1.62317,29.9126,0,2,0,642,147
A2-500_4000_200-9,76,76.0074,9.83243,OPT,2857,0,0,AI,0,35,0.0131579,4.60526,0.598767,8.78881,0,2,0,335,86
A2-500_4000_500-1,94,94.0922,7.139,OPT,5470,0,0,AI,0,15,0.244681,3.04255,0.608496,5.6774,0,2,0,363,98
A2-500_4000_500-10,92,92.0171,10.2901,OPT,6398,0,0,AI,0,15,0.163043,3.28261,0.827301,8.21612,0,2,0,461,102
A2-500_4000_500-2,93,93.1239,7.45573,OPT,5271,0,0,AI,0,15,0.0967742,3.30108,0.691771,5.95196,0,2,0,412,100
A2-500_4000_500-3,93,93.0273,7.50537,OPT,5430,0,0,AI,0,15,0.150538,3.31183,0.872439,5.59833,0,2,0,462,117
A2-500_4000_500-4,94,94.0361,9.38817,OPT,5927,0,0,AI,0,15,0.0957447,3.39362,0.663908,7.75858,0,2,0,341,81
A2-500_4000_500-5,93,93.0431,8.7985,OPT,5695,0,0,AI,0,15,0.139785,3.33333,0.786577,6.93942,0,2,0,476,102
A2-500_4000_500-6,92,92.0024,6.94532,OPT,4996,0,0,AI,0,15,0.0543478,3.3913,0.636347,5.60533,0,2,0,369,78
A2-500_4000_500-7,93,93.0347,9.33018,OPT,6821,0,0,AI,0,15,0.172043,3.26882,0.857174,7.25623,0,2,0,455,112
A2-500_4000_500-8,92,92.0379,7.3322,OPT,5395,0,0,AI,0,15,0.152174,3.26087,0.725175,5.69323,0,2,0,409,106
A2-500_4000_500-9,93,93.043,6.40394,OPT,4501,0,0,AI,0,15,0.182796,3.04301,0.599448,5.05534,0,2,0,393,97
A2-500_5000_1-1,51,51,2.8e-05,OPT,0,0,0,AI,0,95,1,1,0,0.000720002,0,1,0,0,0
A2-500_5000_1-10,50,50,2.8e-05,OPT,0,0,0,AI,0,98,1,1,0,0.000689,0,1,0,0,0
A2-500_5000_1-2,50,50,3e-05,OPT,0,0,0,AI,0,94,1,1,0,0.000748001,0,1,0,0,0
A2-500_5000_1-3,52,52,3.8e-05,OPT,0,0,0,AI,0,99,1,1,0,0.001071,0,1,0,0,0
A2-500_5000_1-4,48,48,2.7e-05,OPT,0,0,0,AI,0,103,1,1,0,0.000685997,0,1,0,0,0
A2-500_5000_1-5,49,49,2.7e-05,OPT,0,0,0,AI,0,101,1,1,0,0.000728,0,1,0,0,0
A2-500_5000_1-6,50,50,3.6e-05,OPT,0,0,0,AI,0,97,1,1,0,0.000670001,0,1,0,0,0
A2-500_5000_1-7,50,50,2.6e-05,OPT,0,0,0,AI,0,99,1,1,0,0.000721,0,1,0,0,0
A2-500_5000_1-8,50,50,2.6e-05,OPT,0,0,0,AI,0,89,1,1,0,0.000696,0,1,0,0,0
A2-500_5000_1-9,52,52,3e-05,OPT,0,0,0,AI,0,100,1,1,0,0.000686001,0,1,0,0,0
A2-500_5000_200-1,60,60,2.7e-05,OPT,0,0,0,AI,0,41,1,1,0,0.000721999,0,1,0,0,0
A2-500_5000_200-10,59,59.0069,16.1633,OPT,3630,0,0,AI,0,42,0.0169492,6.22034,0.666104,14.8934,0,2,0,413,100
A2-500_5000_200-2,59,59.0236,16.6708,OPT,3784,0,0,AI,0,41,0,6.25424,0.983083,14.9132,0,2,0,464,110
A2-500_5000_200-3,61,61,3.4e-05,OPT,0,0,0,AI,0,43,1,1,0,0.001087,0,1,0,0,0
A2-500_5000_200-4,59,59.0091,39.4549,OPT,4231,0,0,AI,0,40,0,6.33898,2.22173,35.3655,0,2,0,573,142
A2-500_5000_200-5,58,58.0088,20.1018,OPT,4305,0,0,AI,0,44,0,6.46552,1.3728,17.7895,0,2,0,716,187
A2-500_5000_200-6,59,59,3.5e-05,OPT,0,0,0,AI,0,42,1,1,0,0.000941999,0,1,0,0,0
A2-500_5000_200-7,60,60,4.5e-05,OPT,0,0,0,AI,0,41,1,1,0,0.001335,0,1,0,0,0
A2-500_5000_200-8,59,59,4.4e-05,OPT,0,0,0,AI,0,42,1,1,0,0.001329,0,1,0,0,0
A2-500_5000_200-9,59,59.0001,23.0094,OPT,4428,0,0,AI,0,43,0,6.55932,0.874158,21.2682,0,2,0,547,133
A2-500_5000_500-1,75,75.0222,10.4426,OPT,5328,0,0,AI,0,19,0.12,3.94667,1.10593,8.3557,0,2,0,563,131
A2-500_5000_500-10,74,74.0564,13.011,OPT,3977,0,0,AI,0,19,0.0135135,4.16216,0.817766,11.3725,0,2,0,458,128
A2-500_5000_500-2,74,74.1243,12.0548,OPT,5365,0,0,AI,0,19,0.0810811,4.24324,0.951838,10.162,0,2,0,475,119
A2-500_5000_500-3,75,75.0719,11.5069,OPT,3666,0,0,AI,0,19,0.0266667,4.14667,0.723853,10.0839,0,2,0,390,102
A2-500_5000_500-4,75,75.0537,9.14005,OPT,4807,0,0,AI,0,19,0.133333,3.96,0.858057,7.44027,0,2,0,495,116
A2-500_5000_500-5,74,74.0009,14.5967,OPT,6139,0,0,AI,0,19,0.0945946,4.24324,1.36539,11.8918,0,2,0,705,163
A2-500_5000_500-6,74,74.096,9.26282,OPT,3914,0,0,AI,0,19,0.108108,4.08108,0.847955,7.79294,0,2,0,499,130
A2-500_5000_500-7,74,74.0319,13.27,OPT,3579,0,0,AI,0,19,0.027027,4.05405,0.961091,11.5077,0,2,0,457,125
A2-500_5000_500-8,74,74.0816,11.8756,OPT,5040,0,0,AI,0,19,0.0945946,4,0.957962,9.97972,0,2,0,499,124
A2-500_5000_500-9,74,74.124,13.2966,OPT,5136,0,0,AI,0,19,0.0675676,4.18919,1.03426,11.2572,0,2,0,515,126
A2-60_1000_1-1,30,30,0.033354,OPT,123,0,0,AI,0,11,1,1,0.004004,0.026413,0,1,0,12,9
A2-60_1000_1-10,27,27.6,0.012863,OPT,154,0,0,AI,0,17,0.444444,1.62963,0.003086,0.007033,0,1,0,18,10
A2-60_1000_1-2,27,27,0.011257,OPT,124,0,0,AI,0,19,1,1,0.00218,0.007016,0,1,0,10,4
A2-60_1000_1-3,27,27.3,0.077734,OPT,137,0,0,AI,0,18,0.296296,1.81481,0.005104,0.067069,0,1,0,17,9
A2-60_1000_1-4,28,28.6667,0.014481,OPT,189,0,0,AI,0,16,0.642857,1.42857,0.004576,0.006827,0,1,0,16,11
A2-60_1000_1-5,29,29.5,0.011949,OPT,150,0,0,AI,0,12,0.862069,1.17241,0.00372,0.005713,0,1,0,12,8
A2-60_1000_1-6,28,28.6,0.035225,OPT,147,0,0,AI,0,15,0.75,1.35714,0.004062,0.027432,0,1,0,12,7
A2-60_1000_1-7,25,25.85,0.038584,OPT,97,0,0,AI,0,17,0.4,1.76,0.004156,0.02957,0,1,0,25,11
A2-60_1000_1-8,27,27,0.012089,OPT,116,0,0,AI,0,17,0.666667,1.33333,0.002191,0.006966,0,2,0,11,6
A2-60_1000_1-9,28,28,3.7e-05,OPT,0,0,0,AI,0,17,1,1,0,0.000421997,0,1,0,0,0
A2-60_1000_200-1,30,30,0.011385,OPT,178,0,0,AI,0,7,1,1,0.003279,0.005255,0,1,0,13,9
A2-60_1000_200-10,30,30,0.010511,OPT,164,0,0,AI,0,7,1,1,0.002819,0.005227,0,1,0,12,7
A2-60_1000_200-2,30,30,0.037715,OPT,171,0,0,AI,0,8,1,1,0.004622,0.028629,0,1,0,13,9
A2-60_1000_200-3,30,30,0.007394,OPT,139,0,0,AI,0,8,1,1,0.002222,0.003713,0,1,0,8,6
A2-60_1000_200-4,30,30,0.008214,OPT,137,0,0,AI,0,7,1,1,0.002568,0.003936,0,1,0,9,7
A2-60_1000_200-5,30,30,0.010408,OPT,168,0,0,AI,0,7,1,1,0.003035,0.004952,0,1,0,12,8
A2-60_1000_200-6,30,30,0.010759,OPT,162,0,0,AI,0,7,1,1,0.002855,0.005294,0,1,0,12,7
A2-60_1000_200-7,29,29.3333,0.014275,OPT,141,0,0,AI,0,8,0.655172,1.37931,0.003597,0.007364,0,1,0,18,10
A2-60_1000_200-8,30,30,0.011372,OPT,141,0,0,AI,0,7,1,1,0.003259,0.005754,0,1,0,11,7
A2-60_1000_200-9,30,30,0.015261,OPT,162,0,0,AI,0,7,1,1,0.00405,0.007704,0,1,0,14,9
A2-60_1000_500-1,30,30,0.008502,OPT,143,0,0,AI,0,3,1,1,0.002336,0.004249,0,1,0,10,6
A2-60_1000_500-10,30,30,0.009064,OPT,158,0,0,AI,0,3,1,1,0.002672,0.004325,0,1,0,11,8
A2-60_1000_500-2,30,30,0.007133,OPT,125,0,0,AI,0,3,1,1,0.002592,0.003257,0,1,0,8,7
A2-60_1000_500-3,30,30,0.009567,OPT,162,0,0,AI,0,3,1,1,0.002746,0.004513,0,1,0,12,8
A2-60_1000_500-4,30,30,0.009629,OPT,147,0,0,AI,0,3,1,1,0.00274,0.00464,0,1,0,12,7
A2-60_1000_500-5,30,30,0.00947,OPT,131,0,0,AI,0,3,1,1,0.002601,0.004742,0,1,0,10,7
A2-60_1000_500-6,30,30,0.008071,OPT,136,0,0,AI,0,3,1,1,0.002812,0.003588,0,1,0,9,8
A2-60_1000_500-7,30,30,0.00899,OPT,180,0,0,AI,0,3,1,1,0.00283,0.004526,0,1,0,10,8
A2-60_1000_500-8,30,30,0.007949,OPT,134,0,0,AI,0,3,1,1,0.002595,0.003902,0,1,0,9,7
A2-60_1000_500-9,30,30,0.012423,OPT,189,0,0,AI,0,3,1,1,0.003371,0.005652,0,1,0,14,9
A2-60_1200_1-1,23,23,2.6e-05,OPT,0,0,0,AI,0,15,1,1,0,0.000378001,0,1,0,0,0
A2-60_1200_1-10,23,23.8979,0.038795,OPT,150,0,0,AI,0,17,0.26087,2.26087,0.005043,0.028958,0,1,0,19,11
A2-60_1200_1-2,24,24,2.8e-05,OPT,0,0,0,AI,0,13,1,1,0,0.000384003,0,1,0,0,0
A2-60_1200_1-3,22,22,2.5e-05,OPT,0,0,0,AI,0,17,1,1,0,0.000351001,0,1,0,0,0
A2-60_1200_1-4,23,23,2.9e-05,OPT,0,0,0,AI,0,16,1,1,0,0.000580002,0,1,0,0,0
A2-60_1200_1-5,25,25.1667,0.025529,OPT,209,0,0,AI,0,16,0.48,1.72,0.005208,0.014451,0,1,0,24,10
A2-60_1200_1-6,25,25.5,0.018805,OPT,155,0,0,AI,0,16,0.76,1.28,0.004716,0.00972,0,1,0,21,11
A2-60_1200_1-7,22,22,2.6e-05,OPT,0,0,0,AI,0,17,1,1,0,0.000350997,0,1,0,0,0
A2-60_1200_1-8,23,23.9131,0.017511,OPT,126,0,0,AI,0,19,0.347826,2.21739,0.003785,0.00988,0,1,0,19,9
A2-60_1200_1-9,22,22.0089,0.030105,OPT,150,0,0,AI,0,21,0.227273,2.31818,0.003075,0.020868,0,2,0,16,5
A2-60_1200_200-1,29,29.5,0.009937,OPT,127,0,0,AI,0,8,0.862069,1.17241,0.003431,0.004356,0,1,0,12,8
A2-60_1200_200-10,28,28.75,0.010324,OPT,101,0,0,AI,0,8,0.571429,1.5,0.003458,0.005407,0,1,0,13,8
A2-60_1200_200-2,29,29.25,0.039789,OPT,154,0,0,AI,0,8,0.862069,1.17241,0.005896,0.029715,0,1,0,18,11
A2-60_1200_200-3,28,28,0.040266,OPT,145,0,0,AI,0,9,0.607143,1.42857,0.006128,0.029546,0,1,0,20,12
A2-60_1200_200-4,28,28.25,0.017306,OPT,121,0,0,AI,0,8,0.821429,1.25,0.004873,0.008224,0,1,0,21,11
A2-60_1200_200-5,28,28.6667,0.015887,OPT,142,0,0,AI,0,9,0.821429,1.25,0.004464,0.008223,0,1,0,16,11
A2-60_1200_200-6,30,30,0.008854,OPT,90,0,0,AI,0,8,1,1,0.002975,0.00425,0,1,0,11,7
A2-60_1200_200-7,28,28.8,0.012368,OPT,139,0,0,AI,0,9,0.75,1.35714,0.003499,0.006347,0,1,0,14,8
A2-60_1200_200-8,28,28,3e-05,OPT,0,0,0,AI,0,8,1,1,0,0.000344001,0,1,0,0,0
A2-60_1200_200-9,29,29.5,0.008409,OPT,96,0,0,AI,0,8,0.965517,1.06897,0.002588,0.004277,0,1,0,12,6
A2-60_1200_500-1,30,30,0.014006,OPT,203,0,0,AI,0,4,1,1,0.004073,0.006028,0,1,0,16,10
A2-60_1200_500-10,30,30,0.035378,OPT,197,0,0,AI,0,4,1,1,0.004732,0.026193,0,1,0,15,9
A2-60_1200_500-2,30,30,0.012668,OPT,202,0,0,AI,0,4,1,1,0.003932,0.00533,0,1,0,14,9
A2-60_1200_500-3,30,30,0.013295,OPT,159,0,0,AI,0,4,1,1,0.004162,0.005986,0,1,0,15,10
A2-60_1200_500-4,30,30,0.011139,OPT,180,0,0,AI,0,4,1,1,0.003598,0.004928,0,1,0,12,9
A2-60_1200_500-5,30,30,0.015079,OPT,209,0,0,AI,0,4,1,1,0.004769,0.006537,0,1,0,16,11
A2-60_1200_500-6,30,30,0.010327,OPT,140,0,0,AI,0,4,1,1,0.003235,0.004767,0,1,0,12,8
A2-60_1200_500-7,30,30,0.01143,OPT,174,0,0,AI,0,4,1,1,0.003543,0.005242,0,1,0,12,8
A2-60_1200_500-8,30,30,0.035517,OPT,150,0,0,AI,0,4,1,1,0.004701,0.027076,0,1,0,14,9
A2-60_1200_500-9,30,30,0.013283,OPT,208,0,0,AI,0,4,1,1,0.004094,0.005651,0,1,0,16,10
A2-60_1500_1-1,19,19,2.7e-05,OPT,0,0,0,AI,0,19,1,1,0,0.000342999,0,1,0,0,0
A2-60_1500_1-10,18,18.0034,0.054433,OPT,128,0,0,AI,0,19,0.0555556,3,0.003857,0.043128,0,2,0,18,5
A2-60_1500_1-2,19,19,4.9e-05,OPT,0,0,0,AI,0,18,1,1,0,0.000669997,0,1,0,0,0
A2-60_1500_1-3,19,19,2.7e-05,OPT,0,0,0,AI,0,18,1,1,0,0.000348002,0,1,0,0,0
A2-60_1500_1-4,20,20.0393,0.026994,OPT,108,0,0,AI,0,19,0.2,2.7,0.002921,0.019627,0,2,0,12,4
A2-60_1500_1-5,20,20,4.4e-05,OPT,0,0,0,AI,0,19,1,1,0,0.000608999,0,1,0,0,0
A2-60_1500_1-6,18,18,2.6e-05,OPT,0,0,0,AI,0,21,1,1,0,0.000350997,0,1,0,0,0
A2-60_1500_1-7,20,20,3.1e-05,OPT,0,0,0,AI,0,17,1,1,0,0.000435997,0,1,0,0,0
A2-60_1500_1-8,20,20.0279,0.048794,OPT,204,0,0,AI,0,21,0.05,2.95,0.005405,0.034042,0,2,0,37,14
A2-60_1500_1-9,19,19.0667,0.041822,OPT,151,0,0,AI,0,20,0.105263,2.68421,0.004373,0.029306,0,2,0,29,11
A2-60_1500_200-1,25,25,2.7e-05,OPT,0,0,0,AI,0,9,1,1,0,0.000344999,0,1,0,0,0
A2-60_1500_200-10,24,24,2.8e-05,OPT,0,0,0,AI,0,10,1,1,0,0.000398997,0,1,0,0,0
A2-60_1500_200-2,24,24,2.6e-05,OPT,0,0,0,AI,0,10,1,1,0,0.000542,0,1,0,0,0
A2-60_1500_200-3,23,23,2.6e-05,OPT,0,0,0,AI,0,10,1,1,0,0.000348002,0,1,0,0,0
A2-60_1500_200-4,24,24.1667,0.008316,OPT,109,0,0,AI,0,11,0.333333,1.79167,0.002245,0.004672,0,1,0,6,3
A2-60_1500_200-5,25,25.25,0.035461,OPT,93,0,0,AI,0,10,0.44,1.68,0.004695,0.028395,0,1,0,9,4
A2-60_1500_200-6,23,23,2.8e-05,OPT,0,0,0,AI,0,11,1,1,0,0.000409998,0,1,0,0,0
A2-60_1500_200-7,23,23,0.01244,OPT,104,0,0,AI,0,10,1,1,0.003131,0.007714,0,1,0,8,3
A2-60_1500_200-8,22,22.0305,0.015702,OPT,79,0,0,AI,0,11,0.136364,2.5,0.001985,0.011046,0,2,0,5,2
A2-60_1500_200-9,24,24,0.054126,OPT,100,0,0,AI,0,11,0.875,1.125,0.003128,0.048087,0,1,0,9,3
A2-60_1500_500-1,29,29.5,0.011727,OPT,172,0,0,AI,0,5,0.862069,1.17241,0.004283,0.005205,0,1,0,12,8
A2-60_1500_500-10,29,29,4.4e-05,OPT,0,0,0,AI,0,5,1,1,0,0.000651002,0,1,0,0,0
A2-60_1500_500-2,29,29,0.011775,OPT,144,0,0,AI,0,5,1,1,0.004737,0.005074,0,1,0,13,9
A2-60_1500_500-3,28,28.8333,0.012732,OPT,138,0,0,AI,0,5,0.678571,1.46429,0.00407,0.006108,0,1,0,16,8
A2-60_1500_500-4,28,28,2.6e-05,OPT,0,0,0,AI,0,5,1,1,0,0.000348002,0,1,0,0,0
A2-60_1500_500-5,27,27.6667,0.016938,OPT,130,0,0,AI,0,5,0.814815,1.25926,0.004773,0.008989,0,1,0,20,8
A2-60_1500_500-6,28,28.8333,0.017912,OPT,174,0,0,AI,0,5,0.678571,1.42857,0.005489,0.008449,0,1,0,24,10
A2-60_1500_500-7,29,29,2.6e-05,OPT,0,0,0,AI,0,5,1,1,0,0.000567999,0,1,0,0,0
A2-60_1500_500-8,28,28.3333,0.03031,OPT,107,0,0,AI,0,5,0.928571,1.10714,0.005012,0.023089,0,1,0,14,8
A2-60_1500_500-9,29,29.3333,0.010557,OPT,130,0,0,AI,0,5,0.931034,1.06897,0.004362,0.004637,0,1,0,12,9
A2-60_2000_1-1,16,16,4.4e-05,OPT,0,0,0,AI,0,19,1,1,0,0.000583,0,1,0,0,0
A2-60_2000_1-10,16,16.0188,0.028792,OPT,98,0,0,AI,0,20,0.0625,3.5,0.003892,0.020307,0,2,0,15,4
A2-60_2000_1-2,12,12,3.7e-05,OPT,0,0,0,AI,0,25,1,1,0,0.000335,0,1,0,0,0
A2-60_2000_1-3,14,14,2.6e-05,OPT,0,0,0,AI,0,22,1,1,0,0.000328001,0,1,0,0,0
A2-60_2000_1-4,15,15,3.1e-05,OPT,0,0,0,AI,0,21,1,1,0,0.000421997,0,1,0,0,0
A2-60_2000_1-5,13,13,2.6e-05,OPT,0,0,0,AI,0,23,1,1,0,0.000333,0,1,0,0,0
A2-60_2000_1-6,16,16,4.3e-05,OPT,0,0,0,AI,0,18,1,1,0,0.000581998,0,1,0,0,0
A2-60_2000_1-7,14,14,2.6e-05,OPT,0,0,0,AI,0,20,1,1,0,0.000331003,0,1,0,0,0
A2-60_2000_1-8,16,16,2.6e-05,OPT,0,0,0,AI,0,16,1,1,0,0.000638999,0,1,0,0,0
A2-60_2000_1-9,14,14.0012,0.044001,OPT,154,0,0,AI,0,23,0,4.14286,0.006107,0.030299,0,2,0,26,8
A2-60_2000_200-1,17,17,3.4e-05,OPT,0,0,0,AI,0,14,1,1,0,0.000349,0,1,0,0,0
A2-60_2000_200-10,17,17.0601,0.016639,OPT,110,0,0,AI,0,15,0.117647,2.88235,0.003518,0.010185,0,2,0,9,3
A2-60_2000_200-2,19,19.045,0.03917,OPT,122,0,0,AI,0,13,0.0526316,2.94737,0.003805,0.028279,0,2,0,13,4
A2-60_2000_200-3,17,17.0244,0.033341,OPT,120,0,0,AI,0,14,0.117647,3,0.004554,0.022589,0,2,0,20,6
A2-60_2000_200-4,19,19.0537,0.037289,OPT,182,0,0,AI,0,12,0,2.89474,0.006095,0.024039,0,2,0,22,7
A2-60_2000_200-5,18,18.0423,0.009632,OPT,75,0,0,AI,0,13,0,3.05556,0.002588,0.005943,0,1,0,5,2
A2-60_2000_200-6,18,18.0853,0.010141,OPT,80,0,0,AI,0,13,0,3.16667,0.0027,0.006295,0,1,0,5,2
A2-60_2000_200-7,17,17,3.1e-05,OPT,0,0,0,AI,0,13,1,1,0,0.000414003,0,1,0,0,0
A2-60_2000_200-8,17,17,2.6e-05,OPT,0,0,0,AI,0,14,1,1,0,0.000372,0,1,0,0,0
A2-60_2000_200-9,17,17,2.6e-05,OPT,0,0,0,AI,0,13,1,1,0,0.000343002,0,1,0,0,0
A2-60_2000_500-1,20,20,0.050365,OPT,303,0,0,AI,0,7,1,1,0.012061,0.025122,0,1,0,43,17
A2-60_2000_500-10,20,20,0.04997,OPT,329,0,0,AI,0,7,1,1,0.013235,0.023942,0,1,0,45,19
A2-60_2000_500-2,20,20,0.041659,OPT,310,0,0,AI,0,7,0,2.75,0.008987,0.022721,0,1,0,34,12
A2-60_2000_500-3,20,20,0.057378,OPT,398,0,0,AI,0,7,0,2.75,0.013977,0.027691,0,1,0,47,19
A2-60_2000_500-4,20,20,0.047007,OPT,287,0,0,AI,0,7,0.65,1.55,0.014066,0.021101,0,1,0,44,18
A2-60_2000_500-5,20,20,0.104055,OPT,350,0,0,AI,0,7,1,1,0.016492,0.068275,0,1,0,48,21
A2-60_2000_500-6,20,20,0.046311,OPT,309,0,0,AI,0,7,1,1,0.012286,0.020658,0,1,0,43,17
A2-60_2000_500-7,20,20,0.065688,OPT,378,0,0,AI,0,7,1,1,0.014708,0.031408,0,1,0,55,21
A2-60_2000_500-8,20,20,0.050133,OPT,344,0,0,AI,0,7,1,1,0.013769,0.023031,0,1,0,43,20
A2-60_2000_500-9,20,20,0.059981,OPT,346,0,0,AI,0,7,0.15,2.55,0.014158,0.028698,0,1,0,51,20
A2-60_3000_1-1,10,10,2.6e-05,OPT,0,0,0,AI,0,26,1,1,0,0.000333,0,1,0,0,0
A2-60_3000_1-10,9,9,2.6e-05,OPT,0,0,0,AI,0,29,1,1,0,0.000337001,0,1,0,0,0
A2-60_3000_1-2,10,10,3.6e-05,OPT,0,0,0,AI,0,26,1,1,0,0.000450999,0,1,0,0,0
A2-60_3000_1-3,11,11,3.6e-05,OPT,0,0,0,AI,0,21,1,1,0,0.000457,0,1,0,0,0
A2-60_3000_1-4,9,9,2.9e-05,OPT,0,0,0,AI,0,28,1,1,0,0.000388999,0,1,0,0,0
A2-60_3000_1-5,10,10.0003,0.051647,OPT,129,0,0,AI,0,26,0,5.3,0.008634,0.033855,0,2,0,37,9
A2-60_3000_1-6,9,9,3.8e-05,OPT,0,0,0,AI,0,25,1,1,0,0.000652,0,1,0,0,0
A2-60_3000_1-7,9,9,2.7e-05,OPT,0,0,0,AI,0,28,1,1,0,0.000335999,0,1,0,0,0
A2-60_3000_1-8,10,10,2.9e-05,OPT,0,0,0,AI,0,26,1,1,0,0.000630997,0,1,0,0,0
A2-60_3000_1-9,11,11,4e-05,OPT,0,0,0,AI,0,22,1,1,0,0.000540998,0,1,0,0,0
A2-60_3000_200-1,12,12,2.6e-05,OPT,0,0,0,AI,0,16,1,1,0,0.00034,0,1,0,0,0
A2-60_3000_200-10,12,12,2.5e-05,OPT,0,0,0,AI,0,17,1,1,0,0.000429999,0,1,0,0,0
A2-60_3000_200-2,11,11,2.7e-05,OPT,0,0,0,AI,0,18,1,1,0,0.000345998,0,1,0,0,0
A2-60_3000_200-3,11,11,2.6e-05,OPT,0,0,0,AI,0,17,1,1,0,0.000335999,0,1,0,0,0
A2-60_3000_200-4,11,11,4.4e-05,OPT,0,0,0,AI,0,18,1,1,0,0.000585999,0,1,0,0,0
A2-60_3000_200-5,12,12.0034,0.070139,OPT,184,0,0,AI,0,19,0,4.83333,0.010594,0.047258,0,2,0,43,11
A2-60_3000_200-6,12,12,4.3e-05,OPT,0,0,0,AI,0,16,1,1,0,0.000560001,0,1,0,0,0
A2-60_3000_200-7,12,12.0597,0.018306,OPT,82,0,0,AI,0,16,0,4.66667,0.004864,0.011615,0,1,0,8,3
A2-60_3000_200-8,12,12,2.6e-05,OPT,0,0,0,AI,0,17,1,1,0,0.000335999,0,1,0,0,0
A2-60_3000_200-9,11,11,3.1e-05,OPT,0,0,0,AI,0,17,1,1,0,0.000404,0,1,0,0,0
A2-60_3000_500-1,15,15,0.065586,OPT,258,0,0,AI,0,10,0,3.6,0.010805,0.041824,0,2,0,42,13
A2-60_3000_500-10,15,15,0.02527,OPT,115,0,0,AI,0,10,0,3.53333,0.005693,0.015533,0,2,0,12,4
A2-60_3000_500-2,14,14.0345,0.060199,OPT,123,0,0,AI,0,11,0,3.85714,0.00684,0.046769,0,2,0,19,5
A2-60_3000_500-3,15,15,0.065525,OPT,302,0,0,AI,0,10,0.0666667,3,0.01197,0.03846,0,2,0,47,15
A2-60_3000_500-4,14,14.0995,0.029704,OPT,121,0,0,AI,0,11,0,3.64286,0.006641,0.018287,0,2,0,17,5
A2-60_3000_500-5,15,15,0.065064,OPT,262,0,0,AI,0,10,0,3.73333,0.011555,0.039943,0,2,0,37,11
A2-60_3000_500-6,15,15,0.051685,OPT,211,0,0,AI,0,10,0.0666667,3.4,0.009032,0.032576,0,2,0,29,8
A2-60_3000_500-7,14,14,3.1e-05,OPT,0,0,0,AI,0,10,1,1,0,0.000452001,0,1,0,0,0
A2-60_3000_500-8,15,15,0.083707,OPT,304,0,0,AI,0,10,0,3.93333,0.013913,0.052226,0,2,0,55,16
A2-60_3000_500-9,14,14.048,0.029866,OPT,103,0,0,AI,0,11,0.0714286,3.64286,0.005948,0.019401,0,2,0,15,4
A2-60_4000_1-1,6,6,3.7e-05,OPT,0,0,0,AI,0,37,1,1,0,0.000481997,0,1,0,0,0
A2-60_4000_1-10,7,7,3.1e-05,OPT,0,0,0,AI,0,29,1,1,0,0.000376001,0,1,0,0,0
A2-60_4000_1-2,6,6,2.5e-05,OPT,0,0,0,AI,0,34,1,1,0,0.000325996,0,1,0,0,0
A2-60_4000_1-3,8,8,2.6e-05,OPT,0,0,0,AI,0,28,1,1,0,0.000342,0,1,0,0,0
A2-60_4000_1-4,9,9,3e-05,OPT,0,0,0,AI,0,25,1,1,0,0.000398003,0,1,0,0,0
A2-60_4000_1-5,7,7,2.5e-05,OPT,0,0,0,AI,0,31,1,1,0,0.000324,0,1,0,0,0
A2-60_4000_1-6,6,6,4.2e-05,OPT,0,0,0,AI,0,32,1,1,0,0.000546999,0,1,0,0,0
A2-60_4000_1-7,7,7,2.6e-05,OPT,0,0,0,AI,0,28,1,1,0,0.000317,0,1,0,0,0
A2-60_4000_1-8,6,6,2.6e-05,OPT,0,0,0,AI,0,33,1,1,0,0.000340998,0,1,0,0,0
A2-60_4000_1-9,6,6,3e-05,OPT,0,0,0,AI,0,32,1,1,0,0.000335999,0,1,0,0,0
A2-60_4000_200-1,8,8,3.2e-05,OPT,0,0,0,AI,0,24,1,1,0,0.000421997,0,1,0,0,0
A2-60_4000_200-10,9,9,3.4e-05,OPT,0,0,0,AI,0,22,1,1,0,0.000448,0,1,0,0,0
A2-60_4000_200-2,9,9.0003,0.049306,OPT,129,0,0,AI,0,22,0,6.44444,0.010953,0.031235,0,2,0,28,8
A2-60_4000_200-3,9,9,3e-05,OPT,0,0,0,AI,0,21,1,1,0,0.000390001,0,1,0,0,0
A2-60_4000_200-4,9,9,2.6e-05,OPT,0,0,0,AI,0,23,1,1,0,0.000351999,0,1,0,0,0
A2-60_4000_200-5,9,9,2.6e-05,OPT,0,0,0,AI,0,20,1,1,0,0.000321999,0,1,0,0,0
A2-60_4000_200-6,9,9.00116,0.15884,OPT,187,0,0,AI,0,21,0,6.11111,0.016192,0.126052,0,2,0,55,13
A2-60_4000_200-7,9,9,2.7e-05,OPT,0,0,0,AI,0,22,1,1,0,0.000342,0,1,0,0,0
A2-60_4000_200-8,9,9,2.5e-05,OPT,0,0,0,AI,0,23,1,1,0,0.00034,0,1,0,0,0
A2-60_4000_200-9,8,8,2.6e-05,OPT,0,0,0,AI,0,22,1,1,0,0.000342999,0,1,0,0,0
A2-60_4000_500-1,11,11.0649,0.037287,OPT,123,0,0,AI,0,14,0,4.90909,0.009362,0.023381,0,1,0,20,6
A2-60_4000_500-10,11,11.0542,0.079135,OPT,219,0,0,AI,0,14,0,5.27273,0.015339,0.051145,0,2,0,44,13
A2-60_4000_500-2,11,11.0041,0.13719,OPT,186,0,0,AI,0,14,0,4.81818,0.014319,0.109772,0,2,0,36,10
A2-60_4000_500-3,11,11.0761,0.027375,OPT,88,0,0,AI,0,13,0,4.90909,0.006684,0.017185,0,2,0,14,4
A2-60_4000_500-4,11,11,0.068655,OPT,201,0,0,AI,0,14,0,4.63636,0.013228,0.043954,0,2,0,46,14
A2-60_4000_500-5,11,11.0508,0.052137,OPT,147,0,0,AI,0,14,0,5.36364,0.010836,0.033312,0,2,0,29,8
A2-60_4000_500-6,11,11,2.6e-05,OPT,0,0,0,AI,0,13,1,1,0,0.00034,0,1,0,0,0
A2-60_4000_500-7,11,11.0252,0.043036,OPT,128,0,0,AI,0,14,0,4.90909,0.010282,0.026697,0,2,0,22,6
A2-60_4000_500-8,11,11.0359,0.079045,OPT,222,0,0,AI,0,14,0,4.90909,0.014346,0.051327,0,2,0,58,16
A2-60_4000_500-9,11,11.0015,0.160597,OPT,357,0,0,AI,0,14,0,5,0.026337,0.108693,0,2,0,96,29
A2-60_5000_1-1,6,6,2.5e-05,OPT,0,0,0,AI,0,30,1,1,0,0.000321001,0,1,0,0,0
A2-60_5000_1-10,6,6,3.4e-05,OPT,0,0,0,AI,0,31,1,1,0,0.000319999,0,1,0,0,0
A2-60_5000_1-2,6,6,3.2e-05,OPT,0,0,0,AI,0,31,1,1,0,0.000407003,0,1,0,0,0
A2-60_5000_1-3,5,5,2.6e-05,OPT,0,0,0,AI,0,36,1,1,0,0.000338998,0,1,0,0,0
A2-60_5000_1-4,5,5,2.9e-05,OPT,0,0,0,AI,0,37,1,1,0,0.000389997,0,1,0,0,0
A2-60_5000_1-5,7,7,2.6e-05,OPT,0,0,0,AI,0,27,1,1,0,0.000487,0,1,0,0,0
A2-60_5000_1-6,5,5,2.5e-05,OPT,0,0,0,AI,0,34,1,1,0,0.000324,0,1,0,0,0
A2-60_5000_1-7,5,5,2.6e-05,OPT,0,0,0,AI,0,36,1,1,0,0.000330999,0,1,0,0,0
A2-60_5000_1-8,6,6,2.5e-05,OPT,0,0,0,AI,0,29,1,1,0,0.000328001,0,1,0,0,0
A2-60_5000_1-9,6,6,2.6e-05,OPT,0,0,0,AI,0,31,1,1,0,0.000314999,0,1,0,0,0
A2-60_5000_200-1,7,7,4.9e-05,OPT,0,0,0,AI,0,26,1,1,0,0.000482999,0,1,0,0,0
A2-60_5000_200-10,6,6,4.3e-05,OPT,0,0,0,AI,0,30,1,1,0,0.000556,0,1,0,0,0
A2-60_5000_200-2,7,7,2.5e-05,OPT,0,0,0,AI,0,27,1,1,0,0.000324003,0,1,0,0,0
A2-60_5000_200-3,6,6,2.5e-05,OPT,0,0,0,AI,0,27,1,1,0,0.000324998,0,1,0,0,0
A2-60_5000_200-4,6,6,3.1e-05,OPT,0,0,0,AI,0,28,1,1,0,0.000418,0,1,0,0,0
A2-60_5000_200-5,7,7,2.5e-05,OPT,0,0,0,AI,0,28,1,1,0,0.000312001,0,1,0,0,0
A2-60_5000_200-6,7,7,3.1e-05,OPT,0,0,0,AI,0,26,1,1,0,0.000452001,0,1,0,0,0
A2-60_5000_200-7,6,6,4.2e-05,OPT,0,0,0,AI,0,28,1,1,0,0.020554,0,1,0,0,0
A2-60_5000_200-8,6,6,3e-05,OPT,0,0,0,AI,0,28,1,1,0,0.000395,0,1,0,0,0
A2-60_5000_200-9,7,7,2.5e-05,OPT,0,0,0,AI,0,26,1,1,0,0.000323001,0,1,0,0,0
A2-60_5000_500-1,9,9.00276,0.185886,OPT,310,0,0,AI,0,16,0,6,0.032519,0.128503,0,2,0,115,31
A2-60_5000_500-10,9,9.00412,0.121881,OPT,256,0,0,AI,0,16,0,6,0.024118,0.07781,0,2,0,71,18
A2-60_5000_500-2,9,9.00291,0.115001,OPT,199,0,0,AI,0,17,0,5.88889,0.021594,0.077623,0,2,0,69,19
A2-60_5000_500-3,9,9.04959,0.06652,OPT,142,0,0,AI,0,16,0,6.22222,0.015108,0.042269,0,2,0,37,9
A2-60_5000_500-4,9,9.00549,0.117957,OPT,238,0,0,AI,0,17,0,6.44444,0.024198,0.076751,0,2,0,61,16
A2-60_5000_500-5,9,9.03057,0.131718,OPT,265,0,0,AI,0,17,0,6,0.025873,0.087689,0,2,0,87,24
A2-60_5000_500-6,8,8,4.2e-05,OPT,0,0,0,AI,0,17,1,1,0,0.000586998,0,1,0,0,0
A2-60_5000_500-7,8,8,2.8e-05,OPT,0,0,0,AI,0,17,1,1,0,0.000384998,0,1,0,0,0
A2-60_5000_500-8,9,9.04047,0.103469,OPT,239,0,0,AI,0,16,0,6.22222,0.024798,0.061513,0,2,0,93,29
A2-60_5000_500-9,8,8,2.5e-05,OPT,0,0,0,AI,0,17,1,1,0,0.000365,0,1,0,0,0
A2-80_1000_1-1,39,39.25,0.016232,OPT,206,0,0,AI,0,15,0.871795,1.12821,0.004725,0.007559,0,1,0,16,10
A2-80_1000_1-10,37,37.5417,0.023909,OPT,192,0,0,AI,0,19,0.567568,1.56757,0.005252,0.013014,0,1,0,23,11
A2-80_1000_1-2,39,39.25,0.021065,OPT,236,0,0,AI,0,16,0.820513,1.20513,0.005909,0.009914,0,1,0,20,13
A2-80_1000_1-3,37,37.7222,0.013423,OPT,131,0,0,AI,0,18,0.72973,1.37838,0.003994,0.006832,0,1,0,14,8
A2-80_1000_1-4,37,37.3056,0.021795,OPT,189,0,0,AI,0,18,0.675676,1.43243,0.005631,0.011565,0,1,0,21,12
A2-80_1000_1-5,38,38.6875,0.02142,OPT,253,0,0,AI,0,17,0.736842,1.36842,0.005688,0.009963,0,1,0,20,10
A2-80_1000_1-6,39,39,0.016665,OPT,207,0,0,AI,0,16,0.846154,1.15385,0.004936,0.007783,0,1,0,15,10
A2-80_1000_1-7,40,40,0.011839,OPT,150,0,0,AI,0,12,1,1,0.003764,0.005332,0,1,0,11,8
A2-80_1000_1-8,38,38.8,0.023226,OPT,276,0,0,AI,0,16,0.684211,1.42105,0.005621,0.010938,0,1,0,22,11
A2-80_1000_1-9,38,38.3333,0.015319,OPT,143,0,0,AI,0,18,0.710526,1.34211,0.004141,0.00794,0,1,0,14,8
A2-80_1000_200-1,40,40,0.01333,OPT,193,0,0,AI,0,7,1,1,0.003686,0.006345,0,1,0,13,8
A2-80_1000_200-10,40,40,0.01635,OPT,258,0,0,AI,0,8,1,1,0.004682,0.007523,0,1,0,13,9
A2-80_1000_200-2,40,40,0.020803,OPT,239,0,0,AI,0,7,1,1,0.005675,0.009376,0,1,0,19,13
A2-80_1000_200-3,40,40,0.014995,OPT,254,0,0,AI,0,7,1,1,0.004269,0.006791,0,1,0,13,9
A2-80_1000_200-4,40,40,0.0382,OPT,258,0,0,AI,0,8,1,1,0.005647,0.027165,0,1,0,13,10
A2-80_1000_200-5,40,40,0.032903,OPT,202,0,0,AI,0,7,1,1,0.005073,0.02392,0,1,0,13,10
A2-80_1000_200-6,40,40,0.015059,OPT,242,0,0,AI,0,7,1,1,0.004271,0.007296,0,1,0,12,8
A2-80_1000_200-7,40,40,0.014065,OPT,202,0,0,AI,0,8,1,1,0.00378,0.00671,0,1,0,14,8
A2-80_1000_200-8,40,40,0.013337,OPT,215,0,0,AI,0,8,1,1,0.004028,0.006232,0,1,0,11,8
A2-80_1000_200-9,40,40,0.015994,OPT,215,0,0,AI,0,8,1,1,0.004857,0.007524,0,1,0,13,8
A2-80_1000_500-1,40,40,0.014828,OPT,281,0,0,AI,0,3,1,1,0.00416,0.006603,0,1,0,14,9
A2-80_1000_500-10,40,40,0.012277,OPT,195,0,0,AI,0,3,1,1,0.003456,0.006122,0,1,0,12,7
A2-80_1000_500-2,40,40,0.014806,OPT,242,0,0,AI,0,3,1,1,0.00372,0.006746,0,1,0,16,8
A2-80_1000_500-3,40,40,0.011819,OPT,204,0,0,AI,0,3,1,1,0.003627,0.00554,0,1,0,10,7
A2-80_1000_500-4,40,40,0.013237,OPT,213,0,0,AI,0,3,1,1,0.003856,0.006127,0,1,0,12,8
A2-80_1000_500-5,40,40,0.013753,OPT,243,0,0,AI,0,3,1,1,0.004599,0.005962,0,1,0,11,10
A2-80_1000_500-6,40,40,0.010958,OPT,206,0,0,AI,0,3,1,1,0.003497,0.005201,0,1,0,9,7
A2-80_1000_500-7,40,40,0.015957,OPT,207,0,0,AI,0,3,1,1,0.004207,0.007414,0,1,0,17,8
A2-80_1000_500-8,40,40,0.013515,OPT,195,0,0,AI,0,3,1,1,0.004243,0.006156,0,1,0,12,8
A2-80_1000_500-9,40,40,0.011815,OPT,212,0,0,AI,0,3,1,1,0.003585,0.005599,0,1,0,10,7
A2-80_1200_1-1,33,33.0145,0.03366,OPT,248,0,0,AI,0,17,0.484848,1.78788,0.006874,0.018826,0,2,0,23,9
A2-80_1200_1-10,34,34.7143,0.05044,OPT,216,0,0,AI,0,18,0.588235,1.61765,0.007203,0.035402,0,1,0,25,12
A2-80_1200_1-2,32,32.0263,0.054805,OPT,280,0,0,AI,0,19,0.46875,1.75,0.006993,0.038684,0,1,0,26,11
A2-80_1200_1-3,34,34.05,0.060692,OPT,235,0,0,AI,0,18,0.529412,1.79412,0.005559,0.046137,0,2,0,18,8
A2-80_1200_1-4,32,32.0612,0.042483,OPT,254,0,0,AI,0,19,0.34375,2,0.005766,0.027364,0,2,0,19,8
A2-80_1200_1-5,33,33.92,0.02843,OPT,204,0,0,AI,0,16,0.333333,1.93939,0.006273,0.015673,0,1,0,24,11
A2-80_1200_1-6,33,33.8701,0.02581,OPT,173,0,0,AI,0,18,0.393939,1.93939,0.006056,0.01485,0,1,0,20,11
A2-80_1200_1-7,34,34,4e-05,OPT,0,0,0,AI,0,17,1,1,0,0.000705,0,1,0,0,0
A2-80_1200_1-8,31,31,2.7e-05,OPT,0,0,0,AI,0,18,1,1,0,0.000390999,0,1,0,0,0
A2-80_1200_1-9,28,28.0667,0.024208,OPT,88,0,0,AI,0,22,0.0357143,2.64286,0.002673,0.0179,0,2,0,6,3
A2-80_1200_200-1,37,37.4444,0.030375,OPT,275,0,0,AI,0,9,0.513514,1.62162,0.0082,0.015154,0,1,0,25,15
A2-80_1200_200-10,39,39.5,0.014939,OPT,193,0,0,AI,0,9,0.974359,1.05128,0.005449,0.00606,0,1,0,14,10
A2-80_1200_200-2,37,37.8,0.024929,OPT,222,0,0,AI,0,9,0.837838,1.24324,0.006701,0.011684,0,1,0,25,11
A2-80_1200_200-3,38,38.25,0.020915,OPT,221,0,0,AI,0,9,0.815789,1.26316,0.006007,0.010679,0,1,0,17,11
A2-80_1200_200-4,36,36.7941,0.028264,OPT,187,0,0,AI,0,9,0.722222,1.38889,0.006215,0.015704,0,1,0,26,12
A2-80_1200_200-5,37,37,0.021447,OPT,190,0,0,AI,0,10,0.810811,1.18919,0.006815,0.009726,0,1,0,18,10
A2-80_1200_200-6,39,39.5,0.010046,OPT,151,0,0,AI,0,9,0.974359,1.05128,0.00453,0.004384,0,1,0,7,5
A2-80_1200_200-7,39,39.25,0.01289,OPT,142,0,0,AI,0,9,0.794872,1.23077,0.00486,0.005439,0,1,0,12,8
A2-80_1200_200-8,37,37.9375,0.022283,OPT,228,0,0,AI,0,9,0.567568,1.54054,0.005613,0.011609,0,1,0,18,10
A2-80_1200_200-9,38,38.25,0.014918,OPT,146,0,0,AI,0,9,0.868421,1.15789,0.004753,0.006544,0,1,0,16,9
A2-80_1200_500-1,40,40,0.016612,OPT,274,0,0,AI,0,4,1,1,0.00527,0.006925,0,1,0,15,9
A2-80_1200_500-10,40,40,0.039146,OPT,239,0,0,AI,0,4,1,1,0.006571,0.027599,0,1,0,13,10
A2-80_1200_500-2,40,40,0.017667,OPT,247,0,0,AI,0,4,1,1,0.005243,0.007662,0,1,0,16,9
A2-80_1200_500-3,40,40,0.014806,OPT,241,0,0,AI,0,4,1,1,0.004591,0.006273,0,1,0,14,9
A2-80_1200_500-4,40,40,0.013748,OPT,213,0,0,AI,0,4,1,1,0.004345,0.006216,0,1,0,11,7
A2-80_1200_500-5,40,40,0.020234,OPT,291,0,0,AI,0,4,1,1,0.006562,0.008073,0,1,0,17,11
A2-80_1200_500-6,40,40,0.019951,OPT,293,0,0,AI,0,4,1,1,0.005635,0.008546,0,1,0,18,10
A2-80_1200_500-7,40,40,0.014298,OPT,216,0,0,AI,0,4,1,1,0.004315,0.006557,0,1,0,13,8
A2-80_1200_500-8,40,40,0.014047,OPT,239,0,0,AI,0,4,1,1,0.004591,0.005991,0,1,0,13,9
A2-80_1200_500-9,40,40,0.01978,OPT,303,0,0,AI,0,4,1,1,0.006382,0.007704,0,1,0,17,11
A2-80_1500_1-1,24,24,2.7e-05,OPT,0,0,0,AI,0,23,1,1,0,0.000360001,0,1,0,0,0
A2-80_1500_1-10,25,25.0118,0.054611,OPT,142,0,0,AI,0,24,0.08,3.04,0.004725,0.041454,0,2,0,16,5
A2-80_1500_1-2,27,27.0833,0.045538,OPT,181,0,0,AI,0,19,0.296296,2.22222,0.007045,0.029804,0,2,0,21,9
A2-80_1500_1-3,23,23,2.7e-05,OPT,0,0,0,AI,0,26,1,1,0,0.000372,0,1,0,0,0
A2-80_1500_1-4,26,26,2.7e-05,OPT,0,0,0,AI,0,23,1,1,0,0.000373002,0,1,0,0,0
A2-80_1500_1-5,27,27,3.7e-05,OPT,0,0,0,AI,0,21,1,1,0,0.000518002,0,1,0,0,0
A2-80_1500_1-6,25,25.0045,0.094839,OPT,208,0,0,AI,0,22,0.12,2.92,0.006617,0.07477,0,2,0,26,7
A2-80_1500_1-7,26,26.0948,0.051905,OPT,193,0,0,AI,0,23,0.192308,2.73077,0.00585,0.037376,0,2,0,20,7
A2-80_1500_1-8,25,25,2.6e-05,OPT,0,0,0,AI,0,22,1,1,0,0.000381,0,1,0,0,0
A2-80_1500_1-9,25,25.0201,0.078562,OPT,223,0,0,AI,0,21,0.04,3.04,0.007061,0.058297,0,2,0,36,11
A2-80_1500_200-1,31,31,0.020143,OPT,159,0,0,AI,0,11,0.83871,1.16129,0.00419,0.011599,0,2,0,10,4
A2-80_1500_200-10,31,31.04,0.036999,OPT,174,0,0,AI,0,11,0.322581,2,0.006193,0.023216,0,2,0,17,6
A2-80_1500_200-2,29,29.1753,0.045059,OPT,176,0,0,AI,0,11,0.344828,2.03448,0.006092,0.034495,0,1,0,15,6
A2-80_1500_200-3,32,32,0.011604,OPT,98,0,0,AI,0,10,1,1,0.002444,0.007269,0,1,0,6,2
A2-80_1500_200-4,31,31,0.034579,OPT,238,0,0,AI,0,12,0.451613,1.54839,0.005357,0.02044,0,2,0,20,6
A2-80_1500_200-5,31,31.9815,0.030924,OPT,191,0,0,AI,0,11,0.290323,2.19355,0.007834,0.016016,0,1,0,26,12
A2-80_1500_200-6,31,31.04,0.053326,OPT,256,0,0,AI,0,11,0.258065,2.22581,0.007924,0.033071,0,2,0,34,11
A2-80_1500_200-7,33,33.0818,0.035177,OPT,156,0,0,AI,0,10,0.242424,2.12121,0.004419,0.023035,0,2,0,15,5
A2-80_1500_200-8,31,31.875,0.040262,OPT,272,0,0,AI,0,11,0.354839,2.06452,0.00825,0.023336,0,1,0,28,13
A2-80_1500_200-9,32,32,2.6e-05,OPT,0,0,0,AI,0,11,1,1,0,0.000370998,0,1,0,0,0
A2-80_1500_500-1,39,39.5,0.012178,OPT,176,0,0,AI,0,5,0.74359,1.28205,0.005362,0.004611,0,1,0,11,7
A2-80_1500_500-10,38,38.8333,0.014574,OPT,227,0,0,AI,0,5,0.868421,1.18421,0.005786,0.005675,0,1,0,12,8
A2-80_1500_500-2,39,39.6667,0.039197,OPT,125,0,0,AI,0,5,0.974359,1.07692,0.008246,0.026551,0,1,0,19,11
A2-80_1500_500-3,39,39,2.7e-05,OPT,0,0,0,AI,0,5,1,1,0,0.000392001,0,1,0,0,0
A2-80_1500_500-4,39,39.3333,0.015616,OPT,135,0,0,AI,0,5,0.974359,1.07692,0.006276,0.006462,0,1,0,15,9
A2-80_1500_500-5,40,40,0.007465,OPT,97,0,0,AI,0,5,1,1,0.003207,0.003189,0,1,0,6,4
A2-80_1500_500-6,39,39,0.013091,OPT,150,0,0,AI,0,5,1,1,0.006111,0.004789,0,1,0,12,8
A2-80_1500_500-7,39,39.6667,0.015955,OPT,155,0,0,AI,0,5,0.948718,1.10256,0.005958,0.00599,0,1,0,15,9
A2-80_1500_500-8,39,39,2.7e-05,OPT,0,0,0,AI,0,5,1,1,0,0.000409003,0,1,0,0,0
A2-80_1500_500-9,39,39.1667,0.018909,OPT,117,0,0,AI,0,5,0.846154,1.17949,0.008459,0.02359,0,1,0,15,9
A2-80_2000_1-1,19,19,4.3e-05,OPT,0,0,0,AI,0,24,1,1,0,0.000673998,0,1,0,0,0
A2-80_2000_1-10,19,19.0464,0.022189,OPT,112,0,0,AI,0,25,0,3.89474,0.004364,0.015115,0,1,0,10,3
A2-80_2000_1-2,20,20,2.7e-05,OPT,0,0,0,AI,0,25,1,1,0,0.00037,0,1,0,0,0
A2-80_2000_1-3,19,19,2.6e-05,OPT,0,0,0,AI,0,25,1,1,0,0.000369001,0,1,0,0,0
A2-80_2000_1-4,19,19,2.7e-05,OPT,0,0,0,AI,0,26,1,1,0,0.000358999,0,1,0,0,0
A2-80_2000_1-5,20,20,3.3e-05,OPT,0,0,0,AI,0,22,1,1,0,0.000477999,0,1,0,0,0
A2-80_2000_1-6,19,19,2.6e-05,OPT,0,0,0,AI,0,24,1,1,0,0.00037,0,1,0,0,0
A2-80_2000_1-7,18,18,3.7e-05,OPT,0,0,0,AI,0,26,1,1,0,0.000516001,0,1,0,0,0
A2-80_2000_1-8,20,20.0019,0.081263,OPT,203,0,0,AI,0,26,0.05,3.75,0.008257,0.05989,0,2,0,31,8
A2-80_2000_1-9,19,19,3.9e-05,OPT,0,0,0,AI,0,29,1,1,0,0.000517003,0,1,0,0,0
A2-80_2000_200-1,22,22,4e-05,OPT,0,0,0,AI,0,15,1,1,0,0.000576999,0,1,0,0,0
A2-80_2000_200-10,25,25.0073,0.091817,OPT,267,0,0,AI,0,14,0,2.96,0.007745,0.068834,0,2,0,23,7
A2-80_2000_200-2,23,23,2.6e-05,OPT,0,0,0,AI,0,14,1,1,0,0.000376999,0,1,0,0,0
A2-80_2000_200-3,25,25.0755,0.031832,OPT,168,0,0,AI,0,13,0.16,2.64,0.005439,0.020727,0,2,0,13,4
A2-80_2000_200-4,25,25.0309,0.051768,OPT,134,0,0,AI,0,15,0,2.96,0.005277,0.038511,0,2,0,12,3
A2-80_2000_200-5,23,23.0609,0.030276,OPT,94,0,0,AI,0,15,0,3.34783,0.003734,0.02225,0,2,0,7,2
A2-80_2000_200-6,23,23,4.1e-05,OPT,0,0,0,AI,0,15,1,1,0,0.000523001,0,1,0,0,0
A2-80_2000_200-7,23,23.0796,0.013347,OPT,72,0,0,AI,0,14,0.0434783,3.17391,0.003168,0.008544,0,1,0,7,2
A2-80_2000_200-8,25,25.0257,0.071025,OPT,224,0,0,AI,0,13,0.04,2.84,0.00599,0.052634,0,2,0,22,6
A2-80_2000_200-9,23,23.0227,0.048005,OPT,153,0,0,AI,0,14,0.0434783,2.91304,0.005655,0.034373,0,2,0,20,6
A2-80_2000_500-1,26,26.6667,0.125919,OPT,563,0,0,AI,0,7,0.576923,1.76923,0.027448,0.068603,0,1,0,63,29
A2-80_2000_500-10,26,26.6667,0.106314,OPT,576,0,0,AI,0,7,0.192308,2.57692,0.021516,0.053188,0,1,0,65,23
A2-80_2000_500-2,26,26.6667,0.102451,OPT,577,0,0,AI,0,7,0.0384615,2.76923,0.020611,0.050131,0,1,0,64,21
A2-80_2000_500-3,26,26.6667,0.097935,OPT,599,0,0,AI,0,7,0.423077,2,0.025007,0.042256,0,1,0,64,26
A2-80_2000_500-4,26,26.6667,0.11153,OPT,638,0,0,AI,0,7,0.230769,2.38462,0.025099,0.051204,0,1,0,70,27
A2-80_2000_500-5,26,26.6667,0.088173,OPT,504,0,0,AI,0,7,0.461538,1.92308,0.022381,0.042403,0,1,0,54,22
A2-80_2000_500-6,26,26.6667,0.13384,OPT,525,0,0,AI,0,7,0.269231,2.26923,0.026124,0.074531,0,1,0,70,24
A2-80_2000_500-7,26,26.6667,0.146628,OPT,539,0,0,AI,0,7,0.846154,1.23077,0.02713,0.086377,0,1,0,68,27
A2-80_2000_500-8,26,26.6667,0.119406,OPT,527,0,0,AI,0,7,0.153846,2.61538,0.022983,0.067925,0,1,0,61,24
A2-80_2000_500-9,26,26.6667,0.123596,OPT,728,0,0,AI,0,7,0.5,1.76923,0.025169,0.057466,0,1,0,79,27
A2-80_3000_1-1,12,12,5.9e-05,OPT,0,0,0,AI,0,33,1,1,0,0.00065,0,1,0,0,0
A2-80_3000_1-10,13,13,5.3e-05,OPT,0,0,0,AI,0,29,1,1,0,0.000484001,0,1,0,0,0
A2-80_3000_1-2,13,13,2.7e-05,OPT,0,0,0,AI,0,30,1,1,0,0.000404999,0,1,0,0,0
A2-80_3000_1-3,12,12,2.6e-05,OPT,0,0,0,AI,0,35,1,1,0,0.000358,0,1,0,0,0
A2-80_3000_1-4,12,12,4e-05,OPT,0,0,0,AI,0,34,1,1,0,0.000501998,0,1,0,0,0
A2-80_3000_1-5,13,13,2.3e-05,OPT,0,0,0,AI,0,30,1,1,0,0.000661999,0,1,0,0,0
A2-80_3000_1-6,13,13,2.7e-05,OPT,0,0,0,AI,0,32,1,1,0,0.000369001,0,1,0,0,0
A2-80_3000_1-7,12,12,3.2e-05,OPT,0,0,0,AI,0,29,1,1,0,0.000424001,0,1,0,0,0
A2-80_3000_1-8,13,13,3.2e-05,OPT,0,0,0,AI,0,29,1,1,0,0.000379998,0,1,0,0,0
A2-80_3000_1-9,12,12,2.7e-05,OPT,0,0,0,AI,0,33,1,1,0,0.000401001,0,1,0,0,0
A2-80_3000_200-1,16,16.007,0.132742,OPT,152,0,0,AI,0,18,0,4.625,0.011835,0.112894,0,2,0,18,6
A2-80_3000_200-10,17,17.0108,0.050178,OPT,173,0,0,AI,0,17,0,4.11765,0.007624,0.034349,0,2,0,25,7
A2-80_3000_200-2,16,16,2.6e-05,OPT,0,0,0,AI,0,19,1,1,0,0.000379,0,1,0,0,0
A2-80_3000_200-3,16,16,3.2e-05,OPT,0,0,0,AI,0,19,1,1,0,0.000379998,0,1,0,0,0
A2-80_3000_200-4,16,16.0059,0.077095,OPT,204,0,0,AI,0,20,0,4.4375,0.010668,0.054506,0,2,0,40,11
A2-80_3000_200-5,16,16,2.6e-05,OPT,0,0,0,AI,0,18,1,1,0,0.000351001,0,1,0,0,0
A2-80_3000_200-6,16,16.033,0.204241,OPT,212,0,0,AI,0,19,0.0625,4.3125,0.014782,0.172817,0,2,0,40,11
A2-80_3000_200-7,16,16,4.5e-05,OPT,0,0,0,AI,0,20,1,1,0,0.000603002,0,1,0,0,0
A2-80_3000_200-8,15,15,3.3e-05,OPT,0,0,0,AI,0,19,1,1,0,0.000457998,0,1,0,0,0
A2-80_3000_200-9,14,14,2.5e-05,OPT,0,0,0,AI,0,21,1,1,0,0.000342999,0,1,0,0,0
A2-80_3000_500-1,19,19.1171,0.085609,OPT,266,0,0,AI,0,11,0,3.84211,0.013353,0.05695,0,2,0,35,9
A2-80_3000_500-10,19,19.02,0.076012,OPT,240,0,0,AI,0,11,0.157895,3.31579,0.012369,0.051727,0,2,0,26,7
A2-80_3000_500-2,20,20,0.165027,OPT,417,0,0,AI,0,11,0.05,3.35,0.019378,0.113588,0,2,0,51,14
A2-80_3000_500-3,20,20,0.081159,OPT,283,0,0,AI,0,11,0.1,3.3,0.013146,0.053241,0,2,0,35,11
A2-80_3000_500-4,20,20,0.109288,OPT,376,0,0,AI,0,11,0,3.5,0.017161,0.071103,0,2,0,51,15
A2-80_3000_500-5,19,19.0118,0.055632,OPT,178,0,0,AI,0,11,0,3.26316,0.009598,0.037311,0,2,0,20,6
A2-80_3000_500-6,20,20,0.185763,OPT,542,0,0,AI,0,11,0.05,3.6,0.026245,0.125381,0,2,0,70,18
A2-80_3000_500-7,20,20,0.168293,OPT,503,0,0,AI,0,11,0.1,3.4,0.020528,0.114614,0,2,0,50,14
A2-80_3000_500-8,20,20,0.149523,OPT,413,0,0,AI,0,11,0,3.8,0.018971,0.104424,0,2,0,42,11
A2-80_3000_500-9,19,19.0416,0.104499,OPT,225,0,0,AI,0,11,0,3.42105,0.014122,0.076215,0,2,0,38,12
A2-80_4000_1-1,9,9,2.7e-05,OPT,0,0,0,AI,0,38,1,1,0,0.000376001,0,1,0,0,0
A2-80_4000_1-10,9,9,2.6e-05,OPT,0,0,0,AI,0,39,1,1,0,0.000358,0,1,0,0,0
A2-80_4000_1-2,9,9,4.2e-05,OPT,0,0,0,AI,0,36,1,1,0,0.000615001,0,1,0,0,0
A2-80_4000_1-3,10,10,2.7e-05,OPT,0,0,0,AI,0,34,1,1,0,0.000342999,0,1,0,0,0
A2-80_4000_1-4,11,11,3.1e-05,OPT,0,0,0,AI,0,33,1,1,0,0.000427999,0,1,0,0,0
A2-80_4000_1-5,9,9,3.2e-05,OPT,0,0,0,AI,0,38,1,1,0,0.000442002,0,1,0,0,0
A2-80_4000_1-6,10,10,2.6e-05,OPT,0,0,0,AI,0,32,1,1,0,0.000790998,0,1,0,0,0
A2-80_4000_1-7,10,10,4.2e-05,OPT,0,0,0,AI,0,34,1,1,0,0.000604,0,1,0,0,0
A2-80_4000_1-8,9,9,2.8e-05,OPT,0,0,0,AI,0,38,1,1,0,0.000396002,0,1,0,0,0
A2-80_4000_1-9,9,9,2.6e-05,OPT,0,0,0,AI,0,36,1,1,0,0.000342,0,1,0,0,0
A2-80_4000_200-1,12,12,3.4e-05,OPT,0,0,0,AI,0,22,1,1,0,0.000454001,0,1,0,0,0
A2-80_4000_200-10,11,11,3.6e-05,OPT,0,0,0,AI,0,25,1,1,0,0.000418,0,1,0,0,0
A2-80_4000_200-2,12,12.0065,0.169977,OPT,245,0,0,AI,0,22,0,6.16667,0.02167,0.130427,0,2,0,57,14
A2-80_4000_200-3,12,12,2.7e-05,OPT,0,0,0,AI,0,25,1,1,0,0.000386003,0,1,0,0,0
A2-80_4000_200-4,11,11,4.3e-05,OPT,0,0,0,AI,0,24,1,1,0,0.000638999,0,1,0,0,0
A2-80_4000_200-5,12,12,4.7e-05,OPT,0,0,0,AI,0,22,1,1,0,0.000634998,0,1,0,0,0
A2-80_4000_200-6,12,12,2.7e-05,OPT,0,0,0,AI,0,23,1,1,0,0.000367001,0,1,0,0,0
A2-80_4000_200-7,13,13.0147,0.177777,OPT,395,0,0,AI,0,22,0,5.46154,0.030082,0.122124,0,2,0,110,35
A2-80_4000_200-8,12,12,4.3e-05,OPT,0,0,0,AI,0,23,1,1,0,0.000592999,0,1,0,0,0
A2-80_4000_200-9,12,12,2.6e-05,OPT,0,0,0,AI,0,22,1,1,0,0.000358999,0,1,0,0,0
A2-80_4000_500-1,15,15.0204,0.071614,OPT,182,0,0,AI,0,13,0,4.73333,0.01284,0.049289,0,2,0,25,7
A2-80_4000_500-10,14,14.0022,0.052396,OPT,115,0,0,AI,0,14,0,4.78571,0.016396,0.029897,0,2,0,23,6
A2-80_4000_500-2,14,14,2.5e-05,OPT,0,0,0,AI,0,14,1,1,0,0.000446998,0,1,0,0,0
A2-80_4000_500-3,15,15.0206,0.224229,OPT,391,0,0,AI,0,14,0,4.8,0.032491,0.165956,0,2,0,86,24
A2-80_4000_500-4,15,15.0629,0.184921,OPT,446,0,0,AI,0,13,0,5,0.034621,0.120611,0,2,0,89,27
A2-80_4000_500-5,14,14.0576,0.186549,OPT,369,0,0,AI,0,14,0,5.14286,0.030785,0.124446,0,2,0,77,19
A2-80_4000_500-6,15,15.0496,0.133988,OPT,277,0,0,AI,0,14,0,4.86667,0.019533,0.09433,0,2,0,51,12
A2-80_4000_500-7,15,15.0336,0.10723,OPT,238,0,0,AI,0,14,0,4.6,0.016405,0.077751,0,2,0,46,12
A2-80_4000_500-8,15,15.0102,0.180313,OPT,401,0,0,AI,0,14,0,5,0.029668,0.121967,0,2,0,85,22
A2-80_4000_500-9,14,14,4.4e-05,OPT,0,0,0,AI,0,15,1,1,0,0.000643998,0,1,0,0,0
A2-80_5000_1-1,7,7,4.7e-05,OPT,0,0,0,AI,0,42,1,1,0,0.000622001,0,1,0,0,0
A2-80_5000_1-10,8,8,2.7e-05,OPT,0,0,0,AI,0,40,1,1,0,0.000347998,0,1,0,0,0
A2-80_5000_1-2,8,8,2.6e-05,OPT,0,0,0,AI,0,41,1,1,0,0.000344999,0,1,0,0,0
A2-80_5000_1-3,8,8.00118,0.29466,OPT,318,0,0,AI,0,40,0,9.375,0.046724,0.212552,0,2,0,119,30
A2-80_5000_1-4,7,7,2.7e-05,OPT,0,0,0,AI,0,39,1,1,0,0.000365,0,1,0,0,0
A2-80_5000_1-5,7,7,4e-05,OPT,0,0,0,AI,0,40,1,1,0,0.000546001,0,1,0,0,0
A2-80_5000_1-6,8,8,2.5e-05,OPT,0,0,0,AI,0,37,1,1,0,0.000353999,0,1,0,0,0
A2-80_5000_1-7,9,9,2.9e-05,OPT,0,0,0,AI,0,31,1,1,0,0.000383001,0,1,0,0,0
A2-80_5000_1-8,7,7,4.2e-05,OPT,0,0,0,AI,0,36,1,1,0,0.000601999,0,1,0,0,0
A2-80_5000_1-9,8,8,2.6e-05,OPT,0,0,0,AI,0,40,1,1,0,0.000334002,0,1,0,0,0
A2-80_5000_200-1,9,9,4.5e-05,OPT,0,0,0,AI,0,29,1,1,0,0.000629,0,1,0,0,0
A2-80_5000_200-10,9,9,2.5e-05,OPT,0,0,0,AI,0,28,1,1,0,0.000363,0,1,0,0,0
A2-80_5000_200-2,9,9,4.1e-05,OPT,0,0,0,AI,0,29,1,1,0,0.000618,0,1,0,0,0
A2-80_5000_200-3,9,9,2.5e-05,OPT,0,0,0,AI,0,27,1,1,0,0.000356998,0,1,0,0,0
A2-80_5000_200-4,9,9.01203,0.081553,OPT,103,0,0,AI,0,32,0,8.33333,0.016385,0.057741,0,2,0,22,6
A2-80_5000_200-5,9,9,4.4e-05,OPT,0,0,0,AI,0,30,1,1,0,0.000623997,0,1,0,0,0
A2-80_5000_200-6,9,9,3.8e-05,OPT,0,0,0,AI,0,30,1,1,0,0.000533,0,1,0,0,0
A2-80_5000_200-7,9,9,2.9e-05,OPT,0,0,0,AI,0,28,1,1,0,0.000356,0,1,0,0,0
A2-80_5000_200-8,9,9.00273,0.258636,OPT,309,0,0,AI,0,31,0,8.33333,0.046765,0.181246,0,2,0,108,26
A2-80_5000_200-9,9,9,4.4e-05,OPT,0,0,0,AI,0,28,1,1,0,0.000641,0,1,0,0,0
A2-80_5000_500-1,11,11,2.7e-05,OPT,0,0,0,AI,0,17,1,1,0,0.00037,0,1,0,0,0
A2-80_5000_500-10,11,11,2.7e-05,OPT,0,0,0,AI,0,18,1,1,0,0.000365999,0,1,0,0,0
A2-80_5000_500-2,12,12,2.5e-05,OPT,0,0,0,AI,0,16,1,1,0,0.000359003,0,1,0,0,0
A2-80_5000_500-3,11,11,3.1e-05,OPT,0,0,0,AI,0,17,1,1,0,0.000413999,0,1,0,0,0
A2-80_5000_500-4,11,11,3.1e-05,OPT,0,0,0,AI,0,18,1,1,0,0.000422999,0,1,0,0,0
A2-80_5000_500-5,11,11,2.6e-05,OPT,0,0,0,AI,0,17,1,1,0,0.000376001,0,1,0,0,0
A2-80_5000_500-6,12,12.0117,0.300821,OPT,488,0,0,AI,0,17,0,5.91667,0.050944,0.213896,0,2,0,135,39
A2-80_5000_500-7,11,11,2.9e-05,OPT,0,0,0,AI,0,17,1,1,0,0.000359997,0,1,0,0,0
A2-80_5000_500-8,12,12.0137,0.023552,OPT,68,0,0,AI,0,17,0,5.91667,0.009174,0.012548,0,1,0,10,3
A2-80_5000_500-9,11,11,3.2e-05,OPT,0,0,0,AI,0,17,1,1,0,0.000444002,0,1,0,0,0
