A3-100_100_2500-1,646,646.044,0.02177,OPT,26,0,0,AI,0,226,0.934985,1.07276,0.014888,0.005356,0,1,0,3,1
A3-100_100_2500-10,586,586.035,1.5874,OPT,803,0,0,AI,0,335,0.916382,1.0785,0.685874,0.763419,0,2,0,302,81
A3-100_100_2500-2,503,503.006,3.3171,OPT,1031,0,0,AI,0,189,0.916501,1.10338,1.98766,1.12124,0,2,0,445,132
A3-100_100_2500-3,606,606.061,0.513263,OPT,125,0,0,AI,0,355,0.922442,1.07591,0.446025,0.056183,0,1,0,28,11
A3-100_100_2500-4,742,742.044,1.22219,OPT,494,0,0,AI,0,272,0.940701,1.05795,0.885685,0.272852,0,2,0,127,33
A3-100_100_2500-5,634,634.101,0.493071,OPT,98,0,0,AI,0,295,0.932177,1.06782,0.404987,0.079163,0,1,0,20,7
A3-100_100_2500-6,612,612.028,1.34663,OPT,314,0,0,AI,0,226,0.934641,1.07843,1.04664,0.268653,0,2,0,79,24
A3-100_100_2500-7,696,696.107,0.33692,OPT,50,0,0,AI,0,258,0.935345,1.05891,0.302895,0.031567,0,1,0,9,3
A3-100_100_2500-8,674,674.024,2.60621,OPT,661,0,0,AI,0,275,0.940653,1.06528,1.99308,0.491912,0,2,0,221,59
A3-100_100_2500-9,769,769.174,0.384507,OPT,99,0,0,AI,0,152,0.944083,1.05982,0.302784,0.09138,0,1,0,14,5
A3-100_100_5000-1,1055,1055,0.459839,OPT,426,0,0,AI,0,224,0.957346,1.03697,0.16901,0.231689,0,2,0,82,24
A3-100_100_5000-10,1144,1144.12,0.067733,OPT,204,0,0,AI,0,198,0.966783,1.03497,0.025797,0.028456,0,1,0,13,4
A3-100_100_5000-2,1165,1165.13,0.170831,OPT,286,0,0,AI,0,164,0.966524,1.03948,0.054482,0.1092,0,1,0,25,7
A3-100_100_5000-3,1206,1206.19,0.104851,OPT,192,0,0,AI,0,124,0.96932,1.03566,0.03707,0.048813,0,1,0,14,4
A3-100_100_5000-4,1201,1201.16,0.134054,OPT,250,0,0,AI,0,182,0.965029,1.03331,0.045895,0.070533,0,1,0,18,6
A3-100_100_5000-5,1329,1329.05,0.117633,OPT,282,0,0,AI,0,63,0.975169,1.03085,0.035151,0.054349,0,2,0,33,9
A3-100_100_5000-6,1173,1173,0.256897,OPT,380,0,0,AI,0,56,0.967604,1.02984,0.097395,0.116837,0,2,0,64,16
A3-100_100_5000-7,1288,1288.06,0.173628,OPT,251,0,0,AI,0,188,0.967391,1.03106,0.048941,0.083999,0,2,0,29,9
A3-100_100_5000-8,1223,1223.16,0.110042,OPT,294,0,0,AI,0,216,0.969747,1.03843,0.043641,0.040956,0,1,0,22,6
A3-100_100_5000-9,1286,1286.12,0.115644,OPT,231,0,0,AI,0,153,0.968896,1.03266,0.048926,0.046922,0,2,0,22,6
A3-100_100_7500-1,1759,1759.32,0.30875,OPT,382,0,0,AI,0,150,0.980671,1.01706,0.201247,0.063983,0,1,0,33,13
A3-100_100_7500-10,2030,2030.73,0.342301,OPT,399,0,0,AI,0,89,0.988177,1.01182,0.186414,0.105711,0,1,0,36,15
A3-100_100_7500-2,1818,1818.64,0.325614,OPT,305,0,0,AI,0,151,0.981848,1.0143,0.225532,0.068558,0,1,0,25,12
A3-100_100_7500-3,1692,1692.17,0.312377,OPT,395,0,0,AI,0,82,0.985816,1.01478,0.151699,0.110965,0,2,0,32,14
A3-100_100_7500-4,1979,1979.48,0.323843,OPT,265,0,0,AI,0,205,0.986862,1.01668,0.197681,0.074233,0,1,0,28,13
A3-100_100_7500-5,1894,1894.98,0.36193,OPT,286,0,0,AI,0,139,0.983105,1.02059,0.249939,0.080847,0,1,0,37,17
A3-100_100_7500-6,1641,1641.12,0.504282,OPT,420,0,0,AI,0,155,0.981109,1.02011,0.32417,0.106361,0,2,0,41,19
A3-100_100_7500-7,2388,2388.47,0.437873,OPT,380,0,0,AI,0,164,0.989112,1.01005,0.247497,0.110127,0,1,0,35,16
A3-100_100_7500-8,2160,2160.54,0.365113,OPT,326,0,0,AI,0,188,0.984259,1.01713,0.21942,0.099006,0,1,0,31,15
A3-100_100_7500-9,1780,1780.03,0.211514,OPT,329,0,0,AI,0,133,0.978652,1.02303,0.042778,0.110784,0,2,0,28,9
A3-100_100_9999-1,2387,2387.5,0.146766,OPT,289,0,0,AI,0,88,0.999581,1.00084,0.108622,0.010736,0,1,0,17,11
A3-100_100_9999-10,2229,2229,0.189394,OPT,407,0,0,AI,0,159,1,1,0.152199,0.011271,0,1,0,18,12
A3-100_100_9999-2,2247,2247.87,0.308554,OPT,197,0,0,AI,0,99,0.990209,1.01113,0.141204,0.116141,0,1,0,23,10
A3-100_100_9999-3,2442,2442.22,0.347874,OPT,248,0,0,AI,0,171,0.9914,1.00901,0.225718,0.063401,0,2,0,24,13
A3-100_100_9999-4,2634,2634.83,0.222088,OPT,279,0,0,AI,0,130,0.993166,1.00759,0.16281,0.015491,0,1,0,25,13
A3-100_100_9999-5,2384,2384.83,0.219991,OPT,298,0,0,AI,0,193,0.994128,1.00671,0.170401,0.012254,0,1,0,18,10
A3-100_100_9999-6,2620,2620.17,0.262943,OPT,189,0,0,AI,0,174,0.998855,1.00153,0.157838,0.054581,0,1,0,20,10
A3-100_100_9999-7,2388,2388.29,0.166536,OPT,168,0,0,AI,0,170,0.996231,1.00419,0.121192,0.016081,0,1,0,15,8
A3-100_100_9999-8,2366,2366.45,0.30691,OPT,217,0,0,AI,0,177,0.991547,1.00888,0.190496,0.077106,0,1,0,21,11
A3-100_100_9999-9,2587,2587.23,0.270631,OPT,234,0,0,AI,0,165,0.991496,1.0085,0.193519,0.039124,0,2,0,17,11
A3-100_200_2500-1,1217,1217.09,0.107194,OPT,125,0,0,AI,0,279,0.963024,1.03615,0.05001,0.031976,0,1,0,19,6
A3-100_200_2500-10,1197,1197,1.77665,OPT,863,0,0,AI,0,411,0.962406,1.03759,0.81234,0.788835,0,2,0,343,97
A3-100_200_2500-2,1131,1131,2.50806,OPT,873,0,0,AI,0,603,0.960212,1.03537,1.5376,0.776708,0,2,0,480,125
A3-100_200_2500-3,1255,1255.06,0.114487,OPT,127,0,0,AI,0,248,0.96255,1.03506,0.040385,0.048078,0,1,0,14,5
A3-100_200_2500-4,1288,1288.06,0.163033,OPT,134,0,0,AI,0,339,0.967391,1.0396,0.053118,0.073132,0,1,0,20,7
A3-100_200_2500-5,1186,1186.02,1.50751,OPT,930,0,0,AI,0,202,0.961214,1.03373,0.754685,0.590029,0,2,0,291,80
A3-100_200_2500-6,1156,1156.02,2.85782,OPT,561,0,0,AI,0,554,0.967128,1.03114,2.56236,0.219949,0,2,0,169,48
A3-100_200_2500-7,1060,1060,1.80457,OPT,867,0,0,AI,0,519,0.961321,1.04434,0.648095,0.959915,0,2,0,326,91
A3-100_200_2500-8,1299,1299.11,0.119619,OPT,169,0,0,AI,0,220,0.967667,1.03541,0.039525,0.047279,0,1,0,20,7
A3-100_200_2500-9,1350,1350.08,0.913992,OPT,289,0,0,AI,0,268,0.966667,1.03333,0.60064,0.249022,0,2,0,97,22
A3-100_200_5000-1,2908,2908.06,0.194182,OPT,301,0,0,AI,0,147,0.985213,1.01547,0.051212,0.113652,0,1,0,26,7
A3-100_200_5000-10,2487,2487.01,0.38095,OPT,406,0,0,AI,0,250,0.984318,1.01769,0.066987,0.208113,0,2,0,52,13
A3-100_200_5000-2,2194,2194.08,0.163823,OPT,267,0,0,AI,0,217,0.98268,1.0196,0.059038,0.062395,0,2,0,25,7
A3-100_200_5000-3,2840,2840.02,0.386993,OPT,335,0,0,AI,0,376,0.98662,1.01444,0.111103,0.179097,0,2,0,84,22
A3-100_200_5000-4,2711,2711.08,0.15223,OPT,225,0,0,AI,0,442,0.985245,1.01807,0.038443,0.067862,0,1,0,18,5
A3-100_200_5000-5,2769,2769.38,0.091878,OPT,239,0,0,AI,0,138,0.986277,1.01625,0.033921,0.044969,0,1,0,15,5
A3-100_200_5000-6,2549,2549.09,0.250116,OPT,286,0,0,AI,0,203,0.983523,1.01648,0.048221,0.124003,0,2,0,19,6
A3-100_200_5000-7,1967,1967.04,0.615102,OPT,509,0,0,AI,0,295,0.976106,1.02084,0.205097,0.322367,0,2,0,103,27
A3-100_200_5000-8,2176,2176.07,0.297692,OPT,297,0,0,AI,0,335,0.980699,1.01976,0.079875,0.134825,0,2,0,44,12
A3-100_200_5000-9,2423,2423.09,0.247796,OPT,318,0,0,AI,0,370,0.982253,1.01775,0.057036,0.124462,0,2,0,27,8
A3-100_200_7500-1,4160,4160.07,0.394171,OPT,290,0,0,AI,0,129,0.99375,1.00625,0.199083,0.071558,0,2,0,29,14
A3-100_200_7500-10,3876,3876,0.565832,OPT,478,0,0,AI,0,165,0.991486,1.00722,0.277167,0.121334,0,2,0,53,21
A3-100_200_7500-2,3841,3841.86,0.366567,OPT,281,0,0,AI,0,181,0.993231,1.00729,0.202118,0.097217,0,1,0,30,14
A3-100_200_7500-3,3700,3700.17,0.362866,OPT,298,0,0,AI,0,124,0.991892,1.00892,0.237494,0.068228,0,1,0,32,15
A3-100_200_7500-4,3636,3636.35,0.455915,OPT,278,0,0,AI,0,237,0.992849,1.0077,0.297093,0.091577,0,1,0,32,15
A3-100_200_7500-5,3644,3644.73,0.360702,OPT,321,0,0,AI,0,301,0.992591,1.00796,0.258509,0.0346,0,1,0,30,15
A3-100_200_7500-6,3842,3842.68,0.3102,OPT,320,0,0,AI,0,181,0.992192,1.00755,0.169626,0.065757,0,1,0,32,14
A3-100_200_7500-7,3161,3161.34,0.696724,OPT,555,0,0,AI,0,401,0.988295,1.00981,0.433515,0.143807,0,1,0,51,19
A3-100_200_7500-8,3755,3755.47,0.452323,OPT,317,0,0,AI,0,124,0.991744,1.00852,0.245359,0.101081,0,1,0,38,17
A3-100_200_7500-9,3358,3358.34,0.373651,OPT,428,0,0,AI,0,251,0.989279,1.01191,0.225713,0.082763,0,1,0,44,16
A3-100_200_9999-1,4424,4424.9,0.60563,OPT,259,0,0,AI,0,269,0.994801,1.00542,0.424876,0.07662,0,1,0,28,18
A3-100_200_9999-10,5119,5119,0.170931,OPT,177,0,0,AI,0,87,0.998828,1.00137,0.082005,0.026347,0,1,0,14,8
A3-100_200_9999-2,5000,5000.26,0.250928,OPT,190,0,0,AI,0,83,0.9966,1.0036,0.12603,0.039229,0,1,0,24,11
A3-100_200_9999-3,4718,4718.38,0.228416,OPT,205,0,0,AI,0,134,0.993853,1.00615,0.129602,0.01897,0,1,0,18,10
A3-100_200_9999-4,4525,4525.25,0.23661,OPT,180,0,0,AI,0,115,0.998011,1.00243,0.111311,0.071687,0,1,0,19,10
A3-100_200_9999-5,4505,4505.17,0.285465,OPT,170,0,0,AI,0,138,0.99778,1.00244,0.151695,0.053419,0,1,0,19,10
A3-100_200_9999-6,3909,3909.13,0.348687,OPT,292,0,0,AI,0,229,0.995395,1.00435,0.220765,0.036067,0,2,0,27,13
A3-100_200_9999-7,5097,5097.88,0.274523,OPT,211,0,0,AI,0,130,0.996665,1.00392,0.13657,0.051738,0,1,0,22,12
A3-100_200_9999-8,4771,4771.75,0.150843,OPT,146,0,0,AI,0,113,0.996018,1.0044,0.097233,0.005904,0,1,0,9,6
A3-100_200_9999-9,4793,4793.87,0.236775,OPT,181,0,0,AI,0,189,0.997705,1.00292,0.107653,0.056078,0,1,0,19,9
A3-100_20_2500-1,112,112,4.5e-05,OPT,0,0,0,AI,0,144,1,1,0,0.001798,0,1,0,0,0
A3-100_20_2500-10,120,120,2.8e-05,OPT,0,0,0,AI,0,182,1,1,0,0.001207,0,1,0,0,0
A3-100_20_2500-2,143,143.018,0.332239,OPT,46,0,0,AI,0,144,0.72028,1.3007,0.275842,0.053002,0,1,0,16,4
A3-100_20_2500-3,133,133,4.7e-05,OPT,0,0,0,AI,0,117,1,1,0,0.0212,0,1,0,0,0
A3-100_20_2500-4,127,127.054,0.280359,OPT,102,0,0,AI,0,110,0.716535,1.33858,0.264471,0.013498,0,1,0,12,4
A3-100_20_2500-5,118,118,4.7e-05,OPT,0,0,0,AI,0,106,1,1,0,0.00155,0,1,0,0,0
A3-100_20_2500-6,125,125.105,0.426096,OPT,137,0,0,AI,0,118,0.712,1.352,0.380882,0.040586,0,1,0,20,6
A3-100_20_2500-7,118,118,3.1e-05,OPT,0,0,0,AI,0,140,1,1,0,0.001026,0,1,0,0,0
A3-100_20_2500-8,132,132.011,0.943755,OPT,712,0,0,AI,0,131,0.681818,1.37879,0.44239,0.41243,0,2,0,211,51
A3-100_20_2500-9,115,115,4.5e-05,OPT,0,0,0,AI,0,153,1,1,0,0.001152,0,1,0,0,0
A3-100_20_5000-1,234,234.001,0.751223,OPT,479,0,0,AI,0,107,0.82906,1.16239,0.44223,0.269168,0,2,0,85,22
A3-100_20_5000-10,244,244.113,0.156736,OPT,176,0,0,AI,0,85,0.831967,1.18443,0.084788,0.063211,0,1,0,14,4
A3-100_20_5000-2,298,298.191,0.124203,OPT,113,0,0,AI,0,89,0.88255,1.12416,0.106035,0.01489,0,1,0,8,3
A3-100_20_5000-3,308,308.991,0.310736,OPT,490,0,0,AI,0,101,0.87987,1.13636,0.150009,0.140238,0,1,0,57,19
A3-100_20_5000-4,297,297.117,0.051595,OPT,159,0,0,AI,0,57,0.86532,1.13131,0.027233,0.020655,0,1,0,7,3
A3-100_20_5000-5,275,275.258,0.094082,OPT,219,0,0,AI,0,47,0.869091,1.14909,0.031803,0.053962,0,1,0,13,4
A3-100_20_5000-6,274,274.163,0.07263,OPT,187,0,0,AI,0,105,0.850365,1.15328,0.032029,0.033575,0,1,0,14,4
A3-100_20_5000-7,240,240.002,0.300319,OPT,398,0,0,AI,0,84,0.820833,1.15833,0.075649,0.183345,0,2,0,49,14
A3-100_20_5000-8,276,276.029,0.165212,OPT,276,0,0,AI,0,76,0.855072,1.14493,0.052324,0.089775,0,2,0,41,15
A3-100_20_5000-9,222,222.076,0.114008,OPT,161,0,0,AI,0,66,0.824324,1.2027,0.05951,0.048082,0,2,0,12,4
A3-100_20_7500-1,376,376.78,0.266485,OPT,370,0,0,AI,0,85,0.930851,1.08245,0.173925,0.069169,0,1,0,38,18
A3-100_20_7500-10,352,352.373,0.195222,OPT,422,0,0,AI,0,52,0.920455,1.08807,0.118757,0.055821,0,1,0,37,15
A3-100_20_7500-2,428,428.352,0.157683,OPT,256,0,0,AI,0,77,0.925234,1.07477,0.108286,0.032542,0,1,0,29,13
A3-100_20_7500-3,396,396.484,0.193383,OPT,294,0,0,AI,0,39,0.934343,1.08586,0.145616,0.031544,0,1,0,31,15
A3-100_20_7500-4,415,415.266,0.168436,OPT,314,0,0,AI,0,63,0.927711,1.08434,0.112253,0.035982,0,1,0,32,12
A3-100_20_7500-5,394,394.958,0.25066,OPT,414,0,0,AI,0,85,0.918782,1.08883,0.143469,0.082523,0,1,0,37,14
A3-100_20_7500-6,318,318.134,0.174048,OPT,266,0,0,AI,0,80,0.886792,1.10377,0.044423,0.106631,0,2,0,28,12
A3-100_20_7500-7,394,394.935,0.169361,OPT,424,0,0,AI,0,84,0.928934,1.08122,0.107271,0.042092,0,1,0,37,15
A3-100_20_7500-8,409,409.701,0.213116,OPT,479,0,0,AI,0,90,0.933985,1.0709,0.14309,0.048266,0,1,0,41,17
A3-100_20_7500-9,418,418,0.111556,OPT,344,0,0,AI,0,92,1,1,0.055285,0.038144,0,1,0,29,9
A3-100_20_9999-1,517,517.4,0.164673,OPT,224,0,0,AI,0,82,0.976789,1.02515,0.137083,0.015406,0,1,0,19,12
A3-100_20_9999-10,484,484.2,0.125307,OPT,181,0,0,AI,0,52,0.97314,1.02893,0.105147,0.011154,0,1,0,15,9
A3-100_20_9999-2,488,488.625,0.114867,OPT,248,0,0,AI,0,50,0.973361,1.03074,0.087799,0.015244,0,1,0,21,11
A3-100_20_9999-3,488,488.8,0.120845,OPT,203,0,0,AI,0,63,0.961066,1.04713,0.101912,0.009993,0,1,0,13,9
A3-100_20_9999-4,480,480.389,0.210142,OPT,162,0,0,AI,0,62,0.952083,1.04792,0.15247,0.046518,0,1,0,23,14
A3-100_20_9999-5,486,486.938,0.172169,OPT,224,0,0,AI,0,72,0.965021,1.03909,0.116063,0.038257,0,1,0,25,11
A3-100_20_9999-6,476,476.147,0.130753,OPT,215,0,0,AI,0,80,0.957983,1.03992,0.099551,0.016279,0,1,0,22,11
A3-100_20_9999-7,504,504,0.15479,OPT,307,0,0,AI,0,43,0.96627,1.03373,0.126607,0.013495,0,2,0,25,15
A3-100_20_9999-8,526,526.333,0.149348,OPT,208,0,0,AI,0,80,0.975285,1.02662,0.11885,0.016557,0,1,0,21,10
A3-100_20_9999-9,454,454.466,0.197047,OPT,218,0,0,AI,0,75,0.955947,1.04626,0.142164,0.040625,0,1,0,22,12
A3-150_100_2500-1,777,777.001,6.4497,OPT,1862,0,0,AI,0,344,0.926641,1.08752,3.99728,2.02078,0,2,0,603,159
A3-150_100_2500-10,981,981.019,2.96743,OPT,1394,0,0,AI,0,378,0.937819,1.06626,1.32939,1.35888,0,2,0,451,121
A3-150_100_2500-2,914,914.006,13.8337,OPT,2003,0,0,AI,0,530,0.922319,1.06893,10.163,3.02656,0,2,0,758,231
A3-150_100_2500-3,915,915.004,6.27065,OPT,1863,0,0,AI,0,266,0.930055,1.0765,3.08352,2.67407,0,2,0,635,156
A3-150_100_2500-4,1022,1022.02,6.45113,OPT,1924,0,0,AI,0,269,0.938356,1.06556,4.22372,1.80932,0,2,0,689,198
A3-150_100_2500-5,909,909.006,7.18475,OPT,2261,0,0,AI,0,287,0.925193,1.07371,3.61332,2.95343,0,2,0,679,184
A3-150_100_2500-6,958,958.018,2.67186,OPT,1404,0,0,AI,0,337,0.927975,1.07098,1.11189,1.30918,0,2,0,340,88
A3-150_100_2500-7,942,942.006,8.47769,OPT,2171,0,0,AI,0,433,0.933121,1.07219,5.475,2.49807,0,2,0,719,202
A3-150_100_2500-8,864,864.009,11.535,OPT,1793,0,0,AI,0,330,0.922454,1.08218,8.63347,2.38213,0,2,0,500,136
A3-150_100_2500-9,924,924.01,8.57562,OPT,1848,0,0,AI,0,311,0.922078,1.06602,6.20178,1.96626,0,2,0,607,165
A3-150_100_5000-1,1781,1781.1,0.323781,OPT,500,0,0,AI,0,192,0.969118,1.03257,0.100708,0.15288,0,1,0,34,10
A3-150_100_5000-10,1770,1770.28,0.154835,OPT,272,0,0,AI,0,168,0.968362,1.03616,0.059224,0.063384,0,1,0,16,5
A3-150_100_5000-2,2043,2043.01,0.596643,OPT,649,0,0,AI,0,118,0.971121,1.03035,0.110724,0.365919,0,2,0,80,20
A3-150_100_5000-3,1775,1775.08,0.917399,OPT,772,0,0,AI,0,259,0.966197,1.0338,0.290588,0.469075,0,2,0,140,51
A3-150_100_5000-4,1954,1954.03,0.393959,OPT,547,0,0,AI,0,209,0.970829,1.0348,0.094438,0.197619,0,2,0,92,31
A3-150_100_5000-5,1817,1817,0.763903,OPT,725,0,0,AI,0,392,0.967529,1.03247,0.165554,0.473301,0,2,0,136,34
A3-150_100_5000-6,1749,1749.01,0.660533,OPT,788,0,0,AI,0,187,0.965123,1.03373,0.178147,0.354188,0,2,0,133,38
A3-150_100_5000-7,1846,1846.02,0.596301,OPT,573,0,0,AI,0,274,0.968039,1.03413,0.104399,0.387586,0,2,0,60,17
A3-150_100_5000-8,1965,1965.06,0.372631,OPT,393,0,0,AI,0,147,0.968957,1.02799,0.076869,0.224169,0,2,0,31,8
A3-150_100_5000-9,1908,1908.03,0.486411,OPT,611,0,0,AI,0,207,0.970126,1.02935,0.089708,0.292744,0,2,0,54,16
A3-150_100_7500-1,3093,3093.3,0.543711,OPT,645,0,0,AI,0,240,0.986421,1.0139,0.357413,0.085154,0,1,0,43,18
A3-150_100_7500-10,2913,2913.4,0.560352,OPT,689,0,0,AI,0,359,0.984209,1.01545,0.336826,0.114154,0,1,0,48,19
A3-150_100_7500-2,2844,2844.82,0.57872,OPT,619,0,0,AI,0,198,0.98699,1.01406,0.33426,0.158075,0,1,0,37,15
A3-150_100_7500-3,2725,2725.25,0.427359,OPT,641,0,0,AI,0,202,0.98422,1.01541,0.279786,0.076457,0,1,0,41,16
A3-150_100_7500-4,2687,2687.53,0.45076,OPT,594,0,0,AI,0,265,0.981764,1.01935,0.279727,0.096799,0,1,0,38,16
A3-150_100_7500-5,3035,3035.23,0.702717,OPT,616,0,0,AI,0,155,0.985832,1.01483,0.321342,0.215533,0,2,0,45,17
A3-150_100_7500-6,3088,3088.1,0.579412,OPT,695,0,0,AI,0,193,0.987047,1.01457,0.337471,0.117561,0,2,0,42,18
A3-150_100_7500-7,2789,2789.48,0.501528,OPT,550,0,0,AI,0,86,0.983865,1.01542,0.292753,0.129063,0,1,0,36,15
A3-150_100_7500-8,3128,3128.54,0.505901,OPT,551,0,0,AI,0,182,0.990409,1.00959,0.329506,0.076827,0,1,0,37,17
A3-150_100_7500-9,2791,2791.8,0.522252,OPT,605,0,0,AI,0,309,0.984952,1.0172,0.323307,0.107225,0,1,0,46,17
A3-150_100_9999-1,3552,3552.94,0.397224,OPT,306,0,0,AI,0,110,0.991836,1.00929,0.240363,0.080928,0,1,0,30,15
A3-150_100_9999-10,2989,2989.59,0.421096,OPT,362,0,0,AI,0,110,0.98829,1.01204,0.249854,0.10069,0,1,0,31,13
A3-150_100_9999-2,3459,3459.5,0.368277,OPT,418,0,0,AI,0,296,0.993929,1.00636,0.206736,0.073401,0,1,0,25,12
A3-150_100_9999-3,3802,3802.62,0.368215,OPT,437,0,0,AI,0,114,0.993161,1.00736,0.240666,0.059286,0,1,0,17,12
A3-150_100_9999-4,3632,3632.8,0.322044,OPT,313,0,0,AI,0,114,0.992566,1.00798,0.20843,0.042819,0,1,0,26,11
A3-150_100_9999-5,3472,3472,0.284014,OPT,387,0,0,AI,0,173,0.997984,1.00202,0.190186,0.026248,0,1,0,21,10
A3-150_100_9999-6,3887,3887.25,0.50361,OPT,388,0,0,AI,0,153,0.995626,1.00463,0.29388,0.097584,0,2,0,23,13
A3-150_100_9999-7,3584,3584.7,0.340428,OPT,399,0,0,AI,0,130,0.991908,1.00865,0.173644,0.083671,0,1,0,24,11
A3-150_100_9999-8,3677,3677.25,0.453906,OPT,544,0,0,AI,0,202,0.993201,1.00707,0.332071,0.037007,0,1,0,26,15
A3-150_100_9999-9,4221,4221.83,0.307278,OPT,500,0,0,AI,0,108,0.992893,1.00758,0.213713,0.022759,0,1,0,18,12
A3-150_200_2500-1,1895,1895.01,3.47334,OPT,1619,0,0,AI,0,544,0.968338,1.03694,1.39405,1.69291,0,2,0,509,140
A3-150_200_2500-10,1965,1965.01,6.56963,OPT,1840,0,0,AI,0,549,0.968448,1.02952,4.48128,1.6876,0,2,0,626,183
A3-150_200_2500-2,2007,2007.05,1.90801,OPT,615,0,0,AI,0,270,0.968112,1.03338,1.36629,0.418138,0,2,0,124,33
A3-150_200_2500-3,1726,1726,6.95943,OPT,2158,0,0,AI,0,405,0.961182,1.03592,4.48017,2.04799,0,2,0,618,177
A3-150_200_2500-4,1933,1933.07,1.59876,OPT,446,0,0,AI,0,413,0.967408,1.03363,1.09222,0.391634,0,2,0,102,27
A3-150_200_2500-5,1823,1823,4.21749,OPT,1726,0,0,AI,0,512,0.96215,1.0384,1.29471,2.46442,0,2,0,581,151
A3-150_200_2500-6,1875,1875.02,5.81507,OPT,1866,0,0,AI,0,331,0.963733,1.0352,3.04011,2.26843,0,2,0,680,216
A3-150_200_2500-7,1758,1758,2.40335,OPT,1261,0,0,AI,0,263,0.958476,1.03925,0.51285,1.55034,0,2,0,346,95
A3-150_200_2500-8,1896,1896.01,3.4862,OPT,1739,0,0,AI,0,604,0.968354,1.03745,1.42678,1.67406,0,2,0,471,125
A3-150_200_2500-9,1855,1855.02,5.55872,OPT,1757,0,0,AI,0,613,0.967655,1.04043,2.71,2.39155,0,2,0,666,184
A3-150_200_5000-1,4369,4369.08,0.457111,OPT,434,0,0,AI,0,193,0.986496,1.01213,0.09728,0.22022,0,2,0,44,12
A3-150_200_5000-10,3711,3711.11,0.708937,OPT,709,0,0,AI,0,344,0.981676,1.01509,0.198591,0.326947,0,2,0,110,35
A3-150_200_5000-2,3581,3581.02,0.754501,OPT,642,0,0,AI,0,326,0.982966,1.01536,0.155275,0.41555,0,2,0,85,22
A3-150_200_5000-3,3656,3656,0.835993,OPT,684,0,0,AI,0,389,0.982768,1.01833,0.223341,0.453099,0,2,0,109,34
A3-150_200_5000-4,3578,3578.19,0.244302,OPT,356,0,0,AI,0,230,0.984349,1.01593,0.054667,0.127305,0,1,0,21,6
A3-150_200_5000-5,3634,3634.3,0.27182,OPT,348,0,0,AI,0,159,0.98514,1.01761,0.064129,0.116863,0,1,0,22,6
A3-150_200_5000-6,3872,3872.03,0.786362,OPT,610,0,0,AI,0,312,0.984504,1.01472,0.112116,0.449313,0,2,0,97,30
A3-150_200_5000-7,3602,3602.05,0.830455,OPT,680,0,0,AI,0,420,0.983898,1.01638,0.126548,0.493842,0,2,0,73,21
A3-150_200_5000-8,3767,3767.04,0.577609,OPT,638,0,0,AI,0,212,0.9854,1.01619,0.115454,0.304314,0,2,0,84,23
A3-150_200_5000-9,3322,3322.1,0.279946,OPT,370,0,0,AI,0,419,0.981939,1.01836,0.081563,0.111003,0,1,0,26,8
A3-150_200_7500-1,4679,4679.89,0.482934,OPT,545,0,0,AI,0,78,0.988673,1.01218,0.266747,0.101757,0,1,0,36,14
A3-150_200_7500-10,5868,5868.97,0.567908,OPT,492,0,0,AI,0,134,0.992331,1.00818,0.313739,0.118122,0,1,0,35,16
A3-150_200_7500-2,6463,6463.71,0.611575,OPT,518,0,0,AI,0,191,0.993966,1.0065,0.270963,0.121068,0,1,0,32,14
A3-150_200_7500-3,5601,5601.26,0.686522,OPT,605,0,0,AI,0,352,0.993394,1.00643,0.320057,0.124366,0,2,0,41,14
A3-150_200_7500-4,5339,5339.54,0.683917,OPT,570,0,0,AI,0,367,0.99101,1.00918,0.351429,0.162282,0,1,0,41,16
A3-150_200_7500-5,6051,6051.95,0.57255,OPT,664,0,0,AI,0,269,0.993224,1.00678,0.272531,0.133658,0,1,0,40,17
A3-150_200_7500-6,6015,6015.24,0.706242,OPT,539,0,0,AI,0,308,0.99335,1.00682,0.328497,0.171032,0,1,0,35,14
A3-150_200_7500-7,5527,5527.02,0.692366,OPT,520,0,0,AI,0,155,0.992401,1.00796,0.346101,0.11988,0,2,0,46,18
A3-150_200_7500-8,5092,5092.57,0.711175,OPT,625,0,0,AI,0,359,0.99077,1.00844,0.426918,0.124775,0,1,0,52,21
A3-150_200_7500-9,5512,5512.18,0.646048,OPT,517,0,0,AI,0,297,0.991655,1.0078,0.286311,0.145306,0,2,0,40,16
A3-150_200_9999-1,7195,7195,0.462212,OPT,374,0,0,AI,0,131,1,1,0.186513,0.072764,0,1,0,25,14
A3-150_200_9999-10,8472,8472,0.577652,OPT,332,0,0,AI,0,361,0.99882,1.00142,0.370848,0.042717,0,1,0,20,12
A3-150_200_9999-2,7040,7040.6,0.843197,OPT,416,0,0,AI,0,614,0.996023,1.00426,0.566658,0.063745,0,1,0,28,15
A3-150_200_9999-3,7547,7547.97,0.665454,OPT,332,0,0,AI,0,415,0.99682,1.00358,0.355852,0.103935,0,1,0,28,14
A3-150_200_9999-4,6916,6916.71,0.696246,OPT,482,0,0,AI,0,310,0.996964,1.00333,0.452288,0.042186,0,1,0,29,18
A3-150_200_9999-5,7140,7140.7,0.548689,OPT,346,0,0,AI,0,207,0.99916,1.00098,0.334546,0.026631,0,1,0,24,15
A3-150_200_9999-6,7672,7672,0.390551,OPT,305,0,0,AI,0,208,1,1,0.167092,0.035471,0,1,0,19,9
A3-150_200_9999-7,6952,6952.5,0.444062,OPT,409,0,0,AI,0,124,1,1.00014,0.180305,0.064565,0,1,0,21,10
A3-150_200_9999-8,7338,7338.67,0.430298,OPT,374,0,0,AI,0,162,0.996729,1.00327,0.166927,0.0639,0,1,0,25,11
A3-150_200_9999-9,6642,6642.17,0.313265,OPT,283,0,0,AI,0,93,0.999097,1.0009,0.141914,0.055648,0,1,0,16,9
A3-150_20_2500-1,215,215,3e-05,OPT,0,0,0,AI,0,142,1,1,0,0.001547,0,1,0,0,0
A3-150_20_2500-10,201,201,4.4e-05,OPT,0,0,0,AI,0,149,1,1,0,0.00265,0,1,0,0,0
A3-150_20_2500-2,183,183.006,6.46721,OPT,2064,0,0,AI,0,156,0.639344,1.39891,2.98151,2.98216,0,2,0,773,192
A3-150_20_2500-3,202,202.002,3.75935,OPT,1539,0,0,AI,0,157,0.668317,1.36634,1.61409,1.81391,0,2,0,433,104
A3-150_20_2500-4,203,203,2.3e-05,OPT,0,0,0,AI,0,138,1,1,0,0.0022,0,1,0,0,0
A3-150_20_2500-5,190,190,2.8e-05,OPT,0,0,0,AI,0,193,1,1,0,0.001455,0,1,0,0,0
A3-150_20_2500-6,194,194,2.2e-05,OPT,0,0,0,AI,0,181,1,1,0,0.001211,0,1,0,0,0
A3-150_20_2500-7,201,201,3.3e-05,OPT,0,0,0,AI,0,192,1,1,0,0.001781,0,1,0,0,0
A3-150_20_2500-8,188,188,3.5e-05,OPT,0,0,0,AI,0,119,1,1,0,0.002063,0,1,0,0,0
A3-150_20_2500-9,196,196,2.7e-05,OPT,0,0,0,AI,0,139,1,1,0,0.00256,0,1,0,0,0
A3-150_20_5000-1,379,379.013,0.914077,OPT,882,0,0,AI,0,101,0.852243,1.16623,0.410493,0.428612,0,2,0,106,29
A3-150_20_5000-10,379,379.035,0.564331,OPT,756,0,0,AI,0,119,0.860158,1.17678,0.184449,0.320413,0,2,0,96,27
A3-150_20_5000-2,397,397.1,0.223901,OPT,227,0,0,AI,0,122,0.848866,1.16121,0.123052,0.091434,0,1,0,14,4
A3-150_20_5000-3,389,389.046,0.402808,OPT,550,0,0,AI,0,96,0.856041,1.14653,0.144156,0.219551,0,2,0,56,15
A3-150_20_5000-4,438,438.03,0.458999,OPT,686,0,0,AI,0,99,0.869863,1.14384,0.142066,0.261821,0,2,0,91,30
A3-150_20_5000-5,356,356.068,0.717674,OPT,802,0,0,AI,0,126,0.831461,1.17135,0.479351,0.195549,0,2,0,76,22
A3-150_20_5000-6,396,396.069,0.491422,OPT,546,0,0,AI,0,115,0.858586,1.16919,0.119904,0.321925,0,2,0,63,17
A3-150_20_5000-7,343,343.006,1.48816,OPT,1006,0,0,AI,0,126,0.860058,1.16035,0.879052,0.498059,0,2,0,221,58
A3-150_20_5000-8,408,408.091,0.137362,OPT,174,0,0,AI,0,95,0.860294,1.15441,0.103893,0.028318,0,1,0,11,3
A3-150_20_5000-9,453,453.175,0.199424,OPT,356,0,0,AI,0,102,0.878587,1.15011,0.083164,0.097329,0,2,0,15,5
A3-150_20_7500-1,636,636.254,0.334784,OPT,531,0,0,AI,0,76,0.930818,1.07704,0.215878,0.079108,0,2,0,40,15
A3-150_20_7500-10,534,534.838,0.252027,OPT,514,0,0,AI,0,112,0.90824,1.09925,0.153619,0.071806,0,1,0,36,15
A3-150_20_7500-2,631,631.571,0.414683,OPT,629,0,0,AI,0,106,0.928685,1.0729,0.225895,0.147348,0,1,0,40,17
A3-150_20_7500-3,543,543.549,0.399722,OPT,679,0,0,AI,0,132,0.92081,1.08471,0.22954,0.130876,0,1,0,36,17
A3-150_20_7500-4,635,635.553,0.280197,OPT,489,0,0,AI,0,75,0.949606,1.05197,0.176542,0.076771,0,1,0,30,14
A3-150_20_7500-5,620,620.97,0.37804,OPT,524,0,0,AI,0,69,0.946774,1.05484,0.247803,0.096807,0,1,0,42,18
A3-150_20_7500-6,624,624.138,0.457896,OPT,485,0,0,AI,0,56,0.932692,1.06891,0.268428,0.137996,0,2,0,39,16
A3-150_20_7500-7,571,571.593,0.587063,OPT,1055,0,0,AI,0,125,0.91944,1.07881,0.300362,0.201815,0,1,0,66,22
A3-150_20_7500-8,590,590.989,0.420316,OPT,750,0,0,AI,0,84,0.945763,1.06441,0.218905,0.160893,0,1,0,40,17
A3-150_20_7500-9,663,663.345,0.436554,OPT,662,0,0,AI,0,117,0.941176,1.06335,0.249388,0.138649,0,2,0,38,17
A3-150_20_9999-1,804,804.5,0.220949,OPT,462,0,0,AI,0,74,0.998756,1.00249,0.157502,0.040882,0,1,0,21,10
A3-150_20_9999-10,768,768.051,0.290547,OPT,382,0,0,AI,0,103,0.954427,1.04557,0.20226,0.058815,0,1,0,27,12
A3-150_20_9999-2,688,688.486,0.275705,OPT,335,0,0,AI,0,72,0.973837,1.03052,0.208454,0.04207,0,1,0,34,14
A3-150_20_9999-3,638,638.25,0.251717,OPT,454,0,0,AI,0,111,0.985893,1.01411,0.170826,0.058699,0,1,0,23,12
A3-150_20_9999-4,738,738.067,0.231076,OPT,448,0,0,AI,0,95,0.9729,1.0271,0.172659,0.032465,0,1,0,29,15
A3-150_20_9999-5,794,794.167,0.213017,OPT,337,0,0,AI,0,85,0.959698,1.0403,0.179945,0.015715,0,1,0,17,10
A3-150_20_9999-6,756,756,0.256251,OPT,480,0,2,AI,0,74,0.974868,1.02513,0.170039,0.055549,0,2,2,28,20
A3-150_20_9999-7,758,758.167,0.254451,OPT,369,0,0,AI,0,84,0.968338,1.03166,0.21339,0.0217,0,1,0,25,14
A3-150_20_9999-8,775,775.721,0.328563,OPT,402,0,0,AI,0,94,0.963871,1.04258,0.21688,0.084799,0,1,0,27,13
A3-150_20_9999-9,809,809.5,0.25563,OPT,416,0,0,AI,0,63,0.997528,1.00371,0.188168,0.04162,0,1,0,25,14
A3-250_100_2500-1,1657,1657.01,16.8807,OPT,4100,0,0,AI,0,373,0.940857,1.06276,8.48335,6.95814,0,2,0,901,244
A3-250_100_2500-10,1792,1792.08,1.51917,OPT,162,0,0,AI,0,464,0.9375,1.05859,1.40906,0.093012,0,1,0,20,7
A3-250_100_2500-2,1694,1694.03,13.8094,OPT,3660,0,0,AI,0,288,0.937426,1.06021,5.83041,6.85116,0,2,0,683,182
A3-250_100_2500-3,1509,1509,17.2663,OPT,4025,0,0,AI,0,518,0.933068,1.07488,7.37352,8.45713,0,2,0,1057,282
A3-250_100_2500-4,1639,1639.01,13.7818,OPT,4005,0,0,AI,0,575,0.937157,1.06589,5.16236,7.43635,0,2,0,805,208
A3-250_100_2500-5,1674,1674.03,2.31208,OPT,304,0,0,AI,0,333,0.938471,1.06093,2.15903,0.110559,0,1,0,42,15
A3-250_100_2500-6,1658,1658,10.7958,OPT,2767,0,0,AI,0,361,0.936068,1.06996,2.62095,7.36087,0,2,0,602,152
A3-250_100_2500-7,1649,1649,21.9359,OPT,4209,0,0,AI,0,364,0.944815,1.0661,11.6091,8.73095,0,2,0,985,260
A3-250_100_2500-8,1456,1456,10.5698,OPT,2873,0,0,AI,0,315,0.926511,1.07624,2.64059,7.05774,0,2,0,680,174
A3-250_100_2500-9,1536,1536,11.6456,OPT,3195,0,0,AI,0,414,0.930339,1.07096,3.01311,7.72596,0,2,0,686,180
A3-250_100_5000-1,2970,2970.02,1.83351,OPT,1300,0,0,AI,0,377,0.968013,1.03098,0.32114,1.22217,0,2,0,114,28
A3-250_100_5000-10,3288,3288.15,1.33283,OPT,1000,0,0,AI,0,260,0.971715,1.02859,0.325668,0.767099,0,2,0,96,27
A3-250_100_5000-2,2794,2794.01,2.33461,OPT,1658,0,0,AI,0,358,0.965641,1.03686,0.42139,1.59827,0,2,0,147,37
A3-250_100_5000-3,3175,3175.05,1.89552,OPT,1244,0,0,AI,0,270,0.970394,1.03181,0.347599,1.21274,0,2,0,157,43
A3-250_100_5000-4,2795,2795.02,2.48353,OPT,1791,0,0,AI,0,354,0.967084,1.0347,0.715756,1.41406,0,2,0,182,50
A3-250_100_5000-5,2885,2885.05,2.46913,OPT,1769,0,0,AI,0,332,0.967418,1.03397,0.732859,1.38098,0,2,0,295,93
A3-250_100_5000-6,2933,2933.08,1.74352,OPT,1205,0,0,AI,0,446,0.967951,1.03341,0.302387,1.16873,0,2,0,85,22
A3-250_100_5000-7,3192,3192.05,1.7289,OPT,1406,0,0,AI,0,406,0.970865,1.03133,0.344751,1.09772,0,2,0,113,29
A3-250_100_5000-8,2934,2934.08,1.33243,OPT,1119,0,0,AI,0,260,0.968984,1.0334,0.329941,0.775904,0,2,0,95,29
A3-250_100_5000-9,3079,3079.19,0.614707,OPT,773,0,0,AI,0,223,0.968496,1.0341,0.148071,0.361963,0,1,0,39,9
A3-250_100_7500-1,4636,4636.13,1.31017,OPT,1079,0,0,AI,0,190,0.984038,1.01575,0.596947,0.410397,0,2,0,51,19
A3-250_100_7500-10,4129,4129.58,1.0473,OPT,1207,0,0,AI,0,379,0.980625,1.02059,0.573551,0.280554,0,1,0,56,20
A3-250_100_7500-2,4720,4720.98,1.20947,OPT,1462,0,0,AI,0,190,0.983051,1.01758,0.581622,0.39013,0,1,0,58,20
A3-250_100_7500-3,4464,4464.82,1.35843,OPT,1576,0,0,AI,0,310,0.983871,1.01703,0.709085,0.411999,0,1,0,59,21
A3-250_100_7500-4,4804,4804.69,1.01621,OPT,1218,0,0,AI,0,202,0.984596,1.01665,0.516235,0.317901,0,1,0,48,16
A3-250_100_7500-5,5048,5048.6,1.17556,OPT,1367,0,0,AI,0,269,0.986529,1.01367,0.538166,0.324522,0,2,0,53,18
A3-250_100_7500-6,4535,4535.12,0.995553,OPT,1029,0,0,AI,0,268,0.985226,1.01411,0.48927,0.256241,0,2,0,51,18
A3-250_100_7500-7,4741,4741.22,1.26099,OPT,1337,0,0,AI,0,247,0.98397,1.01687,0.618799,0.365301,0,2,0,51,21
A3-250_100_7500-8,4653,4653.56,1.11797,OPT,1259,0,0,AI,0,346,0.983237,1.01612,0.59138,0.304571,0,1,0,53,18
A3-250_100_7500-9,5171,5171.1,1.12102,OPT,1119,0,0,AI,0,150,0.98627,1.01373,0.560759,0.300857,0,1,0,57,19
A3-250_100_9999-1,6317,6317.56,0.778098,OPT,929,0,0,AI,0,216,0.995726,1.00443,0.503418,0.071916,0,1,0,32,17
A3-250_100_9999-10,5704,5704.2,1.26223,OPT,859,0,0,AI,0,331,0.992461,1.00771,0.869931,0.134003,0,1,0,46,20
A3-250_100_9999-2,6484,6484.62,0.703724,OPT,580,0,0,AI,0,272,0.999075,1.00108,0.405103,0.118296,0,1,0,30,15
A3-250_100_9999-3,5739,5739,0.64548,OPT,570,0,0,AI,0,171,0.997735,1.00227,0.38191,0.109185,0,2,0,27,14
A3-250_100_9999-4,5887,5887.81,1.09353,OPT,733,0,0,AI,0,287,0.992526,1.00815,0.723619,0.159851,0,1,0,43,20
A3-250_100_9999-5,6682,6682,0.542588,OPT,822,0,0,AI,0,139,0.999252,1.00075,0.310948,0.097327,0,1,0,23,13
A3-250_100_9999-6,6007,6007.85,0.836686,OPT,646,0,0,AI,0,172,0.994007,1.00616,0.46646,0.157788,0,1,0,35,14
A3-250_100_9999-7,6302,6302,0.500019,OPT,734,0,0,AI,0,134,1,1,0.285914,0.062851,0,1,0,24,12
A3-250_100_9999-8,5879,5879.92,1.03154,OPT,776,0,0,AI,0,163,0.994047,1.00629,0.686083,0.093405,0,1,0,38,19
A3-250_100_9999-9,6201,6201.13,0.786997,OPT,663,0,0,AI,0,266,0.995807,1.00419,0.493704,0.080015,0,2,0,31,16
A3-250_200_2500-1,3141,3141.05,13.4443,OPT,3761,0,0,AI,0,541,0.967208,1.03566,5.38542,6.75233,0,2,0,825,207
A3-250_200_2500-10,3325,3325.01,13.4919,OPT,2870,0,0,AI,0,384,0.969023,1.03429,7.33935,5.19662,0,2,0,682,194
A3-250_200_2500-2,3140,3140.01,14.739,OPT,3523,0,0,AI,0,585,0.967197,1.03631,6.34446,7.07247,0,2,0,859,225
A3-250_200_2500-3,2975,2975.06,2.35553,OPT,399,0,0,AI,0,538,0.965378,1.03697,2.00712,0.202619,0,1,0,43,15
A3-250_200_2500-4,3144,3144.03,22.2087,OPT,3898,0,0,AI,0,585,0.965013,1.03308,13.2119,7.4641,0,2,0,941,266
A3-250_200_2500-5,3243,3243.01,30.9099,OPT,3948,0,0,AI,0,771,0.970706,1.03577,20.8529,8.43788,0,2,0,1314,410
A3-250_200_2500-6,3207,3207.02,10.1031,OPT,2917,0,0,AI,0,463,0.967259,1.03274,4.03056,5.11603,0,2,0,784,201
A3-250_200_2500-7,3017,3017,17.8212,OPT,3840,0,0,AI,0,562,0.966523,1.03315,9.30118,6.95265,0,2,0,1089,315
A3-250_200_2500-8,3323,3323,20.1667,OPT,3585,0,0,AI,0,507,0.969305,1.03581,11.1709,7.52701,0,2,0,925,252
A3-250_200_2500-9,3017,3017.01,10.1617,OPT,2884,0,0,AI,0,493,0.966523,1.03348,3.12449,6.01807,0,2,0,599,165
A3-250_200_5000-1,6289,6289.02,1.70201,OPT,1253,0,0,AI,0,546,0.984258,1.01479,0.334591,0.896253,0,2,0,132,37
A3-250_200_5000-10,5928,5928.07,1.8463,OPT,1320,0,0,AI,0,366,0.984143,1.01619,0.475153,0.90212,0,2,0,117,30
A3-250_200_5000-2,6011,6011.05,2.03772,OPT,1299,0,0,AI,0,624,0.984362,1.01497,0.543863,1.00337,0,2,0,129,38
A3-250_200_5000-3,6569,6569,2.31641,OPT,1501,0,0,AI,0,246,0.984625,1.01309,0.358433,1.37651,0,2,0,134,32
A3-250_200_5000-4,6640,6640.01,1.91136,OPT,1288,0,0,AI,0,283,0.985994,1.0137,0.243951,1.08578,0,2,0,104,27
A3-250_200_5000-5,5629,5629,2.7172,OPT,1662,0,0,AI,0,552,0.983478,1.01741,0.428706,1.70932,0,2,0,155,39
A3-250_200_5000-6,5704,5704.08,2.76881,OPT,1872,0,0,AI,0,568,0.982819,1.01701,0.720907,1.43353,0,2,0,203,53
A3-250_200_5000-7,6175,6175.02,2.08248,OPT,1251,0,0,AI,0,328,0.984615,1.01636,0.250318,1.30384,0,2,0,109,29
A3-250_200_5000-8,6446,6446.15,1.07378,OPT,899,0,0,AI,0,383,0.987124,1.01396,0.245691,0.456851,0,2,0,55,14
A3-250_200_5000-9,6348,6348.04,1.94315,OPT,1375,0,0,AI,0,447,0.986452,1.01355,0.564119,0.890466,0,2,0,145,40
A3-250_200_7500-1,9901,9901.69,1.48548,OPT,1066,0,0,AI,0,465,0.994041,1.00667,0.691812,0.287462,0,1,0,57,20
A3-250_200_7500-10,9355,9355.21,1.88414,OPT,1471,0,0,AI,0,617,0.993586,1.00706,0.774248,0.409607,0,2,0,78,28
A3-250_200_7500-2,9577,9577.1,1.94898,OPT,1230,0,0,AI,0,227,0.991438,1.00908,0.57176,0.552265,0,2,0,71,23
A3-250_200_7500-3,9943,9943.02,2.30961,OPT,1599,0,0,AI,0,327,0.993161,1.00684,0.69477,0.544163,0,2,0,81,25
A3-250_200_7500-4,9725,9725.21,2.04364,OPT,1373,0,0,AI,0,170,0.993316,1.0072,0.635282,0.532621,0,2,0,65,22
A3-250_200_7500-5,9529,9529.43,1.63049,OPT,1669,0,0,AI,0,279,0.994018,1.0064,0.617629,0.36897,0,1,0,56,21
A3-250_200_7500-6,8973,8973.9,1.27984,OPT,1172,0,0,AI,0,285,0.992422,1.00747,0.4928,0.256909,0,1,0,54,19
A3-250_200_7500-7,9896,9896.88,1.55777,OPT,1513,0,0,AI,0,371,0.994038,1.00606,0.712679,0.336979,0,1,0,56,20
A3-250_200_7500-8,8423,8423.97,1.51059,OPT,1493,0,0,AI,0,137,0.990977,1.00914,0.525394,0.454888,0,1,0,63,20
A3-250_200_7500-9,9280,9280.94,1.29957,OPT,1103,0,0,AI,0,339,0.992457,1.0083,0.547893,0.295331,0,1,0,51,20
A3-250_200_9999-1,12360,12360.3,1.10688,OPT,792,0,0,AI,0,545,0.996764,1.00316,0.445742,0.08993,0,1,0,30,13
A3-250_200_9999-10,11969,11969,0.83286,OPT,822,0,0,AI,0,325,1,1,0.32802,0.088588,0,1,0,26,12
A3-250_200_9999-2,12582,12582.2,1.03992,OPT,982,0,0,AI,0,303,0.997695,1.0023,0.36631,0.056548,0,1,0,32,15
A3-250_200_9999-3,12583,12583.2,1.25749,OPT,902,0,0,AI,0,310,0.997377,1.00262,0.584389,0.075121,0,1,0,35,17
A3-250_200_9999-4,12019,12019.5,1.10553,OPT,1036,0,0,AI,0,520,0.999667,1.00042,0.381058,0.110553,0,1,0,28,12
A3-250_200_9999-5,12474,12474.6,1.13151,OPT,761,0,0,AI,0,227,0.999439,1.00064,0.518246,0.078393,0,1,0,34,15
A3-250_200_9999-6,12250,12250,1.01461,OPT,734,0,0,AI,0,207,0.999592,1.00041,0.405236,0.063988,0,1,0,30,14
A3-250_200_9999-7,12396,12396.3,1.61914,OPT,782,0,0,AI,0,571,0.996854,1.00331,0.858031,0.154912,0,1,0,37,20
A3-250_200_9999-8,11734,11734.8,0.863162,OPT,714,0,0,AI,0,164,0.997017,1.00315,0.367869,0.06238,0,1,0,26,13
A3-250_200_9999-9,12315,12315,0.880067,OPT,786,0,0,AI,0,289,0.999756,1.00024,0.352965,0.069746,0,1,0,24,13
A3-250_20_2500-1,353,353.092,1.5649,OPT,261,0,0,AI,0,171,0.713881,1.28612,1.39615,0.152249,0,1,0,26,10
A3-250_20_2500-10,322,322,3.8e-05,OPT,0,0,0,AI,0,187,1,1,0,0.002544,0,1,0,0,0
A3-250_20_2500-2,349,349,13.9786,OPT,3819,0,0,AI,0,208,0.696275,1.30372,4.52483,8.27977,0,2,0,947,235
A3-250_20_2500-3,304,304,2.4e-05,OPT,0,0,0,AI,0,193,1,1,0,0.004044,0,1,0,0,0
A3-250_20_2500-4,316,316,2.8e-05,OPT,0,0,0,AI,0,201,1,1,0,0.003382,0,1,0,0,0
A3-250_20_2500-5,333,333.001,13.9705,OPT,3339,0,0,AI,0,224,0.717718,1.38739,3.84456,8.97738,0,2,0,923,256
A3-250_20_2500-6,310,310.001,7.64852,OPT,2812,0,0,AI,0,249,0.693548,1.4,2.03287,5.03147,0,2,0,617,161
A3-250_20_2500-7,328,328,4.5e-05,OPT,0,0,0,AI,0,184,1,1,0,0.00317,0,1,0,0,0
A3-250_20_2500-8,343,343.004,21.7266,OPT,4311,0,0,AI,0,224,0.664723,1.31778,10.0218,9.90019,0,2,0,1276,358
A3-250_20_2500-9,303,303,3.7e-05,OPT,0,0,0,AI,0,228,1,1,0,0.004224,0,1,0,0,0
A3-250_20_5000-1,670,670.02,1.30173,OPT,1239,0,0,AI,0,101,0.861194,1.15522,0.298718,0.888909,0,2,0,129,31
A3-250_20_5000-10,622,622.008,3.22915,OPT,2385,0,0,AI,0,165,0.834405,1.16881,1.27539,1.70254,0,2,0,235,65
A3-250_20_5000-2,639,639.042,3.15177,OPT,1829,0,0,AI,0,177,0.849765,1.15649,1.00755,1.89703,0,2,0,211,57
A3-250_20_5000-3,625,625.111,2.35484,OPT,2040,0,0,AI,0,142,0.872,1.1648,0.725467,1.4223,0,2,0,151,35
A3-250_20_5000-4,708,708.099,1.63416,OPT,1673,0,0,AI,0,112,0.875706,1.13842,0.691732,0.802943,0,2,0,136,46
A3-250_20_5000-5,654,654.053,1.22028,OPT,1168,0,0,AI,0,146,0.863914,1.14832,0.297909,0.812405,0,2,0,105,28
A3-250_20_5000-6,597,597.002,2.18506,OPT,1806,0,0,AI,0,156,0.849246,1.15075,0.590726,1.41456,0,2,0,139,37
A3-250_20_5000-7,755,755.001,1.74695,OPT,1417,0,0,AI,0,150,0.874172,1.12848,0.302687,1.27609,0,2,0,90,22
A3-250_20_5000-8,653,653.017,1.95064,OPT,1344,0,0,AI,0,180,0.85758,1.14548,0.394888,1.40221,0,2,0,135,38
A3-250_20_5000-9,694,694.143,2.28063,OPT,1952,0,0,AI,0,131,0.863112,1.13545,1.04883,1.04698,0,2,0,145,34
A3-250_20_7500-1,987,987.783,1.09616,OPT,1618,0,0,AI,0,97,0.934144,1.07903,0.531585,0.435188,0,1,0,72,24
A3-250_20_7500-10,945,945.944,0.902937,OPT,1386,0,0,AI,0,95,0.924868,1.07302,0.442465,0.367211,0,1,0,57,22
A3-250_20_7500-2,1015,1015.83,0.93154,OPT,1475,0,0,AI,0,98,0.941872,1.05911,0.475389,0.350242,0,1,0,58,22
A3-250_20_7500-3,1006,1006.01,0.661592,OPT,1145,0,0,AI,0,57,0.932406,1.06561,0.155333,0.406957,0,2,0,35,10
A3-250_20_7500-4,869,869.219,0.772629,OPT,1060,0,0,AI,0,96,0.915995,1.09321,0.190433,0.479356,0,2,0,35,10
A3-250_20_7500-5,982,982.087,0.667569,OPT,1019,0,0,AI,0,110,0.925662,1.07332,0.157379,0.403097,0,2,0,41,11
A3-250_20_7500-6,1021,1021.25,0.89957,OPT,1166,0,0,AI,0,105,0.938296,1.06464,0.466011,0.33159,0,2,0,54,21
A3-250_20_7500-7,971,971.079,0.636211,OPT,933,0,0,AI,0,133,0.918641,1.0793,0.145859,0.390327,0,2,0,45,13
A3-250_20_7500-8,1051,1051.2,0.886026,OPT,1464,0,0,AI,0,114,0.949572,1.05994,0.465053,0.296901,0,2,0,55,20
A3-250_20_7500-9,1021,1021.02,0.828378,OPT,1226,0,0,AI,0,86,0.921645,1.08227,0.184656,0.521263,0,2,0,42,13
A3-250_20_9999-1,1263,1263.5,0.485148,OPT,817,0,0,AI,0,116,0.977039,1.02375,0.304324,0.13071,0,1,0,34,14
A3-250_20_9999-10,1275,1275.08,0.505104,OPT,782,0,0,AI,0,108,0.978039,1.02196,0.342579,0.109933,0,2,0,29,14
A3-250_20_9999-2,1274,1274.75,0.414934,OPT,777,0,0,AI,0,57,0.986656,1.01413,0.293557,0.072235,0,1,0,28,13
A3-250_20_9999-3,1340,1340.5,0.486066,OPT,825,0,0,AI,0,117,0.976866,1.02388,0.348284,0.084395,0,1,0,29,16
A3-250_20_9999-4,1277,1277,0.45488,OPT,786,0,0,AI,0,101,0.982772,1.01644,0.324422,0.078155,0,2,0,32,17
A3-250_20_9999-5,1351,1351.67,0.538923,OPT,655,0,0,AI,0,70,0.979275,1.02221,0.380889,0.108519,0,1,0,28,14
A3-250_20_9999-6,1295,1295.29,0.44047,OPT,865,0,0,AI,0,114,0.976834,1.02471,0.335251,0.054855,0,2,0,27,14
A3-250_20_9999-7,1268,1268.33,0.396984,OPT,894,0,0,AI,0,89,0.977129,1.02366,0.296126,0.054936,0,1,0,28,13
A3-250_20_9999-8,1287,1287.69,0.487224,OPT,944,0,0,AI,0,97,0.974359,1.02797,0.400782,0.034655,0,1,0,33,16
A3-250_20_9999-9,1254,1254,0.646947,OPT,884,0,0,AI,0,107,1,1,0.427837,0.126549,0,1,0,45,18
A3-50_100_2500-1,246,246.003,0.673839,OPT,291,0,0,AI,0,128,0.914634,1.07317,0.457553,0.17702,0,2,0,166,46
A3-50_100_2500-10,284,284.008,0.505992,OPT,308,0,0,AI,0,123,0.926056,1.08803,0.2338,0.225675,0,2,0,198,54
A3-50_100_2500-2,344,344.019,0.029838,OPT,68,0,0,AI,0,89,0.93314,1.06977,0.014518,0.011163,0,1,0,15,5
A3-50_100_2500-3,310,310.009,0.021066,OPT,32,0,0,AI,0,94,0.925806,1.08065,0.011584,0.006807,0,1,0,9,3
A3-50_100_2500-4,339,339.011,0.328346,OPT,246,0,0,AI,0,247,0.941003,1.0767,0.14648,0.144841,0,2,0,119,33
A3-50_100_2500-5,283,283.08,0.110615,OPT,12,0,0,AI,0,161,0.925795,1.0742,0.10758,0.002592,0,1,0,3,2
A3-50_100_2500-6,291,291.011,0.327775,OPT,104,0,0,AI,0,221,0.938144,1.07904,0.269456,0.048078,0,2,0,46,14
A3-50_100_2500-7,351,351.1,0.169381,OPT,25,0,0,AI,0,195,0.940171,1.07407,0.162954,0.004715,0,1,0,5,3
A3-50_100_2500-8,318,318.139,0.140965,OPT,14,0,0,AI,0,127,0.933962,1.06918,0.136858,0.003416,0,1,0,3,2
A3-50_100_2500-9,315,315.043,0.109968,OPT,122,0,0,AI,0,129,0.939683,1.07619,0.058189,0.042458,0,2,0,36,11
A3-50_100_5000-1,582,582.164,0.021366,OPT,72,0,0,AI,0,158,0.958763,1.04296,0.009021,0.008278,0,1,0,8,3
A3-50_100_5000-10,610,610,0.105064,OPT,141,0,0,AI,0,128,0.968852,1.03279,0.027931,0.05717,0,2,0,26,9
A3-50_100_5000-2,548,548.132,0.053756,OPT,92,0,0,AI,0,79,0.968978,1.04015,0.017376,0.031858,0,1,0,11,4
A3-50_100_5000-3,611,611.001,0.083605,OPT,157,0,0,AI,0,86,0.97054,1.0311,0.028884,0.041737,0,1,0,29,9
A3-50_100_5000-4,700,700.112,0.046643,OPT,132,0,0,AI,0,166,0.971429,1.02429,0.018108,0.014674,0,2,0,16,6
A3-50_100_5000-5,713,713.024,0.037817,OPT,106,0,0,AI,0,67,0.970547,1.02665,0.012768,0.013286,0,2,0,14,5
A3-50_100_5000-6,620,620.035,0.05004,OPT,126,0,0,AI,0,61,0.966129,1.03226,0.018569,0.017995,0,2,0,16,6
A3-50_100_5000-7,666,666.212,0.044379,OPT,97,0,0,AI,0,85,0.96997,1.03303,0.010902,0.026712,0,1,0,10,4
A3-50_100_5000-8,691,691.92,0.154244,OPT,157,0,0,AI,0,152,0.973951,1.0275,0.101002,0.039511,0,1,0,30,13
A3-50_100_5000-9,791,791.863,0.149402,OPT,160,0,0,AI,0,82,0.978508,1.02908,0.093911,0.041393,0,1,0,34,15
A3-50_100_7500-1,791,791.436,0.208014,OPT,102,0,0,AI,0,165,0.99115,1.01391,0.157959,0.032371,0,1,0,24,13
A3-50_100_7500-10,893,893.835,0.1421,OPT,136,0,0,AI,0,98,0.983203,1.01456,0.118398,0.013042,0,1,0,24,13
A3-50_100_7500-2,1115,1115.48,0.181836,OPT,120,0,0,AI,0,167,0.989238,1.01076,0.148863,0.010965,0,1,0,26,15
A3-50_100_7500-3,1085,1085.89,0.127417,OPT,125,0,0,AI,0,138,0.987097,1.01751,0.095722,0.011979,0,1,0,22,11
A3-50_100_7500-4,764,764.391,0.143717,OPT,125,0,0,AI,0,83,0.985602,1.01832,0.092572,0.034868,0,1,0,30,13
A3-50_100_7500-5,1028,1028.98,0.101178,OPT,177,0,0,AI,0,93,0.98249,1.01848,0.066757,0.013087,0,1,0,28,13
A3-50_100_7500-6,1008,1008.66,0.115639,OPT,97,0,0,AI,0,93,0.988095,1.01488,0.093323,0.008265,0,1,0,17,10
A3-50_100_7500-7,857,857.568,0.372687,OPT,159,0,0,AI,0,317,0.98133,1.02217,0.325276,0.020851,0,1,0,38,21
A3-50_100_7500-8,908,908.696,0.079272,OPT,92,0,0,AI,0,100,0.982379,1.01982,0.058205,0.00829,0,1,0,20,10
A3-50_100_7500-9,784,784.857,0.153261,OPT,97,0,0,AI,0,39,0.980867,1.01786,0.133035,0.010919,0,1,0,22,14
A3-50_100_9999-1,1091,1091.92,0.057611,OPT,72,0,0,AI,0,89,0.987168,1.01375,0.048057,0.003637,0,1,0,9,7
A3-50_100_9999-10,1246,1246.75,0.077684,OPT,62,0,0,AI,0,70,0.997592,1.00321,0.062739,0.005154,0,1,0,10,8
A3-50_100_9999-2,1162,1162,0.087956,OPT,63,0,0,AI,0,94,0.987952,1.01205,0.070322,0.005828,0,2,0,10,8
A3-50_100_9999-3,1253,1253.1,0.101913,OPT,70,0,0,AI,0,100,0.993615,1.00718,0.065607,0.025006,0,1,0,14,8
A3-50_100_9999-4,1064,1064.65,0.133001,OPT,72,0,0,AI,0,121,0.989662,1.01128,0.095923,0.025853,0,1,0,19,11
A3-50_100_9999-5,1365,1365.1,0.05379,OPT,63,0,0,AI,0,85,0.995604,1.00366,0.040733,0.003899,0,1,0,11,8
A3-50_100_9999-6,1248,1248.67,0.159079,OPT,102,0,0,AI,0,129,0.991987,1.00962,0.120981,0.027372,0,1,0,17,14
A3-50_100_9999-7,1135,1135.73,0.110751,OPT,95,0,0,AI,0,91,0.990308,1.01057,0.08805,0.008021,0,1,0,19,11
A3-50_100_9999-8,1222,1222,0.043191,OPT,85,0,0,AI,0,27,1,1,0.033419,0.003818,0,1,0,7,5
A3-50_100_9999-9,1152,1152.5,0.051587,OPT,106,0,0,AI,0,33,0.999132,1.00174,0.042526,0.003476,0,1,0,8,7
A3-50_200_2500-1,481,481.008,0.449767,OPT,339,0,0,AI,0,249,0.95842,1.05198,0.168992,0.226584,0,2,0,183,55
A3-50_200_2500-10,669,669.157,0.029012,OPT,41,0,0,AI,0,318,0.959641,1.03438,0.01544,0.005877,0,1,0,8,4
A3-50_200_2500-2,655,655.005,0.320531,OPT,188,0,0,AI,0,311,0.967939,1.03511,0.215821,0.078572,0,2,0,86,24
A3-50_200_2500-3,781,781.078,0.062846,OPT,71,0,0,AI,0,259,0.965429,1.02689,0.01943,0.031474,0,1,0,14,5
A3-50_200_2500-4,664,664.255,0.057196,OPT,96,0,0,AI,0,123,0.966867,1.03313,0.024648,0.016296,0,1,0,20,7
A3-50_200_2500-5,622,622.004,0.274327,OPT,328,0,0,AI,0,287,0.96463,1.04341,0.106922,0.120648,0,2,0,177,55
A3-50_200_2500-6,629,629.027,0.307474,OPT,83,0,0,AI,0,480,0.958665,1.03498,0.19351,0.097786,0,2,0,48,14
A3-50_200_2500-7,613,613.04,0.071471,OPT,53,0,0,AI,0,144,0.959217,1.03426,0.019844,0.045014,0,1,0,8,4
A3-50_200_2500-8,501,501.006,0.823091,OPT,124,0,0,AI,0,351,0.958084,1.04591,0.778993,0.030204,0,2,0,60,20
A3-50_200_2500-9,723,723.006,0.251692,OPT,130,0,0,AI,0,171,0.965422,1.03043,0.081136,0.136306,0,2,0,49,14
A3-50_200_5000-1,921,921.076,0.04682,OPT,80,0,0,AI,0,427,0.977199,1.02606,0.024145,0.011635,0,2,0,15,5
A3-50_200_5000-10,1012,1012.19,0.055186,OPT,80,0,0,AI,0,217,0.979249,1.02273,0.016276,0.028907,0,1,0,10,4
A3-50_200_5000-2,1356,1356.6,0.156698,OPT,152,0,0,AI,0,121,0.984513,1.0118,0.118547,0.019151,0,1,0,33,15
A3-50_200_5000-3,1379,1379.66,0.156512,OPT,162,0,0,AI,0,148,0.982596,1.0145,0.11036,0.022699,0,1,0,38,15
A3-50_200_5000-4,1271,1271.06,0.048038,OPT,112,0,0,AI,0,198,0.981904,1.01495,0.017342,0.015248,0,2,0,19,6
A3-50_200_5000-5,1132,1132,0.106279,OPT,198,0,0,AI,0,149,0.977032,1.01678,0.025523,0.045583,0,2,0,48,17
A3-50_200_5000-6,1180,1180.02,0.10879,OPT,130,0,0,AI,0,66,0.980508,1.01695,0.0219,0.061387,0,2,0,23,7
A3-50_200_5000-7,1320,1320.04,0.074247,OPT,102,0,0,AI,0,208,0.986364,1.0197,0.013681,0.036867,0,2,0,16,5
A3-50_200_5000-8,1336,1336.17,0.069401,OPT,109,0,0,AI,0,229,0.984281,1.01796,0.018082,0.035294,0,1,0,16,5
A3-50_200_5000-9,1278,1278.01,0.183956,OPT,230,0,0,AI,0,85,0.985133,1.01878,0.087657,0.054903,0,2,0,56,19
A3-50_200_7500-1,1718,1718.48,0.340914,OPT,122,0,0,AI,0,248,0.988941,1.01106,0.261002,0.054219,0,1,0,29,14
A3-50_200_7500-10,1744,1744.47,0.117515,OPT,96,0,0,AI,0,178,0.993119,1.00803,0.086415,0.010456,0,1,0,21,12
A3-50_200_7500-2,1903,1903.88,0.284411,OPT,127,0,0,AI,0,293,0.992118,1.00893,0.235839,0.01503,0,1,0,33,16
A3-50_200_7500-3,1860,1860.1,0.201642,OPT,109,0,0,AI,0,284,0.99086,1.0086,0.138873,0.028155,0,1,0,21,10
A3-50_200_7500-4,1803,1803.7,0.167961,OPT,134,0,0,AI,0,118,0.992235,1.01054,0.121841,0.01341,0,1,0,26,15
A3-50_200_7500-5,1879,1879.24,0.12568,OPT,85,0,0,AI,0,148,0.992549,1.00745,0.074694,0.029258,0,1,0,15,8
A3-50_200_7500-6,1775,1775.07,0.115507,OPT,71,0,0,AI,0,110,0.988732,1.00958,0.064662,0.028753,0,2,0,15,9
A3-50_200_7500-7,1674,1674.17,0.109625,OPT,98,0,0,AI,0,86,0.991637,1.00956,0.059319,0.029232,0,1,0,19,11
A3-50_200_7500-8,1740,1740.48,0.080983,OPT,82,0,0,AI,0,76,0.991954,1.00862,0.058124,0.006905,0,1,0,17,10
A3-50_200_7500-9,1979,1979.94,0.111631,OPT,99,0,0,AI,0,29,0.993431,1.00758,0.059995,0.028108,0,1,0,15,10
A3-50_200_9999-1,2201,2201.25,0.080171,OPT,110,0,0,AI,0,85,0.996365,1.00409,0.053902,0.005608,0,2,0,14,9
A3-50_200_9999-10,2139,2139.6,0.114097,OPT,72,0,0,AI,0,51,0.99626,1.00468,0.06579,0.026292,0,1,0,13,7
A3-50_200_9999-2,2563,2563.2,0.092392,OPT,81,0,0,AI,0,135,0.995318,1.00468,0.066123,0.00488,0,1,0,11,8
A3-50_200_9999-3,2459,2459.38,0.070256,OPT,94,0,0,AI,0,70,0.99512,1.00488,0.046934,0.004818,0,1,0,12,8
A3-50_200_9999-4,2533,2533.4,0.157686,OPT,82,0,0,AI,0,118,0.996447,1.00474,0.088942,0.044059,0,1,0,16,11
A3-50_200_9999-5,2413,2413.33,0.086541,OPT,64,0,0,AI,0,64,0.998342,1.00207,0.043553,0.023688,0,1,0,9,7
A3-50_200_9999-6,2444,2444.89,0.193597,OPT,87,0,0,AI,0,154,0.993863,1.00696,0.153509,0.008049,0,1,0,19,13
A3-50_200_9999-7,2751,2751.75,0.09748,OPT,104,0,0,AI,0,137,0.996365,1.004,0.077671,0.004104,0,1,0,9,9
A3-50_200_9999-8,2143,2143.04,0.113901,OPT,65,0,0,AI,0,65,0.993467,1.007,0.070739,0.02587,0,1,0,10,7
A3-50_200_9999-9,2304,2304.88,0.186118,OPT,87,0,0,AI,0,136,0.994792,1.00608,0.123205,0.030336,0,1,0,18,11
A3-50_20_2500-1,72,72,2.3e-05,OPT,0,0,0,AI,0,56,1,1,0,0.000573002,0,1,0,0,0
A3-50_20_2500-10,56,56,2.2e-05,OPT,0,0,0,AI,0,119,1,1,0,0.000476003,0,1,0,0,0
A3-50_20_2500-2,66,66.008,0.186191,OPT,137,0,0,AI,0,61,0.606061,1.31818,0.094033,0.079733,0,2,0,58,14
A3-50_20_2500-3,69,69,2.6e-05,OPT,0,0,0,AI,0,66,1,1,0,0.001119,0,1,0,0,0
A3-50_20_2500-4,62,62,3.1e-05,OPT,0,0,0,AI,0,73,1,1,0,0.000604,0,1,0,0,0
A3-50_20_2500-5,72,72,2.8e-05,OPT,0,0,0,AI,0,89,1,1,0,0.000547998,0,1,0,0,0
A3-50_20_2500-6,61,61,2.7e-05,OPT,0,0,0,AI,0,81,1,1,0,0.000565998,0,1,0,0,0
A3-50_20_2500-7,86,86,2.9e-05,OPT,0,0,0,AI,0,75,1,1,0,0.000662997,0,1,0,0,0
A3-50_20_2500-8,59,59.0047,0.150578,OPT,81,0,0,AI,0,78,0.644068,1.40678,0.037165,0.104579,0,2,0,21,7
A3-50_20_2500-9,53,53.0012,0.308993,OPT,303,0,0,AI,0,111,0.641509,1.5283,0.135281,0.135569,0,2,0,179,49
A3-50_20_5000-1,142,142.123,0.039989,OPT,58,0,0,AI,0,43,0.852113,1.14789,0.011433,0.026504,0,1,0,6,2
A3-50_20_5000-10,120,120.017,0.037286,OPT,116,0,0,AI,0,58,0.833333,1.15833,0.01495,0.016722,0,2,0,18,6
A3-50_20_5000-2,108,108.045,0.028343,OPT,102,0,0,AI,0,64,0.824074,1.22222,0.014161,0.010814,0,1,0,18,5
A3-50_20_5000-3,157,157.267,0.041605,OPT,79,0,0,AI,0,60,0.872611,1.1465,0.033265,0.006862,0,1,0,9,3
A3-50_20_5000-4,135,135.023,0.053562,OPT,129,0,0,AI,0,44,0.844444,1.13333,0.028608,0.018678,0,2,0,25,8
A3-50_20_5000-5,152,152.047,0.046341,OPT,97,0,0,AI,0,55,0.868421,1.14474,0.015196,0.022618,0,2,0,14,4
A3-50_20_5000-6,141,141.331,0.061991,OPT,52,0,0,AI,0,59,0.836879,1.15603,0.053793,0.006554,0,1,0,7,2
A3-50_20_5000-7,130,130.083,0.029716,OPT,95,0,0,AI,0,54,0.861538,1.16154,0.016542,0.010112,0,2,0,15,5
A3-50_20_5000-8,111,111.005,0.035335,OPT,83,0,0,AI,0,53,0.81982,1.18018,0.014012,0.016265,0,2,0,12,4
A3-50_20_5000-9,135,135.006,0.058077,OPT,181,0,0,AI,0,34,0.851852,1.14815,0.02,0.027821,0,2,0,35,14
A3-50_20_7500-1,152,152.851,0.083169,OPT,131,0,0,AI,0,39,0.914474,1.11184,0.059926,0.015333,0,1,0,33,14
A3-50_20_7500-10,230,230.854,0.09033,OPT,114,0,0,AI,0,52,0.917391,1.08696,0.073483,0.010277,0,1,0,19,10
A3-50_20_7500-2,188,188.724,0.170402,OPT,180,0,0,AI,0,81,0.930851,1.07447,0.127405,0.026454,0,1,0,47,19
A3-50_20_7500-3,201,201.725,0.078479,OPT,77,0,0,AI,0,31,0.920398,1.0796,0.045542,0.028102,0,1,0,13,8
A3-50_20_7500-4,212,212.7,0.061698,OPT,106,0,0,AI,0,27,0.943396,1.08019,0.046728,0.009595,0,1,0,16,9
A3-50_20_7500-5,185,185.989,0.124969,OPT,133,0,0,AI,0,33,0.924324,1.09189,0.082723,0.034575,0,1,0,29,13
A3-50_20_7500-6,181,181.01,0.132792,OPT,115,0,0,AI,0,49,0.911602,1.09945,0.084691,0.054584,0,2,0,28,13
A3-50_20_7500-7,153,153.929,0.114427,OPT,123,0,0,AI,0,56,0.901961,1.11111,0.074426,0.033292,0,1,0,28,15
A3-50_20_7500-8,233,233.133,0.132465,OPT,129,0,0,AI,0,33,0.944206,1.0515,0.069376,0.055065,0,1,0,23,12
A3-50_20_7500-9,194,194.833,0.051457,OPT,111,0,0,AI,0,48,0.958763,1.04639,0.039494,0.007397,0,1,0,17,9
A3-50_20_9999-1,237,237.25,0.05992,OPT,103,0,0,AI,0,30,0.957806,1.04219,0.049998,0.00582,0,1,0,14,10
A3-50_20_9999-10,263,263.667,0.034435,OPT,76,0,0,AI,0,19,0.996198,1.0076,0.027416,0.004209,0,1,0,11,8
A3-50_20_9999-2,217,217.444,0.04955,OPT,76,0,0,AI,0,38,0.953917,1.0553,0.039716,0.00619,0,1,0,12,7
A3-50_20_9999-3,235,235,0.030834,OPT,63,0,0,AI,0,35,1,1,0.026239,0.00289,0,1,0,8,6
A3-50_20_9999-4,235,235.667,0.055031,OPT,125,0,0,AI,0,48,0.957447,1.05106,0.045449,0.005569,0,1,0,13,9
A3-50_20_9999-5,193,193.617,0.103712,OPT,122,0,0,AI,0,44,0.943005,1.07254,0.083557,0.012527,0,1,0,25,13
A3-50_20_9999-6,248,248.25,0.048471,OPT,95,0,0,AI,0,33,0.967742,1.03226,0.039825,0.004838,0,1,0,12,8
A3-50_20_9999-7,292,292.167,0.054237,OPT,58,0,0,AI,0,45,0.989726,1.0137,0.045959,0.004642,0,1,0,11,6
A3-50_20_9999-8,229,229.417,0.104037,OPT,108,0,0,AI,0,65,0.947598,1.0524,0.086055,0.0105,0,1,0,25,14
A3-50_20_9999-9,215,215.5,0.050573,OPT,81,0,0,AI,0,39,1,1.00465,0.040724,0.005619,0,1,0,14,9
A3-75_100_2500-1,444,444.021,0.823567,OPT,605,0,0,AI,0,148,0.934685,1.07658,0.428499,0.311391,0,2,0,248,73
A3-75_100_2500-10,424,424.106,0.257856,OPT,14,0,0,AI,0,384,0.924528,1.07075,0.25356,0.004056,0,1,0,2,1
A3-75_100_2500-2,510,510.004,0.991608,OPT,315,0,0,AI,0,249,0.943137,1.06667,0.857623,0.10428,0,2,0,97,25
A3-75_100_2500-3,391,391.094,0.32751,OPT,33,0,0,AI,0,237,0.918159,1.09719,0.321555,0.004446,0,1,0,7,3
A3-75_100_2500-4,502,502.072,0.52968,OPT,163,0,0,AI,0,197,0.932271,1.06375,0.405851,0.105332,0,2,0,53,16
A3-75_100_2500-5,454,454.049,0.012293,OPT,19,0,0,AI,0,164,0.933921,1.0815,0.008516,0.00304,0,1,0,2,1
A3-75_100_2500-6,488,488,1.04641,OPT,659,0,0,AI,0,172,0.928279,1.06762,0.599208,0.355225,0,2,0,300,88
A3-75_100_2500-7,459,459.017,2.37777,OPT,356,0,0,AI,0,242,0.934641,1.07407,2.13514,0.192746,0,2,0,150,47
A3-75_100_2500-8,558,558.029,0.435628,OPT,201,0,0,AI,0,161,0.939068,1.0681,0.328978,0.089449,0,2,0,53,14
A3-75_100_2500-9,473,473.007,1.48226,OPT,857,0,0,AI,0,280,0.92389,1.07611,0.712347,0.616116,0,2,0,407,113
A3-75_100_5000-1,935,935.053,0.192855,OPT,270,0,0,AI,0,145,0.970053,1.03316,0.053953,0.106863,0,2,0,53,15
A3-75_100_5000-10,965,965.24,0.053425,OPT,172,0,0,AI,0,193,0.967876,1.03834,0.022599,0.021094,0,1,0,15,5
A3-75_100_5000-2,943,943.004,0.187763,OPT,288,0,0,AI,0,170,0.966066,1.03393,0.067325,0.084359,0,2,0,81,21
A3-75_100_5000-3,853,853.013,0.13435,OPT,218,0,0,AI,0,162,0.966002,1.03986,0.035891,0.069695,0,2,0,45,15
A3-75_100_5000-4,954,954.058,0.129313,OPT,218,0,0,AI,0,111,0.972746,1.02725,0.055088,0.048099,0,2,0,45,15
A3-75_100_5000-5,866,866.021,0.200452,OPT,329,0,0,AI,0,313,0.963048,1.04157,0.058768,0.101649,0,2,0,70,25
A3-75_100_5000-6,929,929.024,0.215973,OPT,314,0,0,AI,0,139,0.965554,1.03337,0.051536,0.11646,0,2,0,55,17
A3-75_100_5000-7,1004,1004.99,0.298772,OPT,342,0,0,AI,0,224,0.9751,1.03287,0.168875,0.09381,0,1,0,48,19
A3-75_100_5000-8,820,820.055,0.22244,OPT,188,0,0,AI,0,263,0.959756,1.03537,0.11355,0.07924,0,2,0,44,11
A3-75_100_5000-9,939,939.034,0.143531,OPT,238,0,0,AI,0,147,0.970181,1.02982,0.049551,0.065897,0,2,0,52,14
A3-75_100_7500-1,1257,1257.1,0.225478,OPT,215,0,0,AI,0,137,0.980907,1.02228,0.178007,0.023473,0,1,0,28,15
A3-75_100_7500-10,1183,1183.8,0.291719,OPT,236,0,0,AI,0,198,0.978867,1.02198,0.197357,0.064146,0,1,0,34,14
A3-75_100_7500-2,1611,1611.44,0.291297,OPT,289,0,0,AI,0,141,0.988827,1.01179,0.21931,0.036214,0,1,0,36,18
A3-75_100_7500-3,1682,1682.48,0.181856,OPT,222,0,0,AI,0,126,0.986326,1.01367,0.105627,0.052986,0,1,0,20,9
A3-75_100_7500-4,1756,1756.86,0.177104,OPT,187,0,0,AI,0,97,0.986333,1.01481,0.130857,0.015847,0,1,0,24,12
A3-75_100_7500-5,1676,1676.41,0.410975,OPT,285,0,0,AI,0,222,0.98568,1.01372,0.261096,0.104358,0,1,0,37,19
A3-75_100_7500-6,1290,1290.65,0.210718,OPT,237,0,0,AI,0,135,0.979845,1.02016,0.156078,0.02793,0,1,0,31,13
A3-75_100_7500-7,1259,1259.83,0.169496,OPT,185,0,0,AI,0,50,0.980937,1.02145,0.112774,0.034204,0,1,0,25,13
A3-75_100_7500-8,1629,1629.5,0.16603,OPT,243,0,0,AI,0,102,0.994475,1.00675,0.090888,0.047487,0,1,0,22,12
A3-75_100_7500-9,1517,1517,0.141619,OPT,221,0,0,AI,0,52,1,1,0.09114,0.01748,0,1,0,24,11
A3-75_100_9999-1,2012,2012.5,0.105852,OPT,170,0,0,AI,0,80,0.999006,1.00149,0.082661,0.006167,0,1,0,11,8
A3-75_100_9999-10,1959,1959.5,0.063961,OPT,109,0,0,AI,0,45,1,1.00051,0.050404,0.004293,0,1,0,8,7
A3-75_100_9999-2,1786,1786.1,0.152533,OPT,141,0,0,AI,0,29,0.993841,1.00616,0.077791,0.047489,0,2,0,18,12
A3-75_100_9999-3,1713,1713.6,0.108901,OPT,147,0,0,AI,0,94,0.987741,1.01284,0.083454,0.007652,0,1,0,16,8
A3-75_100_9999-4,1932,1932.5,0.117473,OPT,121,0,0,AI,0,78,1,1.00052,0.096371,0.006342,0,1,0,14,11
A3-75_100_9999-5,1743,1743,0.109549,OPT,158,0,0,AI,0,87,0.998853,1.00115,0.084812,0.007102,0,1,0,12,8
A3-75_100_9999-6,1757,1757.8,0.130689,OPT,105,0,0,AI,0,142,0.988617,1.01138,0.106156,0.028652,0,1,0,14,9
A3-75_100_9999-7,1680,1680.05,0.132205,OPT,100,0,0,AI,0,83,0.994048,1.00595,0.097791,0.01062,0,2,0,20,10
A3-75_100_9999-8,1888,1888,0.067858,OPT,124,0,0,AI,0,35,1,1,0.049393,0.006199,0,1,0,12,8
A3-75_100_9999-9,1726,1726.4,0.140725,OPT,115,0,0,AI,0,118,0.992468,1.00811,0.105552,0.011604,0,1,0,17,9
A3-75_200_2500-1,1025,1025.2,0.078872,OPT,92,0,0,AI,0,427,0.967805,1.03024,0.026913,0.03343,0,1,0,16,5
A3-75_200_2500-10,994,994.236,0.230824,OPT,61,0,0,AI,0,221,0.966801,1.03722,0.212732,0.009566,0,1,0,12,4
A3-75_200_2500-2,854,854.01,1.30054,OPT,647,0,0,AI,0,549,0.956674,1.03981,0.662774,0.507496,0,2,0,351,93
A3-75_200_2500-3,912,912.004,1.94933,OPT,455,0,0,AI,0,183,0.963816,1.0307,1.48854,0.374792,0,2,0,229,71
A3-75_200_2500-4,986,986.083,0.120092,OPT,122,0,0,AI,0,385,0.969574,1.03448,0.043338,0.054601,0,1,0,27,8
A3-75_200_2500-5,861,861.02,0.558126,OPT,272,0,0,AI,0,308,0.966318,1.04413,0.320152,0.18336,0,2,0,133,32
A3-75_200_2500-6,828,828.021,2.24245,OPT,774,0,0,AI,0,317,0.955314,1.04106,1.52479,0.566798,0,2,0,386,105
A3-75_200_2500-7,908,908.007,2.21548,OPT,681,0,0,AI,0,336,0.959251,1.03414,1.73592,0.371643,0,2,0,333,104
A3-75_200_2500-8,917,917.032,0.544082,OPT,460,0,0,AI,0,176,0.964013,1.03599,0.22531,0.245057,0,2,0,181,57
A3-75_200_2500-9,849,849.053,0.079127,OPT,85,0,0,AI,0,493,0.956419,1.03416,0.03219,0.032486,0,1,0,16,5
A3-75_200_5000-1,1561,1561.01,0.198725,OPT,276,0,0,AI,0,152,0.980141,1.02114,0.041089,0.101173,0,2,0,38,10
A3-75_200_5000-10,1601,1601.26,0.080098,OPT,139,0,0,AI,0,232,0.981262,1.01999,0.027665,0.027082,0,1,0,17,5
A3-75_200_5000-2,1978,1978.01,0.175906,OPT,225,0,0,AI,0,200,0.984833,1.01618,0.05267,0.069027,0,2,0,28,8
A3-75_200_5000-3,1416,1416.05,0.076865,OPT,132,0,0,AI,0,208,0.97952,1.02331,0.023265,0.035668,0,1,0,12,4
A3-75_200_5000-4,1800,1800.01,0.149854,OPT,274,0,0,AI,0,222,0.982778,1.01833,0.046806,0.064662,0,2,0,52,16
A3-75_200_5000-5,1653,1653,0.314877,OPT,296,0,0,AI,0,224,0.978826,1.01996,0.052482,0.179676,0,2,0,91,30
A3-75_200_5000-6,1989,1989.15,0.064732,OPT,136,0,0,AI,0,220,0.98542,1.01559,0.025039,0.038979,0,1,0,13,4
A3-75_200_5000-7,2099,2099.35,0.088569,OPT,206,0,0,AI,0,188,0.983802,1.01429,0.03042,0.027735,0,1,0,20,6
A3-75_200_5000-8,1746,1746.04,0.179877,OPT,181,0,0,AI,0,152,0.982245,1.02062,0.045509,0.092544,0,2,0,34,8
A3-75_200_5000-9,2110,2110,0.213949,OPT,293,0,0,AI,0,106,0.985782,1.01469,0.044718,0.096149,0,2,0,50,14
A3-75_200_7500-1,2869,2869.39,0.374279,OPT,203,0,0,AI,0,343,0.99268,1.00802,0.248909,0.048222,0,1,0,36,15
A3-75_200_7500-10,2849,2849.78,0.23105,OPT,187,0,0,AI,0,164,0.991225,1.00772,0.151984,0.040573,0,1,0,24,12
A3-75_200_7500-2,2406,2406.07,0.246971,OPT,164,0,0,AI,0,104,0.991687,1.00707,0.175861,0.02109,0,2,0,30,14
A3-75_200_7500-3,2596,2596.16,0.369201,OPT,259,0,0,AI,0,401,0.991911,1.00809,0.292931,0.028336,0,1,0,37,16
A3-75_200_7500-4,2729,2729.92,0.318105,OPT,274,0,0,AI,0,355,0.991206,1.00879,0.24127,0.025153,0,1,0,44,20
A3-75_200_7500-5,2919,2919.25,0.194064,OPT,216,0,0,AI,0,147,0.991778,1.00822,0.121609,0.033728,0,1,0,21,12
A3-75_200_7500-6,2553,2553.83,0.315872,OPT,231,0,0,AI,0,226,0.990991,1.01018,0.193507,0.064979,0,1,0,28,14
A3-75_200_7500-7,3281,3281.01,0.164143,OPT,160,0,0,AI,0,72,0.992685,1.00701,0.094432,0.016802,0,2,0,23,12
A3-75_200_7500-8,3114,3114.44,0.347975,OPT,256,0,0,AI,0,349,0.99422,1.0061,0.270912,0.023067,0,1,0,30,17
A3-75_200_7500-9,2941,2941.59,0.39563,OPT,270,0,0,AI,0,145,0.99252,1.0068,0.238039,0.086471,0,1,0,34,16
A3-75_200_9999-1,3645,3645.8,0.142662,OPT,124,0,0,AI,0,74,0.999726,1.00055,0.067652,0.030472,0,1,0,14,9
A3-75_200_9999-10,3631,3631.17,0.089943,OPT,124,0,0,AI,0,59,0.999449,1.00055,0.056896,0.006377,0,1,0,12,8
A3-75_200_9999-2,3894,3894.75,0.119854,OPT,86,0,0,AI,0,82,0.997689,1.00282,0.084583,0.00571,0,1,0,9,7
A3-75_200_9999-3,3435,3435.69,0.169872,OPT,162,0,0,AI,0,93,0.996215,1.00437,0.090303,0.032572,0,1,0,20,10
A3-75_200_9999-4,4310,4310.5,0.140106,OPT,138,0,0,AI,0,151,1,1.00023,0.089496,0.007609,0,1,0,11,7
A3-75_200_9999-5,3599,3599.25,0.182855,OPT,204,0,0,AI,0,216,0.995832,1.00417,0.106589,0.026943,0,1,0,14,9
A3-75_200_9999-6,3614,3614,0.152697,OPT,140,0,0,AI,0,54,0.997233,1.00332,0.084308,0.011381,0,2,0,19,10
A3-75_200_9999-7,3547,3547.12,0.220238,OPT,169,0,0,AI,0,101,0.997463,1.00254,0.116113,0.04902,0,2,0,21,12
A3-75_200_9999-8,3509,3509,0.145477,OPT,112,0,0,AI,0,45,1,1,0.068346,0.042586,0,1,0,10,8
A3-75_200_9999-9,4074,4074,0.07797,OPT,131,0,0,AI,0,27,1,1,0.047258,0.004715,0,1,0,10,7
A3-75_20_2500-1,96,96,5.9e-05,OPT,0,0,0,AI,0,89,1,1,0,0.001529,0,1,0,0,0
A3-75_20_2500-10,119,119.095,0.318759,OPT,80,0,0,AI,0,96,0.731092,1.28571,0.282478,0.032826,0,1,0,20,7
A3-75_20_2500-2,111,111,2.7e-05,OPT,0,0,0,AI,0,130,1,1,0,0.001132,0,1,0,0,0
A3-75_20_2500-3,105,105,3.6e-05,OPT,0,0,0,AI,0,103,1,1,0,0.001075,0,1,0,0,0
A3-75_20_2500-4,93,93,3.2e-05,OPT,0,0,0,AI,0,98,1,1,0,0.000884999,0,1,0,0,0
A3-75_20_2500-5,115,115.079,0.070575,OPT,57,0,0,AI,0,105,0.721739,1.30435,0.057958,0.010501,0,1,0,11,3
A3-75_20_2500-6,109,109,2.7e-05,OPT,0,0,0,AI,0,91,1,1,0,0.000709001,0,1,0,0,0
A3-75_20_2500-7,87,87.007,0.928778,OPT,742,0,0,AI,0,99,0.597701,1.44828,0.432575,0.400301,0,2,0,340,100
A3-75_20_2500-8,102,102.045,0.23995,OPT,54,0,0,AI,0,96,0.666667,1.34314,0.186508,0.05119,0,1,0,10,4
A3-75_20_2500-9,97,97,2.7e-05,OPT,0,0,0,AI,0,114,1,1,0,0.000776,0,1,0,0,0
A3-75_20_5000-1,188,188.051,0.146582,OPT,163,0,0,AI,0,59,0.856383,1.15957,0.037953,0.098091,0,2,0,16,5
A3-75_20_5000-10,175,175.017,0.215674,OPT,279,0,0,AI,0,106,0.822857,1.19429,0.077738,0.112162,0,2,0,72,22
A3-75_20_5000-2,214,214.038,0.150952,OPT,212,0,0,AI,0,70,0.864486,1.15888,0.043741,0.091308,0,2,0,26,11
A3-75_20_5000-3,169,169.096,0.051487,OPT,150,0,0,AI,0,68,0.828402,1.18935,0.022325,0.02348,0,2,0,12,4
A3-75_20_5000-4,220,220.014,0.165253,OPT,303,0,0,AI,0,80,0.872727,1.14091,0.053342,0.089945,0,2,0,66,21
A3-75_20_5000-5,197,197.004,0.093036,OPT,176,0,0,AI,0,95,0.86802,1.16751,0.025836,0.052739,0,2,0,27,8
A3-75_20_5000-6,190,190.14,0.074675,OPT,65,0,0,AI,0,88,0.836842,1.17368,0.065082,0.007949,0,1,0,6,2
A3-75_20_5000-7,192,192.002,0.131309,OPT,249,0,0,AI,0,87,0.859375,1.20312,0.042231,0.070345,0,2,0,55,15
A3-75_20_5000-8,187,187.142,0.07264,OPT,74,0,0,AI,0,87,0.850267,1.14439,0.061136,0.009602,0,1,0,7,2
A3-75_20_5000-9,202,202.118,0.033163,OPT,90,0,0,AI,0,100,0.876238,1.12871,0.020014,0.00986,0,1,0,7,3
A3-75_20_7500-1,296,296.243,0.186762,OPT,160,0,0,AI,0,54,0.915541,1.09122,0.10848,0.063795,0,1,0,27,12
A3-75_20_7500-10,276,276.974,0.156686,OPT,255,0,0,AI,0,44,0.934783,1.09058,0.107974,0.036647,0,1,0,29,15
A3-75_20_7500-2,281,281.013,0.100599,OPT,233,0,0,AI,0,95,0.900356,1.09253,0.038336,0.04295,0,2,0,33,10
A3-75_20_7500-3,259,259.443,0.133234,OPT,185,0,0,AI,0,50,0.92278,1.09266,0.067381,0.055841,0,1,0,25,13
A3-75_20_7500-4,274,274.913,0.146537,OPT,232,0,0,AI,0,72,0.916058,1.11314,0.10396,0.030886,0,1,0,33,16
A3-75_20_7500-5,304,304.667,0.143803,OPT,177,0,0,AI,0,50,0.9375,1.07237,0.113247,0.01936,0,1,0,23,14
A3-75_20_7500-6,233,233.972,0.22036,OPT,339,0,0,AI,0,65,0.901288,1.12017,0.159241,0.041198,0,1,0,46,20
A3-75_20_7500-7,270,270.756,0.159366,OPT,284,0,0,AI,0,74,0.925926,1.07407,0.104302,0.041795,0,1,0,33,16
A3-75_20_7500-8,281,281.433,0.174277,OPT,272,0,0,AI,0,63,0.914591,1.08897,0.106111,0.053164,0,1,0,26,14
A3-75_20_7500-9,335,335.338,0.202943,OPT,237,0,0,AI,0,54,0.943284,1.06567,0.12177,0.065138,0,1,0,27,13
A3-75_20_9999-1,348,348.125,0.102161,OPT,184,0,0,AI,0,51,0.968391,1.03448,0.085613,0.008707,0,1,0,16,10
A3-75_20_9999-10,368,368.168,0.088579,OPT,114,0,0,AI,0,41,0.953804,1.04348,0.068864,0.011431,0,1,0,20,11
A3-75_20_9999-2,342,342,0.126341,OPT,164,0,0,AI,0,55,0.97076,1.02924,0.098508,0.014808,0,2,0,24,14
A3-75_20_9999-3,373,373,0.0734,OPT,104,0,0,AI,0,48,1,1,0.063181,0.00592,0,1,0,10,7
A3-75_20_9999-4,404,404.056,0.096309,OPT,140,0,0,AI,0,61,0.95297,1.05198,0.080509,0.00806,0,2,0,13,9
A3-75_20_9999-5,323,323.884,0.125063,OPT,158,0,0,AI,0,66,0.950464,1.04954,0.104981,0.011998,0,1,0,27,15
A3-75_20_9999-6,354,354.719,0.143529,OPT,190,0,0,AI,0,62,0.966102,1.03672,0.106653,0.027524,0,1,0,20,13
A3-75_20_9999-7,332,332.375,0.115984,OPT,182,0,0,AI,0,64,0.963855,1.03614,0.101106,0.00757,0,1,0,17,13
A3-75_20_9999-8,351,351.125,0.190975,OPT,217,0,0,AI,0,78,0.954416,1.04843,0.122891,0.055331,0,1,0,25,14
A3-75_20_9999-9,400,400.75,0.099423,OPT,119,0,0,AI,0,69,0.9775,1.025,0.080558,0.010421,0,1,0,17,10
