600_20000_DI_0.txt,198,198,16.3436,OPT,5888,0,3,AI,0,95,0.328283,2.16667,3.25931,12.0756,0,2,5,216,62
600_20000_DI_1.txt,198,198,12.5355,OPT,4810,0,5,AI,0,96,0.313131,2.10606,2.43135,9.49144,0,2,5,176,45
600_20000_DI_10.txt,198,198,16.8925,OPT,6834,0,0,AI,0,96,0.282828,2.27273,3.22081,12.4894,0,2,0,193,49
600_20000_DI_11.txt,198,198,12.334,OPT,5993,0,0,AI,0,96,1,1,2.64336,8.74651,0,1,0,183,47
600_20000_DI_12.txt,198,198,34.489,OPT,5982,0,30,AI,0,93,0.19697,2.39394,3.09501,29.6442,0,2,30,329,114
600_20000_DI_13.txt,198,198,27.7184,OPT,5719,0,30,AI,0,96,0.328283,2.11111,2.80891,23.4888,0,2,34,325,114
600_20000_DI_14.txt,198,198,11.4137,OPT,5413,0,0,AI,0,96,0.742424,1.42929,2.16041,8.58536,0,2,0,159,40
600_20000_DI_15.txt,198,198,32.8823,OPT,5914,0,28,AI,0,95,0.550505,1.74242,3.70399,27.7515,0,2,37,280,105
600_20000_DI_16.txt,198,198,16.8532,OPT,6389,0,1,AI,0,97,0.262626,2.28283,3.22656,12.5546,0,2,1,205,54
600_20000_DI_17.txt,198,198,19.6933,OPT,6318,0,10,AI,0,101,0.60101,1.66667,2.83287,15.7778,0,2,11,254,74
600_20000_DI_18.txt,198,198,13.7724,OPT,5963,0,0,AI,0,100,0.318182,2.12626,2.62684,10.3592,0,2,0,213,56
600_20000_DI_19.txt,198,198,13.2637,OPT,5670,0,0,AI,0,92,0.924242,1.10101,2.8106,9.43173,0,2,0,200,48
600_20000_DI_2.txt,198,198,27.3951,OPT,5886,0,17,AI,0,92,0.474747,1.83333,3.20703,22.8767,0,2,31,298,102
600_20000_DI_20.txt,198,198,11.4839,OPT,5658,0,0,AI,0,94,1,1,3.00137,7.73449,0,1,0,160,40
600_20000_DI_21.txt,198,198,13.9196,OPT,6084,0,0,AI,0,95,0.530303,1.79293,2.42281,10.7111,0,2,0,179,47
600_20000_DI_22.txt,198,198,754.131,OPT,9328,0,420,AI,0,100,0.252525,2.23737,26.9654,702.204,0,2,552,1954,1264
600_20000_DI_23.txt,197,198,3600.9,TLE,13491,0,1380,?,0,96,0.328283,2.15152,94.6187,3366.96,0,-1,1995,5120,3788
600_20000_DI_24.txt,198,198,38.2959,OPT,6834,0,40,AI,0,95,0.262626,2.23232,3.05917,33.1765,0,2,41,420,156
600_20000_DI_25.txt,198,198,13.6703,OPT,5856,0,0,AI,0,96,1,1,3.05339,9.65193,0,1,0,171,42
600_20000_DI_26.txt,198,198,16.0867,OPT,6217,0,0,AI,0,98,1,1,3.44793,11.4851,0,1,0,201,46
600_20000_DI_27.txt,198,198,17.0819,OPT,6709,0,0,AI,0,99,0.747475,1.40909,4.2414,11.7659,0,2,0,205,54
600_20000_DI_28.txt,198,198,1986.19,OPT,11918,0,800,AI,0,99,0.393939,2.0303,67.4239,1843.93,0,2,1200,3781,2561
600_20000_DI_29.txt,198,198,13.6642,OPT,5743,0,0,AI,0,98,0.959596,1.05556,3.43014,9.22336,0,2,0,186,48
600_20000_DI_3.txt,198,198,108.091,OPT,7871,0,90,AI,0,96,0.328283,2.15152,7.52587,95.1357,0,2,107,700,292
600_20000_DI_30.txt,198,198,12.0121,OPT,5452,0,0,AI,0,97,1,1,2.83227,8.36444,0,1,0,158,41
600_20000_DI_31.txt,198,198,13.1698,OPT,5993,0,0,AI,0,98,0.939394,1.08081,3.23336,8.87134,0,2,0,185,48
600_20000_DI_32.txt,198,198,11.8886,OPT,6002,0,0,AI,0,101,0.60101,1.64646,2.76287,8.37054,0,2,0,164,41
600_20000_DI_33.txt,198,198,14.1052,OPT,5851,0,0,AI,0,93,0.252525,2.28283,2.98393,10.0999,0,2,0,176,43
600_20000_DI_34.txt,197,198,3600.04,TLE,12547,0,1909,?,0,96,0.292929,2.16667,104.703,3305.2,0,-1,2759,6089,4696
600_20000_DI_35.txt,198,198,12.8171,OPT,6926,0,0,AI,0,98,1,1,2.40154,9.54171,0,1,0,181,43
600_20000_DI_36.txt,198,198,831.155,OPT,9038,0,480,AI,0,90,0.19697,2.37879,33.6934,766.406,0,2,735,2206,1477
600_20000_DI_37.txt,198,198,11.979,OPT,6336,0,0,AI,0,98,0.262626,2.29293,2.22911,9.05697,0,2,0,189,45
600_20000_DI_38.txt,198,198,27.8402,OPT,5374,0,30,AI,0,95,0.323232,2.12626,2.90422,23.4839,0,2,43,323,130
600_20000_DI_39.txt,198,198,11.8622,OPT,6089,0,0,AI,0,97,0.565657,1.70202,2.2979,8.81472,0,2,0,195,44
600_20000_DI_4.txt,198,198,11.1598,OPT,6020,0,0,AI,0,98,1,1,2.54339,7.87199,0,1,0,175,43
600_20000_DI_40.txt,198,198,13.1882,OPT,6277,0,0,AI,0,95,0.79798,1.38384,2.54424,9.83225,0,2,0,193,51
600_20000_DI_41.txt,198,198,9.54814,OPT,5173,0,0,AI,0,95,1,1,2.41791,6.59019,0,1,0,144,33
600_20000_DI_42.txt,198,198,13.789,OPT,6272,0,0,AI,0,97,0.909091,1.16162,2.78458,10.0906,0,2,0,194,48
600_20000_DI_43.txt,198,198,72.7311,OPT,6649,0,70,AI,0,94,0.489899,1.84343,5.88504,63.4434,0,2,102,573,269
600_20000_DI_44.txt,198,198,13.2239,OPT,6001,0,0,AI,0,94,1,1,3.05122,9.28893,0,1,0,193,50
600_20000_DI_45.txt,198,198,13.7905,OPT,6286,0,0,AI,0,101,0.272727,2.25758,3.22317,9.52567,0,2,0,195,50
600_20000_DI_46.txt,198,198,11.74,OPT,6107,0,0,AI,0,97,1,1,2.76622,8.04242,0,1,0,164,43
600_20000_DI_47.txt,198,198,11.6008,OPT,5671,0,0,AI,0,95,0.671717,1.56566,2.59286,8.32096,0,2,0,178,43
600_20000_DI_48.txt,198,198,187.335,OPT,7522,0,140,AI,0,96,0.308081,2.11616,11.858,166.376,0,2,209,1044,514
600_20000_DI_49.txt,198,198,134.871,OPT,8308,0,110,AI,0,96,0.247475,2.28283,7.44989,120.985,0,2,120,859,376
600_20000_DI_5.txt,198,198,12.7032,OPT,5880,0,0,AI,0,93,0.232323,2.34343,2.56037,9.26222,0,2,0,163,41
600_20000_DI_6.txt,198,198,14.205,OPT,6437,0,0,AI,0,99,0.222222,2.28788,2.76058,10.3379,0,2,0,185,49
600_20000_DI_7.txt,198,198,12.702,OPT,5843,0,0,AI,0,98,0.636364,1.59596,2.68992,9.07707,0,2,0,206,55
600_20000_DI_8.txt,198,198,12.0837,OPT,5315,0,0,AI,0,94,0.237374,2.24242,3.10135,8.04823,0,2,0,188,47
600_20000_DI_9.txt,198,198,21.4827,OPT,5662,0,10,AI,0,97,0.227273,2.31313,2.84068,17.5511,0,2,10,231,65
