csAA250_1.txt,1058,1058.27,20.7401,OPT,1166,0,0,AI,0,14,0.938563,1.06522,20.227,0.395262,0,2,0,57,22
csAA250_10.txt,1036,1036.67,14.6027,OPT,1217,0,0,AI,0,14,0.931467,1.07432,14.2003,0.319764,0,1,0,49,16
csAA250_11.txt,1018,1018.25,17.8777,OPT,961,0,0,AI,0,14,0.937132,1.06582,17.3782,0.410506,0,2,0,43,17
csAA250_12.txt,1059,1059.25,15.1338,OPT,1267,0,0,AI,0,14,0.930123,1.06893,14.7052,0.35629,0,1,0,49,16
csAA250_13.txt,1087,1087.99,15.9162,OPT,1002,0,0,AI,0,14,0.952162,1.0552,15.6021,0.247981,0,1,0,50,16
csAA250_14.txt,957,957.267,17.7527,OPT,1101,0,0,AI,0,14,0.932079,1.06792,17.3122,0.356324,0,1,0,49,18
csAA250_15.txt,1057,1057.38,16.9604,OPT,991,0,0,AI,0,14,0.944182,1.05298,16.6243,0.242442,0,2,0,48,17
csAA250_16.txt,1067,1067.81,16.0882,OPT,1357,0,0,AI,0,14,0.933458,1.06654,15.7414,0.249989,0,1,0,52,18
csAA250_17.txt,1044,1044.75,16.8525,OPT,1504,0,0,AI,0,14,0.944444,1.06897,16.3612,0.378292,0,1,0,57,19
csAA250_18.txt,1054,1054.5,15.6556,OPT,1311,0,0,AI,0,14,0.929791,1.07495,15.3088,0.252569,0,1,0,52,17
csAA250_19.txt,1040,1040.62,18.7819,OPT,1289,0,0,AI,0,14,0.934615,1.06731,18.3223,0.366953,0,1,0,55,19
csAA250_2.txt,1164,1164.24,14.8365,OPT,893,0,0,AI,0,14,0.951031,1.05326,14.5104,0.259851,0,1,0,41,15
csAA250_20.txt,1090,1090.7,19.0924,OPT,1153,0,0,AI,0,14,0.944037,1.05688,18.7318,0.281969,0,1,0,52,19
csAA250_3.txt,992,992.962,19.5389,OPT,1125,0,0,AI,0,14,0.945565,1.05544,19.1314,0.325208,0,1,0,51,19
csAA250_4.txt,1108,1108,15.4515,OPT,1404,0,0,AI,0,14,0.951264,1.05776,14.9886,0.381984,0,1,0,50,17
csAA250_5.txt,1031,1031.17,18.8902,OPT,1136,0,0,AI,0,14,0.941804,1.06305,18.3382,0.438691,0,2,0,53,18
csAA250_6.txt,1045,1045.85,20.0587,OPT,1005,0,0,AI,0,14,0.946411,1.05837,19.7594,0.236834,0,1,0,46,19
csAA250_7.txt,1026,1026.72,18.0419,OPT,1275,0,0,AI,0,14,0.940546,1.06628,17.6541,0.309614,0,1,0,53,18
csAA250_8.txt,1107,1107.63,16.3115,OPT,1483,0,0,AI,0,14,0.936766,1.06143,15.8755,0.343207,0,1,0,52,19
csAA250_9.txt,991,991.289,18.7611,OPT,1024,0,0,AI,0,14,0.941473,1.0666,18.248,0.408876,0,2,0,50,16
csAB250_1.txt,892,892.279,5.49444,OPT,935,0,0,AI,0,88,0.897982,1.11099,4.95841,0.491049,0,2,0,43,14
csAB250_10.txt,945,945.075,9.32817,OPT,917,0,0,AI,0,112,0.913228,1.09312,8.72507,0.540548,0,2,0,66,19
csAB250_11.txt,885,885.089,6.2902,OPT,1028,0,0,AI,0,113,0.910734,1.09605,5.6379,0.570546,0,2,0,59,19
csAB250_12.txt,872,872.994,15.7964,OPT,1031,0,0,AI,0,108,0.899083,1.10894,15.3847,0.351718,0,1,0,51,18
csAB250_13.txt,885,885.186,4.70989,OPT,813,0,0,AI,0,89,0.907345,1.10621,4.1165,0.519858,0,2,0,19,5
csAB250_14.txt,916,916.005,7.41479,OPT,1147,0,0,AI,0,93,0.906114,1.09607,6.3515,0.942841,0,2,0,40,9
csAB250_15.txt,889,889.115,5.19158,OPT,866,0,0,AI,0,97,0.901012,1.10686,4.63546,0.481141,0,2,0,33,10
csAB250_16.txt,898,898.022,5.55026,OPT,887,0,0,AI,0,97,0.905345,1.09911,4.83629,0.608937,0,2,0,43,11
csAB250_17.txt,973,973.024,6.756,OPT,938,0,0,AI,0,90,0.91778,1.08633,5.91781,0.730079,0,2,0,51,13
csAB250_18.txt,834,834.009,9.7718,OPT,1188,0,0,AI,0,92,0.901679,1.10432,8.9448,0.734014,0,2,0,59,17
csAB250_19.txt,935,935.057,7.29621,OPT,1148,0,0,AI,0,93,0.904813,1.09305,6.42877,0.763727,0,2,0,40,11
csAB250_2.txt,892,892.15,5.70425,OPT,998,0,0,AI,0,138,0.902466,1.1009,5.13815,0.482631,0,2,0,25,7
csAB250_20.txt,963,963.056,5.11433,OPT,736,0,0,AI,0,93,0.913811,1.0893,4.51546,0.523072,0,2,0,38,12
csAB250_3.txt,929,929.346,4.20695,OPT,657,0,0,AI,0,88,0.905274,1.10011,3.79806,0.35358,0,2,0,28,6
csAB250_4.txt,931,931.174,6.32461,OPT,964,0,0,AI,0,111,0.9087,1.09989,5.77328,0.457519,0,2,0,58,19
csAB250_5.txt,913,913.105,7.48814,OPT,1096,0,0,AI,0,121,0.911281,1.09419,6.61007,0.770595,0,2,0,50,16
csAB250_6.txt,862,862.103,6.18747,OPT,994,0,0,AI,0,78,0.903712,1.10209,5.4837,0.612088,0,2,0,41,11
csAB250_7.txt,867,867.046,7.13043,OPT,1220,0,0,AI,0,110,0.907728,1.09689,6.39324,0.627191,0,2,0,41,11
csAB250_8.txt,870,870.074,3.92181,OPT,573,0,0,AI,0,85,0.897701,1.10805,3.55592,0.320624,0,2,0,16,5
csAB250_9.txt,927,927.003,8.28106,OPT,1287,0,0,AI,0,107,0.903991,1.10032,6.92085,1.20439,0,2,0,60,15
csBA250_1.txt,1037,1037.96,51.056,OPT,1316,0,0,AI,0,14,0.935391,1.0675,50.6499,0.334507,0,1,0,48,16
csBA250_10.txt,1061,1061.42,54.2226,OPT,1622,0,0,AI,0,14,0.929312,1.07257,53.6207,0.48513,0,1,0,56,18
csBA250_11.txt,1088,1088.5,65.9455,OPT,974,0,0,AI,0,14,0.946691,1.06066,65.5902,0.28624,0,1,0,43,17
csBA250_12.txt,1053,1053.12,62.7683,OPT,1635,0,0,AI,0,14,0.927825,1.07787,62.1679,0.448309,0,2,0,58,20
csBA250_13.txt,1056,1056.5,53.0001,OPT,1014,0,0,AI,0,14,0.945076,1.05587,52.6982,0.239198,0,1,0,46,16
csBA250_14.txt,1000,1000.96,60.4439,OPT,1403,0,0,AI,0,14,0.944,1.059,59.9873,0.36537,0,1,0,56,19
csBA250_15.txt,1069,1069.3,64.1041,OPT,1280,0,0,AI,0,14,0.940131,1.06548,63.5612,0.426839,0,2,0,54,17
csBA250_16.txt,1050,1050.38,70.7912,OPT,1164,0,0,AI,0,14,0.944762,1.0619,70.406,0.295995,0,1,0,50,20
csBA250_17.txt,1069,1069.6,53.1637,OPT,982,0,0,AI,0,14,0.942002,1.06268,52.7446,0.347421,0,1,0,44,16
csBA250_18.txt,1008,1008.1,62.5577,OPT,1057,0,0,AI,0,14,0.938492,1.07341,62.0266,0.420322,0,2,0,63,23
csBA250_19.txt,1054,1054.44,51.8153,OPT,1149,0,0,AI,0,14,0.94592,1.05598,51.4742,0.271305,0,1,0,48,16
csBA250_2.txt,1084,1084.07,65.3746,OPT,1040,0,0,AI,0,14,0.948339,1.0572,64.7295,0.526944,0,2,0,64,24
csBA250_20.txt,1090,1090.95,63.8607,OPT,1392,0,0,AI,0,14,0.953211,1.05138,63.4558,0.307301,0,1,0,58,20
csBA250_3.txt,1073,1073.67,66.7236,OPT,1308,0,0,AI,0,14,0.941286,1.05592,66.2823,0.344784,0,1,0,55,21
csBA250_4.txt,1053,1053.18,71.591,OPT,1445,0,0,AI,0,14,0.938272,1.06458,70.9659,0.474501,0,2,0,67,21
csBA250_5.txt,1096,1096.69,53.3231,OPT,1271,0,0,AI,0,14,0.937956,1.06843,52.9066,0.303307,0,1,0,58,17
csBA250_6.txt,1051,1051.42,55.1873,OPT,1293,0,0,AI,0,13,0.940057,1.06185,54.7276,0.384743,0,1,0,52,18
csBA250_7.txt,1044,1044.48,65.9568,OPT,1155,0,0,AI,0,14,0.948276,1.05939,65.5556,0.334693,0,1,0,50,19
csBA250_8.txt,1075,1075.93,48.582,OPT,1044,0,0,AI,0,14,0.942326,1.05767,48.2767,0.265141,0,1,0,41,15
csBA250_9.txt,1131,1131.98,56.5436,OPT,1106,0,0,AI,0,14,0.943413,1.05924,56.1923,0.290824,0,1,0,44,17
csBB250_1.txt,912,912.291,11.8237,OPT,670,0,0,AI,0,88,0.898026,1.11075,11.2903,0.489586,0,2,0,19,4
csBB250_10.txt,902,902.077,22.2821,OPT,1283,0,0,AI,0,97,0.903548,1.09756,21.0932,1.05248,0,2,0,45,12
csBB250_11.txt,901,901.077,17.8161,OPT,870,0,0,AI,0,115,0.899001,1.10655,17.1553,0.57539,0,2,0,51,19
csBB250_12.txt,911,911.117,13.997,OPT,726,0,0,AI,0,79,0.91438,1.09989,13.3971,0.531595,0,2,0,19,5
csBB250_13.txt,831,831.17,18.3833,OPT,1043,0,0,AI,0,119,0.89651,1.1071,17.8288,0.483693,0,2,0,34,9
csBB250_14.txt,888,888.079,22.8036,OPT,951,0,0,AI,0,121,0.907658,1.0991,22.0907,0.61997,0,2,0,53,14
csBB250_15.txt,947,947.797,52.7648,OPT,1199,0,0,AI,0,107,0.911299,1.09293,52.3499,0.350888,0,1,0,46,15
csBB250_16.txt,865,865.055,20.5787,OPT,1013,0,0,AI,0,97,0.901734,1.0948,19.7109,0.771203,0,2,0,39,12
csBB250_17.txt,875,875.094,17.7113,OPT,1024,0,0,AI,0,96,0.901714,1.10171,16.715,0.891053,0,2,0,40,10
csBB250_18.txt,869,869.088,19.3835,OPT,830,0,0,AI,0,105,0.905639,1.10242,18.8521,0.456727,0,2,0,40,10
csBB250_19.txt,940,940.174,16.2427,OPT,964,0,0,AI,0,75,0.908511,1.09894,15.6347,0.52933,0,2,0,23,6
csBB250_2.txt,914,914.029,16.6058,OPT,775,0,0,AI,0,84,0.910284,1.09847,15.9804,0.532979,0,2,0,56,15
csBB250_20.txt,883,883.001,28.973,OPT,1127,0,10,AI,0,91,0.902605,1.10079,26.2434,2.42535,0,2,10,83,31
csBB250_3.txt,933,933.151,15.5316,OPT,757,0,0,AI,0,93,0.907824,1.08146,14.8565,0.589858,0,2,0,27,8
csBB250_4.txt,931,931.007,17.3039,OPT,905,0,0,AI,0,119,0.904404,1.0913,16.5074,0.690978,0,2,0,42,12
csBB250_5.txt,828,828.115,18.676,OPT,923,0,0,AI,0,70,0.899758,1.10507,18.0257,0.563478,0,2,0,69,22
csBB250_6.txt,912,912.094,17.8134,OPT,877,0,0,AI,0,104,0.904605,1.10088,17.076,0.638741,0,2,0,39,10
csBB250_7.txt,865,865.167,15.6976,OPT,752,0,0,AI,0,85,0.894798,1.10405,14.9165,0.701443,0,2,0,29,9
csBB250_8.txt,876,876.114,16.1978,OPT,869,0,0,AI,0,110,0.890411,1.11301,15.2643,0.837449,0,2,0,42,14
csBB250_9.txt,904,904.058,25.2452,OPT,799,0,0,AI,0,131,0.897124,1.10619,24.6494,0.52534,0,2,0,51,13
